#
# There is insufficient memory for the Java Runtime Environment to continue.
# Native memory allocation (malloc) failed to allocate 167776 bytes for Chunk::new
# Possible reasons:
#   The system is out of physical RAM or swap space
#   The process is running with CompressedOops enabled, and the Java Heap may be blocking the growth of the native heap
# Possible solutions:
#   Reduce memory load on the system
#   Increase physical memory or swap space
#   Check if swap backing store is full
#   Decrease Java heap size (-Xmx/-Xms)
#   Decrease number of Java threads
#   Decrease Java thread stack sizes (-Xss)
#   Set larger code cache with -XX:ReservedCodeCacheSize=
#   JVM is running with Unscaled Compressed Oops mode in which the Java heap is
#     placed in the first 4GB address space. The Java Heap base address is the
#     maximum limit for the native heap growth. Please use -XX:HeapBaseMinAddress
#     to set the Java Heap base and to place the Java Heap above 4GB virtual address.
# This output file may be truncated or incomplete.
#
#  Out of Memory Error (arena.cpp:184), pid=17752, tid=23216
#
# JRE version: OpenJDK Runtime Environment Zulu19.32+15-CA (19.0.2+7) (build 19.0.2+7)
# Java VM: OpenJDK 64-Bit Server VM Zulu19.32+15-CA (19.0.2+7, mixed mode, sharing, tiered, compressed oops, compressed class ptrs, g1 gc, windows-amd64)
# No core dump will be written. Minidumps are not enabled by default on client versions of Windows
#

---------------  S U M M A R Y ------------

Command Line: -Dapplication.home=C:\Program Files\Zulu\zulu-19 --add-modules=ALL-DEFAULT -Xms8m -Djdk.module.main=jdk.compiler jdk.compiler/com.sun.tools.javac.Main -d C:\Users\ulise\Desktop\TEC\Algoritmos y estructura de datos I\BuscaMinas\ventana busca minas\build\classes -classpath C:\Users\ulise\Desktop\TEC\Algoritmos y estructura de datos I\BuscaMinas\ventana busca minas\build\classes;C:\Users\ulise\Desktop\TEC\Algoritmos y estructura de datos I\BuscaMinas\ventana busca minas\lib\rxtx-2.1-7r2;C:\Users\ulise\Downloads\RXTXcomm.jar;C:\Users\ulise\Downloads\jSerialComm-2.9.3.zip;C:\Users\ulise\Downloads\jSerialComm-2.9.3.jar -sourcepath C:\Users\ulise\Desktop\TEC\Algoritmos y estructura de datos I\BuscaMinas\ventana busca minas\src -target 19 -encoding UTF-8 -g -processorpath C:\Users\ulise\Desktop\TEC\Algoritmos y estructura de datos I\BuscaMinas\ventana busca minas\lib\rxtx-2.1-7r2;C:\Users\ulise\Downloads\RXTXcomm.jar;C:\Users\ulise\Downloads\jSerialComm-2.9.3.zip;C:\Users\ulise\Downloads\jSerialComm-2.9.3.jar;C:\Users\ulise\Desktop\TEC\Algoritmos y estructura de datos I\BuscaMinas\jar_files\firmata4j-2.3.5.jar;C:\Users\ulise\Desktop\TEC\Algoritmos y estructura de datos I\BuscaMinas\jar_files\jssc-2.8.0.jar;C:\Users\ulise\Desktop\TEC\Algoritmos y estructura de datos I\BuscaMinas\jar_files\jssc-2.9.4.jar;C:\Users\ulise\Desktop\TEC\Algoritmos y estructura de datos I\BuscaMinas\jar_files\slf4j-api-1.7.25.jar;C:\Users\ulise\Desktop\TEC\Algoritmos y estructura de datos I\BuscaMinas\jar_files\slf4j-api-1.7.3.jar;C:\Users\ulise\Desktop\TEC\Algoritmos y estructura de datos I\BuscaMinas\jar_files\slf4j-simple-1.6.1.jar;C:\Users\ulise\Desktop\TEC\Algoritmos y estructura de datos I\BuscaMinas\ventana busca minas\build\empty -s C:\Users\ulise\Desktop\TEC\Algoritmos y estructura de datos I\BuscaMinas\ventana busca minas\build\generated-sources\ap-source-output -source 19 C:\Users\ulise\Desktop\TEC\Algoritmos y estructura de datos I\BuscaMinas\ventana busca minas\src\GameMenuDemo.java

Host: Intel(R) Core(TM) i7-10750H CPU @ 2.60GHz, 12 cores, 7G,  Windows 11 , 64 bit Build 22621 (10.0.22621.1485)
Time: Sun Apr  9 16:47:16 2023 Hora estándar, América Central elapsed time: 0.440422 seconds (0d 0h 0m 0s)

---------------  T H R E A D  ---------------

Current thread (0x0000016757ed7d80):  JavaThread "C2 CompilerThread2" daemon [_thread_in_native, id=23216, stack(0x0000005086a00000,0x0000005086b00000)]


Current CompileTask:
C2:    440 1423       4       java.lang.String::replace (42 bytes)

Stack: [0x0000005086a00000,0x0000005086b00000]
Native frames: (J=compiled Java code, j=interpreted, Vv=VM code, C=native code)
V  [jvm.dll+0x6eab2a]
V  [jvm.dll+0x8a4a20]
V  [jvm.dll+0x8a640e]
V  [jvm.dll+0x8a6ac3]
V  [jvm.dll+0x27c1ef]
V  [jvm.dll+0xc245f]
V  [jvm.dll+0xc27d5]
V  [jvm.dll+0x2f30df]
V  [jvm.dll+0x5eb37e]
V  [jvm.dll+0x24ec4e]
V  [jvm.dll+0x2476ac]
V  [jvm.dll+0x244b65]
V  [jvm.dll+0x1cf9a1]
V  [jvm.dll+0x254799]
V  [jvm.dll+0x2529a8]
V  [jvm.dll+0x854e98]
V  [jvm.dll+0x84ec7a]
V  [jvm.dll+0x6e981b]
C  [ucrtbase.dll+0x29363]
C  [KERNEL32.DLL+0x1269d]
C  [ntdll.dll+0x5a9f8]


---------------  P R O C E S S  ---------------

Threads class SMR info:
_java_thread_list=0x00000167580e7450, length=14, elements={
0x000001673166ecc0, 0x0000016753579cd0, 0x000001675357a8a0, 0x000001675357e820,
0x0000016753581160, 0x00000167535823d0, 0x0000016753585650, 0x000001675358c2a0,
0x000001675358e560, 0x0000016753591680, 0x000001673172d4c0, 0x0000016757945c20,
0x0000016757dba9f0, 0x0000016757ed7d80
}

Java Threads: ( => current thread )
  0x000001673166ecc0 JavaThread "main" [_thread_in_vm, id=2656, stack(0x0000005085000000,0x0000005085100000)]
  0x0000016753579cd0 JavaThread "Reference Handler" daemon [_thread_blocked, id=12784, stack(0x0000005085700000,0x0000005085800000)]
  0x000001675357a8a0 JavaThread "Finalizer" daemon [_thread_blocked, id=21128, stack(0x0000005085800000,0x0000005085900000)]
  0x000001675357e820 JavaThread "Signal Dispatcher" daemon [_thread_blocked, id=10148, stack(0x0000005085900000,0x0000005085a00000)]
  0x0000016753581160 JavaThread "Attach Listener" daemon [_thread_blocked, id=18672, stack(0x0000005085a00000,0x0000005085b00000)]
  0x00000167535823d0 JavaThread "Service Thread" daemon [_thread_blocked, id=12848, stack(0x0000005085b00000,0x0000005085c00000)]
  0x0000016753585650 JavaThread "Monitor Deflation Thread" daemon [_thread_blocked, id=13540, stack(0x0000005085c00000,0x0000005085d00000)]
  0x000001675358c2a0 JavaThread "C2 CompilerThread0" daemon [_thread_in_native, id=9724, stack(0x0000005085d00000,0x0000005085e00000)]
  0x000001675358e560 JavaThread "C1 CompilerThread0" daemon [_thread_blocked, id=7864, stack(0x0000005085e00000,0x0000005085f00000)]
  0x0000016753591680 JavaThread "Sweeper thread" daemon [_thread_blocked, id=13232, stack(0x0000005085f00000,0x0000005086000000)]
  0x000001673172d4c0 JavaThread "Common-Cleaner" daemon [_thread_blocked, id=23304, stack(0x0000005086000000,0x0000005086100000)]
  0x0000016757945c20 JavaThread "Notification Thread" daemon [_thread_blocked, id=2232, stack(0x0000005086100000,0x0000005086200000)]
  0x0000016757dba9f0 JavaThread "C2 CompilerThread1" daemon [_thread_in_native, id=20360, stack(0x0000005086800000,0x0000005086900000)]
=>0x0000016757ed7d80 JavaThread "C2 CompilerThread2" daemon [_thread_in_native, id=23216, stack(0x0000005086a00000,0x0000005086b00000)]

Other Threads:
  0x000001675355f390 VMThread "VM Thread" [stack: 0x0000005085600000,0x0000005085700000] [id=9952]
  0x0000016757946570 WatcherThread "VM Periodic Task Thread" [stack: 0x0000005086200000,0x0000005086300000] [id=11744]
  0x00000167316cf3a0 WorkerThread "GC Thread#0" [stack: 0x0000005085100000,0x0000005085200000] [id=3964]
  0x000001675355da40 WorkerThread "GC Thread#1" [stack: 0x0000005086300000,0x0000005086400000] [id=18036]
  0x000001675355f0c0 WorkerThread "GC Thread#2" [stack: 0x0000005086400000,0x0000005086500000] [id=9396]
  0x000001675355d770 WorkerThread "GC Thread#3" [stack: 0x0000005086500000,0x0000005086600000] [id=15036]
  0x000001675355dd10 WorkerThread "GC Thread#4" [stack: 0x0000005086600000,0x0000005086700000] [id=22088]
  0x000001675355e850 WorkerThread "GC Thread#5" [stack: 0x0000005086700000,0x0000005086800000] [id=4172]
  0x000001675355dfe0 WorkerThread "GC Thread#6" [stack: 0x0000005086900000,0x0000005086a00000] [id=23000]
  0x00000167316e0250 ConcurrentGCThread "G1 Main Marker" [stack: 0x0000005085200000,0x0000005085300000] [id=9212]
  0x00000167316e1330 WorkerThread "G1 Conc#0" [stack: 0x0000005085300000,0x0000005085400000] [id=18968]
  0x00000167317174c0 ConcurrentGCThread "G1 Refine#0" [stack: 0x0000005085400000,0x0000005085500000] [id=17476]
  0x0000016731718dc0 ConcurrentGCThread "G1 Service" [stack: 0x0000005085500000,0x0000005085600000] [id=16356]

Threads with active compile tasks:
C2 CompilerThread0      455 1334       4       jdk.internal.jimage.ImageLocation::getFullName (109 bytes)
C1 CompilerThread0      455 1472       3       com.sun.tools.javac.code.Scope$ScopeListenerList::walkReferences (101 bytes)
C2 CompilerThread1      455 1451       4       com.sun.tools.javac.util.SharedNameTable::fromUtf (174 bytes)
C2 CompilerThread2      455 1423       4       java.lang.String::replace (42 bytes)

VM state: not at safepoint (normal execution)

VM Mutex/Monitor currently owned by a thread: None

Heap address: 0x0000000081600000, size: 2026 MB, Compressed Oops mode: 32-bit

CDS archive(s) mapped at: [0x0000000800000000-0x0000000800c40000-0x0000000800c40000), size 12845056, SharedBaseAddress: 0x0000000800000000, ArchiveRelocationMode: 0.
Compressed class space mapped at: 0x0000000801000000-0x0000000841000000, reserved size: 1073741824
Narrow klass base: 0x0000000800000000, Narrow klass shift: 0, Narrow klass range: 0x100000000

GC Precious Log:
 CardTable entry size: 512
 Card Set container configuration: InlinePtr #cards 5 size 8 Array Of Cards #cards 12 size 40 Howl #buckets 4 coarsen threshold 1843 Howl Bitmap #cards 512 size 80 coarsen threshold 460 Card regions per heap region 1 cards per card region 2048
 CPUs: 12 total, 12 available
 Memory: 8099M
 Large Page Support: Disabled
 NUMA Support: Disabled
 Compressed Oops: Enabled (32-bit)
 Heap Region Size: 1M
 Heap Min Capacity: 8M
 Heap Initial Capacity: 8M
 Heap Max Capacity: 2026M
 Pre-touch: Disabled
 Parallel Workers: 10
 Concurrent Workers: 3
 Concurrent Refinement Workers: 10
 Periodic GC: Disabled

Heap:
 garbage-first heap   total 20480K, used 7168K [0x0000000081600000, 0x0000000100000000)
  region size 1024K, 2 young (2048K), 1 survivors (1024K)
 Metaspace       used 9215K, committed 9408K, reserved 1114112K
  class space    used 1027K, committed 1088K, reserved 1048576K

Heap Regions: E=young(eden), S=young(survivor), O=old, HS=humongous(starts), HC=humongous(continues), CS=collection set, F=free, OA=open archive, CA=closed archive, TAMS=top-at-mark-start (previous, next)
|   0|0x0000000081600000, 0x0000000081700000, 0x0000000081700000|100%| O|  |TAMS 0x0000000081600000, 0x0000000081600000| Untracked 
|   1|0x0000000081700000, 0x0000000081800000, 0x0000000081800000|100%| O|  |TAMS 0x0000000081700000, 0x0000000081700000| Untracked 
|   2|0x0000000081800000, 0x0000000081900000, 0x0000000081900000|100%| O|  |TAMS 0x0000000081800000, 0x0000000081800000| Untracked 
|   3|0x0000000081900000, 0x0000000081a00000, 0x0000000081a00000|100%| O|  |TAMS 0x0000000081900000, 0x0000000081900000| Untracked 
|   4|0x0000000081a00000, 0x0000000081b00000, 0x0000000081b00000|100%| O|  |TAMS 0x0000000081a00000, 0x0000000081a00000| Untracked 
|   5|0x0000000081b00000, 0x0000000081c00000, 0x0000000081c00000|100%| O|  |TAMS 0x0000000081b00000, 0x0000000081b00000| Untracked 
|   6|0x0000000081c00000, 0x0000000081c00000, 0x0000000081d00000|  0%| F|  |TAMS 0x0000000081c00000, 0x0000000081c00000| Untracked 
|   7|0x0000000081d00000, 0x0000000081d00000, 0x0000000081e00000|  0%| F|  |TAMS 0x0000000081d00000, 0x0000000081d00000| Untracked 
|   8|0x0000000081e00000, 0x0000000081e00000, 0x0000000081f00000|  0%| F|  |TAMS 0x0000000081e00000, 0x0000000081e00000| Untracked 
|   9|0x0000000081f00000, 0x0000000081f00000, 0x0000000082000000|  0%| F|  |TAMS 0x0000000081f00000, 0x0000000081f00000| Untracked 
|  10|0x0000000082000000, 0x0000000082000000, 0x0000000082100000|  0%| F|  |TAMS 0x0000000082000000, 0x0000000082000000| Untracked 
|  11|0x0000000082100000, 0x0000000082200000, 0x0000000082200000|100%| S|CS|TAMS 0x0000000082100000, 0x0000000082100000| Complete 
|  12|0x0000000082200000, 0x0000000082200000, 0x0000000082300000|  0%| F|  |TAMS 0x0000000082200000, 0x0000000082200000| Untracked 
|  13|0x0000000082300000, 0x0000000082300000, 0x0000000082400000|  0%| F|  |TAMS 0x0000000082300000, 0x0000000082300000| Untracked 
|  14|0x0000000082400000, 0x0000000082400000, 0x0000000082500000|  0%| F|  |TAMS 0x0000000082400000, 0x0000000082400000| Untracked 
|  15|0x0000000082500000, 0x0000000082500000, 0x0000000082600000|  0%| F|  |TAMS 0x0000000082500000, 0x0000000082500000| Untracked 
|  16|0x0000000082600000, 0x0000000082600000, 0x0000000082700000|  0%| F|  |TAMS 0x0000000082600000, 0x0000000082600000| Untracked 
|  17|0x0000000082700000, 0x0000000082700000, 0x0000000082800000|  0%| F|  |TAMS 0x0000000082700000, 0x0000000082700000| Untracked 
|  18|0x0000000082800000, 0x0000000082800000, 0x0000000082900000|  0%| F|  |TAMS 0x0000000082800000, 0x0000000082800000| Untracked 
|  19|0x0000000082900000, 0x0000000082a00000, 0x0000000082a00000|100%| E|  |TAMS 0x0000000082900000, 0x0000000082900000| Complete 

Card table byte_map: [0x000001674c190000,0x000001674c590000] _byte_map_base: 0x000001674bd85000

Marking Bits (Prev, Next): (CMBitMap*) 0x00000167316cf8e0, (CMBitMap*) 0x00000167316cf920
 Prev Bits: [0x000001674c990000, 0x000001674e938000)
 Next Bits: [0x000001674e940000, 0x00000167508e8000)

Polling page: 0x0000016731730000

Metaspace:

Usage:
  Non-class:      8.00 MB used.
      Class:      1.00 MB used.
       Both:      9.00 MB used.

Virtual space:
  Non-class space:       64.00 MB reserved,       8.12 MB ( 13%) committed,  1 nodes.
      Class space:        1.00 GB reserved,       1.06 MB ( <1%) committed,  1 nodes.
             Both:        1.06 GB reserved,       9.19 MB ( <1%) committed. 

Chunk freelists:
   Non-Class:  1.92 MB
       Class:  2.89 MB
        Both:  4.81 MB

MaxMetaspaceSize: unlimited
CompressedClassSpaceSize: 1.00 GB
Initial GC threshold: 21.00 MB
Current GC threshold: 21.00 MB
CDS: on
MetaspaceReclaimPolicy: balanced
 - commit_granule_bytes: 65536.
 - commit_granule_words: 8192.
 - virtual_space_node_default_size: 8388608.
 - enlarge_chunks_in_place: 1.
 - new_chunks_are_fully_committed: 0.
 - uncommit_free_chunks: 1.
 - use_allocation_guard: 0.


Internal statistics:

num_allocs_failed_limit: 0.
num_arena_births: 74.
num_arena_deaths: 0.
num_vsnodes_births: 2.
num_vsnodes_deaths: 0.
num_space_committed: 147.
num_space_uncommitted: 0.
num_chunks_returned_to_freelist: 0.
num_chunks_taken_from_freelist: 371.
num_chunk_merges: 0.
num_chunk_splits: 267.
num_chunks_enlarged: 213.
num_inconsistent_stats: 0.

CodeHeap 'non-profiled nmethods': size=120000Kb used=464Kb max_used=464Kb free=119536Kb
 bounds [0x0000016743bd0000, 0x0000016743e40000, 0x000001674b100000]
CodeHeap 'profiled nmethods': size=120000Kb used=2563Kb max_used=2563Kb free=117436Kb
 bounds [0x000001673c100000, 0x000001673c390000, 0x0000016743630000]
CodeHeap 'non-nmethods': size=5760Kb used=1247Kb max_used=1286Kb free=4512Kb
 bounds [0x0000016743630000, 0x00000167438a0000, 0x0000016743bd0000]
 total_blobs=1913 nmethods=1461 adapters=362
 compilation: enabled
              stopped_count=0, restarted_count=0
 full_count=0

Compilation events (20 events):
Event: 0.434 Thread 0x000001675358e560 1436       3       com.sun.tools.javac.comp.Attr::isType (20 bytes)
Event: 0.434 Thread 0x000001675358e560 nmethod 1436 0x000001673c367690 code [0x000001673c367840, 0x000001673c3679d8]
Event: 0.435 Thread 0x000001675358e560 1438       3       com.sun.tools.javac.jvm.ClassReader::readClass (670 bytes)
Event: 0.435 Thread 0x0000016757ed7d80 nmethod 1391 0x0000016743c3f510 code [0x0000016743c3f6c0, 0x0000016743c3fa38]
Event: 0.435 Thread 0x0000016757ed7d80 1422       4       jdk.internal.jrtfs.JrtPath::getFileName (5 bytes)
Event: 0.435 Thread 0x0000016757ed7d80 nmethod 1422 0x0000016743c3fd10 code [0x0000016743c3fea0, 0x0000016743c3ff48]
Event: 0.435 Thread 0x0000016757ed7d80 1423       4       java.lang.String::replace (42 bytes)
Event: 0.437 Thread 0x0000016757dba9f0 nmethod 1366 0x0000016743c40010 code [0x0000016743c40240, 0x0000016743c41570]
Event: 0.437 Thread 0x0000016757dba9f0 1437       4       com.sun.tools.javac.jvm.PoolReader$ImmutablePoolHelper::readIfNeeded (106 bytes)
Event: 0.438 Thread 0x000001675358e560 nmethod 1438 0x000001673c367a90 code [0x000001673c368240, 0x000001673c36d578]
Event: 0.438 Thread 0x000001675358e560 1444       3       java.lang.invoke.AbstractValidatingLambdaMetafactory::isAdaptableTo (126 bytes)
Event: 0.438 Thread 0x000001675358e560 nmethod 1444 0x000001673c36f410 code [0x000001673c36f6c0, 0x000001673c3700d8]
Event: 0.438 Thread 0x000001675358e560 1439       1       com.sun.tools.javac.code.Symbol$ClassSymbol::flatName (5 bytes)
Event: 0.438 Thread 0x000001675358e560 nmethod 1439 0x0000016743c41e10 code [0x0000016743c41fa0, 0x0000016743c42058]
Event: 0.438 Thread 0x000001675358e560 1445       3       jdk.internal.jimage.BasicImageReader::findLocation (57 bytes)
Event: 0.438 Thread 0x000001675358e560 nmethod 1445 0x000001673c370490 code [0x000001673c370700, 0x000001673c3711a8]
Event: 0.438 Thread 0x000001675358e560 1440       1       com.sun.tools.javac.comp.Resolve::lambda$new$2 (2 bytes)
Event: 0.439 Thread 0x000001675358e560 nmethod 1440 0x0000016743c42110 code [0x0000016743c422a0, 0x0000016743c42358]
Event: 0.439 Thread 0x000001675358e560 1443       1       com.sun.tools.javac.code.Type$MethodType::getReturnType (5 bytes)
Event: 0.439 Thread 0x000001675358e560 nmethod 1443 0x0000016743c42410 code [0x0000016743c425a0, 0x0000016743c42658]

GC Heap History (20 events):
Event: 0.129 GC heap before
{Heap before GC invocations=0 (full 0):
 garbage-first heap   total 8192K, used 3072K [0x0000000081600000, 0x0000000100000000)
  region size 1024K, 3 young (3072K), 0 survivors (0K)
 Metaspace       used 2403K, committed 2624K, reserved 1114112K
  class space    used 258K, committed 384K, reserved 1048576K
}
Event: 0.131 GC heap after
{Heap after GC invocations=1 (full 0):
 garbage-first heap   total 8192K, used 1189K [0x0000000081600000, 0x0000000100000000)
  region size 1024K, 1 young (1024K), 1 survivors (1024K)
 Metaspace       used 2403K, committed 2624K, reserved 1114112K
  class space    used 258K, committed 384K, reserved 1048576K
}
Event: 0.173 GC heap before
{Heap before GC invocations=1 (full 0):
 garbage-first heap   total 8192K, used 2213K [0x0000000081600000, 0x0000000100000000)
  region size 1024K, 2 young (2048K), 1 survivors (1024K)
 Metaspace       used 4314K, committed 4480K, reserved 1114112K
  class space    used 510K, committed 640K, reserved 1048576K
}
Event: 0.175 GC heap after
{Heap after GC invocations=2 (full 0):
 garbage-first heap   total 8192K, used 1683K [0x0000000081600000, 0x0000000100000000)
  region size 1024K, 1 young (1024K), 1 survivors (1024K)
 Metaspace       used 4314K, committed 4480K, reserved 1114112K
  class space    used 510K, committed 640K, reserved 1048576K
}
Event: 0.217 GC heap before
{Heap before GC invocations=2 (full 0):
 garbage-first heap   total 8192K, used 2707K [0x0000000081600000, 0x0000000100000000)
  region size 1024K, 2 young (2048K), 1 survivors (1024K)
 Metaspace       used 6216K, committed 6336K, reserved 1114112K
  class space    used 705K, committed 768K, reserved 1048576K
}
Event: 0.218 GC heap after
{Heap after GC invocations=3 (full 0):
 garbage-first heap   total 8192K, used 2117K [0x0000000081600000, 0x0000000100000000)
  region size 1024K, 1 young (1024K), 1 survivors (1024K)
 Metaspace       used 6216K, committed 6336K, reserved 1114112K
  class space    used 705K, committed 768K, reserved 1048576K
}
Event: 0.265 GC heap before
{Heap before GC invocations=3 (full 0):
 garbage-first heap   total 8192K, used 3141K [0x0000000081600000, 0x0000000100000000)
  region size 1024K, 2 young (2048K), 1 survivors (1024K)
 Metaspace       used 7757K, committed 7872K, reserved 1114112K
  class space    used 860K, committed 896K, reserved 1048576K
}
Event: 0.266 GC heap after
{Heap after GC invocations=4 (full 0):
 garbage-first heap   total 8192K, used 2450K [0x0000000081600000, 0x0000000100000000)
  region size 1024K, 1 young (1024K), 1 survivors (1024K)
 Metaspace       used 7757K, committed 7872K, reserved 1114112K
  class space    used 860K, committed 896K, reserved 1048576K
}
Event: 0.288 GC heap before
{Heap before GC invocations=4 (full 0):
 garbage-first heap   total 8192K, used 3474K [0x0000000081600000, 0x0000000100000000)
  region size 1024K, 2 young (2048K), 1 survivors (1024K)
 Metaspace       used 8039K, committed 8256K, reserved 1114112K
  class space    used 889K, committed 1024K, reserved 1048576K
}
Event: 0.289 GC heap after
{Heap after GC invocations=5 (full 0):
 garbage-first heap   total 10240K, used 2814K [0x0000000081600000, 0x0000000100000000)
  region size 1024K, 1 young (1024K), 1 survivors (1024K)
 Metaspace       used 8039K, committed 8256K, reserved 1114112K
  class space    used 889K, committed 1024K, reserved 1048576K
}
Event: 0.325 GC heap before
{Heap before GC invocations=5 (full 0):
 garbage-first heap   total 10240K, used 4862K [0x0000000081600000, 0x0000000100000000)
  region size 1024K, 3 young (3072K), 1 survivors (1024K)
 Metaspace       used 8534K, committed 8704K, reserved 1114112K
  class space    used 950K, committed 1024K, reserved 1048576K
}
Event: 0.327 GC heap after
{Heap after GC invocations=6 (full 0):
 garbage-first heap   total 10240K, used 3797K [0x0000000081600000, 0x0000000100000000)
  region size 1024K, 1 young (1024K), 1 survivors (1024K)
 Metaspace       used 8534K, committed 8704K, reserved 1114112K
  class space    used 950K, committed 1024K, reserved 1048576K
}
Event: 0.355 GC heap before
{Heap before GC invocations=6 (full 0):
 garbage-first heap   total 10240K, used 5845K [0x0000000081600000, 0x0000000100000000)
  region size 1024K, 3 young (3072K), 1 survivors (1024K)
 Metaspace       used 8812K, committed 8960K, reserved 1114112K
  class space    used 987K, committed 1024K, reserved 1048576K
}
Event: 0.357 GC heap after
{Heap after GC invocations=7 (full 0):
 garbage-first heap   total 10240K, used 4244K [0x0000000081600000, 0x0000000100000000)
  region size 1024K, 1 young (1024K), 1 survivors (1024K)
 Metaspace       used 8812K, committed 8960K, reserved 1114112K
  class space    used 987K, committed 1024K, reserved 1048576K
}
Event: 0.362 GC heap before
{Heap before GC invocations=7 (full 0):
 garbage-first heap   total 10240K, used 5268K [0x0000000081600000, 0x0000000100000000)
  region size 1024K, 2 young (2048K), 1 survivors (1024K)
 Metaspace       used 8826K, committed 8960K, reserved 1114112K
  class space    used 987K, committed 1024K, reserved 1048576K
}
Event: 0.363 GC heap after
{Heap after GC invocations=8 (full 0):
 garbage-first heap   total 10240K, used 4300K [0x0000000081600000, 0x0000000100000000)
  region size 1024K, 1 young (1024K), 1 survivors (1024K)
 Metaspace       used 8826K, committed 8960K, reserved 1114112K
  class space    used 987K, committed 1024K, reserved 1048576K
}
Event: 0.378 GC heap before
{Heap before GC invocations=8 (full 0):
 garbage-first heap   total 10240K, used 5324K [0x0000000081600000, 0x0000000100000000)
  region size 1024K, 2 young (2048K), 1 survivors (1024K)
 Metaspace       used 8905K, committed 9088K, reserved 1114112K
  class space    used 995K, committed 1088K, reserved 1048576K
}
Event: 0.379 GC heap after
{Heap after GC invocations=9 (full 0):
 garbage-first heap   total 20480K, used 4388K [0x0000000081600000, 0x0000000100000000)
  region size 1024K, 1 young (1024K), 1 survivors (1024K)
 Metaspace       used 8905K, committed 9088K, reserved 1114112K
  class space    used 995K, committed 1088K, reserved 1048576K
}
Event: 0.410 GC heap before
{Heap before GC invocations=9 (full 0):
 garbage-first heap   total 20480K, used 11556K [0x0000000081600000, 0x0000000100000000)
  region size 1024K, 8 young (8192K), 1 survivors (1024K)
 Metaspace       used 9046K, committed 9216K, reserved 1114112K
  class space    used 1009K, committed 1088K, reserved 1048576K
}
Event: 0.412 GC heap after
{Heap after GC invocations=10 (full 0):
 garbage-first heap   total 20480K, used 5376K [0x0000000081600000, 0x0000000100000000)
  region size 1024K, 1 young (1024K), 1 survivors (1024K)
 Metaspace       used 9046K, committed 9216K, reserved 1114112K
  class space    used 1009K, committed 1088K, reserved 1048576K
}

Dll operation events (6 events):
Event: 0.006 Loaded shared library C:\Program Files\Zulu\zulu-19\bin\java.dll
Event: 0.012 Loaded shared library C:\Program Files\Zulu\zulu-19\bin\jsvml.dll
Event: 0.048 Loaded shared library C:\Program Files\Zulu\zulu-19\bin\jimage.dll
Event: 0.095 Loaded shared library C:\Program Files\Zulu\zulu-19\bin\net.dll
Event: 0.096 Loaded shared library C:\Program Files\Zulu\zulu-19\bin\nio.dll
Event: 0.116 Loaded shared library C:\Program Files\Zulu\zulu-19\bin\zip.dll

Deoptimization events (20 events):
Event: 0.329 Thread 0x000001673166ecc0 Uncommon trap: trap_request=0xffffffde fr.pc=0x0000016743c18448 relative=0x0000000000000288
Event: 0.329 Thread 0x000001673166ecc0 Uncommon trap: reason=class_check action=maybe_recompile pc=0x0000016743c18448 method=java.util.HashMap.getNode(Ljava/lang/Object;)Ljava/util/HashMap$Node; @ 128 c2
Event: 0.329 Thread 0x000001673166ecc0 DEOPT PACKING pc=0x0000016743c18448 sp=0x00000050850fdfd0
Event: 0.329 Thread 0x000001673166ecc0 DEOPT UNPACKING pc=0x0000016743696da3 sp=0x00000050850fdf38 mode 2
Event: 0.329 Thread 0x000001673166ecc0 Uncommon trap: trap_request=0xffffffde fr.pc=0x0000016743c18448 relative=0x0000000000000288
Event: 0.329 Thread 0x000001673166ecc0 Uncommon trap: reason=class_check action=maybe_recompile pc=0x0000016743c18448 method=java.util.HashMap.getNode(Ljava/lang/Object;)Ljava/util/HashMap$Node; @ 128 c2
Event: 0.329 Thread 0x000001673166ecc0 DEOPT PACKING pc=0x0000016743c18448 sp=0x00000050850fded0
Event: 0.329 Thread 0x000001673166ecc0 DEOPT UNPACKING pc=0x0000016743696da3 sp=0x00000050850fde38 mode 2
Event: 0.337 Thread 0x000001673166ecc0 Uncommon trap: trap_request=0xffffffde fr.pc=0x0000016743c149c8 relative=0x0000000000000b28
Event: 0.337 Thread 0x000001673166ecc0 Uncommon trap: reason=class_check action=maybe_recompile pc=0x0000016743c149c8 method=java.util.HashMap.putVal(ILjava/lang/Object;Ljava/lang/Object;ZZ)Ljava/lang/Object; @ 203 c2
Event: 0.337 Thread 0x000001673166ecc0 DEOPT PACKING pc=0x0000016743c149c8 sp=0x00000050850fe430
Event: 0.337 Thread 0x000001673166ecc0 DEOPT UNPACKING pc=0x0000016743696da3 sp=0x00000050850fe378 mode 2
Event: 0.385 Thread 0x000001673166ecc0 Uncommon trap: trap_request=0xffffff45 fr.pc=0x0000016743c11480 relative=0x0000000000000060
Event: 0.385 Thread 0x000001673166ecc0 Uncommon trap: reason=unstable_if action=reinterpret pc=0x0000016743c11480 method=com.sun.tools.javac.jvm.PoolReader.sizeof(I)I @ 1 c2
Event: 0.385 Thread 0x000001673166ecc0 DEOPT PACKING pc=0x0000016743c11480 sp=0x00000050850fe0c0
Event: 0.385 Thread 0x000001673166ecc0 DEOPT UNPACKING pc=0x0000016743696da3 sp=0x00000050850fe050 mode 2
Event: 0.421 Thread 0x000001673166ecc0 Uncommon trap: trap_request=0xffffff45 fr.pc=0x0000016743c31688 relative=0x0000000000000a48
Event: 0.421 Thread 0x000001673166ecc0 Uncommon trap: reason=unstable_if action=reinterpret pc=0x0000016743c31688 method=com.sun.tools.javac.util.ArrayUtils.ensureCapacity([BI)[B @ 3 c2
Event: 0.421 Thread 0x000001673166ecc0 DEOPT PACKING pc=0x0000016743c31688 sp=0x00000050850fdab0
Event: 0.421 Thread 0x000001673166ecc0 DEOPT UNPACKING pc=0x0000016743696da3 sp=0x00000050850fd9d8 mode 2

Classes loaded (20 events):
Event: 0.339 Loading class sun/nio/fs/WindowsDirectoryStream$WindowsDirectoryIterator
Event: 0.339 Loading class sun/nio/fs/WindowsDirectoryStream$WindowsDirectoryIterator done
Event: 0.339 Loading class java/nio/file/Files$2
Event: 0.339 Loading class java/nio/file/Files$2 done
Event: 0.339 Loading class java/util/ImmutableCollections$Access
Event: 0.339 Loading class java/util/ImmutableCollections$Access done
Event: 0.339 Loading class java/util/ImmutableCollections$Access$1
Event: 0.339 Loading class jdk/internal/access/JavaUtilCollectionAccess
Event: 0.339 Loading class jdk/internal/access/JavaUtilCollectionAccess done
Event: 0.339 Loading class java/util/ImmutableCollections$Access$1 done
Event: 0.339 Loading class java/util/stream/Nodes$SpinedNodeBuilder
Event: 0.339 Loading class java/util/stream/Nodes$SpinedNodeBuilder done
Event: 0.339 Loading class sun/nio/fs/WindowsPath$WindowsPathWithAttributes
Event: 0.339 Loading class sun/nio/fs/WindowsPath$WindowsPathWithAttributes done
Event: 0.342 Loading class java/nio/file/FileTreeWalker$1
Event: 0.342 Loading class java/nio/file/FileTreeWalker$1 done
Event: 0.386 Loading class java/lang/invoke/MethodHandle$1
Event: 0.386 Loading class java/lang/invoke/MethodHandle$1 done
Event: 0.436 Loading class java/util/LinkedList$Node
Event: 0.436 Loading class java/util/LinkedList$Node done

Classes unloaded (0 events):
No events

Classes redefined (0 events):
No events

Internal exceptions (20 events):
Event: 0.287 Thread 0x000001673166ecc0 Exception <a 'java/lang/NoSuchMethodError'{0x0000000081deedf8}: 'java.lang.Object java.lang.invoke.DirectMethodHandle$Holder.invokeVirtual(java.lang.Object, java.lang.Object, int)'> (0x0000000081deedf8) 
thrown [s\src\hotspot\share\interpreter\linkResolver.cpp, line 774]
Event: 0.288 Thread 0x000001673166ecc0 Exception <a 'java/lang/NoSuchMethodError'{0x0000000081df7d40}: 'java.lang.Object java.lang.invoke.DirectMethodHandle$Holder.invokeSpecial(java.lang.Object, java.lang.Object, java.lang.Object, int, int)'> (0x0000000081df7d40) 
thrown [s\src\hotspot\share\interpreter\linkResolver.cpp, line 774]
Event: 0.337 Thread 0x000001673166ecc0 Exception <a 'java/lang/NoSuchMethodError'{0x0000000081f48318}: 'void java.lang.invoke.DirectMethodHandle$Holder.invokeStatic(java.lang.Object, java.lang.Object)'> (0x0000000081f48318) 
thrown [s\src\hotspot\share\interpreter\linkResolver.cpp, line 774]
Event: 0.338 Thread 0x000001673166ecc0 Exception <a 'sun/nio/fs/WindowsException'{0x0000000081f52050}> (0x0000000081f52050) 
thrown [s\src\hotspot\share\prims\jni.cpp, line 517]
Event: 0.341 Thread 0x000001673166ecc0 Exception <a 'sun/nio/fs/WindowsException'{0x0000000081f659b0}> (0x0000000081f659b0) 
thrown [s\src\hotspot\share\prims\jni.cpp, line 517]
Event: 0.344 Thread 0x000001673166ecc0 Exception <a 'sun/nio/fs/WindowsException'{0x0000000081f73978}> (0x0000000081f73978) 
thrown [s\src\hotspot\share\prims\jni.cpp, line 517]
Event: 0.372 Thread 0x000001673166ecc0 Exception <a 'java/lang/NoSuchMethodError'{0x0000000081fc7ef0}: 'int java.lang.invoke.DirectMethodHandle$Holder.invokeSpecial(java.lang.Object, java.lang.Object, java.lang.Object)'> (0x0000000081fc7ef0) 
thrown [s\src\hotspot\share\interpreter\linkResolver.cpp, line 774]
Event: 0.374 Thread 0x000001673166ecc0 Exception <a 'sun/nio/fs/WindowsException'{0x0000000081fd2920}> (0x0000000081fd2920) 
thrown [s\src\hotspot\share\prims\jni.cpp, line 517]
Event: 0.374 Thread 0x000001673166ecc0 Exception <a 'sun/nio/fs/WindowsException'{0x0000000081fd2cf0}> (0x0000000081fd2cf0) 
thrown [s\src\hotspot\share\prims\jni.cpp, line 517]
Event: 0.374 Thread 0x000001673166ecc0 Exception <a 'sun/nio/fs/WindowsException'{0x0000000081fd3cc8}> (0x0000000081fd3cc8) 
thrown [s\src\hotspot\share\prims\jni.cpp, line 517]
Event: 0.374 Thread 0x000001673166ecc0 Exception <a 'sun/nio/fs/WindowsException'{0x0000000081fd40a8}> (0x0000000081fd40a8) 
thrown [s\src\hotspot\share\prims\jni.cpp, line 517]
Event: 0.374 Thread 0x000001673166ecc0 Exception <a 'sun/nio/fs/WindowsException'{0x0000000081fd51b0}> (0x0000000081fd51b0) 
thrown [s\src\hotspot\share\prims\jni.cpp, line 517]
Event: 0.374 Thread 0x000001673166ecc0 Exception <a 'sun/nio/fs/WindowsException'{0x0000000081fd5540}> (0x0000000081fd5540) 
thrown [s\src\hotspot\share\prims\jni.cpp, line 517]
Event: 0.386 Thread 0x000001673166ecc0 Exception <a 'java/lang/NoSuchMethodError'{0x0000000082807800}: 'java.lang.Object java.lang.invoke.DirectMethodHandle$Holder.invokeStatic(java.lang.Object, java.lang.Object, int, int)'> (0x0000000082807800) 
thrown [s\src\hotspot\share\interpreter\linkResolver.cpp, line 774]
Event: 0.401 Thread 0x000001673166ecc0 Exception <a 'sun/nio/fs/WindowsException'{0x00000000826ee018}> (0x00000000826ee018) 
thrown [s\src\hotspot\share\prims\jni.cpp, line 517]
Event: 0.401 Thread 0x000001673166ecc0 Exception <a 'sun/nio/fs/WindowsException'{0x00000000826ee3f8}> (0x00000000826ee3f8) 
thrown [s\src\hotspot\share\prims\jni.cpp, line 517]
Event: 0.402 Thread 0x000001673166ecc0 Exception <a 'sun/nio/fs/WindowsException'{0x00000000826ef3d0}> (0x00000000826ef3d0) 
thrown [s\src\hotspot\share\prims\jni.cpp, line 517]
Event: 0.402 Thread 0x000001673166ecc0 Exception <a 'sun/nio/fs/WindowsException'{0x00000000826ef7c0}> (0x00000000826ef7c0) 
thrown [s\src\hotspot\share\prims\jni.cpp, line 517]
Event: 0.402 Thread 0x000001673166ecc0 Exception <a 'sun/nio/fs/WindowsException'{0x00000000826f08c8}> (0x00000000826f08c8) 
thrown [s\src\hotspot\share\prims\jni.cpp, line 517]
Event: 0.402 Thread 0x000001673166ecc0 Exception <a 'sun/nio/fs/WindowsException'{0x00000000826f0c68}> (0x00000000826f0c68) 
thrown [s\src\hotspot\share\prims\jni.cpp, line 517]

VM Operations (20 events):
Event: 0.217 Executing VM operation: G1CollectForAllocation
Event: 0.218 Executing VM operation: G1CollectForAllocation done
Event: 0.265 Executing VM operation: G1CollectForAllocation
Event: 0.266 Executing VM operation: G1CollectForAllocation done
Event: 0.268 Executing VM operation: HandshakeAllThreads
Event: 0.268 Executing VM operation: HandshakeAllThreads done
Event: 0.288 Executing VM operation: G1CollectForAllocation
Event: 0.289 Executing VM operation: G1CollectForAllocation done
Event: 0.325 Executing VM operation: G1CollectForAllocation
Event: 0.327 Executing VM operation: G1CollectForAllocation done
Event: 0.340 Executing VM operation: HandshakeAllThreads
Event: 0.340 Executing VM operation: HandshakeAllThreads done
Event: 0.355 Executing VM operation: G1CollectForAllocation
Event: 0.357 Executing VM operation: G1CollectForAllocation done
Event: 0.362 Executing VM operation: G1CollectForAllocation
Event: 0.363 Executing VM operation: G1CollectForAllocation done
Event: 0.378 Executing VM operation: G1CollectForAllocation
Event: 0.379 Executing VM operation: G1CollectForAllocation done
Event: 0.410 Executing VM operation: G1CollectForAllocation
Event: 0.412 Executing VM operation: G1CollectForAllocation done

Events (14 events):
Event: 0.012 Thread 0x000001673166ecc0 Thread added: 0x000001673166ecc0
Event: 0.021 Thread 0x0000016753579cd0 Thread added: 0x0000016753579cd0
Event: 0.021 Thread 0x000001675357a8a0 Thread added: 0x000001675357a8a0
Event: 0.021 Thread 0x000001675357e820 Thread added: 0x000001675357e820
Event: 0.021 Thread 0x0000016753581160 Thread added: 0x0000016753581160
Event: 0.021 Thread 0x00000167535823d0 Thread added: 0x00000167535823d0
Event: 0.021 Thread 0x0000016753585650 Thread added: 0x0000016753585650
Event: 0.021 Thread 0x000001675358c2a0 Thread added: 0x000001675358c2a0
Event: 0.021 Thread 0x000001675358e560 Thread added: 0x000001675358e560
Event: 0.021 Thread 0x0000016753591680 Thread added: 0x0000016753591680
Event: 0.034 Thread 0x000001673172d4c0 Thread added: 0x000001673172d4c0
Event: 0.046 Thread 0x0000016757945c20 Thread added: 0x0000016757945c20
Event: 0.260 Thread 0x0000016757dba9f0 Thread added: 0x0000016757dba9f0
Event: 0.359 Thread 0x0000016757ed7d80 Thread added: 0x0000016757ed7d80


Dynamic libraries:
0x00007ff7f7900000 - 0x00007ff7f7908000 	C:\Program Files\Zulu\zulu-19\bin\javac.exe
0x00007ffa972f0000 - 0x00007ffa97504000 	C:\WINDOWS\SYSTEM32\ntdll.dll
0x00007ffa96a30000 - 0x00007ffa96af2000 	C:\WINDOWS\System32\KERNEL32.DLL
0x00007ffa94a90000 - 0x00007ffa94e2c000 	C:\WINDOWS\System32\KERNELBASE.dll
0x00007ffa94730000 - 0x00007ffa94841000 	C:\WINDOWS\System32\ucrtbase.dll
0x00007ffa8e250000 - 0x00007ffa8e267000 	C:\Program Files\Zulu\zulu-19\bin\jli.dll
0x00007ffa95ee0000 - 0x00007ffa9608b000 	C:\WINDOWS\System32\USER32.dll
0x00007ffa94a60000 - 0x00007ffa94a86000 	C:\WINDOWS\System32\win32u.dll
0x00007ffa97050000 - 0x00007ffa97079000 	C:\WINDOWS\System32\GDI32.dll
0x00007ffa94f70000 - 0x00007ffa95083000 	C:\WINDOWS\System32\gdi32full.dll
0x00007ffa949c0000 - 0x00007ffa94a5a000 	C:\WINDOWS\System32\msvcp_win.dll
0x00007ffa8e1a0000 - 0x00007ffa8e1bb000 	C:\Program Files\Zulu\zulu-19\bin\VCRUNTIME140.dll
0x00007ffa7c330000 - 0x00007ffa7c5be000 	C:\WINDOWS\WinSxS\amd64_microsoft.windows.common-controls_6595b64144ccf1df_6.0.22621.608_none_a9444ca7c10bb01d\COMCTL32.dll
0x00007ffa97200000 - 0x00007ffa972a7000 	C:\WINDOWS\System32\msvcrt.dll
0x00007ffa95ea0000 - 0x00007ffa95ed1000 	C:\WINDOWS\System32\IMM32.DLL
0x00007ffa8eda0000 - 0x00007ffa8edac000 	C:\Program Files\Zulu\zulu-19\bin\vcruntime140_1.dll
0x00007ffa82070000 - 0x00007ffa820fd000 	C:\Program Files\Zulu\zulu-19\bin\msvcp140.dll
0x00007ffa364a0000 - 0x00007ffa371a7000 	C:\Program Files\Zulu\zulu-19\bin\server\jvm.dll
0x00007ffa970d0000 - 0x00007ffa9717e000 	C:\WINDOWS\System32\ADVAPI32.dll
0x00007ffa95d60000 - 0x00007ffa95e04000 	C:\WINDOWS\System32\sechost.dll
0x00007ffa95c20000 - 0x00007ffa95d35000 	C:\WINDOWS\System32\RPCRT4.dll
0x00007ffa8ce90000 - 0x00007ffa8cec4000 	C:\WINDOWS\SYSTEM32\WINMM.dll
0x00007ffa8df80000 - 0x00007ffa8df89000 	C:\WINDOWS\SYSTEM32\WSOCK32.dll
0x00007ffa8ce00000 - 0x00007ffa8ce0a000 	C:\WINDOWS\SYSTEM32\VERSION.dll
0x00007ffa95620000 - 0x00007ffa95691000 	C:\WINDOWS\System32\WS2_32.dll
0x00007ffa93790000 - 0x00007ffa937a8000 	C:\WINDOWS\SYSTEM32\kernel.appcore.dll
0x00007ffa82f10000 - 0x00007ffa82f1a000 	C:\Program Files\Zulu\zulu-19\bin\jimage.dll
0x00007ffa920e0000 - 0x00007ffa9230e000 	C:\WINDOWS\SYSTEM32\DBGHELP.DLL
0x00007ffa95790000 - 0x00007ffa95b19000 	C:\WINDOWS\System32\combase.dll
0x00007ffa95160000 - 0x00007ffa95237000 	C:\WINDOWS\System32\OLEAUT32.dll
0x00007ffa764d0000 - 0x00007ffa76502000 	C:\WINDOWS\SYSTEM32\dbgcore.DLL
0x00007ffa94e30000 - 0x00007ffa94eab000 	C:\WINDOWS\System32\bcryptPrimitives.dll
0x00007ffa82c60000 - 0x00007ffa82c86000 	C:\Program Files\Zulu\zulu-19\bin\java.dll
0x00007ffa81f90000 - 0x00007ffa82067000 	C:\Program Files\Zulu\zulu-19\bin\jsvml.dll
0x00007ffa960a0000 - 0x00007ffa96890000 	C:\WINDOWS\System32\SHELL32.dll
0x00007ffa92750000 - 0x00007ffa9301d000 	C:\WINDOWS\SYSTEM32\windows.storage.dll
0x00007ffa92610000 - 0x00007ffa9274e000 	C:\WINDOWS\SYSTEM32\wintypes.dll
0x00007ffa95360000 - 0x00007ffa95451000 	C:\WINDOWS\System32\SHCORE.dll
0x00007ffa956b0000 - 0x00007ffa9570e000 	C:\WINDOWS\System32\shlwapi.dll
0x00007ffa94660000 - 0x00007ffa94681000 	C:\WINDOWS\SYSTEM32\profapi.dll
0x00007ffa82dc0000 - 0x00007ffa82dd3000 	C:\Program Files\Zulu\zulu-19\bin\net.dll
0x00007ffa8d990000 - 0x00007ffa8dac7000 	C:\WINDOWS\SYSTEM32\WINHTTP.dll
0x00007ffa93c00000 - 0x00007ffa93c69000 	C:\WINDOWS\system32\mswsock.dll
0x00007ffa82c40000 - 0x00007ffa82c56000 	C:\Program Files\Zulu\zulu-19\bin\nio.dll
0x00007ffa82c20000 - 0x00007ffa82c38000 	C:\Program Files\Zulu\zulu-19\bin\zip.dll

dbghelp: loaded successfully - version: 4.0.5 - missing functions: none
symbol engine: initialized successfully - sym options: 0x614 - pdb path: .;C:\Program Files\Zulu\zulu-19\bin;C:\WINDOWS\SYSTEM32;C:\WINDOWS\WinSxS\amd64_microsoft.windows.common-controls_6595b64144ccf1df_6.0.22621.608_none_a9444ca7c10bb01d;C:\Program Files\Zulu\zulu-19\bin\server

VM Arguments:
jvm_args: -Dapplication.home=C:\Program Files\Zulu\zulu-19 --add-modules=ALL-DEFAULT -Xms8m -Djdk.module.main=jdk.compiler 
java_command: jdk.compiler/com.sun.tools.javac.Main -d C:\Users\ulise\Desktop\TEC\Algoritmos y estructura de datos I\BuscaMinas\ventana busca minas\build\classes -classpath C:\Users\ulise\Desktop\TEC\Algoritmos y estructura de datos I\BuscaMinas\ventana busca minas\build\classes;C:\Users\ulise\Desktop\TEC\Algoritmos y estructura de datos I\BuscaMinas\ventana busca minas\lib\rxtx-2.1-7r2;C:\Users\ulise\Downloads\RXTXcomm.jar;C:\Users\ulise\Downloads\jSerialComm-2.9.3.zip;C:\Users\ulise\Downloads\jSerialComm-2.9.3.jar -sourcepath C:\Users\ulise\Desktop\TEC\Algoritmos y estructura de datos I\BuscaMinas\ventana busca minas\src -target 19 -encoding UTF-8 -g -processorpath C:\Users\ulise\Desktop\TEC\Algoritmos y estructura de datos I\BuscaMinas\ventana busca minas\lib\rxtx-2.1-7r2;C:\Users\ulise\Downloads\RXTXcomm.jar;C:\Users\ulise\Downloads\jSerialComm-2.9.3.zip;C:\Users\ulise\Downloads\jSerialComm-2.9.3.jar;C:\Users\ulise\Desktop\TEC\Algoritmos y estructura de datos I\BuscaMinas\jar_files\firmata4j-2.3.5.jar;C:\Users\ulise\Desktop\TEC\Algoritmos y estructura de datos I\BuscaMinas\jar_files\jssc-2.8.0.jar;C:\Users\ulise\Desktop\TEC\Algoritmos y estructura de datos I\BuscaMinas\jar_files\jssc-2.9.4.jar;C:\Users\ulise\Desktop\TEC\Algoritmos y estructura de datos I\BuscaMinas\jar_files\slf4j-api-1.7.25.jar;C:\Users\ulise\Desktop\TEC\Algoritmos y estructura de datos I\BuscaMinas\jar_files\slf4j-api-1.7.3.jar;C:\Users\ulise\Desktop\TEC\Algoritmos y estructura de datos I\BuscaMinas\jar_files\slf4j-simple-1.6.1.jar;C:\Users\ulise\Desktop\TEC\Algoritmos y estructura de datos I\BuscaMinas\ventana busca minas\build\empty -s C:\Users\ulise\Desktop\TEC\Algoritmos y estructura de datos I\BuscaMinas\ventana busca minas\build\generated-sources\ap-source-output -source 19 C:\Users\ulise\Desktop\TEC\Algoritmos y estructura de datos I\BuscaMinas\ventana busca minas\src\GameMenuDemo.java
java_class_path (initial): <not set>
Launcher Type: SUN_STANDARD

[Global flags]
     intx CICompilerCount                          = 4                                         {product} {ergonomic}
     uint ConcGCThreads                            = 3                                         {product} {ergonomic}
     uint G1ConcRefinementThreads                  = 10                                        {product} {ergonomic}
   size_t G1HeapRegionSize                         = 1048576                                   {product} {ergonomic}
    uintx GCDrainStackTargetSize                   = 64                                        {product} {ergonomic}
   size_t InitialHeapSize                          = 8388608                                   {product} {command line}
   size_t MarkStackSize                            = 4194304                                   {product} {ergonomic}
   size_t MaxHeapSize                              = 2124414976                                {product} {ergonomic}
   size_t MaxNewSize                               = 1274019840                                {product} {ergonomic}
   size_t MinHeapDeltaBytes                        = 1048576                                   {product} {ergonomic}
   size_t MinHeapSize                              = 8388608                                   {product} {command line}
    uintx NonNMethodCodeHeapSize                   = 5839372                                {pd product} {ergonomic}
    uintx NonProfiledCodeHeapSize                  = 122909434                              {pd product} {ergonomic}
    uintx ProfiledCodeHeapSize                     = 122909434                              {pd product} {ergonomic}
    uintx ReservedCodeCacheSize                    = 251658240                              {pd product} {ergonomic}
     bool SegmentedCodeCache                       = true                                      {product} {ergonomic}
   size_t SoftMaxHeapSize                          = 2124414976                             {manageable} {ergonomic}
     bool UseCompressedClassPointers               = true                           {product lp64_product} {ergonomic}
     bool UseCompressedOops                        = true                           {product lp64_product} {ergonomic}
     bool UseG1GC                                  = true                                      {product} {ergonomic}
     bool UseLargePagesIndividualAllocation        = false                                  {pd product} {ergonomic}

Logging:
Log output configuration:
 #0: stdout all=warning uptime,level,tags foldmultilines=false
 #1: stderr all=off uptime,level,tags foldmultilines=false

Environment Variables:
PATH=C:\Program Files\Zulu\zulu-19\bin\;C:\Program Files\Common Files\Oracle\Java\javapath;C:\Program Files (x86)\Common Files\Oracle\Java\javapath;C:\Windows\system32;C:\Windows;C:\Windows\System32\Wbem;C:\Windows\System32\WindowsPowerShell\v1.0\;C:\Windows\System32\OpenSSH\;C:\Program Files (x86)\NVIDIA Corporation\PhysX\Common;C:\Program Files\NVIDIA Corporation\NVIDIA NvDLISR;C:\WINDOWS\system32;C:\WINDOWS;C:\WINDOWS\System32\Wbem;C:\WINDOWS\System32\WindowsPowerShell\v1.0\;C:\WINDOWS\System32\OpenSSH\;C:\Program Files\nodejs\;C:\Program Files\Git\cmd;C:\Users\ulise\AppData\Local\Microsoft\WindowsApps;C:\Users\ulise\AppData\Local\Programs\Microsoft VS Code\bin;C:\Users\ulise\AppData\Roaming\npm;C:\Users\ulise\AppData\Local\GitHubDesktop\bin
USERNAME=ulise
OS=Windows_NT
PROCESSOR_IDENTIFIER=Intel64 Family 6 Model 165 Stepping 2, GenuineIntel
TMP=C:\Users\ulise\AppData\Local\Temp
TEMP=C:\Users\ulise\AppData\Local\Temp



---------------  S Y S T E M  ---------------

OS:
 Windows 11 , 64 bit Build 22621 (10.0.22621.1485)
OS uptime: 7 days 3:00 hours

CPU: total 12 (initial active 12) (6 cores per cpu, 2 threads per core) family 6 model 165 stepping 2 microcode 0xe2, cx8, cmov, fxsr, ht, mmx, 3dnowpref, sse, sse2, sse3, ssse3, sse4.1, sse4.2, popcnt, lzcnt, tsc, tscinvbit, avx, avx2, aes, erms, clmul, bmi1, bmi2, adx, fma, vzeroupper, clflush, clflushopt, rdtscp

Memory: 4k page, system-wide physical 8099M (1409M free)
TotalPageFile size 12195M (AvailPageFile size 2M)
current process WorkingSet (physical memory assigned to process): 86M, peak: 86M
current process commit charge ("private bytes"): 126M, peak: 126M

vm_info: OpenJDK 64-Bit Server VM (19.0.2+7) for windows-amd64 JRE (19.0.2+7) (Zulu19.32+15-CA), built on Dec 28 2022 19:25:40 by "zulu_re" with MS VC++ 16.10 / 16.11 (VS2019)

END.
