#
# There is insufficient memory for the Java Runtime Environment to continue.
# Native memory allocation (mmap) failed to map 65536 bytes for Failed to commit metaspace.
# Possible reasons:
#   The system is out of physical RAM or swap space
#   The process is running with CompressedOops enabled, and the Java Heap may be blocking the growth of the native heap
# Possible solutions:
#   Reduce memory load on the system
#   Increase physical memory or swap space
#   Check if swap backing store is full
#   Decrease Java heap size (-Xmx/-Xms)
#   Decrease number of Java threads
#   Decrease Java thread stack sizes (-Xss)
#   Set larger code cache with -XX:ReservedCodeCacheSize=
#   JVM is running with Unscaled Compressed Oops mode in which the Java heap is
#     placed in the first 4GB address space. The Java Heap base address is the
#     maximum limit for the native heap growth. Please use -XX:HeapBaseMinAddress
#     to set the Java Heap base and to place the Java Heap above 4GB virtual address.
# This output file may be truncated or incomplete.
#
#  Out of Memory Error (virtualSpaceNode.cpp:110), pid=6720, tid=17648
#
# JRE version: OpenJDK Runtime Environment Zulu19.32+15-CA (19.0.2+7) (build 19.0.2+7)
# Java VM: OpenJDK 64-Bit Server VM Zulu19.32+15-CA (19.0.2+7, mixed mode, sharing, tiered, compressed oops, compressed class ptrs, g1 gc, windows-amd64)
# No core dump will be written. Minidumps are not enabled by default on client versions of Windows
#

---------------  S U M M A R Y ------------

Command Line: -Dant.home=C:\Program Files\NetBeans-17\netbeans\extide\ant\bin\.. org.apache.tools.ant.launch.Launcher -f C:\Users\ulise\Desktop\TEC\Algoritmos y estructura de datos I\BuscaMinas\ventana busca minas\build.xml -Dant.rerun 1 jfx-project-rebuild

Host: Intel(R) Core(TM) i7-10750H CPU @ 2.60GHz, 12 cores, 7G,  Windows 11 , 64 bit Build 22621 (10.0.22621.1485)
Time: Sun Apr  9 00:56:33 2023 Hora estándar, América Central elapsed time: 0.840882 seconds (0d 0h 0m 0s)

---------------  T H R E A D  ---------------

Current thread (0x000001f599c99a90):  JavaThread "main" [_thread_in_vm, id=17648, stack(0x0000003087700000,0x0000003087800000)]

Stack: [0x0000003087700000,0x0000003087800000]
Native frames: (J=compiled Java code, j=interpreted, Vv=VM code, C=native code)
V  [jvm.dll+0x6eab2a]
V  [jvm.dll+0x8a4a20]
V  [jvm.dll+0x8a640e]
V  [jvm.dll+0x8a6ac3]
V  [jvm.dll+0x27c1ef]
V  [jvm.dll+0x8a05eb]
V  [jvm.dll+0x68e236]
V  [jvm.dll+0x1eb78e]
V  [jvm.dll+0x690c4b]
V  [jvm.dll+0x690a4e]
V  [jvm.dll+0x68ec3e]
V  [jvm.dll+0x268780]
V  [jvm.dll+0x217d9d]
V  [jvm.dll+0x20d781]
V  [jvm.dll+0x5a4c95]
V  [jvm.dll+0x81a863]
V  [jvm.dll+0x81a944]
V  [jvm.dll+0x465d94]
V  [jvm.dll+0x46b38f]
C  [java.dll+0x17ec]

Java frames: (J=compiled Java code, j=interpreted, Vv=VM code)
j  java.lang.ClassLoader.defineClass1(Ljava/lang/ClassLoader;Ljava/lang/String;[BIILjava/security/ProtectionDomain;Ljava/lang/String;)Ljava/lang/Class;+0 java.base@19.0.2
j  java.lang.ClassLoader.defineClass(Ljava/lang/String;[BIILjava/security/ProtectionDomain;)Ljava/lang/Class;+27 java.base@19.0.2
j  java.security.SecureClassLoader.defineClass(Ljava/lang/String;[BIILjava/security/CodeSource;)Ljava/lang/Class;+12 java.base@19.0.2
j  java.net.URLClassLoader.defineClass(Ljava/lang/String;Ljdk/internal/loader/Resource;)Ljava/lang/Class;+220 java.base@19.0.2
j  java.net.URLClassLoader$1.run()Ljava/lang/Class;+43 java.base@19.0.2
J 1750 c1 java.net.URLClassLoader$1.run()Ljava/lang/Object; java.base@19.0.2 (5 bytes) @ 0x000001f5a4a06644 [0x000001f5a4a065c0+0x0000000000000084]
J 1366 c1 java.security.AccessController.executePrivileged(Ljava/security/PrivilegedExceptionAction;Ljava/security/AccessControlContext;Ljava/lang/Class;)Ljava/lang/Object; java.base@19.0.2 (65 bytes) @ 0x000001f5a494c13c [0x000001f5a494bfe0+0x000000000000015c]
j  java.security.AccessController.doPrivileged(Ljava/security/PrivilegedExceptionAction;Ljava/security/AccessControlContext;)Ljava/lang/Object;+13 java.base@19.0.2
J 1748 c1 java.net.URLClassLoader.findClass(Ljava/lang/String;)Ljava/lang/Class; java.base@19.0.2 (47 bytes) @ 0x000001f5a4a0589c [0x000001f5a4a05700+0x000000000000019c]
J 533 c1 java.lang.ClassLoader.loadClass(Ljava/lang/String;Z)Ljava/lang/Class; java.base@19.0.2 (121 bytes) @ 0x000001f5a47903f4 [0x000001f5a478fe40+0x00000000000005b4]
J 475 c1 java.lang.ClassLoader.loadClass(Ljava/lang/String;)Ljava/lang/Class; java.base@19.0.2 (7 bytes) @ 0x000001f5a477354c [0x000001f5a4773440+0x000000000000010c]
v  ~StubRoutines::call_stub 0x000001f5abc0100e
j  java.lang.Class.getDeclaredConstructors0(Z)[Ljava/lang/reflect/Constructor;+0 java.base@19.0.2
J 1520 c1 java.lang.Class.privateGetDeclaredConstructors(Z)[Ljava/lang/reflect/Constructor; java.base@19.0.2 (79 bytes) @ 0x000001f5a498a90c [0x000001f5a498a680+0x000000000000028c]
J 1519 c1 java.lang.Class.getConstructor0([Ljava/lang/Class;I)Ljava/lang/reflect/Constructor; java.base@19.0.2 (83 bytes) @ 0x000001f5a4989984 [0x000001f5a4989520+0x0000000000000464]
J 1524 c1 java.lang.Class.getConstructor([Ljava/lang/Class;)Ljava/lang/reflect/Constructor; java.base@19.0.2 (31 bytes) @ 0x000001f5a498c024 [0x000001f5a498bb80+0x00000000000004a4]
j  org.apache.tools.ant.IntrospectionHelper.<init>(Ljava/lang/Class;)V+616
J 1525 c1 org.apache.tools.ant.IntrospectionHelper.getHelper(Lorg/apache/tools/ant/Project;Ljava/lang/Class;)Lorg/apache/tools/ant/IntrospectionHelper; (57 bytes) @ 0x000001f5a498cdec [0x000001f5a498ca20+0x00000000000003cc]
J 1714 c1 org.apache.tools.ant.RuntimeConfigurable.maybeConfigure(Lorg/apache/tools/ant/Project;Z)V (405 bytes) @ 0x000001f5a49f2f7c [0x000001f5a49f2b80+0x00000000000003fc]
J 1713 c1 org.apache.tools.ant.RuntimeConfigurable.maybeConfigure(Lorg/apache/tools/ant/Project;)V (7 bytes) @ 0x000001f5a49fc4cc [0x000001f5a49fc440+0x000000000000008c]
j  org.apache.tools.ant.Task.maybeConfigure()V+30
j  org.apache.tools.ant.UnknownElement.configure(Ljava/lang/Object;)V+79
j  org.apache.tools.ant.UnknownElement.maybeConfigure()V+18
j  org.apache.tools.ant.Task.perform()V+35
j  org.apache.tools.ant.Target.execute()V+179
j  org.apache.tools.ant.Target.performTasks()V+11
j  org.apache.tools.ant.Project.executeSortedTargets(Ljava/util/Vector;)V+154
j  org.apache.tools.ant.Project.executeTarget(Ljava/lang/String;)V+30
j  org.apache.tools.ant.helper.DefaultExecutor.executeTargets(Lorg/apache/tools/ant/Project;[Ljava/lang/String;)V+30
j  org.apache.tools.ant.Project.executeTargets(Ljava/util/Vector;)V+33
j  org.apache.tools.ant.Main.runBuild(Ljava/lang/ClassLoader;)V+729
j  org.apache.tools.ant.Main.startAnt([Ljava/lang/String;Ljava/util/Properties;Ljava/lang/ClassLoader;)V+50
j  org.apache.tools.ant.launch.Launcher.run([Ljava/lang/String;)I+718
j  org.apache.tools.ant.launch.Launcher.main([Ljava/lang/String;)V+12
v  ~StubRoutines::call_stub 0x000001f5abc0100e

Compiled method (c1)     849 1750       3       java.net.URLClassLoader$1::run (5 bytes)
 total in heap  [0x000001f5a4a06410,0x000001f5a4a06778] = 872
 relocation     [0x000001f5a4a06570,0x000001f5a4a065b0] = 64
 main code      [0x000001f5a4a065c0,0x000001f5a4a066c0] = 256
 stub code      [0x000001f5a4a066c0,0x000001f5a4a06708] = 72
 metadata       [0x000001f5a4a06708,0x000001f5a4a06718] = 16
 scopes data    [0x000001f5a4a06718,0x000001f5a4a06730] = 24
 scopes pcs     [0x000001f5a4a06730,0x000001f5a4a06770] = 64
 dependencies   [0x000001f5a4a06770,0x000001f5a4a06778] = 8

[Constant Pool (empty)]

[MachCode]
[Entry Point]
  # {method} {0x000001f5bbc4fdd8} 'run' '()Ljava/lang/Object;' in 'java/net/URLClassLoader$1'
  #           [sp+0x40]  (sp of caller)
  0x000001f5a4a065c0: 448b 5208 | 49bb 0000 | 0000 0800 | 0000 4d03 | d34c 3bd0 

  0x000001f5a4a065d4: ;   {runtime_call ic_miss_stub}
  0x000001f5a4a065d4: 0f85 a6b1 | 2507 660f | 1f44 0000 
[Verified Entry Point]
  0x000001f5a4a065e0: 8984 2400 | 90ff ff55 | 4883 ec30 

  0x000001f5a4a065ec: ;   {metadata(method data for {method} {0x000001f5bbc4fdd8} 'run' '()Ljava/lang/Object;' in 'java/net/URLClassLoader$1')}
  0x000001f5a4a065ec: 48be f042 | edbb f501 | 0000 8bbe | cc00 0000 | 83c7 0289 | becc 0000 | 0081 e7fe | 0700 0083 
  0x000001f5a4a0660c: ff00 0f84 | 4300 0000 

  0x000001f5a4a06614: ;   {metadata(method data for {method} {0x000001f5bbc4fdd8} 'run' '()Ljava/lang/Object;' in 'java/net/URLClassLoader$1')}
  0x000001f5a4a06614: 488b f248 | bff0 42ed | bbf5 0100 

  0x000001f5a4a06620: ;   {metadata('java/net/URLClassLoader$1')}
  0x000001f5a4a06620: 0049 ba70 | 4404 0108 | 0000 004c | 8997 2001 | 0000 4883 | 8728 0100 | 0001 0f1f 

  0x000001f5a4a0663c: ;   {optimized virtual_call}
  0x000001f5a4a0663c: 4400 00e8 

  0x000001f5a4a06640: ; ImmutableOopMap {}
                      ;*invokevirtual run {reexecute=0 rethrow=0 return_oop=0}
                      ; - java.net.URLClassLoader$1::run@1 (line 421)
  0x000001f5a4a06640: 8100 0000 | 4883 c430 

  0x000001f5a4a06648: ;   {poll_return}
  0x000001f5a4a06648: 5d49 3ba7 | 7803 0000 | 0f87 1f00 

  0x000001f5a4a06654: ;   {metadata({method} {0x000001f5bbc4fdd8} 'run' '()Ljava/lang/Object;' in 'java/net/URLClassLoader$1')}
  0x000001f5a4a06654: 0000 c349 | bad0 fdc4 | bbf5 0100 | 004c 8954 | 2408 48c7 | 0424 ffff 

  0x000001f5a4a0666c: ;   {runtime_call counter_overflow Runtime1 stub}
  0x000001f5a4a0666c: ffff e88d 

  0x000001f5a4a06670: ; ImmutableOopMap {rdx=Oop }
                      ;*synchronization entry
                      ; - java.net.URLClassLoader$1::run@-1 (line 421)
  0x000001f5a4a06670: ab30 07eb 

  0x000001f5a4a06674: ;   {internal_word}
  0x000001f5a4a06674: 9f49 ba49 | 66a0 a4f5 | 0100 004d | 8997 9003 

  0x000001f5a4a06684: ;   {runtime_call SafepointBlob}
  0x000001f5a4a06684: 0000 e975 | 1726 0749 | 8b87 2004 | 0000 49c7 | 8720 0400 | 0000 0000 | 0049 c787 | 2804 0000 
  0x000001f5a4a066a4: 0000 0000 | 4883 c430 

  0x000001f5a4a066ac: ;   {runtime_call unwind_exception Runtime1 stub}
  0x000001f5a4a066ac: 5de9 4e2d | 3007 f4f4 | f4f4 f4f4 | f4f4 f4f4 | f4f4 f4f4 
[Stub Code]
  0x000001f5a4a066c0: ;   {no_reloc}
  0x000001f5a4a066c0: 0f1f 4400 

  0x000001f5a4a066c4: ;   {static_stub}
  0x000001f5a4a066c4: 0048 bb20 | fdc4 bbf5 

  0x000001f5a4a066cc: ;   {runtime_call I2C/C2I adapters}
  0x000001f5a4a066cc: 0100 00e9 | 85a7 2507 
[Exception Handler]
  0x000001f5a4a066d4: ;   {runtime_call handle_exception_from_callee Runtime1 stub}
  0x000001f5a4a066d4: e827 7530 

  0x000001f5a4a066d8: ;   {external_word}
  0x000001f5a4a066d8: 0748 b920 | ca33 3dfa | 7f00 0048 

  0x000001f5a4a066e4: ;   {runtime_call}
  0x000001f5a4a066e4: 83e4 f049 | ba70 a6fa | 3cfa 7f00 | 0041 ffd2 

  0x000001f5a4a066f4: ;   {section_word}
  0x000001f5a4a066f4: f449 baf5 | 66a0 a4f5 | 0100 0041 

  0x000001f5a4a06700: ;   {runtime_call DeoptimizationBlob}
  0x000001f5a4a06700: 52e9 9a09 | 2607 f4f4 
[/MachCode]


Compiled method (c1)     852 1366       3       java.security.AccessController::executePrivileged (65 bytes)
 total in heap  [0x000001f5a494be10,0x000001f5a494c3f8] = 1512
 relocation     [0x000001f5a494bf70,0x000001f5a494bfd0] = 96
 main code      [0x000001f5a494bfe0,0x000001f5a494c280] = 672
 stub code      [0x000001f5a494c280,0x000001f5a494c2d8] = 88
 metadata       [0x000001f5a494c2d8,0x000001f5a494c2e8] = 16
 scopes data    [0x000001f5a494c2e8,0x000001f5a494c360] = 120
 scopes pcs     [0x000001f5a494c360,0x000001f5a494c3e0] = 128
 dependencies   [0x000001f5a494c3e0,0x000001f5a494c3e8] = 8
 nul chk table  [0x000001f5a494c3e8,0x000001f5a494c3f8] = 16

[Constant Pool (empty)]

[MachCode]
[Verified Entry Point]
  # {method} {0x0000000800063418} 'executePrivileged' '(Ljava/security/PrivilegedExceptionAction;Ljava/security/AccessControlContext;Ljava/lang/Class;)Ljava/lang/Object;' in 'java/security/AccessController'
  # parm0:    rdx:rdx   = 'java/security/PrivilegedExceptionAction'
  # parm1:    r8:r8     = 'java/security/AccessControlContext'
  # parm2:    r9:r9     = 'java/lang/Class'
  #           [sp+0x50]  (sp of caller)
  0x000001f5a494bfe0: 8984 2400 | 90ff ff55 | 4883 ec40 | 4c89 4424 

  0x000001f5a494bff0: ;   {metadata(method data for {method} {0x0000000800063418} 'executePrivileged' '(Ljava/security/PrivilegedExceptionAction;Ljava/security/AccessControlContext;Ljava/lang/Class;)Ljava/lang/Object;' in 'java/security/AccessController')}
  0x000001f5a494bff0: 3048 bec0 | d5e9 bbf5 | 0100 008b | becc 0000 | 0083 c702 | 89be cc00 | 0000 81e7 | fe07 0000 
  0x000001f5a494c010: 83ff 000f | 84bf 0100 | 0049 83f8 

  0x000001f5a494c01c: ;   {metadata(method data for {method} {0x0000000800063418} 'executePrivileged' '(Ljava/security/PrivilegedExceptionAction;Ljava/security/AccessControlContext;Ljava/lang/Class;)Ljava/lang/Object;' in 'java/security/AccessController')}
  0x000001f5a494c01c: 0048 bec0 | d5e9 bbf5 | 0100 0048 | bf10 0100 | 0000 0000 | 000f 840a | 0000 0048 | bf20 0100 
  0x000001f5a494c03c: 0000 0000 | 0048 8b1c | 3e48 8d5b | 0148 891c | 3e4c 894c | 2428 4889 | 5424 200f | 841f 0000 
  0x000001f5a494c05c: ;   {metadata(method data for {method} {0x0000000800063418} 'executePrivileged' '(Ljava/security/PrivilegedExceptionAction;Ljava/security/AccessControlContext;Ljava/lang/Class;)Ljava/lang/Object;' in 'java/security/AccessController')}
  0x000001f5a494c05c: 0048 bec0 | d5e9 bbf5 | 0100 0048 | 8386 3001 | 0000 0149 | 8bd0 0f1f 

  0x000001f5a494c074: ;   {static_call}
  0x000001f5a494c074: 4400 00e8 

  0x000001f5a494c078: ; ImmutableOopMap {[32]=Oop [40]=Oop [48]=Oop }
                      ;*invokestatic ensureMaterializedForStackWalk {reexecute=0 rethrow=0 return_oop=0}
                      ; - java.security.AccessController::executePrivileged@5 (line 803)
  0x000001f5a494c078: 44c9 8b07 

  0x000001f5a494c07c: ;   {metadata(method data for {method} {0x0000000800063418} 'executePrivileged' '(Ljava/security/PrivilegedExceptionAction;Ljava/security/AccessControlContext;Ljava/lang/Class;)Ljava/lang/Object;' in 'java/security/AccessController')}
  0x000001f5a494c07c: 48ba c0d5 | e9bb f501 | 0000 ff82 | 4001 0000 | 488b 5424 | 2048 3b02 

  0x000001f5a494c094: ;   {metadata(method data for {method} {0x0000000800063418} 'executePrivileged' '(Ljava/security/PrivilegedExceptionAction;Ljava/security/AccessControlContext;Ljava/lang/Class;)Ljava/lang/Object;' in 'java/security/AccessController')}
  0x000001f5a494c094: 488b f248 | bfc0 d5e9 | bbf5 0100 | 008b 7608 | 49ba 0000 | 0000 0800 | 0000 4903 | f248 3bb7 
  0x000001f5a494c0b4: b001 0000 | 750d 4883 | 87b8 0100 | 0001 e966 | 0000 0048 | 3bb7 c001 | 0000 750d | 4883 87c8 
  0x000001f5a494c0d4: 0100 0001 | e950 0000 | 0048 81bf | b001 0000 | 0000 0000 | 7517 4889 | b7b0 0100 | 0048 c787 
  0x000001f5a494c0f4: b801 0000 | 0100 0000 | e92c 0000 | 0048 81bf | c001 0000 | 0000 0000 | 7517 4889 | b7c0 0100 
  0x000001f5a494c114: 0048 c787 | c801 0000 | 0100 0000 | e908 0000 | 0048 8387 | a001 0000 | 0148 b830 | 3b22 c0f5 
  0x000001f5a494c134: ;   {virtual_call}
  0x000001f5a494c134: 0100 00e8 

  0x000001f5a494c138: ; ImmutableOopMap {[40]=Oop [48]=Oop }
                      ;*invokeinterface run {reexecute=0 rethrow=0 return_oop=0}
                      ; - java.security.AccessController::executePrivileged@29 (line 807)
  0x000001f5a494c138: 243d 3107 

  0x000001f5a494c13c: ;   {metadata(method data for {method} {0x0000000800063418} 'executePrivileged' '(Ljava/security/PrivilegedExceptionAction;Ljava/security/AccessControlContext;Ljava/lang/Class;)Ljava/lang/Object;' in 'java/security/AccessController')}
  0x000001f5a494c13c: 48be c0d5 | e9bb f501 | 0000 ff86 | d801 0000 | 4c8b 4c24 

  0x000001f5a494c150: ;   {metadata(method data for {method} {0x0000000800063418} 'executePrivileged' '(Ljava/security/PrivilegedExceptionAction;Ljava/security/AccessControlContext;Ljava/lang/Class;)Ljava/lang/Object;' in 'java/security/AccessController')}
  0x000001f5a494c150: 2848 bec0 | d5e9 bbf5 | 0100 0048 | 8386 3802 

  0x000001f5a494c160: ;   {metadata(method data for {method} {0x00000008000462d8} 'reachabilityFence' '(Ljava/lang/Object;)V' in 'java/lang/ref/Reference')}
  0x000001f5a494c160: 0000 0148 | be38 0ec3 | bbf5 0100 | 008b becc | 0000 0083 | c702 89be | cc00 0000 | 81e7 feff 
  0x000001f5a494c180: 1f00 83ff | 000f 8473 

  0x000001f5a494c188: ;   {metadata(method data for {method} {0x0000000800063418} 'executePrivileged' '(Ljava/security/PrivilegedExceptionAction;Ljava/security/AccessControlContext;Ljava/lang/Class;)Ljava/lang/Object;' in 'java/security/AccessController')}
  0x000001f5a494c188: 0000 0048 | bec0 d5e9 | bbf5 0100 | 0048 8386 | 4802 0000 

  0x000001f5a494c19c: ;   {metadata(method data for {method} {0x00000008000462d8} 'reachabilityFence' '(Ljava/lang/Object;)V' in 'java/lang/ref/Reference')}
  0x000001f5a494c19c: 0148 be38 | 0ec3 bbf5 | 0100 008b | becc 0000 | 0083 c702 | 89be cc00 | 0000 81e7 | feff 1f00 
  0x000001f5a494c1bc: 83ff 000f | 845a 0000 | 0048 83c4 

  0x000001f5a494c1c8: ;   {poll_return}
  0x000001f5a494c1c8: 405d 493b | a778 0300 | 000f 8766 | 0000 00c3 

  0x000001f5a494c1d8: ;   {metadata({method} {0x0000000800063418} 'executePrivileged' '(Ljava/security/PrivilegedExceptionAction;Ljava/security/AccessControlContext;Ljava/lang/Class;)Ljava/lang/Object;' in 'java/security/AccessController')}
  0x000001f5a494c1d8: 49ba 1034 | 0600 0800 | 0000 4c89 | 5424 0848 | c704 24ff 

  0x000001f5a494c1ec: ;   {runtime_call counter_overflow Runtime1 stub}
  0x000001f5a494c1ec: ffff ffe8 

  0x000001f5a494c1f0: ; ImmutableOopMap {rdx=Oop r8=Oop r9=Oop [48]=Oop }
                      ;*synchronization entry
                      ; - java.security.AccessController::executePrivileged@-1 (line 802)
  0x000001f5a494c1f0: 0c50 3c07 | e920 feff 

  0x000001f5a494c1f8: ;   {runtime_call throw_null_pointer_exception Runtime1 stub}
  0x000001f5a494c1f8: ffe8 22f0 

  0x000001f5a494c1fc: ; ImmutableOopMap {rdx=Oop [40]=Oop [48]=Oop }
                      ;*invokeinterface run {reexecute=0 rethrow=0 return_oop=0}
                      ; - java.security.AccessController::executePrivileged@29 (line 807)
                      ;   {metadata({method} {0x00000008000462d8} 'reachabilityFence' '(Ljava/lang/Object;)V' in 'java/lang/ref/Reference')}
  0x000001f5a494c1fc: 3b07 49ba | d062 0400 | 0800 0000 | 4c89 5424 | 0848 c704 | 24ff ffff 

  0x000001f5a494c214: ;   {runtime_call counter_overflow Runtime1 stub}
  0x000001f5a494c214: ffe8 e64f 

  0x000001f5a494c218: ; ImmutableOopMap {rax=Oop r9=Oop }
                      ;*synchronization entry
                      ; - java.lang.ref.Reference::reachabilityFence@-1 (line 627)
                      ; - java.security.AccessController::executePrivileged@56 (line 812)
  0x000001f5a494c218: 3c07 e96c 

  0x000001f5a494c21c: ;   {metadata({method} {0x00000008000462d8} 'reachabilityFence' '(Ljava/lang/Object;)V' in 'java/lang/ref/Reference')}
  0x000001f5a494c21c: ffff ff49 | bad0 6204 | 0008 0000 | 004c 8954 | 2408 48c7 | 0424 ffff 

  0x000001f5a494c234: ;   {runtime_call counter_overflow Runtime1 stub}
  0x000001f5a494c234: ffff e8c5 

  0x000001f5a494c238: ; ImmutableOopMap {rax=Oop }
                      ;*synchronization entry
                      ; - java.lang.ref.Reference::reachabilityFence@-1 (line 627)
                      ; - java.security.AccessController::executePrivileged@60 (line 813)
  0x000001f5a494c238: 4f3c 07eb 

  0x000001f5a494c23c: ;   {internal_word}
  0x000001f5a494c23c: 8849 baca | c194 a4f5 | 0100 004d | 8997 9003 

  0x000001f5a494c24c: ;   {runtime_call SafepointBlob}
  0x000001f5a494c24c: 0000 e9ad | bb31 0749 | 8b87 2004 | 0000 49c7 | 8720 0400 | 0000 0000 | 0049 c787 | 2804 0000 
  0x000001f5a494c26c: 0000 0000 | 4883 c440 

  0x000001f5a494c274: ;   {runtime_call unwind_exception Runtime1 stub}
  0x000001f5a494c274: 5de9 86d1 | 3b07 f4f4 | f4f4 f4f4 
[Stub Code]
  0x000001f5a494c280: ;   {no_reloc}
  0x000001f5a494c280: 0f1f 4400 

  0x000001f5a494c284: ;   {static_stub}
  0x000001f5a494c284: 0048 bb20 | 3b06 0008 

  0x000001f5a494c28c: ;   {runtime_call I2C/C2I adapters}
  0x000001f5a494c28c: 0000 00e9 | c54b 3107 

  0x000001f5a494c294: ;   {static_stub}
  0x000001f5a494c294: 9048 bb00 | 0000 0000 

  0x000001f5a494c29c: ;   {runtime_call}
  0x000001f5a494c29c: 0000 00e9 | fbff ffff 
[Exception Handler]
  0x000001f5a494c2a4: ;   {runtime_call handle_exception_from_callee Runtime1 stub}
  0x000001f5a494c2a4: e857 193c 

  0x000001f5a494c2a8: ;   {external_word}
  0x000001f5a494c2a8: 0748 b920 | ca33 3dfa | 7f00 0048 

  0x000001f5a494c2b4: ;   {runtime_call}
  0x000001f5a494c2b4: 83e4 f049 | ba70 a6fa | 3cfa 7f00 | 0041 ffd2 

  0x000001f5a494c2c4: ;   {section_word}
  0x000001f5a494c2c4: f449 bac5 | c294 a4f5 | 0100 0041 

  0x000001f5a494c2d0: ;   {runtime_call DeoptimizationBlob}
  0x000001f5a494c2d0: 52e9 caad | 3107 f4f4 
[/MachCode]


Compiled method (c1)     858 1748   !   3       java.net.URLClassLoader::findClass (47 bytes)
 total in heap  [0x000001f5a4a05510,0x000001f5a4a05f28] = 2584
 relocation     [0x000001f5a4a05670,0x000001f5a4a05700] = 144
 main code      [0x000001f5a4a05700,0x000001f5a4a05ce0] = 1504
 stub code      [0x000001f5a4a05ce0,0x000001f5a4a05d48] = 104
 metadata       [0x000001f5a4a05d48,0x000001f5a4a05d68] = 32
 scopes data    [0x000001f5a4a05d68,0x000001f5a4a05df8] = 144
 scopes pcs     [0x000001f5a4a05df8,0x000001f5a4a05ec8] = 208
 dependencies   [0x000001f5a4a05ec8,0x000001f5a4a05ed0] = 8
 handler table  [0x000001f5a4a05ed0,0x000001f5a4a05f18] = 72
 nul chk table  [0x000001f5a4a05f18,0x000001f5a4a05f28] = 16

[Constant Pool (empty)]

[MachCode]
[Entry Point]
  # {method} {0x000000080006ad90} 'findClass' '(Ljava/lang/String;)Ljava/lang/Class;' in 'java/net/URLClassLoader'
  # this:     rdx:rdx   = 'java/net/URLClassLoader'
  # parm0:    r8:r8     = 'java/lang/String'
  #           [sp+0x70]  (sp of caller)
  0x000001f5a4a05700: 448b 5208 | 49bb 0000 | 0000 0800 | 0000 4d03 | d34c 3bd0 

  0x000001f5a4a05714: ;   {runtime_call ic_miss_stub}
  0x000001f5a4a05714: 0f85 66c0 | 2507 660f | 1f44 0000 
[Verified Entry Point]
  0x000001f5a4a05720: 8984 2400 | 90ff ff55 | 4883 ec60 

  0x000001f5a4a0572c: ;   {metadata(method data for {method} {0x000000080006ad90} 'findClass' '(Ljava/lang/String;)Ljava/lang/Class;' in 'java/net/URLClassLoader')}
  0x000001f5a4a0572c: 488b da48 | ba28 3fed | bbf5 0100 | 008b b2cc | 0000 0083 | c602 89b2 | cc00 0000 | 81e6 fe07 
  0x000001f5a4a0574c: 0000 83fe | 000f 8443 

  0x000001f5a4a05754: ;   {metadata('java/net/URLClassLoader$1')}
  0x000001f5a4a05754: 0400 0048 | ba70 4404 | 0108 0000 | 0049 8b87 | f800 0000 | 488d 7818 | 493b bf08 | 0100 000f 
  0x000001f5a4a05774: 8742 0400 | 0049 89bf | f800 0000 | 48c7 0001 | 0000 0048 | 8bca 49ba | 0000 0000 | 0800 0000 
  0x000001f5a4a05794: 492b ca89 | 4808 4833 | c989 480c | 4833 c948 | 8948 1048 

  0x000001f5a4a057a8: ;   {metadata(method data for {method} {0x000000080006ad90} 'findClass' '(Ljava/lang/String;)Ljava/lang/Class;' in 'java/net/URLClassLoader')}
  0x000001f5a4a057a8: 8bd0 48be | 283f edbb | f501 0000 | 4883 8610 | 0100 0001 

  0x000001f5a4a057bc: ;   {metadata(method data for {method} {0x000001f5bbc4fbe0} '<init>' '(Ljava/net/URLClassLoader;Ljava/lang/String;)V' in 'java/net/URLClassLoader$1')}
  0x000001f5a4a057bc: 48ba 9041 | edbb f501 | 0000 8bb2 | cc00 0000 | 83c6 0289 | b2cc 0000 | 0081 e6fe | ff1f 0083 
  0x000001f5a4a057dc: fe00 0f84 | e403 0000 | 410f be57 | 4083 fa00 | 0f85 f703 | 0000 4c8b | d344 8950 | 1048 8bd0 
  0x000001f5a4a057fc: 4833 d348 | c1ea 1448 | 83fa 000f | 85f7 0300 | 0041 0fbe | 5740 83fa | 000f 8501 | 0400 004d 
  0x000001f5a4a0581c: 8bd0 4489 | 500c 488b | d049 33d0 | 48c1 ea14 | 4883 fa00 | 0f85 0104 | 0000 488b 

  0x000001f5a4a05838: ;   {metadata(method data for {method} {0x000001f5bbc4fbe0} '<init>' '(Ljava/net/URLClassLoader;Ljava/lang/String;)V' in 'java/net/URLClassLoader$1')}
  0x000001f5a4a05838: d048 be90 | 41ed bbf5 | 0100 0048 | 8386 1001 

  0x000001f5a4a05848: ;   {metadata(method data for {method} {0x0000000800461358} '<init>' '()V' in 'java/lang/Object')}
  0x000001f5a4a05848: 0000 0148 | ba40 77c0 | bbf5 0100 | 008b b2cc | 0000 0083 | c602 89b2 | cc00 0000 | 81e6 feff 
  0x000001f5a4a05868: 1f00 83fe | 000f 84dc | 0300 008b 

  0x000001f5a4a05874: ;   {metadata(method data for {method} {0x000000080006ad90} 'findClass' '(Ljava/lang/String;)Ljava/lang/Class;' in 'java/net/URLClassLoader')}
  0x000001f5a4a05874: 7358 48ba | 283f edbb | f501 0000 | 4883 8220 | 0100 0001 | 488b d04c | 8944 2448 | 4c8b c60f 
  0x000001f5a4a05894: ;   {static_call}
  0x000001f5a4a05894: 1f40 00e8 

  0x000001f5a4a05898: ; ImmutableOopMap {[72]=Oop }
                      ;*invokestatic doPrivileged {reexecute=0 rethrow=0 return_oop=0}
                      ; - java.net.URLClassLoader::findClass@13 (line 420)
  0x000001f5a4a05898: 4904 0000 | 4883 f800 

  0x000001f5a4a058a0: ;   {metadata(method data for {method} {0x000000080006ad90} 'findClass' '(Ljava/lang/String;)Ljava/lang/Class;' in 'java/net/URLClassLoader')}
  0x000001f5a4a058a0: 7516 48be | 283f edbb | f501 0000 | 808e 2901 | 0000 01e9 | d200 0000 

  0x000001f5a4a058b8: ;   {metadata('java/lang/Class')}
  0x000001f5a4a058b8: 48bf 283b | 0100 0800 | 0000 8b50 | 0849 ba00 | 0000 0008 | 0000 0049 | 03d2 483b | fa0f 8593 
  0x000001f5a4a058d8: ;   {metadata(method data for {method} {0x000000080006ad90} 'findClass' '(Ljava/lang/String;)Ljava/lang/Class;' in 'java/net/URLClassLoader')}
  0x000001f5a4a058d8: 0000 0048 | be28 3fed | bbf5 0100 | 008b 7808 | 49ba 0000 | 0000 0800 | 0000 4903 | fa48 3bbe 
  0x000001f5a4a058f8: 4001 0000 | 750d 4883 | 8648 0100 | 0001 e97f | 0000 0048 | 3bbe 5001 | 0000 750d | 4883 8658 
  0x000001f5a4a05918: 0100 0001 | e969 0000 | 0048 81be | 4001 0000 | 0000 0000 | 7517 4889 | be40 0100 | 0048 c786 
  0x000001f5a4a05938: 4801 0000 | 0100 0000 | e945 0000 | 0048 81be | 5001 0000 | 0000 0000 | 7517 4889 | be50 0100 
  0x000001f5a4a05958: 0048 c786 | 5801 0000 | 0100 0000 | e921 0000 | 00e9 1c00 

  0x000001f5a4a0596c: ;   {metadata(method data for {method} {0x000000080006ad90} 'findClass' '(Ljava/lang/String;)Ljava/lang/Class;' in 'java/net/URLClassLoader')}
  0x000001f5a4a0596c: 0000 48be | 283f edbb | f501 0000 | 4883 ae30 | 0100 0001 | e9eb 0200 | 00e9 0000 

  0x000001f5a4a05988: ;   {metadata(method data for {method} {0x000000080006ad90} 'findClass' '(Ljava/lang/String;)Ljava/lang/Class;' in 'java/net/URLClassLoader')}
  0x000001f5a4a05988: 0000 48ba | 283f edbb | f501 0000 | ff82 6801 | 0000 4883 

  0x000001f5a4a0599c: ;   {metadata(method data for {method} {0x000000080006ad90} 'findClass' '(Ljava/lang/String;)Ljava/lang/Class;' in 'java/net/URLClassLoader')}
  0x000001f5a4a0599c: f800 48ba | 283f edbb | f501 0000 | 48be 0002 | 0000 0000 | 0000 0f84 | 0a00 0000 | 48be f001 
  0x000001f5a4a059bc: 0000 0000 | 0000 488b | 3c32 488d | 7f01 4889 | 3c32 0f84 | 1300 0000 | 4883 c460 

  0x000001f5a4a059d8: ;   {poll_return}
  0x000001f5a4a059d8: 5d49 3ba7 | 7803 0000 | 0f87 9302 | 0000 c34c | 8b44 2448 

  0x000001f5a4a059ec: ;   {metadata('java/lang/ClassNotFoundException')}
  0x000001f5a4a059ec: 48ba c853 | 0800 0800 | 0000 498b | 87f8 0000 | 0048 8d78 | 2849 3bbf | 0801 0000 | 0f87 8102 
  0x000001f5a4a05a0c: 0000 4989 | bff8 0000 | 0048 c700 | 0100 0000 | 488b ca49 | ba00 0000 | 0008 0000 | 0049 2bca 
  0x000001f5a4a05a2c: 8948 0848 | 33c9 8948 | 0c48 33c9 | 4889 4810 | 4889 4818 | 4889 4820 

  0x000001f5a4a05a44: ;   {metadata(method data for {method} {0x000000080006ad90} 'findClass' '(Ljava/lang/String;)Ljava/lang/Class;' in 'java/net/URLClassLoader')}
  0x000001f5a4a05a44: 488b d048 | be28 3fed | bbf5 0100 | 0048 8386 | 1002 0000 | 0148 8bd0 | 4889 4424 | 5066 0f1f 
  0x000001f5a4a05a64: ;   {optimized virtual_call}
  0x000001f5a4a05a64: 4400 00e8 

  0x000001f5a4a05a68: ; ImmutableOopMap {[80]=Oop }
                      ;*invokespecial <init> {reexecute=0 rethrow=0 return_oop=0}
                      ; - java.net.URLClassLoader::findClass@41 (line 445)
  0x000001f5a4a05a68: 14c0 2507 | 488b 4424 | 50e9 5102 | 0000 498b | 8720 0400 | 004d 33d2 | 4d89 9720 | 0400 004d 
  0x000001f5a4a05a88: 33d2 4d89 | 9728 0400 | 0048 8bd0 | 9048 b8ff | ffff ffff 

  0x000001f5a4a05a9c: ;   {virtual_call}
  0x000001f5a4a05a9c: ffff ffe8 

  0x000001f5a4a05aa0: ; ImmutableOopMap {}
                      ;*invokevirtual getException {reexecute=0 rethrow=0 return_oop=0}
                      ; - java.net.URLClassLoader::findClass@25 (line 442)
  0x000001f5a4a05aa0: dcc2 2507 | 4883 f800 

  0x000001f5a4a05aa8: ;   {metadata(method data for {method} {0x000000080006ad90} 'findClass' '(Ljava/lang/String;)Ljava/lang/Class;' in 'java/net/URLClassLoader')}
  0x000001f5a4a05aa8: 7516 48bf | 283f edbb | f501 0000 | 808f b101 | 0000 01e9 | d200 0000 

  0x000001f5a4a05ac0: ;   {metadata('java/lang/ClassNotFoundException')}
  0x000001f5a4a05ac0: 48bb c853 | 0800 0800 | 0000 8b70 | 0849 ba00 | 0000 0008 | 0000 0049 | 03f2 483b | de0f 8593 
  0x000001f5a4a05ae0: ;   {metadata(method data for {method} {0x000000080006ad90} 'findClass' '(Ljava/lang/String;)Ljava/lang/Class;' in 'java/net/URLClassLoader')}
  0x000001f5a4a05ae0: 0000 0048 | bf28 3fed | bbf5 0100 | 008b 5808 | 49ba 0000 | 0000 0800 | 0000 4903 | da48 3b9f 
  0x000001f5a4a05b00: c801 0000 | 750d 4883 | 87d0 0100 | 0001 e97f | 0000 0048 | 3b9f d801 | 0000 750d | 4883 87e0 
  0x000001f5a4a05b20: 0100 0001 | e969 0000 | 0048 81bf | c801 0000 | 0000 0000 | 7517 4889 | 9fc8 0100 | 0048 c787 
  0x000001f5a4a05b40: d001 0000 | 0100 0000 | e945 0000 | 0048 81bf | d801 0000 | 0000 0000 | 7517 4889 | 9fd8 0100 
  0x000001f5a4a05b60: 0048 c787 | e001 0000 | 0100 0000 | e921 0000 | 00e9 1c00 

  0x000001f5a4a05b74: ;   {metadata(method data for {method} {0x000000080006ad90} 'findClass' '(Ljava/lang/String;)Ljava/lang/Class;' in 'java/net/URLClassLoader')}
  0x000001f5a4a05b74: 0000 48bf | 283f edbb | f501 0000 | 4883 afb8 | 0100 0001 | e90f 0100 | 00e9 0000 | 0000 483b 
  0x000001f5a4a05b94: 00e9 2d01 

  0x000001f5a4a05b98: ;   {metadata({method} {0x000000080006ad90} 'findClass' '(Ljava/lang/String;)Ljava/lang/Class;' in 'java/net/URLClassLoader')}
  0x000001f5a4a05b98: 0000 49ba | 88ad 0600 | 0800 0000 | 4c89 5424 | 0848 c704 | 24ff ffff 

  0x000001f5a4a05bb0: ;   {runtime_call counter_overflow Runtime1 stub}
  0x000001f5a4a05bb0: ffe8 4ab6 

  0x000001f5a4a05bb4: ; ImmutableOopMap {rbx=Oop r8=Oop }
                      ;*synchronization entry
                      ; - java.net.URLClassLoader::findClass@-1 (line 420)
  0x000001f5a4a05bb4: 3007 e99c | fbff ff48 

  0x000001f5a4a05bbc: ;   {runtime_call fast_new_instance Runtime1 stub}
  0x000001f5a4a05bbc: 8bd2 e83d 

  0x000001f5a4a05bc0: ; ImmutableOopMap {rbx=Oop r8=Oop }
                      ;*new {reexecute=0 rethrow=0 return_oop=0}
                      ; - java.net.URLClassLoader::findClass@0 (line 420)
  0x000001f5a4a05bc0: 6830 07e9 | dffb ffff 

  0x000001f5a4a05bc8: ;   {metadata({method} {0x000001f5bbc4fbe0} '<init>' '(Ljava/net/URLClassLoader;Ljava/lang/String;)V' in 'java/net/URLClassLoader$1')}
  0x000001f5a4a05bc8: 49ba d8fb | c4bb f501 | 0000 4c89 | 5424 0848 | c704 24ff 

  0x000001f5a4a05bdc: ;   {runtime_call counter_overflow Runtime1 stub}
  0x000001f5a4a05bdc: ffff ffe8 

  0x000001f5a4a05be0: ; ImmutableOopMap {rbx=Oop r8=Oop rax=Oop }
                      ;*synchronization entry
                      ; - java.net.URLClassLoader$1::<init>@-1 (line 421)
                      ; - java.net.URLClassLoader::findClass@6 (line 420)
  0x000001f5a4a05be0: 1cb6 3007 | e9fb fbff | ff8b 5010 | 4883 fa00 | 0f84 fcfb | ffff 4889 

  0x000001f5a4a05bf8: ;   {runtime_call g1_pre_barrier_slow}
  0x000001f5a4a05bf8: 1424 e801 | bc30 07e9 | eefb ffff | 4883 fb00 | 0f84 fffb | ffff 4889 

  0x000001f5a4a05c10: ;   {runtime_call g1_post_barrier_slow}
  0x000001f5a4a05c10: 0424 e8e9 | be30 07e9 | f1fb ffff | 8b50 0c48 | 83fa 000f | 84f2 fbff | ff48 8914 

  0x000001f5a4a05c2c: ;   {runtime_call g1_pre_barrier_slow}
  0x000001f5a4a05c2c: 24e8 cebb | 3007 e9e4 | fbff ff49 | 83f8 000f | 84f5 fbff | ff48 8904 

  0x000001f5a4a05c44: ;   {runtime_call g1_post_barrier_slow}
  0x000001f5a4a05c44: 24e8 b6be | 3007 e9e7 

  0x000001f5a4a05c4c: ;   {metadata({method} {0x0000000800461358} '<init>' '()V' in 'java/lang/Object')}
  0x000001f5a4a05c4c: fbff ff49 | ba50 1346 | 0008 0000 | 004c 8954 | 2408 48c7 | 0424 ffff 

  0x000001f5a4a05c64: ;   {runtime_call counter_overflow Runtime1 stub}
  0x000001f5a4a05c64: ffff e895 

  0x000001f5a4a05c68: ; ImmutableOopMap {rbx=Oop r8=Oop rax=Oop }
                      ;*synchronization entry
                      ; - java.lang.Object::<init>@-1 (line 45)
                      ; - java.net.URLClassLoader$1::<init>@11 (line 421)
                      ; - java.net.URLClassLoader::findClass@6 (line 420)
  0x000001f5a4a05c68: b530 07e9 | 03fc ffff | 4889 0424 

  0x000001f5a4a05c74: ;   {runtime_call throw_class_cast_exception Runtime1 stub}
  0x000001f5a4a05c74: e8a7 8530 

  0x000001f5a4a05c78: ; ImmutableOopMap {[72]=Oop }
                      ;*checkcast {reexecute=0 rethrow=0 return_oop=0}
                      ; - java.net.URLClassLoader::findClass@16 (line 420)
                      ;   {internal_word}
  0x000001f5a4a05c78: 0749 bad9 | 59a0 a4f5 | 0100 004d | 8997 9003 

  0x000001f5a4a05c88: ;   {runtime_call SafepointBlob}
  0x000001f5a4a05c88: 0000 e971 | 2126 0748 

  0x000001f5a4a05c90: ;   {runtime_call fast_new_instance Runtime1 stub}
  0x000001f5a4a05c90: 8bd2 e869 

  0x000001f5a4a05c94: ; ImmutableOopMap {r8=Oop }
                      ;*new {reexecute=0 rethrow=0 return_oop=0}
                      ; - java.net.URLClassLoader::findClass@36 (line 445)
  0x000001f5a4a05c94: 6730 07e9 | a8fd ffff | 4889 0424 

  0x000001f5a4a05ca0: ;   {runtime_call throw_class_cast_exception Runtime1 stub}
  0x000001f5a4a05ca0: e87b 8530 

  0x000001f5a4a05ca4: ; ImmutableOopMap {}
                      ;*checkcast {reexecute=0 rethrow=0 return_oop=0}
                      ; - java.net.URLClassLoader::findClass@28 (line 442)
                      ;   {runtime_call throw_null_pointer_exception Runtime1 stub}
  0x000001f5a4a05ca4: 07e8 7655 

  0x000001f5a4a05ca8: ; ImmutableOopMap {rax=Oop }
                      ;*athrow {reexecute=1 rethrow=0 return_oop=0}
                      ; - (reexecute) java.net.URLClassLoader::findClass@31 (line 442)
  0x000001f5a4a05ca8: 3007 498b | 8720 0400 | 0049 c787 | 2004 0000 | 0000 0000 | 49c7 8728 | 0400 0000 | 0000 0048 
  0x000001f5a4a05cc8: 83c4 605d 

  0x000001f5a4a05ccc: ;   {runtime_call unwind_exception Runtime1 stub}
  0x000001f5a4a05ccc: e92f 3730 | 07f4 f4f4 | f4f4 f4f4 | f4f4 f4f4 | f4f4 f4f4 
[Stub Code]
  0x000001f5a4a05ce0: ;   {no_reloc}
  0x000001f5a4a05ce0: 0f1f 4400 

  0x000001f5a4a05ce4: ;   {static_stub}
  0x000001f5a4a05ce4: 0048 bb30 | 3606 0008 

  0x000001f5a4a05cec: ;   {runtime_call I2C/C2I adapters}
  0x000001f5a4a05cec: 0000 00e9 | 690d 2607 

  0x000001f5a4a05cf4: ;   {static_stub}
  0x000001f5a4a05cf4: 9048 bb00 | 0000 0000 

  0x000001f5a4a05cfc: ;   {runtime_call}
  0x000001f5a4a05cfc: 0000 00e9 | fbff ffff 

  0x000001f5a4a05d04: ;   {static_stub}
  0x000001f5a4a05d04: 9048 bb00 | 0000 0000 

  0x000001f5a4a05d0c: ;   {runtime_call}
  0x000001f5a4a05d0c: 0000 00e9 | fbff ffff 
[Exception Handler]
  0x000001f5a4a05d14: ;   {runtime_call handle_exception_from_callee Runtime1 stub}
  0x000001f5a4a05d14: e8e7 7e30 

  0x000001f5a4a05d18: ;   {external_word}
  0x000001f5a4a05d18: 0748 b920 | ca33 3dfa | 7f00 0048 

  0x000001f5a4a05d24: ;   {runtime_call}
  0x000001f5a4a05d24: 83e4 f049 | ba70 a6fa | 3cfa 7f00 | 0041 ffd2 

  0x000001f5a4a05d34: ;   {section_word}
  0x000001f5a4a05d34: f449 ba35 | 5da0 a4f5 | 0100 0041 

  0x000001f5a4a05d40: ;   {runtime_call DeoptimizationBlob}
  0x000001f5a4a05d40: 52e9 5a13 | 2607 f4f4 
[/MachCode]


---------------  P R O C E S S  ---------------

Threads class SMR info:
_java_thread_list=0x000001f5c02a4460, length=14, elements={
0x000001f599c99a90, 0x000001f5bbbbbaf0, 0x000001f5bbbbc620, 0x000001f5bbbc3240,
0x000001f5bbbc3b70, 0x000001f5bbbc4c40, 0x000001f5bbbc7d20, 0x000001f5bbbd4490,
0x000001f5bbbd9190, 0x000001f5bfd50c20, 0x000001f5bfe7be90, 0x000001f5bfe7de70,
0x000001f5bbbd75c0, 0x000001f5bbbd59f0
}

Java Threads: ( => current thread )
=>0x000001f599c99a90 JavaThread "main" [_thread_in_vm, id=17648, stack(0x0000003087700000,0x0000003087800000)]
  0x000001f5bbbbbaf0 JavaThread "Reference Handler" daemon [_thread_blocked, id=15400, stack(0x0000003087e00000,0x0000003087f00000)]
  0x000001f5bbbbc620 JavaThread "Finalizer" daemon [_thread_blocked, id=17652, stack(0x0000003087f00000,0x0000003088000000)]
  0x000001f5bbbc3240 JavaThread "Signal Dispatcher" daemon [_thread_blocked, id=9396, stack(0x0000003088000000,0x0000003088100000)]
  0x000001f5bbbc3b70 JavaThread "Attach Listener" daemon [_thread_blocked, id=2788, stack(0x0000003088100000,0x0000003088200000)]
  0x000001f5bbbc4c40 JavaThread "Service Thread" daemon [_thread_blocked, id=5212, stack(0x0000003088200000,0x0000003088300000)]
  0x000001f5bbbc7d20 JavaThread "Monitor Deflation Thread" daemon [_thread_blocked, id=21220, stack(0x0000003088300000,0x0000003088400000)]
  0x000001f5bbbd4490 JavaThread "C2 CompilerThread0" daemon [_thread_blocked, id=18436, stack(0x0000003088400000,0x0000003088500000)]
  0x000001f5bbbd9190 JavaThread "C1 CompilerThread0" daemon [_thread_blocked, id=22092, stack(0x0000003088500000,0x0000003088600000)]
  0x000001f5bfd50c20 JavaThread "Sweeper thread" daemon [_thread_blocked, id=4304, stack(0x0000003088600000,0x0000003088700000)]
  0x000001f5bfe7be90 JavaThread "Notification Thread" daemon [_thread_blocked, id=16620, stack(0x0000003088700000,0x0000003088800000)]
  0x000001f5bfe7de70 JavaThread "Common-Cleaner" daemon [_thread_blocked, id=24076, stack(0x0000003088900000,0x0000003088a00000)]
  0x000001f5bbbd75c0 JavaThread "C2 CompilerThread1" daemon [_thread_in_native, id=18648, stack(0x0000003088a00000,0x0000003088b00000)]
  0x000001f5bbbd59f0 JavaThread "C2 CompilerThread2" daemon [_thread_blocked, id=14236, stack(0x0000003088b00000,0x0000003088c00000)]

Other Threads:
  0x000001f5bbba0070 VMThread "VM Thread" [stack: 0x0000003087d00000,0x0000003087e00000] [id=13528]
  0x000001f5bfe7f3b0 WatcherThread "VM Periodic Task Thread" [stack: 0x0000003088800000,0x0000003088900000] [id=13924]
  0x000001f599cf9650 WorkerThread "GC Thread#0" [stack: 0x0000003087800000,0x0000003087900000] [id=14104]
  0x000001f5c07f0f40 WorkerThread "GC Thread#1" [stack: 0x0000003088c00000,0x0000003088d00000] [id=2996]
  0x000001f5c07f0c70 WorkerThread "GC Thread#2" [stack: 0x0000003088d00000,0x0000003088e00000] [id=13524]
  0x000001f5c07f1a80 WorkerThread "GC Thread#3" [stack: 0x0000003088e00000,0x0000003088f00000] [id=4664]
  0x000001f5c07f2020 WorkerThread "GC Thread#4" [stack: 0x0000003088f00000,0x0000003089000000] [id=23504]
  0x000001f5c07f1d50 WorkerThread "GC Thread#5" [stack: 0x0000003089000000,0x0000003089100000] [id=8624]
  0x000001f5c07f0400 WorkerThread "GC Thread#6" [stack: 0x0000003089100000,0x0000003089200000] [id=21152]
  0x000001f599d0a5f0 ConcurrentGCThread "G1 Main Marker" [stack: 0x0000003087900000,0x0000003087a00000] [id=23848]
  0x000001f599d0b7c0 WorkerThread "G1 Conc#0" [stack: 0x0000003087a00000,0x0000003087b00000] [id=7096]
  0x000001f5bba56a40 ConcurrentGCThread "G1 Refine#0" [stack: 0x0000003087b00000,0x0000003087c00000] [id=12376]
  0x000001f5bba58240 ConcurrentGCThread "G1 Service" [stack: 0x0000003087c00000,0x0000003087d00000] [id=21464]

Threads with active compile tasks:
C2 CompilerThread1      867 1849       4       java.lang.StringBuilder::<init> (7 bytes)

VM state: not at safepoint (normal execution)

VM Mutex/Monitor currently owned by a thread:  ([mutex/lock_event])
[0x000001f599c950b0] Metaspace_lock - owner thread: 0x000001f599c99a90

Heap address: 0x0000000081600000, size: 2026 MB, Compressed Oops mode: 32-bit

CDS archive(s) mapped at: [0x0000000800000000-0x0000000800c40000-0x0000000800c40000), size 12845056, SharedBaseAddress: 0x0000000800000000, ArchiveRelocationMode: 0.
Compressed class space mapped at: 0x0000000801000000-0x0000000841000000, reserved size: 1073741824
Narrow klass base: 0x0000000800000000, Narrow klass shift: 0, Narrow klass range: 0x100000000

GC Precious Log:
 CardTable entry size: 512
 Card Set container configuration: InlinePtr #cards 5 size 8 Array Of Cards #cards 12 size 40 Howl #buckets 4 coarsen threshold 1843 Howl Bitmap #cards 512 size 80 coarsen threshold 460 Card regions per heap region 1 cards per card region 2048
 CPUs: 12 total, 12 available
 Memory: 8099M
 Large Page Support: Disabled
 NUMA Support: Disabled
 Compressed Oops: Enabled (32-bit)
 Heap Region Size: 1M
 Heap Min Capacity: 8M
 Heap Initial Capacity: 128M
 Heap Max Capacity: 2026M
 Pre-touch: Disabled
 Parallel Workers: 10
 Concurrent Workers: 3
 Concurrent Refinement Workers: 10
 Periodic GC: Disabled

Heap:
 garbage-first heap   total 131072K, used 13419K [0x0000000081600000, 0x0000000100000000)
  region size 1024K, 12 young (12288K), 3 survivors (3072K)
 Metaspace       used 5591K, committed 5760K, reserved 1114112K
  class space    used 551K, committed 640K, reserved 1048576K

Heap Regions: E=young(eden), S=young(survivor), O=old, HS=humongous(starts), HC=humongous(continues), CS=collection set, F=free, OA=open archive, CA=closed archive, TAMS=top-at-mark-start (previous, next)
|   0|0x0000000081600000, 0x0000000081700000, 0x0000000081700000|100%| O|  |TAMS 0x0000000081600000, 0x0000000081600000| Untracked 
|   1|0x0000000081700000, 0x0000000081800000, 0x0000000081800000|100%| O|  |TAMS 0x0000000081700000, 0x0000000081700000| Untracked 
|   2|0x0000000081800000, 0x000000008181ac00, 0x0000000081900000| 10%| O|  |TAMS 0x0000000081800000, 0x0000000081800000| Untracked 
|   3|0x0000000081900000, 0x0000000081900000, 0x0000000081a00000|  0%| F|  |TAMS 0x0000000081900000, 0x0000000081900000| Untracked 
|   4|0x0000000081a00000, 0x0000000081a00000, 0x0000000081b00000|  0%| F|  |TAMS 0x0000000081a00000, 0x0000000081a00000| Untracked 
|   5|0x0000000081b00000, 0x0000000081b00000, 0x0000000081c00000|  0%| F|  |TAMS 0x0000000081b00000, 0x0000000081b00000| Untracked 
|   6|0x0000000081c00000, 0x0000000081c00000, 0x0000000081d00000|  0%| F|  |TAMS 0x0000000081c00000, 0x0000000081c00000| Untracked 
|   7|0x0000000081d00000, 0x0000000081d00000, 0x0000000081e00000|  0%| F|  |TAMS 0x0000000081d00000, 0x0000000081d00000| Untracked 
|   8|0x0000000081e00000, 0x0000000081e00000, 0x0000000081f00000|  0%| F|  |TAMS 0x0000000081e00000, 0x0000000081e00000| Untracked 
|   9|0x0000000081f00000, 0x0000000081f00000, 0x0000000082000000|  0%| F|  |TAMS 0x0000000081f00000, 0x0000000081f00000| Untracked 
|  10|0x0000000082000000, 0x0000000082000000, 0x0000000082100000|  0%| F|  |TAMS 0x0000000082000000, 0x0000000082000000| Untracked 
|  11|0x0000000082100000, 0x0000000082100000, 0x0000000082200000|  0%| F|  |TAMS 0x0000000082100000, 0x0000000082100000| Untracked 
|  12|0x0000000082200000, 0x0000000082200000, 0x0000000082300000|  0%| F|  |TAMS 0x0000000082200000, 0x0000000082200000| Untracked 
|  13|0x0000000082300000, 0x0000000082300000, 0x0000000082400000|  0%| F|  |TAMS 0x0000000082300000, 0x0000000082300000| Untracked 
|  14|0x0000000082400000, 0x0000000082400000, 0x0000000082500000|  0%| F|  |TAMS 0x0000000082400000, 0x0000000082400000| Untracked 
|  15|0x0000000082500000, 0x0000000082500000, 0x0000000082600000|  0%| F|  |TAMS 0x0000000082500000, 0x0000000082500000| Untracked 
|  16|0x0000000082600000, 0x0000000082600000, 0x0000000082700000|  0%| F|  |TAMS 0x0000000082600000, 0x0000000082600000| Untracked 
|  17|0x0000000082700000, 0x0000000082700000, 0x0000000082800000|  0%| F|  |TAMS 0x0000000082700000, 0x0000000082700000| Untracked 
|  18|0x0000000082800000, 0x0000000082800000, 0x0000000082900000|  0%| F|  |TAMS 0x0000000082800000, 0x0000000082800000| Untracked 
|  19|0x0000000082900000, 0x0000000082900000, 0x0000000082a00000|  0%| F|  |TAMS 0x0000000082900000, 0x0000000082900000| Untracked 
|  20|0x0000000082a00000, 0x0000000082a00000, 0x0000000082b00000|  0%| F|  |TAMS 0x0000000082a00000, 0x0000000082a00000| Untracked 
|  21|0x0000000082b00000, 0x0000000082b00000, 0x0000000082c00000|  0%| F|  |TAMS 0x0000000082b00000, 0x0000000082b00000| Untracked 
|  22|0x0000000082c00000, 0x0000000082c00000, 0x0000000082d00000|  0%| F|  |TAMS 0x0000000082c00000, 0x0000000082c00000| Untracked 
|  23|0x0000000082d00000, 0x0000000082d00000, 0x0000000082e00000|  0%| F|  |TAMS 0x0000000082d00000, 0x0000000082d00000| Untracked 
|  24|0x0000000082e00000, 0x0000000082e00000, 0x0000000082f00000|  0%| F|  |TAMS 0x0000000082e00000, 0x0000000082e00000| Untracked 
|  25|0x0000000082f00000, 0x0000000082f00000, 0x0000000083000000|  0%| F|  |TAMS 0x0000000082f00000, 0x0000000082f00000| Untracked 
|  26|0x0000000083000000, 0x0000000083000000, 0x0000000083100000|  0%| F|  |TAMS 0x0000000083000000, 0x0000000083000000| Untracked 
|  27|0x0000000083100000, 0x0000000083100000, 0x0000000083200000|  0%| F|  |TAMS 0x0000000083100000, 0x0000000083100000| Untracked 
|  28|0x0000000083200000, 0x0000000083200000, 0x0000000083300000|  0%| F|  |TAMS 0x0000000083200000, 0x0000000083200000| Untracked 
|  29|0x0000000083300000, 0x0000000083300000, 0x0000000083400000|  0%| F|  |TAMS 0x0000000083300000, 0x0000000083300000| Untracked 
|  30|0x0000000083400000, 0x0000000083400000, 0x0000000083500000|  0%| F|  |TAMS 0x0000000083400000, 0x0000000083400000| Untracked 
|  31|0x0000000083500000, 0x0000000083500000, 0x0000000083600000|  0%| F|  |TAMS 0x0000000083500000, 0x0000000083500000| Untracked 
|  32|0x0000000083600000, 0x0000000083600000, 0x0000000083700000|  0%| F|  |TAMS 0x0000000083600000, 0x0000000083600000| Untracked 
|  33|0x0000000083700000, 0x0000000083700000, 0x0000000083800000|  0%| F|  |TAMS 0x0000000083700000, 0x0000000083700000| Untracked 
|  34|0x0000000083800000, 0x0000000083800000, 0x0000000083900000|  0%| F|  |TAMS 0x0000000083800000, 0x0000000083800000| Untracked 
|  35|0x0000000083900000, 0x0000000083900000, 0x0000000083a00000|  0%| F|  |TAMS 0x0000000083900000, 0x0000000083900000| Untracked 
|  36|0x0000000083a00000, 0x0000000083a00000, 0x0000000083b00000|  0%| F|  |TAMS 0x0000000083a00000, 0x0000000083a00000| Untracked 
|  37|0x0000000083b00000, 0x0000000083b00000, 0x0000000083c00000|  0%| F|  |TAMS 0x0000000083b00000, 0x0000000083b00000| Untracked 
|  38|0x0000000083c00000, 0x0000000083c00000, 0x0000000083d00000|  0%| F|  |TAMS 0x0000000083c00000, 0x0000000083c00000| Untracked 
|  39|0x0000000083d00000, 0x0000000083d00000, 0x0000000083e00000|  0%| F|  |TAMS 0x0000000083d00000, 0x0000000083d00000| Untracked 
|  40|0x0000000083e00000, 0x0000000083e00000, 0x0000000083f00000|  0%| F|  |TAMS 0x0000000083e00000, 0x0000000083e00000| Untracked 
|  41|0x0000000083f00000, 0x0000000083f00000, 0x0000000084000000|  0%| F|  |TAMS 0x0000000083f00000, 0x0000000083f00000| Untracked 
|  42|0x0000000084000000, 0x0000000084000000, 0x0000000084100000|  0%| F|  |TAMS 0x0000000084000000, 0x0000000084000000| Untracked 
|  43|0x0000000084100000, 0x0000000084100000, 0x0000000084200000|  0%| F|  |TAMS 0x0000000084100000, 0x0000000084100000| Untracked 
|  44|0x0000000084200000, 0x0000000084200000, 0x0000000084300000|  0%| F|  |TAMS 0x0000000084200000, 0x0000000084200000| Untracked 
|  45|0x0000000084300000, 0x0000000084300000, 0x0000000084400000|  0%| F|  |TAMS 0x0000000084300000, 0x0000000084300000| Untracked 
|  46|0x0000000084400000, 0x0000000084400000, 0x0000000084500000|  0%| F|  |TAMS 0x0000000084400000, 0x0000000084400000| Untracked 
|  47|0x0000000084500000, 0x0000000084500000, 0x0000000084600000|  0%| F|  |TAMS 0x0000000084500000, 0x0000000084500000| Untracked 
|  48|0x0000000084600000, 0x0000000084600000, 0x0000000084700000|  0%| F|  |TAMS 0x0000000084600000, 0x0000000084600000| Untracked 
|  49|0x0000000084700000, 0x0000000084700000, 0x0000000084800000|  0%| F|  |TAMS 0x0000000084700000, 0x0000000084700000| Untracked 
|  50|0x0000000084800000, 0x0000000084800000, 0x0000000084900000|  0%| F|  |TAMS 0x0000000084800000, 0x0000000084800000| Untracked 
|  51|0x0000000084900000, 0x0000000084900000, 0x0000000084a00000|  0%| F|  |TAMS 0x0000000084900000, 0x0000000084900000| Untracked 
|  52|0x0000000084a00000, 0x0000000084a00000, 0x0000000084b00000|  0%| F|  |TAMS 0x0000000084a00000, 0x0000000084a00000| Untracked 
|  53|0x0000000084b00000, 0x0000000084b00000, 0x0000000084c00000|  0%| F|  |TAMS 0x0000000084b00000, 0x0000000084b00000| Untracked 
|  54|0x0000000084c00000, 0x0000000084c00000, 0x0000000084d00000|  0%| F|  |TAMS 0x0000000084c00000, 0x0000000084c00000| Untracked 
|  55|0x0000000084d00000, 0x0000000084d00000, 0x0000000084e00000|  0%| F|  |TAMS 0x0000000084d00000, 0x0000000084d00000| Untracked 
|  56|0x0000000084e00000, 0x0000000084e00000, 0x0000000084f00000|  0%| F|  |TAMS 0x0000000084e00000, 0x0000000084e00000| Untracked 
|  57|0x0000000084f00000, 0x0000000084f00000, 0x0000000085000000|  0%| F|  |TAMS 0x0000000084f00000, 0x0000000084f00000| Untracked 
|  58|0x0000000085000000, 0x0000000085000000, 0x0000000085100000|  0%| F|  |TAMS 0x0000000085000000, 0x0000000085000000| Untracked 
|  59|0x0000000085100000, 0x0000000085100000, 0x0000000085200000|  0%| F|  |TAMS 0x0000000085100000, 0x0000000085100000| Untracked 
|  60|0x0000000085200000, 0x0000000085200000, 0x0000000085300000|  0%| F|  |TAMS 0x0000000085200000, 0x0000000085200000| Untracked 
|  61|0x0000000085300000, 0x0000000085300000, 0x0000000085400000|  0%| F|  |TAMS 0x0000000085300000, 0x0000000085300000| Untracked 
|  62|0x0000000085400000, 0x0000000085400000, 0x0000000085500000|  0%| F|  |TAMS 0x0000000085400000, 0x0000000085400000| Untracked 
|  63|0x0000000085500000, 0x0000000085500000, 0x0000000085600000|  0%| F|  |TAMS 0x0000000085500000, 0x0000000085500000| Untracked 
|  64|0x0000000085600000, 0x0000000085600000, 0x0000000085700000|  0%| F|  |TAMS 0x0000000085600000, 0x0000000085600000| Untracked 
|  65|0x0000000085700000, 0x0000000085700000, 0x0000000085800000|  0%| F|  |TAMS 0x0000000085700000, 0x0000000085700000| Untracked 
|  66|0x0000000085800000, 0x0000000085800000, 0x0000000085900000|  0%| F|  |TAMS 0x0000000085800000, 0x0000000085800000| Untracked 
|  67|0x0000000085900000, 0x0000000085900000, 0x0000000085a00000|  0%| F|  |TAMS 0x0000000085900000, 0x0000000085900000| Untracked 
|  68|0x0000000085a00000, 0x0000000085a00000, 0x0000000085b00000|  0%| F|  |TAMS 0x0000000085a00000, 0x0000000085a00000| Untracked 
|  69|0x0000000085b00000, 0x0000000085b00000, 0x0000000085c00000|  0%| F|  |TAMS 0x0000000085b00000, 0x0000000085b00000| Untracked 
|  70|0x0000000085c00000, 0x0000000085c00000, 0x0000000085d00000|  0%| F|  |TAMS 0x0000000085c00000, 0x0000000085c00000| Untracked 
|  71|0x0000000085d00000, 0x0000000085d00000, 0x0000000085e00000|  0%| F|  |TAMS 0x0000000085d00000, 0x0000000085d00000| Untracked 
|  72|0x0000000085e00000, 0x0000000085e00000, 0x0000000085f00000|  0%| F|  |TAMS 0x0000000085e00000, 0x0000000085e00000| Untracked 
|  73|0x0000000085f00000, 0x0000000085f00000, 0x0000000086000000|  0%| F|  |TAMS 0x0000000085f00000, 0x0000000085f00000| Untracked 
|  74|0x0000000086000000, 0x0000000086000000, 0x0000000086100000|  0%| F|  |TAMS 0x0000000086000000, 0x0000000086000000| Untracked 
|  75|0x0000000086100000, 0x0000000086100000, 0x0000000086200000|  0%| F|  |TAMS 0x0000000086100000, 0x0000000086100000| Untracked 
|  76|0x0000000086200000, 0x0000000086200000, 0x0000000086300000|  0%| F|  |TAMS 0x0000000086200000, 0x0000000086200000| Untracked 
|  77|0x0000000086300000, 0x0000000086300000, 0x0000000086400000|  0%| F|  |TAMS 0x0000000086300000, 0x0000000086300000| Untracked 
|  78|0x0000000086400000, 0x0000000086400000, 0x0000000086500000|  0%| F|  |TAMS 0x0000000086400000, 0x0000000086400000| Untracked 
|  79|0x0000000086500000, 0x0000000086500000, 0x0000000086600000|  0%| F|  |TAMS 0x0000000086500000, 0x0000000086500000| Untracked 
|  80|0x0000000086600000, 0x0000000086600000, 0x0000000086700000|  0%| F|  |TAMS 0x0000000086600000, 0x0000000086600000| Untracked 
|  81|0x0000000086700000, 0x0000000086700000, 0x0000000086800000|  0%| F|  |TAMS 0x0000000086700000, 0x0000000086700000| Untracked 
|  82|0x0000000086800000, 0x0000000086800000, 0x0000000086900000|  0%| F|  |TAMS 0x0000000086800000, 0x0000000086800000| Untracked 
|  83|0x0000000086900000, 0x0000000086900000, 0x0000000086a00000|  0%| F|  |TAMS 0x0000000086900000, 0x0000000086900000| Untracked 
|  84|0x0000000086a00000, 0x0000000086a00000, 0x0000000086b00000|  0%| F|  |TAMS 0x0000000086a00000, 0x0000000086a00000| Untracked 
|  85|0x0000000086b00000, 0x0000000086b00000, 0x0000000086c00000|  0%| F|  |TAMS 0x0000000086b00000, 0x0000000086b00000| Untracked 
|  86|0x0000000086c00000, 0x0000000086c00000, 0x0000000086d00000|  0%| F|  |TAMS 0x0000000086c00000, 0x0000000086c00000| Untracked 
|  87|0x0000000086d00000, 0x0000000086d00000, 0x0000000086e00000|  0%| F|  |TAMS 0x0000000086d00000, 0x0000000086d00000| Untracked 
|  88|0x0000000086e00000, 0x0000000086e00000, 0x0000000086f00000|  0%| F|  |TAMS 0x0000000086e00000, 0x0000000086e00000| Untracked 
|  89|0x0000000086f00000, 0x0000000086f00000, 0x0000000087000000|  0%| F|  |TAMS 0x0000000086f00000, 0x0000000086f00000| Untracked 
|  90|0x0000000087000000, 0x0000000087000000, 0x0000000087100000|  0%| F|  |TAMS 0x0000000087000000, 0x0000000087000000| Untracked 
|  91|0x0000000087100000, 0x0000000087100000, 0x0000000087200000|  0%| F|  |TAMS 0x0000000087100000, 0x0000000087100000| Untracked 
|  92|0x0000000087200000, 0x0000000087200000, 0x0000000087300000|  0%| F|  |TAMS 0x0000000087200000, 0x0000000087200000| Untracked 
|  93|0x0000000087300000, 0x0000000087300000, 0x0000000087400000|  0%| F|  |TAMS 0x0000000087300000, 0x0000000087300000| Untracked 
|  94|0x0000000087400000, 0x0000000087400000, 0x0000000087500000|  0%| F|  |TAMS 0x0000000087400000, 0x0000000087400000| Untracked 
|  95|0x0000000087500000, 0x0000000087500000, 0x0000000087600000|  0%| F|  |TAMS 0x0000000087500000, 0x0000000087500000| Untracked 
|  96|0x0000000087600000, 0x0000000087600000, 0x0000000087700000|  0%| F|  |TAMS 0x0000000087600000, 0x0000000087600000| Untracked 
|  97|0x0000000087700000, 0x0000000087700000, 0x0000000087800000|  0%| F|  |TAMS 0x0000000087700000, 0x0000000087700000| Untracked 
|  98|0x0000000087800000, 0x0000000087800000, 0x0000000087900000|  0%| F|  |TAMS 0x0000000087800000, 0x0000000087800000| Untracked 
|  99|0x0000000087900000, 0x0000000087900000, 0x0000000087a00000|  0%| F|  |TAMS 0x0000000087900000, 0x0000000087900000| Untracked 
| 100|0x0000000087a00000, 0x0000000087a00000, 0x0000000087b00000|  0%| F|  |TAMS 0x0000000087a00000, 0x0000000087a00000| Untracked 
| 101|0x0000000087b00000, 0x0000000087b00000, 0x0000000087c00000|  0%| F|  |TAMS 0x0000000087b00000, 0x0000000087b00000| Untracked 
| 102|0x0000000087c00000, 0x0000000087d00000, 0x0000000087d00000|100%| S|CS|TAMS 0x0000000087c00000, 0x0000000087c00000| Complete 
| 103|0x0000000087d00000, 0x0000000087e00000, 0x0000000087e00000|100%| S|CS|TAMS 0x0000000087d00000, 0x0000000087d00000| Complete 
| 104|0x0000000087e00000, 0x0000000087f00000, 0x0000000087f00000|100%| S|CS|TAMS 0x0000000087e00000, 0x0000000087e00000| Complete 
| 105|0x0000000087f00000, 0x0000000087f00000, 0x0000000088000000|  0%| F|  |TAMS 0x0000000087f00000, 0x0000000087f00000| Untracked 
| 106|0x0000000088000000, 0x0000000088000000, 0x0000000088100000|  0%| F|  |TAMS 0x0000000088000000, 0x0000000088000000| Untracked 
| 107|0x0000000088100000, 0x0000000088100000, 0x0000000088200000|  0%| F|  |TAMS 0x0000000088100000, 0x0000000088100000| Untracked 
| 108|0x0000000088200000, 0x0000000088200000, 0x0000000088300000|  0%| F|  |TAMS 0x0000000088200000, 0x0000000088200000| Untracked 
| 109|0x0000000088300000, 0x0000000088300000, 0x0000000088400000|  0%| F|  |TAMS 0x0000000088300000, 0x0000000088300000| Untracked 
| 110|0x0000000088400000, 0x0000000088400000, 0x0000000088500000|  0%| F|  |TAMS 0x0000000088400000, 0x0000000088400000| Untracked 
| 111|0x0000000088500000, 0x0000000088500000, 0x0000000088600000|  0%| F|  |TAMS 0x0000000088500000, 0x0000000088500000| Untracked 
| 112|0x0000000088600000, 0x0000000088600000, 0x0000000088700000|  0%| F|  |TAMS 0x0000000088600000, 0x0000000088600000| Untracked 
| 113|0x0000000088700000, 0x0000000088700000, 0x0000000088800000|  0%| F|  |TAMS 0x0000000088700000, 0x0000000088700000| Untracked 
| 114|0x0000000088800000, 0x0000000088800000, 0x0000000088900000|  0%| F|  |TAMS 0x0000000088800000, 0x0000000088800000| Untracked 
| 115|0x0000000088900000, 0x0000000088900000, 0x0000000088a00000|  0%| F|  |TAMS 0x0000000088900000, 0x0000000088900000| Untracked 
| 116|0x0000000088a00000, 0x0000000088a00000, 0x0000000088b00000|  0%| F|  |TAMS 0x0000000088a00000, 0x0000000088a00000| Untracked 
| 117|0x0000000088b00000, 0x0000000088b00000, 0x0000000088c00000|  0%| F|  |TAMS 0x0000000088b00000, 0x0000000088b00000| Untracked 
| 118|0x0000000088c00000, 0x0000000088c00000, 0x0000000088d00000|  0%| F|  |TAMS 0x0000000088c00000, 0x0000000088c00000| Untracked 
| 119|0x0000000088d00000, 0x0000000088dc92c0, 0x0000000088e00000| 78%| E|  |TAMS 0x0000000088d00000, 0x0000000088d00000| Complete 
| 120|0x0000000088e00000, 0x0000000088f00000, 0x0000000088f00000|100%| E|CS|TAMS 0x0000000088e00000, 0x0000000088e00000| Complete 
| 121|0x0000000088f00000, 0x0000000089000000, 0x0000000089000000|100%| E|CS|TAMS 0x0000000088f00000, 0x0000000088f00000| Complete 
| 122|0x0000000089000000, 0x0000000089100000, 0x0000000089100000|100%| E|CS|TAMS 0x0000000089000000, 0x0000000089000000| Complete 
| 123|0x0000000089100000, 0x0000000089200000, 0x0000000089200000|100%| E|CS|TAMS 0x0000000089100000, 0x0000000089100000| Complete 
| 124|0x0000000089200000, 0x0000000089300000, 0x0000000089300000|100%| E|CS|TAMS 0x0000000089200000, 0x0000000089200000| Complete 
| 125|0x0000000089300000, 0x0000000089400000, 0x0000000089400000|100%| E|CS|TAMS 0x0000000089300000, 0x0000000089300000| Complete 
| 126|0x0000000089400000, 0x0000000089500000, 0x0000000089500000|100%| E|CS|TAMS 0x0000000089400000, 0x0000000089400000| Complete 
| 127|0x0000000089500000, 0x0000000089600000, 0x0000000089600000|100%| E|CS|TAMS 0x0000000089500000, 0x0000000089500000| Complete 

Card table byte_map: [0x000001f5b4760000,0x000001f5b4b60000] _byte_map_base: 0x000001f5b4355000

Marking Bits (Prev, Next): (CMBitMap*) 0x000001f599cf9c80, (CMBitMap*) 0x000001f599cf9cc0
 Prev Bits: [0x000001f5b4f60000, 0x000001f5b6f08000)
 Next Bits: [0x000001f5b6f10000, 0x000001f5b8eb8000)

Polling page: 0x000001f5a46b0000

Metaspace:

Usage:
  Non-class:      4.92 MB used.
      Class:    551.02 KB used.
       Both:      5.46 MB used.

Virtual space:
  Non-class space:       64.00 MB reserved,       5.00 MB (  8%) committed,  1 nodes.
      Class space:        1.00 GB reserved,     640.00 KB ( <1%) committed,  1 nodes.
             Both:        1.06 GB reserved,       5.62 MB ( <1%) committed. 

Chunk freelists:
   Non-Class:  1.92 MB
       Class:  3.41 MB
        Both:  5.33 MB

MaxMetaspaceSize: unlimited
CompressedClassSpaceSize: 1.00 GB
Initial GC threshold: 21.00 MB
Current GC threshold: 21.00 MB
CDS: on
MetaspaceReclaimPolicy: balanced
 - commit_granule_bytes: 65536.
 - commit_granule_words: 8192.
 - virtual_space_node_default_size: 8388608.
 - enlarge_chunks_in_place: 1.
 - new_chunks_are_fully_committed: 0.
 - uncommit_free_chunks: 1.
 - use_allocation_guard: 0.


Internal statistics:

num_allocs_failed_limit: 0.
num_arena_births: 168.
num_arena_deaths: 0.
num_vsnodes_births: 2.
num_vsnodes_deaths: 0.
num_space_committed: 90.
num_space_uncommitted: 0.
num_chunks_returned_to_freelist: 0.
num_chunks_taken_from_freelist: 293.
num_chunk_merges: 0.
num_chunk_splits: 190.
num_chunks_enlarged: 135.
num_inconsistent_stats: 0.

CodeHeap 'non-profiled nmethods': size=120000Kb used=673Kb max_used=673Kb free=119326Kb
 bounds [0x000001f5ac1a0000, 0x000001f5ac410000, 0x000001f5b36d0000]
CodeHeap 'profiled nmethods': size=120000Kb used=3572Kb max_used=3572Kb free=116427Kb
 bounds [0x000001f5a46d0000, 0x000001f5a4a50000, 0x000001f5abc00000]
CodeHeap 'non-nmethods': size=5760Kb used=1239Kb max_used=1287Kb free=4520Kb
 bounds [0x000001f5abc00000, 0x000001f5abe70000, 0x000001f5ac1a0000]
 total_blobs=2297 nmethods=1848 adapters=360
 compilation: enabled
              stopped_count=0, restarted_count=0
 full_count=0

Compilation events (20 events):
Event: 0.836 Thread 0x000001f5bbbd9190 1839       3       java.lang.invoke.MethodHandles$Lookup::isClassAccessible (53 bytes)
Event: 0.836 Thread 0x000001f5bbbd9190 nmethod 1839 0x000001f5a4a48590 code [0x000001f5a4a487a0, 0x000001f5a4a48d78]
Event: 0.836 Thread 0x000001f5bbbd9190 1840       3       java.lang.reflect.Constructor::getParameterTypes (11 bytes)
Event: 0.837 Thread 0x000001f5bbbd9190 nmethod 1840 0x000001f5a4a48f90 code [0x000001f5a4a49140, 0x000001f5a4a49408]
Event: 0.837 Thread 0x000001f5bbbd9190 1841       3       java.util.Dictionary::<init> (5 bytes)
Event: 0.837 Thread 0x000001f5bbbd9190 nmethod 1841 0x000001f5a4a49510 code [0x000001f5a4a496c0, 0x000001f5a4a49818]
Event: 0.837 Thread 0x000001f5bbbd9190 1842       3       java.util.stream.ReferencePipeline::collect (124 bytes)
Event: 0.837 Thread 0x000001f5bbbd9190 nmethod 1842 0x000001f5a4a49910 code [0x000001f5a4a49ba0, 0x000001f5a4a4a848]
Event: 0.837 Thread 0x000001f5bbbd9190 1847       3       java.lang.invoke.LambdaFormEditor::getInCache (165 bytes)
Event: 0.838 Thread 0x000001f5bbbd9190 nmethod 1847 0x000001f5a4a4ac90 code [0x000001f5a4a4af20, 0x000001f5a4a4be18]
Event: 0.838 Thread 0x000001f5bbbd9190 1845       3       java.lang.invoke.LambdaFormEditor$TransformKey::inRange (36 bytes)
Event: 0.838 Thread 0x000001f5bbbd9190 nmethod 1845 0x000001f5a4a4c190 code [0x000001f5a4a4c320, 0x000001f5a4a4c478]
Event: 0.838 Thread 0x000001f5bbbd9190 1846       3       java.lang.invoke.LambdaFormEditor$TransformKey::<init> (15 bytes)
Event: 0.838 Thread 0x000001f5bbbd4490 1848   !   4       java.util.jar.JarFile::checkForSpecialAttributes (163 bytes)
Event: 0.838 Thread 0x000001f5bbbd9190 nmethod 1846 0x000001f5a4a4c510 code [0x000001f5a4a4c6c0, 0x000001f5a4a4c858]
Event: 0.838 Thread 0x000001f5bbbd9190 1843       3       java.lang.invoke.DirectMethodHandle::rebind (5 bytes)
Event: 0.838 Thread 0x000001f5bbbd9190 nmethod 1843 0x000001f5a4a4c910 code [0x000001f5a4a4cac0, 0x000001f5a4a4cbe8]
Event: 0.838 Thread 0x000001f5bbbd9190 1844       3       java.lang.invoke.BoundMethodHandle::makeReinvoker (27 bytes)
Event: 0.838 Thread 0x000001f5bbbd9190 nmethod 1844 0x000001f5a4a4cc90 code [0x000001f5a4a4ce60, 0x000001f5a4a4d128]
Event: 0.839 Thread 0x000001f5bbbd75c0 1849       4       java.lang.StringBuilder::<init> (7 bytes)

GC Heap History (2 events):
Event: 0.672 GC heap before
{Heap before GC invocations=0 (full 0):
 garbage-first heap   total 131072K, used 23552K [0x0000000081600000, 0x0000000100000000)
  region size 1024K, 23 young (23552K), 0 survivors (0K)
 Metaspace       used 4561K, committed 4736K, reserved 1114112K
  class space    used 413K, committed 512K, reserved 1048576K
}
Event: 0.681 GC heap after
{Heap after GC invocations=1 (full 0):
 garbage-first heap   total 131072K, used 5227K [0x0000000081600000, 0x0000000100000000)
  region size 1024K, 3 young (3072K), 3 survivors (3072K)
 Metaspace       used 4561K, committed 4736K, reserved 1114112K
  class space    used 413K, committed 512K, reserved 1048576K
}

Dll operation events (6 events):
Event: 0.009 Loaded shared library C:\Program Files\Zulu\zulu-19\bin\java.dll
Event: 0.019 Loaded shared library C:\Program Files\Zulu\zulu-19\bin\jsvml.dll
Event: 0.064 Loaded shared library C:\Program Files\Zulu\zulu-19\bin\net.dll
Event: 0.067 Loaded shared library C:\Program Files\Zulu\zulu-19\bin\nio.dll
Event: 0.070 Loaded shared library C:\Program Files\Zulu\zulu-19\bin\zip.dll
Event: 0.076 Loaded shared library C:\Program Files\Zulu\zulu-19\bin\jimage.dll

Deoptimization events (20 events):
Event: 0.808 Thread 0x000001f599c99a90 Uncommon trap: trap_request=0xffffffc6 fr.pc=0x000001f5ac21e864 relative=0x0000000000000424
Event: 0.808 Thread 0x000001f599c99a90 Uncommon trap: reason=bimorphic_or_optimized_type_check action=maybe_recompile pc=0x000001f5ac21e864 method=java.util.Collection.stream()Ljava/util/stream/Stream; @ 1 c2
Event: 0.808 Thread 0x000001f599c99a90 DEOPT PACKING pc=0x000001f5ac21e864 sp=0x00000030877fdbd0
Event: 0.808 Thread 0x000001f599c99a90 DEOPT UNPACKING pc=0x000001f5abc66da3 sp=0x00000030877fdbb0 mode 2
Event: 0.809 Thread 0x000001f599c99a90 Uncommon trap: trap_request=0xffffffc6 fr.pc=0x000001f5ac20e950 relative=0x0000000000000110
Event: 0.809 Thread 0x000001f599c99a90 Uncommon trap: reason=bimorphic_or_optimized_type_check action=maybe_recompile pc=0x000001f5ac20e950 method=java.util.stream.ReferencePipeline$2$1.accept(Ljava/lang/Object;)V @ 8 c2
Event: 0.809 Thread 0x000001f599c99a90 DEOPT PACKING pc=0x000001f5ac20e950 sp=0x00000030877fda80
Event: 0.809 Thread 0x000001f599c99a90 DEOPT UNPACKING pc=0x000001f5abc66da3 sp=0x00000030877fda18 mode 2
Event: 0.829 Thread 0x000001f599c99a90 Uncommon trap: trap_request=0xffffffc6 fr.pc=0x000001f5ac1ed3f4 relative=0x00000000000002b4
Event: 0.829 Thread 0x000001f599c99a90 Uncommon trap: reason=bimorphic_or_optimized_type_check action=maybe_recompile pc=0x000001f5ac1ed3f4 method=java.util.HashMap.getNode(Ljava/lang/Object;)Ljava/util/HashMap$Node; @ 128 c2
Event: 0.829 Thread 0x000001f599c99a90 DEOPT PACKING pc=0x000001f5ac1ed3f4 sp=0x00000030877fe670
Event: 0.829 Thread 0x000001f599c99a90 DEOPT UNPACKING pc=0x000001f5abc66da3 sp=0x00000030877fe5d8 mode 2
Event: 0.829 Thread 0x000001f599c99a90 Uncommon trap: trap_request=0xffffffc6 fr.pc=0x000001f5ac1ed3f4 relative=0x00000000000002b4
Event: 0.829 Thread 0x000001f599c99a90 Uncommon trap: reason=bimorphic_or_optimized_type_check action=maybe_recompile pc=0x000001f5ac1ed3f4 method=java.util.HashMap.getNode(Ljava/lang/Object;)Ljava/util/HashMap$Node; @ 128 c2
Event: 0.829 Thread 0x000001f599c99a90 DEOPT PACKING pc=0x000001f5ac1ed3f4 sp=0x00000030877fe670
Event: 0.829 Thread 0x000001f599c99a90 DEOPT UNPACKING pc=0x000001f5abc66da3 sp=0x00000030877fe5d8 mode 2
Event: 0.836 Thread 0x000001f599c99a90 Uncommon trap: trap_request=0xffffffc6 fr.pc=0x000001f5ac21e864 relative=0x0000000000000424
Event: 0.836 Thread 0x000001f599c99a90 Uncommon trap: reason=bimorphic_or_optimized_type_check action=maybe_recompile pc=0x000001f5ac21e864 method=java.util.Collection.stream()Ljava/util/stream/Stream; @ 1 c2
Event: 0.836 Thread 0x000001f599c99a90 DEOPT PACKING pc=0x000001f5ac21e864 sp=0x00000030877fe4e0
Event: 0.836 Thread 0x000001f599c99a90 DEOPT UNPACKING pc=0x000001f5abc66da3 sp=0x00000030877fe4c0 mode 2

Classes loaded (20 events):
Event: 0.754 Loading class java/util/Hashtable$ValueCollection
Event: 0.754 Loading class java/util/Hashtable$ValueCollection done
Event: 0.761 Loading class java/util/stream/Nodes$SpinedNodeBuilder
Event: 0.761 Loading class java/util/stream/Nodes$SpinedNodeBuilder done
Event: 0.761 Loading class java/util/stream/SpinedBuffer$1Splitr
Event: 0.761 Loading class java/util/stream/SpinedBuffer$1Splitr done
Event: 0.786 Loading class java/lang/invoke/MethodHandle$1
Event: 0.786 Loading class java/lang/invoke/MethodHandle$1 done
Event: 0.794 Loading class java/io/FilterReader
Event: 0.794 Loading class java/io/FilterReader done
Event: 0.802 Loading class java/io/BufferedReader
Event: 0.802 Loading class java/io/BufferedReader done
Event: 0.810 Loading class java/io/BufferedReader$1
Event: 0.810 Loading class java/io/BufferedReader$1 done
Event: 0.834 Loading class sun/nio/fs/WindowsException
Event: 0.834 Loading class sun/nio/fs/WindowsException done
Event: 0.835 Loading class java/util/Collections$SynchronizedRandomAccessList
Event: 0.835 Loading class java/util/Collections$SynchronizedList
Event: 0.835 Loading class java/util/Collections$SynchronizedList done
Event: 0.835 Loading class java/util/Collections$SynchronizedRandomAccessList done

Classes unloaded (0 events):
No events

Classes redefined (0 events):
No events

Internal exceptions (20 events):
Event: 0.219 Thread 0x000001f599c99a90 Exception <a 'java/lang/IncompatibleClassChangeError'{0x0000000089159620}: Found class java.lang.Object, but interface was expected> (0x0000000089159620) 
thrown [s\src\hotspot\share\interpreter\linkResolver.cpp, line 841]
Event: 0.327 Thread 0x000001f599c99a90 Exception <a 'java/lang/NoSuchMethodError'{0x00000000890d4478}: 'java.lang.Object java.lang.invoke.DirectMethodHandle$Holder.invokeSpecialIFC(java.lang.Object, java.lang.Object, java.lang.Object, java.lang.Object)'> (0x00000000890d4478) 
thrown [s\src\hotspot\share\interpreter\linkResolver.cpp, line 774]
Event: 0.512 Thread 0x000001f599c99a90 Exception <a 'java/lang/NoSuchMethodError'{0x0000000088a09f78}: 'void java.lang.invoke.DirectMethodHandle$Holder.invokeVirtual(java.lang.Object, java.lang.Object)'> (0x0000000088a09f78) 
thrown [s\src\hotspot\share\interpreter\linkResolver.cpp, line 774]
Event: 0.512 Thread 0x000001f599c99a90 Exception <a 'java/lang/NoSuchMethodError'{0x0000000088a0d8d8}: 'void java.lang.invoke.DirectMethodHandle$Holder.invokeSpecial(java.lang.Object, java.lang.Object, java.lang.Object)'> (0x0000000088a0d8d8) 
thrown [s\src\hotspot\share\interpreter\linkResolver.cpp, line 774]
Event: 0.517 Thread 0x000001f599c99a90 Exception <a 'java/lang/NoSuchMethodError'{0x0000000088a34078}: 'java.lang.Object java.lang.invoke.DirectMethodHandle$Holder.invokeInterface(java.lang.Object, java.lang.Object)'> (0x0000000088a34078) 
thrown [s\src\hotspot\share\interpreter\linkResolver.cpp, line 774]
Event: 0.518 Thread 0x000001f599c99a90 Exception <a 'java/lang/IncompatibleClassChangeError'{0x0000000088a37878}: Found class java.lang.Object, but interface was expected> (0x0000000088a37878) 
thrown [s\src\hotspot\share\interpreter\linkResolver.cpp, line 841]
Event: 0.522 Thread 0x000001f599c99a90 Exception <a 'java/lang/NoSuchMethodError'{0x0000000088a53568}: 'java.lang.Object java.lang.invoke.DirectMethodHandle$Holder.newInvokeSpecial(java.lang.Object, java.lang.Object, java.lang.Object, java.lang.Object, java.lang.Object)'> (0x0000000088a53568) 
thrown [s\src\hotspot\share\interpreter\linkResolver.cpp, line 774]
Event: 0.634 Thread 0x000001f599c99a90 Exception <a 'java/lang/ClassNotFoundException'{0x00000000886227f0}: org/apache/tools/ant/helper/DefaultExecutor> (0x00000000886227f0) 
thrown [s\src\hotspot\share\classfile\systemDictionary.cpp, line 255]
Event: 0.716 Thread 0x000001f599c99a90 Exception <a 'java/lang/NoSuchMethodError'{0x000000008921d808}: 'int java.lang.invoke.DirectMethodHandle$Holder.invokeInterface(java.lang.Object, java.lang.Object)'> (0x000000008921d808) 
thrown [s\src\hotspot\share\interpreter\linkResolver.cpp, line 774]
Event: 0.722 Thread 0x000001f599c99a90 Exception <a 'java/lang/NoSuchMethodError'{0x000000008926fe88}: 'void java.lang.invoke.DirectMethodHandle$Holder.invokeVirtual(java.lang.Object, java.lang.Object, int)'> (0x000000008926fe88) 
thrown [s\src\hotspot\share\interpreter\linkResolver.cpp, line 774]
Event: 0.723 Thread 0x000001f599c99a90 Exception <a 'java/lang/NoSuchMethodError'{0x0000000089274bc0}: 'int java.lang.invoke.DirectMethodHandle$Holder.invokeSpecial(java.lang.Object, java.lang.Object, java.lang.Object, int)'> (0x0000000089274bc0) 
thrown [s\src\hotspot\share\interpreter\linkResolver.cpp, line 774]
Event: 0.726 Thread 0x000001f599c99a90 Exception <a 'java/lang/NoSuchMethodError'{0x0000000089287298}: 'java.lang.Object java.lang.invoke.DirectMethodHandle$Holder.invokeStatic(java.lang.Object, java.lang.Object, java.lang.Object, java.lang.Object, int)'> (0x0000000089287298) 
thrown [s\src\hotspot\share\interpreter\linkResolver.cpp, line 774]
Event: 0.727 Thread 0x000001f599c99a90 Exception <a 'java/lang/NoSuchMethodError'{0x00000000892929a0}: 'void java.lang.invoke.DelegatingMethodHandle$Holder.reinvoke_L(java.lang.Object, java.lang.Object, int)'> (0x00000000892929a0) 
thrown [s\src\hotspot\share\interpreter\linkResolver.cpp, line 774]
Event: 0.736 Thread 0x000001f599c99a90 Exception <a 'java/lang/NoSuchMethodError'{0x00000000892e3320}: 'void java.lang.invoke.DirectMethodHandle$Holder.invokeVirtual(java.lang.Object, java.lang.Object, long)'> (0x00000000892e3320) 
thrown [s\src\hotspot\share\interpreter\linkResolver.cpp, line 774]
Event: 0.737 Thread 0x000001f599c99a90 Exception <a 'java/lang/NoSuchMethodError'{0x00000000892e72f8}: 'long java.lang.invoke.DirectMethodHandle$Holder.invokeStatic(java.lang.Object, java.lang.Object, int)'> (0x00000000892e72f8) 
thrown [s\src\hotspot\share\interpreter\linkResolver.cpp, line 774]
Event: 0.738 Thread 0x000001f599c99a90 Exception <a 'java/lang/NoSuchMethodError'{0x00000000892f25f8}: 'void java.lang.invoke.DelegatingMethodHandle$Holder.reinvoke_L(java.lang.Object, java.lang.Object, long)'> (0x00000000892f25f8) 
thrown [s\src\hotspot\share\interpreter\linkResolver.cpp, line 774]
Event: 0.764 Thread 0x000001f599c99a90 Exception <a 'java/lang/NoSuchMethodError'{0x00000000891d6940}: 'java.lang.Object java.lang.invoke.DelegatingMethodHandle$Holder.reinvoke_L(java.lang.Object, java.lang.Object, int, int, java.lang.Object)'> (0x00000000891d6940) 
thrown [s\src\hotspot\share\interpreter\linkResolver.cpp, line 774]
Event: 0.767 Thread 0x000001f599c99a90 Exception <a 'java/lang/NoSuchMethodError'{0x00000000891edf88}: 'java.lang.Object java.lang.invoke.DirectMethodHandle$Holder.invokeStatic(java.lang.Object, java.lang.Object, int)'> (0x00000000891edf88) 
thrown [s\src\hotspot\share\interpreter\linkResolver.cpp, line 774]
Event: 0.768 Thread 0x000001f599c99a90 Exception <a 'java/lang/NoSuchMethodError'{0x00000000891f9dc8}: 'void java.lang.invoke.DelegatingMethodHandle$Holder.delegate(java.lang.Object, java.lang.Object, int, java.lang.Object)'> (0x00000000891f9dc8) 
thrown [s\src\hotspot\share\interpreter\linkResolver.cpp, line 774]
Event: 0.834 Thread 0x000001f599c99a90 Exception <a 'sun/nio/fs/WindowsException'{0x0000000088d768e8}> (0x0000000088d768e8) 
thrown [s\src\hotspot\share\prims\jni.cpp, line 517]

VM Operations (20 events):
Event: 0.487 Executing VM operation: HandshakeAllThreads
Event: 0.487 Executing VM operation: HandshakeAllThreads done
Event: 0.518 Executing VM operation: HandshakeAllThreads
Event: 0.518 Executing VM operation: HandshakeAllThreads done
Event: 0.519 Executing VM operation: HandshakeAllThreads
Event: 0.519 Executing VM operation: HandshakeAllThreads done
Event: 0.557 Executing VM operation: ICBufferFull
Event: 0.558 Executing VM operation: ICBufferFull done
Event: 0.672 Executing VM operation: G1CollectForAllocation
Event: 0.681 Executing VM operation: G1CollectForAllocation done
Event: 0.681 Executing VM operation: HandshakeAllThreads
Event: 0.681 Executing VM operation: HandshakeAllThreads done
Event: 0.733 Executing VM operation: HandshakeAllThreads
Event: 0.733 Executing VM operation: HandshakeAllThreads done
Event: 0.766 Executing VM operation: HandshakeAllThreads
Event: 0.767 Executing VM operation: HandshakeAllThreads done
Event: 0.789 Executing VM operation: HandshakeAllThreads
Event: 0.789 Executing VM operation: HandshakeAllThreads done
Event: 0.821 Executing VM operation: HandshakeAllThreads
Event: 0.821 Executing VM operation: HandshakeAllThreads done

Events (14 events):
Event: 0.019 Thread 0x000001f599c99a90 Thread added: 0x000001f599c99a90
Event: 0.035 Thread 0x000001f5bbbbbaf0 Thread added: 0x000001f5bbbbbaf0
Event: 0.035 Thread 0x000001f5bbbbc620 Thread added: 0x000001f5bbbbc620
Event: 0.035 Thread 0x000001f5bbbc3240 Thread added: 0x000001f5bbbc3240
Event: 0.035 Thread 0x000001f5bbbc3b70 Thread added: 0x000001f5bbbc3b70
Event: 0.035 Thread 0x000001f5bbbc4c40 Thread added: 0x000001f5bbbc4c40
Event: 0.035 Thread 0x000001f5bbbc7d20 Thread added: 0x000001f5bbbc7d20
Event: 0.035 Thread 0x000001f5bbbd4490 Thread added: 0x000001f5bbbd4490
Event: 0.036 Thread 0x000001f5bbbd9190 Thread added: 0x000001f5bbbd9190
Event: 0.036 Thread 0x000001f5bfd50c20 Thread added: 0x000001f5bfd50c20
Event: 0.055 Thread 0x000001f5bfe7be90 Thread added: 0x000001f5bfe7be90
Event: 0.061 Thread 0x000001f5bfe7de70 Thread added: 0x000001f5bfe7de70
Event: 0.373 Thread 0x000001f5bbbd75c0 Thread added: 0x000001f5bbbd75c0
Event: 0.571 Thread 0x000001f5bbbd59f0 Thread added: 0x000001f5bbbd59f0


Dynamic libraries:
0x00007ff7234c0000 - 0x00007ff7234ce000 	C:\Program Files\Zulu\zulu-19\bin\java.exe
0x00007ffa972f0000 - 0x00007ffa97504000 	C:\WINDOWS\SYSTEM32\ntdll.dll
0x00007ffa96a30000 - 0x00007ffa96af2000 	C:\WINDOWS\System32\KERNEL32.DLL
0x00007ffa94a90000 - 0x00007ffa94e2c000 	C:\WINDOWS\System32\KERNELBASE.dll
0x00007ffa94730000 - 0x00007ffa94841000 	C:\WINDOWS\System32\ucrtbase.dll
0x00007ffa8dd20000 - 0x00007ffa8dd37000 	C:\Program Files\Zulu\zulu-19\bin\jli.dll
0x00007ffa8dc30000 - 0x00007ffa8dc4b000 	C:\Program Files\Zulu\zulu-19\bin\VCRUNTIME140.dll
0x00007ffa95ee0000 - 0x00007ffa9608b000 	C:\WINDOWS\System32\USER32.dll
0x00007ffa94a60000 - 0x00007ffa94a86000 	C:\WINDOWS\System32\win32u.dll
0x00007ffa97050000 - 0x00007ffa97079000 	C:\WINDOWS\System32\GDI32.dll
0x00007ffa94f70000 - 0x00007ffa95083000 	C:\WINDOWS\System32\gdi32full.dll
0x00007ffa7c330000 - 0x00007ffa7c5be000 	C:\WINDOWS\WinSxS\amd64_microsoft.windows.common-controls_6595b64144ccf1df_6.0.22621.608_none_a9444ca7c10bb01d\COMCTL32.dll
0x00007ffa949c0000 - 0x00007ffa94a5a000 	C:\WINDOWS\System32\msvcp_win.dll
0x00007ffa97200000 - 0x00007ffa972a7000 	C:\WINDOWS\System32\msvcrt.dll
0x00007ffa95ea0000 - 0x00007ffa95ed1000 	C:\WINDOWS\System32\IMM32.DLL
0x00007ffa913b0000 - 0x00007ffa913bc000 	C:\Program Files\Zulu\zulu-19\bin\vcruntime140_1.dll
0x00007ffa829d0000 - 0x00007ffa82a5d000 	C:\Program Files\Zulu\zulu-19\bin\msvcp140.dll
0x00007ffa3c990000 - 0x00007ffa3d697000 	C:\Program Files\Zulu\zulu-19\bin\server\jvm.dll
0x00007ffa970d0000 - 0x00007ffa9717e000 	C:\WINDOWS\System32\ADVAPI32.dll
0x00007ffa95d60000 - 0x00007ffa95e04000 	C:\WINDOWS\System32\sechost.dll
0x00007ffa95c20000 - 0x00007ffa95d35000 	C:\WINDOWS\System32\RPCRT4.dll
0x00007ffa8ce90000 - 0x00007ffa8cec4000 	C:\WINDOWS\SYSTEM32\WINMM.dll
0x00007ffa8ce00000 - 0x00007ffa8ce0a000 	C:\WINDOWS\SYSTEM32\VERSION.dll
0x00007ffa8df80000 - 0x00007ffa8df89000 	C:\WINDOWS\SYSTEM32\WSOCK32.dll
0x00007ffa95620000 - 0x00007ffa95691000 	C:\WINDOWS\System32\WS2_32.dll
0x00007ffa93790000 - 0x00007ffa937a8000 	C:\WINDOWS\SYSTEM32\kernel.appcore.dll
0x00007ffa8f920000 - 0x00007ffa8f92a000 	C:\Program Files\Zulu\zulu-19\bin\jimage.dll
0x00007ffa920e0000 - 0x00007ffa9230e000 	C:\WINDOWS\SYSTEM32\DBGHELP.DLL
0x00007ffa95790000 - 0x00007ffa95b19000 	C:\WINDOWS\System32\combase.dll
0x00007ffa95160000 - 0x00007ffa95237000 	C:\WINDOWS\System32\OLEAUT32.dll
0x00007ffa764d0000 - 0x00007ffa76502000 	C:\WINDOWS\SYSTEM32\dbgcore.DLL
0x00007ffa94e30000 - 0x00007ffa94eab000 	C:\WINDOWS\System32\bcryptPrimitives.dll
0x00007ffa82ee0000 - 0x00007ffa82f06000 	C:\Program Files\Zulu\zulu-19\bin\java.dll
0x00007ffa828b0000 - 0x00007ffa82987000 	C:\Program Files\Zulu\zulu-19\bin\jsvml.dll
0x00007ffa960a0000 - 0x00007ffa96890000 	C:\WINDOWS\System32\SHELL32.dll
0x00007ffa92750000 - 0x00007ffa9301d000 	C:\WINDOWS\SYSTEM32\windows.storage.dll
0x00007ffa92610000 - 0x00007ffa9274e000 	C:\WINDOWS\SYSTEM32\wintypes.dll
0x00007ffa95360000 - 0x00007ffa95451000 	C:\WINDOWS\System32\SHCORE.dll
0x00007ffa956b0000 - 0x00007ffa9570e000 	C:\WINDOWS\System32\shlwapi.dll
0x00007ffa94660000 - 0x00007ffa94681000 	C:\WINDOWS\SYSTEM32\profapi.dll
0x00007ffa82e10000 - 0x00007ffa82e23000 	C:\Program Files\Zulu\zulu-19\bin\net.dll
0x00007ffa8d990000 - 0x00007ffa8dac7000 	C:\WINDOWS\SYSTEM32\WINHTTP.dll
0x00007ffa93c00000 - 0x00007ffa93c69000 	C:\WINDOWS\system32\mswsock.dll
0x00007ffa82cb0000 - 0x00007ffa82cc6000 	C:\Program Files\Zulu\zulu-19\bin\nio.dll
0x00007ffa82c70000 - 0x00007ffa82c88000 	C:\Program Files\Zulu\zulu-19\bin\zip.dll

dbghelp: loaded successfully - version: 4.0.5 - missing functions: none
symbol engine: initialized successfully - sym options: 0x614 - pdb path: .;C:\Program Files\Zulu\zulu-19\bin;C:\WINDOWS\SYSTEM32;C:\WINDOWS\WinSxS\amd64_microsoft.windows.common-controls_6595b64144ccf1df_6.0.22621.608_none_a9444ca7c10bb01d;C:\Program Files\Zulu\zulu-19\bin\server

VM Arguments:
jvm_args: -Dant.home=C:\Program Files\NetBeans-17\netbeans\extide\ant\bin\.. 
java_command: org.apache.tools.ant.launch.Launcher -f C:\Users\ulise\Desktop\TEC\Algoritmos y estructura de datos I\BuscaMinas\ventana busca minas\build.xml -Dant.rerun 1 jfx-project-rebuild
java_class_path (initial): C:\Program Files\NetBeans-17\netbeans\extide\ant\bin\..\lib\ant-launcher.jar
Launcher Type: SUN_STANDARD

[Global flags]
     intx CICompilerCount                          = 4                                         {product} {ergonomic}
     uint ConcGCThreads                            = 3                                         {product} {ergonomic}
     uint G1ConcRefinementThreads                  = 10                                        {product} {ergonomic}
   size_t G1HeapRegionSize                         = 1048576                                   {product} {ergonomic}
    uintx GCDrainStackTargetSize                   = 64                                        {product} {ergonomic}
   size_t InitialHeapSize                          = 134217728                                 {product} {ergonomic}
   size_t MarkStackSize                            = 4194304                                   {product} {ergonomic}
   size_t MaxHeapSize                              = 2124414976                                {product} {ergonomic}
   size_t MaxNewSize                               = 1274019840                                {product} {ergonomic}
   size_t MinHeapDeltaBytes                        = 1048576                                   {product} {ergonomic}
   size_t MinHeapSize                              = 8388608                                   {product} {ergonomic}
    uintx NonNMethodCodeHeapSize                   = 5839372                                {pd product} {ergonomic}
    uintx NonProfiledCodeHeapSize                  = 122909434                              {pd product} {ergonomic}
    uintx ProfiledCodeHeapSize                     = 122909434                              {pd product} {ergonomic}
    uintx ReservedCodeCacheSize                    = 251658240                              {pd product} {ergonomic}
     bool SegmentedCodeCache                       = true                                      {product} {ergonomic}
   size_t SoftMaxHeapSize                          = 2124414976                             {manageable} {ergonomic}
     bool UseCompressedClassPointers               = true                           {product lp64_product} {ergonomic}
     bool UseCompressedOops                        = true                           {product lp64_product} {ergonomic}
     bool UseG1GC                                  = true                                      {product} {ergonomic}
     bool UseLargePagesIndividualAllocation        = false                                  {pd product} {ergonomic}

Logging:
Log output configuration:
 #0: stdout all=warning uptime,level,tags foldmultilines=false
 #1: stderr all=off uptime,level,tags foldmultilines=false

Environment Variables:
PATH=C:\Program Files\Zulu\zulu-19\bin\;C:\Program Files\Common Files\Oracle\Java\javapath;C:\Program Files (x86)\Common Files\Oracle\Java\javapath;C:\Windows\system32;C:\Windows;C:\Windows\System32\Wbem;C:\Windows\System32\WindowsPowerShell\v1.0\;C:\Windows\System32\OpenSSH\;C:\Program Files (x86)\NVIDIA Corporation\PhysX\Common;C:\Program Files\NVIDIA Corporation\NVIDIA NvDLISR;C:\WINDOWS\system32;C:\WINDOWS;C:\WINDOWS\System32\Wbem;C:\WINDOWS\System32\WindowsPowerShell\v1.0\;C:\WINDOWS\System32\OpenSSH\;C:\Program Files\nodejs\;C:\Program Files\Git\cmd;C:\Users\ulise\AppData\Local\Microsoft\WindowsApps;C:\Users\ulise\AppData\Local\Programs\Microsoft VS Code\bin;C:\Users\ulise\AppData\Roaming\npm;C:\Users\ulise\AppData\Local\GitHubDesktop\bin
USERNAME=ulise
OS=Windows_NT
PROCESSOR_IDENTIFIER=Intel64 Family 6 Model 165 Stepping 2, GenuineIntel
TMP=C:\Users\ulise\AppData\Local\Temp
TEMP=C:\Users\ulise\AppData\Local\Temp



---------------  S Y S T E M  ---------------

OS:
 Windows 11 , 64 bit Build 22621 (10.0.22621.1485)
OS uptime: 6 days 11:10 hours

CPU: total 12 (initial active 12) (6 cores per cpu, 2 threads per core) family 6 model 165 stepping 2 microcode 0xe2, cx8, cmov, fxsr, ht, mmx, 3dnowpref, sse, sse2, sse3, ssse3, sse4.1, sse4.2, popcnt, lzcnt, tsc, tscinvbit, avx, avx2, aes, erms, clmul, bmi1, bmi2, adx, fma, vzeroupper, clflush, clflushopt, rdtscp

Memory: 4k page, system-wide physical 8099M (1478M free)
TotalPageFile size 12195M (AvailPageFile size 226M)
current process WorkingSet (physical memory assigned to process): 82M, peak: 82M
current process commit charge ("private bytes"): 232M, peak: 232M

vm_info: OpenJDK 64-Bit Server VM (19.0.2+7) for windows-amd64 JRE (19.0.2+7) (Zulu19.32+15-CA), built on Dec 28 2022 19:25:40 by "zulu_re" with MS VC++ 16.10 / 16.11 (VS2019)

END.
