#
# There is insufficient memory for the Java Runtime Environment to continue.
# Native memory allocation (mmap) failed to map 12582912 bytes for G1 virtual space
# Possible reasons:
#   The system is out of physical RAM or swap space
#   The process is running with CompressedOops enabled, and the Java Heap may be blocking the growth of the native heap
# Possible solutions:
#   Reduce memory load on the system
#   Increase physical memory or swap space
#   Check if swap backing store is full
#   Decrease Java heap size (-Xmx/-Xms)
#   Decrease number of Java threads
#   Decrease Java thread stack sizes (-Xss)
#   Set larger code cache with -XX:ReservedCodeCacheSize=
#   JVM is running with Unscaled Compressed Oops mode in which the Java heap is
#     placed in the first 4GB address space. The Java Heap base address is the
#     maximum limit for the native heap growth. Please use -XX:HeapBaseMinAddress
#     to set the Java Heap base and to place the Java Heap above 4GB virtual address.
# This output file may be truncated or incomplete.
#
#  Out of Memory Error (os_windows.cpp:3536), pid=19948, tid=13088
#
# JRE version: OpenJDK Runtime Environment Zulu19.32+15-CA (19.0.2+7) (build 19.0.2+7)
# Java VM: OpenJDK 64-Bit Server VM Zulu19.32+15-CA (19.0.2+7, mixed mode, sharing, tiered, compressed oops, compressed class ptrs, g1 gc, windows-amd64)
# No core dump will be written. Minidumps are not enabled by default on client versions of Windows
#

---------------  S U M M A R Y ------------

Command Line: -Dapplication.home=C:\Program Files\Zulu\zulu-19 --add-modules=ALL-DEFAULT -Xms8m -Djdk.module.main=jdk.compiler jdk.compiler/com.sun.tools.javac.Main -d C:\Users\ulise\Desktop\TEC\Algoritmos y estructura de datos I\BuscaMinas\ventana busca minas\build\classes -classpath C:\Users\ulise\Desktop\TEC\Algoritmos y estructura de datos I\BuscaMinas\ventana busca minas\build\classes -sourcepath C:\Users\ulise\Desktop\TEC\Algoritmos y estructura de datos I\BuscaMinas\ventana busca minas\src -target 19 -encoding UTF-8 -g -processorpath C:\Users\ulise\Desktop\TEC\Algoritmos y estructura de datos I\BuscaMinas\ventana busca minas\build\empty -s C:\Users\ulise\Desktop\TEC\Algoritmos y estructura de datos I\BuscaMinas\ventana busca minas\build\generated-sources\ap-source-output -source 19 C:\Users\ulise\Desktop\TEC\Algoritmos y estructura de datos I\BuscaMinas\ventana busca minas\src\BuscaminasFX.java

Host: Intel(R) Core(TM) i7-10750H CPU @ 2.60GHz, 12 cores, 7G,  Windows 11 , 64 bit Build 22621 (10.0.22621.1344)
Time: Tue Mar 21 00:47:37 2023 Hora estándar, América Central elapsed time: 0.371835 seconds (0d 0h 0m 0s)

---------------  T H R E A D  ---------------

Current thread (0x0000020ffee2bf80):  VMThread "VM Thread" [stack: 0x000000d49d600000,0x000000d49d700000] [id=13088]

Stack: [0x000000d49d600000,0x000000d49d700000]
Native frames: (J=compiled Java code, j=interpreted, Vv=VM code, C=native code)
V  [jvm.dll+0x6eab2a]
V  [jvm.dll+0x8a4a20]
V  [jvm.dll+0x8a640e]
V  [jvm.dll+0x8a6ac3]
V  [jvm.dll+0x27c1ef]
V  [jvm.dll+0x6e7929]
V  [jvm.dll+0x6dc3da]
V  [jvm.dll+0x3528ab]
V  [jvm.dll+0x35a266]
V  [jvm.dll+0x3b0a2e]
V  [jvm.dll+0x3b0c5f]
V  [jvm.dll+0x327e9a]
V  [jvm.dll+0x327f47]
V  [jvm.dll+0x370442]
V  [jvm.dll+0x36e8e4]
V  [jvm.dll+0x327660]
V  [jvm.dll+0x36de7b]
V  [jvm.dll+0x8abc13]
V  [jvm.dll+0x8ac9d9]
V  [jvm.dll+0x8acf0d]
V  [jvm.dll+0x8ad39b]
V  [jvm.dll+0x8ad457]
V  [jvm.dll+0x84ec7a]
V  [jvm.dll+0x6e981b]
C  [ucrtbase.dll+0x29363]
C  [KERNEL32.DLL+0x126bd]
C  [ntdll.dll+0x5a9f8]

VM_Operation (0x000000d49d0fd650): G1CollectForAllocation, mode: safepoint, requested by thread 0x0000020fe2d8e3d0


---------------  P R O C E S S  ---------------

Threads class SMR info:
_java_thread_list=0x0000020f8a655390, length=14, elements={
0x0000020fe2d8e3d0, 0x0000020ffee44d90, 0x0000020ffee458c0, 0x0000020ffee4c320,
0x0000020ffee4ced0, 0x0000020ffee4d800, 0x0000020ffee4e130, 0x0000020ffee51db0,
0x0000020ffee63820, 0x0000020ffee651a0, 0x0000020fe2ffc7b0, 0x0000020f8a249030,
0x0000020f8a791f00, 0x0000020f8a7a13e0
}

Java Threads: ( => current thread )
  0x0000020fe2d8e3d0 JavaThread "main" [_thread_blocked, id=6232, stack(0x000000d49d000000,0x000000d49d100000)]
  0x0000020ffee44d90 JavaThread "Reference Handler" daemon [_thread_blocked, id=16540, stack(0x000000d49d700000,0x000000d49d800000)]
  0x0000020ffee458c0 JavaThread "Finalizer" daemon [_thread_blocked, id=13984, stack(0x000000d49d800000,0x000000d49d900000)]
  0x0000020ffee4c320 JavaThread "Signal Dispatcher" daemon [_thread_blocked, id=19636, stack(0x000000d49d900000,0x000000d49da00000)]
  0x0000020ffee4ced0 JavaThread "Attach Listener" daemon [_thread_blocked, id=15380, stack(0x000000d49da00000,0x000000d49db00000)]
  0x0000020ffee4d800 JavaThread "Service Thread" daemon [_thread_blocked, id=19888, stack(0x000000d49db00000,0x000000d49dc00000)]
  0x0000020ffee4e130 JavaThread "Monitor Deflation Thread" daemon [_thread_blocked, id=1556, stack(0x000000d49dc00000,0x000000d49dd00000)]
  0x0000020ffee51db0 JavaThread "C2 CompilerThread0" daemon [_thread_blocked, id=5776, stack(0x000000d49dd00000,0x000000d49de00000)]
  0x0000020ffee63820 JavaThread "C1 CompilerThread0" daemon [_thread_blocked, id=18564, stack(0x000000d49de00000,0x000000d49df00000)]
  0x0000020ffee651a0 JavaThread "Sweeper thread" daemon [_thread_blocked, id=14068, stack(0x000000d49df00000,0x000000d49e000000)]
  0x0000020fe2ffc7b0 JavaThread "Common-Cleaner" daemon [_thread_blocked, id=18660, stack(0x000000d49e000000,0x000000d49e100000)]
  0x0000020f8a249030 JavaThread "Notification Thread" daemon [_thread_blocked, id=7280, stack(0x000000d49e100000,0x000000d49e200000)]
  0x0000020f8a791f00 JavaThread "C2 CompilerThread1" daemon [_thread_blocked, id=7184, stack(0x000000d49e800000,0x000000d49e900000)]
  0x0000020f8a7a13e0 JavaThread "C2 CompilerThread2" daemon [_thread_blocked, id=5672, stack(0x000000d49e900000,0x000000d49ea00000)]

Other Threads:
=>0x0000020ffee2bf80 VMThread "VM Thread" [stack: 0x000000d49d600000,0x000000d49d700000] [id=13088]
  0x0000020f8a1fbbb0 WatcherThread "VM Periodic Task Thread" [stack: 0x000000d49e200000,0x000000d49e300000] [id=9084]
  0x0000020fe2f99e70 WorkerThread "GC Thread#0" [stack: 0x000000d49d100000,0x000000d49d200000] [id=20208]
  0x0000020f8a398890 WorkerThread "GC Thread#1" [stack: 0x000000d49e300000,0x000000d49e400000] [id=12864]
  0x0000020f8a4ad710 WorkerThread "GC Thread#2" [stack: 0x000000d49e400000,0x000000d49e500000] [id=18940]
  0x0000020f8a4b19f0 WorkerThread "GC Thread#3" [stack: 0x000000d49e500000,0x000000d49e600000] [id=7828]
  0x0000020f8a59c420 WorkerThread "GC Thread#4" [stack: 0x000000d49e600000,0x000000d49e700000] [id=19412]
  0x0000020f8a59c6f0 WorkerThread "GC Thread#5" [stack: 0x000000d49e700000,0x000000d49e800000] [id=2096]
  0x0000020fe2fabce0 ConcurrentGCThread "G1 Main Marker" [stack: 0x000000d49d200000,0x000000d49d300000] [id=5520]
  0x0000020fe2faceb0 WorkerThread "G1 Conc#0" [stack: 0x000000d49d300000,0x000000d49d400000] [id=9892]
  0x0000020fe2fe1e30 ConcurrentGCThread "G1 Refine#0" [stack: 0x000000d49d400000,0x000000d49d500000] [id=10876]
  0x0000020fe2fe3820 ConcurrentGCThread "G1 Service" [stack: 0x000000d49d500000,0x000000d49d600000] [id=4828]

Threads with active compile tasks:
C1 CompilerThread0      381 1043       3       jdk.internal.jrtfs.JrtPath::resolve (6 bytes)

VM state: at safepoint (normal execution)

VM Mutex/Monitor currently owned by a thread:  ([mutex/lock_event])
[0x0000020fe2d8b8b0] Threads_lock - owner thread: 0x0000020ffee2bf80
[0x0000020fe2d8b9d0] Heap_lock - owner thread: 0x0000020fe2d8e3d0

Heap address: 0x0000000082000000, size: 2016 MB, Compressed Oops mode: 32-bit

CDS archive(s) mapped at: [0x0000000800000000-0x0000000800c40000-0x0000000800c40000), size 12845056, SharedBaseAddress: 0x0000000800000000, ArchiveRelocationMode: 0.
Compressed class space mapped at: 0x0000000801000000-0x0000000841000000, reserved size: 1073741824
Narrow klass base: 0x0000000800000000, Narrow klass shift: 0, Narrow klass range: 0x100000000

GC Precious Log:
 CardTable entry size: 512
 Card Set container configuration: InlinePtr #cards 5 size 8 Array Of Cards #cards 12 size 40 Howl #buckets 4 coarsen threshold 1843 Howl Bitmap #cards 512 size 80 coarsen threshold 460 Card regions per heap region 1 cards per card region 2048
 CPUs: 12 total, 12 available
 Memory: 8059M
 Large Page Support: Disabled
 NUMA Support: Disabled
 Compressed Oops: Enabled (32-bit)
 Heap Region Size: 1M
 Heap Min Capacity: 8M
 Heap Initial Capacity: 8M
 Heap Max Capacity: 2016M
 Pre-touch: Disabled
 Parallel Workers: 10
 Concurrent Workers: 3
 Concurrent Refinement Workers: 10
 Periodic GC: Disabled

Heap:
 garbage-first heap   total 12288K, used 4211K [0x0000000082000000, 0x0000000100000000)
  region size 1024K, 1 young (1024K), 1 survivors (1024K)
 Metaspace       used 8356K, committed 8512K, reserved 1114112K
  class space    used 930K, committed 1024K, reserved 1048576K

Heap Regions: E=young(eden), S=young(survivor), O=old, HS=humongous(starts), HC=humongous(continues), CS=collection set, F=free, OA=open archive, CA=closed archive, TAMS=top-at-mark-start (previous, next)
|   0|0x0000000082000000, 0x0000000082100000, 0x0000000082100000|100%| O|  |TAMS 0x0000000082000000, 0x0000000082000000| Untracked 
|   1|0x0000000082100000, 0x0000000082200000, 0x0000000082200000|100%| O|  |TAMS 0x0000000082100000, 0x0000000082100000| Untracked 
|   2|0x0000000082200000, 0x0000000082300000, 0x0000000082300000|100%| O|  |TAMS 0x0000000082200000, 0x0000000082200000| Untracked 
|   3|0x0000000082300000, 0x0000000082349800, 0x0000000082400000| 28%| O|  |TAMS 0x0000000082300000, 0x0000000082300000| Untracked 
|   4|0x0000000082400000, 0x0000000082400000, 0x0000000082500000|  0%| F|  |TAMS 0x0000000082400000, 0x0000000082400000| Untracked 
|   5|0x0000000082500000, 0x0000000082500000, 0x0000000082600000|  0%| F|  |TAMS 0x0000000082500000, 0x0000000082500000| Untracked 
|   6|0x0000000082600000, 0x0000000082600000, 0x0000000082700000|  0%| F|  |TAMS 0x0000000082600000, 0x0000000082600000| Untracked 
|   7|0x0000000082700000, 0x0000000082700000, 0x0000000082800000|  0%| F|  |TAMS 0x0000000082700000, 0x0000000082700000| Untracked 
|   8|0x0000000082800000, 0x00000000828d36e0, 0x0000000082900000| 82%| S|CS|TAMS 0x0000000082800000, 0x0000000082800000| Complete 
|   9|0x0000000082900000, 0x0000000082900000, 0x0000000082a00000|  0%| F|  |TAMS 0x0000000082900000, 0x0000000082900000| Untracked 
|  10|0x0000000082a00000, 0x0000000082a00000, 0x0000000082b00000|  0%| F|  |TAMS 0x0000000082a00000, 0x0000000082a00000| Untracked 
|  11|0x0000000082b00000, 0x0000000082b00000, 0x0000000082c00000|  0%| F|  |TAMS 0x0000000082b00000, 0x0000000082b00000| Untracked 

Card table byte_map: [0x0000020ffd9f0000,0x0000020ffdde0000] _byte_map_base: 0x0000020ffd5e0000

Marking Bits (Prev, Next): (CMBitMap*) 0x0000020fe2f9b4b0, (CMBitMap*) 0x0000020fe2f9b4f0
 Prev Bits: [0x0000020f80000000, 0x0000020f81f80000)
 Next Bits: [0x0000020f81f80000, 0x0000020f83f00000)

Polling page: 0x0000020fe3000000

Metaspace:

Usage:
  Non-class:      7.25 MB used.
      Class:    930.09 KB used.
       Both:      8.16 MB used.

Virtual space:
  Non-class space:       64.00 MB reserved,       7.31 MB ( 11%) committed,  1 nodes.
      Class space:        1.00 GB reserved,       1.00 MB ( <1%) committed,  1 nodes.
             Both:        1.06 GB reserved,       8.31 MB ( <1%) committed. 

Chunk freelists:
   Non-Class:  2.33 MB
       Class:  2.95 MB
        Both:  5.28 MB

MaxMetaspaceSize: unlimited
CompressedClassSpaceSize: 1.00 GB
Initial GC threshold: 21.00 MB
Current GC threshold: 21.00 MB
CDS: on
MetaspaceReclaimPolicy: balanced
 - commit_granule_bytes: 65536.
 - commit_granule_words: 8192.
 - virtual_space_node_default_size: 8388608.
 - enlarge_chunks_in_place: 1.
 - new_chunks_are_fully_committed: 0.
 - uncommit_free_chunks: 1.
 - use_allocation_guard: 0.


Internal statistics:

num_allocs_failed_limit: 0.
num_arena_births: 66.
num_arena_deaths: 0.
num_vsnodes_births: 2.
num_vsnodes_deaths: 0.
num_space_committed: 133.
num_space_uncommitted: 0.
num_chunks_returned_to_freelist: 0.
num_chunks_taken_from_freelist: 334.
num_chunk_merges: 0.
num_chunk_splits: 248.
num_chunks_enlarged: 196.
num_inconsistent_stats: 0.

CodeHeap 'non-profiled nmethods': size=120000Kb used=321Kb max_used=321Kb free=119678Kb
 bounds [0x0000020ff5440000, 0x0000020ff56b0000, 0x0000020ffc970000]
CodeHeap 'profiled nmethods': size=120000Kb used=1807Kb max_used=1807Kb free=118192Kb
 bounds [0x0000020fed970000, 0x0000020fedbe0000, 0x0000020ff4ea0000]
CodeHeap 'non-nmethods': size=5760Kb used=1222Kb max_used=1254Kb free=4537Kb
 bounds [0x0000020ff4ea0000, 0x0000020ff5110000, 0x0000020ff5440000]
 total_blobs=1463 nmethods=1040 adapters=334
 compilation: enabled
              stopped_count=0, restarted_count=0
 full_count=0

Compilation events (20 events):
Event: 0.368 Thread 0x0000020ffee63820 1036       3       com.sun.tools.javac.file.RelativePath::resolveAgainst (27 bytes)
Event: 0.368 Thread 0x0000020ffee63820 nmethod 1036 0x0000020fedb2f410 code [0x0000020fedb2f5e0, 0x0000020fedb2f998]
Event: 0.368 Thread 0x0000020ffee63820 1037       3       com.sun.tools.javac.file.RelativePath$RelativeFile::<init> (24 bytes)
Event: 0.369 Thread 0x0000020ffee63820 nmethod 1037 0x0000020fedb2fb10 code [0x0000020fedb2fd20, 0x0000020fedb302f8]
Event: 0.369 Thread 0x0000020ffee63820 1038       3       com.sun.tools.javac.file.PathFileObject::<init> (42 bytes)
Event: 0.369 Thread 0x0000020ffee63820 nmethod 1038 0x0000020fedb30590 code [0x0000020fedb30780, 0x0000020fedb30ce8]
Event: 0.369 Thread 0x0000020ffee63820 1039       3       java.util.ImmutableCollections$ListItr::hasNext (17 bytes)
Event: 0.369 Thread 0x0000020ffee63820 nmethod 1039 0x0000020fedb30e90 code [0x0000020fedb31020, 0x0000020fedb31198]
Event: 0.369 Thread 0x0000020ffee63820 1040   !   3       java.util.ImmutableCollections$ListItr::next (34 bytes)
Event: 0.369 Thread 0x0000020ffee63820 nmethod 1040 0x0000020fedb31210 code [0x0000020fedb313e0, 0x0000020fedb316b8]
Event: 0.369 Thread 0x0000020ffee63820 1041       3       com.sun.tools.javac.file.JavacFileManager::isValidFile (13 bytes)
Event: 0.369 Thread 0x0000020ffee63820 nmethod 1041 0x0000020fedb31810 code [0x0000020fedb319c0, 0x0000020fedb31bd8]
Event: 0.369 Thread 0x0000020ffee63820 1030       3       jdk.internal.jrtfs.JrtDirectoryStream$1::next (5 bytes)
Event: 0.369 Thread 0x0000020ffee63820 nmethod 1030 0x0000020fedb31d10 code [0x0000020fedb31ec0, 0x0000020fedb32008]
Event: 0.369 Thread 0x0000020ffee63820 1031   !   3       jdk.internal.jrtfs.JrtDirectoryStream$1::next (48 bytes)
Event: 0.369 Thread 0x0000020f8a7a13e0 nmethod 1033 0x0000020ff5490090 code [0x0000020ff5490220, 0x0000020ff54904d8]
Event: 0.369 Thread 0x0000020ffee63820 nmethod 1031 0x0000020fedb32090 code [0x0000020fedb32280, 0x0000020fedb32778]
Event: 0.369 Thread 0x0000020ffee63820 1042       3       jdk.internal.jrtfs.JrtFileSystem::getPath (102 bytes)
Event: 0.370 Thread 0x0000020ffee63820 nmethod 1042 0x0000020fedb32a10 code [0x0000020fedb32cc0, 0x0000020fedb33a68]
Event: 0.370 Thread 0x0000020ffee63820 1043       3       jdk.internal.jrtfs.JrtPath::resolve (6 bytes)

GC Heap History (17 events):
Event: 0.133 GC heap before
{Heap before GC invocations=0 (full 0):
 garbage-first heap   total 8192K, used 3072K [0x0000000082000000, 0x0000000100000000)
  region size 1024K, 3 young (3072K), 0 survivors (0K)
 Metaspace       used 2596K, committed 2816K, reserved 1114112K
  class space    used 328K, committed 448K, reserved 1048576K
}
Event: 0.135 GC heap after
{Heap after GC invocations=1 (full 0):
 garbage-first heap   total 8192K, used 1184K [0x0000000082000000, 0x0000000100000000)
  region size 1024K, 1 young (1024K), 1 survivors (1024K)
 Metaspace       used 2596K, committed 2816K, reserved 1114112K
  class space    used 328K, committed 448K, reserved 1048576K
}
Event: 0.188 GC heap before
{Heap before GC invocations=1 (full 0):
 garbage-first heap   total 8192K, used 2208K [0x0000000082000000, 0x0000000100000000)
  region size 1024K, 2 young (2048K), 1 survivors (1024K)
 Metaspace       used 4971K, committed 5184K, reserved 1114112K
  class space    used 598K, committed 704K, reserved 1048576K
}
Event: 0.190 GC heap after
{Heap after GC invocations=2 (full 0):
 garbage-first heap   total 8192K, used 1849K [0x0000000082000000, 0x0000000100000000)
  region size 1024K, 1 young (1024K), 1 survivors (1024K)
 Metaspace       used 4971K, committed 5184K, reserved 1114112K
  class space    used 598K, committed 704K, reserved 1048576K
}
Event: 0.230 GC heap before
{Heap before GC invocations=2 (full 0):
 garbage-first heap   total 8192K, used 2873K [0x0000000082000000, 0x0000000100000000)
  region size 1024K, 2 young (2048K), 1 survivors (1024K)
 Metaspace       used 6509K, committed 6656K, reserved 1114112K
  class space    used 751K, committed 832K, reserved 1048576K
}
Event: 0.231 GC heap after
{Heap after GC invocations=3 (full 0):
 garbage-first heap   total 8192K, used 2173K [0x0000000082000000, 0x0000000100000000)
  region size 1024K, 1 young (1024K), 1 survivors (1024K)
 Metaspace       used 6509K, committed 6656K, reserved 1114112K
  class space    used 751K, committed 832K, reserved 1048576K
}
Event: 0.275 GC heap before
{Heap before GC invocations=3 (full 0):
 garbage-first heap   total 8192K, used 3197K [0x0000000082000000, 0x0000000100000000)
  region size 1024K, 2 young (2048K), 1 survivors (1024K)
 Metaspace       used 7775K, committed 8000K, reserved 1114112K
  class space    used 871K, committed 960K, reserved 1048576K
}
Event: 0.279 GC heap after
{Heap after GC invocations=4 (full 0):
 garbage-first heap   total 8192K, used 2430K [0x0000000082000000, 0x0000000100000000)
  region size 1024K, 1 young (1024K), 1 survivors (1024K)
 Metaspace       used 7775K, committed 8000K, reserved 1114112K
  class space    used 871K, committed 960K, reserved 1048576K
}
Event: 0.302 GC heap before
{Heap before GC invocations=4 (full 0):
 garbage-first heap   total 8192K, used 3454K [0x0000000082000000, 0x0000000100000000)
  region size 1024K, 2 young (2048K), 1 survivors (1024K)
 Metaspace       used 8013K, committed 8256K, reserved 1114112K
  class space    used 895K, committed 1024K, reserved 1048576K
}
Event: 0.304 GC heap after
{Heap after GC invocations=5 (full 0):
 garbage-first heap   total 12288K, used 2812K [0x0000000082000000, 0x0000000100000000)
  region size 1024K, 1 young (1024K), 1 survivors (1024K)
 Metaspace       used 8013K, committed 8256K, reserved 1114112K
  class space    used 895K, committed 1024K, reserved 1048576K
}
Event: 0.332 GC heap before
{Heap before GC invocations=5 (full 0):
 garbage-first heap   total 12288K, used 4860K [0x0000000082000000, 0x0000000100000000)
  region size 1024K, 3 young (3072K), 1 survivors (1024K)
 Metaspace       used 8210K, committed 8384K, reserved 1114112K
  class space    used 921K, committed 1024K, reserved 1048576K
}
Event: 0.334 GC heap after
{Heap after GC invocations=6 (full 0):
 garbage-first heap   total 12288K, used 3401K [0x0000000082000000, 0x0000000100000000)
  region size 1024K, 1 young (1024K), 1 survivors (1024K)
 Metaspace       used 8210K, committed 8384K, reserved 1114112K
  class space    used 921K, committed 1024K, reserved 1048576K
}
Event: 0.347 GC heap before
{Heap before GC invocations=6 (full 0):
 garbage-first heap   total 12288K, used 5449K [0x0000000082000000, 0x0000000100000000)
  region size 1024K, 3 young (3072K), 1 survivors (1024K)
 Metaspace       used 8261K, committed 8448K, reserved 1114112K
  class space    used 921K, committed 1024K, reserved 1048576K
}
Event: 0.350 GC heap after
{Heap after GC invocations=7 (full 0):
 garbage-first heap   total 12288K, used 3677K [0x0000000082000000, 0x0000000100000000)
  region size 1024K, 1 young (1024K), 1 survivors (1024K)
 Metaspace       used 8261K, committed 8448K, reserved 1114112K
  class space    used 921K, committed 1024K, reserved 1048576K
}
Event: 0.365 GC heap before
{Heap before GC invocations=7 (full 0):
 garbage-first heap   total 12288K, used 5725K [0x0000000082000000, 0x0000000100000000)
  region size 1024K, 3 young (3072K), 1 survivors (1024K)
 Metaspace       used 8348K, committed 8512K, reserved 1114112K
  class space    used 930K, committed 1024K, reserved 1048576K
}
Event: 0.366 GC heap after
{Heap after GC invocations=8 (full 0):
 garbage-first heap   total 12288K, used 3908K [0x0000000082000000, 0x0000000100000000)
  region size 1024K, 1 young (1024K), 1 survivors (1024K)
 Metaspace       used 8348K, committed 8512K, reserved 1114112K
  class space    used 930K, committed 1024K, reserved 1048576K
}
Event: 0.370 GC heap before
{Heap before GC invocations=8 (full 0):
 garbage-first heap   total 12288K, used 5956K [0x0000000082000000, 0x0000000100000000)
  region size 1024K, 3 young (3072K), 1 survivors (1024K)
 Metaspace       used 8356K, committed 8512K, reserved 1114112K
  class space    used 930K, committed 1024K, reserved 1048576K
}

Dll operation events (5 events):
Event: 0.004 Loaded shared library C:\Program Files\Zulu\zulu-19\bin\java.dll
Event: 0.009 Loaded shared library C:\Program Files\Zulu\zulu-19\bin\jsvml.dll
Event: 0.049 Loaded shared library C:\Program Files\Zulu\zulu-19\bin\jimage.dll
Event: 0.099 Loaded shared library C:\Program Files\Zulu\zulu-19\bin\net.dll
Event: 0.100 Loaded shared library C:\Program Files\Zulu\zulu-19\bin\nio.dll

Deoptimization events (20 events):
Event: 0.090 Thread 0x0000020fe2d8e3d0 Uncommon trap: trap_request=0xffffffc6 fr.pc=0x0000020ff544db5c relative=0x000000000000093c
Event: 0.090 Thread 0x0000020fe2d8e3d0 Uncommon trap: reason=bimorphic_or_optimized_type_check action=maybe_recompile pc=0x0000020ff544db5c method=java.util.HashMap.putVal(ILjava/lang/Object;Ljava/lang/Object;ZZ)Ljava/lang/Object; @ 56 c2
Event: 0.090 Thread 0x0000020fe2d8e3d0 DEOPT PACKING pc=0x0000020ff544db5c sp=0x000000d49d0fdfc0
Event: 0.090 Thread 0x0000020fe2d8e3d0 DEOPT UNPACKING pc=0x0000020ff4f06da3 sp=0x000000d49d0fdf48 mode 2
Event: 0.126 Thread 0x0000020fe2d8e3d0 DEOPT PACKING pc=0x0000020fed99bae7 sp=0x000000d49d0fa6c0
Event: 0.126 Thread 0x0000020fe2d8e3d0 DEOPT UNPACKING pc=0x0000020ff4f07543 sp=0x000000d49d0f9ae0 mode 0
Event: 0.135 Thread 0x0000020fe2d8e3d0 DEOPT PACKING pc=0x0000020fed999f51 sp=0x000000d49d0fa5d0
Event: 0.135 Thread 0x0000020fe2d8e3d0 DEOPT UNPACKING pc=0x0000020ff4f07543 sp=0x000000d49d0f9a48 mode 0
Event: 0.241 Thread 0x0000020fe2d8e3d0 Uncommon trap: trap_request=0xffffff45 fr.pc=0x0000020ff54683b0 relative=0x00000000000004f0
Event: 0.241 Thread 0x0000020fe2d8e3d0 Uncommon trap: reason=unstable_if action=reinterpret pc=0x0000020ff54683b0 method=java.lang.StringLatin1.replace([BCC)Ljava/lang/String; @ 19 c2
Event: 0.241 Thread 0x0000020fe2d8e3d0 DEOPT PACKING pc=0x0000020ff54683b0 sp=0x000000d49d0fe910
Event: 0.241 Thread 0x0000020fe2d8e3d0 DEOPT UNPACKING pc=0x0000020ff4f06da3 sp=0x000000d49d0fe890 mode 2
Event: 0.266 Thread 0x0000020fe2d8e3d0 Uncommon trap: trap_request=0xffffff45 fr.pc=0x0000020ff5474338 relative=0x0000000000000178
Event: 0.267 Thread 0x0000020fe2d8e3d0 Uncommon trap: reason=unstable_if action=reinterpret pc=0x0000020ff5474338 method=com.sun.tools.javac.parser.UnicodeReader.nextCodeUnit()V @ 15 c2
Event: 0.267 Thread 0x0000020fe2d8e3d0 DEOPT PACKING pc=0x0000020ff5474338 sp=0x000000d49d0fe5d0
Event: 0.267 Thread 0x0000020fe2d8e3d0 DEOPT UNPACKING pc=0x0000020ff4f06da3 sp=0x000000d49d0fe440 mode 2
Event: 0.330 Thread 0x0000020fe2d8e3d0 Uncommon trap: trap_request=0xffffffde fr.pc=0x0000020ff5485874 relative=0x0000000000000314
Event: 0.330 Thread 0x0000020fe2d8e3d0 Uncommon trap: reason=class_check action=maybe_recompile pc=0x0000020ff5485874 method=java.util.HashMap.getNode(Ljava/lang/Object;)Ljava/util/HashMap$Node; @ 128 c2
Event: 0.330 Thread 0x0000020fe2d8e3d0 DEOPT PACKING pc=0x0000020ff5485874 sp=0x000000d49d0fe040
Event: 0.330 Thread 0x0000020fe2d8e3d0 DEOPT UNPACKING pc=0x0000020ff4f06da3 sp=0x000000d49d0fdf48 mode 2

Classes loaded (20 events):
Event: 0.319 Loading class java/util/RegularEnumSet$EnumSetIterator
Event: 0.319 Loading class java/util/RegularEnumSet$EnumSetIterator done
Event: 0.321 Loading class java/nio/file/Files$AcceptAllFilter
Event: 0.321 Loading class java/nio/file/Files$AcceptAllFilter done
Event: 0.321 Loading class sun/nio/fs/WindowsDirectoryStream$WindowsDirectoryIterator
Event: 0.321 Loading class sun/nio/fs/WindowsDirectoryStream$WindowsDirectoryIterator done
Event: 0.321 Loading class java/nio/file/Files$2
Event: 0.321 Loading class java/nio/file/Files$2 done
Event: 0.321 Loading class java/util/ImmutableCollections$Access
Event: 0.321 Loading class java/util/ImmutableCollections$Access done
Event: 0.321 Loading class java/util/ImmutableCollections$Access$1
Event: 0.321 Loading class jdk/internal/access/JavaUtilCollectionAccess
Event: 0.321 Loading class jdk/internal/access/JavaUtilCollectionAccess done
Event: 0.321 Loading class java/util/ImmutableCollections$Access$1 done
Event: 0.321 Loading class java/util/stream/Nodes$SpinedNodeBuilder
Event: 0.322 Loading class java/util/stream/Nodes$SpinedNodeBuilder done
Event: 0.322 Loading class sun/nio/fs/WindowsPath$WindowsPathWithAttributes
Event: 0.322 Loading class sun/nio/fs/BasicFileAttributesHolder
Event: 0.322 Loading class sun/nio/fs/BasicFileAttributesHolder done
Event: 0.322 Loading class sun/nio/fs/WindowsPath$WindowsPathWithAttributes done

Classes unloaded (0 events):
No events

Classes redefined (0 events):
No events

Internal exceptions (20 events):
Event: 0.205 Thread 0x0000020fe2d8e3d0 Exception <a 'java/lang/NoSuchMethodError'{0x00000000827602a8}: 'int java.lang.invoke.DirectMethodHandle$Holder.invokeVirtual(java.lang.Object, java.lang.Object)'> (0x00000000827602a8) 
thrown [s\src\hotspot\share\interpreter\linkResolver.cpp, line 774]
Event: 0.208 Thread 0x0000020fe2d8e3d0 Exception <a 'java/lang/NoSuchMethodError'{0x0000000082788b08}: 'java.lang.Object java.lang.invoke.DirectMethodHandle$Holder.newInvokeSpecial(java.lang.Object, java.lang.Object, java.lang.Object, java.lang.Object, java.lang.Object)'> (0x0000000082788b08) 
thrown [s\src\hotspot\share\interpreter\linkResolver.cpp, line 774]
Event: 0.211 Thread 0x0000020fe2d8e3d0 Exception <a 'java/lang/NoSuchMethodError'{0x0000000082797530}: 'java.lang.Object java.lang.invoke.DirectMethodHandle$Holder.newInvokeSpecial(java.lang.Object, java.lang.Object, java.lang.Object, java.lang.Object, java.lang.Object, java.lang.Object)'> (0x0000000082797530) 
thrown [s\src\hotspot\share\interpreter\linkResolver.cpp, line 774]
Event: 0.222 Thread 0x0000020fe2d8e3d0 Exception <a 'sun/nio/fs/WindowsException'{0x00000000827e1280}> (0x00000000827e1280) 
thrown [s\src\hotspot\share\prims\jni.cpp, line 517]
Event: 0.222 Thread 0x0000020fe2d8e3d0 Exception <a 'sun/nio/fs/WindowsException'{0x00000000827e14b8}> (0x00000000827e14b8) 
thrown [s\src\hotspot\share\prims\jni.cpp, line 517]
Event: 0.269 Thread 0x0000020fe2d8e3d0 Exception <a 'sun/nio/fs/WindowsException'{0x00000000827b71b8}> (0x00000000827b71b8) 
thrown [s\src\hotspot\share\prims\jni.cpp, line 517]
Event: 0.269 Thread 0x0000020fe2d8e3d0 Exception <a 'sun/nio/fs/WindowsException'{0x00000000827b7598}> (0x00000000827b7598) 
thrown [s\src\hotspot\share\prims\jni.cpp, line 517]
Event: 0.269 Thread 0x0000020fe2d8e3d0 Exception <a 'sun/nio/fs/WindowsException'{0x00000000827b8320}> (0x00000000827b8320) 
thrown [s\src\hotspot\share\prims\jni.cpp, line 517]
Event: 0.269 Thread 0x0000020fe2d8e3d0 Exception <a 'sun/nio/fs/WindowsException'{0x00000000827b8740}> (0x00000000827b8740) 
thrown [s\src\hotspot\share\prims\jni.cpp, line 517]
Event: 0.292 Thread 0x0000020fe2d8e3d0 Exception <a 'java/lang/NoSuchMethodError'{0x000000008279e198}: 'java.lang.Object java.lang.invoke.DirectMethodHandle$Holder.invokeVirtual(java.lang.Object, java.lang.Object, java.lang.Object, int, int)'> (0x000000008279e198) 
thrown [s\src\hotspot\share\interpreter\linkResolver.cpp, line 774]
Event: 0.294 Thread 0x0000020fe2d8e3d0 Exception <a 'java/lang/NoSuchMethodError'{0x00000000827a4fb0}: 'java.lang.Object java.lang.invoke.DirectMethodHandle$Holder.invokeVirtual(java.lang.Object, java.lang.Object, int)'> (0x00000000827a4fb0) 
thrown [s\src\hotspot\share\interpreter\linkResolver.cpp, line 774]
Event: 0.297 Thread 0x0000020fe2d8e3d0 Exception <a 'java/lang/NoSuchMethodError'{0x00000000827bc4d0}: 'java.lang.Object java.lang.invoke.DirectMethodHandle$Holder.invokeSpecial(java.lang.Object, java.lang.Object, java.lang.Object, int, int)'> (0x00000000827bc4d0) 
thrown [s\src\hotspot\share\interpreter\linkResolver.cpp, line 774]
Event: 0.319 Thread 0x0000020fe2d8e3d0 Exception <a 'java/lang/NoSuchMethodError'{0x0000000082a31a40}: 'void java.lang.invoke.DirectMethodHandle$Holder.invokeStatic(java.lang.Object, java.lang.Object)'> (0x0000000082a31a40) 
thrown [s\src\hotspot\share\interpreter\linkResolver.cpp, line 774]
Event: 0.320 Thread 0x0000020fe2d8e3d0 Exception <a 'sun/nio/fs/WindowsException'{0x0000000082a3bb98}> (0x0000000082a3bb98) 
thrown [s\src\hotspot\share\prims\jni.cpp, line 517]
Event: 0.324 Thread 0x0000020fe2d8e3d0 Exception <a 'sun/nio/fs/WindowsException'{0x0000000082a56030}> (0x0000000082a56030) 
thrown [s\src\hotspot\share\prims\jni.cpp, line 517]
Event: 0.359 Thread 0x0000020fe2d8e3d0 Exception <a 'java/lang/NoSuchMethodError'{0x0000000082b9f668}: 'int java.lang.invoke.DirectMethodHandle$Holder.invokeSpecial(java.lang.Object, java.lang.Object, java.lang.Object)'> (0x0000000082b9f668) 
thrown [s\src\hotspot\share\interpreter\linkResolver.cpp, line 774]
Event: 0.362 Thread 0x0000020fe2d8e3d0 Exception <a 'sun/nio/fs/WindowsException'{0x0000000082ba9e68}> (0x0000000082ba9e68) 
thrown [s\src\hotspot\share\prims\jni.cpp, line 517]
Event: 0.362 Thread 0x0000020fe2d8e3d0 Exception <a 'sun/nio/fs/WindowsException'{0x0000000082baa238}> (0x0000000082baa238) 
thrown [s\src\hotspot\share\prims\jni.cpp, line 517]
Event: 0.362 Thread 0x0000020fe2d8e3d0 Exception <a 'sun/nio/fs/WindowsException'{0x0000000082bab5b0}> (0x0000000082bab5b0) 
thrown [s\src\hotspot\share\prims\jni.cpp, line 517]
Event: 0.362 Thread 0x0000020fe2d8e3d0 Exception <a 'sun/nio/fs/WindowsException'{0x0000000082bab940}> (0x0000000082bab940) 
thrown [s\src\hotspot\share\prims\jni.cpp, line 517]

VM Operations (20 events):
Event: 0.190 Executing VM operation: G1CollectForAllocation done
Event: 0.223 Executing VM operation: HandshakeAllThreads
Event: 0.223 Executing VM operation: HandshakeAllThreads done
Event: 0.230 Executing VM operation: G1CollectForAllocation
Event: 0.231 Executing VM operation: G1CollectForAllocation done
Event: 0.270 Executing VM operation: HandshakeAllThreads
Event: 0.270 Executing VM operation: HandshakeAllThreads done
Event: 0.275 Executing VM operation: G1CollectForAllocation
Event: 0.279 Executing VM operation: G1CollectForAllocation done
Event: 0.302 Executing VM operation: G1CollectForAllocation
Event: 0.304 Executing VM operation: G1CollectForAllocation done
Event: 0.322 Executing VM operation: HandshakeAllThreads
Event: 0.322 Executing VM operation: HandshakeAllThreads done
Event: 0.332 Executing VM operation: G1CollectForAllocation
Event: 0.334 Executing VM operation: G1CollectForAllocation done
Event: 0.347 Executing VM operation: G1CollectForAllocation
Event: 0.350 Executing VM operation: G1CollectForAllocation done
Event: 0.365 Executing VM operation: G1CollectForAllocation
Event: 0.366 Executing VM operation: G1CollectForAllocation done
Event: 0.370 Executing VM operation: G1CollectForAllocation

Events (14 events):
Event: 0.010 Thread 0x0000020fe2d8e3d0 Thread added: 0x0000020fe2d8e3d0
Event: 0.019 Thread 0x0000020ffee44d90 Thread added: 0x0000020ffee44d90
Event: 0.019 Thread 0x0000020ffee458c0 Thread added: 0x0000020ffee458c0
Event: 0.019 Thread 0x0000020ffee4c320 Thread added: 0x0000020ffee4c320
Event: 0.019 Thread 0x0000020ffee4ced0 Thread added: 0x0000020ffee4ced0
Event: 0.019 Thread 0x0000020ffee4d800 Thread added: 0x0000020ffee4d800
Event: 0.019 Thread 0x0000020ffee4e130 Thread added: 0x0000020ffee4e130
Event: 0.019 Thread 0x0000020ffee51db0 Thread added: 0x0000020ffee51db0
Event: 0.019 Thread 0x0000020ffee63820 Thread added: 0x0000020ffee63820
Event: 0.019 Thread 0x0000020ffee651a0 Thread added: 0x0000020ffee651a0
Event: 0.032 Thread 0x0000020fe2ffc7b0 Thread added: 0x0000020fe2ffc7b0
Event: 0.047 Thread 0x0000020f8a249030 Thread added: 0x0000020f8a249030
Event: 0.264 Thread 0x0000020f8a791f00 Thread added: 0x0000020f8a791f00
Event: 0.353 Thread 0x0000020f8a7a13e0 Thread added: 0x0000020f8a7a13e0


Dynamic libraries:
0x00007ff621fc0000 - 0x00007ff621fc8000 	C:\Program Files\Zulu\zulu-19\bin\javac.exe
0x00007ffde4b30000 - 0x00007ffde4d44000 	C:\WINDOWS\SYSTEM32\ntdll.dll
0x00007ffde48b0000 - 0x00007ffde4973000 	C:\WINDOWS\System32\KERNEL32.DLL
0x00007ffde20b0000 - 0x00007ffde244c000 	C:\WINDOWS\System32\KERNELBASE.dll
0x00007ffde24c0000 - 0x00007ffde25d1000 	C:\WINDOWS\System32\ucrtbase.dll
0x00007ffdc5320000 - 0x00007ffdc5337000 	C:\Program Files\Zulu\zulu-19\bin\jli.dll
0x00007ffdc6f30000 - 0x00007ffdc6f4b000 	C:\Program Files\Zulu\zulu-19\bin\VCRUNTIME140.dll
0x00007ffde3c90000 - 0x00007ffde3e3d000 	C:\WINDOWS\System32\USER32.dll
0x00007ffde2680000 - 0x00007ffde26a6000 	C:\WINDOWS\System32\win32u.dll
0x00007ffdcd690000 - 0x00007ffdcd91e000 	C:\WINDOWS\WinSxS\amd64_microsoft.windows.common-controls_6595b64144ccf1df_6.0.22621.608_none_a9444ca7c10bb01d\COMCTL32.dll
0x00007ffde2e30000 - 0x00007ffde2e59000 	C:\WINDOWS\System32\GDI32.dll
0x00007ffde4a40000 - 0x00007ffde4ae7000 	C:\WINDOWS\System32\msvcrt.dll
0x00007ffde2820000 - 0x00007ffde2933000 	C:\WINDOWS\System32\gdi32full.dll
0x00007ffde25e0000 - 0x00007ffde267a000 	C:\WINDOWS\System32\msvcp_win.dll
0x00007ffde3bf0000 - 0x00007ffde3c21000 	C:\WINDOWS\System32\IMM32.DLL
0x00007ffddb780000 - 0x00007ffddb78c000 	C:\Program Files\Zulu\zulu-19\bin\vcruntime140_1.dll
0x00007ffda6ce0000 - 0x00007ffda6d6d000 	C:\Program Files\Zulu\zulu-19\bin\msvcp140.dll
0x00007ffd73c20000 - 0x00007ffd74927000 	C:\Program Files\Zulu\zulu-19\bin\server\jvm.dll
0x00007ffde2e90000 - 0x00007ffde2f3e000 	C:\WINDOWS\System32\ADVAPI32.dll
0x00007ffde2940000 - 0x00007ffde29e4000 	C:\WINDOWS\System32\sechost.dll
0x00007ffde2f60000 - 0x00007ffde3075000 	C:\WINDOWS\System32\RPCRT4.dll
0x00007ffddc170000 - 0x00007ffddc179000 	C:\WINDOWS\SYSTEM32\WSOCK32.dll
0x00007ffddaab0000 - 0x00007ffddaae4000 	C:\WINDOWS\SYSTEM32\WINMM.dll
0x00007ffdda430000 - 0x00007ffdda43a000 	C:\WINDOWS\SYSTEM32\VERSION.dll
0x00007ffde29f0000 - 0x00007ffde2a61000 	C:\WINDOWS\System32\WS2_32.dll
0x00007ffde10b0000 - 0x00007ffde10c8000 	C:\WINDOWS\SYSTEM32\kernel.appcore.dll
0x00007ffdcbae0000 - 0x00007ffdcbaea000 	C:\Program Files\Zulu\zulu-19\bin\jimage.dll
0x00007ffddf750000 - 0x00007ffddf97e000 	C:\WINDOWS\SYSTEM32\DBGHELP.DLL
0x00007ffde3f40000 - 0x00007ffde42c9000 	C:\WINDOWS\System32\combase.dll
0x00007ffde3080000 - 0x00007ffde3157000 	C:\WINDOWS\System32\OLEAUT32.dll
0x00007ffdc6fc0000 - 0x00007ffdc6ff2000 	C:\WINDOWS\SYSTEM32\dbgcore.DLL
0x00007ffde2030000 - 0x00007ffde20ab000 	C:\WINDOWS\System32\bcryptPrimitives.dll
0x00007ffdbabf0000 - 0x00007ffdbac16000 	C:\Program Files\Zulu\zulu-19\bin\java.dll
0x00007ffd94950000 - 0x00007ffd94a27000 	C:\Program Files\Zulu\zulu-19\bin\jsvml.dll
0x00007ffde3380000 - 0x00007ffde3b70000 	C:\WINDOWS\System32\SHELL32.dll
0x00007ffddff90000 - 0x00007ffde085e000 	C:\WINDOWS\SYSTEM32\windows.storage.dll
0x00007ffddfce0000 - 0x00007ffddfe1e000 	C:\WINDOWS\SYSTEM32\wintypes.dll
0x00007ffde2d30000 - 0x00007ffde2e21000 	C:\WINDOWS\System32\SHCORE.dll
0x00007ffde3c30000 - 0x00007ffde3c8e000 	C:\WINDOWS\System32\shlwapi.dll
0x00007ffde1ea0000 - 0x00007ffde1ec1000 	C:\WINDOWS\SYSTEM32\profapi.dll
0x00007ffdc7860000 - 0x00007ffdc7873000 	C:\Program Files\Zulu\zulu-19\bin\net.dll
0x00007ffddb520000 - 0x00007ffddb64f000 	C:\WINDOWS\SYSTEM32\WINHTTP.dll
0x00007ffde1520000 - 0x00007ffde1589000 	C:\WINDOWS\system32\mswsock.dll
0x00007ffdc7020000 - 0x00007ffdc7036000 	C:\Program Files\Zulu\zulu-19\bin\nio.dll

dbghelp: loaded successfully - version: 4.0.5 - missing functions: none
symbol engine: initialized successfully - sym options: 0x614 - pdb path: .;C:\Program Files\Zulu\zulu-19\bin;C:\WINDOWS\SYSTEM32;C:\WINDOWS\WinSxS\amd64_microsoft.windows.common-controls_6595b64144ccf1df_6.0.22621.608_none_a9444ca7c10bb01d;C:\Program Files\Zulu\zulu-19\bin\server

VM Arguments:
jvm_args: -Dapplication.home=C:\Program Files\Zulu\zulu-19 --add-modules=ALL-DEFAULT -Xms8m -Djdk.module.main=jdk.compiler 
java_command: jdk.compiler/com.sun.tools.javac.Main -d C:\Users\ulise\Desktop\TEC\Algoritmos y estructura de datos I\BuscaMinas\ventana busca minas\build\classes -classpath C:\Users\ulise\Desktop\TEC\Algoritmos y estructura de datos I\BuscaMinas\ventana busca minas\build\classes -sourcepath C:\Users\ulise\Desktop\TEC\Algoritmos y estructura de datos I\BuscaMinas\ventana busca minas\src -target 19 -encoding UTF-8 -g -processorpath C:\Users\ulise\Desktop\TEC\Algoritmos y estructura de datos I\BuscaMinas\ventana busca minas\build\empty -s C:\Users\ulise\Desktop\TEC\Algoritmos y estructura de datos I\BuscaMinas\ventana busca minas\build\generated-sources\ap-source-output -source 19 C:\Users\ulise\Desktop\TEC\Algoritmos y estructura de datos I\BuscaMinas\ventana busca minas\src\BuscaminasFX.java
java_class_path (initial): <not set>
Launcher Type: SUN_STANDARD

[Global flags]
     intx CICompilerCount                          = 4                                         {product} {ergonomic}
     uint ConcGCThreads                            = 3                                         {product} {ergonomic}
     uint G1ConcRefinementThreads                  = 10                                        {product} {ergonomic}
   size_t G1HeapRegionSize                         = 1048576                                   {product} {ergonomic}
    uintx GCDrainStackTargetSize                   = 64                                        {product} {ergonomic}
   size_t InitialHeapSize                          = 8388608                                   {product} {command line}
   size_t MarkStackSize                            = 4194304                                   {product} {ergonomic}
   size_t MaxHeapSize                              = 2113929216                                {product} {ergonomic}
   size_t MaxNewSize                               = 1267728384                                {product} {ergonomic}
   size_t MinHeapDeltaBytes                        = 1048576                                   {product} {ergonomic}
   size_t MinHeapSize                              = 8388608                                   {product} {command line}
    uintx NonNMethodCodeHeapSize                   = 5839372                                {pd product} {ergonomic}
    uintx NonProfiledCodeHeapSize                  = 122909434                              {pd product} {ergonomic}
    uintx ProfiledCodeHeapSize                     = 122909434                              {pd product} {ergonomic}
    uintx ReservedCodeCacheSize                    = 251658240                              {pd product} {ergonomic}
     bool SegmentedCodeCache                       = true                                      {product} {ergonomic}
   size_t SoftMaxHeapSize                          = 2113929216                             {manageable} {ergonomic}
     bool UseCompressedClassPointers               = true                           {product lp64_product} {ergonomic}
     bool UseCompressedOops                        = true                           {product lp64_product} {ergonomic}
     bool UseG1GC                                  = true                                      {product} {ergonomic}
     bool UseLargePagesIndividualAllocation        = false                                  {pd product} {ergonomic}

Logging:
Log output configuration:
 #0: stdout all=warning uptime,level,tags foldmultilines=false
 #1: stderr all=off uptime,level,tags foldmultilines=false

Environment Variables:
PATH=C:\Program Files\Zulu\zulu-19\bin\;C:\Program Files\Common Files\Oracle\Java\javapath;C:\Program Files (x86)\Common Files\Oracle\Java\javapath;C:\Windows\system32;C:\Windows;C:\Windows\System32\Wbem;C:\Windows\System32\WindowsPowerShell\v1.0\;C:\Windows\System32\OpenSSH\;C:\Program Files (x86)\NVIDIA Corporation\PhysX\Common;C:\Program Files\NVIDIA Corporation\NVIDIA NvDLISR;C:\WINDOWS\system32;C:\WINDOWS;C:\WINDOWS\System32\Wbem;C:\WINDOWS\System32\WindowsPowerShell\v1.0\;C:\WINDOWS\System32\OpenSSH\;C:\Program Files\nodejs\;C:\Program Files\Git\cmd;C:\Users\ulise\AppData\Local\Microsoft\WindowsApps;C:\Users\ulise\AppData\Local\Programs\Microsoft VS Code\bin;C:\Users\ulise\AppData\Roaming\npm;C:\Users\ulise\AppData\Local\GitHubDesktop\bin
USERNAME=ulise
OS=Windows_NT
PROCESSOR_IDENTIFIER=Intel64 Family 6 Model 165 Stepping 2, GenuineIntel
TMP=C:\Users\ulise\AppData\Local\Temp
TEMP=C:\Users\ulise\AppData\Local\Temp



---------------  S Y S T E M  ---------------

OS:
 Windows 11 , 64 bit Build 22621 (10.0.22621.1344)
OS uptime: 0 days 14:53 hours

CPU: total 12 (initial active 12) (6 cores per cpu, 2 threads per core) family 6 model 165 stepping 2 microcode 0xe2, cx8, cmov, fxsr, ht, mmx, 3dnowpref, sse, sse2, sse3, ssse3, sse4.1, sse4.2, popcnt, lzcnt, tsc, tscinvbit, avx, avx2, aes, erms, clmul, bmi1, bmi2, adx, fma, vzeroupper, clflush, clflushopt, rdtscp

Memory: 4k page, system-wide physical 8059M (1141M free)
TotalPageFile size 12155M (AvailPageFile size 13M)
current process WorkingSet (physical memory assigned to process): 67M, peak: 67M
current process commit charge ("private bytes"): 110M, peak: 122M

vm_info: OpenJDK 64-Bit Server VM (19.0.2+7) for windows-amd64 JRE (19.0.2+7) (Zulu19.32+15-CA), built on Dec 28 2022 19:25:40 by "zulu_re" with MS VC++ 16.10 / 16.11 (VS2019)

END.
