#
# There is insufficient memory for the Java Runtime Environment to continue.
# Native memory allocation (mmap) failed to map 10485760 bytes for G1 virtual space
# Possible reasons:
#   The system is out of physical RAM or swap space
#   The process is running with CompressedOops enabled, and the Java Heap may be blocking the growth of the native heap
# Possible solutions:
#   Reduce memory load on the system
#   Increase physical memory or swap space
#   Check if swap backing store is full
#   Decrease Java heap size (-Xmx/-Xms)
#   Decrease number of Java threads
#   Decrease Java thread stack sizes (-Xss)
#   Set larger code cache with -XX:ReservedCodeCacheSize=
#   JVM is running with Unscaled Compressed Oops mode in which the Java heap is
#     placed in the first 4GB address space. The Java Heap base address is the
#     maximum limit for the native heap growth. Please use -XX:HeapBaseMinAddress
#     to set the Java Heap base and to place the Java Heap above 4GB virtual address.
# This output file may be truncated or incomplete.
#
#  Out of Memory Error (os_windows.cpp:3536), pid=3928, tid=15420
#
# JRE version: OpenJDK Runtime Environment Zulu19.32+15-CA (19.0.2+7) (build 19.0.2+7)
# Java VM: OpenJDK 64-Bit Server VM Zulu19.32+15-CA (19.0.2+7, mixed mode, sharing, tiered, compressed oops, compressed class ptrs, g1 gc, windows-amd64)
# No core dump will be written. Minidumps are not enabled by default on client versions of Windows
#

---------------  S U M M A R Y ------------

Command Line: -Dapplication.home=C:\Program Files\Zulu\zulu-19 --add-modules=ALL-DEFAULT -Xms8m -Djdk.module.main=jdk.compiler jdk.compiler/com.sun.tools.javac.Main -d C:\Users\ulise\Desktop\TEC\Algoritmos y estructura de datos I\BuscaMinas\ventana busca minas\build\classes -classpath C:\Users\ulise\Desktop\TEC\Algoritmos y estructura de datos I\BuscaMinas\ventana busca minas\build\classes -sourcepath C:\Users\ulise\Desktop\TEC\Algoritmos y estructura de datos I\BuscaMinas\ventana busca minas\src -target 19 -encoding UTF-8 -g -processorpath C:\Users\ulise\Desktop\TEC\Algoritmos y estructura de datos I\BuscaMinas\ventana busca minas\build\empty -s C:\Users\ulise\Desktop\TEC\Algoritmos y estructura de datos I\BuscaMinas\ventana busca minas\build\generated-sources\ap-source-output -source 19 C:\Users\ulise\Desktop\TEC\Algoritmos y estructura de datos I\BuscaMinas\ventana busca minas\src\BuscaminasFX.java

Host: Intel(R) Core(TM) i7-10750H CPU @ 2.60GHz, 12 cores, 7G,  Windows 11 , 64 bit Build 22621 (10.0.22621.1344)
Time: Tue Mar 21 00:44:51 2023 Hora estándar, América Central elapsed time: 0.366208 seconds (0d 0h 0m 0s)

---------------  T H R E A D  ---------------

Current thread (0x000002037b61c020):  VMThread "VM Thread" [stack: 0x00000072e2900000,0x00000072e2a00000] [id=15420]

Stack: [0x00000072e2900000,0x00000072e2a00000]
Native frames: (J=compiled Java code, j=interpreted, Vv=VM code, C=native code)
V  [jvm.dll+0x6eab2a]
V  [jvm.dll+0x8a4a20]
V  [jvm.dll+0x8a640e]
V  [jvm.dll+0x8a6ac3]
V  [jvm.dll+0x27c1ef]
V  [jvm.dll+0x6e7929]
V  [jvm.dll+0x6dc3da]
V  [jvm.dll+0x3528ab]
V  [jvm.dll+0x35a266]
V  [jvm.dll+0x3b0a2e]
V  [jvm.dll+0x3b0c5f]
V  [jvm.dll+0x327e9a]
V  [jvm.dll+0x327f47]
V  [jvm.dll+0x370442]
V  [jvm.dll+0x36e8e4]
V  [jvm.dll+0x327660]
V  [jvm.dll+0x36de7b]
V  [jvm.dll+0x8abc13]
V  [jvm.dll+0x8ac9d9]
V  [jvm.dll+0x8acf0d]
V  [jvm.dll+0x8ad39b]
V  [jvm.dll+0x8ad457]
V  [jvm.dll+0x84ec7a]
V  [jvm.dll+0x6e981b]
C  [ucrtbase.dll+0x29363]
C  [KERNEL32.DLL+0x126bd]
C  [ntdll.dll+0x5a9f8]

VM_Operation (0x00000072e23fdb10): G1CollectForAllocation, mode: safepoint, requested by thread 0x000002036a79a9a0


---------------  P R O C E S S  ---------------

Threads class SMR info:
_java_thread_list=0x000002030f179cd0, length=14, elements={
0x000002036a79a9a0, 0x000002037b635240, 0x000002037b637d80, 0x000002037b63ab00,
0x000002037b63f710, 0x000002037b63d830, 0x000002037b63e4a0, 0x000002037b646310,
0x000002037b648e30, 0x000002037b657100, 0x000002036a85b3b0, 0x000002037b647260,
0x000002037fa7f190, 0x000002037b6493c0
}

Java Threads: ( => current thread )
  0x000002036a79a9a0 JavaThread "main" [_thread_blocked, id=1748, stack(0x00000072e2300000,0x00000072e2400000)]
  0x000002037b635240 JavaThread "Reference Handler" daemon [_thread_blocked, id=5336, stack(0x00000072e2a00000,0x00000072e2b00000)]
  0x000002037b637d80 JavaThread "Finalizer" daemon [_thread_blocked, id=15696, stack(0x00000072e2b00000,0x00000072e2c00000)]
  0x000002037b63ab00 JavaThread "Signal Dispatcher" daemon [_thread_blocked, id=17680, stack(0x00000072e2c00000,0x00000072e2d00000)]
  0x000002037b63f710 JavaThread "Attach Listener" daemon [_thread_blocked, id=13680, stack(0x00000072e2d00000,0x00000072e2e00000)]
  0x000002037b63d830 JavaThread "Service Thread" daemon [_thread_blocked, id=14088, stack(0x00000072e2e00000,0x00000072e2f00000)]
  0x000002037b63e4a0 JavaThread "Monitor Deflation Thread" daemon [_thread_blocked, id=5832, stack(0x00000072e2f00000,0x00000072e3000000)]
  0x000002037b646310 JavaThread "C2 CompilerThread0" daemon [_thread_blocked, id=12664, stack(0x00000072e3000000,0x00000072e3100000)]
  0x000002037b648e30 JavaThread "C1 CompilerThread0" daemon [_thread_blocked, id=10776, stack(0x00000072e3100000,0x00000072e3200000)]
  0x000002037b657100 JavaThread "Sweeper thread" daemon [_thread_blocked, id=18884, stack(0x00000072e3200000,0x00000072e3300000)]
  0x000002036a85b3b0 JavaThread "Common-Cleaner" daemon [_thread_blocked, id=14268, stack(0x00000072e3300000,0x00000072e3400000)]
  0x000002037b647260 JavaThread "C2 CompilerThread1" daemon [_thread_blocked, id=8768, stack(0x00000072e3400000,0x00000072e3500000)]
  0x000002037fa7f190 JavaThread "Notification Thread" daemon [_thread_blocked, id=10884, stack(0x00000072e3500000,0x00000072e3600000)]
  0x000002037b6493c0 JavaThread "C2 CompilerThread2" daemon [_thread_blocked, id=17868, stack(0x00000072e3c00000,0x00000072e3d00000)]

Other Threads:
=>0x000002037b61c020 VMThread "VM Thread" [stack: 0x00000072e2900000,0x00000072e2a00000] [id=15420]
  0x000002037fa39ec0 WatcherThread "VM Periodic Task Thread" [stack: 0x00000072e3600000,0x00000072e3700000] [id=19652]
  0x000002036a7fa770 WorkerThread "GC Thread#0" [stack: 0x00000072e2400000,0x00000072e2500000] [id=2100]
  0x000002037fcb9050 WorkerThread "GC Thread#1" [stack: 0x00000072e3700000,0x00000072e3800000] [id=1548]
  0x000002037fc30f30 WorkerThread "GC Thread#2" [stack: 0x00000072e3800000,0x00000072e3900000] [id=5916]
  0x000002037fcdd470 WorkerThread "GC Thread#3" [stack: 0x00000072e3900000,0x00000072e3a00000] [id=7132]
  0x000002030f09e060 WorkerThread "GC Thread#4" [stack: 0x00000072e3a00000,0x00000072e3b00000] [id=11756]
  0x000002030f1a4c40 WorkerThread "GC Thread#5" [stack: 0x00000072e3b00000,0x00000072e3c00000] [id=17512]
  0x000002036a80b5d0 ConcurrentGCThread "G1 Main Marker" [stack: 0x00000072e2500000,0x00000072e2600000] [id=16992]
  0x000002036a80ceb0 WorkerThread "G1 Conc#0" [stack: 0x00000072e2600000,0x00000072e2700000] [id=12236]
  0x000002036a842250 ConcurrentGCThread "G1 Refine#0" [stack: 0x00000072e2700000,0x00000072e2800000] [id=17288]
  0x000002036a842c30 ConcurrentGCThread "G1 Service" [stack: 0x00000072e2800000,0x00000072e2900000] [id=3968]

Threads with active compile tasks:
C1 CompilerThread0      375 1041       3       jdk.internal.jrtfs.JrtFileSystem::getPath (102 bytes)
C2 CompilerThread2      375 1036       4       java.lang.String::startsWith (138 bytes)

VM state: at safepoint (normal execution)

VM Mutex/Monitor currently owned by a thread:  ([mutex/lock_event])
[0x000002036a797550] Threads_lock - owner thread: 0x000002037b61c020
[0x000002036a797310] Heap_lock - owner thread: 0x000002036a79a9a0

Heap address: 0x0000000082000000, size: 2016 MB, Compressed Oops mode: 32-bit

CDS archive(s) mapped at: [0x0000000800000000-0x0000000800c40000-0x0000000800c40000), size 12845056, SharedBaseAddress: 0x0000000800000000, ArchiveRelocationMode: 0.
Compressed class space mapped at: 0x0000000801000000-0x0000000841000000, reserved size: 1073741824
Narrow klass base: 0x0000000800000000, Narrow klass shift: 0, Narrow klass range: 0x100000000

GC Precious Log:
 CardTable entry size: 512
 Card Set container configuration: InlinePtr #cards 5 size 8 Array Of Cards #cards 12 size 40 Howl #buckets 4 coarsen threshold 1843 Howl Bitmap #cards 512 size 80 coarsen threshold 460 Card regions per heap region 1 cards per card region 2048
 CPUs: 12 total, 12 available
 Memory: 8059M
 Large Page Support: Disabled
 NUMA Support: Disabled
 Compressed Oops: Enabled (32-bit)
 Heap Region Size: 1M
 Heap Min Capacity: 8M
 Heap Initial Capacity: 8M
 Heap Max Capacity: 2016M
 Pre-touch: Disabled
 Parallel Workers: 10
 Concurrent Workers: 3
 Concurrent Refinement Workers: 10
 Periodic GC: Disabled

Heap:
 garbage-first heap   total 11264K, used 4147K [0x0000000082000000, 0x0000000100000000)
  region size 1024K, 1 young (1024K), 1 survivors (1024K)
 Metaspace       used 8360K, committed 8512K, reserved 1114112K
  class space    used 931K, committed 1024K, reserved 1048576K

Heap Regions: E=young(eden), S=young(survivor), O=old, HS=humongous(starts), HC=humongous(continues), CS=collection set, F=free, OA=open archive, CA=closed archive, TAMS=top-at-mark-start (previous, next)
|   0|0x0000000082000000, 0x0000000082100000, 0x0000000082100000|100%| O|  |TAMS 0x0000000082000000, 0x0000000082000000| Untracked 
|   1|0x0000000082100000, 0x0000000082200000, 0x0000000082200000|100%| O|  |TAMS 0x0000000082100000, 0x0000000082100000| Untracked 
|   2|0x0000000082200000, 0x0000000082300000, 0x0000000082300000|100%| O|  |TAMS 0x0000000082200000, 0x0000000082200000| Untracked 
|   3|0x0000000082300000, 0x0000000082354200, 0x0000000082400000| 32%| O|  |TAMS 0x0000000082300000, 0x0000000082300000| Untracked 
|   4|0x0000000082400000, 0x0000000082400000, 0x0000000082500000|  0%| F|  |TAMS 0x0000000082400000, 0x0000000082400000| Untracked 
|   5|0x0000000082500000, 0x0000000082500000, 0x0000000082600000|  0%| F|  |TAMS 0x0000000082500000, 0x0000000082500000| Untracked 
|   6|0x0000000082600000, 0x0000000082600000, 0x0000000082700000|  0%| F|  |TAMS 0x0000000082600000, 0x0000000082600000| Untracked 
|   7|0x0000000082700000, 0x00000000827b8a60, 0x0000000082800000| 72%| S|CS|TAMS 0x0000000082700000, 0x0000000082700000| Complete 
|   8|0x0000000082800000, 0x0000000082800000, 0x0000000082900000|  0%| F|  |TAMS 0x0000000082800000, 0x0000000082800000| Untracked 
|   9|0x0000000082900000, 0x0000000082900000, 0x0000000082a00000|  0%| F|  |TAMS 0x0000000082900000, 0x0000000082900000| Untracked 
|  10|0x0000000082a00000, 0x0000000082a00000, 0x0000000082b00000|  0%| F|  |TAMS 0x0000000082a00000, 0x0000000082a00000| Untracked 

Card table byte_map: [0x0000020374340000,0x0000020374730000] _byte_map_base: 0x0000020373f30000

Marking Bits (Prev, Next): (CMBitMap*) 0x000002036a7fada0, (CMBitMap*) 0x000002036a7fade0
 Prev Bits: [0x0000020374b20000, 0x0000020376aa0000)
 Next Bits: [0x0000020376aa0000, 0x0000020378a20000)

Polling page: 0x0000020368720000

Metaspace:

Usage:
  Non-class:      7.25 MB used.
      Class:    931.63 KB used.
       Both:      8.16 MB used.

Virtual space:
  Non-class space:       64.00 MB reserved,       7.31 MB ( 11%) committed,  1 nodes.
      Class space:        1.00 GB reserved,       1.00 MB ( <1%) committed,  1 nodes.
             Both:        1.06 GB reserved,       8.31 MB ( <1%) committed. 

Chunk freelists:
   Non-Class:  2.33 MB
       Class:  2.95 MB
        Both:  5.28 MB

MaxMetaspaceSize: unlimited
CompressedClassSpaceSize: 1.00 GB
Initial GC threshold: 21.00 MB
Current GC threshold: 21.00 MB
CDS: on
MetaspaceReclaimPolicy: balanced
 - commit_granule_bytes: 65536.
 - commit_granule_words: 8192.
 - virtual_space_node_default_size: 8388608.
 - enlarge_chunks_in_place: 1.
 - new_chunks_are_fully_committed: 0.
 - uncommit_free_chunks: 1.
 - use_allocation_guard: 0.


Internal statistics:

num_allocs_failed_limit: 0.
num_arena_births: 66.
num_arena_deaths: 0.
num_vsnodes_births: 2.
num_vsnodes_deaths: 0.
num_space_committed: 133.
num_space_uncommitted: 0.
num_chunks_returned_to_freelist: 0.
num_chunks_taken_from_freelist: 331.
num_chunk_merges: 0.
num_chunk_splits: 247.
num_chunks_enlarged: 197.
num_inconsistent_stats: 0.

CodeHeap 'non-profiled nmethods': size=120000Kb used=326Kb max_used=326Kb free=119673Kb
 bounds [0x0000020307ad0000, 0x0000020307d40000, 0x000002030f000000]
CodeHeap 'profiled nmethods': size=120000Kb used=1799Kb max_used=1799Kb free=118200Kb
 bounds [0x0000020300000000, 0x0000020300270000, 0x0000020307530000]
CodeHeap 'non-nmethods': size=5760Kb used=1220Kb max_used=1253Kb free=4539Kb
 bounds [0x0000020307530000, 0x00000203077a0000, 0x0000020307ad0000]
 total_blobs=1459 nmethods=1036 adapters=334
 compilation: enabled
              stopped_count=0, restarted_count=0
 full_count=0

Compilation events (20 events):
Event: 0.362 Thread 0x000002037b648e30 nmethod 1028 0x00000203001bdd90 code [0x00000203001bdf80, 0x00000203001be388]
Event: 0.362 Thread 0x000002037b648e30 1029       3       jdk.internal.jrtfs.JrtFileSystem$$Lambda$96/0x000000080105c4d0::test (12 bytes)
Event: 0.362 Thread 0x000002037b648e30 nmethod 1029 0x00000203001be510 code [0x00000203001be6c0, 0x00000203001bea28]
Event: 0.362 Thread 0x000002037b648e30 1030   !   3       jdk.internal.jrtfs.JrtFileSystem::lambda$iteratorOf$3 (11 bytes)
Event: 0.362 Thread 0x000002037b648e30 nmethod 1030 0x00000203001beb90 code [0x00000203001bed40, 0x00000203001bef48]
Event: 0.362 Thread 0x000002037b648e30 1031       3       jdk.internal.jrtfs.JrtDirectoryStream$1::next (5 bytes)
Event: 0.362 Thread 0x000002037b648e30 nmethod 1031 0x00000203001bf090 code [0x00000203001bf240, 0x00000203001bf388]
Event: 0.362 Thread 0x000002037b648e30 1032       3       java.util.stream.StreamSpliterators$WrappingSpliterator$$Lambda$98/0x000000080105d728::accept (9 bytes)
Event: 0.362 Thread 0x000002037b648e30 nmethod 1032 0x00000203001bf410 code [0x00000203001bf5c0, 0x00000203001bf788]
Event: 0.362 Thread 0x000002037b648e30 1033       3       java.util.stream.SpinedBuffer::get (123 bytes)
Event: 0.362 Thread 0x000002037b648e30 nmethod 1033 0x00000203001bf890 code [0x00000203001bfae0, 0x00000203001c02f8]
Event: 0.362 Thread 0x000002037b648e30 1037       3       java.util.ImmutableCollections$ListN::get (7 bytes)
Event: 0.362 Thread 0x000002037b648e30 nmethod 1037 0x00000203001c0690 code [0x00000203001c0820, 0x00000203001c0958]
Event: 0.362 Thread 0x000002037b648e30 1038       3       com.sun.tools.javac.file.RelativePath::<init> (10 bytes)
Event: 0.362 Thread 0x000002037b648e30 nmethod 1038 0x00000203001c0a10 code [0x00000203001c0bc0, 0x00000203001c0d78]
Event: 0.362 Thread 0x000002037b648e30 1039       3       com.sun.tools.javac.file.RelativePath::resolveAgainst (27 bytes)
Event: 0.363 Thread 0x000002037b648e30 nmethod 1039 0x00000203001c0e10 code [0x00000203001c0fe0, 0x00000203001c1398]
Event: 0.363 Thread 0x000002037b648e30 1040       3       com.sun.tools.javac.file.RelativePath$RelativeFile::<init> (24 bytes)
Event: 0.363 Thread 0x000002037b648e30 nmethod 1040 0x00000203001c1510 code [0x00000203001c1720, 0x00000203001c1cf8]
Event: 0.363 Thread 0x000002037b648e30 1041       3       jdk.internal.jrtfs.JrtFileSystem::getPath (102 bytes)

GC Heap History (17 events):
Event: 0.131 GC heap before
{Heap before GC invocations=0 (full 0):
 garbage-first heap   total 8192K, used 3072K [0x0000000082000000, 0x0000000100000000)
  region size 1024K, 3 young (3072K), 0 survivors (0K)
 Metaspace       used 2592K, committed 2816K, reserved 1114112K
  class space    used 328K, committed 448K, reserved 1048576K
}
Event: 0.133 GC heap after
{Heap after GC invocations=1 (full 0):
 garbage-first heap   total 8192K, used 1184K [0x0000000082000000, 0x0000000100000000)
  region size 1024K, 1 young (1024K), 1 survivors (1024K)
 Metaspace       used 2592K, committed 2816K, reserved 1114112K
  class space    used 328K, committed 448K, reserved 1048576K
}
Event: 0.185 GC heap before
{Heap before GC invocations=1 (full 0):
 garbage-first heap   total 8192K, used 2208K [0x0000000082000000, 0x0000000100000000)
  region size 1024K, 2 young (2048K), 1 survivors (1024K)
 Metaspace       used 4971K, committed 5184K, reserved 1114112K
  class space    used 598K, committed 704K, reserved 1048576K
}
Event: 0.187 GC heap after
{Heap after GC invocations=2 (full 0):
 garbage-first heap   total 8192K, used 1844K [0x0000000082000000, 0x0000000100000000)
  region size 1024K, 1 young (1024K), 1 survivors (1024K)
 Metaspace       used 4971K, committed 5184K, reserved 1114112K
  class space    used 598K, committed 704K, reserved 1048576K
}
Event: 0.231 GC heap before
{Heap before GC invocations=2 (full 0):
 garbage-first heap   total 8192K, used 2868K [0x0000000082000000, 0x0000000100000000)
  region size 1024K, 2 young (2048K), 1 survivors (1024K)
 Metaspace       used 6519K, committed 6656K, reserved 1114112K
  class space    used 752K, committed 832K, reserved 1048576K
}
Event: 0.232 GC heap after
{Heap after GC invocations=3 (full 0):
 garbage-first heap   total 8192K, used 2182K [0x0000000082000000, 0x0000000100000000)
  region size 1024K, 1 young (1024K), 1 survivors (1024K)
 Metaspace       used 6519K, committed 6656K, reserved 1114112K
  class space    used 752K, committed 832K, reserved 1048576K
}
Event: 0.274 GC heap before
{Heap before GC invocations=3 (full 0):
 garbage-first heap   total 8192K, used 3206K [0x0000000082000000, 0x0000000100000000)
  region size 1024K, 2 young (2048K), 1 survivors (1024K)
 Metaspace       used 7780K, committed 8000K, reserved 1114112K
  class space    used 872K, committed 960K, reserved 1048576K
}
Event: 0.277 GC heap after
{Heap after GC invocations=4 (full 0):
 garbage-first heap   total 8192K, used 2423K [0x0000000082000000, 0x0000000100000000)
  region size 1024K, 1 young (1024K), 1 survivors (1024K)
 Metaspace       used 7780K, committed 8000K, reserved 1114112K
  class space    used 872K, committed 960K, reserved 1048576K
}
Event: 0.301 GC heap before
{Heap before GC invocations=4 (full 0):
 garbage-first heap   total 8192K, used 3447K [0x0000000082000000, 0x0000000100000000)
  region size 1024K, 2 young (2048K), 1 survivors (1024K)
 Metaspace       used 8013K, committed 8256K, reserved 1114112K
  class space    used 897K, committed 1024K, reserved 1048576K
}
Event: 0.302 GC heap after
{Heap after GC invocations=5 (full 0):
 garbage-first heap   total 11264K, used 2864K [0x0000000082000000, 0x0000000100000000)
  region size 1024K, 1 young (1024K), 1 survivors (1024K)
 Metaspace       used 8013K, committed 8256K, reserved 1114112K
  class space    used 897K, committed 1024K, reserved 1048576K
}
Event: 0.329 GC heap before
{Heap before GC invocations=5 (full 0):
 garbage-first heap   total 11264K, used 4912K [0x0000000082000000, 0x0000000100000000)
  region size 1024K, 3 young (3072K), 1 survivors (1024K)
 Metaspace       used 8213K, committed 8384K, reserved 1114112K
  class space    used 922K, committed 1024K, reserved 1048576K
}
Event: 0.331 GC heap after
{Heap after GC invocations=6 (full 0):
 garbage-first heap   total 11264K, used 3481K [0x0000000082000000, 0x0000000100000000)
  region size 1024K, 1 young (1024K), 1 survivors (1024K)
 Metaspace       used 8213K, committed 8384K, reserved 1114112K
  class space    used 922K, committed 1024K, reserved 1048576K
}
Event: 0.344 GC heap before
{Heap before GC invocations=6 (full 0):
 garbage-first heap   total 11264K, used 5529K [0x0000000082000000, 0x0000000100000000)
  region size 1024K, 3 young (3072K), 1 survivors (1024K)
 Metaspace       used 8270K, committed 8448K, reserved 1114112K
  class space    used 922K, committed 1024K, reserved 1048576K
}
Event: 0.345 GC heap after
{Heap after GC invocations=7 (full 0):
 garbage-first heap   total 11264K, used 3798K [0x0000000082000000, 0x0000000100000000)
  region size 1024K, 1 young (1024K), 1 survivors (1024K)
 Metaspace       used 8270K, committed 8448K, reserved 1114112K
  class space    used 922K, committed 1024K, reserved 1048576K
}
Event: 0.356 GC heap before
{Heap before GC invocations=7 (full 0):
 garbage-first heap   total 11264K, used 4822K [0x0000000082000000, 0x0000000100000000)
  region size 1024K, 2 young (2048K), 1 survivors (1024K)
 Metaspace       used 8339K, committed 8512K, reserved 1114112K
  class space    used 931K, committed 1024K, reserved 1048576K
}
Event: 0.357 GC heap after
{Heap after GC invocations=8 (full 0):
 garbage-first heap   total 11264K, used 3805K [0x0000000082000000, 0x0000000100000000)
  region size 1024K, 1 young (1024K), 1 survivors (1024K)
 Metaspace       used 8339K, committed 8512K, reserved 1114112K
  class space    used 931K, committed 1024K, reserved 1048576K
}
Event: 0.363 GC heap before
{Heap before GC invocations=8 (full 0):
 garbage-first heap   total 11264K, used 5853K [0x0000000082000000, 0x0000000100000000)
  region size 1024K, 3 young (3072K), 1 survivors (1024K)
 Metaspace       used 8360K, committed 8512K, reserved 1114112K
  class space    used 931K, committed 1024K, reserved 1048576K
}

Dll operation events (5 events):
Event: 0.004 Loaded shared library C:\Program Files\Zulu\zulu-19\bin\java.dll
Event: 0.010 Loaded shared library C:\Program Files\Zulu\zulu-19\bin\jsvml.dll
Event: 0.046 Loaded shared library C:\Program Files\Zulu\zulu-19\bin\jimage.dll
Event: 0.096 Loaded shared library C:\Program Files\Zulu\zulu-19\bin\net.dll
Event: 0.097 Loaded shared library C:\Program Files\Zulu\zulu-19\bin\nio.dll

Deoptimization events (20 events):
Event: 0.123 Thread 0x000002036a79a9a0 DEOPT PACKING pc=0x000002030002c6e7 sp=0x00000072e23f9210
Event: 0.123 Thread 0x000002036a79a9a0 DEOPT UNPACKING pc=0x0000020307597543 sp=0x00000072e23f8630 mode 0
Event: 0.134 Thread 0x000002036a79a9a0 DEOPT PACKING pc=0x000002030002a551 sp=0x00000072e23f9020
Event: 0.134 Thread 0x000002036a79a9a0 DEOPT UNPACKING pc=0x0000020307597543 sp=0x00000072e23f8498 mode 0
Event: 0.212 Thread 0x000002036a79a9a0 Uncommon trap: trap_request=0xffffff45 fr.pc=0x0000020307aea408 relative=0x0000000000000988
Event: 0.212 Thread 0x000002036a79a9a0 Uncommon trap: reason=unstable_if action=reinterpret pc=0x0000020307aea408 method=java.util.HashMap.putVal(ILjava/lang/Object;Ljava/lang/Object;ZZ)Ljava/lang/Object; @ 181 c2
Event: 0.212 Thread 0x000002036a79a9a0 DEOPT PACKING pc=0x0000020307aea408 sp=0x00000072e23fe430
Event: 0.212 Thread 0x000002036a79a9a0 DEOPT UNPACKING pc=0x0000020307596da3 sp=0x00000072e23fe3e0 mode 2
Event: 0.242 Thread 0x000002036a79a9a0 Uncommon trap: trap_request=0xffffff45 fr.pc=0x0000020307af8730 relative=0x00000000000004f0
Event: 0.242 Thread 0x000002036a79a9a0 Uncommon trap: reason=unstable_if action=reinterpret pc=0x0000020307af8730 method=java.lang.StringLatin1.replace([BCC)Ljava/lang/String; @ 19 c2
Event: 0.242 Thread 0x000002036a79a9a0 DEOPT PACKING pc=0x0000020307af8730 sp=0x00000072e23fecc0
Event: 0.242 Thread 0x000002036a79a9a0 DEOPT UNPACKING pc=0x0000020307596da3 sp=0x00000072e23fec40 mode 2
Event: 0.266 Thread 0x000002036a79a9a0 Uncommon trap: trap_request=0xffffff45 fr.pc=0x0000020307b03338 relative=0x0000000000000178
Event: 0.266 Thread 0x000002036a79a9a0 Uncommon trap: reason=unstable_if action=reinterpret pc=0x0000020307b03338 method=com.sun.tools.javac.parser.UnicodeReader.nextCodeUnit()V @ 15 c2
Event: 0.266 Thread 0x000002036a79a9a0 DEOPT PACKING pc=0x0000020307b03338 sp=0x00000072e23fe980
Event: 0.266 Thread 0x000002036a79a9a0 DEOPT UNPACKING pc=0x0000020307596da3 sp=0x00000072e23fe7f0 mode 2
Event: 0.325 Thread 0x000002036a79a9a0 Uncommon trap: trap_request=0xffffffde fr.pc=0x0000020307b16ff4 relative=0x0000000000000314
Event: 0.325 Thread 0x000002036a79a9a0 Uncommon trap: reason=class_check action=maybe_recompile pc=0x0000020307b16ff4 method=java.util.HashMap.getNode(Ljava/lang/Object;)Ljava/util/HashMap$Node; @ 128 c2
Event: 0.325 Thread 0x000002036a79a9a0 DEOPT PACKING pc=0x0000020307b16ff4 sp=0x00000072e23fe3f0
Event: 0.325 Thread 0x000002036a79a9a0 DEOPT UNPACKING pc=0x0000020307596da3 sp=0x00000072e23fe2f8 mode 2

Classes loaded (20 events):
Event: 0.315 Loading class java/util/RegularEnumSet$EnumSetIterator
Event: 0.315 Loading class java/util/RegularEnumSet$EnumSetIterator done
Event: 0.317 Loading class java/nio/file/Files$AcceptAllFilter
Event: 0.317 Loading class java/nio/file/Files$AcceptAllFilter done
Event: 0.317 Loading class sun/nio/fs/WindowsDirectoryStream$WindowsDirectoryIterator
Event: 0.317 Loading class sun/nio/fs/WindowsDirectoryStream$WindowsDirectoryIterator done
Event: 0.317 Loading class java/nio/file/Files$2
Event: 0.318 Loading class java/nio/file/Files$2 done
Event: 0.318 Loading class java/util/ImmutableCollections$Access
Event: 0.318 Loading class java/util/ImmutableCollections$Access done
Event: 0.318 Loading class java/util/ImmutableCollections$Access$1
Event: 0.318 Loading class jdk/internal/access/JavaUtilCollectionAccess
Event: 0.318 Loading class jdk/internal/access/JavaUtilCollectionAccess done
Event: 0.318 Loading class java/util/ImmutableCollections$Access$1 done
Event: 0.318 Loading class java/util/stream/Nodes$SpinedNodeBuilder
Event: 0.318 Loading class java/util/stream/Nodes$SpinedNodeBuilder done
Event: 0.319 Loading class sun/nio/fs/WindowsPath$WindowsPathWithAttributes
Event: 0.319 Loading class sun/nio/fs/BasicFileAttributesHolder
Event: 0.319 Loading class sun/nio/fs/BasicFileAttributesHolder done
Event: 0.319 Loading class sun/nio/fs/WindowsPath$WindowsPathWithAttributes done

Classes unloaded (0 events):
No events

Classes redefined (0 events):
No events

Internal exceptions (20 events):
Event: 0.205 Thread 0x000002036a79a9a0 Exception <a 'java/lang/NoSuchMethodError'{0x000000008275fff8}: 'int java.lang.invoke.DirectMethodHandle$Holder.invokeVirtual(java.lang.Object, java.lang.Object)'> (0x000000008275fff8) 
thrown [s\src\hotspot\share\interpreter\linkResolver.cpp, line 774]
Event: 0.208 Thread 0x000002036a79a9a0 Exception <a 'java/lang/NoSuchMethodError'{0x0000000082788710}: 'java.lang.Object java.lang.invoke.DirectMethodHandle$Holder.newInvokeSpecial(java.lang.Object, java.lang.Object, java.lang.Object, java.lang.Object, java.lang.Object)'> (0x0000000082788710) 
thrown [s\src\hotspot\share\interpreter\linkResolver.cpp, line 774]
Event: 0.210 Thread 0x000002036a79a9a0 Exception <a 'java/lang/NoSuchMethodError'{0x0000000082797218}: 'java.lang.Object java.lang.invoke.DirectMethodHandle$Holder.newInvokeSpecial(java.lang.Object, java.lang.Object, java.lang.Object, java.lang.Object, java.lang.Object, java.lang.Object)'> (0x0000000082797218) 
thrown [s\src\hotspot\share\interpreter\linkResolver.cpp, line 774]
Event: 0.221 Thread 0x000002036a79a9a0 Exception <a 'sun/nio/fs/WindowsException'{0x00000000827e0e10}> (0x00000000827e0e10) 
thrown [s\src\hotspot\share\prims\jni.cpp, line 517]
Event: 0.221 Thread 0x000002036a79a9a0 Exception <a 'sun/nio/fs/WindowsException'{0x00000000827e1048}> (0x00000000827e1048) 
thrown [s\src\hotspot\share\prims\jni.cpp, line 517]
Event: 0.268 Thread 0x000002036a79a9a0 Exception <a 'sun/nio/fs/WindowsException'{0x00000000827b4bd8}> (0x00000000827b4bd8) 
thrown [s\src\hotspot\share\prims\jni.cpp, line 517]
Event: 0.268 Thread 0x000002036a79a9a0 Exception <a 'sun/nio/fs/WindowsException'{0x00000000827b4fb8}> (0x00000000827b4fb8) 
thrown [s\src\hotspot\share\prims\jni.cpp, line 517]
Event: 0.268 Thread 0x000002036a79a9a0 Exception <a 'sun/nio/fs/WindowsException'{0x00000000827b5d40}> (0x00000000827b5d40) 
thrown [s\src\hotspot\share\prims\jni.cpp, line 517]
Event: 0.268 Thread 0x000002036a79a9a0 Exception <a 'sun/nio/fs/WindowsException'{0x00000000827b6160}> (0x00000000827b6160) 
thrown [s\src\hotspot\share\prims\jni.cpp, line 517]
Event: 0.290 Thread 0x000002036a79a9a0 Exception <a 'java/lang/NoSuchMethodError'{0x000000008279bcf8}: 'java.lang.Object java.lang.invoke.DirectMethodHandle$Holder.invokeVirtual(java.lang.Object, java.lang.Object, java.lang.Object, int, int)'> (0x000000008279bcf8) 
thrown [s\src\hotspot\share\interpreter\linkResolver.cpp, line 774]
Event: 0.290 Thread 0x000002036a79a9a0 Exception <a 'java/lang/NoSuchMethodError'{0x00000000827a2d88}: 'java.lang.Object java.lang.invoke.DirectMethodHandle$Holder.invokeVirtual(java.lang.Object, java.lang.Object, int)'> (0x00000000827a2d88) 
thrown [s\src\hotspot\share\interpreter\linkResolver.cpp, line 774]
Event: 0.295 Thread 0x000002036a79a9a0 Exception <a 'java/lang/NoSuchMethodError'{0x00000000827ba078}: 'java.lang.Object java.lang.invoke.DirectMethodHandle$Holder.invokeSpecial(java.lang.Object, java.lang.Object, java.lang.Object, int, int)'> (0x00000000827ba078) 
thrown [s\src\hotspot\share\interpreter\linkResolver.cpp, line 774]
Event: 0.316 Thread 0x000002036a79a9a0 Exception <a 'java/lang/NoSuchMethodError'{0x000000008292f9b8}: 'void java.lang.invoke.DirectMethodHandle$Holder.invokeStatic(java.lang.Object, java.lang.Object)'> (0x000000008292f9b8) 
thrown [s\src\hotspot\share\interpreter\linkResolver.cpp, line 774]
Event: 0.317 Thread 0x000002036a79a9a0 Exception <a 'sun/nio/fs/WindowsException'{0x0000000082939b18}> (0x0000000082939b18) 
thrown [s\src\hotspot\share\prims\jni.cpp, line 517]
Event: 0.321 Thread 0x000002036a79a9a0 Exception <a 'sun/nio/fs/WindowsException'{0x0000000082953f30}> (0x0000000082953f30) 
thrown [s\src\hotspot\share\prims\jni.cpp, line 517]
Event: 0.354 Thread 0x000002036a79a9a0 Exception <a 'java/lang/NoSuchMethodError'{0x0000000082a9d280}: 'int java.lang.invoke.DirectMethodHandle$Holder.invokeSpecial(java.lang.Object, java.lang.Object, java.lang.Object)'> (0x0000000082a9d280) 
thrown [s\src\hotspot\share\interpreter\linkResolver.cpp, line 774]
Event: 0.355 Thread 0x000002036a79a9a0 Exception <a 'sun/nio/fs/WindowsException'{0x0000000082aa79b8}> (0x0000000082aa79b8) 
thrown [s\src\hotspot\share\prims\jni.cpp, line 517]
Event: 0.355 Thread 0x000002036a79a9a0 Exception <a 'sun/nio/fs/WindowsException'{0x0000000082aa7d88}> (0x0000000082aa7d88) 
thrown [s\src\hotspot\share\prims\jni.cpp, line 517]
Event: 0.355 Thread 0x000002036a79a9a0 Exception <a 'sun/nio/fs/WindowsException'{0x0000000082aa8e90}> (0x0000000082aa8e90) 
thrown [s\src\hotspot\share\prims\jni.cpp, line 517]
Event: 0.355 Thread 0x000002036a79a9a0 Exception <a 'sun/nio/fs/WindowsException'{0x0000000082aa9220}> (0x0000000082aa9220) 
thrown [s\src\hotspot\share\prims\jni.cpp, line 517]

VM Operations (20 events):
Event: 0.187 Executing VM operation: G1CollectForAllocation done
Event: 0.222 Executing VM operation: HandshakeAllThreads
Event: 0.222 Executing VM operation: HandshakeAllThreads done
Event: 0.231 Executing VM operation: G1CollectForAllocation
Event: 0.232 Executing VM operation: G1CollectForAllocation done
Event: 0.269 Executing VM operation: HandshakeAllThreads
Event: 0.269 Executing VM operation: HandshakeAllThreads done
Event: 0.274 Executing VM operation: G1CollectForAllocation
Event: 0.277 Executing VM operation: G1CollectForAllocation done
Event: 0.301 Executing VM operation: G1CollectForAllocation
Event: 0.302 Executing VM operation: G1CollectForAllocation done
Event: 0.319 Executing VM operation: HandshakeAllThreads
Event: 0.319 Executing VM operation: HandshakeAllThreads done
Event: 0.329 Executing VM operation: G1CollectForAllocation
Event: 0.331 Executing VM operation: G1CollectForAllocation done
Event: 0.343 Executing VM operation: G1CollectForAllocation
Event: 0.345 Executing VM operation: G1CollectForAllocation done
Event: 0.356 Executing VM operation: G1CollectForAllocation
Event: 0.357 Executing VM operation: G1CollectForAllocation done
Event: 0.363 Executing VM operation: G1CollectForAllocation

Events (14 events):
Event: 0.010 Thread 0x000002036a79a9a0 Thread added: 0x000002036a79a9a0
Event: 0.018 Thread 0x000002037b635240 Thread added: 0x000002037b635240
Event: 0.018 Thread 0x000002037b637d80 Thread added: 0x000002037b637d80
Event: 0.018 Thread 0x000002037b63ab00 Thread added: 0x000002037b63ab00
Event: 0.018 Thread 0x000002037b63f710 Thread added: 0x000002037b63f710
Event: 0.018 Thread 0x000002037b63d830 Thread added: 0x000002037b63d830
Event: 0.018 Thread 0x000002037b63e4a0 Thread added: 0x000002037b63e4a0
Event: 0.018 Thread 0x000002037b646310 Thread added: 0x000002037b646310
Event: 0.018 Thread 0x000002037b648e30 Thread added: 0x000002037b648e30
Event: 0.018 Thread 0x000002037b657100 Thread added: 0x000002037b657100
Event: 0.032 Thread 0x000002036a85b3b0 Thread added: 0x000002036a85b3b0
Event: 0.040 Thread 0x000002037b647260 Thread added: 0x000002037b647260
Event: 0.045 Thread 0x000002037fa7f190 Thread added: 0x000002037fa7f190
Event: 0.342 Thread 0x000002037b6493c0 Thread added: 0x000002037b6493c0


Dynamic libraries:
0x00007ff621fc0000 - 0x00007ff621fc8000 	C:\Program Files\Zulu\zulu-19\bin\javac.exe
0x00007ffde4b30000 - 0x00007ffde4d44000 	C:\WINDOWS\SYSTEM32\ntdll.dll
0x00007ffde48b0000 - 0x00007ffde4973000 	C:\WINDOWS\System32\KERNEL32.DLL
0x00007ffde20b0000 - 0x00007ffde244c000 	C:\WINDOWS\System32\KERNELBASE.dll
0x00007ffde24c0000 - 0x00007ffde25d1000 	C:\WINDOWS\System32\ucrtbase.dll
0x00007ffdc5320000 - 0x00007ffdc5337000 	C:\Program Files\Zulu\zulu-19\bin\jli.dll
0x00007ffdc6f30000 - 0x00007ffdc6f4b000 	C:\Program Files\Zulu\zulu-19\bin\VCRUNTIME140.dll
0x00007ffde3c90000 - 0x00007ffde3e3d000 	C:\WINDOWS\System32\USER32.dll
0x00007ffde2680000 - 0x00007ffde26a6000 	C:\WINDOWS\System32\win32u.dll
0x00007ffdcd690000 - 0x00007ffdcd91e000 	C:\WINDOWS\WinSxS\amd64_microsoft.windows.common-controls_6595b64144ccf1df_6.0.22621.608_none_a9444ca7c10bb01d\COMCTL32.dll
0x00007ffde2e30000 - 0x00007ffde2e59000 	C:\WINDOWS\System32\GDI32.dll
0x00007ffde4a40000 - 0x00007ffde4ae7000 	C:\WINDOWS\System32\msvcrt.dll
0x00007ffde2820000 - 0x00007ffde2933000 	C:\WINDOWS\System32\gdi32full.dll
0x00007ffde25e0000 - 0x00007ffde267a000 	C:\WINDOWS\System32\msvcp_win.dll
0x00007ffde3bf0000 - 0x00007ffde3c21000 	C:\WINDOWS\System32\IMM32.DLL
0x00007ffddb780000 - 0x00007ffddb78c000 	C:\Program Files\Zulu\zulu-19\bin\vcruntime140_1.dll
0x00007ffda6ce0000 - 0x00007ffda6d6d000 	C:\Program Files\Zulu\zulu-19\bin\msvcp140.dll
0x00007ffd73c20000 - 0x00007ffd74927000 	C:\Program Files\Zulu\zulu-19\bin\server\jvm.dll
0x00007ffde2e90000 - 0x00007ffde2f3e000 	C:\WINDOWS\System32\ADVAPI32.dll
0x00007ffde2940000 - 0x00007ffde29e4000 	C:\WINDOWS\System32\sechost.dll
0x00007ffde2f60000 - 0x00007ffde3075000 	C:\WINDOWS\System32\RPCRT4.dll
0x00007ffddaab0000 - 0x00007ffddaae4000 	C:\WINDOWS\SYSTEM32\WINMM.dll
0x00007ffddc170000 - 0x00007ffddc179000 	C:\WINDOWS\SYSTEM32\WSOCK32.dll
0x00007ffdda430000 - 0x00007ffdda43a000 	C:\WINDOWS\SYSTEM32\VERSION.dll
0x00007ffde29f0000 - 0x00007ffde2a61000 	C:\WINDOWS\System32\WS2_32.dll
0x00007ffde10b0000 - 0x00007ffde10c8000 	C:\WINDOWS\SYSTEM32\kernel.appcore.dll
0x00007ffdcbae0000 - 0x00007ffdcbaea000 	C:\Program Files\Zulu\zulu-19\bin\jimage.dll
0x00007ffddf750000 - 0x00007ffddf97e000 	C:\WINDOWS\SYSTEM32\DBGHELP.DLL
0x00007ffde3f40000 - 0x00007ffde42c9000 	C:\WINDOWS\System32\combase.dll
0x00007ffde3080000 - 0x00007ffde3157000 	C:\WINDOWS\System32\OLEAUT32.dll
0x00007ffdc6fc0000 - 0x00007ffdc6ff2000 	C:\WINDOWS\SYSTEM32\dbgcore.DLL
0x00007ffde2030000 - 0x00007ffde20ab000 	C:\WINDOWS\System32\bcryptPrimitives.dll
0x00007ffdbabf0000 - 0x00007ffdbac16000 	C:\Program Files\Zulu\zulu-19\bin\java.dll
0x00007ffd94950000 - 0x00007ffd94a27000 	C:\Program Files\Zulu\zulu-19\bin\jsvml.dll
0x00007ffde3380000 - 0x00007ffde3b70000 	C:\WINDOWS\System32\SHELL32.dll
0x00007ffddff90000 - 0x00007ffde085e000 	C:\WINDOWS\SYSTEM32\windows.storage.dll
0x00007ffddfce0000 - 0x00007ffddfe1e000 	C:\WINDOWS\SYSTEM32\wintypes.dll
0x00007ffde2d30000 - 0x00007ffde2e21000 	C:\WINDOWS\System32\SHCORE.dll
0x00007ffde3c30000 - 0x00007ffde3c8e000 	C:\WINDOWS\System32\shlwapi.dll
0x00007ffde1ea0000 - 0x00007ffde1ec1000 	C:\WINDOWS\SYSTEM32\profapi.dll
0x00007ffdcbf10000 - 0x00007ffdcbf23000 	C:\Program Files\Zulu\zulu-19\bin\net.dll
0x00007ffddb520000 - 0x00007ffddb64f000 	C:\WINDOWS\SYSTEM32\WINHTTP.dll
0x00007ffde1520000 - 0x00007ffde1589000 	C:\WINDOWS\system32\mswsock.dll
0x00007ffdcbef0000 - 0x00007ffdcbf06000 	C:\Program Files\Zulu\zulu-19\bin\nio.dll

dbghelp: loaded successfully - version: 4.0.5 - missing functions: none
symbol engine: initialized successfully - sym options: 0x614 - pdb path: .;C:\Program Files\Zulu\zulu-19\bin;C:\WINDOWS\SYSTEM32;C:\WINDOWS\WinSxS\amd64_microsoft.windows.common-controls_6595b64144ccf1df_6.0.22621.608_none_a9444ca7c10bb01d;C:\Program Files\Zulu\zulu-19\bin\server

VM Arguments:
jvm_args: -Dapplication.home=C:\Program Files\Zulu\zulu-19 --add-modules=ALL-DEFAULT -Xms8m -Djdk.module.main=jdk.compiler 
java_command: jdk.compiler/com.sun.tools.javac.Main -d C:\Users\ulise\Desktop\TEC\Algoritmos y estructura de datos I\BuscaMinas\ventana busca minas\build\classes -classpath C:\Users\ulise\Desktop\TEC\Algoritmos y estructura de datos I\BuscaMinas\ventana busca minas\build\classes -sourcepath C:\Users\ulise\Desktop\TEC\Algoritmos y estructura de datos I\BuscaMinas\ventana busca minas\src -target 19 -encoding UTF-8 -g -processorpath C:\Users\ulise\Desktop\TEC\Algoritmos y estructura de datos I\BuscaMinas\ventana busca minas\build\empty -s C:\Users\ulise\Desktop\TEC\Algoritmos y estructura de datos I\BuscaMinas\ventana busca minas\build\generated-sources\ap-source-output -source 19 C:\Users\ulise\Desktop\TEC\Algoritmos y estructura de datos I\BuscaMinas\ventana busca minas\src\BuscaminasFX.java
java_class_path (initial): <not set>
Launcher Type: SUN_STANDARD

[Global flags]
     intx CICompilerCount                          = 4                                         {product} {ergonomic}
     uint ConcGCThreads                            = 3                                         {product} {ergonomic}
     uint G1ConcRefinementThreads                  = 10                                        {product} {ergonomic}
   size_t G1HeapRegionSize                         = 1048576                                   {product} {ergonomic}
    uintx GCDrainStackTargetSize                   = 64                                        {product} {ergonomic}
   size_t InitialHeapSize                          = 8388608                                   {product} {command line}
   size_t MarkStackSize                            = 4194304                                   {product} {ergonomic}
   size_t MaxHeapSize                              = 2113929216                                {product} {ergonomic}
   size_t MaxNewSize                               = 1267728384                                {product} {ergonomic}
   size_t MinHeapDeltaBytes                        = 1048576                                   {product} {ergonomic}
   size_t MinHeapSize                              = 8388608                                   {product} {command line}
    uintx NonNMethodCodeHeapSize                   = 5839372                                {pd product} {ergonomic}
    uintx NonProfiledCodeHeapSize                  = 122909434                              {pd product} {ergonomic}
    uintx ProfiledCodeHeapSize                     = 122909434                              {pd product} {ergonomic}
    uintx ReservedCodeCacheSize                    = 251658240                              {pd product} {ergonomic}
     bool SegmentedCodeCache                       = true                                      {product} {ergonomic}
   size_t SoftMaxHeapSize                          = 2113929216                             {manageable} {ergonomic}
     bool UseCompressedClassPointers               = true                           {product lp64_product} {ergonomic}
     bool UseCompressedOops                        = true                           {product lp64_product} {ergonomic}
     bool UseG1GC                                  = true                                      {product} {ergonomic}
     bool UseLargePagesIndividualAllocation        = false                                  {pd product} {ergonomic}

Logging:
Log output configuration:
 #0: stdout all=warning uptime,level,tags foldmultilines=false
 #1: stderr all=off uptime,level,tags foldmultilines=false

Environment Variables:
PATH=C:\Program Files\Zulu\zulu-19\bin\;C:\Program Files\Common Files\Oracle\Java\javapath;C:\Program Files (x86)\Common Files\Oracle\Java\javapath;C:\Windows\system32;C:\Windows;C:\Windows\System32\Wbem;C:\Windows\System32\WindowsPowerShell\v1.0\;C:\Windows\System32\OpenSSH\;C:\Program Files (x86)\NVIDIA Corporation\PhysX\Common;C:\Program Files\NVIDIA Corporation\NVIDIA NvDLISR;C:\WINDOWS\system32;C:\WINDOWS;C:\WINDOWS\System32\Wbem;C:\WINDOWS\System32\WindowsPowerShell\v1.0\;C:\WINDOWS\System32\OpenSSH\;C:\Program Files\nodejs\;C:\Program Files\Git\cmd;C:\Users\ulise\AppData\Local\Microsoft\WindowsApps;C:\Users\ulise\AppData\Local\Programs\Microsoft VS Code\bin;C:\Users\ulise\AppData\Roaming\npm;C:\Users\ulise\AppData\Local\GitHubDesktop\bin
USERNAME=ulise
OS=Windows_NT
PROCESSOR_IDENTIFIER=Intel64 Family 6 Model 165 Stepping 2, GenuineIntel
TMP=C:\Users\ulise\AppData\Local\Temp
TEMP=C:\Users\ulise\AppData\Local\Temp



---------------  S Y S T E M  ---------------

OS:
 Windows 11 , 64 bit Build 22621 (10.0.22621.1344)
OS uptime: 0 days 14:50 hours

CPU: total 12 (initial active 12) (6 cores per cpu, 2 threads per core) family 6 model 165 stepping 2 microcode 0xe2, cx8, cmov, fxsr, ht, mmx, 3dnowpref, sse, sse2, sse3, ssse3, sse4.1, sse4.2, popcnt, lzcnt, tsc, tscinvbit, avx, avx2, aes, erms, clmul, bmi1, bmi2, adx, fma, vzeroupper, clflush, clflushopt, rdtscp

Memory: 4k page, system-wide physical 8059M (1181M free)
TotalPageFile size 12155M (AvailPageFile size 5M)
current process WorkingSet (physical memory assigned to process): 67M, peak: 67M
current process commit charge ("private bytes"): 109M, peak: 119M

vm_info: OpenJDK 64-Bit Server VM (19.0.2+7) for windows-amd64 JRE (19.0.2+7) (Zulu19.32+15-CA), built on Dec 28 2022 19:25:40 by "zulu_re" with MS VC++ 16.10 / 16.11 (VS2019)

END.
