#
# There is insufficient memory for the Java Runtime Environment to continue.
# Native memory allocation (mmap) failed to map 71303168 bytes for G1 virtual space
# Possible reasons:
#   The system is out of physical RAM or swap space
#   The process is running with CompressedOops enabled, and the Java Heap may be blocking the growth of the native heap
# Possible solutions:
#   Reduce memory load on the system
#   Increase physical memory or swap space
#   Check if swap backing store is full
#   Decrease Java heap size (-Xmx/-Xms)
#   Decrease number of Java threads
#   Decrease Java thread stack sizes (-Xss)
#   Set larger code cache with -XX:ReservedCodeCacheSize=
#   JVM is running with Unscaled Compressed Oops mode in which the Java heap is
#     placed in the first 4GB address space. The Java Heap base address is the
#     maximum limit for the native heap growth. Please use -XX:HeapBaseMinAddress
#     to set the Java Heap base and to place the Java Heap above 4GB virtual address.
# This output file may be truncated or incomplete.
#
#  Out of Memory Error (os_windows.cpp:3536), pid=9668, tid=7776
#
# JRE version: OpenJDK Runtime Environment Zulu19.32+15-CA (19.0.2+7) (build 19.0.2+7)
# Java VM: OpenJDK 64-Bit Server VM Zulu19.32+15-CA (19.0.2+7, mixed mode, sharing, tiered, compressed oops, compressed class ptrs, g1 gc, windows-amd64)
# No core dump will be written. Minidumps are not enabled by default on client versions of Windows
#

---------------  S U M M A R Y ------------

Command Line: -Dfile.encoding=UTF-8 GameMenuDemo

Host: Intel(R) Core(TM) i7-10750H CPU @ 2.60GHz, 12 cores, 7G,  Windows 11 , 64 bit Build 22621 (10.0.22621.1485)
Time: Sun Apr  9 01:52:31 2023 Hora estándar, América Central elapsed time: 1.937011 seconds (0d 0h 0m 1s)

---------------  T H R E A D  ---------------

Current thread (0x000001465dba4bc0):  VMThread "VM Thread" [stack: 0x0000001bfa900000,0x0000001bfaa00000] [id=7776]

Stack: [0x0000001bfa900000,0x0000001bfaa00000]
Native frames: (J=compiled Java code, j=interpreted, Vv=VM code, C=native code)
V  [jvm.dll+0x6eab2a]
V  [jvm.dll+0x8a4a20]
V  [jvm.dll+0x8a640e]
V  [jvm.dll+0x8a6ac3]
V  [jvm.dll+0x27c1ef]
V  [jvm.dll+0x6e7929]
V  [jvm.dll+0x6dc3da]
V  [jvm.dll+0x3528ab]
V  [jvm.dll+0x35a266]
V  [jvm.dll+0x3b0a2e]
V  [jvm.dll+0x3b0c5f]
V  [jvm.dll+0x327e9a]
V  [jvm.dll+0x327f47]
V  [jvm.dll+0x370442]
V  [jvm.dll+0x36e8e4]
V  [jvm.dll+0x327660]
V  [jvm.dll+0x36de7b]
V  [jvm.dll+0x8abc13]
V  [jvm.dll+0x8ac9d9]
V  [jvm.dll+0x8acf0d]
V  [jvm.dll+0x8ad39b]
V  [jvm.dll+0x8ad457]
V  [jvm.dll+0x84ec7a]
V  [jvm.dll+0x6e981b]
C  [ucrtbase.dll+0x29363]
C  [KERNEL32.DLL+0x1269d]
C  [ntdll.dll+0x5a9f8]

VM_Operation (0x0000001bfc5fed60): G1CollectForAllocation, mode: safepoint, requested by thread 0x00000146629cbff0


---------------  P R O C E S S  ---------------

Threads class SMR info:
_java_thread_list=0x000001466c5eeb70, length=23, elements={
0x000001463bc887f0, 0x000001465dbbf1e0, 0x000001465dbbfd10, 0x000001465dbc6ad0,
0x000001465dbc7400, 0x000001465dbc7d30, 0x000001465dbc8660, 0x000001465dbd7bf0,
0x000001465dbd8560, 0x000001465dbdaee0, 0x0000014661e56d30, 0x0000014661e63cb0,
0x00000146620873f0, 0x00000146627757d0, 0x0000014662778690, 0x00000146629cca90,
0x00000146629cda80, 0x00000146629ccfe0, 0x0000014662da4a00, 0x00000146629cbff0,
0x00000146629cb000, 0x00000146629cb550, 0x00000146629cc540
}

Java Threads: ( => current thread )
  0x000001463bc887f0 JavaThread "main" [_thread_blocked, id=3392, stack(0x0000001bfa300000,0x0000001bfa400000)]
  0x000001465dbbf1e0 JavaThread "Reference Handler" daemon [_thread_blocked, id=18680, stack(0x0000001bfaa00000,0x0000001bfab00000)]
  0x000001465dbbfd10 JavaThread "Finalizer" daemon [_thread_blocked, id=11984, stack(0x0000001bfab00000,0x0000001bfac00000)]
  0x000001465dbc6ad0 JavaThread "Signal Dispatcher" daemon [_thread_blocked, id=20188, stack(0x0000001bfac00000,0x0000001bfad00000)]
  0x000001465dbc7400 JavaThread "Attach Listener" daemon [_thread_blocked, id=24360, stack(0x0000001bfad00000,0x0000001bfae00000)]
  0x000001465dbc7d30 JavaThread "Service Thread" daemon [_thread_blocked, id=14048, stack(0x0000001bfae00000,0x0000001bfaf00000)]
  0x000001465dbc8660 JavaThread "Monitor Deflation Thread" daemon [_thread_blocked, id=11812, stack(0x0000001bfaf00000,0x0000001bfb000000)]
  0x000001465dbd7bf0 JavaThread "C2 CompilerThread0" daemon [_thread_blocked, id=21528, stack(0x0000001bfb000000,0x0000001bfb100000)]
  0x000001465dbd8560 JavaThread "C1 CompilerThread0" daemon [_thread_blocked, id=24368, stack(0x0000001bfb100000,0x0000001bfb200000)]
  0x000001465dbdaee0 JavaThread "Sweeper thread" daemon [_thread_blocked, id=18508, stack(0x0000001bfb200000,0x0000001bfb300000)]
  0x0000014661e56d30 JavaThread "Notification Thread" daemon [_thread_blocked, id=15176, stack(0x0000001bfb300000,0x0000001bfb400000)]
  0x0000014661e63cb0 JavaThread "Common-Cleaner" daemon [_thread_blocked, id=13444, stack(0x0000001bfb500000,0x0000001bfb600000)]
  0x00000146620873f0 JavaThread "QuantumRenderer-0" daemon [_thread_blocked, id=2580, stack(0x0000001bfb600000,0x0000001bfb700000)]
  0x00000146627757d0 JavaThread "InvokeLaterDispatcher" daemon [_thread_blocked, id=15408, stack(0x0000001bfb800000,0x0000001bfb900000)]
  0x0000014662778690 JavaThread "JavaFX Application Thread" [_thread_in_native, id=22952, stack(0x0000001bfb900000,0x0000001bfba00000)]
  0x00000146629cca90 JavaThread "JavaFX-Launcher" [_thread_blocked, id=22388, stack(0x0000001bfbc00000,0x0000001bfbd00000)]
  0x00000146629cda80 JavaThread "Thread-2" daemon [_thread_blocked, id=20328, stack(0x0000001bfbb00000,0x0000001bfbc00000)]
  0x00000146629ccfe0 JavaThread "Prism Font Disposer" daemon [_thread_blocked, id=23040, stack(0x0000001bfbd00000,0x0000001bfbe00000)]
  0x0000014662da4a00 JavaThread "C2 CompilerThread1" daemon [_thread_blocked, id=1452, stack(0x0000001bfc400000,0x0000001bfc500000)]
  0x00000146629cbff0 JavaThread "Thread-5" daemon [_thread_blocked, id=10388, stack(0x0000001bfc500000,0x0000001bfc600000)]
  0x00000146629cb000 JavaThread "Thread-6" daemon [_thread_blocked, id=15520, stack(0x0000001bfc600000,0x0000001bfc700000)]
  0x00000146629cb550 JavaThread "Timer-0" [_thread_blocked, id=23804, stack(0x0000001bfc700000,0x0000001bfc800000)]
  0x00000146629cc540 JavaThread "Cleaner-0" daemon [_thread_blocked, id=19760, stack(0x0000001bfcf00000,0x0000001bfd000000)]

Other Threads:
=>0x000001465dba4bc0 VMThread "VM Thread" [stack: 0x0000001bfa900000,0x0000001bfaa00000] [id=7776]
  0x0000014661e57680 WatcherThread "VM Periodic Task Thread" [stack: 0x0000001bfb400000,0x0000001bfb500000] [id=8336]
  0x000001463bce74c0 WorkerThread "GC Thread#0" [stack: 0x0000001bfa400000,0x0000001bfa500000] [id=19264]
  0x0000014662caba80 WorkerThread "GC Thread#1" [stack: 0x0000001bfc800000,0x0000001bfc900000] [id=9980]
  0x0000014662cac890 WorkerThread "GC Thread#2" [stack: 0x0000001bfc900000,0x0000001bfca00000] [id=15444]
  0x0000014662cab4e0 WorkerThread "GC Thread#3" [stack: 0x0000001bfca00000,0x0000001bfcb00000] [id=3908]
  0x0000014662cad3d0 WorkerThread "GC Thread#4" [stack: 0x0000001bfcb00000,0x0000001bfcc00000] [id=13608]
  0x0000014662cabd50 WorkerThread "GC Thread#5" [stack: 0x0000001bfcc00000,0x0000001bfcd00000] [id=17792]
  0x0000014662cac020 WorkerThread "GC Thread#6" [stack: 0x0000001bfcd00000,0x0000001bfce00000] [id=17344]
  0x0000014662caa130 WorkerThread "GC Thread#7" [stack: 0x0000001bfce00000,0x0000001bfcf00000] [id=12132]
  0x0000014662980840 WorkerThread "GC Thread#8" [stack: 0x0000001bfd000000,0x0000001bfd100000] [id=9252]
  0x000001463bcf8370 ConcurrentGCThread "G1 Main Marker" [stack: 0x0000001bfa500000,0x0000001bfa600000] [id=21764]
  0x000001463bcf8cb0 WorkerThread "G1 Conc#0" [stack: 0x0000001bfa600000,0x0000001bfa700000] [id=12324]
  0x000001465da5dd80 ConcurrentGCThread "G1 Refine#0" [stack: 0x0000001bfa700000,0x0000001bfa800000] [id=5388]
  0x000001465da5e670 ConcurrentGCThread "G1 Service" [stack: 0x0000001bfa800000,0x0000001bfa900000] [id=10236]

Threads with active compile tasks:

VM state: at safepoint (normal execution)

VM Mutex/Monitor currently owned by a thread:  ([mutex/lock_event])
[0x000001463bc83990] Threads_lock - owner thread: 0x000001465dba4bc0
[0x000001463bc83f30] Heap_lock - owner thread: 0x00000146629cbff0

Heap address: 0x0000000081600000, size: 2026 MB, Compressed Oops mode: 32-bit

CDS archive(s) mapped at: [0x0000000800000000-0x0000000800c40000-0x0000000800c40000), size 12845056, SharedBaseAddress: 0x0000000800000000, ArchiveRelocationMode: 0.
Compressed class space mapped at: 0x0000000801000000-0x0000000841000000, reserved size: 1073741824
Narrow klass base: 0x0000000800000000, Narrow klass shift: 0, Narrow klass range: 0x100000000

GC Precious Log:
 CardTable entry size: 512
 Card Set container configuration: InlinePtr #cards 5 size 8 Array Of Cards #cards 12 size 40 Howl #buckets 4 coarsen threshold 1843 Howl Bitmap #cards 512 size 80 coarsen threshold 460 Card regions per heap region 1 cards per card region 2048
 CPUs: 12 total, 12 available
 Memory: 8099M
 Large Page Support: Disabled
 NUMA Support: Disabled
 Compressed Oops: Enabled (32-bit)
 Heap Region Size: 1M
 Heap Min Capacity: 8M
 Heap Initial Capacity: 128M
 Heap Max Capacity: 2026M
 Pre-touch: Disabled
 Parallel Workers: 10
 Concurrent Workers: 3
 Concurrent Refinement Workers: 10
 Periodic GC: Disabled

Heap:
 garbage-first heap   total 357376K, used 18838K [0x0000000081600000, 0x0000000100000000)
  region size 1024K, 3 young (3072K), 3 survivors (3072K)
 Metaspace       used 12713K, committed 12992K, reserved 1114112K
  class space    used 1750K, committed 1920K, reserved 1048576K

Heap Regions: E=young(eden), S=young(survivor), O=old, HS=humongous(starts), HC=humongous(continues), CS=collection set, F=free, OA=open archive, CA=closed archive, TAMS=top-at-mark-start (previous, next)
|   0|0x0000000081600000, 0x0000000081700000, 0x0000000081700000|100%|HS|  |TAMS 0x0000000081600000, 0x0000000081600000| Complete 
|   1|0x0000000081700000, 0x0000000081800000, 0x0000000081800000|100%|HC|  |TAMS 0x0000000081700000, 0x0000000081700000| Complete 
|   2|0x0000000081800000, 0x0000000081900000, 0x0000000081900000|100%|HC|  |TAMS 0x0000000081800000, 0x0000000081800000| Complete 
|   3|0x0000000081900000, 0x0000000081a00000, 0x0000000081a00000|100%|HC|  |TAMS 0x0000000081900000, 0x0000000081900000| Complete 
|   4|0x0000000081a00000, 0x0000000081b00000, 0x0000000081b00000|100%|HC|  |TAMS 0x0000000081a00000, 0x0000000081a00000| Complete 
|   5|0x0000000081b00000, 0x0000000081c00000, 0x0000000081c00000|100%|HC|  |TAMS 0x0000000081b00000, 0x0000000081b00000| Complete 
|   6|0x0000000081c00000, 0x0000000081d00000, 0x0000000081d00000|100%|HC|  |TAMS 0x0000000081c00000, 0x0000000081c00000| Complete 
|   7|0x0000000081d00000, 0x0000000081e00000, 0x0000000081e00000|100%|HC|  |TAMS 0x0000000081d00000, 0x0000000081d00000| Complete 
|   8|0x0000000081e00000, 0x0000000081f00000, 0x0000000081f00000|100%| O|  |TAMS 0x0000000081e00000, 0x0000000081e00000| Untracked 
|   9|0x0000000081f00000, 0x0000000082000000, 0x0000000082000000|100%| O|  |TAMS 0x0000000081f00000, 0x0000000081f00000| Untracked 
|  10|0x0000000082000000, 0x0000000082100000, 0x0000000082100000|100%| O|  |TAMS 0x0000000082000000, 0x0000000082000000| Untracked 
|  11|0x0000000082100000, 0x0000000082200000, 0x0000000082200000|100%| O|  |TAMS 0x0000000082100000, 0x0000000082100000| Untracked 
|  12|0x0000000082200000, 0x00000000822d1800, 0x0000000082300000| 81%| O|  |TAMS 0x0000000082200000, 0x0000000082200000| Untracked 
|  13|0x0000000082300000, 0x0000000082400000, 0x0000000082400000|100%|HS|  |TAMS 0x0000000082300000, 0x0000000082300000| Complete 
|  14|0x0000000082400000, 0x0000000082500000, 0x0000000082500000|100%|HS|  |TAMS 0x0000000082400000, 0x0000000082400000| Complete 
|  15|0x0000000082500000, 0x0000000082600000, 0x0000000082600000|100%|HC|  |TAMS 0x0000000082500000, 0x0000000082500000| Complete 
|  16|0x0000000082600000, 0x0000000082600000, 0x0000000082700000|  0%| F|  |TAMS 0x0000000082600000, 0x0000000082600000| Untracked 
|  17|0x0000000082700000, 0x0000000082700000, 0x0000000082800000|  0%| F|  |TAMS 0x0000000082700000, 0x0000000082700000| Untracked 
|  18|0x0000000082800000, 0x0000000082800000, 0x0000000082900000|  0%| F|  |TAMS 0x0000000082800000, 0x0000000082800000| Untracked 
|  19|0x0000000082900000, 0x0000000082900000, 0x0000000082a00000|  0%| F|  |TAMS 0x0000000082900000, 0x0000000082900000| Untracked 
|  20|0x0000000082a00000, 0x0000000082a00000, 0x0000000082b00000|  0%| F|  |TAMS 0x0000000082a00000, 0x0000000082a00000| Untracked 
|  21|0x0000000082b00000, 0x0000000082b00000, 0x0000000082c00000|  0%| F|  |TAMS 0x0000000082b00000, 0x0000000082b00000| Untracked 
|  22|0x0000000082c00000, 0x0000000082c00000, 0x0000000082d00000|  0%| F|  |TAMS 0x0000000082c00000, 0x0000000082c00000| Untracked 
|  23|0x0000000082d00000, 0x0000000082d00000, 0x0000000082e00000|  0%| F|  |TAMS 0x0000000082d00000, 0x0000000082d00000| Untracked 
|  24|0x0000000082e00000, 0x0000000082e00000, 0x0000000082f00000|  0%| F|  |TAMS 0x0000000082e00000, 0x0000000082e00000| Untracked 
|  25|0x0000000082f00000, 0x0000000082f00000, 0x0000000083000000|  0%| F|  |TAMS 0x0000000082f00000, 0x0000000082f00000| Untracked 
|  26|0x0000000083000000, 0x0000000083000000, 0x0000000083100000|  0%| F|  |TAMS 0x0000000083000000, 0x0000000083000000| Untracked 
|  27|0x0000000083100000, 0x0000000083100000, 0x0000000083200000|  0%| F|  |TAMS 0x0000000083100000, 0x0000000083100000| Untracked 
|  28|0x0000000083200000, 0x0000000083200000, 0x0000000083300000|  0%| F|  |TAMS 0x0000000083200000, 0x0000000083200000| Untracked 
|  29|0x0000000083300000, 0x0000000083300000, 0x0000000083400000|  0%| F|  |TAMS 0x0000000083300000, 0x0000000083300000| Untracked 
|  30|0x0000000083400000, 0x0000000083400000, 0x0000000083500000|  0%| F|  |TAMS 0x0000000083400000, 0x0000000083400000| Untracked 
|  31|0x0000000083500000, 0x0000000083500000, 0x0000000083600000|  0%| F|  |TAMS 0x0000000083500000, 0x0000000083500000| Untracked 
|  32|0x0000000083600000, 0x0000000083600000, 0x0000000083700000|  0%| F|  |TAMS 0x0000000083600000, 0x0000000083600000| Untracked 
|  33|0x0000000083700000, 0x0000000083700000, 0x0000000083800000|  0%| F|  |TAMS 0x0000000083700000, 0x0000000083700000| Untracked 
|  34|0x0000000083800000, 0x0000000083800000, 0x0000000083900000|  0%| F|  |TAMS 0x0000000083800000, 0x0000000083800000| Untracked 
|  35|0x0000000083900000, 0x0000000083900000, 0x0000000083a00000|  0%| F|  |TAMS 0x0000000083900000, 0x0000000083900000| Untracked 
|  36|0x0000000083a00000, 0x0000000083a00000, 0x0000000083b00000|  0%| F|  |TAMS 0x0000000083a00000, 0x0000000083a00000| Untracked 
|  37|0x0000000083b00000, 0x0000000083b00000, 0x0000000083c00000|  0%| F|  |TAMS 0x0000000083b00000, 0x0000000083b00000| Untracked 
|  38|0x0000000083c00000, 0x0000000083c00000, 0x0000000083d00000|  0%| F|  |TAMS 0x0000000083c00000, 0x0000000083c00000| Untracked 
|  39|0x0000000083d00000, 0x0000000083d00000, 0x0000000083e00000|  0%| F|  |TAMS 0x0000000083d00000, 0x0000000083d00000| Untracked 
|  40|0x0000000083e00000, 0x0000000083e00000, 0x0000000083f00000|  0%| F|  |TAMS 0x0000000083e00000, 0x0000000083e00000| Untracked 
|  41|0x0000000083f00000, 0x0000000083f00000, 0x0000000084000000|  0%| F|  |TAMS 0x0000000083f00000, 0x0000000083f00000| Untracked 
|  42|0x0000000084000000, 0x0000000084000000, 0x0000000084100000|  0%| F|  |TAMS 0x0000000084000000, 0x0000000084000000| Untracked 
|  43|0x0000000084100000, 0x0000000084100000, 0x0000000084200000|  0%| F|  |TAMS 0x0000000084100000, 0x0000000084100000| Untracked 
|  44|0x0000000084200000, 0x0000000084200000, 0x0000000084300000|  0%| F|  |TAMS 0x0000000084200000, 0x0000000084200000| Untracked 
|  45|0x0000000084300000, 0x0000000084300000, 0x0000000084400000|  0%| F|  |TAMS 0x0000000084300000, 0x0000000084300000| Untracked 
|  46|0x0000000084400000, 0x0000000084400000, 0x0000000084500000|  0%| F|  |TAMS 0x0000000084400000, 0x0000000084400000| Untracked 
|  47|0x0000000084500000, 0x0000000084500000, 0x0000000084600000|  0%| F|  |TAMS 0x0000000084500000, 0x0000000084500000| Untracked 
|  48|0x0000000084600000, 0x0000000084600000, 0x0000000084700000|  0%| F|  |TAMS 0x0000000084600000, 0x0000000084600000| Untracked 
|  49|0x0000000084700000, 0x0000000084700000, 0x0000000084800000|  0%| F|  |TAMS 0x0000000084700000, 0x0000000084700000| Untracked 
|  50|0x0000000084800000, 0x0000000084800000, 0x0000000084900000|  0%| F|  |TAMS 0x0000000084800000, 0x0000000084800000| Untracked 
|  51|0x0000000084900000, 0x0000000084900000, 0x0000000084a00000|  0%| F|  |TAMS 0x0000000084900000, 0x0000000084900000| Untracked 
|  52|0x0000000084a00000, 0x0000000084a00000, 0x0000000084b00000|  0%| F|  |TAMS 0x0000000084a00000, 0x0000000084a00000| Untracked 
|  53|0x0000000084b00000, 0x0000000084b00000, 0x0000000084c00000|  0%| F|  |TAMS 0x0000000084b00000, 0x0000000084b00000| Untracked 
|  54|0x0000000084c00000, 0x0000000084c00000, 0x0000000084d00000|  0%| F|  |TAMS 0x0000000084c00000, 0x0000000084c00000| Untracked 
|  55|0x0000000084d00000, 0x0000000084d00000, 0x0000000084e00000|  0%| F|  |TAMS 0x0000000084d00000, 0x0000000084d00000| Untracked 
|  56|0x0000000084e00000, 0x0000000084e00000, 0x0000000084f00000|  0%| F|  |TAMS 0x0000000084e00000, 0x0000000084e00000| Untracked 
|  57|0x0000000084f00000, 0x0000000084f00000, 0x0000000085000000|  0%| F|  |TAMS 0x0000000084f00000, 0x0000000084f00000| Untracked 
|  58|0x0000000085000000, 0x0000000085000000, 0x0000000085100000|  0%| F|  |TAMS 0x0000000085000000, 0x0000000085000000| Untracked 
|  59|0x0000000085100000, 0x0000000085100000, 0x0000000085200000|  0%| F|  |TAMS 0x0000000085100000, 0x0000000085100000| Untracked 
|  60|0x0000000085200000, 0x0000000085200000, 0x0000000085300000|  0%| F|  |TAMS 0x0000000085200000, 0x0000000085200000| Untracked 
|  61|0x0000000085300000, 0x0000000085300000, 0x0000000085400000|  0%| F|  |TAMS 0x0000000085300000, 0x0000000085300000| Untracked 
|  62|0x0000000085400000, 0x0000000085400000, 0x0000000085500000|  0%| F|  |TAMS 0x0000000085400000, 0x0000000085400000| Untracked 
|  63|0x0000000085500000, 0x0000000085500000, 0x0000000085600000|  0%| F|  |TAMS 0x0000000085500000, 0x0000000085500000| Untracked 
|  64|0x0000000085600000, 0x0000000085600000, 0x0000000085700000|  0%| F|  |TAMS 0x0000000085600000, 0x0000000085600000| Untracked 
|  65|0x0000000085700000, 0x0000000085700000, 0x0000000085800000|  0%| F|  |TAMS 0x0000000085700000, 0x0000000085700000| Untracked 
|  66|0x0000000085800000, 0x0000000085800000, 0x0000000085900000|  0%| F|  |TAMS 0x0000000085800000, 0x0000000085800000| Untracked 
|  67|0x0000000085900000, 0x0000000085900000, 0x0000000085a00000|  0%| F|  |TAMS 0x0000000085900000, 0x0000000085900000| Untracked 
|  68|0x0000000085a00000, 0x0000000085a00000, 0x0000000085b00000|  0%| F|  |TAMS 0x0000000085a00000, 0x0000000085a00000| Untracked 
|  69|0x0000000085b00000, 0x0000000085b00000, 0x0000000085c00000|  0%| F|  |TAMS 0x0000000085b00000, 0x0000000085b00000| Untracked 
|  70|0x0000000085c00000, 0x0000000085c00000, 0x0000000085d00000|  0%| F|  |TAMS 0x0000000085c00000, 0x0000000085c00000| Untracked 
|  71|0x0000000085d00000, 0x0000000085d00000, 0x0000000085e00000|  0%| F|  |TAMS 0x0000000085d00000, 0x0000000085d00000| Untracked 
|  72|0x0000000085e00000, 0x0000000085e00000, 0x0000000085f00000|  0%| F|  |TAMS 0x0000000085e00000, 0x0000000085e00000| Untracked 
|  73|0x0000000085f00000, 0x0000000085f00000, 0x0000000086000000|  0%| F|  |TAMS 0x0000000085f00000, 0x0000000085f00000| Untracked 
|  74|0x0000000086000000, 0x0000000086000000, 0x0000000086100000|  0%| F|  |TAMS 0x0000000086000000, 0x0000000086000000| Untracked 
|  75|0x0000000086100000, 0x0000000086100000, 0x0000000086200000|  0%| F|  |TAMS 0x0000000086100000, 0x0000000086100000| Untracked 
|  76|0x0000000086200000, 0x0000000086200000, 0x0000000086300000|  0%| F|  |TAMS 0x0000000086200000, 0x0000000086200000| Untracked 
|  77|0x0000000086300000, 0x0000000086300000, 0x0000000086400000|  0%| F|  |TAMS 0x0000000086300000, 0x0000000086300000| Untracked 
|  78|0x0000000086400000, 0x0000000086400000, 0x0000000086500000|  0%| F|  |TAMS 0x0000000086400000, 0x0000000086400000| Untracked 
|  79|0x0000000086500000, 0x0000000086500000, 0x0000000086600000|  0%| F|  |TAMS 0x0000000086500000, 0x0000000086500000| Untracked 
|  80|0x0000000086600000, 0x0000000086600000, 0x0000000086700000|  0%| F|  |TAMS 0x0000000086600000, 0x0000000086600000| Untracked 
|  81|0x0000000086700000, 0x0000000086700000, 0x0000000086800000|  0%| F|  |TAMS 0x0000000086700000, 0x0000000086700000| Untracked 
|  82|0x0000000086800000, 0x0000000086800000, 0x0000000086900000|  0%| F|  |TAMS 0x0000000086800000, 0x0000000086800000| Untracked 
|  83|0x0000000086900000, 0x0000000086900000, 0x0000000086a00000|  0%| F|  |TAMS 0x0000000086900000, 0x0000000086900000| Untracked 
|  84|0x0000000086a00000, 0x0000000086a00000, 0x0000000086b00000|  0%| F|  |TAMS 0x0000000086a00000, 0x0000000086a00000| Untracked 
|  85|0x0000000086b00000, 0x0000000086b00000, 0x0000000086c00000|  0%| F|  |TAMS 0x0000000086b00000, 0x0000000086b00000| Untracked 
|  86|0x0000000086c00000, 0x0000000086c00000, 0x0000000086d00000|  0%| F|  |TAMS 0x0000000086c00000, 0x0000000086c00000| Untracked 
|  87|0x0000000086d00000, 0x0000000086d00000, 0x0000000086e00000|  0%| F|  |TAMS 0x0000000086d00000, 0x0000000086d00000| Untracked 
|  88|0x0000000086e00000, 0x0000000086e00000, 0x0000000086f00000|  0%| F|  |TAMS 0x0000000086e00000, 0x0000000086e00000| Untracked 
|  89|0x0000000086f00000, 0x0000000086f00000, 0x0000000087000000|  0%| F|  |TAMS 0x0000000086f00000, 0x0000000086f00000| Untracked 
|  90|0x0000000087000000, 0x0000000087000000, 0x0000000087100000|  0%| F|  |TAMS 0x0000000087000000, 0x0000000087000000| Untracked 
|  91|0x0000000087100000, 0x0000000087100000, 0x0000000087200000|  0%| F|  |TAMS 0x0000000087100000, 0x0000000087100000| Untracked 
|  92|0x0000000087200000, 0x0000000087200000, 0x0000000087300000|  0%| F|  |TAMS 0x0000000087200000, 0x0000000087200000| Untracked 
|  93|0x0000000087300000, 0x0000000087300000, 0x0000000087400000|  0%| F|  |TAMS 0x0000000087300000, 0x0000000087300000| Untracked 
|  94|0x0000000087400000, 0x0000000087400000, 0x0000000087500000|  0%| F|  |TAMS 0x0000000087400000, 0x0000000087400000| Untracked 
|  95|0x0000000087500000, 0x0000000087500000, 0x0000000087600000|  0%| F|  |TAMS 0x0000000087500000, 0x0000000087500000| Untracked 
|  96|0x0000000087600000, 0x0000000087600000, 0x0000000087700000|  0%| F|  |TAMS 0x0000000087600000, 0x0000000087600000| Untracked 
|  97|0x0000000087700000, 0x0000000087700000, 0x0000000087800000|  0%| F|  |TAMS 0x0000000087700000, 0x0000000087700000| Untracked 
|  98|0x0000000087800000, 0x0000000087800000, 0x0000000087900000|  0%| F|  |TAMS 0x0000000087800000, 0x0000000087800000| Untracked 
|  99|0x0000000087900000, 0x0000000087900000, 0x0000000087a00000|  0%| F|  |TAMS 0x0000000087900000, 0x0000000087900000| Untracked 
| 100|0x0000000087a00000, 0x0000000087a00000, 0x0000000087b00000|  0%| F|  |TAMS 0x0000000087a00000, 0x0000000087a00000| Untracked 
| 101|0x0000000087b00000, 0x0000000087b00000, 0x0000000087c00000|  0%| F|  |TAMS 0x0000000087b00000, 0x0000000087b00000| Untracked 
| 102|0x0000000087c00000, 0x0000000087c00000, 0x0000000087d00000|  0%| F|  |TAMS 0x0000000087c00000, 0x0000000087c00000| Untracked 
| 103|0x0000000087d00000, 0x0000000087d00000, 0x0000000087e00000|  0%| F|  |TAMS 0x0000000087d00000, 0x0000000087d00000| Untracked 
| 104|0x0000000087e00000, 0x0000000087e00000, 0x0000000087f00000|  0%| F|  |TAMS 0x0000000087e00000, 0x0000000087e00000| Untracked 
| 105|0x0000000087f00000, 0x0000000087f00000, 0x0000000088000000|  0%| F|  |TAMS 0x0000000087f00000, 0x0000000087f00000| Untracked 
| 106|0x0000000088000000, 0x0000000088000000, 0x0000000088100000|  0%| F|  |TAMS 0x0000000088000000, 0x0000000088000000| Untracked 
| 107|0x0000000088100000, 0x0000000088100000, 0x0000000088200000|  0%| F|  |TAMS 0x0000000088100000, 0x0000000088100000| Untracked 
| 108|0x0000000088200000, 0x0000000088200000, 0x0000000088300000|  0%| F|  |TAMS 0x0000000088200000, 0x0000000088200000| Untracked 
| 109|0x0000000088300000, 0x0000000088300000, 0x0000000088400000|  0%| F|  |TAMS 0x0000000088300000, 0x0000000088300000| Untracked 
| 110|0x0000000088400000, 0x0000000088400000, 0x0000000088500000|  0%| F|  |TAMS 0x0000000088400000, 0x0000000088400000| Untracked 
| 111|0x0000000088500000, 0x0000000088500000, 0x0000000088600000|  0%| F|  |TAMS 0x0000000088500000, 0x0000000088500000| Untracked 
| 112|0x0000000088600000, 0x0000000088600000, 0x0000000088700000|  0%| F|  |TAMS 0x0000000088600000, 0x0000000088600000| Untracked 
| 113|0x0000000088700000, 0x0000000088700000, 0x0000000088800000|  0%| F|  |TAMS 0x0000000088700000, 0x0000000088700000| Untracked 
| 114|0x0000000088800000, 0x0000000088800000, 0x0000000088900000|  0%| F|  |TAMS 0x0000000088800000, 0x0000000088800000| Untracked 
| 115|0x0000000088900000, 0x0000000088900000, 0x0000000088a00000|  0%| F|  |TAMS 0x0000000088900000, 0x0000000088900000| Untracked 
| 116|0x0000000088a00000, 0x0000000088a00000, 0x0000000088b00000|  0%| F|  |TAMS 0x0000000088a00000, 0x0000000088a00000| Untracked 
| 117|0x0000000088b00000, 0x0000000088b00000, 0x0000000088c00000|  0%| F|  |TAMS 0x0000000088b00000, 0x0000000088b00000| Untracked 
| 118|0x0000000088c00000, 0x0000000088c00000, 0x0000000088d00000|  0%| F|  |TAMS 0x0000000088c00000, 0x0000000088c00000| Untracked 
| 119|0x0000000088d00000, 0x0000000088d00000, 0x0000000088e00000|  0%| F|  |TAMS 0x0000000088d00000, 0x0000000088d00000| Untracked 
| 120|0x0000000088e00000, 0x0000000088e00000, 0x0000000088f00000|  0%| F|  |TAMS 0x0000000088e00000, 0x0000000088e00000| Untracked 
| 121|0x0000000088f00000, 0x0000000088f00000, 0x0000000089000000|  0%| F|  |TAMS 0x0000000088f00000, 0x0000000088f00000| Untracked 
| 122|0x0000000089000000, 0x0000000089000000, 0x0000000089100000|  0%| F|  |TAMS 0x0000000089000000, 0x0000000089000000| Untracked 
| 123|0x0000000089100000, 0x0000000089100000, 0x0000000089200000|  0%| F|  |TAMS 0x0000000089100000, 0x0000000089100000| Untracked 
| 124|0x0000000089200000, 0x0000000089200000, 0x0000000089300000|  0%| F|  |TAMS 0x0000000089200000, 0x0000000089200000| Untracked 
| 125|0x0000000089300000, 0x0000000089300000, 0x0000000089400000|  0%| F|  |TAMS 0x0000000089300000, 0x0000000089300000| Untracked 
| 126|0x0000000089400000, 0x0000000089400000, 0x0000000089500000|  0%| F|  |TAMS 0x0000000089400000, 0x0000000089400000| Untracked 
| 127|0x0000000089500000, 0x0000000089500000, 0x0000000089600000|  0%| F|  |TAMS 0x0000000089500000, 0x0000000089500000| Untracked 
| 128|0x0000000089600000, 0x0000000089600000, 0x0000000089700000|  0%| F|  |TAMS 0x0000000089600000, 0x0000000089600000| Untracked 
| 129|0x0000000089700000, 0x0000000089700000, 0x0000000089800000|  0%| F|  |TAMS 0x0000000089700000, 0x0000000089700000| Untracked 
| 130|0x0000000089800000, 0x0000000089800000, 0x0000000089900000|  0%| F|  |TAMS 0x0000000089800000, 0x0000000089800000| Untracked 
| 131|0x0000000089900000, 0x0000000089900000, 0x0000000089a00000|  0%| F|  |TAMS 0x0000000089900000, 0x0000000089900000| Untracked 
| 132|0x0000000089a00000, 0x0000000089a00000, 0x0000000089b00000|  0%| F|  |TAMS 0x0000000089a00000, 0x0000000089a00000| Untracked 
| 133|0x0000000089b00000, 0x0000000089b00000, 0x0000000089c00000|  0%| F|  |TAMS 0x0000000089b00000, 0x0000000089b00000| Untracked 
| 134|0x0000000089c00000, 0x0000000089c00000, 0x0000000089d00000|  0%| F|  |TAMS 0x0000000089c00000, 0x0000000089c00000| Untracked 
| 135|0x0000000089d00000, 0x0000000089d00000, 0x0000000089e00000|  0%| F|  |TAMS 0x0000000089d00000, 0x0000000089d00000| Untracked 
| 136|0x0000000089e00000, 0x0000000089e00000, 0x0000000089f00000|  0%| F|  |TAMS 0x0000000089e00000, 0x0000000089e00000| Untracked 
| 137|0x0000000089f00000, 0x0000000089f00000, 0x000000008a000000|  0%| F|  |TAMS 0x0000000089f00000, 0x0000000089f00000| Untracked 
| 138|0x000000008a000000, 0x000000008a000000, 0x000000008a100000|  0%| F|  |TAMS 0x000000008a000000, 0x000000008a000000| Untracked 
| 139|0x000000008a100000, 0x000000008a100000, 0x000000008a200000|  0%| F|  |TAMS 0x000000008a100000, 0x000000008a100000| Untracked 
| 140|0x000000008a200000, 0x000000008a200000, 0x000000008a300000|  0%| F|  |TAMS 0x000000008a200000, 0x000000008a200000| Untracked 
| 141|0x000000008a300000, 0x000000008a394180, 0x000000008a400000| 57%| S|CS|TAMS 0x000000008a300000, 0x000000008a300000| Complete 
| 142|0x000000008a400000, 0x000000008a500000, 0x000000008a500000|100%| S|CS|TAMS 0x000000008a400000, 0x000000008a400000| Complete 
| 143|0x000000008a500000, 0x000000008a600000, 0x000000008a600000|100%| S|CS|TAMS 0x000000008a500000, 0x000000008a500000| Complete 
| 144|0x000000008a600000, 0x000000008a600000, 0x000000008a700000|  0%| F|  |TAMS 0x000000008a600000, 0x000000008a600000| Untracked 
| 145|0x000000008a700000, 0x000000008a700000, 0x000000008a800000|  0%| F|  |TAMS 0x000000008a700000, 0x000000008a700000| Untracked 
| 146|0x000000008a800000, 0x000000008a800000, 0x000000008a900000|  0%| F|  |TAMS 0x000000008a800000, 0x000000008a800000| Untracked 
| 147|0x000000008a900000, 0x000000008a900000, 0x000000008aa00000|  0%| F|  |TAMS 0x000000008a900000, 0x000000008a900000| Untracked 
| 148|0x000000008aa00000, 0x000000008aa00000, 0x000000008ab00000|  0%| F|  |TAMS 0x000000008aa00000, 0x000000008aa00000| Untracked 
| 149|0x000000008ab00000, 0x000000008ab00000, 0x000000008ac00000|  0%| F|  |TAMS 0x000000008ab00000, 0x000000008ab00000| Untracked 
| 150|0x000000008ac00000, 0x000000008ac00000, 0x000000008ad00000|  0%| F|  |TAMS 0x000000008ac00000, 0x000000008ac00000| Untracked 
| 151|0x000000008ad00000, 0x000000008ad00000, 0x000000008ae00000|  0%| F|  |TAMS 0x000000008ad00000, 0x000000008ad00000| Untracked 
| 152|0x000000008ae00000, 0x000000008ae00000, 0x000000008af00000|  0%| F|  |TAMS 0x000000008ae00000, 0x000000008ae00000| Untracked 
| 153|0x000000008af00000, 0x000000008af00000, 0x000000008b000000|  0%| F|  |TAMS 0x000000008af00000, 0x000000008af00000| Untracked 
| 154|0x000000008b000000, 0x000000008b000000, 0x000000008b100000|  0%| F|  |TAMS 0x000000008b000000, 0x000000008b000000| Untracked 
| 155|0x000000008b100000, 0x000000008b100000, 0x000000008b200000|  0%| F|  |TAMS 0x000000008b100000, 0x000000008b100000| Untracked 
| 156|0x000000008b200000, 0x000000008b200000, 0x000000008b300000|  0%| F|  |TAMS 0x000000008b200000, 0x000000008b200000| Untracked 
| 157|0x000000008b300000, 0x000000008b300000, 0x000000008b400000|  0%| F|  |TAMS 0x000000008b300000, 0x000000008b300000| Untracked 
| 158|0x000000008b400000, 0x000000008b400000, 0x000000008b500000|  0%| F|  |TAMS 0x000000008b400000, 0x000000008b400000| Untracked 
| 159|0x000000008b500000, 0x000000008b500000, 0x000000008b600000|  0%| F|  |TAMS 0x000000008b500000, 0x000000008b500000| Untracked 
| 160|0x000000008b600000, 0x000000008b600000, 0x000000008b700000|  0%| F|  |TAMS 0x000000008b600000, 0x000000008b600000| Untracked 
| 161|0x000000008b700000, 0x000000008b700000, 0x000000008b800000|  0%| F|  |TAMS 0x000000008b700000, 0x000000008b700000| Untracked 
| 162|0x000000008b800000, 0x000000008b800000, 0x000000008b900000|  0%| F|  |TAMS 0x000000008b800000, 0x000000008b800000| Untracked 
| 163|0x000000008b900000, 0x000000008b900000, 0x000000008ba00000|  0%| F|  |TAMS 0x000000008b900000, 0x000000008b900000| Untracked 
| 164|0x000000008ba00000, 0x000000008ba00000, 0x000000008bb00000|  0%| F|  |TAMS 0x000000008ba00000, 0x000000008ba00000| Untracked 
| 165|0x000000008bb00000, 0x000000008bb00000, 0x000000008bc00000|  0%| F|  |TAMS 0x000000008bb00000, 0x000000008bb00000| Untracked 
| 166|0x000000008bc00000, 0x000000008bc00000, 0x000000008bd00000|  0%| F|  |TAMS 0x000000008bc00000, 0x000000008bc00000| Untracked 
| 167|0x000000008bd00000, 0x000000008bd00000, 0x000000008be00000|  0%| F|  |TAMS 0x000000008bd00000, 0x000000008bd00000| Untracked 
| 168|0x000000008be00000, 0x000000008be00000, 0x000000008bf00000|  0%| F|  |TAMS 0x000000008be00000, 0x000000008be00000| Untracked 
| 169|0x000000008bf00000, 0x000000008bf00000, 0x000000008c000000|  0%| F|  |TAMS 0x000000008bf00000, 0x000000008bf00000| Untracked 
| 170|0x000000008c000000, 0x000000008c000000, 0x000000008c100000|  0%| F|  |TAMS 0x000000008c000000, 0x000000008c000000| Untracked 
| 171|0x000000008c100000, 0x000000008c100000, 0x000000008c200000|  0%| F|  |TAMS 0x000000008c100000, 0x000000008c100000| Untracked 
| 172|0x000000008c200000, 0x000000008c200000, 0x000000008c300000|  0%| F|  |TAMS 0x000000008c200000, 0x000000008c200000| Untracked 
| 173|0x000000008c300000, 0x000000008c300000, 0x000000008c400000|  0%| F|  |TAMS 0x000000008c300000, 0x000000008c300000| Untracked 
| 174|0x000000008c400000, 0x000000008c400000, 0x000000008c500000|  0%| F|  |TAMS 0x000000008c400000, 0x000000008c400000| Untracked 
| 175|0x000000008c500000, 0x000000008c500000, 0x000000008c600000|  0%| F|  |TAMS 0x000000008c500000, 0x000000008c500000| Untracked 
| 176|0x000000008c600000, 0x000000008c600000, 0x000000008c700000|  0%| F|  |TAMS 0x000000008c600000, 0x000000008c600000| Untracked 
| 177|0x000000008c700000, 0x000000008c700000, 0x000000008c800000|  0%| F|  |TAMS 0x000000008c700000, 0x000000008c700000| Untracked 
| 178|0x000000008c800000, 0x000000008c800000, 0x000000008c900000|  0%| F|  |TAMS 0x000000008c800000, 0x000000008c800000| Untracked 
| 179|0x000000008c900000, 0x000000008c900000, 0x000000008ca00000|  0%| F|  |TAMS 0x000000008c900000, 0x000000008c900000| Untracked 
| 180|0x000000008ca00000, 0x000000008ca00000, 0x000000008cb00000|  0%| F|  |TAMS 0x000000008ca00000, 0x000000008ca00000| Untracked 
| 181|0x000000008cb00000, 0x000000008cb00000, 0x000000008cc00000|  0%| F|  |TAMS 0x000000008cb00000, 0x000000008cb00000| Untracked 
| 182|0x000000008cc00000, 0x000000008cc00000, 0x000000008cd00000|  0%| F|  |TAMS 0x000000008cc00000, 0x000000008cc00000| Untracked 
| 183|0x000000008cd00000, 0x000000008cd00000, 0x000000008ce00000|  0%| F|  |TAMS 0x000000008cd00000, 0x000000008cd00000| Untracked 
| 184|0x000000008ce00000, 0x000000008ce00000, 0x000000008cf00000|  0%| F|  |TAMS 0x000000008ce00000, 0x000000008ce00000| Untracked 
| 185|0x000000008cf00000, 0x000000008cf00000, 0x000000008d000000|  0%| F|  |TAMS 0x000000008cf00000, 0x000000008cf00000| Untracked 
| 186|0x000000008d000000, 0x000000008d000000, 0x000000008d100000|  0%| F|  |TAMS 0x000000008d000000, 0x000000008d000000| Untracked 
| 187|0x000000008d100000, 0x000000008d100000, 0x000000008d200000|  0%| F|  |TAMS 0x000000008d100000, 0x000000008d100000| Untracked 
| 188|0x000000008d200000, 0x000000008d200000, 0x000000008d300000|  0%| F|  |TAMS 0x000000008d200000, 0x000000008d200000| Untracked 
| 189|0x000000008d300000, 0x000000008d300000, 0x000000008d400000|  0%| F|  |TAMS 0x000000008d300000, 0x000000008d300000| Untracked 
| 190|0x000000008d400000, 0x000000008d400000, 0x000000008d500000|  0%| F|  |TAMS 0x000000008d400000, 0x000000008d400000| Untracked 
| 191|0x000000008d500000, 0x000000008d500000, 0x000000008d600000|  0%| F|  |TAMS 0x000000008d500000, 0x000000008d500000| Untracked 
| 192|0x000000008d600000, 0x000000008d600000, 0x000000008d700000|  0%| F|  |TAMS 0x000000008d600000, 0x000000008d600000| Untracked 
| 193|0x000000008d700000, 0x000000008d700000, 0x000000008d800000|  0%| F|  |TAMS 0x000000008d700000, 0x000000008d700000| Untracked 
| 194|0x000000008d800000, 0x000000008d800000, 0x000000008d900000|  0%| F|  |TAMS 0x000000008d800000, 0x000000008d800000| Untracked 
| 195|0x000000008d900000, 0x000000008d900000, 0x000000008da00000|  0%| F|  |TAMS 0x000000008d900000, 0x000000008d900000| Untracked 
| 196|0x000000008da00000, 0x000000008da00000, 0x000000008db00000|  0%| F|  |TAMS 0x000000008da00000, 0x000000008da00000| Untracked 
| 197|0x000000008db00000, 0x000000008db00000, 0x000000008dc00000|  0%| F|  |TAMS 0x000000008db00000, 0x000000008db00000| Untracked 
| 198|0x000000008dc00000, 0x000000008dc00000, 0x000000008dd00000|  0%| F|  |TAMS 0x000000008dc00000, 0x000000008dc00000| Untracked 
| 199|0x000000008dd00000, 0x000000008dd00000, 0x000000008de00000|  0%| F|  |TAMS 0x000000008dd00000, 0x000000008dd00000| Untracked 
| 200|0x000000008de00000, 0x000000008de00000, 0x000000008df00000|  0%| F|  |TAMS 0x000000008de00000, 0x000000008de00000| Untracked 
| 201|0x000000008df00000, 0x000000008df00000, 0x000000008e000000|  0%| F|  |TAMS 0x000000008df00000, 0x000000008df00000| Untracked 
| 202|0x000000008e000000, 0x000000008e000000, 0x000000008e100000|  0%| F|  |TAMS 0x000000008e000000, 0x000000008e000000| Untracked 
| 203|0x000000008e100000, 0x000000008e100000, 0x000000008e200000|  0%| F|  |TAMS 0x000000008e100000, 0x000000008e100000| Untracked 
| 204|0x000000008e200000, 0x000000008e200000, 0x000000008e300000|  0%| F|  |TAMS 0x000000008e200000, 0x000000008e200000| Untracked 
| 205|0x000000008e300000, 0x000000008e300000, 0x000000008e400000|  0%| F|  |TAMS 0x000000008e300000, 0x000000008e300000| Untracked 
| 206|0x000000008e400000, 0x000000008e400000, 0x000000008e500000|  0%| F|  |TAMS 0x000000008e400000, 0x000000008e400000| Untracked 
| 207|0x000000008e500000, 0x000000008e500000, 0x000000008e600000|  0%| F|  |TAMS 0x000000008e500000, 0x000000008e500000| Untracked 
| 208|0x000000008e600000, 0x000000008e600000, 0x000000008e700000|  0%| F|  |TAMS 0x000000008e600000, 0x000000008e600000| Untracked 
| 209|0x000000008e700000, 0x000000008e700000, 0x000000008e800000|  0%| F|  |TAMS 0x000000008e700000, 0x000000008e700000| Untracked 
| 210|0x000000008e800000, 0x000000008e800000, 0x000000008e900000|  0%| F|  |TAMS 0x000000008e800000, 0x000000008e800000| Untracked 
| 211|0x000000008e900000, 0x000000008e900000, 0x000000008ea00000|  0%| F|  |TAMS 0x000000008e900000, 0x000000008e900000| Untracked 
| 212|0x000000008ea00000, 0x000000008ea00000, 0x000000008eb00000|  0%| F|  |TAMS 0x000000008ea00000, 0x000000008ea00000| Untracked 
| 213|0x000000008eb00000, 0x000000008eb00000, 0x000000008ec00000|  0%| F|  |TAMS 0x000000008eb00000, 0x000000008eb00000| Untracked 
| 214|0x000000008ec00000, 0x000000008ec00000, 0x000000008ed00000|  0%| F|  |TAMS 0x000000008ec00000, 0x000000008ec00000| Untracked 
| 215|0x000000008ed00000, 0x000000008ed00000, 0x000000008ee00000|  0%| F|  |TAMS 0x000000008ed00000, 0x000000008ed00000| Untracked 
| 216|0x000000008ee00000, 0x000000008ee00000, 0x000000008ef00000|  0%| F|  |TAMS 0x000000008ee00000, 0x000000008ee00000| Untracked 
| 217|0x000000008ef00000, 0x000000008ef00000, 0x000000008f000000|  0%| F|  |TAMS 0x000000008ef00000, 0x000000008ef00000| Untracked 
| 218|0x000000008f000000, 0x000000008f000000, 0x000000008f100000|  0%| F|  |TAMS 0x000000008f000000, 0x000000008f000000| Untracked 
| 219|0x000000008f100000, 0x000000008f100000, 0x000000008f200000|  0%| F|  |TAMS 0x000000008f100000, 0x000000008f100000| Untracked 
| 220|0x000000008f200000, 0x000000008f200000, 0x000000008f300000|  0%| F|  |TAMS 0x000000008f200000, 0x000000008f200000| Untracked 
| 221|0x000000008f300000, 0x000000008f300000, 0x000000008f400000|  0%| F|  |TAMS 0x000000008f300000, 0x000000008f300000| Untracked 
| 222|0x000000008f400000, 0x000000008f400000, 0x000000008f500000|  0%| F|  |TAMS 0x000000008f400000, 0x000000008f400000| Untracked 
| 223|0x000000008f500000, 0x000000008f500000, 0x000000008f600000|  0%| F|  |TAMS 0x000000008f500000, 0x000000008f500000| Untracked 
| 224|0x000000008f600000, 0x000000008f600000, 0x000000008f700000|  0%| F|  |TAMS 0x000000008f600000, 0x000000008f600000| Untracked 
| 225|0x000000008f700000, 0x000000008f700000, 0x000000008f800000|  0%| F|  |TAMS 0x000000008f700000, 0x000000008f700000| Untracked 
| 226|0x000000008f800000, 0x000000008f800000, 0x000000008f900000|  0%| F|  |TAMS 0x000000008f800000, 0x000000008f800000| Untracked 
| 227|0x000000008f900000, 0x000000008f900000, 0x000000008fa00000|  0%| F|  |TAMS 0x000000008f900000, 0x000000008f900000| Untracked 
| 228|0x000000008fa00000, 0x000000008fa00000, 0x000000008fb00000|  0%| F|  |TAMS 0x000000008fa00000, 0x000000008fa00000| Untracked 
| 229|0x000000008fb00000, 0x000000008fb00000, 0x000000008fc00000|  0%| F|  |TAMS 0x000000008fb00000, 0x000000008fb00000| Untracked 
| 230|0x000000008fc00000, 0x000000008fc00000, 0x000000008fd00000|  0%| F|  |TAMS 0x000000008fc00000, 0x000000008fc00000| Untracked 
| 231|0x000000008fd00000, 0x000000008fd00000, 0x000000008fe00000|  0%| F|  |TAMS 0x000000008fd00000, 0x000000008fd00000| Untracked 
| 232|0x000000008fe00000, 0x000000008fe00000, 0x000000008ff00000|  0%| F|  |TAMS 0x000000008fe00000, 0x000000008fe00000| Untracked 
| 233|0x000000008ff00000, 0x000000008ff00000, 0x0000000090000000|  0%| F|  |TAMS 0x000000008ff00000, 0x000000008ff00000| Untracked 
| 234|0x0000000090000000, 0x0000000090000000, 0x0000000090100000|  0%| F|  |TAMS 0x0000000090000000, 0x0000000090000000| Untracked 
| 235|0x0000000090100000, 0x0000000090100000, 0x0000000090200000|  0%| F|  |TAMS 0x0000000090100000, 0x0000000090100000| Untracked 
| 236|0x0000000090200000, 0x0000000090200000, 0x0000000090300000|  0%| F|  |TAMS 0x0000000090200000, 0x0000000090200000| Untracked 
| 237|0x0000000090300000, 0x0000000090300000, 0x0000000090400000|  0%| F|  |TAMS 0x0000000090300000, 0x0000000090300000| Untracked 
| 238|0x0000000090400000, 0x0000000090400000, 0x0000000090500000|  0%| F|  |TAMS 0x0000000090400000, 0x0000000090400000| Untracked 
| 239|0x0000000090500000, 0x0000000090500000, 0x0000000090600000|  0%| F|  |TAMS 0x0000000090500000, 0x0000000090500000| Untracked 
| 240|0x0000000090600000, 0x0000000090600000, 0x0000000090700000|  0%| F|  |TAMS 0x0000000090600000, 0x0000000090600000| Untracked 
| 241|0x0000000090700000, 0x0000000090700000, 0x0000000090800000|  0%| F|  |TAMS 0x0000000090700000, 0x0000000090700000| Untracked 
| 242|0x0000000090800000, 0x0000000090800000, 0x0000000090900000|  0%| F|  |TAMS 0x0000000090800000, 0x0000000090800000| Untracked 
| 243|0x0000000090900000, 0x0000000090900000, 0x0000000090a00000|  0%| F|  |TAMS 0x0000000090900000, 0x0000000090900000| Untracked 
| 244|0x0000000090a00000, 0x0000000090a00000, 0x0000000090b00000|  0%| F|  |TAMS 0x0000000090a00000, 0x0000000090a00000| Untracked 
| 245|0x0000000090b00000, 0x0000000090b00000, 0x0000000090c00000|  0%| F|  |TAMS 0x0000000090b00000, 0x0000000090b00000| Untracked 
| 246|0x0000000090c00000, 0x0000000090c00000, 0x0000000090d00000|  0%| F|  |TAMS 0x0000000090c00000, 0x0000000090c00000| Untracked 
| 247|0x0000000090d00000, 0x0000000090d00000, 0x0000000090e00000|  0%| F|  |TAMS 0x0000000090d00000, 0x0000000090d00000| Untracked 
| 248|0x0000000090e00000, 0x0000000090e00000, 0x0000000090f00000|  0%| F|  |TAMS 0x0000000090e00000, 0x0000000090e00000| Untracked 
| 249|0x0000000090f00000, 0x0000000090f00000, 0x0000000091000000|  0%| F|  |TAMS 0x0000000090f00000, 0x0000000090f00000| Untracked 
| 250|0x0000000091000000, 0x0000000091000000, 0x0000000091100000|  0%| F|  |TAMS 0x0000000091000000, 0x0000000091000000| Untracked 
| 251|0x0000000091100000, 0x0000000091100000, 0x0000000091200000|  0%| F|  |TAMS 0x0000000091100000, 0x0000000091100000| Untracked 
| 252|0x0000000091200000, 0x0000000091200000, 0x0000000091300000|  0%| F|  |TAMS 0x0000000091200000, 0x0000000091200000| Untracked 
| 253|0x0000000091300000, 0x0000000091300000, 0x0000000091400000|  0%| F|  |TAMS 0x0000000091300000, 0x0000000091300000| Untracked 
| 254|0x0000000091400000, 0x0000000091400000, 0x0000000091500000|  0%| F|  |TAMS 0x0000000091400000, 0x0000000091400000| Untracked 
| 255|0x0000000091500000, 0x0000000091500000, 0x0000000091600000|  0%| F|  |TAMS 0x0000000091500000, 0x0000000091500000| Untracked 
| 256|0x0000000091600000, 0x0000000091600000, 0x0000000091700000|  0%| F|  |TAMS 0x0000000091600000, 0x0000000091600000| Untracked 
| 257|0x0000000091700000, 0x0000000091700000, 0x0000000091800000|  0%| F|  |TAMS 0x0000000091700000, 0x0000000091700000| Untracked 
| 258|0x0000000091800000, 0x0000000091800000, 0x0000000091900000|  0%| F|  |TAMS 0x0000000091800000, 0x0000000091800000| Untracked 
| 259|0x0000000091900000, 0x0000000091900000, 0x0000000091a00000|  0%| F|  |TAMS 0x0000000091900000, 0x0000000091900000| Untracked 
| 260|0x0000000091a00000, 0x0000000091a00000, 0x0000000091b00000|  0%| F|  |TAMS 0x0000000091a00000, 0x0000000091a00000| Untracked 
| 261|0x0000000091b00000, 0x0000000091b00000, 0x0000000091c00000|  0%| F|  |TAMS 0x0000000091b00000, 0x0000000091b00000| Untracked 
| 262|0x0000000091c00000, 0x0000000091c00000, 0x0000000091d00000|  0%| F|  |TAMS 0x0000000091c00000, 0x0000000091c00000| Untracked 
| 263|0x0000000091d00000, 0x0000000091d00000, 0x0000000091e00000|  0%| F|  |TAMS 0x0000000091d00000, 0x0000000091d00000| Untracked 
| 264|0x0000000091e00000, 0x0000000091e00000, 0x0000000091f00000|  0%| F|  |TAMS 0x0000000091e00000, 0x0000000091e00000| Untracked 
| 265|0x0000000091f00000, 0x0000000091f00000, 0x0000000092000000|  0%| F|  |TAMS 0x0000000091f00000, 0x0000000091f00000| Untracked 
| 266|0x0000000092000000, 0x0000000092000000, 0x0000000092100000|  0%| F|  |TAMS 0x0000000092000000, 0x0000000092000000| Untracked 
| 267|0x0000000092100000, 0x0000000092100000, 0x0000000092200000|  0%| F|  |TAMS 0x0000000092100000, 0x0000000092100000| Untracked 
| 268|0x0000000092200000, 0x0000000092200000, 0x0000000092300000|  0%| F|  |TAMS 0x0000000092200000, 0x0000000092200000| Untracked 
| 269|0x0000000092300000, 0x0000000092300000, 0x0000000092400000|  0%| F|  |TAMS 0x0000000092300000, 0x0000000092300000| Untracked 
| 270|0x0000000092400000, 0x0000000092400000, 0x0000000092500000|  0%| F|  |TAMS 0x0000000092400000, 0x0000000092400000| Untracked 
| 271|0x0000000092500000, 0x0000000092500000, 0x0000000092600000|  0%| F|  |TAMS 0x0000000092500000, 0x0000000092500000| Untracked 
| 272|0x0000000092600000, 0x0000000092600000, 0x0000000092700000|  0%| F|  |TAMS 0x0000000092600000, 0x0000000092600000| Untracked 
| 273|0x0000000092700000, 0x0000000092700000, 0x0000000092800000|  0%| F|  |TAMS 0x0000000092700000, 0x0000000092700000| Untracked 
| 274|0x0000000092800000, 0x0000000092800000, 0x0000000092900000|  0%| F|  |TAMS 0x0000000092800000, 0x0000000092800000| Untracked 
| 275|0x0000000092900000, 0x0000000092900000, 0x0000000092a00000|  0%| F|  |TAMS 0x0000000092900000, 0x0000000092900000| Untracked 
| 276|0x0000000092a00000, 0x0000000092a00000, 0x0000000092b00000|  0%| F|  |TAMS 0x0000000092a00000, 0x0000000092a00000| Untracked 
| 277|0x0000000092b00000, 0x0000000092b00000, 0x0000000092c00000|  0%| F|  |TAMS 0x0000000092b00000, 0x0000000092b00000| Untracked 
| 278|0x0000000092c00000, 0x0000000092c00000, 0x0000000092d00000|  0%| F|  |TAMS 0x0000000092c00000, 0x0000000092c00000| Untracked 
| 279|0x0000000092d00000, 0x0000000092d00000, 0x0000000092e00000|  0%| F|  |TAMS 0x0000000092d00000, 0x0000000092d00000| Untracked 
| 280|0x0000000092e00000, 0x0000000092e00000, 0x0000000092f00000|  0%| F|  |TAMS 0x0000000092e00000, 0x0000000092e00000| Untracked 
| 281|0x0000000092f00000, 0x0000000092f00000, 0x0000000093000000|  0%| F|  |TAMS 0x0000000092f00000, 0x0000000092f00000| Untracked 
| 282|0x0000000093000000, 0x0000000093000000, 0x0000000093100000|  0%| F|  |TAMS 0x0000000093000000, 0x0000000093000000| Untracked 
| 283|0x0000000093100000, 0x0000000093100000, 0x0000000093200000|  0%| F|  |TAMS 0x0000000093100000, 0x0000000093100000| Untracked 
| 284|0x0000000093200000, 0x0000000093200000, 0x0000000093300000|  0%| F|  |TAMS 0x0000000093200000, 0x0000000093200000| Untracked 
| 285|0x0000000093300000, 0x0000000093300000, 0x0000000093400000|  0%| F|  |TAMS 0x0000000093300000, 0x0000000093300000| Untracked 
| 286|0x0000000093400000, 0x0000000093400000, 0x0000000093500000|  0%| F|  |TAMS 0x0000000093400000, 0x0000000093400000| Untracked 
| 287|0x0000000093500000, 0x0000000093500000, 0x0000000093600000|  0%| F|  |TAMS 0x0000000093500000, 0x0000000093500000| Untracked 
| 288|0x0000000093600000, 0x0000000093600000, 0x0000000093700000|  0%| F|  |TAMS 0x0000000093600000, 0x0000000093600000| Untracked 
| 289|0x0000000093700000, 0x0000000093700000, 0x0000000093800000|  0%| F|  |TAMS 0x0000000093700000, 0x0000000093700000| Untracked 
| 290|0x0000000093800000, 0x0000000093800000, 0x0000000093900000|  0%| F|  |TAMS 0x0000000093800000, 0x0000000093800000| Untracked 
| 291|0x0000000093900000, 0x0000000093900000, 0x0000000093a00000|  0%| F|  |TAMS 0x0000000093900000, 0x0000000093900000| Untracked 
| 292|0x0000000093a00000, 0x0000000093a00000, 0x0000000093b00000|  0%| F|  |TAMS 0x0000000093a00000, 0x0000000093a00000| Untracked 
| 293|0x0000000093b00000, 0x0000000093b00000, 0x0000000093c00000|  0%| F|  |TAMS 0x0000000093b00000, 0x0000000093b00000| Untracked 
| 294|0x0000000093c00000, 0x0000000093c00000, 0x0000000093d00000|  0%| F|  |TAMS 0x0000000093c00000, 0x0000000093c00000| Untracked 
| 295|0x0000000093d00000, 0x0000000093d00000, 0x0000000093e00000|  0%| F|  |TAMS 0x0000000093d00000, 0x0000000093d00000| Untracked 
| 296|0x0000000093e00000, 0x0000000093e00000, 0x0000000093f00000|  0%| F|  |TAMS 0x0000000093e00000, 0x0000000093e00000| Untracked 
| 297|0x0000000093f00000, 0x0000000093f00000, 0x0000000094000000|  0%| F|  |TAMS 0x0000000093f00000, 0x0000000093f00000| Untracked 
| 298|0x0000000094000000, 0x0000000094000000, 0x0000000094100000|  0%| F|  |TAMS 0x0000000094000000, 0x0000000094000000| Untracked 
| 299|0x0000000094100000, 0x0000000094100000, 0x0000000094200000|  0%| F|  |TAMS 0x0000000094100000, 0x0000000094100000| Untracked 
| 300|0x0000000094200000, 0x0000000094200000, 0x0000000094300000|  0%| F|  |TAMS 0x0000000094200000, 0x0000000094200000| Untracked 
| 301|0x0000000094300000, 0x0000000094300000, 0x0000000094400000|  0%| F|  |TAMS 0x0000000094300000, 0x0000000094300000| Untracked 
| 302|0x0000000094400000, 0x0000000094400000, 0x0000000094500000|  0%| F|  |TAMS 0x0000000094400000, 0x0000000094400000| Untracked 
| 303|0x0000000094500000, 0x0000000094500000, 0x0000000094600000|  0%| F|  |TAMS 0x0000000094500000, 0x0000000094500000| Untracked 
| 304|0x0000000094600000, 0x0000000094600000, 0x0000000094700000|  0%| F|  |TAMS 0x0000000094600000, 0x0000000094600000| Untracked 
| 305|0x0000000094700000, 0x0000000094700000, 0x0000000094800000|  0%| F|  |TAMS 0x0000000094700000, 0x0000000094700000| Untracked 
| 306|0x0000000094800000, 0x0000000094800000, 0x0000000094900000|  0%| F|  |TAMS 0x0000000094800000, 0x0000000094800000| Untracked 
| 307|0x0000000094900000, 0x0000000094900000, 0x0000000094a00000|  0%| F|  |TAMS 0x0000000094900000, 0x0000000094900000| Untracked 
| 308|0x0000000094a00000, 0x0000000094a00000, 0x0000000094b00000|  0%| F|  |TAMS 0x0000000094a00000, 0x0000000094a00000| Untracked 
| 309|0x0000000094b00000, 0x0000000094b00000, 0x0000000094c00000|  0%| F|  |TAMS 0x0000000094b00000, 0x0000000094b00000| Untracked 
| 310|0x0000000094c00000, 0x0000000094c00000, 0x0000000094d00000|  0%| F|  |TAMS 0x0000000094c00000, 0x0000000094c00000| Untracked 
| 311|0x0000000094d00000, 0x0000000094d00000, 0x0000000094e00000|  0%| F|  |TAMS 0x0000000094d00000, 0x0000000094d00000| Untracked 
| 312|0x0000000094e00000, 0x0000000094e00000, 0x0000000094f00000|  0%| F|  |TAMS 0x0000000094e00000, 0x0000000094e00000| Untracked 
| 313|0x0000000094f00000, 0x0000000094f00000, 0x0000000095000000|  0%| F|  |TAMS 0x0000000094f00000, 0x0000000094f00000| Untracked 
| 314|0x0000000095000000, 0x0000000095000000, 0x0000000095100000|  0%| F|  |TAMS 0x0000000095000000, 0x0000000095000000| Untracked 
| 315|0x0000000095100000, 0x0000000095100000, 0x0000000095200000|  0%| F|  |TAMS 0x0000000095100000, 0x0000000095100000| Untracked 
| 316|0x0000000095200000, 0x0000000095200000, 0x0000000095300000|  0%| F|  |TAMS 0x0000000095200000, 0x0000000095200000| Untracked 
| 317|0x0000000095300000, 0x0000000095300000, 0x0000000095400000|  0%| F|  |TAMS 0x0000000095300000, 0x0000000095300000| Untracked 
| 318|0x0000000095400000, 0x0000000095400000, 0x0000000095500000|  0%| F|  |TAMS 0x0000000095400000, 0x0000000095400000| Untracked 
| 319|0x0000000095500000, 0x0000000095500000, 0x0000000095600000|  0%| F|  |TAMS 0x0000000095500000, 0x0000000095500000| Untracked 
| 320|0x0000000095600000, 0x0000000095600000, 0x0000000095700000|  0%| F|  |TAMS 0x0000000095600000, 0x0000000095600000| Untracked 
| 321|0x0000000095700000, 0x0000000095700000, 0x0000000095800000|  0%| F|  |TAMS 0x0000000095700000, 0x0000000095700000| Untracked 
| 322|0x0000000095800000, 0x0000000095800000, 0x0000000095900000|  0%| F|  |TAMS 0x0000000095800000, 0x0000000095800000| Untracked 
| 323|0x0000000095900000, 0x0000000095900000, 0x0000000095a00000|  0%| F|  |TAMS 0x0000000095900000, 0x0000000095900000| Untracked 
| 324|0x0000000095a00000, 0x0000000095a00000, 0x0000000095b00000|  0%| F|  |TAMS 0x0000000095a00000, 0x0000000095a00000| Untracked 
| 325|0x0000000095b00000, 0x0000000095b00000, 0x0000000095c00000|  0%| F|  |TAMS 0x0000000095b00000, 0x0000000095b00000| Untracked 
| 326|0x0000000095c00000, 0x0000000095c00000, 0x0000000095d00000|  0%| F|  |TAMS 0x0000000095c00000, 0x0000000095c00000| Untracked 
| 327|0x0000000095d00000, 0x0000000095d00000, 0x0000000095e00000|  0%| F|  |TAMS 0x0000000095d00000, 0x0000000095d00000| Untracked 
| 328|0x0000000095e00000, 0x0000000095e00000, 0x0000000095f00000|  0%| F|  |TAMS 0x0000000095e00000, 0x0000000095e00000| Untracked 
| 329|0x0000000095f00000, 0x0000000095f00000, 0x0000000096000000|  0%| F|  |TAMS 0x0000000095f00000, 0x0000000095f00000| Untracked 
| 330|0x0000000096000000, 0x0000000096000000, 0x0000000096100000|  0%| F|  |TAMS 0x0000000096000000, 0x0000000096000000| Untracked 
| 331|0x0000000096100000, 0x0000000096100000, 0x0000000096200000|  0%| F|  |TAMS 0x0000000096100000, 0x0000000096100000| Untracked 
| 332|0x0000000096200000, 0x0000000096200000, 0x0000000096300000|  0%| F|  |TAMS 0x0000000096200000, 0x0000000096200000| Untracked 
| 333|0x0000000096300000, 0x0000000096300000, 0x0000000096400000|  0%| F|  |TAMS 0x0000000096300000, 0x0000000096300000| Untracked 
| 334|0x0000000096400000, 0x0000000096400000, 0x0000000096500000|  0%| F|  |TAMS 0x0000000096400000, 0x0000000096400000| Untracked 
| 335|0x0000000096500000, 0x0000000096500000, 0x0000000096600000|  0%| F|  |TAMS 0x0000000096500000, 0x0000000096500000| Untracked 
| 336|0x0000000096600000, 0x0000000096600000, 0x0000000096700000|  0%| F|  |TAMS 0x0000000096600000, 0x0000000096600000| Untracked 
| 337|0x0000000096700000, 0x0000000096700000, 0x0000000096800000|  0%| F|  |TAMS 0x0000000096700000, 0x0000000096700000| Untracked 
| 338|0x0000000096800000, 0x0000000096800000, 0x0000000096900000|  0%| F|  |TAMS 0x0000000096800000, 0x0000000096800000| Untracked 
| 339|0x0000000096900000, 0x0000000096900000, 0x0000000096a00000|  0%| F|  |TAMS 0x0000000096900000, 0x0000000096900000| Untracked 
| 340|0x0000000096a00000, 0x0000000096a00000, 0x0000000096b00000|  0%| F|  |TAMS 0x0000000096a00000, 0x0000000096a00000| Untracked 
| 341|0x0000000096b00000, 0x0000000096b00000, 0x0000000096c00000|  0%| F|  |TAMS 0x0000000096b00000, 0x0000000096b00000| Untracked 
| 342|0x0000000096c00000, 0x0000000096c00000, 0x0000000096d00000|  0%| F|  |TAMS 0x0000000096c00000, 0x0000000096c00000| Untracked 
| 343|0x0000000096d00000, 0x0000000096d00000, 0x0000000096e00000|  0%| F|  |TAMS 0x0000000096d00000, 0x0000000096d00000| Untracked 
| 344|0x0000000096e00000, 0x0000000096e00000, 0x0000000096f00000|  0%| F|  |TAMS 0x0000000096e00000, 0x0000000096e00000| Untracked 
| 345|0x0000000096f00000, 0x0000000096f00000, 0x0000000097000000|  0%| F|  |TAMS 0x0000000096f00000, 0x0000000096f00000| Untracked 
| 346|0x0000000097000000, 0x0000000097000000, 0x0000000097100000|  0%| F|  |TAMS 0x0000000097000000, 0x0000000097000000| Untracked 
| 347|0x0000000097100000, 0x0000000097100000, 0x0000000097200000|  0%| F|  |TAMS 0x0000000097100000, 0x0000000097100000| Untracked 
| 348|0x0000000097200000, 0x0000000097200000, 0x0000000097300000|  0%| F|  |TAMS 0x0000000097200000, 0x0000000097200000| Untracked 

Card table byte_map: [0x0000014656760000,0x0000014656b60000] _byte_map_base: 0x0000014656355000

Marking Bits (Prev, Next): (CMBitMap*) 0x000001463bce7a00, (CMBitMap*) 0x000001463bce7a40
 Prev Bits: [0x0000014656f60000, 0x0000014658f08000)
 Next Bits: [0x0000014658f10000, 0x000001465aeb8000)

Polling page: 0x000001463bd50000

Metaspace:

Usage:
  Non-class:     10.71 MB used.
      Class:      1.71 MB used.
       Both:     12.42 MB used.

Virtual space:
  Non-class space:       64.00 MB reserved,      10.81 MB ( 17%) committed,  1 nodes.
      Class space:        1.00 GB reserved,       1.88 MB ( <1%) committed,  1 nodes.
             Both:        1.06 GB reserved,      12.69 MB (  1%) committed. 

Chunk freelists:
   Non-Class:  3.26 MB
       Class:  2.12 MB
        Both:  5.38 MB

MaxMetaspaceSize: unlimited
CompressedClassSpaceSize: 1.00 GB
Initial GC threshold: 21.00 MB
Current GC threshold: 21.00 MB
CDS: on
MetaspaceReclaimPolicy: balanced
 - commit_granule_bytes: 65536.
 - commit_granule_words: 8192.
 - virtual_space_node_default_size: 8388608.
 - enlarge_chunks_in_place: 1.
 - new_chunks_are_fully_committed: 0.
 - uncommit_free_chunks: 1.
 - use_allocation_guard: 0.


Internal statistics:

num_allocs_failed_limit: 0.
num_arena_births: 234.
num_arena_deaths: 0.
num_vsnodes_births: 2.
num_vsnodes_deaths: 0.
num_space_committed: 203.
num_space_uncommitted: 0.
num_chunks_returned_to_freelist: 0.
num_chunks_taken_from_freelist: 709.
num_chunk_merges: 0.
num_chunk_splits: 496.
num_chunks_enlarged: 380.
num_inconsistent_stats: 0.

CodeHeap 'non-profiled nmethods': size=120000Kb used=801Kb max_used=801Kb free=119199Kb
 bounds [0x000001464e1a0000, 0x000001464e410000, 0x00000146556d0000]
CodeHeap 'profiled nmethods': size=120000Kb used=4334Kb max_used=4334Kb free=115665Kb
 bounds [0x00000146466d0000, 0x0000014646b10000, 0x000001464dc00000]
CodeHeap 'non-nmethods': size=5760Kb used=1511Kb max_used=1559Kb free=4249Kb
 bounds [0x000001464dc00000, 0x000001464de70000, 0x000001464e1a0000]
 total_blobs=3223 nmethods=2430 adapters=703
 compilation: enabled
              stopped_count=0, restarted_count=0
 full_count=0

Compilation events (20 events):
Event: 1.774 Thread 0x000001465dbd8560 2421       3       com.sun.prism.paint.ImagePattern::<init> (77 bytes)
Event: 1.774 Thread 0x000001465dbd8560 nmethod 2421 0x0000014646b0a390 code [0x0000014646b0a580, 0x0000014646b0ab18]
Event: 1.774 Thread 0x000001465dbd8560 2427       1       com.sun.javafx.font.PrismFontStrike::getAAMode (5 bytes)
Event: 1.774 Thread 0x000001465dbd8560 nmethod 2427 0x000001464e255f90 code [0x000001464e256120, 0x000001464e2561d8]
Event: 1.786 Thread 0x000001465dbd8560 2428       3       jdk.internal.misc.Unsafe::checkPointer (19 bytes)
Event: 1.787 Thread 0x000001465dbd8560 nmethod 2428 0x0000014646b0ad10 code [0x0000014646b0aee0, 0x0000014646b0b288]
Event: 1.787 Thread 0x000001465dbd8560 2429       3       jdk.internal.misc.Unsafe::checkNativeAddress (28 bytes)
Event: 1.787 Thread 0x000001465dbd8560 nmethod 2429 0x0000014646b0b410 code [0x0000014646b0b5a0, 0x0000014646b0b6b8]
Event: 1.835 Thread 0x0000014662da4a00 nmethod 1910% 0x000001464e256290 code [0x000001464e2564e0, 0x000001464e25bb38]
Event: 1.835 Thread 0x0000014662da4a00 2385       4       com.sun.javafx.geom.CurveLink::<init> (73 bytes)
Event: 1.837 Thread 0x0000014662da4a00 nmethod 2385 0x000001464e25ef90 code [0x000001464e25f120, 0x000001464e25f378]
Event: 1.837 Thread 0x0000014662da4a00 2361  s    4       java.util.Vector::toArray (57 bytes)
Event: 1.839 Thread 0x0000014662da4a00 nmethod 2361 0x000001464e25f490 code [0x000001464e25f620, 0x000001464e25f9b8]
Event: 1.839 Thread 0x0000014662da4a00 2375       4       java.lang.StringConcatHelper::mix (27 bytes)
Event: 1.840 Thread 0x0000014662da4a00 nmethod 2375 0x000001464e25fb10 code [0x000001464e25fca0, 0x000001464e25fd58]
Event: 1.840 Thread 0x0000014662da4a00 2404       4       com.sun.marlin.Stroker::computeMiter (86 bytes)
Event: 1.840 Thread 0x0000014662da4a00 nmethod 2404 0x000001464e25fe90 code [0x000001464e260020, 0x000001464e260118]
Event: 1.902 Thread 0x000001465dbd8560 2430       3       java.util.concurrent.atomic.AtomicBoolean::get (13 bytes)
Event: 1.902 Thread 0x000001465dbd8560 nmethod 2430 0x0000014646b0b790 code [0x0000014646b0b920, 0x0000014646b0ba98]
Event: 1.908 Thread 0x000001465dbd7bf0 nmethod 2360% 0x000001464e260290 code [0x000001464e260680, 0x000001464e2652a8]

GC Heap History (20 events):
Event: 1.375 GC heap after
{Heap after GC invocations=7 (full 0):
 garbage-first heap   total 262144K, used 16158K [0x0000000081600000, 0x0000000100000000)
  region size 1024K, 3 young (3072K), 3 survivors (3072K)
 Metaspace       used 11505K, committed 11840K, reserved 1114112K
  class space    used 1684K, committed 1856K, reserved 1048576K
}
Event: 1.420 GC heap before
{Heap before GC invocations=7 (full 0):
 garbage-first heap   total 262144K, used 169758K [0x0000000081600000, 0x0000000100000000)
  region size 1024K, 153 young (156672K), 3 survivors (3072K)
 Metaspace       used 11612K, committed 11904K, reserved 1114112K
  class space    used 1692K, committed 1856K, reserved 1048576K
}
Event: 1.422 GC heap after
{Heap after GC invocations=8 (full 0):
 garbage-first heap   total 262144K, used 16243K [0x0000000081600000, 0x0000000100000000)
  region size 1024K, 3 young (3072K), 3 survivors (3072K)
 Metaspace       used 11612K, committed 11904K, reserved 1114112K
  class space    used 1692K, committed 1856K, reserved 1048576K
}
Event: 1.469 GC heap before
{Heap before GC invocations=8 (full 0):
 garbage-first heap   total 262144K, used 169843K [0x0000000081600000, 0x0000000100000000)
  region size 1024K, 153 young (156672K), 3 survivors (3072K)
 Metaspace       used 12037K, committed 12288K, reserved 1114112K
  class space    used 1730K, committed 1856K, reserved 1048576K
}
Event: 1.471 GC heap after
{Heap after GC invocations=9 (full 0):
 garbage-first heap   total 262144K, used 16733K [0x0000000081600000, 0x0000000100000000)
  region size 1024K, 3 young (3072K), 3 survivors (3072K)
 Metaspace       used 12037K, committed 12288K, reserved 1114112K
  class space    used 1730K, committed 1856K, reserved 1048576K
}
Event: 1.514 GC heap before
{Heap before GC invocations=9 (full 0):
 garbage-first heap   total 262144K, used 172381K [0x0000000081600000, 0x0000000100000000)
  region size 1024K, 153 young (156672K), 3 survivors (3072K)
 Metaspace       used 12258K, committed 12480K, reserved 1114112K
  class space    used 1747K, committed 1856K, reserved 1048576K
}
Event: 1.517 GC heap after
{Heap after GC invocations=10 (full 0):
 garbage-first heap   total 357376K, used 18872K [0x0000000081600000, 0x0000000100000000)
  region size 1024K, 4 young (4096K), 4 survivors (4096K)
 Metaspace       used 12258K, committed 12480K, reserved 1114112K
  class space    used 1747K, committed 1856K, reserved 1048576K
}
Event: 1.585 GC heap before
{Heap before GC invocations=10 (full 0):
 garbage-first heap   total 357376K, used 228792K [0x0000000081600000, 0x0000000100000000)
  region size 1024K, 209 young (214016K), 4 survivors (4096K)
 Metaspace       used 12398K, committed 12672K, reserved 1114112K
  class space    used 1747K, committed 1856K, reserved 1048576K
}
Event: 1.587 GC heap after
{Heap after GC invocations=11 (full 0):
 garbage-first heap   total 357376K, used 19378K [0x0000000081600000, 0x0000000100000000)
  region size 1024K, 4 young (4096K), 4 survivors (4096K)
 Metaspace       used 12398K, committed 12672K, reserved 1114112K
  class space    used 1747K, committed 1856K, reserved 1048576K
}
Event: 1.648 GC heap before
{Heap before GC invocations=11 (full 0):
 garbage-first heap   total 357376K, used 229298K [0x0000000081600000, 0x0000000100000000)
  region size 1024K, 209 young (214016K), 4 survivors (4096K)
 Metaspace       used 12520K, committed 12800K, reserved 1114112K
  class space    used 1749K, committed 1856K, reserved 1048576K
}
Event: 1.649 GC heap after
{Heap after GC invocations=12 (full 0):
 garbage-first heap   total 357376K, used 18831K [0x0000000081600000, 0x0000000100000000)
  region size 1024K, 4 young (4096K), 4 survivors (4096K)
 Metaspace       used 12520K, committed 12800K, reserved 1114112K
  class space    used 1749K, committed 1856K, reserved 1048576K
}
Event: 1.717 GC heap before
{Heap before GC invocations=12 (full 0):
 garbage-first heap   total 357376K, used 228751K [0x0000000081600000, 0x0000000100000000)
  region size 1024K, 209 young (214016K), 4 survivors (4096K)
 Metaspace       used 12639K, committed 12928K, reserved 1114112K
  class space    used 1750K, committed 1920K, reserved 1048576K
}
Event: 1.719 GC heap after
{Heap after GC invocations=13 (full 0):
 garbage-first heap   total 357376K, used 18796K [0x0000000081600000, 0x0000000100000000)
  region size 1024K, 3 young (3072K), 3 survivors (3072K)
 Metaspace       used 12639K, committed 12928K, reserved 1114112K
  class space    used 1750K, committed 1920K, reserved 1048576K
}
Event: 1.785 GC heap before
{Heap before GC invocations=13 (full 0):
 garbage-first heap   total 357376K, used 229740K [0x0000000081600000, 0x0000000100000000)
  region size 1024K, 209 young (214016K), 3 survivors (3072K)
 Metaspace       used 12712K, committed 12992K, reserved 1114112K
  class space    used 1750K, committed 1920K, reserved 1048576K
}
Event: 1.786 GC heap after
{Heap after GC invocations=14 (full 0):
 garbage-first heap   total 357376K, used 18883K [0x0000000081600000, 0x0000000100000000)
  region size 1024K, 4 young (4096K), 4 survivors (4096K)
 Metaspace       used 12712K, committed 12992K, reserved 1114112K
  class space    used 1750K, committed 1920K, reserved 1048576K
}
Event: 1.843 GC heap before
{Heap before GC invocations=14 (full 0):
 garbage-first heap   total 357376K, used 228803K [0x0000000081600000, 0x0000000100000000)
  region size 1024K, 209 young (214016K), 4 survivors (4096K)
 Metaspace       used 12712K, committed 12992K, reserved 1114112K
  class space    used 1750K, committed 1920K, reserved 1048576K
}
Event: 1.845 GC heap after
{Heap after GC invocations=15 (full 0):
 garbage-first heap   total 357376K, used 18840K [0x0000000081600000, 0x0000000100000000)
  region size 1024K, 4 young (4096K), 4 survivors (4096K)
 Metaspace       used 12712K, committed 12992K, reserved 1114112K
  class space    used 1750K, committed 1920K, reserved 1048576K
}
Event: 1.891 GC heap before
{Heap before GC invocations=15 (full 0):
 garbage-first heap   total 357376K, used 228760K [0x0000000081600000, 0x0000000100000000)
  region size 1024K, 209 young (214016K), 4 survivors (4096K)
 Metaspace       used 12712K, committed 12992K, reserved 1114112K
  class space    used 1750K, committed 1920K, reserved 1048576K
}
Event: 1.892 GC heap after
{Heap after GC invocations=16 (full 0):
 garbage-first heap   total 357376K, used 18840K [0x0000000081600000, 0x0000000100000000)
  region size 1024K, 4 young (4096K), 4 survivors (4096K)
 Metaspace       used 12712K, committed 12992K, reserved 1114112K
  class space    used 1750K, committed 1920K, reserved 1048576K
}
Event: 1.933 GC heap before
{Heap before GC invocations=16 (full 0):
 garbage-first heap   total 357376K, used 228760K [0x0000000081600000, 0x0000000100000000)
  region size 1024K, 209 young (214016K), 4 survivors (4096K)
 Metaspace       used 12713K, committed 12992K, reserved 1114112K
  class space    used 1750K, committed 1920K, reserved 1048576K
}

Dll operation events (20 events):
Event: 0.125 Loaded shared library C:\Program Files\Zulu\zulu-19\bin\api-ms-win-crt-math-l1-1-0.dll
Event: 0.126 Loaded shared library C:\Program Files\Zulu\zulu-19\bin\api-ms-win-crt-multibyte-l1-1-0.dll
Event: 0.127 Loaded shared library C:\Program Files\Zulu\zulu-19\bin\api-ms-win-crt-private-l1-1-0.dll
Event: 0.129 Loaded shared library C:\Program Files\Zulu\zulu-19\bin\api-ms-win-crt-process-l1-1-0.dll
Event: 0.131 Loaded shared library C:\Program Files\Zulu\zulu-19\bin\api-ms-win-crt-runtime-l1-1-0.dll
Event: 0.132 Loaded shared library C:\Program Files\Zulu\zulu-19\bin\api-ms-win-crt-stdio-l1-1-0.dll
Event: 0.133 Loaded shared library C:\Program Files\Zulu\zulu-19\bin\api-ms-win-crt-string-l1-1-0.dll
Event: 0.134 Loaded shared library C:\Program Files\Zulu\zulu-19\bin\api-ms-win-crt-time-l1-1-0.dll
Event: 0.135 Loaded shared library C:\Program Files\Zulu\zulu-19\bin\api-ms-win-crt-utility-l1-1-0.dll
Event: 0.136 Loaded shared library C:\Program Files\Zulu\zulu-19\bin\ucrtbase.dll
Event: 0.137 Loaded shared library C:\Program Files\Zulu\zulu-19\bin\vcruntime140.dll
Event: 0.137 Loaded shared library C:\Program Files\Zulu\zulu-19\bin\vcruntime140_1.dll
Event: 0.138 Loaded shared library C:\Program Files\Zulu\zulu-19\bin\msvcp140.dll
Event: 0.139 Loaded shared library C:\Program Files\Zulu\zulu-19\bin\msvcp140_1.dll
Event: 0.140 Loaded shared library C:\Program Files\Zulu\zulu-19\bin\msvcp140_2.dll
Event: 0.161 Loaded shared library C:\Program Files\Zulu\zulu-19\bin\prism_d3d.dll
Event: 0.213 Loaded shared library C:\Program Files\Zulu\zulu-19\bin\glass.dll
Event: 0.357 Loaded shared library C:\Program Files\Zulu\zulu-19\bin\javafx_iio.dll
Event: 0.396 Loaded shared library C:\Program Files\Zulu\zulu-19\bin\javafx_font.dll
Event: 1.210 Loaded shared library C:\Users\ulise\AppData\Local\Temp\jSerialComm\2.9.3\jSerialComm.dll

Deoptimization events (20 events):
Event: 1.398 Thread 0x0000014662778690 Uncommon trap: trap_request=0xffffffde fr.pc=0x000001464e212950 relative=0x00000000000000b0
Event: 1.398 Thread 0x0000014662778690 Uncommon trap: reason=class_check action=maybe_recompile pc=0x000001464e212950 method=com.sun.javafx.css.StyleMap.isEmpty()Z @ 11 c2
Event: 1.398 Thread 0x0000014662778690 DEOPT PACKING pc=0x000001464e212950 sp=0x0000001bfb9fc630
Event: 1.398 Thread 0x0000014662778690 DEOPT UNPACKING pc=0x000001464dc66da3 sp=0x0000001bfb9fc5c8 mode 2
Event: 1.502 Thread 0x00000146620873f0 DEOPT PACKING pc=0x00000146469cc27b sp=0x0000001bfb6fd550
Event: 1.502 Thread 0x00000146620873f0 DEOPT UNPACKING pc=0x000001464dc67543 sp=0x0000001bfb6fc918 mode 0
Event: 1.504 Thread 0x00000146620873f0 DEOPT PACKING pc=0x00000146469cc27b sp=0x0000001bfb6fd6e0
Event: 1.504 Thread 0x00000146620873f0 DEOPT UNPACKING pc=0x000001464dc67543 sp=0x0000001bfb6fcaa8 mode 0
Event: 1.507 Thread 0x00000146620873f0 DEOPT PACKING pc=0x00000146469cb242 sp=0x0000001bfb6fd820
Event: 1.507 Thread 0x00000146620873f0 DEOPT UNPACKING pc=0x000001464dc67543 sp=0x0000001bfb6fccd0 mode 0
Event: 1.669 Thread 0x00000146620873f0 DEOPT PACKING pc=0x0000014646a1d708 sp=0x0000001bfb6fda50
Event: 1.669 Thread 0x00000146620873f0 DEOPT UNPACKING pc=0x000001464dc67543 sp=0x0000001bfb6fcf50 mode 0
Event: 1.696 Thread 0x00000146620873f0 DEOPT PACKING pc=0x0000014646a1d708 sp=0x0000001bfb6fd820
Event: 1.696 Thread 0x00000146620873f0 DEOPT UNPACKING pc=0x000001464dc67543 sp=0x0000001bfb6fcd20 mode 0
Event: 1.714 Thread 0x00000146620873f0 DEOPT PACKING pc=0x0000014646a1d708 sp=0x0000001bfb6fd820
Event: 1.714 Thread 0x00000146620873f0 DEOPT UNPACKING pc=0x000001464dc67543 sp=0x0000001bfb6fcd20 mode 0
Event: 1.746 Thread 0x00000146620873f0 Uncommon trap: trap_request=0xffffff76 fr.pc=0x000001464e255738 relative=0x0000000000000a58
Event: 1.746 Thread 0x00000146620873f0 Uncommon trap: reason=predicate action=maybe_recompile pc=0x000001464e255738 method=java.util.TimSort.binarySort([Ljava/lang/Object;IIILjava/util/Comparator;)V @ 34 c2
Event: 1.746 Thread 0x00000146620873f0 DEOPT PACKING pc=0x000001464e255738 sp=0x0000001bfb6fd090
Event: 1.746 Thread 0x00000146620873f0 DEOPT UNPACKING pc=0x000001464dc66da3 sp=0x0000001bfb6fd050 mode 2

Classes loaded (20 events):
Event: 1.215 Loading class java/util/TimerThread
Event: 1.215 Loading class jdk/internal/event/ThreadSleepEvent
Event: 1.215 Loading class java/util/TimerThread done
Event: 1.215 Loading class jdk/internal/event/Event
Event: 1.215 Loading class java/util/Timer$ThreadReaper
Event: 1.215 Loading class jdk/internal/event/Event done
Event: 1.215 Loading class java/util/Timer$ThreadReaper done
Event: 1.215 Loading class jdk/internal/event/ThreadSleepEvent done
Event: 1.272 Loading class java/io/CharArrayReader
Event: 1.272 Loading class java/io/CharArrayReader done
Event: 1.272 Loading class java/io/BufferedReader
Event: 1.272 Loading class java/io/BufferedReader done
Event: 1.447 Loading class java/lang/ArrayIndexOutOfBoundsException
Event: 1.447 Loading class java/lang/ArrayIndexOutOfBoundsException done
Event: 1.453 Loading class jdk/internal/ref/CleanerImpl$InnocuousThreadFactory
Event: 1.453 Loading class jdk/internal/ref/CleanerImpl$InnocuousThreadFactory done
Event: 1.460 Loading class sun/misc/Unsafe
Event: 1.460 Loading class sun/misc/Unsafe done
Event: 1.461 Loading class java/lang/invoke/DirectMethodHandle$StaticAccessor
Event: 1.461 Loading class java/lang/invoke/DirectMethodHandle$StaticAccessor done

Classes unloaded (0 events):
No events

Classes redefined (0 events):
No events

Internal exceptions (20 events):
Event: 0.518 Thread 0x0000014662778690 Exception <a 'java/lang/NoSuchMethodError'{0x0000000088d4c590}: 'java.lang.Object java.lang.invoke.DirectMethodHandle$Holder.invokeStatic(java.lang.Object, java.lang.Object, java.lang.Object, java.lang.Object, int)'> (0x0000000088d4c590) 
thrown [s\src\hotspot\share\interpreter\linkResolver.cpp, line 774]
Event: 0.519 Thread 0x0000014662778690 Exception <a 'java/lang/NoSuchMethodError'{0x0000000088d54df8}: 'int java.lang.invoke.DirectMethodHandle$Holder.invokeSpecial(java.lang.Object, java.lang.Object, java.lang.Object)'> (0x0000000088d54df8) 
thrown [s\src\hotspot\share\interpreter\linkResolver.cpp, line 774]
Event: 0.524 Thread 0x0000014662778690 Exception <a 'java/lang/NoSuchMethodError'{0x0000000088d6da78}: 'java.lang.Object java.lang.invoke.DirectMethodHandle$Holder.newInvokeSpecial(java.lang.Object, java.lang.Object, int)'> (0x0000000088d6da78) 
thrown [s\src\hotspot\share\interpreter\linkResolver.cpp, line 774]
Event: 0.539 Thread 0x00000146620873f0 Exception <a 'java/lang/NoSuchMethodError'{0x00000000892aa8e8}: 'int java.lang.invoke.DirectMethodHandle$Holder.invokeStaticInit(java.lang.Object, java.lang.Object)'> (0x00000000892aa8e8) 
thrown [s\src\hotspot\share\interpreter\linkResolver.cpp, line 774]
Event: 0.555 Thread 0x00000146620873f0 Exception <a 'java/lang/NoSuchMethodError'{0x0000000088df0400}: 'java.lang.Object java.lang.invoke.Invokers$Holder.invokeExact_MT(java.lang.Object, java.lang.Object, java.lang.Object, java.lang.Object, java.lang.Object)'> (0x0000000088df0400) 
thrown [s\src\hotspot\share\interpreter\linkResolver.cpp, line 774]
Event: 0.566 Thread 0x00000146620873f0 Exception <a 'java/lang/NoSuchMethodError'{0x0000000088c04c68}: 'java.lang.Object java.lang.invoke.DirectMethodHandle$Holder.invokeStaticInit(java.lang.Object, int)'> (0x0000000088c04c68) 
thrown [s\src\hotspot\share\interpreter\linkResolver.cpp, line 774]
Event: 1.103 Thread 0x0000014662778690 Exception <a 'java/lang/NoSuchMethodError'{0x0000000088db4960}: 'long java.lang.invoke.DirectMethodHandle$Holder.invokeStatic(java.lang.Object, java.lang.Object, java.lang.Object)'> (0x0000000088db4960) 
thrown [s\src\hotspot\share\interpreter\linkResolver.cpp, line 774]
Event: 1.103 Thread 0x0000014662778690 Exception <a 'java/lang/NoSuchMethodError'{0x0000000088db7fd8}: 'long java.lang.invoke.DirectMethodHandle$Holder.invokeStaticInit(java.lang.Object, java.lang.Object, java.lang.Object)'> (0x0000000088db7fd8) 
thrown [s\src\hotspot\share\interpreter\linkResolver.cpp, line 774]
Event: 1.106 Thread 0x0000014662778690 Exception <a 'java/lang/NoSuchMethodError'{0x0000000088dd0478}: 'java.lang.Object java.lang.invoke.DirectMethodHandle$Holder.newInvokeSpecial(java.lang.Object, java.lang.Object, long)'> (0x0000000088dd0478) 
thrown [s\src\hotspot\share\interpreter\linkResolver.cpp, line 774]
Event: 1.106 Thread 0x0000014662778690 Exception <a 'java/lang/NoSuchMethodError'{0x0000000088dd4000}: 'java.lang.Object java.lang.invoke.Invokers$Holder.linkToTargetMethod(java.lang.Object, long, java.lang.Object)'> (0x0000000088dd4000) 
thrown [s\src\hotspot\share\interpreter\linkResolver.cpp, line 774]
Event: 1.161 Thread 0x0000014662778690 Exception <a 'java/lang/ClassNotFoundException'{0x0000000088b0c568}: com/sun/glass/ui/win/themes> (0x0000000088b0c568) 
thrown [s\src\hotspot\share\prims\jni.cpp, line 536]
Event: 1.162 Thread 0x0000014662778690 Exception <a 'java/lang/ClassNotFoundException'{0x0000000088b14230}: com/sun/glass/ui/win/themes_es> (0x0000000088b14230) 
thrown [s\src\hotspot\share\prims\jni.cpp, line 536]
Event: 1.162 Thread 0x0000014662778690 Exception <a 'java/lang/ClassNotFoundException'{0x0000000088b1bfd0}: com/sun/glass/ui/win/themes_es_CR> (0x0000000088b1bfd0) 
thrown [s\src\hotspot\share\prims\jni.cpp, line 536]
Event: 1.193 Thread 0x0000014662778690 Implicit null exception at 0x000001464e1f23ac to 0x000001464e1f2630
Event: 1.194 Thread 0x0000014662778690 Exception <a 'java/lang/NoSuchMethodError'{0x0000000088973838}: 'void java.lang.invoke.DirectMethodHandle$Holder.invokeStaticInit(java.lang.Object, java.lang.Object)'> (0x0000000088973838) 
thrown [s\src\hotspot\share\interpreter\linkResolver.cpp, line 774]
Event: 1.256 Thread 0x0000014662778690 Exception <a 'java/lang/NoSuchMethodError'{0x0000000089018508}: 'java.lang.Object java.lang.invoke.DirectMethodHandle$Holder.newInvokeSpecial(java.lang.Object, java.lang.Object, java.lang.Object, java.lang.Object, java.lang.Object, java.lang.Object, java.lang.Object)'> (0x0000000089018508) 
thrown [s\src\hotspot\share\interpreter\linkResolver.cpp, line 774]
Event: 1.313 Thread 0x0000014662778690 Implicit null exception at 0x000001464e2020ea to 0x000001464e202140
Event: 1.318 Thread 0x0000014662778690 Exception <a 'java/lang/NoSuchMethodError'{0x0000000085c0e248}: 'java.lang.Object java.lang.invoke.DirectMethodHandle$Holder.invokeInterface(java.lang.Object, java.lang.Object, java.lang.Object)'> (0x0000000085c0e248) 
thrown [s\src\hotspot\share\interpreter\linkResolver.cpp, line 774]
Event: 1.318 Thread 0x0000014662778690 Exception <a 'java/lang/IncompatibleClassChangeError'{0x0000000085c11f28}: Found class java.lang.Object, but interface was expected> (0x0000000085c11f28) 
thrown [s\src\hotspot\share\interpreter\linkResolver.cpp, line 841]
Event: 1.382 Thread 0x0000014662778690 Implicit null exception at 0x000001464e213720 to 0x000001464e213bcc

VM Operations (20 events):
Event: 1.375 Executing VM operation: G1CollectForAllocation done
Event: 1.420 Executing VM operation: G1CollectForAllocation
Event: 1.422 Executing VM operation: G1CollectForAllocation done
Event: 1.469 Executing VM operation: G1CollectForAllocation
Event: 1.471 Executing VM operation: G1CollectForAllocation done
Event: 1.514 Executing VM operation: G1CollectForAllocation
Event: 1.517 Executing VM operation: G1CollectForAllocation done
Event: 1.585 Executing VM operation: G1CollectForAllocation
Event: 1.587 Executing VM operation: G1CollectForAllocation done
Event: 1.648 Executing VM operation: G1CollectForAllocation
Event: 1.649 Executing VM operation: G1CollectForAllocation done
Event: 1.717 Executing VM operation: G1CollectForAllocation
Event: 1.719 Executing VM operation: G1CollectForAllocation done
Event: 1.784 Executing VM operation: G1CollectForAllocation
Event: 1.786 Executing VM operation: G1CollectForAllocation done
Event: 1.843 Executing VM operation: G1CollectForAllocation
Event: 1.845 Executing VM operation: G1CollectForAllocation done
Event: 1.891 Executing VM operation: G1CollectForAllocation
Event: 1.892 Executing VM operation: G1CollectForAllocation done
Event: 1.933 Executing VM operation: G1CollectForAllocation

Events (20 events):
Event: 0.022 Thread 0x000001465dbc6ad0 Thread added: 0x000001465dbc6ad0
Event: 0.022 Thread 0x000001465dbc7400 Thread added: 0x000001465dbc7400
Event: 0.022 Thread 0x000001465dbc7d30 Thread added: 0x000001465dbc7d30
Event: 0.022 Thread 0x000001465dbc8660 Thread added: 0x000001465dbc8660
Event: 0.022 Thread 0x000001465dbd7bf0 Thread added: 0x000001465dbd7bf0
Event: 0.022 Thread 0x000001465dbd8560 Thread added: 0x000001465dbd8560
Event: 0.023 Thread 0x000001465dbdaee0 Thread added: 0x000001465dbdaee0
Event: 0.034 Thread 0x0000014661e56d30 Thread added: 0x0000014661e56d30
Event: 0.037 Thread 0x0000014661e63cb0 Thread added: 0x0000014661e63cb0
Event: 0.157 Thread 0x00000146620873f0 Thread added: 0x00000146620873f0
Event: 0.214 Thread 0x00000146627757d0 Thread added: 0x00000146627757d0
Event: 0.217 Thread 0x0000014662778690 Thread added: 0x0000014662778690
Event: 0.325 Thread 0x00000146629cca90 Thread added: 0x00000146629cca90
Event: 0.334 Thread 0x00000146629cda80 Thread added: 0x00000146629cda80
Event: 0.416 Thread 0x00000146629ccfe0 Thread added: 0x00000146629ccfe0
Event: 1.175 Thread 0x0000014662da4a00 Thread added: 0x0000014662da4a00
Event: 1.215 Thread 0x00000146629cbff0 Thread added: 0x00000146629cbff0
Event: 1.215 Thread 0x00000146629cb000 Thread added: 0x00000146629cb000
Event: 1.215 Thread 0x00000146629cb550 Thread added: 0x00000146629cb550
Event: 1.453 Thread 0x00000146629cc540 Thread added: 0x00000146629cc540


Dynamic libraries:
0x00007ff7234c0000 - 0x00007ff7234ce000 	C:\Program Files\Zulu\zulu-19\bin\java.exe
0x00007ffa972f0000 - 0x00007ffa97504000 	C:\WINDOWS\SYSTEM32\ntdll.dll
0x00007ffa96a30000 - 0x00007ffa96af2000 	C:\WINDOWS\System32\KERNEL32.DLL
0x00007ffa94a90000 - 0x00007ffa94e2c000 	C:\WINDOWS\System32\KERNELBASE.dll
0x00007ffa94730000 - 0x00007ffa94841000 	C:\WINDOWS\System32\ucrtbase.dll
0x00007ffa82ef0000 - 0x00007ffa82f0b000 	C:\Program Files\Zulu\zulu-19\bin\VCRUNTIME140.dll
0x00007ffa8e270000 - 0x00007ffa8e287000 	C:\Program Files\Zulu\zulu-19\bin\jli.dll
0x00007ffa95ee0000 - 0x00007ffa9608b000 	C:\WINDOWS\System32\USER32.dll
0x00007ffa94a60000 - 0x00007ffa94a86000 	C:\WINDOWS\System32\win32u.dll
0x00007ffa7c330000 - 0x00007ffa7c5be000 	C:\WINDOWS\WinSxS\amd64_microsoft.windows.common-controls_6595b64144ccf1df_6.0.22621.608_none_a9444ca7c10bb01d\COMCTL32.dll
0x00007ffa97050000 - 0x00007ffa97079000 	C:\WINDOWS\System32\GDI32.dll
0x00007ffa97200000 - 0x00007ffa972a7000 	C:\WINDOWS\System32\msvcrt.dll
0x00007ffa94f70000 - 0x00007ffa95083000 	C:\WINDOWS\System32\gdi32full.dll
0x00007ffa949c0000 - 0x00007ffa94a5a000 	C:\WINDOWS\System32\msvcp_win.dll
0x00007ffa95ea0000 - 0x00007ffa95ed1000 	C:\WINDOWS\System32\IMM32.DLL
0x00007ffa8eda0000 - 0x00007ffa8edac000 	C:\Program Files\Zulu\zulu-19\bin\vcruntime140_1.dll
0x00007ffa82340000 - 0x00007ffa823cd000 	C:\Program Files\Zulu\zulu-19\bin\msvcp140.dll
0x00007ffa354b0000 - 0x00007ffa361b7000 	C:\Program Files\Zulu\zulu-19\bin\server\jvm.dll
0x00007ffa970d0000 - 0x00007ffa9717e000 	C:\WINDOWS\System32\ADVAPI32.dll
0x00007ffa95d60000 - 0x00007ffa95e04000 	C:\WINDOWS\System32\sechost.dll
0x00007ffa95c20000 - 0x00007ffa95d35000 	C:\WINDOWS\System32\RPCRT4.dll
0x00007ffa8ce90000 - 0x00007ffa8cec4000 	C:\WINDOWS\SYSTEM32\WINMM.dll
0x00007ffa8ce00000 - 0x00007ffa8ce0a000 	C:\WINDOWS\SYSTEM32\VERSION.dll
0x00007ffa8df80000 - 0x00007ffa8df89000 	C:\WINDOWS\SYSTEM32\WSOCK32.dll
0x00007ffa95620000 - 0x00007ffa95691000 	C:\WINDOWS\System32\WS2_32.dll
0x00007ffa93790000 - 0x00007ffa937a8000 	C:\WINDOWS\SYSTEM32\kernel.appcore.dll
0x00007ffa8e210000 - 0x00007ffa8e21a000 	C:\Program Files\Zulu\zulu-19\bin\jimage.dll
0x00007ffa920e0000 - 0x00007ffa9230e000 	C:\WINDOWS\SYSTEM32\DBGHELP.DLL
0x00007ffa95790000 - 0x00007ffa95b19000 	C:\WINDOWS\System32\combase.dll
0x00007ffa95160000 - 0x00007ffa95237000 	C:\WINDOWS\System32\OLEAUT32.dll
0x00007ffa764d0000 - 0x00007ffa76502000 	C:\WINDOWS\SYSTEM32\dbgcore.DLL
0x00007ffa94e30000 - 0x00007ffa94eab000 	C:\WINDOWS\System32\bcryptPrimitives.dll
0x00007ffa82880000 - 0x00007ffa828a6000 	C:\Program Files\Zulu\zulu-19\bin\java.dll
0x00007ffa572d0000 - 0x00007ffa573a7000 	C:\Program Files\Zulu\zulu-19\bin\jsvml.dll
0x00007ffa960a0000 - 0x00007ffa96890000 	C:\WINDOWS\System32\SHELL32.dll
0x00007ffa92750000 - 0x00007ffa9301d000 	C:\WINDOWS\SYSTEM32\windows.storage.dll
0x00007ffa92610000 - 0x00007ffa9274e000 	C:\WINDOWS\SYSTEM32\wintypes.dll
0x00007ffa95360000 - 0x00007ffa95451000 	C:\WINDOWS\System32\SHCORE.dll
0x00007ffa956b0000 - 0x00007ffa9570e000 	C:\WINDOWS\System32\shlwapi.dll
0x00007ffa94660000 - 0x00007ffa94681000 	C:\WINDOWS\SYSTEM32\profapi.dll
0x00007ffa82cb0000 - 0x00007ffa82cc3000 	C:\Program Files\Zulu\zulu-19\bin\net.dll
0x00007ffa8d990000 - 0x00007ffa8dac7000 	C:\WINDOWS\SYSTEM32\WINHTTP.dll
0x00007ffa93c00000 - 0x00007ffa93c69000 	C:\WINDOWS\system32\mswsock.dll
0x00007ffa82b60000 - 0x00007ffa82b76000 	C:\Program Files\Zulu\zulu-19\bin\nio.dll
0x00007ffa829b0000 - 0x00007ffa829c8000 	C:\Program Files\Zulu\zulu-19\bin\zip.dll
0x0000014662130000 - 0x0000014662134000 	C:\Program Files\Zulu\zulu-19\bin\api-ms-win-core-console-l1-1-0.dll
0x0000014662140000 - 0x0000014662144000 	C:\Program Files\Zulu\zulu-19\bin\api-ms-win-core-console-l1-2-0.dll
0x0000014662150000 - 0x0000014662154000 	C:\Program Files\Zulu\zulu-19\bin\api-ms-win-core-datetime-l1-1-0.dll
0x0000014662160000 - 0x0000014662164000 	C:\Program Files\Zulu\zulu-19\bin\api-ms-win-core-debug-l1-1-0.dll
0x0000014662170000 - 0x0000014662174000 	C:\Program Files\Zulu\zulu-19\bin\api-ms-win-core-errorhandling-l1-1-0.dll
0x0000014662180000 - 0x0000014662185000 	C:\Program Files\Zulu\zulu-19\bin\api-ms-win-core-file-l1-1-0.dll
0x0000014662190000 - 0x0000014662194000 	C:\Program Files\Zulu\zulu-19\bin\api-ms-win-core-file-l1-2-0.dll
0x00000146621a0000 - 0x00000146621a4000 	C:\Program Files\Zulu\zulu-19\bin\api-ms-win-core-file-l2-1-0.dll
0x00000146621b0000 - 0x00000146621b4000 	C:\Program Files\Zulu\zulu-19\bin\api-ms-win-core-handle-l1-1-0.dll
0x00000146621c0000 - 0x00000146621c4000 	C:\Program Files\Zulu\zulu-19\bin\api-ms-win-core-heap-l1-1-0.dll
0x00000146621d0000 - 0x00000146621d4000 	C:\Program Files\Zulu\zulu-19\bin\api-ms-win-core-interlocked-l1-1-0.dll
0x00000146621e0000 - 0x00000146621e4000 	C:\Program Files\Zulu\zulu-19\bin\api-ms-win-core-libraryloader-l1-1-0.dll
0x00000146621f0000 - 0x00000146621f4000 	C:\Program Files\Zulu\zulu-19\bin\api-ms-win-core-localization-l1-2-0.dll
0x0000014662200000 - 0x0000014662204000 	C:\Program Files\Zulu\zulu-19\bin\api-ms-win-core-memory-l1-1-0.dll
0x0000014662210000 - 0x0000014662214000 	C:\Program Files\Zulu\zulu-19\bin\api-ms-win-core-namedpipe-l1-1-0.dll
0x0000014662220000 - 0x0000014662224000 	C:\Program Files\Zulu\zulu-19\bin\api-ms-win-core-processenvironment-l1-1-0.dll
0x0000014662230000 - 0x0000014662234000 	C:\Program Files\Zulu\zulu-19\bin\api-ms-win-core-processthreads-l1-1-0.dll
0x0000014662240000 - 0x0000014662244000 	C:\Program Files\Zulu\zulu-19\bin\api-ms-win-core-processthreads-l1-1-1.dll
0x0000014662250000 - 0x0000014662254000 	C:\Program Files\Zulu\zulu-19\bin\api-ms-win-core-profile-l1-1-0.dll
0x0000014662260000 - 0x0000014662264000 	C:\Program Files\Zulu\zulu-19\bin\api-ms-win-core-rtlsupport-l1-1-0.dll
0x0000014662270000 - 0x0000014662274000 	C:\Program Files\Zulu\zulu-19\bin\api-ms-win-core-string-l1-1-0.dll
0x0000014662280000 - 0x0000014662284000 	C:\Program Files\Zulu\zulu-19\bin\api-ms-win-core-synch-l1-1-0.dll
0x0000014662290000 - 0x0000014662294000 	C:\Program Files\Zulu\zulu-19\bin\api-ms-win-core-synch-l1-2-0.dll
0x00000146622a0000 - 0x00000146622a4000 	C:\Program Files\Zulu\zulu-19\bin\api-ms-win-core-sysinfo-l1-1-0.dll
0x00000146622b0000 - 0x00000146622b4000 	C:\Program Files\Zulu\zulu-19\bin\api-ms-win-core-timezone-l1-1-0.dll
0x00000146622c0000 - 0x00000146622c4000 	C:\Program Files\Zulu\zulu-19\bin\api-ms-win-core-util-l1-1-0.dll
0x00000146622d0000 - 0x00000146622d4000 	C:\Program Files\Zulu\zulu-19\bin\api-ms-win-crt-conio-l1-1-0.dll
0x00000146622e0000 - 0x00000146622e5000 	C:\Program Files\Zulu\zulu-19\bin\api-ms-win-crt-convert-l1-1-0.dll
0x00000146622f0000 - 0x00000146622f4000 	C:\Program Files\Zulu\zulu-19\bin\api-ms-win-crt-environment-l1-1-0.dll
0x0000014662300000 - 0x0000014662304000 	C:\Program Files\Zulu\zulu-19\bin\api-ms-win-crt-filesystem-l1-1-0.dll
0x0000014662310000 - 0x0000014662314000 	C:\Program Files\Zulu\zulu-19\bin\api-ms-win-crt-heap-l1-1-0.dll
0x0000014662320000 - 0x0000014662324000 	C:\Program Files\Zulu\zulu-19\bin\api-ms-win-crt-locale-l1-1-0.dll
0x0000014662330000 - 0x0000014662336000 	C:\Program Files\Zulu\zulu-19\bin\api-ms-win-crt-math-l1-1-0.dll
0x0000014662340000 - 0x0000014662346000 	C:\Program Files\Zulu\zulu-19\bin\api-ms-win-crt-multibyte-l1-1-0.dll
0x0000014662350000 - 0x0000014662361000 	C:\Program Files\Zulu\zulu-19\bin\api-ms-win-crt-private-l1-1-0.dll
0x0000014662370000 - 0x0000014662374000 	C:\Program Files\Zulu\zulu-19\bin\api-ms-win-crt-process-l1-1-0.dll
0x0000014662380000 - 0x0000014662385000 	C:\Program Files\Zulu\zulu-19\bin\api-ms-win-crt-runtime-l1-1-0.dll
0x0000014662390000 - 0x0000014662395000 	C:\Program Files\Zulu\zulu-19\bin\api-ms-win-crt-stdio-l1-1-0.dll
0x00000146623a0000 - 0x00000146623a5000 	C:\Program Files\Zulu\zulu-19\bin\api-ms-win-crt-string-l1-1-0.dll
0x00000146623b0000 - 0x00000146623b4000 	C:\Program Files\Zulu\zulu-19\bin\api-ms-win-crt-time-l1-1-0.dll
0x00000146623c0000 - 0x00000146623c4000 	C:\Program Files\Zulu\zulu-19\bin\api-ms-win-crt-utility-l1-1-0.dll
0x00007ffa493c0000 - 0x00007ffa494d0000 	C:\Program Files\Zulu\zulu-19\bin\ucrtbase.dll
0x00007ffa8dc90000 - 0x00007ffa8dc99000 	C:\Program Files\Zulu\zulu-19\bin\msvcp140_1.dll
0x00007ffa821f0000 - 0x00007ffa8221f000 	C:\Program Files\Zulu\zulu-19\bin\msvcp140_2.dll
0x00007ffa820d0000 - 0x00007ffa820fc000 	C:\Program Files\Zulu\zulu-19\bin\prism_d3d.dll
0x00007ffa85410000 - 0x00007ffa855b9000 	C:\WINDOWS\system32\d3d9.dll
0x00007ffa91cd0000 - 0x00007ffa91cfb000 	C:\WINDOWS\SYSTEM32\dwmapi.dll
0x00007ffa91a90000 - 0x00007ffa91ac6000 	C:\WINDOWS\SYSTEM32\dxcore.dll
0x00007ffa91990000 - 0x00007ffa91a3b000 	C:\WINDOWS\system32\uxtheme.dll
0x00007ffa83fa0000 - 0x00007ffa840b7000 	C:\WINDOWS\System32\DriverStore\FileRepository\nvlt.inf_amd64_7947c31fc944635c\nvldumdx.dll
0x00007ffa943d0000 - 0x00007ffa943e2000 	C:\WINDOWS\SYSTEM32\msasn1.dll
0x00007ffa8c0c0000 - 0x00007ffa8c0f2000 	C:\WINDOWS\SYSTEM32\cryptnet.dll
0x00007ffa94850000 - 0x00007ffa949b6000 	C:\WINDOWS\System32\CRYPT32.dll
0x00007ffa8bf20000 - 0x00007ffa8c078000 	C:\WINDOWS\SYSTEM32\drvstore.dll
0x00007ffa943f0000 - 0x00007ffa9441c000 	C:\WINDOWS\SYSTEM32\devobj.dll
0x00007ffa94420000 - 0x00007ffa9446e000 	C:\WINDOWS\SYSTEM32\cfgmgr32.dll
0x00007ffa93f70000 - 0x00007ffa93fb8000 	C:\WINDOWS\SYSTEM32\wldp.dll
0x00007ffa93ee0000 - 0x00007ffa93eec000 	C:\WINDOWS\SYSTEM32\cryptbase.dll
0x00007ffa95090000 - 0x00007ffa950fb000 	C:\WINDOWS\System32\WINTRUST.DLL
0x00007ffa95d40000 - 0x00007ffa95d5f000 	C:\WINDOWS\System32\imagehlp.dll
0x00007ffa93ec0000 - 0x00007ffa93edb000 	C:\WINDOWS\SYSTEM32\CRYPTSP.dll
0x00007ffa93700000 - 0x00007ffa93735000 	C:\WINDOWS\system32\rsaenh.dll
0x00007ffa94090000 - 0x00007ffa940b8000 	C:\WINDOWS\SYSTEM32\bcrypt.dll
0x00007ffa33ca0000 - 0x00007ffa354aa000 	C:\WINDOWS\System32\DriverStore\FileRepository\nvlt.inf_amd64_7947c31fc944635c\nvd3dumx.dll
0x00007ffa8d750000 - 0x00007ffa8d798000 	C:\WINDOWS\SYSTEM32\directxdatabasehelper.dll
0x00007ffa81e00000 - 0x00007ffa81e42000 	C:\Program Files\Zulu\zulu-19\bin\glass.dll
0x00007ffa95b20000 - 0x00007ffa95c17000 	C:\WINDOWS\System32\COMDLG32.dll
0x00007ffa96890000 - 0x00007ffa96a2c000 	C:\WINDOWS\System32\ole32.dll
0x00007ffa95240000 - 0x00007ffa9535e000 	C:\WINDOWS\System32\MSCTF.dll
0x00007ffa4c6b0000 - 0x00007ffa4c967000 	C:\WINDOWS\system32\nvspcap64.dll
0x00007ffa937b0000 - 0x00007ffa937e4000 	C:\WINDOWS\SYSTEM32\ntmarta.dll
0x00007ffa93c90000 - 0x00007ffa93cb6000 	C:\WINDOWS\SYSTEM32\gpapi.dll
0x00007ffa7b200000 - 0x00007ffa7b22d000 	C:\Program Files\Zulu\zulu-19\bin\javafx_iio.dll
0x00007ffa82320000 - 0x00007ffa82334000 	C:\Program Files\Zulu\zulu-19\bin\javafx_font.dll
0x00007ffa902b0000 - 0x00007ffa90517000 	C:\WINDOWS\SYSTEM32\dwrite.dll
0x00007ffa96f90000 - 0x00007ffa97040000 	C:\WINDOWS\System32\clbcatq.dll
0x00007ffa8fd10000 - 0x00007ffa8fec0000 	C:\WINDOWS\SYSTEM32\WindowsCodecs.dll
0x00007ffa62ac0000 - 0x00007ffa62b1e000 	C:\WINDOWS\system32\dataexchange.dll
0x00007ffa84f80000 - 0x00007ffa851ea000 	C:\WINDOWS\system32\twinapi.appcore.dll
0x00007ffa7b1c0000 - 0x00007ffa7b1f2000 	C:\Program Files\Common Files\Microsoft Shared\Ink\rtscom.dll
0x00007ffa83e70000 - 0x00007ffa83f9e000 	C:\WINDOWS\SYSTEM32\textinputframework.dll
0x00007ffa913d0000 - 0x00007ffa91503000 	C:\WINDOWS\SYSTEM32\CoreMessaging.dll
0x00007ffa8c9f0000 - 0x00007ffa8cd5c000 	C:\WINDOWS\SYSTEM32\CoreUIComponents.dll

dbghelp: loaded successfully - version: 4.0.5 - missing functions: none
symbol engine: initialized successfully - sym options: 0x614 - pdb path: .;C:\Program Files\Zulu\zulu-19\bin;C:\WINDOWS\SYSTEM32;C:\WINDOWS\WinSxS\amd64_microsoft.windows.common-controls_6595b64144ccf1df_6.0.22621.608_none_a9444ca7c10bb01d;C:\Program Files\Zulu\zulu-19\bin\server;C:\WINDOWS\System32\DriverStore\FileRepository\nvlt.inf_amd64_7947c31fc944635c;C:\Program Files\Common Files\Microsoft Shared\Ink;C:\Users\ulise\AppData\Local\Temp\jSerialComm\2.9.3

VM Arguments:
jvm_args: -Dfile.encoding=UTF-8 
java_command: GameMenuDemo
java_class_path (initial): C:\Users\ulise\Desktop\TEC\Algoritmos y estructura de datos I\BuscaMinas\ventana busca minas\lib\rxtx-2.1-7r2;C:\Users\ulise\Downloads\RXTXcomm.jar;C:\Users\ulise\Downloads\jSerialComm-2.9.3.zip;C:\Users\ulise\Downloads\jSerialComm-2.9.3.jar;C:\Users\ulise\Desktop\TEC\Algoritmos y estructura de datos I\BuscaMinas\ventana busca minas\build\classes
Launcher Type: SUN_STANDARD

[Global flags]
     intx CICompilerCount                          = 4                                         {product} {ergonomic}
     uint ConcGCThreads                            = 3                                         {product} {ergonomic}
     uint G1ConcRefinementThreads                  = 10                                        {product} {ergonomic}
   size_t G1HeapRegionSize                         = 1048576                                   {product} {ergonomic}
    uintx GCDrainStackTargetSize                   = 64                                        {product} {ergonomic}
   size_t InitialHeapSize                          = 134217728                                 {product} {ergonomic}
   size_t MarkStackSize                            = 4194304                                   {product} {ergonomic}
   size_t MaxHeapSize                              = 2124414976                                {product} {ergonomic}
   size_t MaxNewSize                               = 1274019840                                {product} {ergonomic}
   size_t MinHeapDeltaBytes                        = 1048576                                   {product} {ergonomic}
   size_t MinHeapSize                              = 8388608                                   {product} {ergonomic}
    uintx NonNMethodCodeHeapSize                   = 5839372                                {pd product} {ergonomic}
    uintx NonProfiledCodeHeapSize                  = 122909434                              {pd product} {ergonomic}
    uintx ProfiledCodeHeapSize                     = 122909434                              {pd product} {ergonomic}
    uintx ReservedCodeCacheSize                    = 251658240                              {pd product} {ergonomic}
     bool SegmentedCodeCache                       = true                                      {product} {ergonomic}
   size_t SoftMaxHeapSize                          = 2124414976                             {manageable} {ergonomic}
     bool UseCompressedClassPointers               = true                           {product lp64_product} {ergonomic}
     bool UseCompressedOops                        = true                           {product lp64_product} {ergonomic}
     bool UseG1GC                                  = true                                      {product} {ergonomic}
     bool UseLargePagesIndividualAllocation        = false                                  {pd product} {ergonomic}

Logging:
Log output configuration:
 #0: stdout all=warning uptime,level,tags foldmultilines=false
 #1: stderr all=off uptime,level,tags foldmultilines=false

Environment Variables:
PATH=C:\Program Files\Zulu\zulu-19\bin\;C:\Program Files\Common Files\Oracle\Java\javapath;C:\Program Files (x86)\Common Files\Oracle\Java\javapath;C:\Windows\system32;C:\Windows;C:\Windows\System32\Wbem;C:\Windows\System32\WindowsPowerShell\v1.0\;C:\Windows\System32\OpenSSH\;C:\Program Files (x86)\NVIDIA Corporation\PhysX\Common;C:\Program Files\NVIDIA Corporation\NVIDIA NvDLISR;C:\WINDOWS\system32;C:\WINDOWS;C:\WINDOWS\System32\Wbem;C:\WINDOWS\System32\WindowsPowerShell\v1.0\;C:\WINDOWS\System32\OpenSSH\;C:\Program Files\nodejs\;C:\Program Files\Git\cmd;C:\Users\ulise\AppData\Local\Microsoft\WindowsApps;C:\Users\ulise\AppData\Local\Programs\Microsoft VS Code\bin;C:\Users\ulise\AppData\Roaming\npm;C:\Users\ulise\AppData\Local\GitHubDesktop\bin
USERNAME=ulise
OS=Windows_NT
PROCESSOR_IDENTIFIER=Intel64 Family 6 Model 165 Stepping 2, GenuineIntel
TMP=C:\Users\ulise\AppData\Local\Temp
TEMP=C:\Users\ulise\AppData\Local\Temp



---------------  S Y S T E M  ---------------

OS:
 Windows 11 , 64 bit Build 22621 (10.0.22621.1485)
OS uptime: 6 days 12:06 hours

CPU: total 12 (initial active 12) (6 cores per cpu, 2 threads per core) family 6 model 165 stepping 2 microcode 0xe2, cx8, cmov, fxsr, ht, mmx, 3dnowpref, sse, sse2, sse3, ssse3, sse4.1, sse4.2, popcnt, lzcnt, tsc, tscinvbit, avx, avx2, aes, erms, clmul, bmi1, bmi2, adx, fma, vzeroupper, clflush, clflushopt, rdtscp

Memory: 4k page, system-wide physical 8099M (867M free)
TotalPageFile size 12195M (AvailPageFile size 13M)
current process WorkingSet (physical memory assigned to process): 437M, peak: 441M
current process commit charge ("private bytes"): 547M, peak: 615M

vm_info: OpenJDK 64-Bit Server VM (19.0.2+7) for windows-amd64 JRE (19.0.2+7) (Zulu19.32+15-CA), built on Dec 28 2022 19:25:40 by "zulu_re" with MS VC++ 16.10 / 16.11 (VS2019)

END.
