#
# There is insufficient memory for the Java Runtime Environment to continue.
# Native memory allocation (mmap) failed to map 93323264 bytes for G1 virtual space
# Possible reasons:
#   The system is out of physical RAM or swap space
#   The process is running with CompressedOops enabled, and the Java Heap may be blocking the growth of the native heap
# Possible solutions:
#   Reduce memory load on the system
#   Increase physical memory or swap space
#   Check if swap backing store is full
#   Decrease Java heap size (-Xmx/-Xms)
#   Decrease number of Java threads
#   Decrease Java thread stack sizes (-Xss)
#   Set larger code cache with -XX:ReservedCodeCacheSize=
#   JVM is running with Unscaled Compressed Oops mode in which the Java heap is
#     placed in the first 4GB address space. The Java Heap base address is the
#     maximum limit for the native heap growth. Please use -XX:HeapBaseMinAddress
#     to set the Java Heap base and to place the Java Heap above 4GB virtual address.
# This output file may be truncated or incomplete.
#
#  Out of Memory Error (os_windows.cpp:3536), pid=22456, tid=3452
#
# JRE version: OpenJDK Runtime Environment Zulu19.32+15-CA (19.0.2+7) (build 19.0.2+7)
# Java VM: OpenJDK 64-Bit Server VM Zulu19.32+15-CA (19.0.2+7, mixed mode, sharing, tiered, compressed oops, compressed class ptrs, g1 gc, windows-amd64)
# No core dump will be written. Minidumps are not enabled by default on client versions of Windows
#

---------------  S U M M A R Y ------------

Command Line: -Dfile.encoding=UTF-8 GameMenuDemo

Host: Intel(R) Core(TM) i7-10750H CPU @ 2.60GHz, 12 cores, 7G,  Windows 11 , 64 bit Build 22621 (10.0.22621.1485)
Time: Sun Apr  9 02:31:02 2023 Hora estándar, América Central elapsed time: 1.604779 seconds (0d 0h 0m 1s)

---------------  T H R E A D  ---------------

Current thread (0x0000024121700070):  VMThread "VM Thread" [stack: 0x00000086ae800000,0x00000086ae900000] [id=3452]

Stack: [0x00000086ae800000,0x00000086ae900000]
Native frames: (J=compiled Java code, j=interpreted, Vv=VM code, C=native code)
V  [jvm.dll+0x6eab2a]
V  [jvm.dll+0x8a4a20]
V  [jvm.dll+0x8a640e]
V  [jvm.dll+0x8a6ac3]
V  [jvm.dll+0x27c1ef]
V  [jvm.dll+0x6e7929]
V  [jvm.dll+0x6dc3da]
V  [jvm.dll+0x3528ab]
V  [jvm.dll+0x35a266]
V  [jvm.dll+0x3b0a2e]
V  [jvm.dll+0x3b0c5f]
V  [jvm.dll+0x327e9a]
V  [jvm.dll+0x327f47]
V  [jvm.dll+0x370442]
V  [jvm.dll+0x36e8e4]
V  [jvm.dll+0x327660]
V  [jvm.dll+0x36de7b]
V  [jvm.dll+0x8abc13]
V  [jvm.dll+0x8ac9d9]
V  [jvm.dll+0x8acf0d]
V  [jvm.dll+0x8ad39b]
V  [jvm.dll+0x8ad457]
V  [jvm.dll+0x84ec7a]
V  [jvm.dll+0x6e981b]
C  [ucrtbase.dll+0x29363]
C  [KERNEL32.DLL+0x1269d]
C  [ntdll.dll+0x5a9f8]

VM_Operation (0x00000086b05ff160): G1CollectForAllocation, mode: safepoint, requested by thread 0x0000024126590810


---------------  P R O C E S S  ---------------

Threads class SMR info:
_java_thread_list=0x00000241266cfe60, length=22, elements={
0x000002417fb57a70, 0x0000024121719a20, 0x000002412171a4f0, 0x00000241217201a0,
0x0000024121720ad0, 0x00000241217215a0, 0x0000024121722670, 0x0000024121726150,
0x000002412172eb20, 0x0000024121735140, 0x0000024125a2dc40, 0x0000024125a41fb0,
0x0000024125cb16d0, 0x0000024125cd63f0, 0x0000024125ce6120, 0x00000241265922a0,
0x000002412658f2d0, 0x000002412658fd70, 0x0000024126a6cee0, 0x0000024126590810,
0x000002412658f820, 0x00000241265902c0
}

Java Threads: ( => current thread )
  0x000002417fb57a70 JavaThread "main" [_thread_blocked, id=21472, stack(0x00000086ae200000,0x00000086ae300000)]
  0x0000024121719a20 JavaThread "Reference Handler" daemon [_thread_blocked, id=17380, stack(0x00000086ae900000,0x00000086aea00000)]
  0x000002412171a4f0 JavaThread "Finalizer" daemon [_thread_blocked, id=4092, stack(0x00000086aea00000,0x00000086aeb00000)]
  0x00000241217201a0 JavaThread "Signal Dispatcher" daemon [_thread_blocked, id=13252, stack(0x00000086aeb00000,0x00000086aec00000)]
  0x0000024121720ad0 JavaThread "Attach Listener" daemon [_thread_blocked, id=20888, stack(0x00000086aec00000,0x00000086aed00000)]
  0x00000241217215a0 JavaThread "Service Thread" daemon [_thread_blocked, id=21588, stack(0x00000086aed00000,0x00000086aee00000)]
  0x0000024121722670 JavaThread "Monitor Deflation Thread" daemon [_thread_blocked, id=20740, stack(0x00000086aee00000,0x00000086aef00000)]
  0x0000024121726150 JavaThread "C2 CompilerThread0" daemon [_thread_blocked, id=10152, stack(0x00000086aef00000,0x00000086af000000)]
  0x000002412172eb20 JavaThread "C1 CompilerThread0" daemon [_thread_blocked, id=22992, stack(0x00000086af000000,0x00000086af100000)]
  0x0000024121735140 JavaThread "Sweeper thread" daemon [_thread_blocked, id=10608, stack(0x00000086af100000,0x00000086af200000)]
  0x0000024125a2dc40 JavaThread "Notification Thread" daemon [_thread_blocked, id=13356, stack(0x00000086af200000,0x00000086af300000)]
  0x0000024125a41fb0 JavaThread "Common-Cleaner" daemon [_thread_blocked, id=23220, stack(0x00000086af400000,0x00000086af500000)]
  0x0000024125cb16d0 JavaThread "QuantumRenderer-0" daemon [_thread_blocked, id=16360, stack(0x00000086af500000,0x00000086af600000)]
  0x0000024125cd63f0 JavaThread "InvokeLaterDispatcher" daemon [_thread_blocked, id=21348, stack(0x00000086af700000,0x00000086af800000)]
  0x0000024125ce6120 JavaThread "JavaFX Application Thread" [_thread_blocked, id=13204, stack(0x00000086af800000,0x00000086af900000)]
  0x00000241265922a0 JavaThread "JavaFX-Launcher" [_thread_blocked, id=8088, stack(0x00000086afb00000,0x00000086afc00000)]
  0x000002412658f2d0 JavaThread "Thread-2" daemon [_thread_blocked, id=5052, stack(0x00000086afa00000,0x00000086afb00000)]
  0x000002412658fd70 JavaThread "Prism Font Disposer" daemon [_thread_blocked, id=21012, stack(0x00000086afc00000,0x00000086afd00000)]
  0x0000024126a6cee0 JavaThread "C2 CompilerThread1" daemon [_thread_in_native, id=5048, stack(0x00000086b0400000,0x00000086b0500000)]
  0x0000024126590810 JavaThread "Thread-5" daemon [_thread_blocked, id=15460, stack(0x00000086b0500000,0x00000086b0600000)]
  0x000002412658f820 JavaThread "Thread-6" daemon [_thread_blocked, id=6132, stack(0x00000086b0600000,0x00000086b0700000)]
  0x00000241265902c0 JavaThread "Timer-0" [_thread_blocked, id=22792, stack(0x00000086b0700000,0x00000086b0800000)]

Other Threads:
=>0x0000024121700070 VMThread "VM Thread" [stack: 0x00000086ae800000,0x00000086ae900000] [id=3452]
  0x0000024125a2e180 WatcherThread "VM Periodic Task Thread" [stack: 0x00000086af300000,0x00000086af400000] [id=980]
  0x000002417fbba550 WorkerThread "GC Thread#0" [stack: 0x00000086ae300000,0x00000086ae400000] [id=2556]
  0x000002412687cc50 WorkerThread "GC Thread#1" [stack: 0x00000086b0800000,0x00000086b0900000] [id=13332]
  0x000002412687d790 WorkerThread "GC Thread#2" [stack: 0x00000086b0900000,0x00000086b0a00000] [id=6768]
  0x000002412687da60 WorkerThread "GC Thread#3" [stack: 0x00000086b0a00000,0x00000086b0b00000] [id=7728]
  0x000002412687dd30 WorkerThread "GC Thread#4" [stack: 0x00000086b0b00000,0x00000086b0c00000] [id=10980]
  0x000002412687cf20 WorkerThread "GC Thread#5" [stack: 0x00000086b0c00000,0x00000086b0d00000] [id=9536]
  0x000002412687e000 WorkerThread "GC Thread#6" [stack: 0x00000086b0d00000,0x00000086b0e00000] [id=23484]
  0x000002412687e5a0 WorkerThread "GC Thread#7" [stack: 0x00000086b0e00000,0x00000086b0f00000] [id=3632]
  0x000002417fbcb3f0 ConcurrentGCThread "G1 Main Marker" [stack: 0x00000086ae400000,0x00000086ae500000] [id=18964]
  0x000002417fbcc4c0 WorkerThread "G1 Conc#0" [stack: 0x00000086ae500000,0x00000086ae600000] [id=13896]
  0x000002417fc1e310 ConcurrentGCThread "G1 Refine#0" [stack: 0x00000086ae600000,0x00000086ae700000] [id=21284]
  0x000002417fc1ebf0 ConcurrentGCThread "G1 Service" [stack: 0x00000086ae700000,0x00000086ae800000] [id=9588]

Threads with active compile tasks:
C2 CompilerThread0     1618 1360       4       java.util.HashMap::putVal (300 bytes)
C1 CompilerThread0     1618 1372       3       java.lang.invoke.InfoFromMemberName::<init> (72 bytes)
C2 CompilerThread1     1618 1137   !   4       com.sun.javafx.css.ParsedValueImpl::readBinary (688 bytes)

VM state: at safepoint (normal execution)

VM Mutex/Monitor currently owned by a thread:  ([mutex/lock_event])
[0x000002417fb52e50] Threads_lock - owner thread: 0x0000024121700070
[0x000002417fb53000] Heap_lock - owner thread: 0x0000024126590810

Heap address: 0x0000000081600000, size: 2026 MB, Compressed Oops mode: 32-bit

CDS archive(s) mapped at: [0x0000000800000000-0x0000000800c40000-0x0000000800c40000), size 12845056, SharedBaseAddress: 0x0000000800000000, ArchiveRelocationMode: 0.
Compressed class space mapped at: 0x0000000801000000-0x0000000841000000, reserved size: 1073741824
Narrow klass base: 0x0000000800000000, Narrow klass shift: 0, Narrow klass range: 0x100000000

GC Precious Log:
 CardTable entry size: 512
 Card Set container configuration: InlinePtr #cards 5 size 8 Array Of Cards #cards 12 size 40 Howl #buckets 4 coarsen threshold 1843 Howl Bitmap #cards 512 size 80 coarsen threshold 460 Card regions per heap region 1 cards per card region 2048
 CPUs: 12 total, 12 available
 Memory: 8099M
 Large Page Support: Disabled
 NUMA Support: Disabled
 Compressed Oops: Enabled (32-bit)
 Heap Region Size: 1M
 Heap Min Capacity: 8M
 Heap Initial Capacity: 128M
 Heap Max Capacity: 2026M
 Pre-touch: Disabled
 Parallel Workers: 10
 Concurrent Workers: 3
 Concurrent Refinement Workers: 10
 Periodic GC: Disabled

Heap:
 garbage-first heap   total 131072K, used 15646K [0x0000000081600000, 0x0000000100000000)
  region size 1024K, 2 young (2048K), 2 survivors (2048K)
 Metaspace       used 11347K, committed 11584K, reserved 1114112K
  class space    used 1671K, committed 1792K, reserved 1048576K

Heap Regions: E=young(eden), S=young(survivor), O=old, HS=humongous(starts), HC=humongous(continues), CS=collection set, F=free, OA=open archive, CA=closed archive, TAMS=top-at-mark-start (previous, next)
|   0|0x0000000081600000, 0x0000000081700000, 0x0000000081700000|100%|HS|  |TAMS 0x0000000081600000, 0x0000000081600000| Complete 
|   1|0x0000000081700000, 0x0000000081800000, 0x0000000081800000|100%|HC|  |TAMS 0x0000000081700000, 0x0000000081700000| Complete 
|   2|0x0000000081800000, 0x0000000081900000, 0x0000000081900000|100%|HC|  |TAMS 0x0000000081800000, 0x0000000081800000| Complete 
|   3|0x0000000081900000, 0x0000000081a00000, 0x0000000081a00000|100%|HC|  |TAMS 0x0000000081900000, 0x0000000081900000| Complete 
|   4|0x0000000081a00000, 0x0000000081b00000, 0x0000000081b00000|100%|HC|  |TAMS 0x0000000081a00000, 0x0000000081a00000| Complete 
|   5|0x0000000081b00000, 0x0000000081c00000, 0x0000000081c00000|100%|HC|  |TAMS 0x0000000081b00000, 0x0000000081b00000| Complete 
|   6|0x0000000081c00000, 0x0000000081d00000, 0x0000000081d00000|100%|HC|  |TAMS 0x0000000081c00000, 0x0000000081c00000| Complete 
|   7|0x0000000081d00000, 0x0000000081e00000, 0x0000000081e00000|100%|HC|  |TAMS 0x0000000081d00000, 0x0000000081d00000| Complete 
|   8|0x0000000081e00000, 0x0000000081f00000, 0x0000000081f00000|100%| O|  |TAMS 0x0000000081e00000, 0x0000000081e00000| Untracked 
|   9|0x0000000081f00000, 0x0000000082000000, 0x0000000082000000|100%| O|  |TAMS 0x0000000081f00000, 0x0000000081f00000| Untracked 
|  10|0x0000000082000000, 0x0000000082100000, 0x0000000082100000|100%| O|  |TAMS 0x0000000082000000, 0x0000000082000000| Untracked 
|  11|0x0000000082100000, 0x0000000082200000, 0x0000000082200000|100%| O|  |TAMS 0x0000000082100000, 0x0000000082100000| Untracked 
|  12|0x0000000082200000, 0x000000008226be00, 0x0000000082300000| 42%| O|  |TAMS 0x0000000082200000, 0x0000000082200000| Untracked 
|  13|0x0000000082300000, 0x0000000082400000, 0x0000000082400000|100%|HS|  |TAMS 0x0000000082300000, 0x0000000082300000| Complete 
|  14|0x0000000082400000, 0x0000000082400000, 0x0000000082500000|  0%| F|  |TAMS 0x0000000082400000, 0x0000000082400000| Untracked 
|  15|0x0000000082500000, 0x0000000082500000, 0x0000000082600000|  0%| F|  |TAMS 0x0000000082500000, 0x0000000082500000| Untracked 
|  16|0x0000000082600000, 0x0000000082600000, 0x0000000082700000|  0%| F|  |TAMS 0x0000000082600000, 0x0000000082600000| Untracked 
|  17|0x0000000082700000, 0x0000000082700000, 0x0000000082800000|  0%| F|  |TAMS 0x0000000082700000, 0x0000000082700000| Untracked 
|  18|0x0000000082800000, 0x0000000082800000, 0x0000000082900000|  0%| F|  |TAMS 0x0000000082800000, 0x0000000082800000| Untracked 
|  19|0x0000000082900000, 0x0000000082900000, 0x0000000082a00000|  0%| F|  |TAMS 0x0000000082900000, 0x0000000082900000| Untracked 
|  20|0x0000000082a00000, 0x0000000082a00000, 0x0000000082b00000|  0%| F|  |TAMS 0x0000000082a00000, 0x0000000082a00000| Untracked 
|  21|0x0000000082b00000, 0x0000000082b00000, 0x0000000082c00000|  0%| F|  |TAMS 0x0000000082b00000, 0x0000000082b00000| Untracked 
|  22|0x0000000082c00000, 0x0000000082c00000, 0x0000000082d00000|  0%| F|  |TAMS 0x0000000082c00000, 0x0000000082c00000| Untracked 
|  23|0x0000000082d00000, 0x0000000082d00000, 0x0000000082e00000|  0%| F|  |TAMS 0x0000000082d00000, 0x0000000082d00000| Untracked 
|  24|0x0000000082e00000, 0x0000000082e00000, 0x0000000082f00000|  0%| F|  |TAMS 0x0000000082e00000, 0x0000000082e00000| Untracked 
|  25|0x0000000082f00000, 0x0000000082f00000, 0x0000000083000000|  0%| F|  |TAMS 0x0000000082f00000, 0x0000000082f00000| Untracked 
|  26|0x0000000083000000, 0x0000000083000000, 0x0000000083100000|  0%| F|  |TAMS 0x0000000083000000, 0x0000000083000000| Untracked 
|  27|0x0000000083100000, 0x0000000083100000, 0x0000000083200000|  0%| F|  |TAMS 0x0000000083100000, 0x0000000083100000| Untracked 
|  28|0x0000000083200000, 0x0000000083200000, 0x0000000083300000|  0%| F|  |TAMS 0x0000000083200000, 0x0000000083200000| Untracked 
|  29|0x0000000083300000, 0x0000000083300000, 0x0000000083400000|  0%| F|  |TAMS 0x0000000083300000, 0x0000000083300000| Untracked 
|  30|0x0000000083400000, 0x0000000083400000, 0x0000000083500000|  0%| F|  |TAMS 0x0000000083400000, 0x0000000083400000| Untracked 
|  31|0x0000000083500000, 0x0000000083500000, 0x0000000083600000|  0%| F|  |TAMS 0x0000000083500000, 0x0000000083500000| Untracked 
|  32|0x0000000083600000, 0x0000000083600000, 0x0000000083700000|  0%| F|  |TAMS 0x0000000083600000, 0x0000000083600000| Untracked 
|  33|0x0000000083700000, 0x0000000083700000, 0x0000000083800000|  0%| F|  |TAMS 0x0000000083700000, 0x0000000083700000| Untracked 
|  34|0x0000000083800000, 0x0000000083800000, 0x0000000083900000|  0%| F|  |TAMS 0x0000000083800000, 0x0000000083800000| Untracked 
|  35|0x0000000083900000, 0x0000000083900000, 0x0000000083a00000|  0%| F|  |TAMS 0x0000000083900000, 0x0000000083900000| Untracked 
|  36|0x0000000083a00000, 0x0000000083a00000, 0x0000000083b00000|  0%| F|  |TAMS 0x0000000083a00000, 0x0000000083a00000| Untracked 
|  37|0x0000000083b00000, 0x0000000083b00000, 0x0000000083c00000|  0%| F|  |TAMS 0x0000000083b00000, 0x0000000083b00000| Untracked 
|  38|0x0000000083c00000, 0x0000000083c00000, 0x0000000083d00000|  0%| F|  |TAMS 0x0000000083c00000, 0x0000000083c00000| Untracked 
|  39|0x0000000083d00000, 0x0000000083d00000, 0x0000000083e00000|  0%| F|  |TAMS 0x0000000083d00000, 0x0000000083d00000| Untracked 
|  40|0x0000000083e00000, 0x0000000083e00000, 0x0000000083f00000|  0%| F|  |TAMS 0x0000000083e00000, 0x0000000083e00000| Untracked 
|  41|0x0000000083f00000, 0x0000000083f00000, 0x0000000084000000|  0%| F|  |TAMS 0x0000000083f00000, 0x0000000083f00000| Untracked 
|  42|0x0000000084000000, 0x0000000084000000, 0x0000000084100000|  0%| F|  |TAMS 0x0000000084000000, 0x0000000084000000| Untracked 
|  43|0x0000000084100000, 0x0000000084100000, 0x0000000084200000|  0%| F|  |TAMS 0x0000000084100000, 0x0000000084100000| Untracked 
|  44|0x0000000084200000, 0x0000000084200000, 0x0000000084300000|  0%| F|  |TAMS 0x0000000084200000, 0x0000000084200000| Untracked 
|  45|0x0000000084300000, 0x0000000084300000, 0x0000000084400000|  0%| F|  |TAMS 0x0000000084300000, 0x0000000084300000| Untracked 
|  46|0x0000000084400000, 0x0000000084400000, 0x0000000084500000|  0%| F|  |TAMS 0x0000000084400000, 0x0000000084400000| Untracked 
|  47|0x0000000084500000, 0x0000000084500000, 0x0000000084600000|  0%| F|  |TAMS 0x0000000084500000, 0x0000000084500000| Untracked 
|  48|0x0000000084600000, 0x0000000084600000, 0x0000000084700000|  0%| F|  |TAMS 0x0000000084600000, 0x0000000084600000| Untracked 
|  49|0x0000000084700000, 0x0000000084700000, 0x0000000084800000|  0%| F|  |TAMS 0x0000000084700000, 0x0000000084700000| Untracked 
|  50|0x0000000084800000, 0x0000000084800000, 0x0000000084900000|  0%| F|  |TAMS 0x0000000084800000, 0x0000000084800000| Untracked 
|  51|0x0000000084900000, 0x0000000084900000, 0x0000000084a00000|  0%| F|  |TAMS 0x0000000084900000, 0x0000000084900000| Untracked 
|  52|0x0000000084a00000, 0x0000000084adba70, 0x0000000084b00000| 85%| S|CS|TAMS 0x0000000084a00000, 0x0000000084a00000| Complete 
|  53|0x0000000084b00000, 0x0000000084c00000, 0x0000000084c00000|100%| S|CS|TAMS 0x0000000084b00000, 0x0000000084b00000| Complete 
|  54|0x0000000084c00000, 0x0000000084c00000, 0x0000000084d00000|  0%| F|  |TAMS 0x0000000084c00000, 0x0000000084c00000| Untracked 
|  55|0x0000000084d00000, 0x0000000084d00000, 0x0000000084e00000|  0%| F|  |TAMS 0x0000000084d00000, 0x0000000084d00000| Untracked 
|  56|0x0000000084e00000, 0x0000000084e00000, 0x0000000084f00000|  0%| F|  |TAMS 0x0000000084e00000, 0x0000000084e00000| Untracked 
|  57|0x0000000084f00000, 0x0000000084f00000, 0x0000000085000000|  0%| F|  |TAMS 0x0000000084f00000, 0x0000000084f00000| Untracked 
|  58|0x0000000085000000, 0x0000000085000000, 0x0000000085100000|  0%| F|  |TAMS 0x0000000085000000, 0x0000000085000000| Untracked 
|  59|0x0000000085100000, 0x0000000085100000, 0x0000000085200000|  0%| F|  |TAMS 0x0000000085100000, 0x0000000085100000| Untracked 
|  60|0x0000000085200000, 0x0000000085200000, 0x0000000085300000|  0%| F|  |TAMS 0x0000000085200000, 0x0000000085200000| Untracked 
|  61|0x0000000085300000, 0x0000000085300000, 0x0000000085400000|  0%| F|  |TAMS 0x0000000085300000, 0x0000000085300000| Untracked 
|  62|0x0000000085400000, 0x0000000085400000, 0x0000000085500000|  0%| F|  |TAMS 0x0000000085400000, 0x0000000085400000| Untracked 
|  63|0x0000000085500000, 0x0000000085500000, 0x0000000085600000|  0%| F|  |TAMS 0x0000000085500000, 0x0000000085500000| Untracked 
|  64|0x0000000085600000, 0x0000000085600000, 0x0000000085700000|  0%| F|  |TAMS 0x0000000085600000, 0x0000000085600000| Untracked 
|  65|0x0000000085700000, 0x0000000085700000, 0x0000000085800000|  0%| F|  |TAMS 0x0000000085700000, 0x0000000085700000| Untracked 
|  66|0x0000000085800000, 0x0000000085800000, 0x0000000085900000|  0%| F|  |TAMS 0x0000000085800000, 0x0000000085800000| Untracked 
|  67|0x0000000085900000, 0x0000000085900000, 0x0000000085a00000|  0%| F|  |TAMS 0x0000000085900000, 0x0000000085900000| Untracked 
|  68|0x0000000085a00000, 0x0000000085a00000, 0x0000000085b00000|  0%| F|  |TAMS 0x0000000085a00000, 0x0000000085a00000| Untracked 
|  69|0x0000000085b00000, 0x0000000085b00000, 0x0000000085c00000|  0%| F|  |TAMS 0x0000000085b00000, 0x0000000085b00000| Untracked 
|  70|0x0000000085c00000, 0x0000000085c00000, 0x0000000085d00000|  0%| F|  |TAMS 0x0000000085c00000, 0x0000000085c00000| Untracked 
|  71|0x0000000085d00000, 0x0000000085d00000, 0x0000000085e00000|  0%| F|  |TAMS 0x0000000085d00000, 0x0000000085d00000| Untracked 
|  72|0x0000000085e00000, 0x0000000085e00000, 0x0000000085f00000|  0%| F|  |TAMS 0x0000000085e00000, 0x0000000085e00000| Untracked 
|  73|0x0000000085f00000, 0x0000000085f00000, 0x0000000086000000|  0%| F|  |TAMS 0x0000000085f00000, 0x0000000085f00000| Untracked 
|  74|0x0000000086000000, 0x0000000086000000, 0x0000000086100000|  0%| F|  |TAMS 0x0000000086000000, 0x0000000086000000| Untracked 
|  75|0x0000000086100000, 0x0000000086100000, 0x0000000086200000|  0%| F|  |TAMS 0x0000000086100000, 0x0000000086100000| Untracked 
|  76|0x0000000086200000, 0x0000000086200000, 0x0000000086300000|  0%| F|  |TAMS 0x0000000086200000, 0x0000000086200000| Untracked 
|  77|0x0000000086300000, 0x0000000086300000, 0x0000000086400000|  0%| F|  |TAMS 0x0000000086300000, 0x0000000086300000| Untracked 
|  78|0x0000000086400000, 0x0000000086400000, 0x0000000086500000|  0%| F|  |TAMS 0x0000000086400000, 0x0000000086400000| Untracked 
|  79|0x0000000086500000, 0x0000000086500000, 0x0000000086600000|  0%| F|  |TAMS 0x0000000086500000, 0x0000000086500000| Untracked 
|  80|0x0000000086600000, 0x0000000086600000, 0x0000000086700000|  0%| F|  |TAMS 0x0000000086600000, 0x0000000086600000| Untracked 
|  81|0x0000000086700000, 0x0000000086700000, 0x0000000086800000|  0%| F|  |TAMS 0x0000000086700000, 0x0000000086700000| Untracked 
|  82|0x0000000086800000, 0x0000000086800000, 0x0000000086900000|  0%| F|  |TAMS 0x0000000086800000, 0x0000000086800000| Untracked 
|  83|0x0000000086900000, 0x0000000086900000, 0x0000000086a00000|  0%| F|  |TAMS 0x0000000086900000, 0x0000000086900000| Untracked 
|  84|0x0000000086a00000, 0x0000000086a00000, 0x0000000086b00000|  0%| F|  |TAMS 0x0000000086a00000, 0x0000000086a00000| Untracked 
|  85|0x0000000086b00000, 0x0000000086b00000, 0x0000000086c00000|  0%| F|  |TAMS 0x0000000086b00000, 0x0000000086b00000| Untracked 
|  86|0x0000000086c00000, 0x0000000086c00000, 0x0000000086d00000|  0%| F|  |TAMS 0x0000000086c00000, 0x0000000086c00000| Untracked 
|  87|0x0000000086d00000, 0x0000000086d00000, 0x0000000086e00000|  0%| F|  |TAMS 0x0000000086d00000, 0x0000000086d00000| Untracked 
|  88|0x0000000086e00000, 0x0000000086e00000, 0x0000000086f00000|  0%| F|  |TAMS 0x0000000086e00000, 0x0000000086e00000| Untracked 
|  89|0x0000000086f00000, 0x0000000086f00000, 0x0000000087000000|  0%| F|  |TAMS 0x0000000086f00000, 0x0000000086f00000| Untracked 
|  90|0x0000000087000000, 0x0000000087000000, 0x0000000087100000|  0%| F|  |TAMS 0x0000000087000000, 0x0000000087000000| Untracked 
|  91|0x0000000087100000, 0x0000000087100000, 0x0000000087200000|  0%| F|  |TAMS 0x0000000087100000, 0x0000000087100000| Untracked 
|  92|0x0000000087200000, 0x0000000087200000, 0x0000000087300000|  0%| F|  |TAMS 0x0000000087200000, 0x0000000087200000| Untracked 
|  93|0x0000000087300000, 0x0000000087300000, 0x0000000087400000|  0%| F|  |TAMS 0x0000000087300000, 0x0000000087300000| Untracked 
|  94|0x0000000087400000, 0x0000000087400000, 0x0000000087500000|  0%| F|  |TAMS 0x0000000087400000, 0x0000000087400000| Untracked 
|  95|0x0000000087500000, 0x0000000087500000, 0x0000000087600000|  0%| F|  |TAMS 0x0000000087500000, 0x0000000087500000| Untracked 
|  96|0x0000000087600000, 0x0000000087600000, 0x0000000087700000|  0%| F|  |TAMS 0x0000000087600000, 0x0000000087600000| Untracked 
|  97|0x0000000087700000, 0x0000000087700000, 0x0000000087800000|  0%| F|  |TAMS 0x0000000087700000, 0x0000000087700000| Untracked 
|  98|0x0000000087800000, 0x0000000087800000, 0x0000000087900000|  0%| F|  |TAMS 0x0000000087800000, 0x0000000087800000| Untracked 
|  99|0x0000000087900000, 0x0000000087900000, 0x0000000087a00000|  0%| F|  |TAMS 0x0000000087900000, 0x0000000087900000| Untracked 
| 100|0x0000000087a00000, 0x0000000087a00000, 0x0000000087b00000|  0%| F|  |TAMS 0x0000000087a00000, 0x0000000087a00000| Untracked 
| 101|0x0000000087b00000, 0x0000000087b00000, 0x0000000087c00000|  0%| F|  |TAMS 0x0000000087b00000, 0x0000000087b00000| Untracked 
| 102|0x0000000087c00000, 0x0000000087c00000, 0x0000000087d00000|  0%| F|  |TAMS 0x0000000087c00000, 0x0000000087c00000| Untracked 
| 103|0x0000000087d00000, 0x0000000087d00000, 0x0000000087e00000|  0%| F|  |TAMS 0x0000000087d00000, 0x0000000087d00000| Untracked 
| 104|0x0000000087e00000, 0x0000000087e00000, 0x0000000087f00000|  0%| F|  |TAMS 0x0000000087e00000, 0x0000000087e00000| Untracked 
| 105|0x0000000087f00000, 0x0000000087f00000, 0x0000000088000000|  0%| F|  |TAMS 0x0000000087f00000, 0x0000000087f00000| Untracked 
| 106|0x0000000088000000, 0x0000000088000000, 0x0000000088100000|  0%| F|  |TAMS 0x0000000088000000, 0x0000000088000000| Untracked 
| 107|0x0000000088100000, 0x0000000088100000, 0x0000000088200000|  0%| F|  |TAMS 0x0000000088100000, 0x0000000088100000| Untracked 
| 108|0x0000000088200000, 0x0000000088200000, 0x0000000088300000|  0%| F|  |TAMS 0x0000000088200000, 0x0000000088200000| Untracked 
| 109|0x0000000088300000, 0x0000000088300000, 0x0000000088400000|  0%| F|  |TAMS 0x0000000088300000, 0x0000000088300000| Untracked 
| 110|0x0000000088400000, 0x0000000088400000, 0x0000000088500000|  0%| F|  |TAMS 0x0000000088400000, 0x0000000088400000| Untracked 
| 111|0x0000000088500000, 0x0000000088500000, 0x0000000088600000|  0%| F|  |TAMS 0x0000000088500000, 0x0000000088500000| Untracked 
| 112|0x0000000088600000, 0x0000000088600000, 0x0000000088700000|  0%| F|  |TAMS 0x0000000088600000, 0x0000000088600000| Untracked 
| 113|0x0000000088700000, 0x0000000088700000, 0x0000000088800000|  0%| F|  |TAMS 0x0000000088700000, 0x0000000088700000| Untracked 
| 114|0x0000000088800000, 0x0000000088800000, 0x0000000088900000|  0%| F|  |TAMS 0x0000000088800000, 0x0000000088800000| Untracked 
| 115|0x0000000088900000, 0x0000000088900000, 0x0000000088a00000|  0%| F|  |TAMS 0x0000000088900000, 0x0000000088900000| Untracked 
| 116|0x0000000088a00000, 0x0000000088a00000, 0x0000000088b00000|  0%| F|  |TAMS 0x0000000088a00000, 0x0000000088a00000| Untracked 
| 117|0x0000000088b00000, 0x0000000088b00000, 0x0000000088c00000|  0%| F|  |TAMS 0x0000000088b00000, 0x0000000088b00000| Untracked 
| 118|0x0000000088c00000, 0x0000000088c00000, 0x0000000088d00000|  0%| F|  |TAMS 0x0000000088c00000, 0x0000000088c00000| Untracked 
| 119|0x0000000088d00000, 0x0000000088d00000, 0x0000000088e00000|  0%| F|  |TAMS 0x0000000088d00000, 0x0000000088d00000| Untracked 
| 120|0x0000000088e00000, 0x0000000088e00000, 0x0000000088f00000|  0%| F|  |TAMS 0x0000000088e00000, 0x0000000088e00000| Untracked 
| 121|0x0000000088f00000, 0x0000000088f00000, 0x0000000089000000|  0%| F|  |TAMS 0x0000000088f00000, 0x0000000088f00000| Untracked 
| 122|0x0000000089000000, 0x0000000089000000, 0x0000000089100000|  0%| F|  |TAMS 0x0000000089000000, 0x0000000089000000| Untracked 
| 123|0x0000000089100000, 0x0000000089100000, 0x0000000089200000|  0%| F|  |TAMS 0x0000000089100000, 0x0000000089100000| Untracked 
| 124|0x0000000089200000, 0x0000000089200000, 0x0000000089300000|  0%| F|  |TAMS 0x0000000089200000, 0x0000000089200000| Untracked 
| 125|0x0000000089300000, 0x0000000089300000, 0x0000000089400000|  0%| F|  |TAMS 0x0000000089300000, 0x0000000089300000| Untracked 
| 126|0x0000000089400000, 0x0000000089400000, 0x0000000089500000|  0%| F|  |TAMS 0x0000000089400000, 0x0000000089400000| Untracked 
| 127|0x0000000089500000, 0x0000000089500000, 0x0000000089600000|  0%| F|  |TAMS 0x0000000089500000, 0x0000000089500000| Untracked 

Card table byte_map: [0x000002411a360000,0x000002411a760000] _byte_map_base: 0x0000024119f55000

Marking Bits (Prev, Next): (CMBitMap*) 0x000002417fbbaa80, (CMBitMap*) 0x000002417fbbaac0
 Prev Bits: [0x000002411ab60000, 0x000002411cb08000)
 Next Bits: [0x000002411cb10000, 0x000002411eab8000)

Polling page: 0x000002417f6b0000

Metaspace:

Usage:
  Non-class:      9.45 MB used.
      Class:      1.63 MB used.
       Both:     11.08 MB used.

Virtual space:
  Non-class space:       64.00 MB reserved,       9.56 MB ( 15%) committed,  1 nodes.
      Class space:        1.00 GB reserved,       1.75 MB ( <1%) committed,  1 nodes.
             Both:        1.06 GB reserved,      11.31 MB (  1%) committed. 

Chunk freelists:
   Non-Class:  336.00 KB
       Class:  2.19 MB
        Both:  2.52 MB

MaxMetaspaceSize: unlimited
CompressedClassSpaceSize: 1.00 GB
Initial GC threshold: 21.00 MB
Current GC threshold: 21.00 MB
CDS: on
MetaspaceReclaimPolicy: balanced
 - commit_granule_bytes: 65536.
 - commit_granule_words: 8192.
 - virtual_space_node_default_size: 8388608.
 - enlarge_chunks_in_place: 1.
 - new_chunks_are_fully_committed: 0.
 - uncommit_free_chunks: 1.
 - use_allocation_guard: 0.


Internal statistics:

num_allocs_failed_limit: 0.
num_arena_births: 226.
num_arena_deaths: 0.
num_vsnodes_births: 2.
num_vsnodes_deaths: 0.
num_space_committed: 181.
num_space_uncommitted: 0.
num_chunks_returned_to_freelist: 0.
num_chunks_taken_from_freelist: 643.
num_chunk_merges: 0.
num_chunk_splits: 447.
num_chunks_enlarged: 344.
num_inconsistent_stats: 0.

CodeHeap 'non-profiled nmethods': size=120000Kb used=427Kb max_used=427Kb free=119572Kb
 bounds [0x0000024112080000, 0x00000241122f0000, 0x00000241195b0000]
CodeHeap 'profiled nmethods': size=120000Kb used=2301Kb max_used=2301Kb free=117698Kb
 bounds [0x000002410a5b0000, 0x000002410a820000, 0x0000024111ae0000]
CodeHeap 'non-nmethods': size=5760Kb used=1486Kb max_used=1503Kb free=4273Kb
 bounds [0x0000024111ae0000, 0x0000024111d50000, 0x0000024112080000]
 total_blobs=2128 nmethods=1368 adapters=671
 compilation: enabled
              stopped_count=0, restarted_count=0
 full_count=0

Compilation events (20 events):
Event: 1.593 Thread 0x000002412172eb20 nmethod 1362 0x000002410a7e7890 code [0x000002410a7e7a20, 0x000002410a7e7b18]
Event: 1.593 Thread 0x000002412172eb20 1363   !   3       javafx.scene.CssStyleHelper::lookup (514 bytes)
Event: 1.596 Thread 0x000002412172eb20 nmethod 1363 0x000002410a7e7b90 code [0x000002410a7e80c0, 0x000002410a7ea8f8]
Event: 1.596 Thread 0x000002412172eb20 1366       2       java.lang.String::equals (56 bytes)
Event: 1.596 Thread 0x000002412172eb20 nmethod 1366 0x000002410a7eb810 code [0x000002410a7eb9c0, 0x000002410a7ebbe8]
Event: 1.596 Thread 0x000002412172eb20 1365       3       javafx.collections.ListChangeBuilder$SingleChange::next (16 bytes)
Event: 1.597 Thread 0x000002412172eb20 nmethod 1365 0x000002410a7ebd10 code [0x000002410a7ebec0, 0x000002410a7ec038]
Event: 1.597 Thread 0x000002412172eb20 1364       3       javafx.beans.property.BooleanPropertyBase::fireValueChangedEvent (8 bytes)
Event: 1.597 Thread 0x000002412172eb20 nmethod 1364 0x000002410a7ec110 code [0x000002410a7ec2c0, 0x000002410a7ec528]
Event: 1.598 Thread 0x000002412172eb20 1367       3       java.lang.invoke.MethodHandles$Lookup::getDirectConstructorCommon (69 bytes)
Event: 1.599 Thread 0x000002412172eb20 nmethod 1367 0x000002410a7ec610 code [0x000002410a7ec880, 0x000002410a7ed3b8]
Event: 1.599 Thread 0x000002412172eb20 1368       3       java.lang.invoke.MemberName::asConstructor (58 bytes)
Event: 1.600 Thread 0x000002412172eb20 nmethod 1368 0x000002410a7ed790 code [0x000002410a7ed9a0, 0x000002410a7edfc8]
Event: 1.601 Thread 0x000002412172eb20 1369       3       java.lang.invoke.DirectMethodHandle$Constructor::viewAsType (49 bytes)
Event: 1.601 Thread 0x000002412172eb20 nmethod 1369 0x000002410a7ee210 code [0x000002410a7ee3c0, 0x000002410a7ee588]
Event: 1.601 Thread 0x000002412172eb20 1370       3       java.lang.invoke.BootstrapMethodInvoker::isLambdaMetafactoryIndyBSM (13 bytes)
Event: 1.601 Thread 0x000002412172eb20 nmethod 1370 0x000002410a7ee690 code [0x000002410a7ee820, 0x000002410a7ee978]
Event: 1.601 Thread 0x000002412172eb20 1371       3       java.lang.invoke.Invokers$Holder::invokeExact_MT (32 bytes)
Event: 1.602 Thread 0x000002412172eb20 nmethod 1371 0x000002410a7eea10 code [0x000002410a7eec20, 0x000002410a7ef538]
Event: 1.602 Thread 0x000002412172eb20 1372       3       java.lang.invoke.InfoFromMemberName::<init> (72 bytes)

GC Heap History (11 events):
Event: 1.480 GC heap before
{Heap before GC invocations=0 (full 0):
 garbage-first heap   total 131072K, used 30720K [0x0000000081600000, 0x0000000100000000)
  region size 1024K, 23 young (23552K), 0 survivors (0K)
 Metaspace       used 10482K, committed 10752K, reserved 1114112K
  class space    used 1539K, committed 1664K, reserved 1048576K
}
Event: 1.484 GC heap after
{Heap after GC invocations=1 (full 0):
 garbage-first heap   total 131072K, used 12214K [0x0000000081600000, 0x0000000100000000)
  region size 1024K, 3 young (3072K), 3 survivors (3072K)
 Metaspace       used 10482K, committed 10752K, reserved 1114112K
  class space    used 1539K, committed 1664K, reserved 1048576K
}
Event: 1.497 GC heap before
{Heap before GC invocations=1 (full 0):
 garbage-first heap   total 131072K, used 42934K [0x0000000081600000, 0x0000000100000000)
  region size 1024K, 34 young (34816K), 3 survivors (3072K)
 Metaspace       used 10492K, committed 10752K, reserved 1114112K
  class space    used 1539K, committed 1664K, reserved 1048576K
}
Event: 1.500 GC heap after
{Heap after GC invocations=2 (full 0):
 garbage-first heap   total 131072K, used 14275K [0x0000000081600000, 0x0000000100000000)
  region size 1024K, 2 young (2048K), 2 survivors (2048K)
 Metaspace       used 10492K, committed 10752K, reserved 1114112K
  class space    used 1539K, committed 1664K, reserved 1048576K
}
Event: 1.534 GC heap before
{Heap before GC invocations=2 (full 0):
 garbage-first heap   total 131072K, used 91075K [0x0000000081600000, 0x0000000100000000)
  region size 1024K, 76 young (77824K), 2 survivors (2048K)
 Metaspace       used 10718K, committed 10944K, reserved 1114112K
  class space    used 1561K, committed 1664K, reserved 1048576K
}
Event: 1.536 GC heap after
{Heap after GC invocations=3 (full 0):
 garbage-first heap   total 131072K, used 15472K [0x0000000081600000, 0x0000000100000000)
  region size 1024K, 2 young (2048K), 2 survivors (2048K)
 Metaspace       used 10718K, committed 10944K, reserved 1114112K
  class space    used 1561K, committed 1664K, reserved 1048576K
}
Event: 1.558 GC heap before
{Heap before GC invocations=3 (full 0):
 garbage-first heap   total 131072K, used 91248K [0x0000000081600000, 0x0000000100000000)
  region size 1024K, 76 young (77824K), 2 survivors (2048K)
 Metaspace       used 10884K, committed 11200K, reserved 1114112K
  class space    used 1591K, committed 1728K, reserved 1048576K
}
Event: 1.559 GC heap after
{Heap after GC invocations=4 (full 0):
 garbage-first heap   total 131072K, used 15078K [0x0000000081600000, 0x0000000100000000)
  region size 1024K, 2 young (2048K), 2 survivors (2048K)
 Metaspace       used 10884K, committed 11200K, reserved 1114112K
  class space    used 1591K, committed 1728K, reserved 1048576K
}
Event: 1.580 GC heap before
{Heap before GC invocations=4 (full 0):
 garbage-first heap   total 131072K, used 90854K [0x0000000081600000, 0x0000000100000000)
  region size 1024K, 76 young (77824K), 2 survivors (2048K)
 Metaspace       used 11110K, committed 11392K, reserved 1114112K
  class space    used 1636K, committed 1792K, reserved 1048576K
}
Event: 1.581 GC heap after
{Heap after GC invocations=5 (full 0):
 garbage-first heap   total 131072K, used 15115K [0x0000000081600000, 0x0000000100000000)
  region size 1024K, 2 young (2048K), 2 survivors (2048K)
 Metaspace       used 11110K, committed 11392K, reserved 1114112K
  class space    used 1636K, committed 1792K, reserved 1048576K
}
Event: 1.602 GC heap before
{Heap before GC invocations=5 (full 0):
 garbage-first heap   total 131072K, used 90891K [0x0000000081600000, 0x0000000100000000)
  region size 1024K, 76 young (77824K), 2 survivors (2048K)
 Metaspace       used 11347K, committed 11584K, reserved 1114112K
  class space    used 1671K, committed 1792K, reserved 1048576K
}

Dll operation events (20 events):
Event: 0.133 Loaded shared library C:\Program Files\Zulu\zulu-19\bin\api-ms-win-crt-math-l1-1-0.dll
Event: 0.134 Loaded shared library C:\Program Files\Zulu\zulu-19\bin\api-ms-win-crt-multibyte-l1-1-0.dll
Event: 0.136 Loaded shared library C:\Program Files\Zulu\zulu-19\bin\api-ms-win-crt-private-l1-1-0.dll
Event: 0.137 Loaded shared library C:\Program Files\Zulu\zulu-19\bin\api-ms-win-crt-process-l1-1-0.dll
Event: 0.138 Loaded shared library C:\Program Files\Zulu\zulu-19\bin\api-ms-win-crt-runtime-l1-1-0.dll
Event: 0.139 Loaded shared library C:\Program Files\Zulu\zulu-19\bin\api-ms-win-crt-stdio-l1-1-0.dll
Event: 0.140 Loaded shared library C:\Program Files\Zulu\zulu-19\bin\api-ms-win-crt-string-l1-1-0.dll
Event: 0.141 Loaded shared library C:\Program Files\Zulu\zulu-19\bin\api-ms-win-crt-time-l1-1-0.dll
Event: 0.142 Loaded shared library C:\Program Files\Zulu\zulu-19\bin\api-ms-win-crt-utility-l1-1-0.dll
Event: 0.143 Loaded shared library C:\Program Files\Zulu\zulu-19\bin\ucrtbase.dll
Event: 0.144 Loaded shared library C:\Program Files\Zulu\zulu-19\bin\vcruntime140.dll
Event: 0.145 Loaded shared library C:\Program Files\Zulu\zulu-19\bin\vcruntime140_1.dll
Event: 0.145 Loaded shared library C:\Program Files\Zulu\zulu-19\bin\msvcp140.dll
Event: 0.146 Loaded shared library C:\Program Files\Zulu\zulu-19\bin\msvcp140_1.dll
Event: 0.147 Loaded shared library C:\Program Files\Zulu\zulu-19\bin\msvcp140_2.dll
Event: 0.166 Loaded shared library C:\Program Files\Zulu\zulu-19\bin\prism_d3d.dll
Event: 0.208 Loaded shared library C:\Program Files\Zulu\zulu-19\bin\glass.dll
Event: 0.338 Loaded shared library C:\Program Files\Zulu\zulu-19\bin\javafx_iio.dll
Event: 0.372 Loaded shared library C:\Program Files\Zulu\zulu-19\bin\javafx_font.dll
Event: 1.469 Loaded shared library C:\Users\ulise\AppData\Local\Temp\jSerialComm\2.9.3\jSerialComm.dll

Deoptimization events (20 events):
Event: 1.509 Thread 0x0000024125ce6120 DEOPT PACKING pc=0x000002410a78c6a2 sp=0x00000086af8fcc40
Event: 1.509 Thread 0x0000024125ce6120 DEOPT UNPACKING pc=0x0000024111b47543 sp=0x00000086af8fc0f8 mode 0
Event: 1.570 Thread 0x0000024125ce6120 Uncommon trap: trap_request=0xffffffde fr.pc=0x00000241120a6dc4 relative=0x00000000000001a4
Event: 1.570 Thread 0x0000024125ce6120 Uncommon trap: reason=class_check action=maybe_recompile pc=0x00000241120a6dc4 method=java.lang.String.equals(Ljava/lang/Object;)Z @ 8 c2
Event: 1.570 Thread 0x0000024125ce6120 DEOPT PACKING pc=0x00000241120a6dc4 sp=0x00000086af8fc900
Event: 1.570 Thread 0x0000024125ce6120 DEOPT UNPACKING pc=0x0000024111b46da3 sp=0x00000086af8fc8a8 mode 2
Event: 1.570 Thread 0x0000024125ce6120 Uncommon trap: trap_request=0xffffffde fr.pc=0x00000241120a6dc4 relative=0x00000000000001a4
Event: 1.570 Thread 0x0000024125ce6120 Uncommon trap: reason=class_check action=maybe_recompile pc=0x00000241120a6dc4 method=java.lang.String.equals(Ljava/lang/Object;)Z @ 8 c2
Event: 1.570 Thread 0x0000024125ce6120 DEOPT PACKING pc=0x00000241120a6dc4 sp=0x00000086af8fc810
Event: 1.570 Thread 0x0000024125ce6120 DEOPT UNPACKING pc=0x0000024111b46da3 sp=0x00000086af8fc7b8 mode 2
Event: 1.570 Thread 0x0000024125ce6120 Uncommon trap: trap_request=0xffffffde fr.pc=0x00000241120a6dc4 relative=0x00000000000001a4
Event: 1.570 Thread 0x0000024125ce6120 Uncommon trap: reason=class_check action=maybe_recompile pc=0x00000241120a6dc4 method=java.lang.String.equals(Ljava/lang/Object;)Z @ 8 c2
Event: 1.570 Thread 0x0000024125ce6120 DEOPT PACKING pc=0x00000241120a6dc4 sp=0x00000086af8fc810
Event: 1.570 Thread 0x0000024125ce6120 DEOPT UNPACKING pc=0x0000024111b46da3 sp=0x00000086af8fc7b8 mode 2
Event: 1.590 Thread 0x0000024126590810 DEOPT PACKING pc=0x000002410a794564 sp=0x00000086b05ff380
Event: 1.590 Thread 0x0000024126590810 DEOPT UNPACKING pc=0x0000024111b47543 sp=0x00000086b05fe878 mode 0
Event: 1.590 Thread 0x0000024125ce6120 Uncommon trap: trap_request=0xffffffde fr.pc=0x00000241120a6dc4 relative=0x00000000000001a4
Event: 1.590 Thread 0x0000024125ce6120 Uncommon trap: reason=class_check action=maybe_recompile pc=0x00000241120a6dc4 method=java.lang.String.equals(Ljava/lang/Object;)Z @ 8 c2
Event: 1.590 Thread 0x0000024125ce6120 DEOPT PACKING pc=0x00000241120a6dc4 sp=0x00000086af8fc380
Event: 1.590 Thread 0x0000024125ce6120 DEOPT UNPACKING pc=0x0000024111b46da3 sp=0x00000086af8fc328 mode 2

Classes loaded (20 events):
Event: 1.448 Loading class java/util/WeakHashMap$ValueIterator
Event: 1.448 Loading class java/util/WeakHashMap$ValueIterator done
Event: 1.463 Loading class java/util/Collections$SingletonList
Event: 1.463 Loading class java/util/Collections$SingletonList done
Event: 1.474 Loading class java/util/Timer
Event: 1.474 Loading class java/util/Timer done
Event: 1.474 Loading class jdk/internal/event/ThreadSleepEvent
Event: 1.474 Loading class java/util/TaskQueue
Event: 1.474 Loading class jdk/internal/event/Event
Event: 1.474 Loading class java/util/TaskQueue done
Event: 1.474 Loading class java/util/TimerThread
Event: 1.474 Loading class jdk/internal/event/Event done
Event: 1.474 Loading class java/util/TimerThread done
Event: 1.474 Loading class jdk/internal/event/ThreadSleepEvent done
Event: 1.474 Loading class java/util/Timer$ThreadReaper
Event: 1.474 Loading class java/util/Timer$ThreadReaper done
Event: 1.533 Loading class java/io/CharArrayReader
Event: 1.533 Loading class java/io/CharArrayReader done
Event: 1.533 Loading class java/io/BufferedReader
Event: 1.533 Loading class java/io/BufferedReader done

Classes unloaded (0 events):
No events

Classes redefined (0 events):
No events

Internal exceptions (20 events):
Event: 0.495 Thread 0x0000024125ce6120 Exception <a 'java/lang/NoSuchMethodError'{0x0000000088d39fa0}: 'int java.lang.invoke.DirectMethodHandle$Holder.invokeSpecial(java.lang.Object, java.lang.Object, java.lang.Object, int)'> (0x0000000088d39fa0) 
thrown [s\src\hotspot\share\interpreter\linkResolver.cpp, line 774]
Event: 0.496 Thread 0x0000024125ce6120 Exception <a 'java/lang/NoSuchMethodError'{0x0000000088d4c590}: 'java.lang.Object java.lang.invoke.DirectMethodHandle$Holder.invokeStatic(java.lang.Object, java.lang.Object, java.lang.Object, java.lang.Object, int)'> (0x0000000088d4c590) 
thrown [s\src\hotspot\share\interpreter\linkResolver.cpp, line 774]
Event: 0.497 Thread 0x0000024125ce6120 Exception <a 'java/lang/NoSuchMethodError'{0x0000000088d54df8}: 'int java.lang.invoke.DirectMethodHandle$Holder.invokeSpecial(java.lang.Object, java.lang.Object, java.lang.Object)'> (0x0000000088d54df8) 
thrown [s\src\hotspot\share\interpreter\linkResolver.cpp, line 774]
Event: 0.503 Thread 0x0000024125ce6120 Exception <a 'java/lang/NoSuchMethodError'{0x0000000088d6da78}: 'java.lang.Object java.lang.invoke.DirectMethodHandle$Holder.newInvokeSpecial(java.lang.Object, java.lang.Object, int)'> (0x0000000088d6da78) 
thrown [s\src\hotspot\share\interpreter\linkResolver.cpp, line 774]
Event: 0.520 Thread 0x0000024125cb16d0 Exception <a 'java/lang/NoSuchMethodError'{0x00000000892aa928}: 'int java.lang.invoke.DirectMethodHandle$Holder.invokeStaticInit(java.lang.Object, java.lang.Object)'> (0x00000000892aa928) 
thrown [s\src\hotspot\share\interpreter\linkResolver.cpp, line 774]
Event: 0.539 Thread 0x0000024125cb16d0 Exception <a 'java/lang/NoSuchMethodError'{0x0000000088df0400}: 'java.lang.Object java.lang.invoke.Invokers$Holder.invokeExact_MT(java.lang.Object, java.lang.Object, java.lang.Object, java.lang.Object, java.lang.Object)'> (0x0000000088df0400) 
thrown [s\src\hotspot\share\interpreter\linkResolver.cpp, line 774]
Event: 0.550 Thread 0x0000024125cb16d0 Exception <a 'java/lang/NoSuchMethodError'{0x0000000088c04c68}: 'java.lang.Object java.lang.invoke.DirectMethodHandle$Holder.invokeStaticInit(java.lang.Object, int)'> (0x0000000088c04c68) 
thrown [s\src\hotspot\share\interpreter\linkResolver.cpp, line 774]
Event: 1.357 Thread 0x0000024125ce6120 Exception <a 'java/lang/NoSuchMethodError'{0x0000000088dbc8a0}: 'long java.lang.invoke.DirectMethodHandle$Holder.invokeStatic(java.lang.Object, java.lang.Object, java.lang.Object)'> (0x0000000088dbc8a0) 
thrown [s\src\hotspot\share\interpreter\linkResolver.cpp, line 774]
Event: 1.357 Thread 0x0000024125ce6120 Exception <a 'java/lang/NoSuchMethodError'{0x0000000088dbff18}: 'long java.lang.invoke.DirectMethodHandle$Holder.invokeStaticInit(java.lang.Object, java.lang.Object, java.lang.Object)'> (0x0000000088dbff18) 
thrown [s\src\hotspot\share\interpreter\linkResolver.cpp, line 774]
Event: 1.359 Thread 0x0000024125ce6120 Exception <a 'java/lang/NoSuchMethodError'{0x0000000088dd83b8}: 'java.lang.Object java.lang.invoke.DirectMethodHandle$Holder.newInvokeSpecial(java.lang.Object, java.lang.Object, long)'> (0x0000000088dd83b8) 
thrown [s\src\hotspot\share\interpreter\linkResolver.cpp, line 774]
Event: 1.359 Thread 0x0000024125ce6120 Exception <a 'java/lang/NoSuchMethodError'{0x0000000088ddbf40}: 'java.lang.Object java.lang.invoke.Invokers$Holder.linkToTargetMethod(java.lang.Object, long, java.lang.Object)'> (0x0000000088ddbf40) 
thrown [s\src\hotspot\share\interpreter\linkResolver.cpp, line 774]
Event: 1.416 Thread 0x0000024125ce6120 Exception <a 'java/lang/ClassNotFoundException'{0x0000000088b14d18}: com/sun/glass/ui/win/themes> (0x0000000088b14d18) 
thrown [s\src\hotspot\share\prims\jni.cpp, line 536]
Event: 1.416 Thread 0x0000024125ce6120 Exception <a 'java/lang/ClassNotFoundException'{0x0000000088b1c9e0}: com/sun/glass/ui/win/themes_es> (0x0000000088b1c9e0) 
thrown [s\src\hotspot\share\prims\jni.cpp, line 536]
Event: 1.416 Thread 0x0000024125ce6120 Exception <a 'java/lang/ClassNotFoundException'{0x0000000088b24780}: com/sun/glass/ui/win/themes_es_CR> (0x0000000088b24780) 
thrown [s\src\hotspot\share\prims\jni.cpp, line 536]
Event: 1.449 Thread 0x0000024125ce6120 Implicit null exception at 0x00000241120d642c to 0x00000241120d66bc
Event: 1.449 Thread 0x0000024125ce6120 Implicit null exception at 0x00000241120d442f to 0x00000241120d4678
Event: 1.450 Thread 0x0000024125ce6120 Exception <a 'java/lang/NoSuchMethodError'{0x000000008897c710}: 'void java.lang.invoke.DirectMethodHandle$Holder.invokeStaticInit(java.lang.Object, java.lang.Object)'> (0x000000008897c710) 
thrown [s\src\hotspot\share\interpreter\linkResolver.cpp, line 774]
Event: 1.521 Thread 0x0000024125ce6120 Exception <a 'java/lang/NoSuchMethodError'{0x0000000088592d58}: 'java.lang.Object java.lang.invoke.DirectMethodHandle$Holder.newInvokeSpecial(java.lang.Object, java.lang.Object, java.lang.Object, java.lang.Object, java.lang.Object, java.lang.Object, java.lang.Object)'> (0x0000000088592d58) 
thrown [s\src\hotspot\share\interpreter\linkResolver.cpp, line 774]
Event: 1.582 Thread 0x0000024125ce6120 Exception <a 'java/lang/NoSuchMethodError'{0x0000000089506e48}: 'java.lang.Object java.lang.invoke.DirectMethodHandle$Holder.invokeInterface(java.lang.Object, java.lang.Object, java.lang.Object)'> (0x0000000089506e48) 
thrown [s\src\hotspot\share\interpreter\linkResolver.cpp, line 774]
Event: 1.582 Thread 0x0000024125ce6120 Exception <a 'java/lang/IncompatibleClassChangeError'{0x000000008950ab28}: Found class java.lang.Object, but interface was expected> (0x000000008950ab28) 
thrown [s\src\hotspot\share\interpreter\linkResolver.cpp, line 841]

VM Operations (20 events):
Event: 0.435 Executing VM operation: HandshakeAllThreads done
Event: 1.420 Executing VM operation: HandshakeAllThreads
Event: 1.420 Executing VM operation: HandshakeAllThreads done
Event: 1.420 Executing VM operation: Cleanup
Event: 1.420 Executing VM operation: Cleanup done
Event: 1.465 Executing VM operation: HandshakeAllThreads
Event: 1.465 Executing VM operation: HandshakeAllThreads done
Event: 1.480 Executing VM operation: G1CollectForAllocation
Event: 1.484 Executing VM operation: G1CollectForAllocation done
Event: 1.497 Executing VM operation: G1CollectForAllocation
Event: 1.497 Executing VM operation: G1CollectForAllocation done
Event: 1.497 Executing VM operation: G1CollectForAllocation
Event: 1.500 Executing VM operation: G1CollectForAllocation done
Event: 1.534 Executing VM operation: G1CollectForAllocation
Event: 1.536 Executing VM operation: G1CollectForAllocation done
Event: 1.558 Executing VM operation: G1CollectForAllocation
Event: 1.559 Executing VM operation: G1CollectForAllocation done
Event: 1.580 Executing VM operation: G1CollectForAllocation
Event: 1.581 Executing VM operation: G1CollectForAllocation done
Event: 1.602 Executing VM operation: G1CollectForAllocation

Events (20 events):
Event: 0.024 Thread 0x000002412171a4f0 Thread added: 0x000002412171a4f0
Event: 0.024 Thread 0x00000241217201a0 Thread added: 0x00000241217201a0
Event: 0.024 Thread 0x0000024121720ad0 Thread added: 0x0000024121720ad0
Event: 0.024 Thread 0x00000241217215a0 Thread added: 0x00000241217215a0
Event: 0.024 Thread 0x0000024121722670 Thread added: 0x0000024121722670
Event: 0.024 Thread 0x0000024121726150 Thread added: 0x0000024121726150
Event: 0.024 Thread 0x000002412172eb20 Thread added: 0x000002412172eb20
Event: 0.024 Thread 0x0000024121735140 Thread added: 0x0000024121735140
Event: 0.039 Thread 0x0000024125a2dc40 Thread added: 0x0000024125a2dc40
Event: 0.042 Thread 0x0000024125a41fb0 Thread added: 0x0000024125a41fb0
Event: 0.163 Thread 0x0000024125cb16d0 Thread added: 0x0000024125cb16d0
Event: 0.209 Thread 0x0000024125cd63f0 Thread added: 0x0000024125cd63f0
Event: 0.212 Thread 0x0000024125ce6120 Thread added: 0x0000024125ce6120
Event: 0.307 Thread 0x00000241265922a0 Thread added: 0x00000241265922a0
Event: 0.317 Thread 0x000002412658f2d0 Thread added: 0x000002412658f2d0
Event: 0.391 Thread 0x000002412658fd70 Thread added: 0x000002412658fd70
Event: 1.431 Thread 0x0000024126a6cee0 Thread added: 0x0000024126a6cee0
Event: 1.474 Thread 0x0000024126590810 Thread added: 0x0000024126590810
Event: 1.474 Thread 0x000002412658f820 Thread added: 0x000002412658f820
Event: 1.474 Thread 0x00000241265902c0 Thread added: 0x00000241265902c0


Dynamic libraries:
0x00007ff7234c0000 - 0x00007ff7234ce000 	C:\Program Files\Zulu\zulu-19\bin\java.exe
0x00007ffa972f0000 - 0x00007ffa97504000 	C:\WINDOWS\SYSTEM32\ntdll.dll
0x00007ffa96a30000 - 0x00007ffa96af2000 	C:\WINDOWS\System32\KERNEL32.DLL
0x00007ffa94a90000 - 0x00007ffa94e2c000 	C:\WINDOWS\System32\KERNELBASE.dll
0x00007ffa94730000 - 0x00007ffa94841000 	C:\WINDOWS\System32\ucrtbase.dll
0x00007ffa82ef0000 - 0x00007ffa82f0b000 	C:\Program Files\Zulu\zulu-19\bin\VCRUNTIME140.dll
0x00007ffa8e270000 - 0x00007ffa8e287000 	C:\Program Files\Zulu\zulu-19\bin\jli.dll
0x00007ffa95ee0000 - 0x00007ffa9608b000 	C:\WINDOWS\System32\USER32.dll
0x00007ffa7c330000 - 0x00007ffa7c5be000 	C:\WINDOWS\WinSxS\amd64_microsoft.windows.common-controls_6595b64144ccf1df_6.0.22621.608_none_a9444ca7c10bb01d\COMCTL32.dll
0x00007ffa94a60000 - 0x00007ffa94a86000 	C:\WINDOWS\System32\win32u.dll
0x00007ffa97200000 - 0x00007ffa972a7000 	C:\WINDOWS\System32\msvcrt.dll
0x00007ffa97050000 - 0x00007ffa97079000 	C:\WINDOWS\System32\GDI32.dll
0x00007ffa94f70000 - 0x00007ffa95083000 	C:\WINDOWS\System32\gdi32full.dll
0x00007ffa949c0000 - 0x00007ffa94a5a000 	C:\WINDOWS\System32\msvcp_win.dll
0x00007ffa95ea0000 - 0x00007ffa95ed1000 	C:\WINDOWS\System32\IMM32.DLL
0x00007ffa8eda0000 - 0x00007ffa8edac000 	C:\Program Files\Zulu\zulu-19\bin\vcruntime140_1.dll
0x00007ffa82340000 - 0x00007ffa823cd000 	C:\Program Files\Zulu\zulu-19\bin\msvcp140.dll
0x00007ffa354b0000 - 0x00007ffa361b7000 	C:\Program Files\Zulu\zulu-19\bin\server\jvm.dll
0x00007ffa970d0000 - 0x00007ffa9717e000 	C:\WINDOWS\System32\ADVAPI32.dll
0x00007ffa95d60000 - 0x00007ffa95e04000 	C:\WINDOWS\System32\sechost.dll
0x00007ffa95c20000 - 0x00007ffa95d35000 	C:\WINDOWS\System32\RPCRT4.dll
0x00007ffa8ce90000 - 0x00007ffa8cec4000 	C:\WINDOWS\SYSTEM32\WINMM.dll
0x00007ffa8df80000 - 0x00007ffa8df89000 	C:\WINDOWS\SYSTEM32\WSOCK32.dll
0x00007ffa8ce00000 - 0x00007ffa8ce0a000 	C:\WINDOWS\SYSTEM32\VERSION.dll
0x00007ffa95620000 - 0x00007ffa95691000 	C:\WINDOWS\System32\WS2_32.dll
0x00007ffa93790000 - 0x00007ffa937a8000 	C:\WINDOWS\SYSTEM32\kernel.appcore.dll
0x00007ffa8e210000 - 0x00007ffa8e21a000 	C:\Program Files\Zulu\zulu-19\bin\jimage.dll
0x00007ffa920e0000 - 0x00007ffa9230e000 	C:\WINDOWS\SYSTEM32\DBGHELP.DLL
0x00007ffa95790000 - 0x00007ffa95b19000 	C:\WINDOWS\System32\combase.dll
0x00007ffa95160000 - 0x00007ffa95237000 	C:\WINDOWS\System32\OLEAUT32.dll
0x00007ffa764d0000 - 0x00007ffa76502000 	C:\WINDOWS\SYSTEM32\dbgcore.DLL
0x00007ffa94e30000 - 0x00007ffa94eab000 	C:\WINDOWS\System32\bcryptPrimitives.dll
0x00007ffa82d90000 - 0x00007ffa82db6000 	C:\Program Files\Zulu\zulu-19\bin\java.dll
0x00007ffa572d0000 - 0x00007ffa573a7000 	C:\Program Files\Zulu\zulu-19\bin\jsvml.dll
0x00007ffa960a0000 - 0x00007ffa96890000 	C:\WINDOWS\System32\SHELL32.dll
0x00007ffa92750000 - 0x00007ffa9301d000 	C:\WINDOWS\SYSTEM32\windows.storage.dll
0x00007ffa92610000 - 0x00007ffa9274e000 	C:\WINDOWS\SYSTEM32\wintypes.dll
0x00007ffa95360000 - 0x00007ffa95451000 	C:\WINDOWS\System32\SHCORE.dll
0x00007ffa956b0000 - 0x00007ffa9570e000 	C:\WINDOWS\System32\shlwapi.dll
0x00007ffa94660000 - 0x00007ffa94681000 	C:\WINDOWS\SYSTEM32\profapi.dll
0x00007ffa82cb0000 - 0x00007ffa82cc3000 	C:\Program Files\Zulu\zulu-19\bin\net.dll
0x00007ffa8d990000 - 0x00007ffa8dac7000 	C:\WINDOWS\SYSTEM32\WINHTTP.dll
0x00007ffa93c00000 - 0x00007ffa93c69000 	C:\WINDOWS\system32\mswsock.dll
0x00007ffa82b60000 - 0x00007ffa82b76000 	C:\Program Files\Zulu\zulu-19\bin\nio.dll
0x00007ffa829b0000 - 0x00007ffa829c8000 	C:\Program Files\Zulu\zulu-19\bin\zip.dll
0x0000024121780000 - 0x0000024121784000 	C:\Program Files\Zulu\zulu-19\bin\api-ms-win-core-console-l1-1-0.dll
0x0000024121790000 - 0x0000024121794000 	C:\Program Files\Zulu\zulu-19\bin\api-ms-win-core-console-l1-2-0.dll
0x00000241217a0000 - 0x00000241217a4000 	C:\Program Files\Zulu\zulu-19\bin\api-ms-win-core-datetime-l1-1-0.dll
0x00000241217b0000 - 0x00000241217b4000 	C:\Program Files\Zulu\zulu-19\bin\api-ms-win-core-debug-l1-1-0.dll
0x00000241217c0000 - 0x00000241217c4000 	C:\Program Files\Zulu\zulu-19\bin\api-ms-win-core-errorhandling-l1-1-0.dll
0x00000241217d0000 - 0x00000241217d5000 	C:\Program Files\Zulu\zulu-19\bin\api-ms-win-core-file-l1-1-0.dll
0x00000241217e0000 - 0x00000241217e4000 	C:\Program Files\Zulu\zulu-19\bin\api-ms-win-core-file-l1-2-0.dll
0x00000241217f0000 - 0x00000241217f4000 	C:\Program Files\Zulu\zulu-19\bin\api-ms-win-core-file-l2-1-0.dll
0x0000024125d30000 - 0x0000024125d34000 	C:\Program Files\Zulu\zulu-19\bin\api-ms-win-core-handle-l1-1-0.dll
0x0000024125d40000 - 0x0000024125d44000 	C:\Program Files\Zulu\zulu-19\bin\api-ms-win-core-heap-l1-1-0.dll
0x0000024125d50000 - 0x0000024125d54000 	C:\Program Files\Zulu\zulu-19\bin\api-ms-win-core-interlocked-l1-1-0.dll
0x0000024125d60000 - 0x0000024125d64000 	C:\Program Files\Zulu\zulu-19\bin\api-ms-win-core-libraryloader-l1-1-0.dll
0x0000024125d70000 - 0x0000024125d74000 	C:\Program Files\Zulu\zulu-19\bin\api-ms-win-core-localization-l1-2-0.dll
0x0000024125d80000 - 0x0000024125d84000 	C:\Program Files\Zulu\zulu-19\bin\api-ms-win-core-memory-l1-1-0.dll
0x0000024125d90000 - 0x0000024125d94000 	C:\Program Files\Zulu\zulu-19\bin\api-ms-win-core-namedpipe-l1-1-0.dll
0x0000024125da0000 - 0x0000024125da4000 	C:\Program Files\Zulu\zulu-19\bin\api-ms-win-core-processenvironment-l1-1-0.dll
0x0000024125db0000 - 0x0000024125db4000 	C:\Program Files\Zulu\zulu-19\bin\api-ms-win-core-processthreads-l1-1-0.dll
0x0000024125dc0000 - 0x0000024125dc4000 	C:\Program Files\Zulu\zulu-19\bin\api-ms-win-core-processthreads-l1-1-1.dll
0x0000024125dd0000 - 0x0000024125dd4000 	C:\Program Files\Zulu\zulu-19\bin\api-ms-win-core-profile-l1-1-0.dll
0x0000024125de0000 - 0x0000024125de4000 	C:\Program Files\Zulu\zulu-19\bin\api-ms-win-core-rtlsupport-l1-1-0.dll
0x0000024125df0000 - 0x0000024125df4000 	C:\Program Files\Zulu\zulu-19\bin\api-ms-win-core-string-l1-1-0.dll
0x0000024125e00000 - 0x0000024125e04000 	C:\Program Files\Zulu\zulu-19\bin\api-ms-win-core-synch-l1-1-0.dll
0x0000024125e10000 - 0x0000024125e14000 	C:\Program Files\Zulu\zulu-19\bin\api-ms-win-core-synch-l1-2-0.dll
0x0000024125e20000 - 0x0000024125e24000 	C:\Program Files\Zulu\zulu-19\bin\api-ms-win-core-sysinfo-l1-1-0.dll
0x0000024125e30000 - 0x0000024125e34000 	C:\Program Files\Zulu\zulu-19\bin\api-ms-win-core-timezone-l1-1-0.dll
0x0000024125e40000 - 0x0000024125e44000 	C:\Program Files\Zulu\zulu-19\bin\api-ms-win-core-util-l1-1-0.dll
0x0000024125e50000 - 0x0000024125e54000 	C:\Program Files\Zulu\zulu-19\bin\api-ms-win-crt-conio-l1-1-0.dll
0x0000024125e60000 - 0x0000024125e65000 	C:\Program Files\Zulu\zulu-19\bin\api-ms-win-crt-convert-l1-1-0.dll
0x0000024125e70000 - 0x0000024125e74000 	C:\Program Files\Zulu\zulu-19\bin\api-ms-win-crt-environment-l1-1-0.dll
0x0000024125e80000 - 0x0000024125e84000 	C:\Program Files\Zulu\zulu-19\bin\api-ms-win-crt-filesystem-l1-1-0.dll
0x0000024125e90000 - 0x0000024125e94000 	C:\Program Files\Zulu\zulu-19\bin\api-ms-win-crt-heap-l1-1-0.dll
0x0000024125ea0000 - 0x0000024125ea4000 	C:\Program Files\Zulu\zulu-19\bin\api-ms-win-crt-locale-l1-1-0.dll
0x0000024125eb0000 - 0x0000024125eb6000 	C:\Program Files\Zulu\zulu-19\bin\api-ms-win-crt-math-l1-1-0.dll
0x0000024125ec0000 - 0x0000024125ec6000 	C:\Program Files\Zulu\zulu-19\bin\api-ms-win-crt-multibyte-l1-1-0.dll
0x0000024125ed0000 - 0x0000024125ee1000 	C:\Program Files\Zulu\zulu-19\bin\api-ms-win-crt-private-l1-1-0.dll
0x0000024125ef0000 - 0x0000024125ef4000 	C:\Program Files\Zulu\zulu-19\bin\api-ms-win-crt-process-l1-1-0.dll
0x0000024125f00000 - 0x0000024125f05000 	C:\Program Files\Zulu\zulu-19\bin\api-ms-win-crt-runtime-l1-1-0.dll
0x0000024125f10000 - 0x0000024125f15000 	C:\Program Files\Zulu\zulu-19\bin\api-ms-win-crt-stdio-l1-1-0.dll
0x0000024125f20000 - 0x0000024125f25000 	C:\Program Files\Zulu\zulu-19\bin\api-ms-win-crt-string-l1-1-0.dll
0x0000024125f30000 - 0x0000024125f34000 	C:\Program Files\Zulu\zulu-19\bin\api-ms-win-crt-time-l1-1-0.dll
0x0000024125f40000 - 0x0000024125f44000 	C:\Program Files\Zulu\zulu-19\bin\api-ms-win-crt-utility-l1-1-0.dll
0x00007ffa493c0000 - 0x00007ffa494d0000 	C:\Program Files\Zulu\zulu-19\bin\ucrtbase.dll
0x00007ffa8dc90000 - 0x00007ffa8dc99000 	C:\Program Files\Zulu\zulu-19\bin\msvcp140_1.dll
0x00007ffa82880000 - 0x00007ffa828af000 	C:\Program Files\Zulu\zulu-19\bin\msvcp140_2.dll
0x00007ffa821f0000 - 0x00007ffa8221c000 	C:\Program Files\Zulu\zulu-19\bin\prism_d3d.dll
0x00007ffa85410000 - 0x00007ffa855b9000 	C:\WINDOWS\system32\d3d9.dll
0x00007ffa91cd0000 - 0x00007ffa91cfb000 	C:\WINDOWS\SYSTEM32\dwmapi.dll
0x00007ffa91a90000 - 0x00007ffa91ac6000 	C:\WINDOWS\SYSTEM32\dxcore.dll
0x00007ffa91990000 - 0x00007ffa91a3b000 	C:\WINDOWS\system32\uxtheme.dll
0x00007ffa83fa0000 - 0x00007ffa840b7000 	C:\WINDOWS\System32\DriverStore\FileRepository\nvlt.inf_amd64_7947c31fc944635c\nvldumdx.dll
0x00007ffa943d0000 - 0x00007ffa943e2000 	C:\WINDOWS\SYSTEM32\msasn1.dll
0x00007ffa8c0c0000 - 0x00007ffa8c0f2000 	C:\WINDOWS\SYSTEM32\cryptnet.dll
0x00007ffa94850000 - 0x00007ffa949b6000 	C:\WINDOWS\System32\CRYPT32.dll
0x00007ffa8bf20000 - 0x00007ffa8c078000 	C:\WINDOWS\SYSTEM32\drvstore.dll
0x00007ffa943f0000 - 0x00007ffa9441c000 	C:\WINDOWS\SYSTEM32\devobj.dll
0x00007ffa94420000 - 0x00007ffa9446e000 	C:\WINDOWS\SYSTEM32\CFGMGR32.dll
0x00007ffa93f70000 - 0x00007ffa93fb8000 	C:\WINDOWS\SYSTEM32\wldp.dll
0x00007ffa93ee0000 - 0x00007ffa93eec000 	C:\WINDOWS\SYSTEM32\cryptbase.dll
0x00007ffa95090000 - 0x00007ffa950fb000 	C:\WINDOWS\System32\WINTRUST.DLL
0x00007ffa95d40000 - 0x00007ffa95d5f000 	C:\WINDOWS\System32\imagehlp.dll
0x00007ffa93ec0000 - 0x00007ffa93edb000 	C:\WINDOWS\SYSTEM32\CRYPTSP.dll
0x00007ffa93700000 - 0x00007ffa93735000 	C:\WINDOWS\system32\rsaenh.dll
0x00007ffa94090000 - 0x00007ffa940b8000 	C:\WINDOWS\SYSTEM32\bcrypt.dll
0x00007ffa33ca0000 - 0x00007ffa354aa000 	C:\WINDOWS\System32\DriverStore\FileRepository\nvlt.inf_amd64_7947c31fc944635c\nvd3dumx.dll
0x00007ffa8d750000 - 0x00007ffa8d798000 	C:\WINDOWS\SYSTEM32\directxdatabasehelper.dll
0x00007ffa820b0000 - 0x00007ffa820f2000 	C:\Program Files\Zulu\zulu-19\bin\glass.dll
0x00007ffa95b20000 - 0x00007ffa95c17000 	C:\WINDOWS\System32\COMDLG32.dll
0x00007ffa96890000 - 0x00007ffa96a2c000 	C:\WINDOWS\System32\ole32.dll
0x00007ffa95240000 - 0x00007ffa9535e000 	C:\WINDOWS\System32\MSCTF.dll
0x00007ffa4c6b0000 - 0x00007ffa4c967000 	C:\WINDOWS\system32\nvspcap64.dll
0x00007ffa937b0000 - 0x00007ffa937e4000 	C:\WINDOWS\SYSTEM32\ntmarta.dll
0x00007ffa93c90000 - 0x00007ffa93cb6000 	C:\WINDOWS\SYSTEM32\gpapi.dll
0x00007ffa81e20000 - 0x00007ffa81e4d000 	C:\Program Files\Zulu\zulu-19\bin\javafx_iio.dll
0x00007ffa82320000 - 0x00007ffa82334000 	C:\Program Files\Zulu\zulu-19\bin\javafx_font.dll
0x00007ffa902b0000 - 0x00007ffa90517000 	C:\WINDOWS\SYSTEM32\dwrite.dll
0x00007ffa96f90000 - 0x00007ffa97040000 	C:\WINDOWS\System32\clbcatq.dll
0x00007ffa8fd10000 - 0x00007ffa8fec0000 	C:\WINDOWS\SYSTEM32\WindowsCodecs.dll
0x00007ffa62ac0000 - 0x00007ffa62b1e000 	C:\WINDOWS\system32\dataexchange.dll
0x00007ffa84f80000 - 0x00007ffa851ea000 	C:\WINDOWS\system32\twinapi.appcore.dll
0x00007ffa7b1f0000 - 0x00007ffa7b222000 	C:\Program Files\Common Files\Microsoft Shared\Ink\rtscom.dll
0x00007ffa83e70000 - 0x00007ffa83f9e000 	C:\WINDOWS\SYSTEM32\textinputframework.dll
0x00007ffa913d0000 - 0x00007ffa91503000 	C:\WINDOWS\SYSTEM32\CoreMessaging.dll
0x00007ffa8c9f0000 - 0x00007ffa8cd5c000 	C:\WINDOWS\SYSTEM32\CoreUIComponents.dll

dbghelp: loaded successfully - version: 4.0.5 - missing functions: none
symbol engine: initialized successfully - sym options: 0x614 - pdb path: .;C:\Program Files\Zulu\zulu-19\bin;C:\WINDOWS\SYSTEM32;C:\WINDOWS\WinSxS\amd64_microsoft.windows.common-controls_6595b64144ccf1df_6.0.22621.608_none_a9444ca7c10bb01d;C:\Program Files\Zulu\zulu-19\bin\server;C:\WINDOWS\System32\DriverStore\FileRepository\nvlt.inf_amd64_7947c31fc944635c;C:\Program Files\Common Files\Microsoft Shared\Ink;C:\Users\ulise\AppData\Local\Temp\jSerialComm\2.9.3

VM Arguments:
jvm_args: -Dfile.encoding=UTF-8 
java_command: GameMenuDemo
java_class_path (initial): C:\Users\ulise\Desktop\TEC\Algoritmos y estructura de datos I\BuscaMinas\ventana busca minas\lib\rxtx-2.1-7r2;C:\Users\ulise\Downloads\RXTXcomm.jar;C:\Users\ulise\Downloads\jSerialComm-2.9.3.zip;C:\Users\ulise\Downloads\jSerialComm-2.9.3.jar;C:\Users\ulise\Desktop\TEC\Algoritmos y estructura de datos I\BuscaMinas\ventana busca minas\build\classes
Launcher Type: SUN_STANDARD

[Global flags]
     intx CICompilerCount                          = 4                                         {product} {ergonomic}
     uint ConcGCThreads                            = 3                                         {product} {ergonomic}
     uint G1ConcRefinementThreads                  = 10                                        {product} {ergonomic}
   size_t G1HeapRegionSize                         = 1048576                                   {product} {ergonomic}
    uintx GCDrainStackTargetSize                   = 64                                        {product} {ergonomic}
   size_t InitialHeapSize                          = 134217728                                 {product} {ergonomic}
   size_t MarkStackSize                            = 4194304                                   {product} {ergonomic}
   size_t MaxHeapSize                              = 2124414976                                {product} {ergonomic}
   size_t MaxNewSize                               = 1274019840                                {product} {ergonomic}
   size_t MinHeapDeltaBytes                        = 1048576                                   {product} {ergonomic}
   size_t MinHeapSize                              = 8388608                                   {product} {ergonomic}
    uintx NonNMethodCodeHeapSize                   = 5839372                                {pd product} {ergonomic}
    uintx NonProfiledCodeHeapSize                  = 122909434                              {pd product} {ergonomic}
    uintx ProfiledCodeHeapSize                     = 122909434                              {pd product} {ergonomic}
    uintx ReservedCodeCacheSize                    = 251658240                              {pd product} {ergonomic}
     bool SegmentedCodeCache                       = true                                      {product} {ergonomic}
   size_t SoftMaxHeapSize                          = 2124414976                             {manageable} {ergonomic}
     bool UseCompressedClassPointers               = true                           {product lp64_product} {ergonomic}
     bool UseCompressedOops                        = true                           {product lp64_product} {ergonomic}
     bool UseG1GC                                  = true                                      {product} {ergonomic}
     bool UseLargePagesIndividualAllocation        = false                                  {pd product} {ergonomic}

Logging:
Log output configuration:
 #0: stdout all=warning uptime,level,tags foldmultilines=false
 #1: stderr all=off uptime,level,tags foldmultilines=false

Environment Variables:
PATH=C:\Program Files\Zulu\zulu-19\bin\;C:\Program Files\Common Files\Oracle\Java\javapath;C:\Program Files (x86)\Common Files\Oracle\Java\javapath;C:\Windows\system32;C:\Windows;C:\Windows\System32\Wbem;C:\Windows\System32\WindowsPowerShell\v1.0\;C:\Windows\System32\OpenSSH\;C:\Program Files (x86)\NVIDIA Corporation\PhysX\Common;C:\Program Files\NVIDIA Corporation\NVIDIA NvDLISR;C:\WINDOWS\system32;C:\WINDOWS;C:\WINDOWS\System32\Wbem;C:\WINDOWS\System32\WindowsPowerShell\v1.0\;C:\WINDOWS\System32\OpenSSH\;C:\Program Files\nodejs\;C:\Program Files\Git\cmd;C:\Users\ulise\AppData\Local\Microsoft\WindowsApps;C:\Users\ulise\AppData\Local\Programs\Microsoft VS Code\bin;C:\Users\ulise\AppData\Roaming\npm;C:\Users\ulise\AppData\Local\GitHubDesktop\bin
USERNAME=ulise
OS=Windows_NT
PROCESSOR_IDENTIFIER=Intel64 Family 6 Model 165 Stepping 2, GenuineIntel
TMP=C:\Users\ulise\AppData\Local\Temp
TEMP=C:\Users\ulise\AppData\Local\Temp



---------------  S Y S T E M  ---------------

OS:
 Windows 11 , 64 bit Build 22621 (10.0.22621.1485)
OS uptime: 6 days 12:44 hours

CPU: total 12 (initial active 12) (6 cores per cpu, 2 threads per core) family 6 model 165 stepping 2 microcode 0xe2, cx8, cmov, fxsr, ht, mmx, 3dnowpref, sse, sse2, sse3, ssse3, sse4.1, sse4.2, popcnt, lzcnt, tsc, tscinvbit, avx, avx2, aes, erms, clmul, bmi1, bmi2, adx, fma, vzeroupper, clflush, clflushopt, rdtscp

Memory: 4k page, system-wide physical 8099M (1165M free)
TotalPageFile size 12195M (AvailPageFile size 89M)
current process WorkingSet (physical memory assigned to process): 208M, peak: 208M
current process commit charge ("private bytes"): 307M, peak: 396M

vm_info: OpenJDK 64-Bit Server VM (19.0.2+7) for windows-amd64 JRE (19.0.2+7) (Zulu19.32+15-CA), built on Dec 28 2022 19:25:40 by "zulu_re" with MS VC++ 16.10 / 16.11 (VS2019)

END.
