#
# There is insufficient memory for the Java Runtime Environment to continue.
# Native memory allocation (malloc) failed to allocate 32744 bytes for Chunk::new
# Possible reasons:
#   The system is out of physical RAM or swap space
#   The process is running with CompressedOops enabled, and the Java Heap may be blocking the growth of the native heap
# Possible solutions:
#   Reduce memory load on the system
#   Increase physical memory or swap space
#   Check if swap backing store is full
#   Decrease Java heap size (-Xmx/-Xms)
#   Decrease number of Java threads
#   Decrease Java thread stack sizes (-Xss)
#   Set larger code cache with -XX:ReservedCodeCacheSize=
#   JVM is running with Unscaled Compressed Oops mode in which the Java heap is
#     placed in the first 4GB address space. The Java Heap base address is the
#     maximum limit for the native heap growth. Please use -XX:HeapBaseMinAddress
#     to set the Java Heap base and to place the Java Heap above 4GB virtual address.
# This output file may be truncated or incomplete.
#
#  Out of Memory Error (arena.cpp:184), pid=7364, tid=8456
#
# JRE version: OpenJDK Runtime Environment Zulu19.32+15-CA (19.0.2+7) (build 19.0.2+7)
# Java VM: OpenJDK 64-Bit Server VM Zulu19.32+15-CA (19.0.2+7, mixed mode, sharing, tiered, compressed oops, compressed class ptrs, g1 gc, windows-amd64)
# No core dump will be written. Minidumps are not enabled by default on client versions of Windows
#

---------------  S U M M A R Y ------------

Command Line: -Dfile.encoding=UTF-8 GameMenuDemo

Host: Intel(R) Core(TM) i7-10750H CPU @ 2.60GHz, 12 cores, 7G,  Windows 11 , 64 bit Build 22621 (10.0.22621.1485)
Time: Mon Apr  3 01:03:02 2023 Hora estándar, América Central elapsed time: 374.605103 seconds (0d 0h 6m 14s)

---------------  T H R E A D  ---------------

Current thread (0x000001c76ff8d550):  JavaThread "C1 CompilerThread0" daemon [_thread_in_native, id=8456, stack(0x0000005947000000,0x0000005947100000)]


Current CompileTask:
C1: 374605 3401   !   3       com.sun.javafx.tk.quantum.PresentingPainter::run (680 bytes)

Stack: [0x0000005947000000,0x0000005947100000]
Native frames: (J=compiled Java code, j=interpreted, Vv=VM code, C=native code)
V  [jvm.dll+0x6eab2a]
V  [jvm.dll+0x8a4a20]
V  [jvm.dll+0x8a640e]
V  [jvm.dll+0x8a6ac3]
V  [jvm.dll+0x27c1ef]
V  [jvm.dll+0xc245f]
V  [jvm.dll+0xc27d5]
V  [jvm.dll+0x141045]
V  [jvm.dll+0x1a6ef6]
V  [jvm.dll+0x1a897d]
V  [jvm.dll+0x1a800b]
V  [jvm.dll+0x16f4fb]
V  [jvm.dll+0x159108]
V  [jvm.dll+0x1592a3]
V  [jvm.dll+0x159586]
V  [jvm.dll+0x1589ef]
V  [jvm.dll+0x15a6e1]
V  [jvm.dll+0x254799]
V  [jvm.dll+0x2529a8]
V  [jvm.dll+0x854e98]
V  [jvm.dll+0x84ec7a]
V  [jvm.dll+0x6e981b]
C  [ucrtbase.dll+0x29363]
C  [KERNEL32.DLL+0x1269d]
C  [ntdll.dll+0x5a9f8]


---------------  P R O C E S S  ---------------

Threads class SMR info:
_java_thread_list=0x000001c77dce9d30, length=20, elements={
0x000001c750008350, 0x000001c76ff6c270, 0x000001c76ff6cf40, 0x000001c76ff75de0,
0x000001c76ff76710, 0x000001c76ff771e0, 0x000001c76ff77e50, 0x000001c76ff79c60,
0x000001c76ff8d550, 0x000001c76ff9aab0, 0x000001c77423d110, 0x000001c77423d660,
0x000001c77423e100, 0x000001c7742400e0, 0x000001c77423e650, 0x000001c77423f640,
0x000001c77423f0f0, 0x000001c77423fb90, 0x000001c77e087000, 0x000001c77e081060
}

Java Threads: ( => current thread )
  0x000001c750008350 JavaThread "main" [_thread_blocked, id=20764, stack(0x0000005946200000,0x0000005946300000)]
  0x000001c76ff6c270 JavaThread "Reference Handler" daemon [_thread_blocked, id=1712, stack(0x0000005946900000,0x0000005946a00000)]
  0x000001c76ff6cf40 JavaThread "Finalizer" daemon [_thread_blocked, id=4428, stack(0x0000005946a00000,0x0000005946b00000)]
  0x000001c76ff75de0 JavaThread "Signal Dispatcher" daemon [_thread_blocked, id=13744, stack(0x0000005946b00000,0x0000005946c00000)]
  0x000001c76ff76710 JavaThread "Attach Listener" daemon [_thread_blocked, id=12848, stack(0x0000005946c00000,0x0000005946d00000)]
  0x000001c76ff771e0 JavaThread "Service Thread" daemon [_thread_blocked, id=17528, stack(0x0000005946d00000,0x0000005946e00000)]
  0x000001c76ff77e50 JavaThread "Monitor Deflation Thread" daemon [_thread_blocked, id=15620, stack(0x0000005946e00000,0x0000005946f00000)]
  0x000001c76ff79c60 JavaThread "C2 CompilerThread0" daemon [_thread_blocked, id=15596, stack(0x0000005946f00000,0x0000005947000000)]
=>0x000001c76ff8d550 JavaThread "C1 CompilerThread0" daemon [_thread_in_native, id=8456, stack(0x0000005947000000,0x0000005947100000)]
  0x000001c76ff9aab0 JavaThread "Sweeper thread" daemon [_thread_blocked, id=17880, stack(0x0000005947100000,0x0000005947200000)]
  0x000001c77423d110 JavaThread "Notification Thread" daemon [_thread_blocked, id=22532, stack(0x0000005947200000,0x0000005947300000)]
  0x000001c77423d660 JavaThread "Common-Cleaner" daemon [_thread_blocked, id=7184, stack(0x0000005947400000,0x0000005947500000)]
  0x000001c77423e100 JavaThread "QuantumRenderer-0" daemon [_thread_blocked, id=16936, stack(0x0000005947500000,0x0000005947600000)]
  0x000001c7742400e0 JavaThread "InvokeLaterDispatcher" daemon [_thread_blocked, id=21980, stack(0x0000005947700000,0x0000005947800000)]
  0x000001c77423e650 JavaThread "JavaFX Application Thread" [_thread_in_native, id=352, stack(0x0000005947800000,0x0000005947900000)]
  0x000001c77423f640 JavaThread "JavaFX-Launcher" [_thread_blocked, id=21332, stack(0x0000005947b00000,0x0000005947c00000)]
  0x000001c77423f0f0 JavaThread "Thread-2" daemon [_thread_in_native, id=2052, stack(0x0000005947a00000,0x0000005947b00000)]
  0x000001c77423fb90 JavaThread "Prism Font Disposer" daemon [_thread_blocked, id=11256, stack(0x0000005947c00000,0x0000005947d00000)]
  0x000001c77e087000 JavaThread "Timer-0" [_thread_blocked, id=5880, stack(0x0000005948400000,0x0000005948500000)]
  0x000001c77e081060 JavaThread "Cleaner-0" daemon [_thread_blocked, id=10956, stack(0x0000005948500000,0x0000005948600000)]

Other Threads:
  0x000001c76ff52150 VMThread "VM Thread" [stack: 0x0000005946800000,0x0000005946900000] [id=19540]
  0x000001c774240f90 WatcherThread "VM Periodic Task Thread" [stack: 0x0000005947300000,0x0000005947400000] [id=5972]
  0x000001c750068f80 WorkerThread "GC Thread#0" [stack: 0x0000005946300000,0x0000005946400000] [id=14416]
  0x000001c77dc5abc0 WorkerThread "GC Thread#1" [stack: 0x0000005948600000,0x0000005948700000] [id=19496]
  0x000001c77dc58cd0 WorkerThread "GC Thread#2" [stack: 0x0000005948700000,0x0000005948800000] [id=22872]
  0x000001c77dc57ec0 WorkerThread "GC Thread#3" [stack: 0x0000005948800000,0x0000005948900000] [id=17156]
  0x000001c77dc5b160 WorkerThread "GC Thread#4" [stack: 0x0000005948900000,0x0000005948a00000] [id=6056]
  0x000001c77dc59270 WorkerThread "GC Thread#5" [stack: 0x0000005948a00000,0x0000005948b00000] [id=2800]
  0x000001c77dc59540 WorkerThread "GC Thread#6" [stack: 0x0000005948b00000,0x0000005948c00000] [id=16632]
  0x000001c77dc5a080 WorkerThread "GC Thread#7" [stack: 0x0000005948c00000,0x0000005948d00000] [id=21404]
  0x000001c77dc5a8f0 WorkerThread "GC Thread#8" [stack: 0x0000005948d00000,0x0000005948e00000] [id=14952]
  0x000001c77dc57bf0 WorkerThread "GC Thread#9" [stack: 0x0000005948e00000,0x0000005948f00000] [id=23016]
  0x000001c750079f20 ConcurrentGCThread "G1 Main Marker" [stack: 0x0000005946400000,0x0000005946500000] [id=20844]
  0x000001c75007b3f0 WorkerThread "G1 Conc#0" [stack: 0x0000005946500000,0x0000005946600000] [id=20168]
  0x000001c7500ce540 ConcurrentGCThread "G1 Refine#0" [stack: 0x0000005946600000,0x0000005946700000] [id=13764]
  0x000001c76fe0b530 ConcurrentGCThread "G1 Service" [stack: 0x0000005946700000,0x0000005946800000] [id=7872]

Threads with active compile tasks:
C1 CompilerThread0   374621 3401   !   3       com.sun.javafx.tk.quantum.PresentingPainter::run (680 bytes)

VM state: not at safepoint (normal execution)

VM Mutex/Monitor currently owned by a thread: None

Heap address: 0x0000000081600000, size: 2026 MB, Compressed Oops mode: 32-bit

CDS archive(s) mapped at: [0x0000000800000000-0x0000000800c40000-0x0000000800c40000), size 12845056, SharedBaseAddress: 0x0000000800000000, ArchiveRelocationMode: 0.
Compressed class space mapped at: 0x0000000801000000-0x0000000841000000, reserved size: 1073741824
Narrow klass base: 0x0000000800000000, Narrow klass shift: 0, Narrow klass range: 0x100000000

GC Precious Log:
 CardTable entry size: 512
 Card Set container configuration: InlinePtr #cards 5 size 8 Array Of Cards #cards 12 size 40 Howl #buckets 4 coarsen threshold 1843 Howl Bitmap #cards 512 size 80 coarsen threshold 460 Card regions per heap region 1 cards per card region 2048
 CPUs: 12 total, 12 available
 Memory: 8099M
 Large Page Support: Disabled
 NUMA Support: Disabled
 Compressed Oops: Enabled (32-bit)
 Heap Region Size: 1M
 Heap Min Capacity: 8M
 Heap Initial Capacity: 128M
 Heap Max Capacity: 2026M
 Pre-touch: Disabled
 Parallel Workers: 10
 Concurrent Workers: 3
 Concurrent Refinement Workers: 10
 Periodic GC: Disabled

Heap:
 garbage-first heap   total 131072K, used 20907K [0x0000000081600000, 0x0000000100000000)
  region size 1024K, 13 young (13312K), 3 survivors (3072K)
 Metaspace       used 13662K, committed 13888K, reserved 1114112K
  class space    used 1752K, committed 1856K, reserved 1048576K

Heap Regions: E=young(eden), S=young(survivor), O=old, HS=humongous(starts), HC=humongous(continues), CS=collection set, F=free, OA=open archive, CA=closed archive, TAMS=top-at-mark-start (previous, next)
|   0|0x0000000081600000, 0x0000000081700000, 0x0000000081700000|100%|HS|  |TAMS 0x0000000081600000, 0x0000000081600000| Complete 
|   1|0x0000000081700000, 0x0000000081800000, 0x0000000081800000|100%|HS|  |TAMS 0x0000000081700000, 0x0000000081700000| Complete 
|   2|0x0000000081800000, 0x0000000081900000, 0x0000000081900000|100%|HC|  |TAMS 0x0000000081800000, 0x0000000081800000| Complete 
|   3|0x0000000081900000, 0x0000000081a00000, 0x0000000081a00000|100%| O|  |TAMS 0x0000000081900000, 0x0000000081900000| Untracked 
|   4|0x0000000081a00000, 0x0000000081b00000, 0x0000000081b00000|100%| O|  |TAMS 0x0000000081a00000, 0x0000000081a00000| Untracked 
|   5|0x0000000081b00000, 0x0000000081c00000, 0x0000000081c00000|100%| O|  |TAMS 0x0000000081b00000, 0x0000000081b00000| Untracked 
|   6|0x0000000081c00000, 0x0000000081d00000, 0x0000000081d00000|100%| O|  |TAMS 0x0000000081c00000, 0x0000000081c00000| Untracked 
|   7|0x0000000081d00000, 0x0000000081e00000, 0x0000000081e00000|100%| O|  |TAMS 0x0000000081d00000, 0x0000000081d00000| Untracked 
|   8|0x0000000081e00000, 0x0000000081e6ae00, 0x0000000081f00000| 41%| O|  |TAMS 0x0000000081e00000, 0x0000000081e00000| Untracked 
|   9|0x0000000081f00000, 0x0000000081f00000, 0x0000000082000000|  0%| F|  |TAMS 0x0000000081f00000, 0x0000000081f00000| Untracked 
|  10|0x0000000082000000, 0x0000000082000000, 0x0000000082100000|  0%| F|  |TAMS 0x0000000082000000, 0x0000000082000000| Untracked 
|  11|0x0000000082100000, 0x0000000082100000, 0x0000000082200000|  0%| F|  |TAMS 0x0000000082100000, 0x0000000082100000| Untracked 
|  12|0x0000000082200000, 0x0000000082200000, 0x0000000082300000|  0%| F|  |TAMS 0x0000000082200000, 0x0000000082200000| Untracked 
|  13|0x0000000082300000, 0x0000000082300000, 0x0000000082400000|  0%| F|  |TAMS 0x0000000082300000, 0x0000000082300000| Untracked 
|  14|0x0000000082400000, 0x0000000082400000, 0x0000000082500000|  0%| F|  |TAMS 0x0000000082400000, 0x0000000082400000| Untracked 
|  15|0x0000000082500000, 0x0000000082500000, 0x0000000082600000|  0%| F|  |TAMS 0x0000000082500000, 0x0000000082500000| Untracked 
|  16|0x0000000082600000, 0x0000000082600000, 0x0000000082700000|  0%| F|  |TAMS 0x0000000082600000, 0x0000000082600000| Untracked 
|  17|0x0000000082700000, 0x0000000082700000, 0x0000000082800000|  0%| F|  |TAMS 0x0000000082700000, 0x0000000082700000| Untracked 
|  18|0x0000000082800000, 0x0000000082800000, 0x0000000082900000|  0%| F|  |TAMS 0x0000000082800000, 0x0000000082800000| Untracked 
|  19|0x0000000082900000, 0x0000000082900000, 0x0000000082a00000|  0%| F|  |TAMS 0x0000000082900000, 0x0000000082900000| Untracked 
|  20|0x0000000082a00000, 0x0000000082a00000, 0x0000000082b00000|  0%| F|  |TAMS 0x0000000082a00000, 0x0000000082a00000| Untracked 
|  21|0x0000000082b00000, 0x0000000082b00000, 0x0000000082c00000|  0%| F|  |TAMS 0x0000000082b00000, 0x0000000082b00000| Untracked 
|  22|0x0000000082c00000, 0x0000000082c00000, 0x0000000082d00000|  0%| F|  |TAMS 0x0000000082c00000, 0x0000000082c00000| Untracked 
|  23|0x0000000082d00000, 0x0000000082d00000, 0x0000000082e00000|  0%| F|  |TAMS 0x0000000082d00000, 0x0000000082d00000| Untracked 
|  24|0x0000000082e00000, 0x0000000082e00000, 0x0000000082f00000|  0%| F|  |TAMS 0x0000000082e00000, 0x0000000082e00000| Untracked 
|  25|0x0000000082f00000, 0x0000000082f00000, 0x0000000083000000|  0%| F|  |TAMS 0x0000000082f00000, 0x0000000082f00000| Untracked 
|  26|0x0000000083000000, 0x0000000083000000, 0x0000000083100000|  0%| F|  |TAMS 0x0000000083000000, 0x0000000083000000| Untracked 
|  27|0x0000000083100000, 0x0000000083100000, 0x0000000083200000|  0%| F|  |TAMS 0x0000000083100000, 0x0000000083100000| Untracked 
|  28|0x0000000083200000, 0x0000000083200000, 0x0000000083300000|  0%| F|  |TAMS 0x0000000083200000, 0x0000000083200000| Untracked 
|  29|0x0000000083300000, 0x0000000083300000, 0x0000000083400000|  0%| F|  |TAMS 0x0000000083300000, 0x0000000083300000| Untracked 
|  30|0x0000000083400000, 0x0000000083400000, 0x0000000083500000|  0%| F|  |TAMS 0x0000000083400000, 0x0000000083400000| Untracked 
|  31|0x0000000083500000, 0x0000000083500000, 0x0000000083600000|  0%| F|  |TAMS 0x0000000083500000, 0x0000000083500000| Untracked 
|  32|0x0000000083600000, 0x0000000083600000, 0x0000000083700000|  0%| F|  |TAMS 0x0000000083600000, 0x0000000083600000| Untracked 
|  33|0x0000000083700000, 0x0000000083700000, 0x0000000083800000|  0%| F|  |TAMS 0x0000000083700000, 0x0000000083700000| Untracked 
|  34|0x0000000083800000, 0x0000000083800000, 0x0000000083900000|  0%| F|  |TAMS 0x0000000083800000, 0x0000000083800000| Untracked 
|  35|0x0000000083900000, 0x0000000083900000, 0x0000000083a00000|  0%| F|  |TAMS 0x0000000083900000, 0x0000000083900000| Untracked 
|  36|0x0000000083a00000, 0x0000000083a00000, 0x0000000083b00000|  0%| F|  |TAMS 0x0000000083a00000, 0x0000000083a00000| Untracked 
|  37|0x0000000083b00000, 0x0000000083b00000, 0x0000000083c00000|  0%| F|  |TAMS 0x0000000083b00000, 0x0000000083b00000| Untracked 
|  38|0x0000000083c00000, 0x0000000083c00000, 0x0000000083d00000|  0%| F|  |TAMS 0x0000000083c00000, 0x0000000083c00000| Untracked 
|  39|0x0000000083d00000, 0x0000000083d00000, 0x0000000083e00000|  0%| F|  |TAMS 0x0000000083d00000, 0x0000000083d00000| Untracked 
|  40|0x0000000083e00000, 0x0000000083e00000, 0x0000000083f00000|  0%| F|  |TAMS 0x0000000083e00000, 0x0000000083e00000| Untracked 
|  41|0x0000000083f00000, 0x0000000083f00000, 0x0000000084000000|  0%| F|  |TAMS 0x0000000083f00000, 0x0000000083f00000| Untracked 
|  42|0x0000000084000000, 0x0000000084000000, 0x0000000084100000|  0%| F|  |TAMS 0x0000000084000000, 0x0000000084000000| Untracked 
|  43|0x0000000084100000, 0x0000000084100000, 0x0000000084200000|  0%| F|  |TAMS 0x0000000084100000, 0x0000000084100000| Untracked 
|  44|0x0000000084200000, 0x0000000084200000, 0x0000000084300000|  0%| F|  |TAMS 0x0000000084200000, 0x0000000084200000| Untracked 
|  45|0x0000000084300000, 0x0000000084300000, 0x0000000084400000|  0%| F|  |TAMS 0x0000000084300000, 0x0000000084300000| Untracked 
|  46|0x0000000084400000, 0x0000000084400000, 0x0000000084500000|  0%| F|  |TAMS 0x0000000084400000, 0x0000000084400000| Untracked 
|  47|0x0000000084500000, 0x0000000084500000, 0x0000000084600000|  0%| F|  |TAMS 0x0000000084500000, 0x0000000084500000| Untracked 
|  48|0x0000000084600000, 0x0000000084600000, 0x0000000084700000|  0%| F|  |TAMS 0x0000000084600000, 0x0000000084600000| Untracked 
|  49|0x0000000084700000, 0x0000000084700000, 0x0000000084800000|  0%| F|  |TAMS 0x0000000084700000, 0x0000000084700000| Untracked 
|  50|0x0000000084800000, 0x0000000084800000, 0x0000000084900000|  0%| F|  |TAMS 0x0000000084800000, 0x0000000084800000| Untracked 
|  51|0x0000000084900000, 0x0000000084900000, 0x0000000084a00000|  0%| F|  |TAMS 0x0000000084900000, 0x0000000084900000| Untracked 
|  52|0x0000000084a00000, 0x0000000084a00000, 0x0000000084b00000|  0%| F|  |TAMS 0x0000000084a00000, 0x0000000084a00000| Untracked 
|  53|0x0000000084b00000, 0x0000000084b00000, 0x0000000084c00000|  0%| F|  |TAMS 0x0000000084b00000, 0x0000000084b00000| Untracked 
|  54|0x0000000084c00000, 0x0000000084c00000, 0x0000000084d00000|  0%| F|  |TAMS 0x0000000084c00000, 0x0000000084c00000| Untracked 
|  55|0x0000000084d00000, 0x0000000084d00000, 0x0000000084e00000|  0%| F|  |TAMS 0x0000000084d00000, 0x0000000084d00000| Untracked 
|  56|0x0000000084e00000, 0x0000000084e00000, 0x0000000084f00000|  0%| F|  |TAMS 0x0000000084e00000, 0x0000000084e00000| Untracked 
|  57|0x0000000084f00000, 0x0000000084f00000, 0x0000000085000000|  0%| F|  |TAMS 0x0000000084f00000, 0x0000000084f00000| Untracked 
|  58|0x0000000085000000, 0x0000000085000000, 0x0000000085100000|  0%| F|  |TAMS 0x0000000085000000, 0x0000000085000000| Untracked 
|  59|0x0000000085100000, 0x0000000085100000, 0x0000000085200000|  0%| F|  |TAMS 0x0000000085100000, 0x0000000085100000| Untracked 
|  60|0x0000000085200000, 0x0000000085200000, 0x0000000085300000|  0%| F|  |TAMS 0x0000000085200000, 0x0000000085200000| Untracked 
|  61|0x0000000085300000, 0x0000000085300000, 0x0000000085400000|  0%| F|  |TAMS 0x0000000085300000, 0x0000000085300000| Untracked 
|  62|0x0000000085400000, 0x0000000085400000, 0x0000000085500000|  0%| F|  |TAMS 0x0000000085400000, 0x0000000085400000| Untracked 
|  63|0x0000000085500000, 0x0000000085500000, 0x0000000085600000|  0%| F|  |TAMS 0x0000000085500000, 0x0000000085500000| Untracked 
|  64|0x0000000085600000, 0x0000000085600000, 0x0000000085700000|  0%| F|  |TAMS 0x0000000085600000, 0x0000000085600000| Untracked 
|  65|0x0000000085700000, 0x0000000085700000, 0x0000000085800000|  0%| F|  |TAMS 0x0000000085700000, 0x0000000085700000| Untracked 
|  66|0x0000000085800000, 0x0000000085800000, 0x0000000085900000|  0%| F|  |TAMS 0x0000000085800000, 0x0000000085800000| Untracked 
|  67|0x0000000085900000, 0x0000000085900000, 0x0000000085a00000|  0%| F|  |TAMS 0x0000000085900000, 0x0000000085900000| Untracked 
|  68|0x0000000085a00000, 0x0000000085a00000, 0x0000000085b00000|  0%| F|  |TAMS 0x0000000085a00000, 0x0000000085a00000| Untracked 
|  69|0x0000000085b00000, 0x0000000085b00000, 0x0000000085c00000|  0%| F|  |TAMS 0x0000000085b00000, 0x0000000085b00000| Untracked 
|  70|0x0000000085c00000, 0x0000000085c00000, 0x0000000085d00000|  0%| F|  |TAMS 0x0000000085c00000, 0x0000000085c00000| Untracked 
|  71|0x0000000085d00000, 0x0000000085d00000, 0x0000000085e00000|  0%| F|  |TAMS 0x0000000085d00000, 0x0000000085d00000| Untracked 
|  72|0x0000000085e00000, 0x0000000085e00000, 0x0000000085f00000|  0%| F|  |TAMS 0x0000000085e00000, 0x0000000085e00000| Untracked 
|  73|0x0000000085f00000, 0x0000000085f00000, 0x0000000086000000|  0%| F|  |TAMS 0x0000000085f00000, 0x0000000085f00000| Untracked 
|  74|0x0000000086000000, 0x0000000086000000, 0x0000000086100000|  0%| F|  |TAMS 0x0000000086000000, 0x0000000086000000| Untracked 
|  75|0x0000000086100000, 0x0000000086100000, 0x0000000086200000|  0%| F|  |TAMS 0x0000000086100000, 0x0000000086100000| Untracked 
|  76|0x0000000086200000, 0x0000000086200000, 0x0000000086300000|  0%| F|  |TAMS 0x0000000086200000, 0x0000000086200000| Untracked 
|  77|0x0000000086300000, 0x0000000086300000, 0x0000000086400000|  0%| F|  |TAMS 0x0000000086300000, 0x0000000086300000| Untracked 
|  78|0x0000000086400000, 0x0000000086400000, 0x0000000086500000|  0%| F|  |TAMS 0x0000000086400000, 0x0000000086400000| Untracked 
|  79|0x0000000086500000, 0x0000000086500000, 0x0000000086600000|  0%| F|  |TAMS 0x0000000086500000, 0x0000000086500000| Untracked 
|  80|0x0000000086600000, 0x0000000086600000, 0x0000000086700000|  0%| F|  |TAMS 0x0000000086600000, 0x0000000086600000| Untracked 
|  81|0x0000000086700000, 0x0000000086700000, 0x0000000086800000|  0%| F|  |TAMS 0x0000000086700000, 0x0000000086700000| Untracked 
|  82|0x0000000086800000, 0x0000000086800000, 0x0000000086900000|  0%| F|  |TAMS 0x0000000086800000, 0x0000000086800000| Untracked 
|  83|0x0000000086900000, 0x0000000086900000, 0x0000000086a00000|  0%| F|  |TAMS 0x0000000086900000, 0x0000000086900000| Untracked 
|  84|0x0000000086a00000, 0x0000000086a00000, 0x0000000086b00000|  0%| F|  |TAMS 0x0000000086a00000, 0x0000000086a00000| Untracked 
|  85|0x0000000086b00000, 0x0000000086b00000, 0x0000000086c00000|  0%| F|  |TAMS 0x0000000086b00000, 0x0000000086b00000| Untracked 
|  86|0x0000000086c00000, 0x0000000086c00000, 0x0000000086d00000|  0%| F|  |TAMS 0x0000000086c00000, 0x0000000086c00000| Untracked 
|  87|0x0000000086d00000, 0x0000000086d00000, 0x0000000086e00000|  0%| F|  |TAMS 0x0000000086d00000, 0x0000000086d00000| Untracked 
|  88|0x0000000086e00000, 0x0000000086e00000, 0x0000000086f00000|  0%| F|  |TAMS 0x0000000086e00000, 0x0000000086e00000| Untracked 
|  89|0x0000000086f00000, 0x0000000086f00000, 0x0000000087000000|  0%| F|  |TAMS 0x0000000086f00000, 0x0000000086f00000| Untracked 
|  90|0x0000000087000000, 0x0000000087000000, 0x0000000087100000|  0%| F|  |TAMS 0x0000000087000000, 0x0000000087000000| Untracked 
|  91|0x0000000087100000, 0x0000000087100000, 0x0000000087200000|  0%| F|  |TAMS 0x0000000087100000, 0x0000000087100000| Untracked 
|  92|0x0000000087200000, 0x0000000087200000, 0x0000000087300000|  0%| F|  |TAMS 0x0000000087200000, 0x0000000087200000| Untracked 
|  93|0x0000000087300000, 0x0000000087300000, 0x0000000087400000|  0%| F|  |TAMS 0x0000000087300000, 0x0000000087300000| Untracked 
|  94|0x0000000087400000, 0x0000000087400000, 0x0000000087500000|  0%| F|  |TAMS 0x0000000087400000, 0x0000000087400000| Untracked 
|  95|0x0000000087500000, 0x0000000087500000, 0x0000000087600000|  0%| F|  |TAMS 0x0000000087500000, 0x0000000087500000| Untracked 
|  96|0x0000000087600000, 0x0000000087600000, 0x0000000087700000|  0%| F|  |TAMS 0x0000000087600000, 0x0000000087600000| Untracked 
|  97|0x0000000087700000, 0x0000000087700000, 0x0000000087800000|  0%| F|  |TAMS 0x0000000087700000, 0x0000000087700000| Untracked 
|  98|0x0000000087800000, 0x0000000087800000, 0x0000000087900000|  0%| F|  |TAMS 0x0000000087800000, 0x0000000087800000| Untracked 
|  99|0x0000000087900000, 0x0000000087900000, 0x0000000087a00000|  0%| F|  |TAMS 0x0000000087900000, 0x0000000087900000| Untracked 
| 100|0x0000000087a00000, 0x0000000087a00000, 0x0000000087b00000|  0%| F|  |TAMS 0x0000000087a00000, 0x0000000087a00000| Untracked 
| 101|0x0000000087b00000, 0x0000000087b00000, 0x0000000087c00000|  0%| F|  |TAMS 0x0000000087b00000, 0x0000000087b00000| Untracked 
| 102|0x0000000087c00000, 0x0000000087d00000, 0x0000000087d00000|100%| S|CS|TAMS 0x0000000087c00000, 0x0000000087c00000| Complete 
| 103|0x0000000087d00000, 0x0000000087e00000, 0x0000000087e00000|100%| S|CS|TAMS 0x0000000087d00000, 0x0000000087d00000| Complete 
| 104|0x0000000087e00000, 0x0000000087f00000, 0x0000000087f00000|100%| S|CS|TAMS 0x0000000087e00000, 0x0000000087e00000| Complete 
| 105|0x0000000087f00000, 0x0000000087f00000, 0x0000000088000000|  0%| F|  |TAMS 0x0000000087f00000, 0x0000000087f00000| Untracked 
| 106|0x0000000088000000, 0x0000000088000000, 0x0000000088100000|  0%| F|  |TAMS 0x0000000088000000, 0x0000000088000000| Untracked 
| 107|0x0000000088100000, 0x0000000088100000, 0x0000000088200000|  0%| F|  |TAMS 0x0000000088100000, 0x0000000088100000| Untracked 
| 108|0x0000000088200000, 0x0000000088200000, 0x0000000088300000|  0%| F|  |TAMS 0x0000000088200000, 0x0000000088200000| Untracked 
| 109|0x0000000088300000, 0x0000000088300000, 0x0000000088400000|  0%| F|  |TAMS 0x0000000088300000, 0x0000000088300000| Untracked 
| 110|0x0000000088400000, 0x0000000088400000, 0x0000000088500000|  0%| F|  |TAMS 0x0000000088400000, 0x0000000088400000| Untracked 
| 111|0x0000000088500000, 0x0000000088500000, 0x0000000088600000|  0%| F|  |TAMS 0x0000000088500000, 0x0000000088500000| Untracked 
| 112|0x0000000088600000, 0x0000000088600000, 0x0000000088700000|  0%| F|  |TAMS 0x0000000088600000, 0x0000000088600000| Untracked 
| 113|0x0000000088700000, 0x0000000088700000, 0x0000000088800000|  0%| F|  |TAMS 0x0000000088700000, 0x0000000088700000| Untracked 
| 114|0x0000000088800000, 0x0000000088800000, 0x0000000088900000|  0%| F|  |TAMS 0x0000000088800000, 0x0000000088800000| Untracked 
| 115|0x0000000088900000, 0x0000000088900000, 0x0000000088a00000|  0%| F|  |TAMS 0x0000000088900000, 0x0000000088900000| Untracked 
| 116|0x0000000088a00000, 0x0000000088a00000, 0x0000000088b00000|  0%| F|  |TAMS 0x0000000088a00000, 0x0000000088a00000| Untracked 
| 117|0x0000000088b00000, 0x0000000088b00000, 0x0000000088c00000|  0%| F|  |TAMS 0x0000000088b00000, 0x0000000088b00000| Untracked 
| 118|0x0000000088c00000, 0x0000000088d00000, 0x0000000088d00000|100%| E|  |TAMS 0x0000000088c00000, 0x0000000088c00000| Complete 
| 119|0x0000000088d00000, 0x0000000088e00000, 0x0000000088e00000|100%| E|CS|TAMS 0x0000000088d00000, 0x0000000088d00000| Complete 
| 120|0x0000000088e00000, 0x0000000088f00000, 0x0000000088f00000|100%| E|CS|TAMS 0x0000000088e00000, 0x0000000088e00000| Complete 
| 121|0x0000000088f00000, 0x0000000089000000, 0x0000000089000000|100%| E|CS|TAMS 0x0000000088f00000, 0x0000000088f00000| Complete 
| 122|0x0000000089000000, 0x0000000089100000, 0x0000000089100000|100%| E|CS|TAMS 0x0000000089000000, 0x0000000089000000| Complete 
| 123|0x0000000089100000, 0x0000000089200000, 0x0000000089200000|100%| E|CS|TAMS 0x0000000089100000, 0x0000000089100000| Complete 
| 124|0x0000000089200000, 0x0000000089300000, 0x0000000089300000|100%| E|CS|TAMS 0x0000000089200000, 0x0000000089200000| Complete 
| 125|0x0000000089300000, 0x0000000089400000, 0x0000000089400000|100%| E|CS|TAMS 0x0000000089300000, 0x0000000089300000| Complete 
| 126|0x0000000089400000, 0x0000000089500000, 0x0000000089500000|100%| E|CS|TAMS 0x0000000089400000, 0x0000000089400000| Complete 
| 127|0x0000000089500000, 0x0000000089600000, 0x0000000089600000|100%| E|CS|TAMS 0x0000000089500000, 0x0000000089500000| Complete 

Card table byte_map: [0x000001c768bc0000,0x000001c768fc0000] _byte_map_base: 0x000001c7687b5000

Marking Bits (Prev, Next): (CMBitMap*) 0x000001c7500695b0, (CMBitMap*) 0x000001c7500695f0
 Prev Bits: [0x000001c7693c0000, 0x000001c76b368000)
 Next Bits: [0x000001c76b370000, 0x000001c76d318000)

Polling page: 0x000001c74f7d0000

Metaspace:

Usage:
  Non-class:     11.63 MB used.
      Class:      1.71 MB used.
       Both:     13.34 MB used.

Virtual space:
  Non-class space:       64.00 MB reserved,      11.75 MB ( 18%) committed,  1 nodes.
      Class space:        1.00 GB reserved,       1.81 MB ( <1%) committed,  1 nodes.
             Both:        1.06 GB reserved,      13.56 MB (  1%) committed. 

Chunk freelists:
   Non-Class:  2.59 MB
       Class:  2.14 MB
        Both:  4.73 MB

MaxMetaspaceSize: unlimited
CompressedClassSpaceSize: 1.00 GB
Initial GC threshold: 21.00 MB
Current GC threshold: 21.00 MB
CDS: on
MetaspaceReclaimPolicy: balanced
 - commit_granule_bytes: 65536.
 - commit_granule_words: 8192.
 - virtual_space_node_default_size: 8388608.
 - enlarge_chunks_in_place: 1.
 - new_chunks_are_fully_committed: 0.
 - uncommit_free_chunks: 1.
 - use_allocation_guard: 0.


Internal statistics:

num_allocs_failed_limit: 0.
num_arena_births: 234.
num_arena_deaths: 0.
num_vsnodes_births: 2.
num_vsnodes_deaths: 0.
num_space_committed: 217.
num_space_uncommitted: 0.
num_chunks_returned_to_freelist: 0.
num_chunks_taken_from_freelist: 743.
num_chunk_merges: 0.
num_chunk_splits: 511.
num_chunks_enlarged: 397.
num_inconsistent_stats: 0.

CodeHeap 'non-profiled nmethods': size=120000Kb used=1327Kb max_used=1327Kb free=118672Kb
 bounds [0x000001c760d40000, 0x000001c760fb0000, 0x000001c768270000]
CodeHeap 'profiled nmethods': size=120000Kb used=7206Kb max_used=7206Kb free=112793Kb
 bounds [0x000001c759270000, 0x000001c759980000, 0x000001c7607a0000]
CodeHeap 'non-nmethods': size=5760Kb used=1517Kb max_used=1584Kb free=4242Kb
 bounds [0x000001c7607a0000, 0x000001c760a10000, 0x000001c760d40000]
 total_blobs=4199 nmethods=3399 adapters=708
 compilation: enabled
              stopped_count=0, restarted_count=0
 full_count=0

Compilation events (20 events):
Event: 372.601 Thread 0x000001c76ff79c60 3397       4       com.sun.prism.d3d.D3DShader::setConstants (56 bytes)
Event: 372.602 Thread 0x000001c76ff8d550 nmethod 3391 0x000001c75996fb90 code [0x000001c75996ff60, 0x000001c759971cf8]
Event: 372.602 Thread 0x000001c76ff8d550 3392   !   3       java.util.concurrent.LinkedBlockingQueue::signalNotEmpty (33 bytes)
Event: 372.602 Thread 0x000001c76ff8d550 nmethod 3392 0x000001c759972790 code [0x000001c759972a20, 0x000001c759973648]
Event: 372.602 Thread 0x000001c76ff8d550 3393       3       java.util.concurrent.ThreadPoolExecutor$Worker::lock (6 bytes)
Event: 372.602 Thread 0x000001c76ff8d550 nmethod 3393 0x000001c759973b10 code [0x000001c759973cc0, 0x000001c759973e08]
Event: 372.602 Thread 0x000001c76ff8d550 3394       3       java.util.concurrent.ThreadPoolExecutor$Worker::tryAcquire (20 bytes)
Event: 372.603 Thread 0x000001c76ff8d550 nmethod 3394 0x000001c759973e90 code [0x000001c759974040, 0x000001c759974288]
Event: 372.603 Thread 0x000001c76ff8d550 3395       3       java.util.concurrent.ThreadPoolExecutor::beforeExecute (1 bytes)
Event: 372.603 Thread 0x000001c76ff8d550 nmethod 3395 0x000001c759974310 code [0x000001c7599744a0, 0x000001c7599745b8]
Event: 372.603 Thread 0x000001c76ff8d550 3396   !   3       java.util.concurrent.FutureTask::runAndReset (125 bytes)
Event: 372.604 Thread 0x000001c76ff8d550 nmethod 3396 0x000001c759974690 code [0x000001c759974a20, 0x000001c759976878]
Event: 372.607 Thread 0x000001c76ff79c60 nmethod 3397 0x000001c760e8a590 code [0x000001c760e8a780, 0x000001c760e8ad80]
Event: 372.607 Thread 0x000001c76ff79c60 3398       4       com.sun.prism.d3d.D3DShader::getRegister (80 bytes)
Event: 372.610 Thread 0x000001c76ff79c60 nmethod 3398 0x000001c760e8b390 code [0x000001c760e8b560, 0x000001c760e8b970]
Event: 374.599 Thread 0x000001c76ff8d550 3399       3       java.util.concurrent.ThreadPoolExecutor::execute (132 bytes)
Event: 374.599 Thread 0x000001c76ff8d550 nmethod 3399 0x000001c759977090 code [0x000001c759977340, 0x000001c759977fe8]
Event: 374.599 Thread 0x000001c76ff8d550 3400   !   3       com.sun.javafx.tk.RenderJob::run (92 bytes)
Event: 374.600 Thread 0x000001c76ff8d550 nmethod 3400 0x000001c759978410 code [0x000001c759978700, 0x000001c7599794f8]
Event: 374.600 Thread 0x000001c76ff8d550 3401   !   3       com.sun.javafx.tk.quantum.PresentingPainter::run (680 bytes)

GC Heap History (2 events):
Event: 1.902 GC heap before
{Heap before GC invocations=0 (full 0):
 garbage-first heap   total 131072K, used 25600K [0x0000000081600000, 0x0000000100000000)
  region size 1024K, 23 young (23552K), 0 survivors (0K)
 Metaspace       used 12637K, committed 12864K, reserved 1114112K
  class space    used 1750K, committed 1856K, reserved 1048576K
}
Event: 1.909 GC heap after
{Heap after GC invocations=1 (full 0):
 garbage-first heap   total 131072K, used 11691K [0x0000000081600000, 0x0000000100000000)
  region size 1024K, 3 young (3072K), 3 survivors (3072K)
 Metaspace       used 12637K, committed 12864K, reserved 1114112K
  class space    used 1750K, committed 1856K, reserved 1048576K
}

Dll operation events (20 events):
Event: 0.134 Loaded shared library C:\Program Files\Zulu\zulu-19\bin\api-ms-win-crt-heap-l1-1-0.dll
Event: 0.135 Loaded shared library C:\Program Files\Zulu\zulu-19\bin\api-ms-win-crt-locale-l1-1-0.dll
Event: 0.136 Loaded shared library C:\Program Files\Zulu\zulu-19\bin\api-ms-win-crt-math-l1-1-0.dll
Event: 0.137 Loaded shared library C:\Program Files\Zulu\zulu-19\bin\api-ms-win-crt-multibyte-l1-1-0.dll
Event: 0.138 Loaded shared library C:\Program Files\Zulu\zulu-19\bin\api-ms-win-crt-private-l1-1-0.dll
Event: 0.139 Loaded shared library C:\Program Files\Zulu\zulu-19\bin\api-ms-win-crt-process-l1-1-0.dll
Event: 0.141 Loaded shared library C:\Program Files\Zulu\zulu-19\bin\api-ms-win-crt-runtime-l1-1-0.dll
Event: 0.142 Loaded shared library C:\Program Files\Zulu\zulu-19\bin\api-ms-win-crt-stdio-l1-1-0.dll
Event: 0.143 Loaded shared library C:\Program Files\Zulu\zulu-19\bin\api-ms-win-crt-string-l1-1-0.dll
Event: 0.144 Loaded shared library C:\Program Files\Zulu\zulu-19\bin\api-ms-win-crt-time-l1-1-0.dll
Event: 0.145 Loaded shared library C:\Program Files\Zulu\zulu-19\bin\api-ms-win-crt-utility-l1-1-0.dll
Event: 0.146 Loaded shared library C:\Program Files\Zulu\zulu-19\bin\ucrtbase.dll
Event: 0.147 Loaded shared library C:\Program Files\Zulu\zulu-19\bin\vcruntime140.dll
Event: 0.148 Loaded shared library C:\Program Files\Zulu\zulu-19\bin\vcruntime140_1.dll
Event: 0.149 Loaded shared library C:\Program Files\Zulu\zulu-19\bin\msvcp140.dll
Event: 0.150 Loaded shared library C:\Program Files\Zulu\zulu-19\bin\msvcp140_1.dll
Event: 0.151 Loaded shared library C:\Program Files\Zulu\zulu-19\bin\msvcp140_2.dll
Event: 0.175 Loaded shared library C:\Program Files\Zulu\zulu-19\bin\prism_d3d.dll
Event: 0.215 Loaded shared library C:\Program Files\Zulu\zulu-19\bin\glass.dll
Event: 0.400 Loaded shared library C:\Program Files\Zulu\zulu-19\bin\javafx_font.dll

Deoptimization events (20 events):
Event: 24.122 Thread 0x000001c77423e100 DEOPT PACKING pc=0x000001c7595b1fe9 sp=0x00000059475fd980
Event: 24.122 Thread 0x000001c77423e100 DEOPT UNPACKING pc=0x000001c760807543 sp=0x00000059475fcd98 mode 0
Event: 24.123 Thread 0x000001c77423e100 DEOPT PACKING pc=0x000001c7595b1fe9 sp=0x00000059475fd980
Event: 24.123 Thread 0x000001c77423e100 DEOPT UNPACKING pc=0x000001c760807543 sp=0x00000059475fcd98 mode 0
Event: 24.124 Thread 0x000001c77423e100 DEOPT PACKING pc=0x000001c7595b1fe9 sp=0x00000059475fd980
Event: 24.124 Thread 0x000001c77423e100 DEOPT UNPACKING pc=0x000001c760807543 sp=0x00000059475fcd98 mode 0
Event: 24.124 Thread 0x000001c77423e100 DEOPT PACKING pc=0x000001c7595b1fe9 sp=0x00000059475fd980
Event: 24.124 Thread 0x000001c77423e100 DEOPT UNPACKING pc=0x000001c760807543 sp=0x00000059475fcd98 mode 0
Event: 24.125 Thread 0x000001c77423e100 DEOPT PACKING pc=0x000001c7595b1fe9 sp=0x00000059475fd980
Event: 24.125 Thread 0x000001c77423e100 DEOPT UNPACKING pc=0x000001c760807543 sp=0x00000059475fcd98 mode 0
Event: 24.125 Thread 0x000001c77423e100 DEOPT PACKING pc=0x000001c7595b1fe9 sp=0x00000059475fd980
Event: 24.125 Thread 0x000001c77423e100 DEOPT UNPACKING pc=0x000001c760807543 sp=0x00000059475fcd98 mode 0
Event: 161.617 Thread 0x000001c77423f0f0 Uncommon trap: trap_request=0xffffff45 fr.pc=0x000001c760e6b0a0 relative=0x00000000000005a0
Event: 161.617 Thread 0x000001c77423f0f0 Uncommon trap: reason=unstable_if action=reinterpret pc=0x000001c760e6b0a0 method=com.sun.javafx.tk.quantum.QuantumToolkit.postPulse()V @ 34 c2
Event: 161.617 Thread 0x000001c77423f0f0 DEOPT PACKING pc=0x000001c760e6b0a0 sp=0x0000005947afef30
Event: 161.617 Thread 0x000001c77423f0f0 DEOPT UNPACKING pc=0x000001c760806da3 sp=0x0000005947afee50 mode 2
Event: 173.613 Thread 0x000001c77423f0f0 Uncommon trap: trap_request=0xffffff45 fr.pc=0x000001c760e69c78 relative=0x0000000000000598
Event: 173.613 Thread 0x000001c77423f0f0 Uncommon trap: reason=unstable_if action=reinterpret pc=0x000001c760e69c78 method=com.sun.javafx.tk.quantum.QuantumToolkit.postPulse()V @ 34 c2
Event: 173.613 Thread 0x000001c77423f0f0 DEOPT PACKING pc=0x000001c760e69c78 sp=0x0000005947afeec0
Event: 173.613 Thread 0x000001c77423f0f0 DEOPT UNPACKING pc=0x000001c760806da3 sp=0x0000005947afee98 mode 2

Classes loaded (20 events):
Event: 1.580 Loading class java/util/TaskQueue
Event: 1.580 Loading class java/util/TaskQueue done
Event: 1.580 Loading class java/util/TimerThread
Event: 1.580 Loading class java/util/TimerThread done
Event: 1.580 Loading class java/util/Timer$ThreadReaper
Event: 1.580 Loading class java/util/Timer$ThreadReaper done
Event: 1.583 Loading class java/util/Collections$SingletonList
Event: 1.583 Loading class java/util/Collections$SingletonList done
Event: 1.617 Loading class java/io/CharArrayReader
Event: 1.617 Loading class java/io/CharArrayReader done
Event: 1.617 Loading class java/io/BufferedReader
Event: 1.617 Loading class java/io/BufferedReader done
Event: 1.749 Loading class java/lang/ArrayIndexOutOfBoundsException
Event: 1.749 Loading class java/lang/ArrayIndexOutOfBoundsException done
Event: 1.754 Loading class jdk/internal/ref/CleanerImpl$InnocuousThreadFactory
Event: 1.754 Loading class jdk/internal/ref/CleanerImpl$InnocuousThreadFactory done
Event: 1.759 Loading class sun/misc/Unsafe
Event: 1.759 Loading class sun/misc/Unsafe done
Event: 1.759 Loading class java/lang/invoke/DirectMethodHandle$StaticAccessor
Event: 1.759 Loading class java/lang/invoke/DirectMethodHandle$StaticAccessor done

Classes unloaded (0 events):
No events

Classes redefined (0 events):
No events

Internal exceptions (20 events):
Event: 0.506 Thread 0x000001c77423e650 Exception <a 'java/lang/NoSuchMethodError'{0x0000000088c21500}: 'int java.lang.invoke.DirectMethodHandle$Holder.invokeSpecial(java.lang.Object, java.lang.Object, java.lang.Object)'> (0x0000000088c21500) 
thrown [s\src\hotspot\share\interpreter\linkResolver.cpp, line 774]
Event: 0.512 Thread 0x000001c77423e650 Exception <a 'java/lang/NoSuchMethodError'{0x0000000088c46050}: 'java.lang.Object java.lang.invoke.DirectMethodHandle$Holder.newInvokeSpecial(java.lang.Object, java.lang.Object, int)'> (0x0000000088c46050) 
thrown [s\src\hotspot\share\interpreter\linkResolver.cpp, line 774]
Event: 0.528 Thread 0x000001c77423e100 Exception <a 'java/lang/NoSuchMethodError'{0x00000000892aa8d8}: 'int java.lang.invoke.DirectMethodHandle$Holder.invokeStaticInit(java.lang.Object, java.lang.Object)'> (0x00000000892aa8d8) 
thrown [s\src\hotspot\share\interpreter\linkResolver.cpp, line 774]
Event: 0.540 Thread 0x000001c77423e100 Exception <a 'java/lang/NoSuchMethodError'{0x0000000088c80060}: 'java.lang.Object java.lang.invoke.Invokers$Holder.invokeExact_MT(java.lang.Object, java.lang.Object, java.lang.Object, java.lang.Object, java.lang.Object)'> (0x0000000088c80060) 
thrown [s\src\hotspot\share\interpreter\linkResolver.cpp, line 774]
Event: 0.546 Thread 0x000001c77423e100 Exception <a 'java/lang/NoSuchMethodError'{0x0000000088c90ce8}: 'java.lang.Object java.lang.invoke.DirectMethodHandle$Holder.invokeStaticInit(java.lang.Object, int)'> (0x0000000088c90ce8) 
thrown [s\src\hotspot\share\interpreter\linkResolver.cpp, line 774]
Event: 1.453 Thread 0x000001c77423e650 Exception <a 'java/lang/NoSuchMethodError'{0x0000000088ba5960}: 'long java.lang.invoke.DirectMethodHandle$Holder.invokeStatic(java.lang.Object, java.lang.Object, java.lang.Object)'> (0x0000000088ba5960) 
thrown [s\src\hotspot\share\interpreter\linkResolver.cpp, line 774]
Event: 1.453 Thread 0x000001c77423e650 Exception <a 'java/lang/NoSuchMethodError'{0x0000000088ba8fd8}: 'long java.lang.invoke.DirectMethodHandle$Holder.invokeStaticInit(java.lang.Object, java.lang.Object, java.lang.Object)'> (0x0000000088ba8fd8) 
thrown [s\src\hotspot\share\interpreter\linkResolver.cpp, line 774]
Event: 1.455 Thread 0x000001c77423e650 Exception <a 'java/lang/NoSuchMethodError'{0x0000000088bc1478}: 'java.lang.Object java.lang.invoke.DirectMethodHandle$Holder.newInvokeSpecial(java.lang.Object, java.lang.Object, long)'> (0x0000000088bc1478) 
thrown [s\src\hotspot\share\interpreter\linkResolver.cpp, line 774]
Event: 1.455 Thread 0x000001c77423e650 Exception <a 'java/lang/NoSuchMethodError'{0x0000000088bc5000}: 'java.lang.Object java.lang.invoke.Invokers$Holder.linkToTargetMethod(java.lang.Object, long, java.lang.Object)'> (0x0000000088bc5000) 
thrown [s\src\hotspot\share\interpreter\linkResolver.cpp, line 774]
Event: 1.530 Thread 0x000001c77423e650 Exception <a 'java/lang/ClassNotFoundException'{0x0000000088be9bf0}: com/sun/glass/ui/win/themes> (0x0000000088be9bf0) 
thrown [s\src\hotspot\share\prims\jni.cpp, line 536]
Event: 1.530 Thread 0x000001c77423e650 Exception <a 'java/lang/ClassNotFoundException'{0x0000000088bf18b8}: com/sun/glass/ui/win/themes_es> (0x0000000088bf18b8) 
thrown [s\src\hotspot\share\prims\jni.cpp, line 536]
Event: 1.530 Thread 0x000001c77423e650 Exception <a 'java/lang/ClassNotFoundException'{0x0000000088bf9658}: com/sun/glass/ui/win/themes_es_CR> (0x0000000088bf9658) 
thrown [s\src\hotspot\share\prims\jni.cpp, line 536]
Event: 1.559 Thread 0x000001c77423e650 Implicit null exception at 0x000001c760d983ac to 0x000001c760d98638
Event: 1.559 Thread 0x000001c77423e650 Implicit null exception at 0x000001c760d96eac to 0x000001c760d97154
Event: 1.559 Thread 0x000001c77423e650 Exception <a 'java/lang/NoSuchMethodError'{0x0000000088851540}: 'void java.lang.invoke.DirectMethodHandle$Holder.invokeStaticInit(java.lang.Object, java.lang.Object)'> (0x0000000088851540) 
thrown [s\src\hotspot\share\interpreter\linkResolver.cpp, line 774]
Event: 1.609 Thread 0x000001c77423e650 Exception <a 'java/lang/NoSuchMethodError'{0x000000008872e190}: 'void java.lang.invoke.DirectMethodHandle$Holder.invokeSpecial(java.lang.Object, java.lang.Object, java.lang.Object, java.lang.Object, java.lang.Object, java.lang.Object)'> (0x000000008872e190) 
thrown [s\src\hotspot\share\interpreter\linkResolver.cpp, line 774]
Event: 1.656 Thread 0x000001c77423e650 Implicit null exception at 0x000001c760dadfea to 0x000001c760dae040
Event: 1.659 Thread 0x000001c77423e650 Exception <a 'java/lang/NoSuchMethodError'{0x00000000885dc180}: 'java.lang.Object java.lang.invoke.DirectMethodHandle$Holder.invokeInterface(java.lang.Object, java.lang.Object, java.lang.Object)'> (0x00000000885dc180) 
thrown [s\src\hotspot\share\interpreter\linkResolver.cpp, line 774]
Event: 1.659 Thread 0x000001c77423e650 Exception <a 'java/lang/IncompatibleClassChangeError'{0x00000000885dfe60}: Found class java.lang.Object, but interface was expected> (0x00000000885dfe60) 
thrown [s\src\hotspot\share\interpreter\linkResolver.cpp, line 841]
Event: 1.712 Thread 0x000001c77423e650 Implicit null exception at 0x000001c760db8e20 to 0x000001c760db9130

VM Operations (20 events):
Event: 287.986 Executing VM operation: Cleanup
Event: 287.986 Executing VM operation: Cleanup done
Event: 293.024 Executing VM operation: Cleanup
Event: 293.024 Executing VM operation: Cleanup done
Event: 295.033 Executing VM operation: Cleanup
Event: 295.033 Executing VM operation: Cleanup done
Event: 306.139 Executing VM operation: Cleanup
Event: 306.140 Executing VM operation: Cleanup done
Event: 358.566 Executing VM operation: Cleanup
Event: 358.567 Executing VM operation: Cleanup done
Event: 362.592 Executing VM operation: Cleanup
Event: 362.592 Executing VM operation: Cleanup done
Event: 367.632 Executing VM operation: Cleanup
Event: 367.632 Executing VM operation: Cleanup done
Event: 370.664 Executing VM operation: Cleanup
Event: 370.664 Executing VM operation: Cleanup done
Event: 372.672 Executing VM operation: Cleanup
Event: 372.672 Executing VM operation: Cleanup done
Event: 373.684 Executing VM operation: Cleanup
Event: 373.684 Executing VM operation: Cleanup done

Events (20 events):
Event: 0.024 Thread 0x000001c76ff77e50 Thread added: 0x000001c76ff77e50
Event: 0.024 Thread 0x000001c76ff79c60 Thread added: 0x000001c76ff79c60
Event: 0.024 Thread 0x000001c76ff8d550 Thread added: 0x000001c76ff8d550
Event: 0.024 Thread 0x000001c76ff9aab0 Thread added: 0x000001c76ff9aab0
Event: 0.037 Thread 0x000001c77423d110 Thread added: 0x000001c77423d110
Event: 0.041 Thread 0x000001c77423d660 Thread added: 0x000001c77423d660
Event: 0.171 Thread 0x000001c77423e100 Thread added: 0x000001c77423e100
Event: 0.217 Thread 0x000001c7742400e0 Thread added: 0x000001c7742400e0
Event: 0.220 Thread 0x000001c77423e650 Thread added: 0x000001c77423e650
Event: 0.340 Thread 0x000001c77423f640 Thread added: 0x000001c77423f640
Event: 0.348 Thread 0x000001c77423f0f0 Thread added: 0x000001c77423f0f0
Event: 0.413 Thread 0x000001c77423fb90 Thread added: 0x000001c77423fb90
Event: 1.542 Thread 0x000001c77db4bd00 Thread added: 0x000001c77db4bd00
Event: 1.580 Thread 0x000001c77e087000 Thread added: 0x000001c77e087000
Event: 1.754 Thread 0x000001c77e081060 Thread added: 0x000001c77e081060
Event: 2.589 Thread 0x000001c77db4bd00 Thread exited: 0x000001c77db4bd00
Event: 4.581 Thread 0x000001c77e05dff0 Thread added: 0x000001c77e05dff0
Event: 5.597 Thread 0x000001c77e05dff0 Thread exited: 0x000001c77e05dff0
Event: 24.086 Thread 0x000001c77e05f630 Thread added: 0x000001c77e05f630
Event: 24.581 Thread 0x000001c77e05f630 Thread exited: 0x000001c77e05f630


Dynamic libraries:
0x00007ff7ceec0000 - 0x00007ff7ceece000 	C:\Program Files\Zulu\zulu-19\bin\java.exe
0x00007ffa972f0000 - 0x00007ffa97504000 	C:\WINDOWS\SYSTEM32\ntdll.dll
0x00007ffa96a30000 - 0x00007ffa96af2000 	C:\WINDOWS\System32\KERNEL32.DLL
0x00007ffa94a90000 - 0x00007ffa94e2c000 	C:\WINDOWS\System32\KERNELBASE.dll
0x00007ffa94730000 - 0x00007ffa94841000 	C:\WINDOWS\System32\ucrtbase.dll
0x00007ffa8dd20000 - 0x00007ffa8dd37000 	C:\Program Files\Zulu\zulu-19\bin\jli.dll
0x00007ffa78be0000 - 0x00007ffa78bfb000 	C:\Program Files\Zulu\zulu-19\bin\VCRUNTIME140.dll
0x00007ffa95ee0000 - 0x00007ffa9608b000 	C:\WINDOWS\System32\USER32.dll
0x00007ffa94a60000 - 0x00007ffa94a86000 	C:\WINDOWS\System32\win32u.dll
0x00007ffa7c330000 - 0x00007ffa7c5be000 	C:\WINDOWS\WinSxS\amd64_microsoft.windows.common-controls_6595b64144ccf1df_6.0.22621.608_none_a9444ca7c10bb01d\COMCTL32.dll
0x00007ffa97050000 - 0x00007ffa97079000 	C:\WINDOWS\System32\GDI32.dll
0x00007ffa97200000 - 0x00007ffa972a7000 	C:\WINDOWS\System32\msvcrt.dll
0x00007ffa94f70000 - 0x00007ffa95083000 	C:\WINDOWS\System32\gdi32full.dll
0x00007ffa949c0000 - 0x00007ffa94a5a000 	C:\WINDOWS\System32\msvcp_win.dll
0x00007ffa95ea0000 - 0x00007ffa95ed1000 	C:\WINDOWS\System32\IMM32.DLL
0x00007ffa8e210000 - 0x00007ffa8e21c000 	C:\Program Files\Zulu\zulu-19\bin\vcruntime140_1.dll
0x00007ffa43e00000 - 0x00007ffa43e8d000 	C:\Program Files\Zulu\zulu-19\bin\msvcp140.dll
0x00007ffa36e30000 - 0x00007ffa37b37000 	C:\Program Files\Zulu\zulu-19\bin\server\jvm.dll
0x00007ffa970d0000 - 0x00007ffa9717e000 	C:\WINDOWS\System32\ADVAPI32.dll
0x00007ffa95d60000 - 0x00007ffa95e04000 	C:\WINDOWS\System32\sechost.dll
0x00007ffa95c20000 - 0x00007ffa95d35000 	C:\WINDOWS\System32\RPCRT4.dll
0x00007ffa8ce90000 - 0x00007ffa8cec4000 	C:\WINDOWS\SYSTEM32\WINMM.dll
0x00007ffa8ce00000 - 0x00007ffa8ce0a000 	C:\WINDOWS\SYSTEM32\VERSION.dll
0x00007ffa8f920000 - 0x00007ffa8f929000 	C:\WINDOWS\SYSTEM32\WSOCK32.dll
0x00007ffa95620000 - 0x00007ffa95691000 	C:\WINDOWS\System32\WS2_32.dll
0x00007ffa93790000 - 0x00007ffa937a8000 	C:\WINDOWS\SYSTEM32\kernel.appcore.dll
0x00007ffa8e190000 - 0x00007ffa8e19a000 	C:\Program Files\Zulu\zulu-19\bin\jimage.dll
0x00007ffa920e0000 - 0x00007ffa9230e000 	C:\WINDOWS\SYSTEM32\DBGHELP.DLL
0x00007ffa95790000 - 0x00007ffa95b19000 	C:\WINDOWS\System32\combase.dll
0x00007ffa95160000 - 0x00007ffa95237000 	C:\WINDOWS\System32\OLEAUT32.dll
0x00007ffa764d0000 - 0x00007ffa76502000 	C:\WINDOWS\SYSTEM32\dbgcore.DLL
0x00007ffa94e30000 - 0x00007ffa94eab000 	C:\WINDOWS\System32\bcryptPrimitives.dll
0x00007ffa766b0000 - 0x00007ffa766d6000 	C:\Program Files\Zulu\zulu-19\bin\java.dll
0x00007ffa43d20000 - 0x00007ffa43df7000 	C:\Program Files\Zulu\zulu-19\bin\jsvml.dll
0x00007ffa960a0000 - 0x00007ffa96890000 	C:\WINDOWS\System32\SHELL32.dll
0x00007ffa92750000 - 0x00007ffa9301d000 	C:\WINDOWS\SYSTEM32\windows.storage.dll
0x00007ffa92610000 - 0x00007ffa9274e000 	C:\WINDOWS\SYSTEM32\wintypes.dll
0x00007ffa95360000 - 0x00007ffa95451000 	C:\WINDOWS\System32\SHCORE.dll
0x00007ffa956b0000 - 0x00007ffa9570e000 	C:\WINDOWS\System32\shlwapi.dll
0x00007ffa94660000 - 0x00007ffa94681000 	C:\WINDOWS\SYSTEM32\profapi.dll
0x00007ffa78bc0000 - 0x00007ffa78bd3000 	C:\Program Files\Zulu\zulu-19\bin\net.dll
0x00007ffa8d990000 - 0x00007ffa8dac7000 	C:\WINDOWS\SYSTEM32\WINHTTP.dll
0x00007ffa93c00000 - 0x00007ffa93c69000 	C:\WINDOWS\system32\mswsock.dll
0x00007ffa76720000 - 0x00007ffa76736000 	C:\Program Files\Zulu\zulu-19\bin\nio.dll
0x00007ffa6e8a0000 - 0x00007ffa6e8b8000 	C:\Program Files\Zulu\zulu-19\bin\zip.dll
0x000001c76ffc0000 - 0x000001c76ffc4000 	C:\Program Files\Zulu\zulu-19\bin\api-ms-win-core-console-l1-1-0.dll
0x000001c76ffd0000 - 0x000001c76ffd4000 	C:\Program Files\Zulu\zulu-19\bin\api-ms-win-core-console-l1-2-0.dll
0x000001c76ffe0000 - 0x000001c76ffe4000 	C:\Program Files\Zulu\zulu-19\bin\api-ms-win-core-datetime-l1-1-0.dll
0x000001c76fff0000 - 0x000001c76fff4000 	C:\Program Files\Zulu\zulu-19\bin\api-ms-win-core-debug-l1-1-0.dll
0x000001c774530000 - 0x000001c774534000 	C:\Program Files\Zulu\zulu-19\bin\api-ms-win-core-errorhandling-l1-1-0.dll
0x000001c774540000 - 0x000001c774545000 	C:\Program Files\Zulu\zulu-19\bin\api-ms-win-core-file-l1-1-0.dll
0x000001c774550000 - 0x000001c774554000 	C:\Program Files\Zulu\zulu-19\bin\api-ms-win-core-file-l1-2-0.dll
0x000001c774560000 - 0x000001c774564000 	C:\Program Files\Zulu\zulu-19\bin\api-ms-win-core-file-l2-1-0.dll
0x000001c774570000 - 0x000001c774574000 	C:\Program Files\Zulu\zulu-19\bin\api-ms-win-core-handle-l1-1-0.dll
0x000001c774580000 - 0x000001c774584000 	C:\Program Files\Zulu\zulu-19\bin\api-ms-win-core-heap-l1-1-0.dll
0x000001c774590000 - 0x000001c774594000 	C:\Program Files\Zulu\zulu-19\bin\api-ms-win-core-interlocked-l1-1-0.dll
0x000001c7745a0000 - 0x000001c7745a4000 	C:\Program Files\Zulu\zulu-19\bin\api-ms-win-core-libraryloader-l1-1-0.dll
0x000001c7745b0000 - 0x000001c7745b4000 	C:\Program Files\Zulu\zulu-19\bin\api-ms-win-core-localization-l1-2-0.dll
0x000001c7745c0000 - 0x000001c7745c4000 	C:\Program Files\Zulu\zulu-19\bin\api-ms-win-core-memory-l1-1-0.dll
0x000001c7745d0000 - 0x000001c7745d4000 	C:\Program Files\Zulu\zulu-19\bin\api-ms-win-core-namedpipe-l1-1-0.dll
0x000001c7745e0000 - 0x000001c7745e4000 	C:\Program Files\Zulu\zulu-19\bin\api-ms-win-core-processenvironment-l1-1-0.dll
0x000001c7745f0000 - 0x000001c7745f4000 	C:\Program Files\Zulu\zulu-19\bin\api-ms-win-core-processthreads-l1-1-0.dll
0x000001c774600000 - 0x000001c774604000 	C:\Program Files\Zulu\zulu-19\bin\api-ms-win-core-processthreads-l1-1-1.dll
0x000001c774610000 - 0x000001c774614000 	C:\Program Files\Zulu\zulu-19\bin\api-ms-win-core-profile-l1-1-0.dll
0x000001c774620000 - 0x000001c774624000 	C:\Program Files\Zulu\zulu-19\bin\api-ms-win-core-rtlsupport-l1-1-0.dll
0x000001c774630000 - 0x000001c774634000 	C:\Program Files\Zulu\zulu-19\bin\api-ms-win-core-string-l1-1-0.dll
0x000001c774640000 - 0x000001c774644000 	C:\Program Files\Zulu\zulu-19\bin\api-ms-win-core-synch-l1-1-0.dll
0x000001c774650000 - 0x000001c774654000 	C:\Program Files\Zulu\zulu-19\bin\api-ms-win-core-synch-l1-2-0.dll
0x000001c774660000 - 0x000001c774664000 	C:\Program Files\Zulu\zulu-19\bin\api-ms-win-core-sysinfo-l1-1-0.dll
0x000001c774670000 - 0x000001c774674000 	C:\Program Files\Zulu\zulu-19\bin\api-ms-win-core-timezone-l1-1-0.dll
0x000001c774680000 - 0x000001c774684000 	C:\Program Files\Zulu\zulu-19\bin\api-ms-win-core-util-l1-1-0.dll
0x000001c774690000 - 0x000001c774694000 	C:\Program Files\Zulu\zulu-19\bin\api-ms-win-crt-conio-l1-1-0.dll
0x000001c7746a0000 - 0x000001c7746a5000 	C:\Program Files\Zulu\zulu-19\bin\api-ms-win-crt-convert-l1-1-0.dll
0x000001c7746b0000 - 0x000001c7746b4000 	C:\Program Files\Zulu\zulu-19\bin\api-ms-win-crt-environment-l1-1-0.dll
0x000001c7746c0000 - 0x000001c7746c4000 	C:\Program Files\Zulu\zulu-19\bin\api-ms-win-crt-filesystem-l1-1-0.dll
0x000001c7746d0000 - 0x000001c7746d4000 	C:\Program Files\Zulu\zulu-19\bin\api-ms-win-crt-heap-l1-1-0.dll
0x000001c7746e0000 - 0x000001c7746e4000 	C:\Program Files\Zulu\zulu-19\bin\api-ms-win-crt-locale-l1-1-0.dll
0x000001c7746f0000 - 0x000001c7746f6000 	C:\Program Files\Zulu\zulu-19\bin\api-ms-win-crt-math-l1-1-0.dll
0x000001c774700000 - 0x000001c774706000 	C:\Program Files\Zulu\zulu-19\bin\api-ms-win-crt-multibyte-l1-1-0.dll
0x000001c774710000 - 0x000001c774721000 	C:\Program Files\Zulu\zulu-19\bin\api-ms-win-crt-private-l1-1-0.dll
0x000001c774730000 - 0x000001c774734000 	C:\Program Files\Zulu\zulu-19\bin\api-ms-win-crt-process-l1-1-0.dll
0x000001c774740000 - 0x000001c774745000 	C:\Program Files\Zulu\zulu-19\bin\api-ms-win-crt-runtime-l1-1-0.dll
0x000001c774750000 - 0x000001c774755000 	C:\Program Files\Zulu\zulu-19\bin\api-ms-win-crt-stdio-l1-1-0.dll
0x000001c774760000 - 0x000001c774765000 	C:\Program Files\Zulu\zulu-19\bin\api-ms-win-crt-string-l1-1-0.dll
0x000001c774770000 - 0x000001c774774000 	C:\Program Files\Zulu\zulu-19\bin\api-ms-win-crt-time-l1-1-0.dll
0x000001c774780000 - 0x000001c774784000 	C:\Program Files\Zulu\zulu-19\bin\api-ms-win-crt-utility-l1-1-0.dll
0x00007ffa43c10000 - 0x00007ffa43d20000 	C:\Program Files\Zulu\zulu-19\bin\ucrtbase.dll
0x00007ffa8df80000 - 0x00007ffa8df89000 	C:\Program Files\Zulu\zulu-19\bin\msvcp140_1.dll
0x00007ffa67c00000 - 0x00007ffa67c2f000 	C:\Program Files\Zulu\zulu-19\bin\msvcp140_2.dll
0x00007ffa622c0000 - 0x00007ffa622ec000 	C:\Program Files\Zulu\zulu-19\bin\prism_d3d.dll
0x00007ffa85410000 - 0x00007ffa855b9000 	C:\WINDOWS\system32\d3d9.dll
0x00007ffa91cd0000 - 0x00007ffa91cfb000 	C:\WINDOWS\SYSTEM32\dwmapi.dll
0x00007ffa91a90000 - 0x00007ffa91ac6000 	C:\WINDOWS\SYSTEM32\dxcore.dll
0x00007ffa91990000 - 0x00007ffa91a3b000 	C:\WINDOWS\system32\uxtheme.dll
0x00007ffa83fa0000 - 0x00007ffa840b7000 	C:\WINDOWS\System32\DriverStore\FileRepository\nvlt.inf_amd64_7947c31fc944635c\nvldumdx.dll
0x00007ffa943d0000 - 0x00007ffa943e2000 	C:\WINDOWS\SYSTEM32\msasn1.dll
0x00007ffa8c0c0000 - 0x00007ffa8c0f2000 	C:\WINDOWS\SYSTEM32\cryptnet.dll
0x00007ffa94850000 - 0x00007ffa949b6000 	C:\WINDOWS\System32\CRYPT32.dll
0x00007ffa8bf20000 - 0x00007ffa8c078000 	C:\WINDOWS\SYSTEM32\drvstore.dll
0x00007ffa943f0000 - 0x00007ffa9441c000 	C:\WINDOWS\SYSTEM32\devobj.dll
0x00007ffa94420000 - 0x00007ffa9446e000 	C:\WINDOWS\SYSTEM32\cfgmgr32.dll
0x00007ffa93f70000 - 0x00007ffa93fb8000 	C:\WINDOWS\SYSTEM32\wldp.dll
0x00007ffa93ee0000 - 0x00007ffa93eec000 	C:\WINDOWS\SYSTEM32\cryptbase.dll
0x00007ffa95090000 - 0x00007ffa950fb000 	C:\WINDOWS\System32\WINTRUST.DLL
0x00007ffa95d40000 - 0x00007ffa95d5f000 	C:\WINDOWS\System32\imagehlp.dll
0x00007ffa93ec0000 - 0x00007ffa93edb000 	C:\WINDOWS\SYSTEM32\CRYPTSP.dll
0x00007ffa93700000 - 0x00007ffa93735000 	C:\WINDOWS\system32\rsaenh.dll
0x00007ffa94090000 - 0x00007ffa940b8000 	C:\WINDOWS\SYSTEM32\bcrypt.dll
0x00007ffa31710000 - 0x00007ffa32f1a000 	C:\WINDOWS\System32\DriverStore\FileRepository\nvlt.inf_amd64_7947c31fc944635c\nvd3dumx.dll
0x00007ffa8d750000 - 0x00007ffa8d798000 	C:\WINDOWS\SYSTEM32\directxdatabasehelper.dll
0x00007ffa5e6d0000 - 0x00007ffa5e712000 	C:\Program Files\Zulu\zulu-19\bin\glass.dll
0x00007ffa95b20000 - 0x00007ffa95c17000 	C:\WINDOWS\System32\COMDLG32.dll
0x00007ffa96890000 - 0x00007ffa96a2c000 	C:\WINDOWS\System32\ole32.dll
0x00007ffa95240000 - 0x00007ffa9535e000 	C:\WINDOWS\System32\MSCTF.dll
0x00007ffa4c6b0000 - 0x00007ffa4c967000 	C:\WINDOWS\system32\nvspcap64.dll
0x00007ffa937b0000 - 0x00007ffa937e4000 	C:\WINDOWS\SYSTEM32\ntmarta.dll
0x00007ffa93c90000 - 0x00007ffa93cb6000 	C:\WINDOWS\SYSTEM32\gpapi.dll
0x00007ffa6d510000 - 0x00007ffa6d524000 	C:\Program Files\Zulu\zulu-19\bin\javafx_font.dll
0x00007ffa902b0000 - 0x00007ffa90517000 	C:\WINDOWS\SYSTEM32\dwrite.dll
0x00007ffa96f90000 - 0x00007ffa97040000 	C:\WINDOWS\System32\clbcatq.dll
0x00007ffa8fd10000 - 0x00007ffa8fec0000 	C:\WINDOWS\SYSTEM32\WindowsCodecs.dll
0x00007ffa62ac0000 - 0x00007ffa62b1e000 	C:\WINDOWS\system32\dataexchange.dll
0x00007ffa84f80000 - 0x00007ffa851ea000 	C:\WINDOWS\system32\twinapi.appcore.dll
0x00007ffa4f850000 - 0x00007ffa4f882000 	C:\Program Files\Common Files\Microsoft Shared\Ink\rtscom.dll
0x00007ffa83e70000 - 0x00007ffa83f9e000 	C:\WINDOWS\SYSTEM32\textinputframework.dll
0x00007ffa913d0000 - 0x00007ffa91503000 	C:\WINDOWS\SYSTEM32\CoreMessaging.dll
0x00007ffa8c9f0000 - 0x00007ffa8cd5c000 	C:\WINDOWS\SYSTEM32\CoreUIComponents.dll
0x00007ffa90520000 - 0x00007ffa90ae1000 	C:\WINDOWS\SYSTEM32\d2d1.dll

dbghelp: loaded successfully - version: 4.0.5 - missing functions: none
symbol engine: initialized successfully - sym options: 0x614 - pdb path: .;C:\Program Files\Zulu\zulu-19\bin;C:\WINDOWS\SYSTEM32;C:\WINDOWS\WinSxS\amd64_microsoft.windows.common-controls_6595b64144ccf1df_6.0.22621.608_none_a9444ca7c10bb01d;C:\Program Files\Zulu\zulu-19\bin\server;C:\WINDOWS\System32\DriverStore\FileRepository\nvlt.inf_amd64_7947c31fc944635c;C:\Program Files\Common Files\Microsoft Shared\Ink

VM Arguments:
jvm_args: -Dfile.encoding=UTF-8 
java_command: GameMenuDemo
java_class_path (initial): C:\Users\ulise\Desktop\TEC\Algoritmos y estructura de datos I\BuscaMinas\ventana busca minas\lib\rxtx-2.1-7r2;C:\Users\ulise\Downloads\RXTXcomm.jar;C:\Users\ulise\Downloads\jSerialComm-2.9.3.zip;C:\Users\ulise\Downloads\jSerialComm-2.9.3.jar;C:\Users\ulise\Desktop\TEC\Algoritmos y estructura de datos I\BuscaMinas\ventana busca minas\build\classes
Launcher Type: SUN_STANDARD

[Global flags]
     intx CICompilerCount                          = 4                                         {product} {ergonomic}
     uint ConcGCThreads                            = 3                                         {product} {ergonomic}
     uint G1ConcRefinementThreads                  = 10                                        {product} {ergonomic}
   size_t G1HeapRegionSize                         = 1048576                                   {product} {ergonomic}
    uintx GCDrainStackTargetSize                   = 64                                        {product} {ergonomic}
   size_t InitialHeapSize                          = 134217728                                 {product} {ergonomic}
   size_t MarkStackSize                            = 4194304                                   {product} {ergonomic}
   size_t MaxHeapSize                              = 2124414976                                {product} {ergonomic}
   size_t MaxNewSize                               = 1274019840                                {product} {ergonomic}
   size_t MinHeapDeltaBytes                        = 1048576                                   {product} {ergonomic}
   size_t MinHeapSize                              = 8388608                                   {product} {ergonomic}
    uintx NonNMethodCodeHeapSize                   = 5839372                                {pd product} {ergonomic}
    uintx NonProfiledCodeHeapSize                  = 122909434                              {pd product} {ergonomic}
    uintx ProfiledCodeHeapSize                     = 122909434                              {pd product} {ergonomic}
    uintx ReservedCodeCacheSize                    = 251658240                              {pd product} {ergonomic}
     bool SegmentedCodeCache                       = true                                      {product} {ergonomic}
   size_t SoftMaxHeapSize                          = 2124414976                             {manageable} {ergonomic}
     bool UseCompressedClassPointers               = true                           {product lp64_product} {ergonomic}
     bool UseCompressedOops                        = true                           {product lp64_product} {ergonomic}
     bool UseG1GC                                  = true                                      {product} {ergonomic}
     bool UseLargePagesIndividualAllocation        = false                                  {pd product} {ergonomic}

Logging:
Log output configuration:
 #0: stdout all=warning uptime,level,tags foldmultilines=false
 #1: stderr all=off uptime,level,tags foldmultilines=false

Environment Variables:
PATH=C:\Program Files\Zulu\zulu-19\bin\;C:\Program Files\Common Files\Oracle\Java\javapath;C:\Program Files (x86)\Common Files\Oracle\Java\javapath;C:\Windows\system32;C:\Windows;C:\Windows\System32\Wbem;C:\Windows\System32\WindowsPowerShell\v1.0\;C:\Windows\System32\OpenSSH\;C:\Program Files (x86)\NVIDIA Corporation\PhysX\Common;C:\Program Files\NVIDIA Corporation\NVIDIA NvDLISR;C:\WINDOWS\system32;C:\WINDOWS;C:\WINDOWS\System32\Wbem;C:\WINDOWS\System32\WindowsPowerShell\v1.0\;C:\WINDOWS\System32\OpenSSH\;C:\Program Files\nodejs\;C:\Program Files\Git\cmd;C:\Users\ulise\AppData\Local\Microsoft\WindowsApps;C:\Users\ulise\AppData\Local\Programs\Microsoft VS Code\bin;C:\Users\ulise\AppData\Roaming\npm;C:\Users\ulise\AppData\Local\GitHubDesktop\bin
USERNAME=ulise
OS=Windows_NT
PROCESSOR_IDENTIFIER=Intel64 Family 6 Model 165 Stepping 2, GenuineIntel
TMP=C:\Users\ulise\AppData\Local\Temp
TEMP=C:\Users\ulise\AppData\Local\Temp



---------------  S Y S T E M  ---------------

OS:
 Windows 11 , 64 bit Build 22621 (10.0.22621.1485)
OS uptime: 0 days 11:16 hours

CPU: total 12 (initial active 12) (6 cores per cpu, 2 threads per core) family 6 model 165 stepping 2 microcode 0xe2, cx8, cmov, fxsr, ht, mmx, 3dnowpref, sse, sse2, sse3, ssse3, sse4.1, sse4.2, popcnt, lzcnt, tsc, tscinvbit, avx, avx2, aes, erms, clmul, bmi1, bmi2, adx, fma, vzeroupper, clflush, clflushopt, rdtscp

Memory: 4k page, system-wide physical 8099M (551M free)
TotalPageFile size 12195M (AvailPageFile size 0M)
current process WorkingSet (physical memory assigned to process): 132M, peak: 152M
current process commit charge ("private bytes"): 281M, peak: 303M

vm_info: OpenJDK 64-Bit Server VM (19.0.2+7) for windows-amd64 JRE (19.0.2+7) (Zulu19.32+15-CA), built on Dec 28 2022 19:25:40 by "zulu_re" with MS VC++ 16.10 / 16.11 (VS2019)

END.
