#
# There is insufficient memory for the Java Runtime Environment to continue.
# Native memory allocation (mmap) failed to map 20971520 bytes for G1 virtual space
# Possible reasons:
#   The system is out of physical RAM or swap space
#   The process is running with CompressedOops enabled, and the Java Heap may be blocking the growth of the native heap
# Possible solutions:
#   Reduce memory load on the system
#   Increase physical memory or swap space
#   Check if swap backing store is full
#   Decrease Java heap size (-Xmx/-Xms)
#   Decrease number of Java threads
#   Decrease Java thread stack sizes (-Xss)
#   Set larger code cache with -XX:ReservedCodeCacheSize=
#   JVM is running with Unscaled Compressed Oops mode in which the Java heap is
#     placed in the first 4GB address space. The Java Heap base address is the
#     maximum limit for the native heap growth. Please use -XX:HeapBaseMinAddress
#     to set the Java Heap base and to place the Java Heap above 4GB virtual address.
# This output file may be truncated or incomplete.
#
#  Out of Memory Error (os_windows.cpp:3536), pid=23200, tid=20612
#
# JRE version: OpenJDK Runtime Environment Zulu19.32+15-CA (19.0.2+7) (build 19.0.2+7)
# Java VM: OpenJDK 64-Bit Server VM Zulu19.32+15-CA (19.0.2+7, mixed mode, sharing, tiered, compressed oops, compressed class ptrs, g1 gc, windows-amd64)
# No core dump will be written. Minidumps are not enabled by default on client versions of Windows
#

---------------  S U M M A R Y ------------

Command Line: -Dapplication.home=C:\Program Files\Zulu\zulu-19 --add-modules=ALL-DEFAULT -Xms8m -Djdk.module.main=jdk.compiler jdk.compiler/com.sun.tools.javac.Main -d C:\Users\ulise\Desktop\TEC\Algoritmos y estructura de datos I\BuscaMinas\ventana busca minas\build\classes -classpath C:\Users\ulise\Desktop\TEC\Algoritmos y estructura de datos I\BuscaMinas\ventana busca minas\build\classes;C:\Users\ulise\Desktop\TEC\Algoritmos y estructura de datos I\BuscaMinas\ventana busca minas\lib\rxtx-2.1-7r2;C:\Users\ulise\Downloads\RXTXcomm.jar;C:\Users\ulise\Downloads\jSerialComm-2.9.3.zip;C:\Users\ulise\Downloads\jSerialComm-2.9.3.jar -sourcepath C:\Users\ulise\Desktop\TEC\Algoritmos y estructura de datos I\BuscaMinas\ventana busca minas\src -target 19 -encoding UTF-8 -g -processorpath C:\Users\ulise\Desktop\TEC\Algoritmos y estructura de datos I\BuscaMinas\ventana busca minas\lib\rxtx-2.1-7r2;C:\Users\ulise\Downloads\RXTXcomm.jar;C:\Users\ulise\Downloads\jSerialComm-2.9.3.zip;C:\Users\ulise\Downloads\jSerialComm-2.9.3.jar;C:\Users\ulise\Desktop\TEC\Algoritmos y estructura de datos I\BuscaMinas\jar_files\firmata4j-2.3.5.jar;C:\Users\ulise\Desktop\TEC\Algoritmos y estructura de datos I\BuscaMinas\jar_files\jssc-2.8.0.jar;C:\Users\ulise\Desktop\TEC\Algoritmos y estructura de datos I\BuscaMinas\jar_files\jssc-2.9.4.jar;C:\Users\ulise\Desktop\TEC\Algoritmos y estructura de datos I\BuscaMinas\jar_files\slf4j-api-1.7.25.jar;C:\Users\ulise\Desktop\TEC\Algoritmos y estructura de datos I\BuscaMinas\jar_files\slf4j-api-1.7.3.jar;C:\Users\ulise\Desktop\TEC\Algoritmos y estructura de datos I\BuscaMinas\jar_files\slf4j-simple-1.6.1.jar;C:\Users\ulise\Desktop\TEC\Algoritmos y estructura de datos I\BuscaMinas\ventana busca minas\build\empty -s C:\Users\ulise\Desktop\TEC\Algoritmos y estructura de datos I\BuscaMinas\ventana busca minas\build\generated-sources\ap-source-output -source 19 C:\Users\ulise\Desktop\TEC\Algoritmos y estructura de datos I\BuscaMinas\ventana busca minas\src\GameMenuDemo.java

Host: Intel(R) Core(TM) i7-10750H CPU @ 2.60GHz, 12 cores, 7G,  Windows 11 , 64 bit Build 22621 (10.0.22621.1485)
Time: Sat Apr  8 23:06:54 2023 Hora estándar, América Central elapsed time: 0.583226 seconds (0d 0h 0m 0s)

---------------  T H R E A D  ---------------

Current thread (0x000001ee69e5af40):  VMThread "VM Thread" [stack: 0x0000002a48e00000,0x0000002a48f00000] [id=20612]

Stack: [0x0000002a48e00000,0x0000002a48f00000]
Native frames: (J=compiled Java code, j=interpreted, Vv=VM code, C=native code)
V  [jvm.dll+0x6eab2a]
V  [jvm.dll+0x8a4a20]
V  [jvm.dll+0x8a640e]
V  [jvm.dll+0x8a6ac3]
V  [jvm.dll+0x27c1ef]
V  [jvm.dll+0x6e7929]
V  [jvm.dll+0x6dc3da]
V  [jvm.dll+0x3528ab]
V  [jvm.dll+0x35a266]
V  [jvm.dll+0x3b0a2e]
V  [jvm.dll+0x3b0c5f]
V  [jvm.dll+0x327e9a]
V  [jvm.dll+0x327f47]
V  [jvm.dll+0x370442]
V  [jvm.dll+0x36e8e4]
V  [jvm.dll+0x327660]
V  [jvm.dll+0x36de7b]
V  [jvm.dll+0x8abc13]
V  [jvm.dll+0x8ac9d9]
V  [jvm.dll+0x8acf0d]
V  [jvm.dll+0x8ad39b]
V  [jvm.dll+0x8ad457]
V  [jvm.dll+0x84ec7a]
V  [jvm.dll+0x6e981b]
C  [ucrtbase.dll+0x29363]
C  [KERNEL32.DLL+0x1269d]
C  [ntdll.dll+0x5a9f8]

VM_Operation (0x0000002a488fe3d0): G1CollectForAllocation, mode: safepoint, requested by thread 0x000001ee49f6e330


---------------  P R O C E S S  ---------------

Threads class SMR info:
_java_thread_list=0x000001ee6e245c70, length=13, elements={
0x000001ee49f6e330, 0x000001ee69e757f0, 0x000001ee69e762c0, 0x000001ee69e7af70,
0x000001ee69e7b8a0, 0x000001ee69e7cb10, 0x000001ee69e80de0, 0x000001ee69e878d0,
0x000001ee69ea9a80, 0x000001ee69eac610, 0x000001ee69e4b910, 0x000001ee69eaa010,
0x000001ee6e25aa80
}

Java Threads: ( => current thread )
  0x000001ee49f6e330 JavaThread "main" [_thread_blocked, id=12428, stack(0x0000002a48800000,0x0000002a48900000)]
  0x000001ee69e757f0 JavaThread "Reference Handler" daemon [_thread_blocked, id=8916, stack(0x0000002a48f00000,0x0000002a49000000)]
  0x000001ee69e762c0 JavaThread "Finalizer" daemon [_thread_blocked, id=20600, stack(0x0000002a49000000,0x0000002a49100000)]
  0x000001ee69e7af70 JavaThread "Signal Dispatcher" daemon [_thread_blocked, id=11920, stack(0x0000002a49100000,0x0000002a49200000)]
  0x000001ee69e7b8a0 JavaThread "Attach Listener" daemon [_thread_blocked, id=8496, stack(0x0000002a49200000,0x0000002a49300000)]
  0x000001ee69e7cb10 JavaThread "Service Thread" daemon [_thread_blocked, id=24192, stack(0x0000002a49300000,0x0000002a49400000)]
  0x000001ee69e80de0 JavaThread "Monitor Deflation Thread" daemon [_thread_blocked, id=19556, stack(0x0000002a49400000,0x0000002a49500000)]
  0x000001ee69e878d0 JavaThread "C2 CompilerThread0" daemon [_thread_blocked, id=6676, stack(0x0000002a49500000,0x0000002a49600000)]
  0x000001ee69ea9a80 JavaThread "C1 CompilerThread0" daemon [_thread_blocked, id=12280, stack(0x0000002a49600000,0x0000002a49700000)]
  0x000001ee69eac610 JavaThread "Sweeper thread" daemon [_thread_blocked, id=15704, stack(0x0000002a49700000,0x0000002a49800000)]
  0x000001ee69e4b910 JavaThread "Common-Cleaner" daemon [_thread_blocked, id=19100, stack(0x0000002a49800000,0x0000002a49900000)]
  0x000001ee69eaa010 JavaThread "C2 CompilerThread1" daemon [_thread_in_native, id=17488, stack(0x0000002a49900000,0x0000002a49a00000)]
  0x000001ee6e25aa80 JavaThread "Notification Thread" daemon [_thread_blocked, id=2252, stack(0x0000002a49a00000,0x0000002a49b00000)]

Other Threads:
=>0x000001ee69e5af40 VMThread "VM Thread" [stack: 0x0000002a48e00000,0x0000002a48f00000] [id=20612]
  0x000001ee6e25b3d0 WatcherThread "VM Periodic Task Thread" [stack: 0x0000002a49b00000,0x0000002a49c00000] [id=5136]
  0x000001ee49fce2b0 WorkerThread "GC Thread#0" [stack: 0x0000002a48900000,0x0000002a48a00000] [id=13400]
  0x000001ee6e375b80 WorkerThread "GC Thread#1" [stack: 0x0000002a49c00000,0x0000002a49d00000] [id=19692]
  0x000001ee6e4bbb70 WorkerThread "GC Thread#2" [stack: 0x0000002a49d00000,0x0000002a49e00000] [id=14552]
  0x000001ee6e52d3d0 WorkerThread "GC Thread#3" [stack: 0x0000002a49e00000,0x0000002a49f00000] [id=6756]
  0x000001ee6e4d5b00 WorkerThread "GC Thread#4" [stack: 0x0000002a49f00000,0x0000002a4a000000] [id=12736]
  0x000001ee6e68cf10 WorkerThread "GC Thread#5" [stack: 0x0000002a4a000000,0x0000002a4a100000] [id=15736]
  0x000001ee6e68bb60 WorkerThread "GC Thread#6" [stack: 0x0000002a4a100000,0x0000002a4a200000] [id=19920]
  0x000001ee6e68cc40 WorkerThread "GC Thread#7" [stack: 0x0000002a4a200000,0x0000002a4a300000] [id=11520]
  0x000001ee49fdf150 ConcurrentGCThread "G1 Main Marker" [stack: 0x0000002a48a00000,0x0000002a48b00000] [id=4688]
  0x000001ee49fe0220 WorkerThread "G1 Conc#0" [stack: 0x0000002a48b00000,0x0000002a48c00000] [id=14548]
  0x000001ee4a0163a0 ConcurrentGCThread "G1 Refine#0" [stack: 0x0000002a48c00000,0x0000002a48d00000] [id=23436]
  0x000001ee4a017c90 ConcurrentGCThread "G1 Service" [stack: 0x0000002a48d00000,0x0000002a48e00000] [id=7272]

Threads with active compile tasks:
C2 CompilerThread0      592 1829       4       com.sun.tools.javac.code.Types$15::visitClassType (10 bytes)
C1 CompilerThread0      592 1850       3       com.sun.tools.javac.code.Symbol$MethodSymbol::binaryImplementation (97 bytes)
C2 CompilerThread1      592 1510       4       jdk.internal.jimage.ImageLocation::getFullName (109 bytes)

VM state: at safepoint (normal execution)

VM Mutex/Monitor currently owned by a thread:  ([mutex/lock_event])
[0x000001ee49f68d60] Threads_lock - owner thread: 0x000001ee69e5af40
[0x000001ee49f690c0] Heap_lock - owner thread: 0x000001ee49f6e330

Heap address: 0x0000000081600000, size: 2026 MB, Compressed Oops mode: 32-bit

CDS archive(s) mapped at: [0x0000000800000000-0x0000000800c40000-0x0000000800c40000), size 12845056, SharedBaseAddress: 0x0000000800000000, ArchiveRelocationMode: 0.
Compressed class space mapped at: 0x0000000801000000-0x0000000841000000, reserved size: 1073741824
Narrow klass base: 0x0000000800000000, Narrow klass shift: 0, Narrow klass range: 0x100000000

GC Precious Log:
 CardTable entry size: 512
 Card Set container configuration: InlinePtr #cards 5 size 8 Array Of Cards #cards 12 size 40 Howl #buckets 4 coarsen threshold 1843 Howl Bitmap #cards 512 size 80 coarsen threshold 460 Card regions per heap region 1 cards per card region 2048
 CPUs: 12 total, 12 available
 Memory: 8099M
 Large Page Support: Disabled
 NUMA Support: Disabled
 Compressed Oops: Enabled (32-bit)
 Heap Region Size: 1M
 Heap Min Capacity: 8M
 Heap Initial Capacity: 8M
 Heap Max Capacity: 2026M
 Pre-touch: Disabled
 Parallel Workers: 10
 Concurrent Workers: 3
 Concurrent Refinement Workers: 10
 Periodic GC: Disabled

Heap:
 garbage-first heap   total 22528K, used 10307K [0x0000000081600000, 0x0000000100000000)
  region size 1024K, 1 young (1024K), 1 survivors (1024K)
 Metaspace       used 10206K, committed 10368K, reserved 1114112K
  class space    used 1139K, committed 1216K, reserved 1048576K

Heap Regions: E=young(eden), S=young(survivor), O=old, HS=humongous(starts), HC=humongous(continues), CS=collection set, F=free, OA=open archive, CA=closed archive, TAMS=top-at-mark-start (previous, next)
|   0|0x0000000081600000, 0x0000000081700000, 0x0000000081700000|100%| O|  |TAMS 0x0000000081600000, 0x0000000081600000| Untracked 
|   1|0x0000000081700000, 0x0000000081800000, 0x0000000081800000|100%| O|  |TAMS 0x0000000081700000, 0x0000000081700000| Untracked 
|   2|0x0000000081800000, 0x0000000081900000, 0x0000000081900000|100%| O|  |TAMS 0x0000000081800000, 0x0000000081800000| Untracked 
|   3|0x0000000081900000, 0x0000000081a00000, 0x0000000081a00000|100%| O|  |TAMS 0x0000000081900000, 0x0000000081900000| Untracked 
|   4|0x0000000081a00000, 0x0000000081b00000, 0x0000000081b00000|100%| O|  |TAMS 0x0000000081a00000, 0x0000000081a00000| Untracked 
|   5|0x0000000081b00000, 0x0000000081c00000, 0x0000000081c00000|100%| O|  |TAMS 0x0000000081b00000, 0x0000000081b00000| Untracked 
|   6|0x0000000081c00000, 0x0000000081d00000, 0x0000000081d00000|100%| O|  |TAMS 0x0000000081c00000, 0x0000000081c00000| Untracked 
|   7|0x0000000081d00000, 0x0000000081e00000, 0x0000000081e00000|100%| O|  |TAMS 0x0000000081d00000, 0x0000000081d00000| Untracked 
|   8|0x0000000081e00000, 0x0000000081f00000, 0x0000000081f00000|100%|HS|  |TAMS 0x0000000081e00000, 0x0000000081e00000| Complete 
|   9|0x0000000081f00000, 0x0000000081f21600, 0x0000000082000000| 13%| O|  |TAMS 0x0000000081f00000, 0x0000000081f00000| Untracked 
|  10|0x0000000082000000, 0x0000000082000000, 0x0000000082100000|  0%| F|  |TAMS 0x0000000082000000, 0x0000000082000000| Untracked 
|  11|0x0000000082100000, 0x0000000082100000, 0x0000000082200000|  0%| F|  |TAMS 0x0000000082100000, 0x0000000082100000| Untracked 
|  12|0x0000000082200000, 0x0000000082200000, 0x0000000082300000|  0%| F|  |TAMS 0x0000000082200000, 0x0000000082200000| Untracked 
|  13|0x0000000082300000, 0x0000000082300000, 0x0000000082400000|  0%| F|  |TAMS 0x0000000082300000, 0x0000000082300000| Untracked 
|  14|0x0000000082400000, 0x00000000824ef790, 0x0000000082500000| 93%| S|CS|TAMS 0x0000000082400000, 0x0000000082400000| Complete 
|  15|0x0000000082500000, 0x0000000082500000, 0x0000000082600000|  0%| F|  |TAMS 0x0000000082500000, 0x0000000082500000| Untracked 
|  16|0x0000000082600000, 0x0000000082600000, 0x0000000082700000|  0%| F|  |TAMS 0x0000000082600000, 0x0000000082600000| Untracked 
|  17|0x0000000082700000, 0x0000000082700000, 0x0000000082800000|  0%| F|  |TAMS 0x0000000082700000, 0x0000000082700000| Untracked 
|  18|0x0000000082800000, 0x0000000082800000, 0x0000000082900000|  0%| F|  |TAMS 0x0000000082800000, 0x0000000082800000| Untracked 
|  19|0x0000000082900000, 0x0000000082900000, 0x0000000082a00000|  0%| F|  |TAMS 0x0000000082900000, 0x0000000082900000| Untracked 
|  20|0x0000000082a00000, 0x0000000082a00000, 0x0000000082b00000|  0%| F|  |TAMS 0x0000000082a00000, 0x0000000082a00000| Untracked 
|  21|0x0000000082b00000, 0x0000000082b00000, 0x0000000082c00000|  0%| F|  |TAMS 0x0000000082b00000, 0x0000000082b00000| Untracked 

Card table byte_map: [0x000001ee62b30000,0x000001ee62f30000] _byte_map_base: 0x000001ee62725000

Marking Bits (Prev, Next): (CMBitMap*) 0x000001ee49fce7e0, (CMBitMap*) 0x000001ee49fce820
 Prev Bits: [0x000001ee63330000, 0x000001ee652d8000)
 Next Bits: [0x000001ee652e0000, 0x000001ee67288000)

Polling page: 0x000001ee49730000

Metaspace:

Usage:
  Non-class:      8.85 MB used.
      Class:      1.11 MB used.
       Both:      9.97 MB used.

Virtual space:
  Non-class space:       64.00 MB reserved,       8.94 MB ( 14%) committed,  1 nodes.
      Class space:        1.00 GB reserved,       1.19 MB ( <1%) committed,  1 nodes.
             Both:        1.06 GB reserved,      10.12 MB ( <1%) committed. 

Chunk freelists:
   Non-Class:  1.12 MB
       Class:  2.80 MB
        Both:  3.92 MB

MaxMetaspaceSize: unlimited
CompressedClassSpaceSize: 1.00 GB
Initial GC threshold: 21.00 MB
Current GC threshold: 21.00 MB
CDS: on
MetaspaceReclaimPolicy: balanced
 - commit_granule_bytes: 65536.
 - commit_granule_words: 8192.
 - virtual_space_node_default_size: 8388608.
 - enlarge_chunks_in_place: 1.
 - new_chunks_are_fully_committed: 0.
 - uncommit_free_chunks: 1.
 - use_allocation_guard: 0.


Internal statistics:

num_allocs_failed_limit: 0.
num_arena_births: 78.
num_arena_deaths: 0.
num_vsnodes_births: 2.
num_vsnodes_deaths: 0.
num_space_committed: 162.
num_space_uncommitted: 0.
num_chunks_returned_to_freelist: 0.
num_chunks_taken_from_freelist: 417.
num_chunk_merges: 0.
num_chunk_splits: 297.
num_chunks_enlarged: 240.
num_inconsistent_stats: 0.

CodeHeap 'non-profiled nmethods': size=120000Kb used=570Kb max_used=570Kb free=119429Kb
 bounds [0x000001ee5aca0000, 0x000001ee5af10000, 0x000001ee621d0000]
CodeHeap 'profiled nmethods': size=120000Kb used=3399Kb max_used=3399Kb free=116600Kb
 bounds [0x000001ee531d0000, 0x000001ee53530000, 0x000001ee5a700000]
CodeHeap 'non-nmethods': size=5760Kb used=1247Kb max_used=1278Kb free=4512Kb
 bounds [0x000001ee5a700000, 0x000001ee5a970000, 0x000001ee5aca0000]
 total_blobs=2276 nmethods=1823 adapters=363
 compilation: enabled
              stopped_count=0, restarted_count=0
 full_count=0

Compilation events (20 events):
Event: 0.576 Thread 0x000001ee69ea9a80 nmethod 1809 0x000001ee5351c410 code [0x000001ee5351c640, 0x000001ee5351cea8]
Event: 0.576 Thread 0x000001ee69ea9a80 1821       3       com.sun.tools.javac.code.Types$HasSameArgs::visitMethodType (10 bytes)
Event: 0.576 Thread 0x000001ee69ea9a80 nmethod 1821 0x000001ee5351d190 code [0x000001ee5351d340, 0x000001ee5351d568]
Event: 0.576 Thread 0x000001ee69ea9a80 1822       3       com.sun.tools.javac.code.Types$HasSameArgs::visitMethodType (37 bytes)
Event: 0.577 Thread 0x000001ee69ea9a80 nmethod 1822 0x000001ee5351d610 code [0x000001ee5351d800, 0x000001ee5351ddc8]
Event: 0.577 Thread 0x000001ee69ea9a80 1814       3       com.sun.tools.javac.code.Types::hasSameArgs (22 bytes)
Event: 0.577 Thread 0x000001ee69ea9a80 nmethod 1814 0x000001ee5351df90 code [0x000001ee5351e160, 0x000001ee5351e588]
Event: 0.577 Thread 0x000001ee69ea9a80 1819       3       com.sun.tools.javac.code.Types::hasSameArgs (13 bytes)
Event: 0.577 Thread 0x000001ee69ea9a80 nmethod 1819 0x000001ee5351e710 code [0x000001ee5351e8e0, 0x000001ee5351ec48]
Event: 0.577 Thread 0x000001ee69ea9a80 1823       3       com.sun.tools.javac.code.Symbol::erasure (24 bytes)
Event: 0.577 Thread 0x000001ee69ea9a80 nmethod 1823 0x000001ee5351ed90 code [0x000001ee5351efa0, 0x000001ee5351f828]
Event: 0.577 Thread 0x000001ee69ea9a80 1840       3       com.sun.tools.javac.code.Symbol$MethodSymbol::isOverridableIn (126 bytes)
Event: 0.578 Thread 0x000001ee69ea9a80 nmethod 1840 0x000001ee5351fb10 code [0x000001ee5351fd60, 0x000001ee53520a88]
Event: 0.578 Thread 0x000001ee69ea9a80 1841       3       com.sun.tools.javac.code.Types$DefaultTypeVisitor::visitClassType (7 bytes)
Event: 0.578 Thread 0x000001ee69ea9a80 nmethod 1841 0x000001ee53520d10 code [0x000001ee53520ec0, 0x000001ee53521088]
Event: 0.578 Thread 0x000001ee69ea9a80 1845       3       com.sun.tools.javac.code.Types$6::visitType (10 bytes)
Event: 0.578 Thread 0x000001ee69ea9a80 nmethod 1845 0x000001ee53521110 code [0x000001ee53521340, 0x000001ee53521be8]
Event: 0.578 Thread 0x000001ee69ea9a80 1850       3       com.sun.tools.javac.code.Symbol$MethodSymbol::binaryImplementation (97 bytes)
Event: 0.578 Thread 0x000001ee69e878d0 nmethod 1824 0x000001ee5ad2e310 code [0x000001ee5ad2e4c0, 0x000001ee5ad2e798]
Event: 0.578 Thread 0x000001ee69e878d0 1829       4       com.sun.tools.javac.code.Types$15::visitClassType (10 bytes)

GC Heap History (20 events):
Event: 0.221 GC heap after
{Heap after GC invocations=3 (full 0):
 garbage-first heap   total 8192K, used 2139K [0x0000000081600000, 0x0000000100000000)
  region size 1024K, 1 young (1024K), 1 survivors (1024K)
 Metaspace       used 6210K, committed 6336K, reserved 1114112K
  class space    used 707K, committed 768K, reserved 1048576K
}
Event: 0.274 GC heap before
{Heap before GC invocations=3 (full 0):
 garbage-first heap   total 8192K, used 3163K [0x0000000081600000, 0x0000000100000000)
  region size 1024K, 2 young (2048K), 1 survivors (1024K)
 Metaspace       used 7781K, committed 7936K, reserved 1114112K
  class space    used 867K, committed 960K, reserved 1048576K
}
Event: 0.275 GC heap after
{Heap after GC invocations=4 (full 0):
 garbage-first heap   total 8192K, used 2478K [0x0000000081600000, 0x0000000100000000)
  region size 1024K, 1 young (1024K), 1 survivors (1024K)
 Metaspace       used 7781K, committed 7936K, reserved 1114112K
  class space    used 867K, committed 960K, reserved 1048576K
}
Event: 0.297 GC heap before
{Heap before GC invocations=4 (full 0):
 garbage-first heap   total 8192K, used 3502K [0x0000000081600000, 0x0000000100000000)
  region size 1024K, 2 young (2048K), 1 survivors (1024K)
 Metaspace       used 8062K, committed 8256K, reserved 1114112K
  class space    used 898K, committed 1024K, reserved 1048576K
}
Event: 0.298 GC heap after
{Heap after GC invocations=5 (full 0):
 garbage-first heap   total 11264K, used 2808K [0x0000000081600000, 0x0000000100000000)
  region size 1024K, 1 young (1024K), 1 survivors (1024K)
 Metaspace       used 8062K, committed 8256K, reserved 1114112K
  class space    used 898K, committed 1024K, reserved 1048576K
}
Event: 0.336 GC heap before
{Heap before GC invocations=5 (full 0):
 garbage-first heap   total 11264K, used 4856K [0x0000000081600000, 0x0000000100000000)
  region size 1024K, 3 young (3072K), 1 survivors (1024K)
 Metaspace       used 8610K, committed 8768K, reserved 1114112K
  class space    used 967K, committed 1024K, reserved 1048576K
}
Event: 0.339 GC heap after
{Heap after GC invocations=6 (full 0):
 garbage-first heap   total 11264K, used 3810K [0x0000000081600000, 0x0000000100000000)
  region size 1024K, 1 young (1024K), 1 survivors (1024K)
 Metaspace       used 8610K, committed 8768K, reserved 1114112K
  class space    used 967K, committed 1024K, reserved 1048576K
}
Event: 0.364 GC heap before
{Heap before GC invocations=6 (full 0):
 garbage-first heap   total 11264K, used 5858K [0x0000000081600000, 0x0000000100000000)
  region size 1024K, 3 young (3072K), 1 survivors (1024K)
 Metaspace       used 8811K, committed 8960K, reserved 1114112K
  class space    used 990K, committed 1024K, reserved 1048576K
}
Event: 0.366 GC heap after
{Heap after GC invocations=7 (full 0):
 garbage-first heap   total 11264K, used 4282K [0x0000000081600000, 0x0000000100000000)
  region size 1024K, 1 young (1024K), 1 survivors (1024K)
 Metaspace       used 8811K, committed 8960K, reserved 1114112K
  class space    used 990K, committed 1024K, reserved 1048576K
}
Event: 0.370 GC heap before
{Heap before GC invocations=7 (full 0):
 garbage-first heap   total 11264K, used 5306K [0x0000000081600000, 0x0000000100000000)
  region size 1024K, 2 young (2048K), 1 survivors (1024K)
 Metaspace       used 8825K, committed 8960K, reserved 1114112K
  class space    used 990K, committed 1024K, reserved 1048576K
}
Event: 0.371 GC heap after
{Heap after GC invocations=8 (full 0):
 garbage-first heap   total 11264K, used 4286K [0x0000000081600000, 0x0000000100000000)
  region size 1024K, 1 young (1024K), 1 survivors (1024K)
 Metaspace       used 8825K, committed 8960K, reserved 1114112K
  class space    used 990K, committed 1024K, reserved 1048576K
}
Event: 0.384 GC heap before
{Heap before GC invocations=8 (full 0):
 garbage-first heap   total 11264K, used 5310K [0x0000000081600000, 0x0000000100000000)
  region size 1024K, 2 young (2048K), 1 survivors (1024K)
 Metaspace       used 8907K, committed 9088K, reserved 1114112K
  class space    used 998K, committed 1088K, reserved 1048576K
}
Event: 0.385 GC heap after
{Heap after GC invocations=9 (full 0):
 garbage-first heap   total 22528K, used 4423K [0x0000000081600000, 0x0000000100000000)
  region size 1024K, 1 young (1024K), 1 survivors (1024K)
 Metaspace       used 8907K, committed 9088K, reserved 1114112K
  class space    used 998K, committed 1088K, reserved 1048576K
}
Event: 0.417 GC heap before
{Heap before GC invocations=9 (full 0):
 garbage-first heap   total 22528K, used 12615K [0x0000000081600000, 0x0000000100000000)
  region size 1024K, 9 young (9216K), 1 survivors (1024K)
 Metaspace       used 9048K, committed 9216K, reserved 1114112K
  class space    used 1012K, committed 1088K, reserved 1048576K
}
Event: 0.420 GC heap after
{Heap after GC invocations=10 (full 0):
 garbage-first heap   total 22528K, used 5506K [0x0000000081600000, 0x0000000100000000)
  region size 1024K, 2 young (2048K), 2 survivors (2048K)
 Metaspace       used 9048K, committed 9216K, reserved 1114112K
  class space    used 1012K, committed 1088K, reserved 1048576K
}
Event: 0.463 GC heap before
{Heap before GC invocations=10 (full 0):
 garbage-first heap   total 22528K, used 11650K [0x0000000081600000, 0x0000000100000000)
  region size 1024K, 9 young (9216K), 2 survivors (2048K)
 Metaspace       used 9218K, committed 9408K, reserved 1114112K
  class space    used 1029K, committed 1088K, reserved 1048576K
}
Event: 0.466 GC heap after
{Heap after GC invocations=11 (full 0):
 garbage-first heap   total 22528K, used 7560K [0x0000000081600000, 0x0000000100000000)
  region size 1024K, 2 young (2048K), 2 survivors (2048K)
 Metaspace       used 9218K, committed 9408K, reserved 1114112K
  class space    used 1029K, committed 1088K, reserved 1048576K
}
Event: 0.491 GC heap before
{Heap before GC invocations=11 (full 0):
 garbage-first heap   total 22528K, used 13704K [0x0000000081600000, 0x0000000100000000)
  region size 1024K, 8 young (8192K), 2 survivors (2048K)
 Metaspace       used 9529K, committed 9664K, reserved 1114112K
  class space    used 1068K, committed 1152K, reserved 1048576K
}
Event: 0.494 GC heap after
{Heap after GC invocations=12 (full 0):
 garbage-first heap   total 22528K, used 8341K [0x0000000081600000, 0x0000000100000000)
  region size 1024K, 1 young (1024K), 1 survivors (1024K)
 Metaspace       used 9529K, committed 9664K, reserved 1114112K
  class space    used 1068K, committed 1152K, reserved 1048576K
}
Event: 0.578 GC heap before
{Heap before GC invocations=12 (full 0):
 garbage-first heap   total 22528K, used 15509K [0x0000000081600000, 0x0000000100000000)
  region size 1024K, 7 young (7168K), 1 survivors (1024K)
 Metaspace       used 10206K, committed 10368K, reserved 1114112K
  class space    used 1139K, committed 1216K, reserved 1048576K
}

Dll operation events (6 events):
Event: 0.005 Loaded shared library C:\Program Files\Zulu\zulu-19\bin\java.dll
Event: 0.010 Loaded shared library C:\Program Files\Zulu\zulu-19\bin\jsvml.dll
Event: 0.047 Loaded shared library C:\Program Files\Zulu\zulu-19\bin\jimage.dll
Event: 0.092 Loaded shared library C:\Program Files\Zulu\zulu-19\bin\net.dll
Event: 0.093 Loaded shared library C:\Program Files\Zulu\zulu-19\bin\nio.dll
Event: 0.114 Loaded shared library C:\Program Files\Zulu\zulu-19\bin\zip.dll

Deoptimization events (20 events):
Event: 0.339 Thread 0x000001ee69e757f0 DEOPT PACKING pc=0x000001ee5ace7f34 sp=0x0000002a48fff590
Event: 0.339 Thread 0x000001ee69e757f0 DEOPT UNPACKING pc=0x000001ee5a766da3 sp=0x0000002a48fff520 mode 2
Event: 0.339 Thread 0x000001ee49f6e330 Uncommon trap: trap_request=0xffffffde fr.pc=0x000001ee5ace71c8 relative=0x0000000000000288
Event: 0.339 Thread 0x000001ee49f6e330 Uncommon trap: reason=class_check action=maybe_recompile pc=0x000001ee5ace71c8 method=java.util.HashMap.getNode(Ljava/lang/Object;)Ljava/util/HashMap$Node; @ 128 c2
Event: 0.339 Thread 0x000001ee49f6e330 DEOPT PACKING pc=0x000001ee5ace71c8 sp=0x0000002a488fdfc0
Event: 0.339 Thread 0x000001ee49f6e330 DEOPT UNPACKING pc=0x000001ee5a766da3 sp=0x0000002a488fdf28 mode 2
Event: 0.345 Thread 0x000001ee49f6e330 Uncommon trap: trap_request=0xffffffde fr.pc=0x000001ee5ace46c8 relative=0x0000000000000b28
Event: 0.345 Thread 0x000001ee49f6e330 Uncommon trap: reason=class_check action=maybe_recompile pc=0x000001ee5ace46c8 method=java.util.HashMap.putVal(ILjava/lang/Object;Ljava/lang/Object;ZZ)Ljava/lang/Object; @ 203 c2
Event: 0.345 Thread 0x000001ee49f6e330 DEOPT PACKING pc=0x000001ee5ace46c8 sp=0x0000002a488fe520
Event: 0.345 Thread 0x000001ee49f6e330 DEOPT UNPACKING pc=0x000001ee5a766da3 sp=0x0000002a488fe468 mode 2
Event: 0.389 Thread 0x000001ee49f6e330 Uncommon trap: trap_request=0xffffff45 fr.pc=0x000001ee5ace0d00 relative=0x0000000000000060
Event: 0.389 Thread 0x000001ee49f6e330 Uncommon trap: reason=unstable_if action=reinterpret pc=0x000001ee5ace0d00 method=com.sun.tools.javac.jvm.PoolReader.sizeof(I)I @ 1 c2
Event: 0.389 Thread 0x000001ee49f6e330 DEOPT PACKING pc=0x000001ee5ace0d00 sp=0x0000002a488fe1b0
Event: 0.389 Thread 0x000001ee49f6e330 DEOPT UNPACKING pc=0x000001ee5a766da3 sp=0x0000002a488fe140 mode 2
Event: 0.396 Thread 0x000001ee49f6e330 DEOPT PACKING pc=0x000001ee53388f10 sp=0x0000002a488fdc20
Event: 0.396 Thread 0x000001ee49f6e330 DEOPT UNPACKING pc=0x000001ee5a767543 sp=0x0000002a488fd110 mode 0
Event: 0.428 Thread 0x000001ee49f6e330 Uncommon trap: trap_request=0xffffff45 fr.pc=0x000001ee5ad01708 relative=0x0000000000000a48
Event: 0.428 Thread 0x000001ee49f6e330 Uncommon trap: reason=unstable_if action=reinterpret pc=0x000001ee5ad01708 method=com.sun.tools.javac.util.ArrayUtils.ensureCapacity([BI)[B @ 3 c2
Event: 0.428 Thread 0x000001ee49f6e330 DEOPT PACKING pc=0x000001ee5ad01708 sp=0x0000002a488fddd0
Event: 0.428 Thread 0x000001ee49f6e330 DEOPT UNPACKING pc=0x000001ee5a766da3 sp=0x0000002a488fdcf8 mode 2

Classes loaded (20 events):
Event: 0.348 Loading class java/util/ImmutableCollections$Access
Event: 0.348 Loading class java/util/ImmutableCollections$Access done
Event: 0.348 Loading class java/util/ImmutableCollections$Access$1
Event: 0.348 Loading class jdk/internal/access/JavaUtilCollectionAccess
Event: 0.348 Loading class jdk/internal/access/JavaUtilCollectionAccess done
Event: 0.348 Loading class java/util/ImmutableCollections$Access$1 done
Event: 0.348 Loading class java/util/stream/Nodes$SpinedNodeBuilder
Event: 0.348 Loading class java/util/stream/Nodes$SpinedNodeBuilder done
Event: 0.348 Loading class sun/nio/fs/WindowsPath$WindowsPathWithAttributes
Event: 0.348 Loading class sun/nio/fs/WindowsPath$WindowsPathWithAttributes done
Event: 0.350 Loading class java/nio/file/FileTreeWalker$1
Event: 0.350 Loading class java/nio/file/FileTreeWalker$1 done
Event: 0.390 Loading class java/lang/invoke/MethodHandle$1
Event: 0.390 Loading class java/lang/invoke/MethodHandle$1 done
Event: 0.446 Loading class java/util/LinkedList$Node
Event: 0.446 Loading class java/util/LinkedList$Node done
Event: 0.473 Loading class java/util/stream/ReduceOps$1
Event: 0.473 Loading class java/util/stream/ReduceOps$1 done
Event: 0.473 Loading class java/util/stream/ReduceOps$1ReducingSink
Event: 0.473 Loading class java/util/stream/ReduceOps$1ReducingSink done

Classes unloaded (0 events):
No events

Classes redefined (0 events):
No events

Internal exceptions (20 events):
Event: 0.350 Thread 0x000001ee49f6e330 Exception <a 'sun/nio/fs/WindowsException'{0x00000000820565e0}> (0x00000000820565e0) 
thrown [s\src\hotspot\share\prims\jni.cpp, line 517]
Event: 0.352 Thread 0x000001ee49f6e330 Exception <a 'sun/nio/fs/WindowsException'{0x0000000082064758}> (0x0000000082064758) 
thrown [s\src\hotspot\share\prims\jni.cpp, line 517]
Event: 0.382 Thread 0x000001ee49f6e330 Exception <a 'java/lang/NoSuchMethodError'{0x00000000820b8fa8}: 'int java.lang.invoke.DirectMethodHandle$Holder.invokeSpecial(java.lang.Object, java.lang.Object, java.lang.Object)'> (0x00000000820b8fa8) 
thrown [s\src\hotspot\share\interpreter\linkResolver.cpp, line 774]
Event: 0.383 Thread 0x000001ee49f6e330 Exception <a 'sun/nio/fs/WindowsException'{0x00000000820c39a8}> (0x00000000820c39a8) 
thrown [s\src\hotspot\share\prims\jni.cpp, line 517]
Event: 0.383 Thread 0x000001ee49f6e330 Exception <a 'sun/nio/fs/WindowsException'{0x00000000820c3d78}> (0x00000000820c3d78) 
thrown [s\src\hotspot\share\prims\jni.cpp, line 517]
Event: 0.383 Thread 0x000001ee49f6e330 Exception <a 'sun/nio/fs/WindowsException'{0x00000000820c4d50}> (0x00000000820c4d50) 
thrown [s\src\hotspot\share\prims\jni.cpp, line 517]
Event: 0.383 Thread 0x000001ee49f6e330 Exception <a 'sun/nio/fs/WindowsException'{0x00000000820c5130}> (0x00000000820c5130) 
thrown [s\src\hotspot\share\prims\jni.cpp, line 517]
Event: 0.383 Thread 0x000001ee49f6e330 Exception <a 'sun/nio/fs/WindowsException'{0x00000000820c6238}> (0x00000000820c6238) 
thrown [s\src\hotspot\share\prims\jni.cpp, line 517]
Event: 0.383 Thread 0x000001ee49f6e330 Exception <a 'sun/nio/fs/WindowsException'{0x00000000820c65c8}> (0x00000000820c65c8) 
thrown [s\src\hotspot\share\prims\jni.cpp, line 517]
Event: 0.389 Thread 0x000001ee49f6e330 Exception <a 'java/lang/NoSuchMethodError'{0x0000000082bf7a88}: 'java.lang.Object java.lang.invoke.DirectMethodHandle$Holder.invokeStatic(java.lang.Object, java.lang.Object, int, int)'> (0x0000000082bf7a88) 
thrown [s\src\hotspot\share\interpreter\linkResolver.cpp, line 774]
Event: 0.407 Thread 0x000001ee49f6e330 Exception <a 'sun/nio/fs/WindowsException'{0x00000000828de948}> (0x00000000828de948) 
thrown [s\src\hotspot\share\prims\jni.cpp, line 517]
Event: 0.407 Thread 0x000001ee49f6e330 Exception <a 'sun/nio/fs/WindowsException'{0x00000000828def78}> (0x00000000828def78) 
thrown [s\src\hotspot\share\prims\jni.cpp, line 517]
Event: 0.407 Thread 0x000001ee49f6e330 Exception <a 'sun/nio/fs/WindowsException'{0x00000000828dff50}> (0x00000000828dff50) 
thrown [s\src\hotspot\share\prims\jni.cpp, line 517]
Event: 0.407 Thread 0x000001ee49f6e330 Exception <a 'sun/nio/fs/WindowsException'{0x00000000828e0340}> (0x00000000828e0340) 
thrown [s\src\hotspot\share\prims\jni.cpp, line 517]
Event: 0.407 Thread 0x000001ee49f6e330 Exception <a 'sun/nio/fs/WindowsException'{0x00000000828e1448}> (0x00000000828e1448) 
thrown [s\src\hotspot\share\prims\jni.cpp, line 517]
Event: 0.407 Thread 0x000001ee49f6e330 Exception <a 'sun/nio/fs/WindowsException'{0x00000000828e17e8}> (0x00000000828e17e8) 
thrown [s\src\hotspot\share\prims\jni.cpp, line 517]
Event: 0.456 Thread 0x000001ee49f6e330 Exception <a 'java/lang/NoSuchMethodError'{0x000000008253e4c8}: 'java.lang.Object java.lang.invoke.DirectMethodHandle$Holder.invokeInterface(java.lang.Object, java.lang.Object)'> (0x000000008253e4c8) 
thrown [s\src\hotspot\share\interpreter\linkResolver.cpp, line 774]
Event: 0.458 Thread 0x000001ee49f6e330 Exception <a 'java/lang/NoSuchMethodError'{0x000000008254f160}: 'void java.lang.invoke.DirectMethodHandle$Holder.invokeSpecial(java.lang.Object, java.lang.Object, java.lang.Object, java.lang.Object, java.lang.Object)'> (0x000000008254f160) 
thrown [s\src\hotspot\share\interpreter\linkResolver.cpp, line 774]
Event: 0.510 Thread 0x000001ee49f6e330 Exception <a 'java/lang/NoSuchMethodError'{0x000000008297f458}: 'int java.lang.invoke.DirectMethodHandle$Holder.invokeStatic(java.lang.Object, java.lang.Object, java.lang.Object, java.lang.Object)'> (0x000000008297f458) 
thrown [s\src\hotspot\share\interpreter\linkResolver.cpp, line 774]
Event: 0.523 Thread 0x000001ee49f6e330 Exception <a 'java/lang/NoSuchMethodError'{0x00000000829fc678}: 'void java.lang.invoke.DirectMethodHandle$Holder.invokeVirtual(java.lang.Object, java.lang.Object)'> (0x00000000829fc678) 
thrown [s\src\hotspot\share\interpreter\linkResolver.cpp, line 774]

VM Operations (20 events):
Event: 0.339 Executing VM operation: G1CollectForAllocation done
Event: 0.348 Executing VM operation: HandshakeAllThreads
Event: 0.348 Executing VM operation: HandshakeAllThreads done
Event: 0.364 Executing VM operation: G1CollectForAllocation
Event: 0.366 Executing VM operation: G1CollectForAllocation done
Event: 0.370 Executing VM operation: G1CollectForAllocation
Event: 0.371 Executing VM operation: G1CollectForAllocation done
Event: 0.384 Executing VM operation: G1CollectForAllocation
Event: 0.385 Executing VM operation: G1CollectForAllocation done
Event: 0.417 Executing VM operation: G1CollectForAllocation
Event: 0.420 Executing VM operation: G1CollectForAllocation done
Event: 0.461 Executing VM operation: HandshakeAllThreads
Event: 0.461 Executing VM operation: HandshakeAllThreads done
Event: 0.463 Executing VM operation: G1CollectForAllocation
Event: 0.466 Executing VM operation: G1CollectForAllocation done
Event: 0.491 Executing VM operation: G1CollectForAllocation
Event: 0.494 Executing VM operation: G1CollectForAllocation done
Event: 0.552 Executing VM operation: ICBufferFull
Event: 0.552 Executing VM operation: ICBufferFull done
Event: 0.578 Executing VM operation: G1CollectForAllocation

Events (13 events):
Event: 0.010 Thread 0x000001ee49f6e330 Thread added: 0x000001ee49f6e330
Event: 0.018 Thread 0x000001ee69e757f0 Thread added: 0x000001ee69e757f0
Event: 0.018 Thread 0x000001ee69e762c0 Thread added: 0x000001ee69e762c0
Event: 0.018 Thread 0x000001ee69e7af70 Thread added: 0x000001ee69e7af70
Event: 0.018 Thread 0x000001ee69e7b8a0 Thread added: 0x000001ee69e7b8a0
Event: 0.018 Thread 0x000001ee69e7cb10 Thread added: 0x000001ee69e7cb10
Event: 0.018 Thread 0x000001ee69e80de0 Thread added: 0x000001ee69e80de0
Event: 0.018 Thread 0x000001ee69e878d0 Thread added: 0x000001ee69e878d0
Event: 0.018 Thread 0x000001ee69ea9a80 Thread added: 0x000001ee69ea9a80
Event: 0.018 Thread 0x000001ee69eac610 Thread added: 0x000001ee69eac610
Event: 0.031 Thread 0x000001ee69e4b910 Thread added: 0x000001ee69e4b910
Event: 0.041 Thread 0x000001ee69eaa010 Thread added: 0x000001ee69eaa010
Event: 0.044 Thread 0x000001ee6e25aa80 Thread added: 0x000001ee6e25aa80


Dynamic libraries:
0x00007ff771d60000 - 0x00007ff771d68000 	C:\Program Files\Zulu\zulu-19\bin\javac.exe
0x00007ffa972f0000 - 0x00007ffa97504000 	C:\WINDOWS\SYSTEM32\ntdll.dll
0x00007ffa96a30000 - 0x00007ffa96af2000 	C:\WINDOWS\System32\KERNEL32.DLL
0x00007ffa94a90000 - 0x00007ffa94e2c000 	C:\WINDOWS\System32\KERNELBASE.dll
0x00007ffa94730000 - 0x00007ffa94841000 	C:\WINDOWS\System32\ucrtbase.dll
0x00007ffa8dd20000 - 0x00007ffa8dd37000 	C:\Program Files\Zulu\zulu-19\bin\jli.dll
0x00007ffa8dc30000 - 0x00007ffa8dc4b000 	C:\Program Files\Zulu\zulu-19\bin\VCRUNTIME140.dll
0x00007ffa95ee0000 - 0x00007ffa9608b000 	C:\WINDOWS\System32\USER32.dll
0x00007ffa7c330000 - 0x00007ffa7c5be000 	C:\WINDOWS\WinSxS\amd64_microsoft.windows.common-controls_6595b64144ccf1df_6.0.22621.608_none_a9444ca7c10bb01d\COMCTL32.dll
0x00007ffa94a60000 - 0x00007ffa94a86000 	C:\WINDOWS\System32\win32u.dll
0x00007ffa97200000 - 0x00007ffa972a7000 	C:\WINDOWS\System32\msvcrt.dll
0x00007ffa97050000 - 0x00007ffa97079000 	C:\WINDOWS\System32\GDI32.dll
0x00007ffa94f70000 - 0x00007ffa95083000 	C:\WINDOWS\System32\gdi32full.dll
0x00007ffa949c0000 - 0x00007ffa94a5a000 	C:\WINDOWS\System32\msvcp_win.dll
0x00007ffa95ea0000 - 0x00007ffa95ed1000 	C:\WINDOWS\System32\IMM32.DLL
0x00007ffa913b0000 - 0x00007ffa913bc000 	C:\Program Files\Zulu\zulu-19\bin\vcruntime140_1.dll
0x00007ffa828e0000 - 0x00007ffa8296d000 	C:\Program Files\Zulu\zulu-19\bin\msvcp140.dll
0x00007ffa333b0000 - 0x00007ffa340b7000 	C:\Program Files\Zulu\zulu-19\bin\server\jvm.dll
0x00007ffa970d0000 - 0x00007ffa9717e000 	C:\WINDOWS\System32\ADVAPI32.dll
0x00007ffa95d60000 - 0x00007ffa95e04000 	C:\WINDOWS\System32\sechost.dll
0x00007ffa95c20000 - 0x00007ffa95d35000 	C:\WINDOWS\System32\RPCRT4.dll
0x00007ffa8ce90000 - 0x00007ffa8cec4000 	C:\WINDOWS\SYSTEM32\WINMM.dll
0x00007ffa8df80000 - 0x00007ffa8df89000 	C:\WINDOWS\SYSTEM32\WSOCK32.dll
0x00007ffa8ce00000 - 0x00007ffa8ce0a000 	C:\WINDOWS\SYSTEM32\VERSION.dll
0x00007ffa95620000 - 0x00007ffa95691000 	C:\WINDOWS\System32\WS2_32.dll
0x00007ffa93790000 - 0x00007ffa937a8000 	C:\WINDOWS\SYSTEM32\kernel.appcore.dll
0x00007ffa8f920000 - 0x00007ffa8f92a000 	C:\Program Files\Zulu\zulu-19\bin\jimage.dll
0x00007ffa920e0000 - 0x00007ffa9230e000 	C:\WINDOWS\SYSTEM32\DBGHELP.DLL
0x00007ffa95790000 - 0x00007ffa95b19000 	C:\WINDOWS\System32\combase.dll
0x00007ffa95160000 - 0x00007ffa95237000 	C:\WINDOWS\System32\OLEAUT32.dll
0x00007ffa764d0000 - 0x00007ffa76502000 	C:\WINDOWS\SYSTEM32\dbgcore.DLL
0x00007ffa94e30000 - 0x00007ffa94eab000 	C:\WINDOWS\System32\bcryptPrimitives.dll
0x00007ffa82ee0000 - 0x00007ffa82f06000 	C:\Program Files\Zulu\zulu-19\bin\java.dll
0x00007ffa493f0000 - 0x00007ffa494c7000 	C:\Program Files\Zulu\zulu-19\bin\jsvml.dll
0x00007ffa960a0000 - 0x00007ffa96890000 	C:\WINDOWS\System32\SHELL32.dll
0x00007ffa92750000 - 0x00007ffa9301d000 	C:\WINDOWS\SYSTEM32\windows.storage.dll
0x00007ffa92610000 - 0x00007ffa9274e000 	C:\WINDOWS\SYSTEM32\wintypes.dll
0x00007ffa95360000 - 0x00007ffa95451000 	C:\WINDOWS\System32\SHCORE.dll
0x00007ffa956b0000 - 0x00007ffa9570e000 	C:\WINDOWS\System32\shlwapi.dll
0x00007ffa94660000 - 0x00007ffa94681000 	C:\WINDOWS\SYSTEM32\profapi.dll
0x00007ffa82e30000 - 0x00007ffa82e43000 	C:\Program Files\Zulu\zulu-19\bin\net.dll
0x00007ffa8d990000 - 0x00007ffa8dac7000 	C:\WINDOWS\SYSTEM32\WINHTTP.dll
0x00007ffa93c00000 - 0x00007ffa93c69000 	C:\WINDOWS\system32\mswsock.dll
0x00007ffa82d90000 - 0x00007ffa82da6000 	C:\Program Files\Zulu\zulu-19\bin\nio.dll
0x00007ffa82cb0000 - 0x00007ffa82cc8000 	C:\Program Files\Zulu\zulu-19\bin\zip.dll

dbghelp: loaded successfully - version: 4.0.5 - missing functions: none
symbol engine: initialized successfully - sym options: 0x614 - pdb path: .;C:\Program Files\Zulu\zulu-19\bin;C:\WINDOWS\SYSTEM32;C:\WINDOWS\WinSxS\amd64_microsoft.windows.common-controls_6595b64144ccf1df_6.0.22621.608_none_a9444ca7c10bb01d;C:\Program Files\Zulu\zulu-19\bin\server

VM Arguments:
jvm_args: -Dapplication.home=C:\Program Files\Zulu\zulu-19 --add-modules=ALL-DEFAULT -Xms8m -Djdk.module.main=jdk.compiler 
java_command: jdk.compiler/com.sun.tools.javac.Main -d C:\Users\ulise\Desktop\TEC\Algoritmos y estructura de datos I\BuscaMinas\ventana busca minas\build\classes -classpath C:\Users\ulise\Desktop\TEC\Algoritmos y estructura de datos I\BuscaMinas\ventana busca minas\build\classes;C:\Users\ulise\Desktop\TEC\Algoritmos y estructura de datos I\BuscaMinas\ventana busca minas\lib\rxtx-2.1-7r2;C:\Users\ulise\Downloads\RXTXcomm.jar;C:\Users\ulise\Downloads\jSerialComm-2.9.3.zip;C:\Users\ulise\Downloads\jSerialComm-2.9.3.jar -sourcepath C:\Users\ulise\Desktop\TEC\Algoritmos y estructura de datos I\BuscaMinas\ventana busca minas\src -target 19 -encoding UTF-8 -g -processorpath C:\Users\ulise\Desktop\TEC\Algoritmos y estructura de datos I\BuscaMinas\ventana busca minas\lib\rxtx-2.1-7r2;C:\Users\ulise\Downloads\RXTXcomm.jar;C:\Users\ulise\Downloads\jSerialComm-2.9.3.zip;C:\Users\ulise\Downloads\jSerialComm-2.9.3.jar;C:\Users\ulise\Desktop\TEC\Algoritmos y estructura de datos I\BuscaMinas\jar_files\firmata4j-2.3.5.jar;C:\Users\ulise\Desktop\TEC\Algoritmos y estructura de datos I\BuscaMinas\jar_files\jssc-2.8.0.jar;C:\Users\ulise\Desktop\TEC\Algoritmos y estructura de datos I\BuscaMinas\jar_files\jssc-2.9.4.jar;C:\Users\ulise\Desktop\TEC\Algoritmos y estructura de datos I\BuscaMinas\jar_files\slf4j-api-1.7.25.jar;C:\Users\ulise\Desktop\TEC\Algoritmos y estructura de datos I\BuscaMinas\jar_files\slf4j-api-1.7.3.jar;C:\Users\ulise\Desktop\TEC\Algoritmos y estructura de datos I\BuscaMinas\jar_files\slf4j-simple-1.6.1.jar;C:\Users\ulise\Desktop\TEC\Algoritmos y estructura de datos I\BuscaMinas\ventana busca minas\build\empty -s C:\Users\ulise\Desktop\TEC\Algoritmos y estructura de datos I\BuscaMinas\ventana busca minas\build\generated-sources\ap-source-output -source 19 C:\Users\ulise\Desktop\TEC\Algoritmos y estructura de datos I\BuscaMinas\ventana busca minas\src\GameMenuDemo.java
java_class_path (initial): <not set>
Launcher Type: SUN_STANDARD

[Global flags]
     intx CICompilerCount                          = 4                                         {product} {ergonomic}
     uint ConcGCThreads                            = 3                                         {product} {ergonomic}
     uint G1ConcRefinementThreads                  = 10                                        {product} {ergonomic}
   size_t G1HeapRegionSize                         = 1048576                                   {product} {ergonomic}
    uintx GCDrainStackTargetSize                   = 64                                        {product} {ergonomic}
   size_t InitialHeapSize                          = 8388608                                   {product} {command line}
   size_t MarkStackSize                            = 4194304                                   {product} {ergonomic}
   size_t MaxHeapSize                              = 2124414976                                {product} {ergonomic}
   size_t MaxNewSize                               = 1274019840                                {product} {ergonomic}
   size_t MinHeapDeltaBytes                        = 1048576                                   {product} {ergonomic}
   size_t MinHeapSize                              = 8388608                                   {product} {command line}
    uintx NonNMethodCodeHeapSize                   = 5839372                                {pd product} {ergonomic}
    uintx NonProfiledCodeHeapSize                  = 122909434                              {pd product} {ergonomic}
    uintx ProfiledCodeHeapSize                     = 122909434                              {pd product} {ergonomic}
    uintx ReservedCodeCacheSize                    = 251658240                              {pd product} {ergonomic}
     bool SegmentedCodeCache                       = true                                      {product} {ergonomic}
   size_t SoftMaxHeapSize                          = 2124414976                             {manageable} {ergonomic}
     bool UseCompressedClassPointers               = true                           {product lp64_product} {ergonomic}
     bool UseCompressedOops                        = true                           {product lp64_product} {ergonomic}
     bool UseG1GC                                  = true                                      {product} {ergonomic}
     bool UseLargePagesIndividualAllocation        = false                                  {pd product} {ergonomic}

Logging:
Log output configuration:
 #0: stdout all=warning uptime,level,tags foldmultilines=false
 #1: stderr all=off uptime,level,tags foldmultilines=false

Environment Variables:
PATH=C:\Program Files\Zulu\zulu-19\bin\;C:\Program Files\Common Files\Oracle\Java\javapath;C:\Program Files (x86)\Common Files\Oracle\Java\javapath;C:\Windows\system32;C:\Windows;C:\Windows\System32\Wbem;C:\Windows\System32\WindowsPowerShell\v1.0\;C:\Windows\System32\OpenSSH\;C:\Program Files (x86)\NVIDIA Corporation\PhysX\Common;C:\Program Files\NVIDIA Corporation\NVIDIA NvDLISR;C:\WINDOWS\system32;C:\WINDOWS;C:\WINDOWS\System32\Wbem;C:\WINDOWS\System32\WindowsPowerShell\v1.0\;C:\WINDOWS\System32\OpenSSH\;C:\Program Files\nodejs\;C:\Program Files\Git\cmd;C:\Users\ulise\AppData\Local\Microsoft\WindowsApps;C:\Users\ulise\AppData\Local\Programs\Microsoft VS Code\bin;C:\Users\ulise\AppData\Roaming\npm;C:\Users\ulise\AppData\Local\GitHubDesktop\bin
USERNAME=ulise
OS=Windows_NT
PROCESSOR_IDENTIFIER=Intel64 Family 6 Model 165 Stepping 2, GenuineIntel
TMP=C:\Users\ulise\AppData\Local\Temp
TEMP=C:\Users\ulise\AppData\Local\Temp



---------------  S Y S T E M  ---------------

OS:
 Windows 11 , 64 bit Build 22621 (10.0.22621.1485)
OS uptime: 6 days 9:20 hours

CPU: total 12 (initial active 12) (6 cores per cpu, 2 threads per core) family 6 model 165 stepping 2 microcode 0xe2, cx8, cmov, fxsr, ht, mmx, 3dnowpref, sse, sse2, sse3, ssse3, sse4.1, sse4.2, popcnt, lzcnt, tsc, tscinvbit, avx, avx2, aes, erms, clmul, bmi1, bmi2, adx, fma, vzeroupper, clflush, clflushopt, rdtscp

Memory: 4k page, system-wide physical 8099M (549M free)
TotalPageFile size 12195M (AvailPageFile size 7M)
current process WorkingSet (physical memory assigned to process): 92M, peak: 94M
current process commit charge ("private bytes"): 131M, peak: 153M

vm_info: OpenJDK 64-Bit Server VM (19.0.2+7) for windows-amd64 JRE (19.0.2+7) (Zulu19.32+15-CA), built on Dec 28 2022 19:25:40 by "zulu_re" with MS VC++ 16.10 / 16.11 (VS2019)

END.
