#
# There is insufficient memory for the Java Runtime Environment to continue.
# Native memory allocation (malloc) failed to allocate 501456 bytes for Chunk::new
# Possible reasons:
#   The system is out of physical RAM or swap space
#   The process is running with CompressedOops enabled, and the Java Heap may be blocking the growth of the native heap
# Possible solutions:
#   Reduce memory load on the system
#   Increase physical memory or swap space
#   Check if swap backing store is full
#   Decrease Java heap size (-Xmx/-Xms)
#   Decrease number of Java threads
#   Decrease Java thread stack sizes (-Xss)
#   Set larger code cache with -XX:ReservedCodeCacheSize=
#   JVM is running with Unscaled Compressed Oops mode in which the Java heap is
#     placed in the first 4GB address space. The Java Heap base address is the
#     maximum limit for the native heap growth. Please use -XX:HeapBaseMinAddress
#     to set the Java Heap base and to place the Java Heap above 4GB virtual address.
# This output file may be truncated or incomplete.
#
#  Out of Memory Error (arena.cpp:184), pid=16240, tid=2880
#
# JRE version: OpenJDK Runtime Environment Zulu19.32+15-CA (19.0.2+7) (build 19.0.2+7)
# Java VM: OpenJDK 64-Bit Server VM Zulu19.32+15-CA (19.0.2+7, mixed mode, sharing, tiered, compressed oops, compressed class ptrs, g1 gc, windows-amd64)
# No core dump will be written. Minidumps are not enabled by default on client versions of Windows
#

---------------  S U M M A R Y ------------

Command Line: -Dfile.encoding=UTF-8 GameMenuDemo

Host: Intel(R) Core(TM) i7-10750H CPU @ 2.60GHz, 12 cores, 7G,  Windows 11 , 64 bit Build 22621 (10.0.22621.1485)
Time: Mon Apr 10 00:21:51 2023 Hora estándar, América Central elapsed time: 64.238998 seconds (0d 0h 1m 4s)

---------------  T H R E A D  ---------------

Current thread (0x0000024538029930):  JavaThread "C2 CompilerThread0" daemon [_thread_in_native, id=2880, stack(0x0000004d1f500000,0x0000004d1f600000)]


Current CompileTask:
C2:  64239 3923  s!   4       com.sun.scenario.effect.impl.ImagePool::checkOut (447 bytes)

Stack: [0x0000004d1f500000,0x0000004d1f600000]
Native frames: (J=compiled Java code, j=interpreted, Vv=VM code, C=native code)
V  [jvm.dll+0x6eab2a]
V  [jvm.dll+0x8a4a20]
V  [jvm.dll+0x8a640e]
V  [jvm.dll+0x8a6ac3]
V  [jvm.dll+0x27c1ef]
V  [jvm.dll+0xc245f]
V  [jvm.dll+0xc27d5]
V  [jvm.dll+0x2f30df]
V  [jvm.dll+0x5eb37e]
V  [jvm.dll+0x24e7c3]
V  [jvm.dll+0x2471d6]
V  [jvm.dll+0x244b65]
V  [jvm.dll+0x1cf9a1]
V  [jvm.dll+0x254799]
V  [jvm.dll+0x2529a8]
V  [jvm.dll+0x854e98]
V  [jvm.dll+0x84ec7a]
V  [jvm.dll+0x6e981b]
C  [ucrtbase.dll+0x29363]
C  [KERNEL32.DLL+0x1269d]
C  [ntdll.dll+0x5a9f8]


---------------  P R O C E S S  ---------------

Threads class SMR info:
_java_thread_list=0x000002453c61b100, length=27, elements={
0x00000245180a82d0, 0x0000024538016a40, 0x0000024538017510, 0x000002453801d2a0,
0x0000024538021be0, 0x0000024538022e50, 0x00000245380248e0, 0x0000024538029930,
0x000002453802c410, 0x000002453802f530, 0x000002453c502440, 0x000002453c5117e0,
0x000002453c77c0f0, 0x000002453c50a650, 0x000002453ccaed40, 0x000002453ce83ed0,
0x000002453ce84970, 0x000002453ce86950, 0x000002453ce84ec0, 0x000002453ce85eb0,
0x000002453ce85410, 0x000002453ce86400, 0x00000245470f5610, 0x00000245470f5b60,
0x00000245470f1100, 0x0000024546fdd610, 0x0000024546fdbfd0
}

Java Threads: ( => current thread )
  0x00000245180a82d0 JavaThread "main" [_thread_blocked, id=21424, stack(0x0000004d1e800000,0x0000004d1e900000)]
  0x0000024538016a40 JavaThread "Reference Handler" daemon [_thread_blocked, id=4092, stack(0x0000004d1ef00000,0x0000004d1f000000)]
  0x0000024538017510 JavaThread "Finalizer" daemon [_thread_blocked, id=2556, stack(0x0000004d1f000000,0x0000004d1f100000)]
  0x000002453801d2a0 JavaThread "Signal Dispatcher" daemon [_thread_blocked, id=10660, stack(0x0000004d1f100000,0x0000004d1f200000)]
  0x0000024538021be0 JavaThread "Attach Listener" daemon [_thread_blocked, id=19100, stack(0x0000004d1f200000,0x0000004d1f300000)]
  0x0000024538022e50 JavaThread "Service Thread" daemon [_thread_blocked, id=20440, stack(0x0000004d1f300000,0x0000004d1f400000)]
  0x00000245380248e0 JavaThread "Monitor Deflation Thread" daemon [_thread_blocked, id=23588, stack(0x0000004d1f400000,0x0000004d1f500000)]
=>0x0000024538029930 JavaThread "C2 CompilerThread0" daemon [_thread_in_native, id=2880, stack(0x0000004d1f500000,0x0000004d1f600000)]
  0x000002453802c410 JavaThread "C1 CompilerThread0" daemon [_thread_blocked, id=22220, stack(0x0000004d1f600000,0x0000004d1f700000)]
  0x000002453802f530 JavaThread "Sweeper thread" daemon [_thread_blocked, id=18084, stack(0x0000004d1f700000,0x0000004d1f800000)]
  0x000002453c502440 JavaThread "Notification Thread" daemon [_thread_blocked, id=17172, stack(0x0000004d1f800000,0x0000004d1f900000)]
  0x000002453c5117e0 JavaThread "Common-Cleaner" daemon [_thread_blocked, id=19044, stack(0x0000004d1fa00000,0x0000004d1fb00000)]
  0x000002453c77c0f0 JavaThread "QuantumRenderer-0" daemon [_thread_in_Java, id=17652, stack(0x0000004d1fb00000,0x0000004d1fc00000)]
  0x000002453c50a650 JavaThread "InvokeLaterDispatcher" daemon [_thread_blocked, id=24136, stack(0x0000004d1fd00000,0x0000004d1fe00000)]
  0x000002453ccaed40 JavaThread "JavaFX Application Thread" [_thread_in_native, id=12280, stack(0x0000004d1fe00000,0x0000004d1ff00000)]
  0x000002453ce83ed0 JavaThread "JavaFX-Launcher" [_thread_blocked, id=21964, stack(0x0000004d20100000,0x0000004d20200000)]
  0x000002453ce84970 JavaThread "Thread-2" daemon [_thread_in_native, id=13668, stack(0x0000004d20000000,0x0000004d20100000)]
  0x000002453ce86950 JavaThread "Prism Font Disposer" daemon [_thread_blocked, id=24132, stack(0x0000004d20200000,0x0000004d20300000)]
  0x000002453ce84ec0 JavaThread "Thread-7" daemon [_thread_in_native, id=13576, stack(0x0000004d20a50000,0x0000004d20b50000)]
  0x000002453ce85eb0 JavaThread "Thread-8" daemon [_thread_blocked, id=22464, stack(0x0000004d20b50000,0x0000004d20c50000)]
  0x000002453ce85410 JavaThread "Timer-0" [_thread_blocked, id=21860, stack(0x0000004d20c50000,0x0000004d20d50000)]
  0x000002453ce86400 JavaThread "Cleaner-0" daemon [_thread_blocked, id=14584, stack(0x0000004d21650000,0x0000004d21750000)]
  0x00000245470f5610 JavaThread "JFXMedia Player EventQueueThread" daemon [_thread_blocked, id=22824, stack(0x0000004d20950000,0x0000004d20a50000)]
  0x00000245470f5b60 JavaThread "Media Resource Disposer" daemon [_thread_blocked, id=23136, stack(0x0000004d21f50000,0x0000004d22050000)]
  0x00000245470f1100 JavaThread "Timer-1" daemon [_thread_blocked, id=10184, stack(0x0000004d22150000,0x0000004d22250000)]
  0x0000024546fdd610 JavaThread "C2 CompilerThread1" daemon [_thread_in_native, id=21248, stack(0x0000004d21b50000,0x0000004d21c50000)]
  0x0000024546fdbfd0 JavaThread "C2 CompilerThread2" daemon [_thread_in_native, id=11520, stack(0x0000004d22050000,0x0000004d22150000)]

Other Threads:
  0x0000024538001be0 VMThread "VM Thread" [stack: 0x0000004d1ee00000,0x0000004d1ef00000] [id=8352]
  0x000002453c502d90 WatcherThread "VM Periodic Task Thread" [stack: 0x0000004d1f900000,0x0000004d1fa00000] [id=16996]
  0x0000024518107b50 WorkerThread "GC Thread#0" [stack: 0x0000004d1e900000,0x0000004d1ea00000] [id=18900]
  0x000002453c677de0 WorkerThread "GC Thread#1" [stack: 0x0000004d20d50000,0x0000004d20e50000] [id=11580]
  0x000002453c6780b0 WorkerThread "GC Thread#2" [stack: 0x0000004d20e50000,0x0000004d20f50000] [id=22952]
  0x000002453c678380 WorkerThread "GC Thread#3" [stack: 0x0000004d20f50000,0x0000004d21050000] [id=19040]
  0x00000245477cd290 WorkerThread "GC Thread#4" [stack: 0x0000004d21050000,0x0000004d21150000] [id=5876]
  0x00000245477cb0d0 WorkerThread "GC Thread#5" [stack: 0x0000004d21150000,0x0000004d21250000] [id=14804]
  0x00000245477cd560 WorkerThread "GC Thread#6" [stack: 0x0000004d21250000,0x0000004d21350000] [id=13104]
  0x00000245477ce640 WorkerThread "GC Thread#7" [stack: 0x0000004d21350000,0x0000004d21450000] [id=21104]
  0x00000245477ce910 WorkerThread "GC Thread#8" [stack: 0x0000004d21450000,0x0000004d21550000] [id=17648]
  0x00000245477cd830 WorkerThread "GC Thread#9" [stack: 0x0000004d21550000,0x0000004d21650000] [id=11432]
  0x00000245181189f0 ConcurrentGCThread "G1 Main Marker" [stack: 0x0000004d1ea00000,0x0000004d1eb00000] [id=8416]
  0x0000024518119ac0 WorkerThread "G1 Conc#0" [stack: 0x0000004d1eb00000,0x0000004d1ec00000] [id=2380]
  0x0000024537eb8510 ConcurrentGCThread "G1 Refine#0" [stack: 0x0000004d1ec00000,0x0000004d1ed00000] [id=1232]
  0x0000024537eb9d10 ConcurrentGCThread "G1 Service" [stack: 0x0000004d1ed00000,0x0000004d1ee00000] [id=21456]

Threads with active compile tasks:
C2 CompilerThread0    64256 3923  s!   4       com.sun.scenario.effect.impl.ImagePool::checkOut (447 bytes)
C2 CompilerThread1    64256 3928       4       com.sun.scenario.effect.ImageData::unref (103 bytes)
C2 CompilerThread2    64256 3952       4       com.sun.prism.impl.shape.DMarlinPrismUtils::feedConsumer (902 bytes)

VM state: not at safepoint (normal execution)

VM Mutex/Monitor currently owned by a thread: None

Heap address: 0x0000000081600000, size: 2026 MB, Compressed Oops mode: 32-bit

CDS archive(s) mapped at: [0x0000000800000000-0x0000000800c40000-0x0000000800c40000), size 12845056, SharedBaseAddress: 0x0000000800000000, ArchiveRelocationMode: 0.
Compressed class space mapped at: 0x0000000801000000-0x0000000841000000, reserved size: 1073741824
Narrow klass base: 0x0000000800000000, Narrow klass shift: 0, Narrow klass range: 0x100000000

GC Precious Log:
 CardTable entry size: 512
 Card Set container configuration: InlinePtr #cards 5 size 8 Array Of Cards #cards 12 size 40 Howl #buckets 4 coarsen threshold 1843 Howl Bitmap #cards 512 size 80 coarsen threshold 460 Card regions per heap region 1 cards per card region 2048
 CPUs: 12 total, 12 available
 Memory: 8099M
 Large Page Support: Disabled
 NUMA Support: Disabled
 Compressed Oops: Enabled (32-bit)
 Heap Region Size: 1M
 Heap Min Capacity: 8M
 Heap Initial Capacity: 128M
 Heap Max Capacity: 2026M
 Pre-touch: Disabled
 Parallel Workers: 10
 Concurrent Workers: 3
 Concurrent Refinement Workers: 10
 Periodic GC: Disabled

Heap:
 garbage-first heap   total 131072K, used 42796K [0x0000000081600000, 0x0000000100000000)
  region size 1024K, 17 young (17408K), 3 survivors (3072K)
 Metaspace       used 14777K, committed 15040K, reserved 1114112K
  class space    used 1949K, committed 2048K, reserved 1048576K

Heap Regions: E=young(eden), S=young(survivor), O=old, HS=humongous(starts), HC=humongous(continues), CS=collection set, F=free, OA=open archive, CA=closed archive, TAMS=top-at-mark-start (previous, next)
|   0|0x0000000081600000, 0x0000000081700000, 0x0000000081700000|100%|HS|  |TAMS 0x0000000081600000, 0x0000000081600000| Complete 
|   1|0x0000000081700000, 0x0000000081800000, 0x0000000081800000|100%|HC|  |TAMS 0x0000000081700000, 0x0000000081700000| Complete 
|   2|0x0000000081800000, 0x0000000081900000, 0x0000000081900000|100%|HC|  |TAMS 0x0000000081800000, 0x0000000081800000| Complete 
|   3|0x0000000081900000, 0x0000000081a00000, 0x0000000081a00000|100%|HC|  |TAMS 0x0000000081900000, 0x0000000081900000| Complete 
|   4|0x0000000081a00000, 0x0000000081b00000, 0x0000000081b00000|100%|HC|  |TAMS 0x0000000081a00000, 0x0000000081a00000| Complete 
|   5|0x0000000081b00000, 0x0000000081c00000, 0x0000000081c00000|100%|HC|  |TAMS 0x0000000081b00000, 0x0000000081b00000| Complete 
|   6|0x0000000081c00000, 0x0000000081d00000, 0x0000000081d00000|100%|HC|  |TAMS 0x0000000081c00000, 0x0000000081c00000| Complete 
|   7|0x0000000081d00000, 0x0000000081e00000, 0x0000000081e00000|100%|HC|  |TAMS 0x0000000081d00000, 0x0000000081d00000| Complete 
|   8|0x0000000081e00000, 0x0000000081f00000, 0x0000000081f00000|100%|HS|  |TAMS 0x0000000081e00000, 0x0000000081e00000| Complete 
|   9|0x0000000081f00000, 0x0000000082000000, 0x0000000082000000|100%|HS|  |TAMS 0x0000000081f00000, 0x0000000081f00000| Complete 
|  10|0x0000000082000000, 0x0000000082100000, 0x0000000082100000|100%|HC|  |TAMS 0x0000000082000000, 0x0000000082000000| Complete 
|  11|0x0000000082100000, 0x0000000082200000, 0x0000000082200000|100%|HC|  |TAMS 0x0000000082100000, 0x0000000082100000| Complete 
|  12|0x0000000082200000, 0x0000000082300000, 0x0000000082300000|100%|HC|  |TAMS 0x0000000082200000, 0x0000000082200000| Complete 
|  13|0x0000000082300000, 0x0000000082400000, 0x0000000082400000|100%|HC|  |TAMS 0x0000000082300000, 0x0000000082300000| Complete 
|  14|0x0000000082400000, 0x0000000082500000, 0x0000000082500000|100%|HC|  |TAMS 0x0000000082400000, 0x0000000082400000| Complete 
|  15|0x0000000082500000, 0x0000000082600000, 0x0000000082600000|100%|HC|  |TAMS 0x0000000082500000, 0x0000000082500000| Complete 
|  16|0x0000000082600000, 0x0000000082700000, 0x0000000082700000|100%|HC|  |TAMS 0x0000000082600000, 0x0000000082600000| Complete 
|  17|0x0000000082700000, 0x0000000082800000, 0x0000000082800000|100%|HS|  |TAMS 0x0000000082700000, 0x0000000082700000| Complete 
|  18|0x0000000082800000, 0x0000000082900000, 0x0000000082900000|100%| O|  |TAMS 0x0000000082800000, 0x0000000082800000| Untracked 
|  19|0x0000000082900000, 0x0000000082a00000, 0x0000000082a00000|100%| O|  |TAMS 0x0000000082900000, 0x0000000082900000| Untracked 
|  20|0x0000000082a00000, 0x0000000082b00000, 0x0000000082b00000|100%| O|  |TAMS 0x0000000082a00000, 0x0000000082a00000| Untracked 
|  21|0x0000000082b00000, 0x0000000082c00000, 0x0000000082c00000|100%| O|  |TAMS 0x0000000082b00000, 0x0000000082b00000| Untracked 
|  22|0x0000000082c00000, 0x0000000082d00000, 0x0000000082d00000|100%| O|  |TAMS 0x0000000082c00000, 0x0000000082c00000| Untracked 
|  23|0x0000000082d00000, 0x0000000082e00000, 0x0000000082e00000|100%|HS|  |TAMS 0x0000000082d00000, 0x0000000082d00000| Complete 
|  24|0x0000000082e00000, 0x0000000082f00000, 0x0000000082f00000|100%|HC|  |TAMS 0x0000000082e00000, 0x0000000082e00000| Complete 
|  25|0x0000000082f00000, 0x0000000083000000, 0x0000000083000000|100%| O|  |TAMS 0x0000000082f00000, 0x0000000082f00000| Untracked 
|  26|0x0000000083000000, 0x00000000830bb000, 0x0000000083100000| 73%| O|  |TAMS 0x0000000083000000, 0x0000000083000000| Untracked 
|  27|0x0000000083100000, 0x0000000083100000, 0x0000000083200000|  0%| F|  |TAMS 0x0000000083100000, 0x0000000083100000| Untracked 
|  28|0x0000000083200000, 0x0000000083200000, 0x0000000083300000|  0%| F|  |TAMS 0x0000000083200000, 0x0000000083200000| Untracked 
|  29|0x0000000083300000, 0x0000000083300000, 0x0000000083400000|  0%| F|  |TAMS 0x0000000083300000, 0x0000000083300000| Untracked 
|  30|0x0000000083400000, 0x0000000083400000, 0x0000000083500000|  0%| F|  |TAMS 0x0000000083400000, 0x0000000083400000| Untracked 
|  31|0x0000000083500000, 0x0000000083500000, 0x0000000083600000|  0%| F|  |TAMS 0x0000000083500000, 0x0000000083500000| Untracked 
|  32|0x0000000083600000, 0x0000000083600000, 0x0000000083700000|  0%| F|  |TAMS 0x0000000083600000, 0x0000000083600000| Untracked 
|  33|0x0000000083700000, 0x0000000083700000, 0x0000000083800000|  0%| F|  |TAMS 0x0000000083700000, 0x0000000083700000| Untracked 
|  34|0x0000000083800000, 0x0000000083800000, 0x0000000083900000|  0%| F|  |TAMS 0x0000000083800000, 0x0000000083800000| Untracked 
|  35|0x0000000083900000, 0x0000000083900000, 0x0000000083a00000|  0%| F|  |TAMS 0x0000000083900000, 0x0000000083900000| Untracked 
|  36|0x0000000083a00000, 0x0000000083a00000, 0x0000000083b00000|  0%| F|  |TAMS 0x0000000083a00000, 0x0000000083a00000| Untracked 
|  37|0x0000000083b00000, 0x0000000083b00000, 0x0000000083c00000|  0%| F|  |TAMS 0x0000000083b00000, 0x0000000083b00000| Untracked 
|  38|0x0000000083c00000, 0x0000000083c00000, 0x0000000083d00000|  0%| F|  |TAMS 0x0000000083c00000, 0x0000000083c00000| Untracked 
|  39|0x0000000083d00000, 0x0000000083d00000, 0x0000000083e00000|  0%| F|  |TAMS 0x0000000083d00000, 0x0000000083d00000| Untracked 
|  40|0x0000000083e00000, 0x0000000083e00000, 0x0000000083f00000|  0%| F|  |TAMS 0x0000000083e00000, 0x0000000083e00000| Untracked 
|  41|0x0000000083f00000, 0x0000000083f00000, 0x0000000084000000|  0%| F|  |TAMS 0x0000000083f00000, 0x0000000083f00000| Untracked 
|  42|0x0000000084000000, 0x0000000084000000, 0x0000000084100000|  0%| F|  |TAMS 0x0000000084000000, 0x0000000084000000| Untracked 
|  43|0x0000000084100000, 0x0000000084100000, 0x0000000084200000|  0%| F|  |TAMS 0x0000000084100000, 0x0000000084100000| Untracked 
|  44|0x0000000084200000, 0x0000000084200000, 0x0000000084300000|  0%| F|  |TAMS 0x0000000084200000, 0x0000000084200000| Untracked 
|  45|0x0000000084300000, 0x0000000084300000, 0x0000000084400000|  0%| F|  |TAMS 0x0000000084300000, 0x0000000084300000| Untracked 
|  46|0x0000000084400000, 0x0000000084400000, 0x0000000084500000|  0%| F|  |TAMS 0x0000000084400000, 0x0000000084400000| Untracked 
|  47|0x0000000084500000, 0x0000000084500000, 0x0000000084600000|  0%| F|  |TAMS 0x0000000084500000, 0x0000000084500000| Untracked 
|  48|0x0000000084600000, 0x0000000084600000, 0x0000000084700000|  0%| F|  |TAMS 0x0000000084600000, 0x0000000084600000| Untracked 
|  49|0x0000000084700000, 0x0000000084700000, 0x0000000084800000|  0%| F|  |TAMS 0x0000000084700000, 0x0000000084700000| Untracked 
|  50|0x0000000084800000, 0x0000000084800000, 0x0000000084900000|  0%| F|  |TAMS 0x0000000084800000, 0x0000000084800000| Untracked 
|  51|0x0000000084900000, 0x0000000084900000, 0x0000000084a00000|  0%| F|  |TAMS 0x0000000084900000, 0x0000000084900000| Untracked 
|  52|0x0000000084a00000, 0x0000000084a00000, 0x0000000084b00000|  0%| F|  |TAMS 0x0000000084a00000, 0x0000000084a00000| Untracked 
|  53|0x0000000084b00000, 0x0000000084b00000, 0x0000000084c00000|  0%| F|  |TAMS 0x0000000084b00000, 0x0000000084b00000| Untracked 
|  54|0x0000000084c00000, 0x0000000084c00000, 0x0000000084d00000|  0%| F|  |TAMS 0x0000000084c00000, 0x0000000084c00000| Untracked 
|  55|0x0000000084d00000, 0x0000000084d00000, 0x0000000084e00000|  0%| F|  |TAMS 0x0000000084d00000, 0x0000000084d00000| Untracked 
|  56|0x0000000084e00000, 0x0000000084e00000, 0x0000000084f00000|  0%| F|  |TAMS 0x0000000084e00000, 0x0000000084e00000| Untracked 
|  57|0x0000000084f00000, 0x0000000084f00000, 0x0000000085000000|  0%| F|  |TAMS 0x0000000084f00000, 0x0000000084f00000| Untracked 
|  58|0x0000000085000000, 0x0000000085000000, 0x0000000085100000|  0%| F|  |TAMS 0x0000000085000000, 0x0000000085000000| Untracked 
|  59|0x0000000085100000, 0x0000000085100000, 0x0000000085200000|  0%| F|  |TAMS 0x0000000085100000, 0x0000000085100000| Untracked 
|  60|0x0000000085200000, 0x0000000085200000, 0x0000000085300000|  0%| F|  |TAMS 0x0000000085200000, 0x0000000085200000| Untracked 
|  61|0x0000000085300000, 0x0000000085300000, 0x0000000085400000|  0%| F|  |TAMS 0x0000000085300000, 0x0000000085300000| Untracked 
|  62|0x0000000085400000, 0x0000000085400000, 0x0000000085500000|  0%| F|  |TAMS 0x0000000085400000, 0x0000000085400000| Untracked 
|  63|0x0000000085500000, 0x0000000085500000, 0x0000000085600000|  0%| F|  |TAMS 0x0000000085500000, 0x0000000085500000| Untracked 
|  64|0x0000000085600000, 0x0000000085600000, 0x0000000085700000|  0%| F|  |TAMS 0x0000000085600000, 0x0000000085600000| Untracked 
|  65|0x0000000085700000, 0x0000000085700000, 0x0000000085800000|  0%| F|  |TAMS 0x0000000085700000, 0x0000000085700000| Untracked 
|  66|0x0000000085800000, 0x0000000085800000, 0x0000000085900000|  0%| F|  |TAMS 0x0000000085800000, 0x0000000085800000| Untracked 
|  67|0x0000000085900000, 0x0000000085900000, 0x0000000085a00000|  0%| F|  |TAMS 0x0000000085900000, 0x0000000085900000| Untracked 
|  68|0x0000000085a00000, 0x0000000085a00000, 0x0000000085b00000|  0%| F|  |TAMS 0x0000000085a00000, 0x0000000085a00000| Untracked 
|  69|0x0000000085b00000, 0x0000000085b00000, 0x0000000085c00000|  0%| F|  |TAMS 0x0000000085b00000, 0x0000000085b00000| Untracked 
|  70|0x0000000085c00000, 0x0000000085c00000, 0x0000000085d00000|  0%| F|  |TAMS 0x0000000085c00000, 0x0000000085c00000| Untracked 
|  71|0x0000000085d00000, 0x0000000085d00000, 0x0000000085e00000|  0%| F|  |TAMS 0x0000000085d00000, 0x0000000085d00000| Untracked 
|  72|0x0000000085e00000, 0x0000000085e00000, 0x0000000085f00000|  0%| F|  |TAMS 0x0000000085e00000, 0x0000000085e00000| Untracked 
|  73|0x0000000085f00000, 0x0000000085f00000, 0x0000000086000000|  0%| F|  |TAMS 0x0000000085f00000, 0x0000000085f00000| Untracked 
|  74|0x0000000086000000, 0x0000000086000000, 0x0000000086100000|  0%| F|  |TAMS 0x0000000086000000, 0x0000000086000000| Untracked 
|  75|0x0000000086100000, 0x0000000086100000, 0x0000000086200000|  0%| F|  |TAMS 0x0000000086100000, 0x0000000086100000| Untracked 
|  76|0x0000000086200000, 0x0000000086200000, 0x0000000086300000|  0%| F|  |TAMS 0x0000000086200000, 0x0000000086200000| Untracked 
|  77|0x0000000086300000, 0x0000000086300000, 0x0000000086400000|  0%| F|  |TAMS 0x0000000086300000, 0x0000000086300000| Untracked 
|  78|0x0000000086400000, 0x0000000086400000, 0x0000000086500000|  0%| F|  |TAMS 0x0000000086400000, 0x0000000086400000| Untracked 
|  79|0x0000000086500000, 0x0000000086500000, 0x0000000086600000|  0%| F|  |TAMS 0x0000000086500000, 0x0000000086500000| Untracked 
|  80|0x0000000086600000, 0x0000000086600000, 0x0000000086700000|  0%| F|  |TAMS 0x0000000086600000, 0x0000000086600000| Untracked 
|  81|0x0000000086700000, 0x0000000086700000, 0x0000000086800000|  0%| F|  |TAMS 0x0000000086700000, 0x0000000086700000| Untracked 
|  82|0x0000000086800000, 0x0000000086800000, 0x0000000086900000|  0%| F|  |TAMS 0x0000000086800000, 0x0000000086800000| Untracked 
|  83|0x0000000086900000, 0x0000000086900000, 0x0000000086a00000|  0%| F|  |TAMS 0x0000000086900000, 0x0000000086900000| Untracked 
|  84|0x0000000086a00000, 0x0000000086a00000, 0x0000000086b00000|  0%| F|  |TAMS 0x0000000086a00000, 0x0000000086a00000| Untracked 
|  85|0x0000000086b00000, 0x0000000086b00000, 0x0000000086c00000|  0%| F|  |TAMS 0x0000000086b00000, 0x0000000086b00000| Untracked 
|  86|0x0000000086c00000, 0x0000000086c00000, 0x0000000086d00000|  0%| F|  |TAMS 0x0000000086c00000, 0x0000000086c00000| Untracked 
|  87|0x0000000086d00000, 0x0000000086d00000, 0x0000000086e00000|  0%| F|  |TAMS 0x0000000086d00000, 0x0000000086d00000| Untracked 
|  88|0x0000000086e00000, 0x0000000086e00000, 0x0000000086f00000|  0%| F|  |TAMS 0x0000000086e00000, 0x0000000086e00000| Untracked 
|  89|0x0000000086f00000, 0x0000000086f00000, 0x0000000087000000|  0%| F|  |TAMS 0x0000000086f00000, 0x0000000086f00000| Untracked 
|  90|0x0000000087000000, 0x0000000087000000, 0x0000000087100000|  0%| F|  |TAMS 0x0000000087000000, 0x0000000087000000| Untracked 
|  91|0x0000000087100000, 0x0000000087100000, 0x0000000087200000|  0%| F|  |TAMS 0x0000000087100000, 0x0000000087100000| Untracked 
|  92|0x0000000087200000, 0x0000000087200000, 0x0000000087300000|  0%| F|  |TAMS 0x0000000087200000, 0x0000000087200000| Untracked 
|  93|0x0000000087300000, 0x0000000087300000, 0x0000000087400000|  0%| F|  |TAMS 0x0000000087300000, 0x0000000087300000| Untracked 
|  94|0x0000000087400000, 0x0000000087400000, 0x0000000087500000|  0%| F|  |TAMS 0x0000000087400000, 0x0000000087400000| Untracked 
|  95|0x0000000087500000, 0x0000000087500000, 0x0000000087600000|  0%| F|  |TAMS 0x0000000087500000, 0x0000000087500000| Untracked 
|  96|0x0000000087600000, 0x0000000087600000, 0x0000000087700000|  0%| F|  |TAMS 0x0000000087600000, 0x0000000087600000| Untracked 
|  97|0x0000000087700000, 0x0000000087710010, 0x0000000087800000|  6%| S|CS|TAMS 0x0000000087700000, 0x0000000087700000| Complete 
|  98|0x0000000087800000, 0x0000000087900000, 0x0000000087900000|100%| S|CS|TAMS 0x0000000087800000, 0x0000000087800000| Complete 
|  99|0x0000000087900000, 0x0000000087a00000, 0x0000000087a00000|100%| S|CS|TAMS 0x0000000087900000, 0x0000000087900000| Complete 
| 100|0x0000000087a00000, 0x0000000087a00000, 0x0000000087b00000|  0%| F|  |TAMS 0x0000000087a00000, 0x0000000087a00000| Untracked 
| 101|0x0000000087b00000, 0x0000000087b00000, 0x0000000087c00000|  0%| F|  |TAMS 0x0000000087b00000, 0x0000000087b00000| Untracked 
| 102|0x0000000087c00000, 0x0000000087c00000, 0x0000000087d00000|  0%| F|  |TAMS 0x0000000087c00000, 0x0000000087c00000| Untracked 
| 103|0x0000000087d00000, 0x0000000087d00000, 0x0000000087e00000|  0%| F|  |TAMS 0x0000000087d00000, 0x0000000087d00000| Untracked 
| 104|0x0000000087e00000, 0x0000000087e00000, 0x0000000087f00000|  0%| F|  |TAMS 0x0000000087e00000, 0x0000000087e00000| Untracked 
| 105|0x0000000087f00000, 0x0000000087f00000, 0x0000000088000000|  0%| F|  |TAMS 0x0000000087f00000, 0x0000000087f00000| Untracked 
| 106|0x0000000088000000, 0x0000000088000000, 0x0000000088100000|  0%| F|  |TAMS 0x0000000088000000, 0x0000000088000000| Untracked 
| 107|0x0000000088100000, 0x0000000088100000, 0x0000000088200000|  0%| F|  |TAMS 0x0000000088100000, 0x0000000088100000| Untracked 
| 108|0x0000000088200000, 0x0000000088200000, 0x0000000088300000|  0%| F|  |TAMS 0x0000000088200000, 0x0000000088200000| Untracked 
| 109|0x0000000088300000, 0x0000000088300000, 0x0000000088400000|  0%| F|  |TAMS 0x0000000088300000, 0x0000000088300000| Untracked 
| 110|0x0000000088400000, 0x0000000088400000, 0x0000000088500000|  0%| F|  |TAMS 0x0000000088400000, 0x0000000088400000| Untracked 
| 111|0x0000000088500000, 0x0000000088500000, 0x0000000088600000|  0%| F|  |TAMS 0x0000000088500000, 0x0000000088500000| Untracked 
| 112|0x0000000088600000, 0x0000000088600000, 0x0000000088700000|  0%| F|  |TAMS 0x0000000088600000, 0x0000000088600000| Untracked 
| 113|0x0000000088700000, 0x0000000088700000, 0x0000000088800000|  0%| F|  |TAMS 0x0000000088700000, 0x0000000088700000| Untracked 
| 114|0x0000000088800000, 0x00000000888d9aa8, 0x0000000088900000| 85%| E|  |TAMS 0x0000000088800000, 0x0000000088800000| Complete 
| 115|0x0000000088900000, 0x0000000088a00000, 0x0000000088a00000|100%| E|CS|TAMS 0x0000000088900000, 0x0000000088900000| Complete 
| 116|0x0000000088a00000, 0x0000000088b00000, 0x0000000088b00000|100%| E|CS|TAMS 0x0000000088a00000, 0x0000000088a00000| Complete 
| 117|0x0000000088b00000, 0x0000000088c00000, 0x0000000088c00000|100%| E|CS|TAMS 0x0000000088b00000, 0x0000000088b00000| Complete 
| 118|0x0000000088c00000, 0x0000000088d00000, 0x0000000088d00000|100%| E|CS|TAMS 0x0000000088c00000, 0x0000000088c00000| Complete 
| 119|0x0000000088d00000, 0x0000000088e00000, 0x0000000088e00000|100%| E|CS|TAMS 0x0000000088d00000, 0x0000000088d00000| Complete 
| 120|0x0000000088e00000, 0x0000000088f00000, 0x0000000088f00000|100%| E|CS|TAMS 0x0000000088e00000, 0x0000000088e00000| Complete 
| 121|0x0000000088f00000, 0x0000000089000000, 0x0000000089000000|100%| E|CS|TAMS 0x0000000088f00000, 0x0000000088f00000| Complete 
| 122|0x0000000089000000, 0x0000000089100000, 0x0000000089100000|100%| E|CS|TAMS 0x0000000089000000, 0x0000000089000000| Complete 
| 123|0x0000000089100000, 0x0000000089200000, 0x0000000089200000|100%| E|CS|TAMS 0x0000000089100000, 0x0000000089100000| Complete 
| 124|0x0000000089200000, 0x0000000089300000, 0x0000000089300000|100%| E|CS|TAMS 0x0000000089200000, 0x0000000089200000| Complete 
| 125|0x0000000089300000, 0x0000000089400000, 0x0000000089400000|100%| E|CS|TAMS 0x0000000089300000, 0x0000000089300000| Complete 
| 126|0x0000000089400000, 0x0000000089500000, 0x0000000089500000|100%| E|CS|TAMS 0x0000000089400000, 0x0000000089400000| Complete 
| 127|0x0000000089500000, 0x0000000089600000, 0x0000000089600000|100%| E|CS|TAMS 0x0000000089500000, 0x0000000089500000| Complete 

Card table byte_map: [0x0000024530c70000,0x0000024531070000] _byte_map_base: 0x0000024530865000

Marking Bits (Prev, Next): (CMBitMap*) 0x0000024518108080, (CMBitMap*) 0x00000245181080c0
 Prev Bits: [0x0000024531470000, 0x0000024533418000)
 Next Bits: [0x0000024533420000, 0x00000245353c8000)

Polling page: 0x0000024515fe0000

Metaspace:

Usage:
  Non-class:     12.53 MB used.
      Class:      1.90 MB used.
       Both:     14.43 MB used.

Virtual space:
  Non-class space:       64.00 MB reserved,      12.69 MB ( 20%) committed,  1 nodes.
      Class space:        1.00 GB reserved,       2.00 MB ( <1%) committed,  1 nodes.
             Both:        1.06 GB reserved,      14.69 MB (  1%) committed. 

Chunk freelists:
   Non-Class:  1.92 MB
       Class:  1.94 MB
        Both:  3.87 MB

MaxMetaspaceSize: unlimited
CompressedClassSpaceSize: 1.00 GB
Initial GC threshold: 21.00 MB
Current GC threshold: 21.00 MB
CDS: on
MetaspaceReclaimPolicy: balanced
 - commit_granule_bytes: 65536.
 - commit_granule_words: 8192.
 - virtual_space_node_default_size: 8388608.
 - enlarge_chunks_in_place: 1.
 - new_chunks_are_fully_committed: 0.
 - uncommit_free_chunks: 1.
 - use_allocation_guard: 0.


Internal statistics:

num_allocs_failed_limit: 0.
num_arena_births: 336.
num_arena_deaths: 0.
num_vsnodes_births: 2.
num_vsnodes_deaths: 0.
num_space_committed: 235.
num_space_uncommitted: 0.
num_chunks_returned_to_freelist: 0.
num_chunks_taken_from_freelist: 868.
num_chunk_merges: 0.
num_chunk_splits: 612.
num_chunks_enlarged: 472.
num_inconsistent_stats: 0.

CodeHeap 'non-profiled nmethods': size=120000Kb used=2049Kb max_used=2049Kb free=117950Kb
 bounds [0x0000024528de0000, 0x0000024529050000, 0x0000024530310000]
CodeHeap 'profiled nmethods': size=120000Kb used=7916Kb max_used=7916Kb free=112083Kb
 bounds [0x0000024521310000, 0x0000024521ad0000, 0x0000024528840000]
CodeHeap 'non-nmethods': size=5760Kb used=1544Kb max_used=1609Kb free=4216Kb
 bounds [0x0000024528840000, 0x0000024528ab0000, 0x0000024528de0000]
 total_blobs=4782 nmethods=3950 adapters=742
 compilation: enabled
              stopped_count=0, restarted_count=0
 full_count=0

Compilation events (20 events):
Event: 64.220 Thread 0x0000024546fdbfd0 nmethod 3934 0x0000024528fda210 code [0x0000024528fda3c0, 0x0000024528fda458]
Event: 64.220 Thread 0x0000024546fdbfd0 3924       4       com.sun.prism.d3d.D3DShader::setConstant (48 bytes)
Event: 64.221 Thread 0x0000024546fdd610 nmethod 3933 0x0000024528fda510 code [0x0000024528fda6e0, 0x0000024528fda8f8]
Event: 64.221 Thread 0x0000024546fdd610 3928       4       com.sun.scenario.effect.ImageData::unref (103 bytes)
Event: 64.226 Thread 0x000002453802c410 3939       3       javafx.scene.Parent::minWidth (89 bytes)
Event: 64.227 Thread 0x000002453802c410 nmethod 3939 0x0000024521ac6b90 code [0x0000024521ac6da0, 0x0000024521ac7458]
Event: 64.227 Thread 0x000002453802c410 3940       3       com.sun.javafx.font.PrismFontFile::getStrike (11 bytes)
Event: 64.227 Thread 0x000002453802c410 nmethod 3940 0x0000024521ac7590 code [0x0000024521ac7740, 0x0000024521ac79e8]
Event: 64.229 Thread 0x000002453802c410 3942       3       com.sun.prism.impl.ps.BaseShaderContext::validateLCDOp (71 bytes)
Event: 64.230 Thread 0x0000024546fdbfd0 nmethod 3924 0x0000024528fdaa10 code [0x0000024528fdac00, 0x0000024528fdb340]
Event: 64.230 Thread 0x0000024546fdbfd0 3941       4       com.sun.javafx.geom.transform.GeneralTransform3D::set (24 bytes)
Event: 64.230 Thread 0x000002453802c410 nmethod 3942 0x0000024521ac7b10 code [0x0000024521ac7d20, 0x0000024521ac8258]
Event: 64.231 Thread 0x0000024546fdbfd0 nmethod 3941 0x0000024528fdbb10 code [0x0000024528fdbcc0, 0x0000024528fdbe58]
Event: 64.231 Thread 0x0000024546fdbfd0 3944       4       com.sun.javafx.geom.RectBounds::isEmpty (30 bytes)
Event: 64.231 Thread 0x0000024546fdbfd0 nmethod 3944 0x0000024528fdc010 code [0x0000024528fdc180, 0x0000024528fdc218]
Event: 64.231 Thread 0x0000024546fdbfd0 3938       4       com.sun.prism.d3d.D3DContext::updateRenderTarget (362 bytes)
Event: 64.232 Thread 0x000002453802c410 3945       3       java.util.ArrayDeque::pollFirst (36 bytes)
Event: 64.233 Thread 0x000002453802c410 nmethod 3945 0x0000024521ac8490 code [0x0000024521ac8660, 0x0000024521ac8a78]
Event: 64.235 Thread 0x000002453802c410 3946       3       javafx.scene.Node::sceneToLocal0 (46 bytes)
Event: 64.236 Thread 0x000002453802c410 nmethod 3946 0x0000024521ac8c10 code [0x0000024521ac8f00, 0x0000024521aca6d8]

GC Heap History (4 events):
Event: 44.303 GC heap before
{Heap before GC invocations=0 (full 0):
 garbage-first heap   total 131072K, used 40960K [0x0000000081600000, 0x0000000100000000)
  region size 1024K, 23 young (23552K), 0 survivors (0K)
 Metaspace       used 12868K, committed 13120K, reserved 1114112K
  class space    used 1754K, committed 1856K, reserved 1048576K
}
Event: 44.308 GC heap after
{Heap after GC invocations=1 (full 0):
 garbage-first heap   total 131072K, used 25865K [0x0000000081600000, 0x0000000100000000)
  region size 1024K, 3 young (3072K), 3 survivors (3072K)
 Metaspace       used 12868K, committed 13120K, reserved 1114112K
  class space    used 1754K, committed 1856K, reserved 1048576K
}
Event: 50.135 GC heap before
{Heap before GC invocations=1 (full 0):
 garbage-first heap   total 131072K, used 53513K [0x0000000081600000, 0x0000000100000000)
  region size 1024K, 28 young (28672K), 3 survivors (3072K)
 Metaspace       used 14651K, committed 14912K, reserved 1114112K
  class space    used 1944K, committed 2048K, reserved 1048576K
}
Event: 50.140 GC heap after
{Heap after GC invocations=2 (full 0):
 garbage-first heap   total 131072K, used 29484K [0x0000000081600000, 0x0000000100000000)
  region size 1024K, 3 young (3072K), 3 survivors (3072K)
 Metaspace       used 14651K, committed 14912K, reserved 1114112K
  class space    used 1944K, committed 2048K, reserved 1048576K
}

Dll operation events (20 events):
Event: 0.122 Loaded shared library C:\Program Files\Zulu\zulu-19\bin\api-ms-win-crt-process-l1-1-0.dll
Event: 0.124 Loaded shared library C:\Program Files\Zulu\zulu-19\bin\api-ms-win-crt-runtime-l1-1-0.dll
Event: 0.125 Loaded shared library C:\Program Files\Zulu\zulu-19\bin\api-ms-win-crt-stdio-l1-1-0.dll
Event: 0.126 Loaded shared library C:\Program Files\Zulu\zulu-19\bin\api-ms-win-crt-string-l1-1-0.dll
Event: 0.127 Loaded shared library C:\Program Files\Zulu\zulu-19\bin\api-ms-win-crt-time-l1-1-0.dll
Event: 0.128 Loaded shared library C:\Program Files\Zulu\zulu-19\bin\api-ms-win-crt-utility-l1-1-0.dll
Event: 0.129 Loaded shared library C:\Program Files\Zulu\zulu-19\bin\ucrtbase.dll
Event: 0.129 Loaded shared library C:\Program Files\Zulu\zulu-19\bin\vcruntime140.dll
Event: 0.130 Loaded shared library C:\Program Files\Zulu\zulu-19\bin\vcruntime140_1.dll
Event: 0.130 Loaded shared library C:\Program Files\Zulu\zulu-19\bin\msvcp140.dll
Event: 0.131 Loaded shared library C:\Program Files\Zulu\zulu-19\bin\msvcp140_1.dll
Event: 0.132 Loaded shared library C:\Program Files\Zulu\zulu-19\bin\msvcp140_2.dll
Event: 0.151 Loaded shared library C:\Program Files\Zulu\zulu-19\bin\prism_d3d.dll
Event: 0.187 Loaded shared library C:\Program Files\Zulu\zulu-19\bin\glass.dll
Event: 0.304 Loaded shared library C:\Program Files\Zulu\zulu-19\bin\javafx_iio.dll
Event: 0.359 Loaded shared library C:\Program Files\Zulu\zulu-19\bin\javafx_font.dll
Event: 44.137 Loaded shared library C:\Program Files\Zulu\zulu-19\bin\glib-lite.dll
Event: 44.141 Loaded shared library C:\Program Files\Zulu\zulu-19\bin\gstreamer-lite.dll
Event: 44.144 Loaded shared library C:\Program Files\Zulu\zulu-19\bin\jfxmedia.dll
Event: 44.210 Loaded shared library C:\Users\ulise\AppData\Local\Temp\jSerialComm\2.9.3\jSerialComm.dll

Deoptimization events (20 events):
Event: 49.430 Thread 0x000002453c77c0f0 DEOPT PACKING pc=0x00000245218c22e9 sp=0x0000004d1fbfd600
Event: 49.430 Thread 0x000002453c77c0f0 DEOPT UNPACKING pc=0x00000245288a7543 sp=0x0000004d1fbfca18 mode 0
Event: 49.431 Thread 0x000002453c77c0f0 DEOPT PACKING pc=0x00000245218c1dda sp=0x0000004d1fbfd4a0
Event: 49.431 Thread 0x000002453c77c0f0 DEOPT UNPACKING pc=0x00000245288a7543 sp=0x0000004d1fbfc8b8 mode 0
Event: 49.431 Thread 0x000002453c77c0f0 DEOPT PACKING pc=0x00000245218c1dda sp=0x0000004d1fbfd4a0
Event: 49.431 Thread 0x000002453c77c0f0 DEOPT UNPACKING pc=0x00000245288a7543 sp=0x0000004d1fbfc8b8 mode 0
Event: 49.432 Thread 0x000002453c77c0f0 DEOPT PACKING pc=0x00000245218c22e9 sp=0x0000004d1fbfd4a0
Event: 49.432 Thread 0x000002453c77c0f0 DEOPT UNPACKING pc=0x00000245288a7543 sp=0x0000004d1fbfc8b8 mode 0
Event: 49.434 Thread 0x000002453c77c0f0 DEOPT PACKING pc=0x00000245218c1dda sp=0x0000004d1fbfd700
Event: 49.434 Thread 0x000002453c77c0f0 DEOPT UNPACKING pc=0x00000245288a7543 sp=0x0000004d1fbfcb18 mode 0
Event: 49.434 Thread 0x000002453c77c0f0 DEOPT PACKING pc=0x00000245218c1dda sp=0x0000004d1fbfd700
Event: 49.434 Thread 0x000002453c77c0f0 DEOPT UNPACKING pc=0x00000245288a7543 sp=0x0000004d1fbfcb18 mode 0
Event: 50.771 Thread 0x000002453c77c0f0 Uncommon trap: trap_request=0xffffff45 fr.pc=0x0000024528f96b88 relative=0x00000000000006a8
Event: 50.771 Thread 0x000002453c77c0f0 Uncommon trap: reason=unstable_if action=reinterpret pc=0x0000024528f96b88 method=com.sun.scenario.effect.impl.ImagePool.checkOut(Lcom/sun/scenario/effect/impl/Renderer;II)Lcom/sun/scenario/effect/impl/PoolFilterable; @ 201 c2
Event: 50.771 Thread 0x000002453c77c0f0 DEOPT PACKING pc=0x0000024528f96b88 sp=0x0000004d1fbfdad0
Event: 50.771 Thread 0x000002453c77c0f0 DEOPT UNPACKING pc=0x00000245288a6da3 sp=0x0000004d1fbfdaa0 mode 2
Event: 50.969 Thread 0x000002453c77c0f0 DEOPT PACKING pc=0x00000245219d4aec sp=0x0000004d1fbfd480
Event: 50.969 Thread 0x000002453c77c0f0 DEOPT UNPACKING pc=0x00000245288a7543 sp=0x0000004d1fbfca80 mode 0
Event: 51.636 Thread 0x000002453c77c0f0 DEOPT PACKING pc=0x00000245219d4c8f sp=0x0000004d1fbfd410
Event: 51.636 Thread 0x000002453c77c0f0 DEOPT UNPACKING pc=0x00000245288a7543 sp=0x0000004d1fbfca10 mode 0

Classes loaded (20 events):
Event: 44.220 Loading class jdk/internal/event/Event
Event: 44.220 Loading class java/util/TimerThread done
Event: 44.220 Loading class java/util/Timer$ThreadReaper
Event: 44.220 Loading class java/util/Timer$ThreadReaper done
Event: 44.220 Loading class jdk/internal/event/Event done
Event: 44.220 Loading class jdk/internal/event/ThreadSleepEvent done
Event: 44.258 Loading class java/io/CharArrayReader
Event: 44.258 Loading class java/io/CharArrayReader done
Event: 44.258 Loading class java/io/BufferedReader
Event: 44.258 Loading class java/io/BufferedReader done
Event: 44.381 Loading class java/lang/ArrayIndexOutOfBoundsException
Event: 44.381 Loading class java/lang/ArrayIndexOutOfBoundsException done
Event: 44.388 Loading class jdk/internal/ref/CleanerImpl$InnocuousThreadFactory
Event: 44.388 Loading class jdk/internal/ref/CleanerImpl$InnocuousThreadFactory done
Event: 44.395 Loading class sun/misc/Unsafe
Event: 44.395 Loading class sun/misc/Unsafe done
Event: 44.395 Loading class java/lang/invoke/DirectMethodHandle$StaticAccessor
Event: 44.396 Loading class java/lang/invoke/DirectMethodHandle$StaticAccessor done
Event: 49.242 Loading class java/util/MissingResourceException
Event: 49.242 Loading class java/util/MissingResourceException done

Classes unloaded (0 events):
No events

Classes redefined (0 events):
No events

Internal exceptions (20 events):
Event: 23.759 Thread 0x000002453ccaed40 Exception <a 'java/lang/NoSuchMethodError'{0x0000000088b512a0}: 'java.lang.Object java.lang.invoke.DirectMethodHandle$Holder.newInvokeSpecial(java.lang.Object, java.lang.Object, long)'> (0x0000000088b512a0) 
thrown [s\src\hotspot\share\interpreter\linkResolver.cpp, line 774]
Event: 23.759 Thread 0x000002453ccaed40 Exception <a 'java/lang/NoSuchMethodError'{0x0000000088b54e28}: 'java.lang.Object java.lang.invoke.Invokers$Holder.linkToTargetMethod(java.lang.Object, long, java.lang.Object)'> (0x0000000088b54e28) 
thrown [s\src\hotspot\share\interpreter\linkResolver.cpp, line 774]
Event: 44.088 Thread 0x000002453ccaed40 Exception <a 'java/lang/ClassNotFoundException'{0x0000000088728248}: com/sun/glass/ui/win/themes> (0x0000000088728248) 
thrown [s\src\hotspot\share\prims\jni.cpp, line 536]
Event: 44.089 Thread 0x000002453ccaed40 Exception <a 'java/lang/ClassNotFoundException'{0x000000008872ff10}: com/sun/glass/ui/win/themes_es> (0x000000008872ff10) 
thrown [s\src\hotspot\share\prims\jni.cpp, line 536]
Event: 44.089 Thread 0x000002453ccaed40 Exception <a 'java/lang/ClassNotFoundException'{0x0000000088737cb0}: com/sun/glass/ui/win/themes_es_CR> (0x0000000088737cb0) 
thrown [s\src\hotspot\share\prims\jni.cpp, line 536]
Event: 44.120 Thread 0x000002453ccaed40 Implicit null exception at 0x0000024528e845ac to 0x0000024528e8486c
Event: 44.121 Thread 0x000002453ccaed40 Implicit null exception at 0x0000024528e86b2c to 0x0000024528e86ddc
Event: 44.121 Thread 0x000002453ccaed40 Exception <a 'java/lang/NoSuchMethodError'{0x000000008858a180}: 'void java.lang.invoke.DirectMethodHandle$Holder.invokeStaticInit(java.lang.Object, java.lang.Object)'> (0x000000008858a180) 
thrown [s\src\hotspot\share\interpreter\linkResolver.cpp, line 774]
Event: 44.147 Thread 0x000002453ccaed40 Exception <a 'java/lang/NoSuchMethodError'{0x00000000885c2220}: 'long java.lang.invoke.DirectMethodHandle$Holder.invokeVirtual(java.lang.Object, java.lang.Object)'> (0x00000000885c2220) 
thrown [s\src\hotspot\share\interpreter\linkResolver.cpp, line 774]
Event: 44.147 Thread 0x000002453ccaed40 Exception <a 'java/lang/NoSuchMethodError'{0x00000000885c5c48}: 'long java.lang.invoke.DelegatingMethodHandle$Holder.reinvoke_L(java.lang.Object, java.lang.Object)'> (0x00000000885c5c48) 
thrown [s\src\hotspot\share\interpreter\linkResolver.cpp, line 774]
Event: 44.151 Thread 0x000002453ccaed40 Implicit null exception at 0x0000024528e0c2f2 to 0x0000024528e0c804
Event: 44.151 Thread 0x000002453ccaed40 Implicit null exception at 0x0000024528e117f2 to 0x0000024528e11cfc
Event: 44.248 Thread 0x000002453ccaed40 Exception <a 'java/lang/NoSuchMethodError'{0x000000008825dac8}: 'java.lang.Object java.lang.invoke.DirectMethodHandle$Holder.newInvokeSpecial(java.lang.Object, java.lang.Object, java.lang.Object, java.lang.Object, java.lang.Object, java.lang.Object, java.lang.Object)'> (0x000000008825dac8) 
thrown [s\src\hotspot\share\interpreter\linkResolver.cpp, line 774]
Event: 44.289 Thread 0x000002453ccaed40 Exception <a 'java/lang/NoSuchMethodError'{0x0000000087f9ae80}: 'java.lang.Object java.lang.invoke.DirectMethodHandle$Holder.invokeInterface(java.lang.Object, java.lang.Object, java.lang.Object)'> (0x0000000087f9ae80) 
thrown [s\src\hotspot\share\interpreter\linkResolver.cpp, line 774]
Event: 44.289 Thread 0x000002453ccaed40 Exception <a 'java/lang/IncompatibleClassChangeError'{0x0000000087f9eb60}: Found class java.lang.Object, but interface was expected> (0x0000000087f9eb60) 
thrown [s\src\hotspot\share\interpreter\linkResolver.cpp, line 841]
Event: 44.344 Thread 0x000002453ccaed40 Implicit null exception at 0x0000024528eb95a0 to 0x0000024528eb98d8
Event: 44.398 Thread 0x000002453c77c0f0 Implicit null exception at 0x0000024528e73650 to 0x0000024528e73718
Event: 49.339 Thread 0x000002453ccaed40 Implicit null exception at 0x0000024528f6aa13 to 0x0000024528f6ae54
Event: 49.342 Thread 0x000002453ccaed40 Exception <a 'java/lang/NoSuchMethodError'{0x0000000088559058}: 'void java.lang.invoke.DirectMethodHandle$Holder.invokeSpecial(java.lang.Object, java.lang.Object, double)'> (0x0000000088559058) 
thrown [s\src\hotspot\share\interpreter\linkResolver.cpp, line 774]
Event: 49.343 Thread 0x000002453ccaed40 Exception <a 'java/lang/NoSuchMethodError'{0x000000008855f2a8}: 'java.lang.Object java.lang.invoke.DirectMethodHandle$Holder.newInvokeSpecial(java.lang.Object, java.lang.Object, double)'> (0x000000008855f2a8) 
thrown [s\src\hotspot\share\interpreter\linkResolver.cpp, line 774]

VM Operations (20 events):
Event: 50.135 Executing VM operation: G1CollectForAllocation
Event: 50.140 Executing VM operation: G1CollectForAllocation done
Event: 50.771 Executing VM operation: HandshakeAllThreads
Event: 50.771 Executing VM operation: HandshakeAllThreads done
Event: 51.771 Executing VM operation: Cleanup
Event: 51.772 Executing VM operation: Cleanup done
Event: 53.773 Executing VM operation: Cleanup
Event: 53.773 Executing VM operation: Cleanup done
Event: 55.774 Executing VM operation: Cleanup
Event: 55.774 Executing VM operation: Cleanup done
Event: 57.774 Executing VM operation: Cleanup
Event: 57.774 Executing VM operation: Cleanup done
Event: 58.775 Executing VM operation: Cleanup
Event: 58.775 Executing VM operation: Cleanup done
Event: 60.776 Executing VM operation: Cleanup
Event: 60.776 Executing VM operation: Cleanup done
Event: 61.776 Executing VM operation: Cleanup
Event: 61.776 Executing VM operation: Cleanup done
Event: 62.777 Executing VM operation: Cleanup
Event: 62.777 Executing VM operation: Cleanup done

Events (20 events):
Event: 50.773 Thread 0x00000245470f60b0 Thread added: 0x00000245470f60b0
Event: 50.774 Thread 0x00000245470f60b0 Thread exited: 0x00000245470f60b0
Event: 50.774 Thread 0x00000245470f0bb0 Thread added: 0x00000245470f0bb0
Event: 50.774 Thread 0x0000024546fdbfd0 Thread added: 0x0000024546fdbfd0
Event: 50.774 Thread 0x00000245470f0bb0 Thread exited: 0x00000245470f0bb0
Event: 50.774 Thread 0x00000245470f60b0 Thread added: 0x00000245470f60b0
Event: 50.774 Thread 0x00000245470f60b0 Thread exited: 0x00000245470f60b0
Event: 50.774 Thread 0x00000245470ef120 Thread added: 0x00000245470ef120
Event: 50.774 Thread 0x00000245470ef120 Thread exited: 0x00000245470ef120
Event: 50.778 Thread 0x0000024546fdd610 Thread added: 0x0000024546fdd610
Event: 50.814 Thread 0x00000245470ef120 Thread added: 0x00000245470ef120
Event: 50.814 Thread 0x00000245470ef120 Thread exited: 0x00000245470ef120
Event: 50.953 Thread 0x0000024546fdbfd0 Thread exited: 0x0000024546fdbfd0
Event: 50.953 Thread 0x0000024546fdd610 Thread exited: 0x0000024546fdd610
Event: 50.971 Thread 0x0000024546fdbfd0 Thread added: 0x0000024546fdbfd0
Event: 51.234 Thread 0x0000024546fdbfd0 Thread exited: 0x0000024546fdbfd0
Event: 51.485 Thread 0x00000245470f0bb0 Thread added: 0x00000245470f0bb0
Event: 51.485 Thread 0x00000245470f0bb0 Thread exited: 0x00000245470f0bb0
Event: 64.218 Thread 0x0000024546fdd610 Thread added: 0x0000024546fdd610
Event: 64.218 Thread 0x0000024546fdbfd0 Thread added: 0x0000024546fdbfd0


Dynamic libraries:
0x00007ff7234c0000 - 0x00007ff7234ce000 	C:\Program Files\Zulu\zulu-19\bin\java.exe
0x00007ffa972f0000 - 0x00007ffa97504000 	C:\WINDOWS\SYSTEM32\ntdll.dll
0x00007ffa96a30000 - 0x00007ffa96af2000 	C:\WINDOWS\System32\KERNEL32.DLL
0x00007ffa94a90000 - 0x00007ffa94e2c000 	C:\WINDOWS\System32\KERNELBASE.dll
0x00007ffa94730000 - 0x00007ffa94841000 	C:\WINDOWS\System32\ucrtbase.dll
0x00007ffa82a60000 - 0x00007ffa82a77000 	C:\Program Files\Zulu\zulu-19\bin\jli.dll
0x00007ffa82ae0000 - 0x00007ffa82afb000 	C:\Program Files\Zulu\zulu-19\bin\VCRUNTIME140.dll
0x00007ffa95ee0000 - 0x00007ffa9608b000 	C:\WINDOWS\System32\USER32.dll
0x00007ffa7c330000 - 0x00007ffa7c5be000 	C:\WINDOWS\WinSxS\amd64_microsoft.windows.common-controls_6595b64144ccf1df_6.0.22621.608_none_a9444ca7c10bb01d\COMCTL32.dll
0x00007ffa94a60000 - 0x00007ffa94a86000 	C:\WINDOWS\System32\win32u.dll
0x00007ffa97200000 - 0x00007ffa972a7000 	C:\WINDOWS\System32\msvcrt.dll
0x00007ffa97050000 - 0x00007ffa97079000 	C:\WINDOWS\System32\GDI32.dll
0x00007ffa94f70000 - 0x00007ffa95083000 	C:\WINDOWS\System32\gdi32full.dll
0x00007ffa949c0000 - 0x00007ffa94a5a000 	C:\WINDOWS\System32\msvcp_win.dll
0x00007ffa95ea0000 - 0x00007ffa95ed1000 	C:\WINDOWS\System32\IMM32.DLL
0x00007ffa8dc90000 - 0x00007ffa8dc9c000 	C:\Program Files\Zulu\zulu-19\bin\vcruntime140_1.dll
0x00007ffa6e910000 - 0x00007ffa6e99d000 	C:\Program Files\Zulu\zulu-19\bin\msvcp140.dll
0x00007ffa3d6c0000 - 0x00007ffa3e3c7000 	C:\Program Files\Zulu\zulu-19\bin\server\jvm.dll
0x00007ffa970d0000 - 0x00007ffa9717e000 	C:\WINDOWS\System32\ADVAPI32.dll
0x00007ffa95d60000 - 0x00007ffa95e04000 	C:\WINDOWS\System32\sechost.dll
0x00007ffa95c20000 - 0x00007ffa95d35000 	C:\WINDOWS\System32\RPCRT4.dll
0x00007ffa8ce90000 - 0x00007ffa8cec4000 	C:\WINDOWS\SYSTEM32\WINMM.dll
0x00007ffa8df80000 - 0x00007ffa8df89000 	C:\WINDOWS\SYSTEM32\WSOCK32.dll
0x00007ffa8ce00000 - 0x00007ffa8ce0a000 	C:\WINDOWS\SYSTEM32\VERSION.dll
0x00007ffa95620000 - 0x00007ffa95691000 	C:\WINDOWS\System32\WS2_32.dll
0x00007ffa93790000 - 0x00007ffa937a8000 	C:\WINDOWS\SYSTEM32\kernel.appcore.dll
0x00007ffa82eb0000 - 0x00007ffa82eba000 	C:\Program Files\Zulu\zulu-19\bin\jimage.dll
0x00007ffa920e0000 - 0x00007ffa9230e000 	C:\WINDOWS\SYSTEM32\DBGHELP.DLL
0x00007ffa95790000 - 0x00007ffa95b19000 	C:\WINDOWS\System32\combase.dll
0x00007ffa95160000 - 0x00007ffa95237000 	C:\WINDOWS\System32\OLEAUT32.dll
0x00007ffa764d0000 - 0x00007ffa76502000 	C:\WINDOWS\SYSTEM32\dbgcore.DLL
0x00007ffa94e30000 - 0x00007ffa94eab000 	C:\WINDOWS\System32\bcryptPrimitives.dll
0x00007ffa7abc0000 - 0x00007ffa7abe6000 	C:\Program Files\Zulu\zulu-19\bin\java.dll
0x00007ffa572d0000 - 0x00007ffa573a7000 	C:\Program Files\Zulu\zulu-19\bin\jsvml.dll
0x00007ffa960a0000 - 0x00007ffa96890000 	C:\WINDOWS\System32\SHELL32.dll
0x00007ffa92750000 - 0x00007ffa9301d000 	C:\WINDOWS\SYSTEM32\windows.storage.dll
0x00007ffa92610000 - 0x00007ffa9274e000 	C:\WINDOWS\SYSTEM32\wintypes.dll
0x00007ffa95360000 - 0x00007ffa95451000 	C:\WINDOWS\System32\SHCORE.dll
0x00007ffa956b0000 - 0x00007ffa9570e000 	C:\WINDOWS\System32\shlwapi.dll
0x00007ffa94660000 - 0x00007ffa94681000 	C:\WINDOWS\SYSTEM32\profapi.dll
0x00007ffa829b0000 - 0x00007ffa829c3000 	C:\Program Files\Zulu\zulu-19\bin\net.dll
0x00007ffa8d990000 - 0x00007ffa8dac7000 	C:\WINDOWS\SYSTEM32\WINHTTP.dll
0x00007ffa93c00000 - 0x00007ffa93c69000 	C:\WINDOWS\system32\mswsock.dll
0x00007ffa82370000 - 0x00007ffa82386000 	C:\Program Files\Zulu\zulu-19\bin\nio.dll
0x00007ffa82320000 - 0x00007ffa82338000 	C:\Program Files\Zulu\zulu-19\bin\zip.dll
0x00000245160b0000 - 0x00000245160b4000 	C:\Program Files\Zulu\zulu-19\bin\api-ms-win-core-console-l1-1-0.dll
0x0000024517fa0000 - 0x0000024517fa4000 	C:\Program Files\Zulu\zulu-19\bin\api-ms-win-core-console-l1-2-0.dll
0x0000024517fb0000 - 0x0000024517fb4000 	C:\Program Files\Zulu\zulu-19\bin\api-ms-win-core-datetime-l1-1-0.dll
0x0000024517fc0000 - 0x0000024517fc4000 	C:\Program Files\Zulu\zulu-19\bin\api-ms-win-core-debug-l1-1-0.dll
0x0000024517fd0000 - 0x0000024517fd4000 	C:\Program Files\Zulu\zulu-19\bin\api-ms-win-core-errorhandling-l1-1-0.dll
0x0000024517fe0000 - 0x0000024517fe5000 	C:\Program Files\Zulu\zulu-19\bin\api-ms-win-core-file-l1-1-0.dll
0x0000024517ff0000 - 0x0000024517ff4000 	C:\Program Files\Zulu\zulu-19\bin\api-ms-win-core-file-l1-2-0.dll
0x0000024518000000 - 0x0000024518004000 	C:\Program Files\Zulu\zulu-19\bin\api-ms-win-core-file-l2-1-0.dll
0x0000024518010000 - 0x0000024518014000 	C:\Program Files\Zulu\zulu-19\bin\api-ms-win-core-handle-l1-1-0.dll
0x0000024518020000 - 0x0000024518024000 	C:\Program Files\Zulu\zulu-19\bin\api-ms-win-core-heap-l1-1-0.dll
0x0000024518030000 - 0x0000024518034000 	C:\Program Files\Zulu\zulu-19\bin\api-ms-win-core-interlocked-l1-1-0.dll
0x0000024518040000 - 0x0000024518044000 	C:\Program Files\Zulu\zulu-19\bin\api-ms-win-core-libraryloader-l1-1-0.dll
0x0000024518050000 - 0x0000024518054000 	C:\Program Files\Zulu\zulu-19\bin\api-ms-win-core-localization-l1-2-0.dll
0x0000024518060000 - 0x0000024518064000 	C:\Program Files\Zulu\zulu-19\bin\api-ms-win-core-memory-l1-1-0.dll
0x00000245381a0000 - 0x00000245381a4000 	C:\Program Files\Zulu\zulu-19\bin\api-ms-win-core-namedpipe-l1-1-0.dll
0x00000245381b0000 - 0x00000245381b4000 	C:\Program Files\Zulu\zulu-19\bin\api-ms-win-core-processenvironment-l1-1-0.dll
0x00000245381c0000 - 0x00000245381c4000 	C:\Program Files\Zulu\zulu-19\bin\api-ms-win-core-processthreads-l1-1-0.dll
0x00000245381d0000 - 0x00000245381d4000 	C:\Program Files\Zulu\zulu-19\bin\api-ms-win-core-processthreads-l1-1-1.dll
0x00000245381e0000 - 0x00000245381e4000 	C:\Program Files\Zulu\zulu-19\bin\api-ms-win-core-profile-l1-1-0.dll
0x00000245381f0000 - 0x00000245381f4000 	C:\Program Files\Zulu\zulu-19\bin\api-ms-win-core-rtlsupport-l1-1-0.dll
0x0000024538200000 - 0x0000024538204000 	C:\Program Files\Zulu\zulu-19\bin\api-ms-win-core-string-l1-1-0.dll
0x0000024538210000 - 0x0000024538214000 	C:\Program Files\Zulu\zulu-19\bin\api-ms-win-core-synch-l1-1-0.dll
0x0000024538220000 - 0x0000024538224000 	C:\Program Files\Zulu\zulu-19\bin\api-ms-win-core-synch-l1-2-0.dll
0x0000024538230000 - 0x0000024538234000 	C:\Program Files\Zulu\zulu-19\bin\api-ms-win-core-sysinfo-l1-1-0.dll
0x0000024538240000 - 0x0000024538244000 	C:\Program Files\Zulu\zulu-19\bin\api-ms-win-core-timezone-l1-1-0.dll
0x0000024538250000 - 0x0000024538254000 	C:\Program Files\Zulu\zulu-19\bin\api-ms-win-core-util-l1-1-0.dll
0x0000024538260000 - 0x0000024538264000 	C:\Program Files\Zulu\zulu-19\bin\api-ms-win-crt-conio-l1-1-0.dll
0x0000024538270000 - 0x0000024538275000 	C:\Program Files\Zulu\zulu-19\bin\api-ms-win-crt-convert-l1-1-0.dll
0x0000024538280000 - 0x0000024538284000 	C:\Program Files\Zulu\zulu-19\bin\api-ms-win-crt-environment-l1-1-0.dll
0x0000024538290000 - 0x0000024538294000 	C:\Program Files\Zulu\zulu-19\bin\api-ms-win-crt-filesystem-l1-1-0.dll
0x00000245382a0000 - 0x00000245382a4000 	C:\Program Files\Zulu\zulu-19\bin\api-ms-win-crt-heap-l1-1-0.dll
0x00000245382b0000 - 0x00000245382b4000 	C:\Program Files\Zulu\zulu-19\bin\api-ms-win-crt-locale-l1-1-0.dll
0x00000245382c0000 - 0x00000245382c6000 	C:\Program Files\Zulu\zulu-19\bin\api-ms-win-crt-math-l1-1-0.dll
0x00000245382d0000 - 0x00000245382d6000 	C:\Program Files\Zulu\zulu-19\bin\api-ms-win-crt-multibyte-l1-1-0.dll
0x00000245382e0000 - 0x00000245382f1000 	C:\Program Files\Zulu\zulu-19\bin\api-ms-win-crt-private-l1-1-0.dll
0x0000024538300000 - 0x0000024538304000 	C:\Program Files\Zulu\zulu-19\bin\api-ms-win-crt-process-l1-1-0.dll
0x0000024538310000 - 0x0000024538315000 	C:\Program Files\Zulu\zulu-19\bin\api-ms-win-crt-runtime-l1-1-0.dll
0x0000024538320000 - 0x0000024538325000 	C:\Program Files\Zulu\zulu-19\bin\api-ms-win-crt-stdio-l1-1-0.dll
0x0000024538330000 - 0x0000024538335000 	C:\Program Files\Zulu\zulu-19\bin\api-ms-win-crt-string-l1-1-0.dll
0x0000024538340000 - 0x0000024538344000 	C:\Program Files\Zulu\zulu-19\bin\api-ms-win-crt-time-l1-1-0.dll
0x0000024538350000 - 0x0000024538354000 	C:\Program Files\Zulu\zulu-19\bin\api-ms-win-crt-utility-l1-1-0.dll
0x00007ffa49700000 - 0x00007ffa49810000 	C:\Program Files\Zulu\zulu-19\bin\ucrtbase.dll
0x00007ffa82bc0000 - 0x00007ffa82bc9000 	C:\Program Files\Zulu\zulu-19\bin\msvcp140_1.dll
0x00007ffa78fd0000 - 0x00007ffa78fff000 	C:\Program Files\Zulu\zulu-19\bin\msvcp140_2.dll
0x00007ffa78f40000 - 0x00007ffa78f6c000 	C:\Program Files\Zulu\zulu-19\bin\prism_d3d.dll
0x00007ffa85410000 - 0x00007ffa855b9000 	C:\WINDOWS\system32\d3d9.dll
0x00007ffa91cd0000 - 0x00007ffa91cfb000 	C:\WINDOWS\SYSTEM32\dwmapi.dll
0x00007ffa91a90000 - 0x00007ffa91ac6000 	C:\WINDOWS\SYSTEM32\dxcore.dll
0x00007ffa91990000 - 0x00007ffa91a3b000 	C:\WINDOWS\system32\uxtheme.dll
0x00007ffa83fa0000 - 0x00007ffa840b7000 	C:\WINDOWS\System32\DriverStore\FileRepository\nvlt.inf_amd64_7947c31fc944635c\nvldumdx.dll
0x00007ffa943d0000 - 0x00007ffa943e2000 	C:\WINDOWS\SYSTEM32\msasn1.dll
0x00007ffa8c0c0000 - 0x00007ffa8c0f2000 	C:\WINDOWS\SYSTEM32\cryptnet.dll
0x00007ffa94850000 - 0x00007ffa949b6000 	C:\WINDOWS\System32\CRYPT32.dll
0x00007ffa8bf20000 - 0x00007ffa8c078000 	C:\WINDOWS\SYSTEM32\drvstore.dll
0x00007ffa943f0000 - 0x00007ffa9441c000 	C:\WINDOWS\SYSTEM32\devobj.dll
0x00007ffa94420000 - 0x00007ffa9446e000 	C:\WINDOWS\SYSTEM32\cfgmgr32.dll
0x00007ffa93f70000 - 0x00007ffa93fb8000 	C:\WINDOWS\SYSTEM32\wldp.dll
0x00007ffa93ee0000 - 0x00007ffa93eec000 	C:\WINDOWS\SYSTEM32\cryptbase.dll
0x00007ffa95090000 - 0x00007ffa950fb000 	C:\WINDOWS\System32\WINTRUST.DLL
0x00007ffa95d40000 - 0x00007ffa95d5f000 	C:\WINDOWS\System32\imagehlp.dll
0x00007ffa93ec0000 - 0x00007ffa93edb000 	C:\WINDOWS\SYSTEM32\CRYPTSP.dll
0x00007ffa93700000 - 0x00007ffa93735000 	C:\WINDOWS\system32\rsaenh.dll
0x00007ffa94090000 - 0x00007ffa940b8000 	C:\WINDOWS\SYSTEM32\bcrypt.dll
0x00007ffa359a0000 - 0x00007ffa371aa000 	C:\WINDOWS\System32\DriverStore\FileRepository\nvlt.inf_amd64_7947c31fc944635c\nvd3dumx.dll
0x00007ffa8d750000 - 0x00007ffa8d798000 	C:\WINDOWS\SYSTEM32\directxdatabasehelper.dll
0x00007ffa78d60000 - 0x00007ffa78da2000 	C:\Program Files\Zulu\zulu-19\bin\glass.dll
0x00007ffa95b20000 - 0x00007ffa95c17000 	C:\WINDOWS\System32\COMDLG32.dll
0x00007ffa96890000 - 0x00007ffa96a2c000 	C:\WINDOWS\System32\ole32.dll
0x00007ffa95240000 - 0x00007ffa9535e000 	C:\WINDOWS\System32\MSCTF.dll
0x00007ffa4c6b0000 - 0x00007ffa4c967000 	C:\WINDOWS\system32\nvspcap64.dll
0x00007ffa937b0000 - 0x00007ffa937e4000 	C:\WINDOWS\SYSTEM32\ntmarta.dll
0x00007ffa93c90000 - 0x00007ffa93cb6000 	C:\WINDOWS\SYSTEM32\gpapi.dll
0x00007ffa78c60000 - 0x00007ffa78c8d000 	C:\Program Files\Zulu\zulu-19\bin\javafx_iio.dll
0x00007ffa821d0000 - 0x00007ffa821e4000 	C:\Program Files\Zulu\zulu-19\bin\javafx_font.dll
0x00007ffa902b0000 - 0x00007ffa90517000 	C:\WINDOWS\SYSTEM32\dwrite.dll
0x00007ffa96f90000 - 0x00007ffa97040000 	C:\WINDOWS\System32\clbcatq.dll
0x00007ffa8fd10000 - 0x00007ffa8fec0000 	C:\WINDOWS\SYSTEM32\WindowsCodecs.dll
0x00007ffa62ac0000 - 0x00007ffa62b1e000 	C:\WINDOWS\system32\dataexchange.dll
0x00007ffa84f80000 - 0x00007ffa851ea000 	C:\WINDOWS\system32\twinapi.appcore.dll
0x00007ffa76a20000 - 0x00007ffa76a52000 	C:\Program Files\Common Files\Microsoft Shared\Ink\rtscom.dll
0x00007ffa83e70000 - 0x00007ffa83f9e000 	C:\WINDOWS\SYSTEM32\textinputframework.dll
0x00007ffa913d0000 - 0x00007ffa91503000 	C:\WINDOWS\SYSTEM32\CoreMessaging.dll
0x00007ffa8c9f0000 - 0x00007ffa8cd5c000 	C:\WINDOWS\SYSTEM32\CoreUIComponents.dll

dbghelp: loaded successfully - version: 4.0.5 - missing functions: none
symbol engine: initialized successfully - sym options: 0x614 - pdb path: .;C:\Program Files\Zulu\zulu-19\bin;C:\WINDOWS\SYSTEM32;C:\WINDOWS\WinSxS\amd64_microsoft.windows.common-controls_6595b64144ccf1df_6.0.22621.608_none_a9444ca7c10bb01d;C:\Program Files\Zulu\zulu-19\bin\server;C:\WINDOWS\System32\DriverStore\FileRepository\nvlt.inf_amd64_7947c31fc944635c;C:\Program Files\Common Files\Microsoft Shared\Ink;C:\Users\ulise\AppData\Local\Temp\jSerialComm\2.9.3

VM Arguments:
jvm_args: -Dfile.encoding=UTF-8 
java_command: GameMenuDemo
java_class_path (initial): C:\Users\ulise\Desktop\TEC\Algoritmos y estructura de datos I\BuscaMinas\ventana busca minas\lib\rxtx-2.1-7r2;C:\Users\ulise\Downloads\RXTXcomm.jar;C:\Users\ulise\Downloads\jSerialComm-2.9.3.zip;C:\Users\ulise\Downloads\jSerialComm-2.9.3.jar;C:\Users\ulise\Desktop\TEC\Algoritmos y estructura de datos I\BuscaMinas\ventana busca minas\build\classes
Launcher Type: SUN_STANDARD

[Global flags]
     intx CICompilerCount                          = 4                                         {product} {ergonomic}
     uint ConcGCThreads                            = 3                                         {product} {ergonomic}
     uint G1ConcRefinementThreads                  = 10                                        {product} {ergonomic}
   size_t G1HeapRegionSize                         = 1048576                                   {product} {ergonomic}
    uintx GCDrainStackTargetSize                   = 64                                        {product} {ergonomic}
   size_t InitialHeapSize                          = 134217728                                 {product} {ergonomic}
   size_t MarkStackSize                            = 4194304                                   {product} {ergonomic}
   size_t MaxHeapSize                              = 2124414976                                {product} {ergonomic}
   size_t MaxNewSize                               = 1274019840                                {product} {ergonomic}
   size_t MinHeapDeltaBytes                        = 1048576                                   {product} {ergonomic}
   size_t MinHeapSize                              = 8388608                                   {product} {ergonomic}
    uintx NonNMethodCodeHeapSize                   = 5839372                                {pd product} {ergonomic}
    uintx NonProfiledCodeHeapSize                  = 122909434                              {pd product} {ergonomic}
    uintx ProfiledCodeHeapSize                     = 122909434                              {pd product} {ergonomic}
    uintx ReservedCodeCacheSize                    = 251658240                              {pd product} {ergonomic}
     bool SegmentedCodeCache                       = true                                      {product} {ergonomic}
   size_t SoftMaxHeapSize                          = 2124414976                             {manageable} {ergonomic}
     bool UseCompressedClassPointers               = true                           {product lp64_product} {ergonomic}
     bool UseCompressedOops                        = true                           {product lp64_product} {ergonomic}
     bool UseG1GC                                  = true                                      {product} {ergonomic}
     bool UseLargePagesIndividualAllocation        = false                                  {pd product} {ergonomic}

Logging:
Log output configuration:
 #0: stdout all=warning uptime,level,tags foldmultilines=false
 #1: stderr all=off uptime,level,tags foldmultilines=false

Environment Variables:
PATH=C:\Program Files\Zulu\zulu-19\bin\;C:\Program Files\Common Files\Oracle\Java\javapath;C:\Program Files (x86)\Common Files\Oracle\Java\javapath;C:\Windows\system32;C:\Windows;C:\Windows\System32\Wbem;C:\Windows\System32\WindowsPowerShell\v1.0\;C:\Windows\System32\OpenSSH\;C:\Program Files (x86)\NVIDIA Corporation\PhysX\Common;C:\Program Files\NVIDIA Corporation\NVIDIA NvDLISR;C:\WINDOWS\system32;C:\WINDOWS;C:\WINDOWS\System32\Wbem;C:\WINDOWS\System32\WindowsPowerShell\v1.0\;C:\WINDOWS\System32\OpenSSH\;C:\Program Files\nodejs\;C:\Program Files\Git\cmd;C:\Users\ulise\AppData\Local\Microsoft\WindowsApps;C:\Users\ulise\AppData\Local\Programs\Microsoft VS Code\bin;C:\Users\ulise\AppData\Roaming\npm;C:\Users\ulise\AppData\Local\GitHubDesktop\bin
USERNAME=ulise
OS=Windows_NT
PROCESSOR_IDENTIFIER=Intel64 Family 6 Model 165 Stepping 2, GenuineIntel
TMP=C:\Users\ulise\AppData\Local\Temp
TEMP=C:\Users\ulise\AppData\Local\Temp



---------------  S Y S T E M  ---------------

OS:
 Windows 11 , 64 bit Build 22621 (10.0.22621.1485)
OS uptime: 7 days 10:35 hours

CPU: total 12 (initial active 12) (6 cores per cpu, 2 threads per core) family 6 model 165 stepping 2 microcode 0xe2, cx8, cmov, fxsr, ht, mmx, 3dnowpref, sse, sse2, sse3, ssse3, sse4.1, sse4.2, popcnt, lzcnt, tsc, tscinvbit, avx, avx2, aes, erms, clmul, bmi1, bmi2, adx, fma, vzeroupper, clflush, clflushopt, rdtscp

Memory: 4k page, system-wide physical 8099M (739M free)
TotalPageFile size 12195M (AvailPageFile size 5M)
current process WorkingSet (physical memory assigned to process): 187M, peak: 198M
current process commit charge ("private bytes"): 346M, peak: 363M

vm_info: OpenJDK 64-Bit Server VM (19.0.2+7) for windows-amd64 JRE (19.0.2+7) (Zulu19.32+15-CA), built on Dec 28 2022 19:25:40 by "zulu_re" with MS VC++ 16.10 / 16.11 (VS2019)

END.
