#
# There is insufficient memory for the Java Runtime Environment to continue.
# Native memory allocation (mmap) failed to map 20971520 bytes for G1 virtual space
# Possible reasons:
#   The system is out of physical RAM or swap space
#   The process is running with CompressedOops enabled, and the Java Heap may be blocking the growth of the native heap
# Possible solutions:
#   Reduce memory load on the system
#   Increase physical memory or swap space
#   Check if swap backing store is full
#   Decrease Java heap size (-Xmx/-Xms)
#   Decrease number of Java threads
#   Decrease Java thread stack sizes (-Xss)
#   Set larger code cache with -XX:ReservedCodeCacheSize=
#   JVM is running with Unscaled Compressed Oops mode in which the Java heap is
#     placed in the first 4GB address space. The Java Heap base address is the
#     maximum limit for the native heap growth. Please use -XX:HeapBaseMinAddress
#     to set the Java Heap base and to place the Java Heap above 4GB virtual address.
# This output file may be truncated or incomplete.
#
#  Out of Memory Error (os_windows.cpp:3536), pid=11520, tid=2972
#
# JRE version: OpenJDK Runtime Environment Zulu19.32+15-CA (19.0.2+7) (build 19.0.2+7)
# Java VM: OpenJDK 64-Bit Server VM Zulu19.32+15-CA (19.0.2+7, mixed mode, sharing, tiered, compressed oops, compressed class ptrs, g1 gc, windows-amd64)
# No core dump will be written. Minidumps are not enabled by default on client versions of Windows
#

---------------  S U M M A R Y ------------

Command Line: -Dapplication.home=C:\Program Files\Zulu\zulu-19 --add-modules=ALL-DEFAULT -Xms8m -Djdk.module.main=jdk.compiler jdk.compiler/com.sun.tools.javac.Main -d C:\Users\ulise\Desktop\TEC\Algoritmos y estructura de datos I\BuscaMinas\ventana busca minas\build\classes -classpath C:\Users\ulise\Desktop\TEC\Algoritmos y estructura de datos I\BuscaMinas\ventana busca minas\build\classes -sourcepath C:\Users\ulise\Desktop\TEC\Algoritmos y estructura de datos I\BuscaMinas\ventana busca minas\src -target 19 -encoding UTF-8 -g -processorpath C:\Users\ulise\Desktop\TEC\Algoritmos y estructura de datos I\BuscaMinas\ventana busca minas\build\empty -s C:\Users\ulise\Desktop\TEC\Algoritmos y estructura de datos I\BuscaMinas\ventana busca minas\build\generated-sources\ap-source-output -source 19 C:\Users\ulise\Desktop\TEC\Algoritmos y estructura de datos I\BuscaMinas\ventana busca minas\src\BuscaminasFX.java

Host: Intel(R) Core(TM) i7-10750H CPU @ 2.60GHz, 12 cores, 7G,  Windows 11 , 64 bit Build 22621 (10.0.22621.1344)
Time: Tue Mar 21 18:19:05 2023 Hora estándar, América Central elapsed time: 0.701860 seconds (0d 0h 0m 0s)

---------------  T H R E A D  ---------------

Current thread (0x0000018bb877f480):  VMThread "VM Thread" [stack: 0x0000007078600000,0x0000007078700000] [id=2972]

Stack: [0x0000007078600000,0x0000007078700000]
Native frames: (J=compiled Java code, j=interpreted, Vv=VM code, C=native code)
V  [jvm.dll+0x6eab2a]
V  [jvm.dll+0x8a4a20]
V  [jvm.dll+0x8a640e]
V  [jvm.dll+0x8a6ac3]
V  [jvm.dll+0x27c1ef]
V  [jvm.dll+0x6e7929]
V  [jvm.dll+0x6dc3da]
V  [jvm.dll+0x3528ab]
V  [jvm.dll+0x35a266]
V  [jvm.dll+0x3b0a2e]
V  [jvm.dll+0x3b0c5f]
V  [jvm.dll+0x327e9a]
V  [jvm.dll+0x327f47]
V  [jvm.dll+0x370442]
V  [jvm.dll+0x36e8e4]
V  [jvm.dll+0x327660]
V  [jvm.dll+0x36de7b]
V  [jvm.dll+0x8abc13]
V  [jvm.dll+0x8ac9d9]
V  [jvm.dll+0x8acf0d]
V  [jvm.dll+0x8ad39b]
V  [jvm.dll+0x8ad457]
V  [jvm.dll+0x84ec7a]
V  [jvm.dll+0x6e981b]
C  [ucrtbase.dll+0x29363]
C  [KERNEL32.DLL+0x126bd]
C  [ntdll.dll+0x5a9f8]

VM_Operation (0x00000070780fb0f0): G1CollectForAllocation, mode: safepoint, requested by thread 0x0000018b9891c1a0


---------------  P R O C E S S  ---------------

Threads class SMR info:
_java_thread_list=0x0000018bbd1414d0, length=14, elements={
0x0000018b9891c1a0, 0x0000018bb8798aa0, 0x0000018bb87995d0, 0x0000018bb879fef0,
0x0000018bb87a0820, 0x0000018bb87a1760, 0x0000018bb87a30c0, 0x0000018bb87ad110,
0x0000018bb87ae290, 0x0000018bb87b4790, 0x0000018bb87b27b0, 0x0000018bb87b4240,
0x0000018bbd0ae7a0, 0x0000018bbd141ff0
}

Java Threads: ( => current thread )
  0x0000018b9891c1a0 JavaThread "main" [_thread_blocked, id=21856, stack(0x0000007078000000,0x0000007078100000)]
  0x0000018bb8798aa0 JavaThread "Reference Handler" daemon [_thread_blocked, id=5628, stack(0x0000007078700000,0x0000007078800000)]
  0x0000018bb87995d0 JavaThread "Finalizer" daemon [_thread_blocked, id=3852, stack(0x0000007078800000,0x0000007078900000)]
  0x0000018bb879fef0 JavaThread "Signal Dispatcher" daemon [_thread_blocked, id=21736, stack(0x0000007078900000,0x0000007078a00000)]
  0x0000018bb87a0820 JavaThread "Attach Listener" daemon [_thread_blocked, id=11096, stack(0x0000007078a00000,0x0000007078b00000)]
  0x0000018bb87a1760 JavaThread "Service Thread" daemon [_thread_blocked, id=12588, stack(0x0000007078b00000,0x0000007078c00000)]
  0x0000018bb87a30c0 JavaThread "Monitor Deflation Thread" daemon [_thread_blocked, id=17012, stack(0x0000007078c00000,0x0000007078d00000)]
  0x0000018bb87ad110 JavaThread "C2 CompilerThread0" daemon [_thread_in_native, id=5228, stack(0x0000007078d00000,0x0000007078e00000)]
  0x0000018bb87ae290 JavaThread "C1 CompilerThread0" daemon [_thread_blocked, id=7868, stack(0x0000007078e00000,0x0000007078f00000)]
  0x0000018bb87b4790 JavaThread "Sweeper thread" daemon [_thread_blocked, id=7156, stack(0x0000007078f00000,0x0000007079000000)]
  0x0000018bb87b27b0 JavaThread "Common-Cleaner" daemon [_thread_blocked, id=11460, stack(0x0000007079000000,0x0000007079100000)]
  0x0000018bb87b4240 JavaThread "Notification Thread" daemon [_thread_blocked, id=19956, stack(0x0000007079100000,0x0000007079200000)]
  0x0000018bbd0ae7a0 JavaThread "C2 CompilerThread1" daemon [_thread_blocked, id=6492, stack(0x0000007079800000,0x0000007079900000)]
  0x0000018bbd141ff0 JavaThread "C2 CompilerThread2" daemon [_thread_blocked, id=15120, stack(0x0000007079900000,0x0000007079a00000)]

Other Threads:
=>0x0000018bb877f480 VMThread "VM Thread" [stack: 0x0000007078600000,0x0000007078700000] [id=2972]
  0x0000018bbcdcbc50 WatcherThread "VM Periodic Task Thread" [stack: 0x0000007079200000,0x0000007079300000] [id=3668]
  0x0000018b98979e70 WorkerThread "GC Thread#0" [stack: 0x0000007078100000,0x0000007078200000] [id=11164]
  0x0000018bbcea9aa0 WorkerThread "GC Thread#1" [stack: 0x0000007079300000,0x0000007079400000] [id=13828]
  0x0000018bbcf68a30 WorkerThread "GC Thread#2" [stack: 0x0000007079400000,0x0000007079500000] [id=21224]
  0x0000018bbcf69110 WorkerThread "GC Thread#3" [stack: 0x0000007079500000,0x0000007079600000] [id=9308]
  0x0000018bbd05e0f0 WorkerThread "GC Thread#4" [stack: 0x0000007079600000,0x0000007079700000] [id=4832]
  0x0000018bbd05d010 WorkerThread "GC Thread#5" [stack: 0x0000007079700000,0x0000007079800000] [id=7072]
  0x0000018bbd05d5b0 WorkerThread "GC Thread#6" [stack: 0x0000007079a00000,0x0000007079b00000] [id=17140]
  0x0000018b9898abe0 ConcurrentGCThread "G1 Main Marker" [stack: 0x0000007078200000,0x0000007078300000] [id=7832]
  0x0000018b9898bcc0 WorkerThread "G1 Conc#0" [stack: 0x0000007078300000,0x0000007078400000] [id=9540]
  0x0000018b989c5c40 ConcurrentGCThread "G1 Refine#0" [stack: 0x0000007078400000,0x0000007078500000] [id=2868]
  0x0000018b989c7540 ConcurrentGCThread "G1 Service" [stack: 0x0000007078500000,0x0000007078600000] [id=13308]

Threads with active compile tasks:
C2 CompilerThread0      723 1207   !   4       com.sun.tools.javac.jvm.ClassReader::classSigToType (497 bytes)
C2 CompilerThread1      724 1661   !   4       com.sun.tools.javac.code.Symbol$ClassSymbol::complete (52 bytes)
C2 CompilerThread2      724 1490   !   4       java.lang.String::replace (258 bytes)

VM state: at safepoint (normal execution)

VM Mutex/Monitor currently owned by a thread:  ([mutex/lock_event])
[0x0000018b989173b0] Threads_lock - owner thread: 0x0000018bb877f480
[0x0000018b989174d0] Heap_lock - owner thread: 0x0000018b9891c1a0

Heap address: 0x0000000082000000, size: 2016 MB, Compressed Oops mode: 32-bit

CDS archive(s) mapped at: [0x0000000800000000-0x0000000800c40000-0x0000000800c40000), size 12845056, SharedBaseAddress: 0x0000000800000000, ArchiveRelocationMode: 0.
Compressed class space mapped at: 0x0000000801000000-0x0000000841000000, reserved size: 1073741824
Narrow klass base: 0x0000000800000000, Narrow klass shift: 0, Narrow klass range: 0x100000000

GC Precious Log:
 CardTable entry size: 512
 Card Set container configuration: InlinePtr #cards 5 size 8 Array Of Cards #cards 12 size 40 Howl #buckets 4 coarsen threshold 1843 Howl Bitmap #cards 512 size 80 coarsen threshold 460 Card regions per heap region 1 cards per card region 2048
 CPUs: 12 total, 12 available
 Memory: 8059M
 Large Page Support: Disabled
 NUMA Support: Disabled
 Compressed Oops: Enabled (32-bit)
 Heap Region Size: 1M
 Heap Min Capacity: 8M
 Heap Initial Capacity: 8M
 Heap Max Capacity: 2016M
 Pre-touch: Disabled
 Parallel Workers: 10
 Concurrent Workers: 3
 Concurrent Refinement Workers: 10
 Periodic GC: Disabled

Heap:
 garbage-first heap   total 20480K, used 9938K [0x0000000082000000, 0x0000000100000000)
  region size 1024K, 1 young (1024K), 1 survivors (1024K)
 Metaspace       used 9614K, committed 9792K, reserved 1114112K
  class space    used 1072K, committed 1152K, reserved 1048576K

Heap Regions: E=young(eden), S=young(survivor), O=old, HS=humongous(starts), HC=humongous(continues), CS=collection set, F=free, OA=open archive, CA=closed archive, TAMS=top-at-mark-start (previous, next)
|   0|0x0000000082000000, 0x0000000082100000, 0x0000000082100000|100%| O|  |TAMS 0x0000000082000000, 0x0000000082000000| Untracked 
|   1|0x0000000082100000, 0x0000000082200000, 0x0000000082200000|100%| O|  |TAMS 0x0000000082100000, 0x0000000082100000| Untracked 
|   2|0x0000000082200000, 0x0000000082300000, 0x0000000082300000|100%| O|  |TAMS 0x0000000082200000, 0x0000000082200000| Untracked 
|   3|0x0000000082300000, 0x0000000082400000, 0x0000000082400000|100%| O|  |TAMS 0x0000000082300000, 0x0000000082300000| Untracked 
|   4|0x0000000082400000, 0x0000000082500000, 0x0000000082500000|100%| O|  |TAMS 0x0000000082400000, 0x0000000082400000| Untracked 
|   5|0x0000000082500000, 0x0000000082600000, 0x0000000082600000|100%| O|  |TAMS 0x0000000082500000, 0x0000000082500000| Untracked 
|   6|0x0000000082600000, 0x0000000082700000, 0x0000000082700000|100%| O|  |TAMS 0x0000000082600000, 0x0000000082600000| Untracked 
|   7|0x0000000082700000, 0x0000000082800000, 0x0000000082800000|100%|HS|  |TAMS 0x0000000082700000, 0x0000000082700000| Complete 
|   8|0x0000000082800000, 0x00000000828b4800, 0x0000000082900000| 70%| O|  |TAMS 0x0000000082800000, 0x0000000082800000| Untracked 
|   9|0x0000000082900000, 0x0000000082900000, 0x0000000082a00000|  0%| F|  |TAMS 0x0000000082900000, 0x0000000082900000| Untracked 
|  10|0x0000000082a00000, 0x0000000082a00000, 0x0000000082b00000|  0%| F|  |TAMS 0x0000000082a00000, 0x0000000082a00000| Untracked 
|  11|0x0000000082b00000, 0x0000000082b00000, 0x0000000082c00000|  0%| F|  |TAMS 0x0000000082b00000, 0x0000000082b00000| Untracked 
|  12|0x0000000082c00000, 0x0000000082d00000, 0x0000000082d00000|100%| S|CS|TAMS 0x0000000082c00000, 0x0000000082c00000| Complete 
|  13|0x0000000082d00000, 0x0000000082d00000, 0x0000000082e00000|  0%| F|  |TAMS 0x0000000082d00000, 0x0000000082d00000| Untracked 
|  14|0x0000000082e00000, 0x0000000082e00000, 0x0000000082f00000|  0%| F|  |TAMS 0x0000000082e00000, 0x0000000082e00000| Untracked 
|  15|0x0000000082f00000, 0x0000000082f00000, 0x0000000083000000|  0%| F|  |TAMS 0x0000000082f00000, 0x0000000082f00000| Untracked 
|  16|0x0000000083000000, 0x0000000083000000, 0x0000000083100000|  0%| F|  |TAMS 0x0000000083000000, 0x0000000083000000| Untracked 
|  17|0x0000000083100000, 0x0000000083100000, 0x0000000083200000|  0%| F|  |TAMS 0x0000000083100000, 0x0000000083100000| Untracked 
|  18|0x0000000083200000, 0x0000000083200000, 0x0000000083300000|  0%| F|  |TAMS 0x0000000083200000, 0x0000000083200000| Untracked 
|  19|0x0000000083300000, 0x0000000083300000, 0x0000000083400000|  0%| F|  |TAMS 0x0000000083300000, 0x0000000083300000| Untracked 

Card table byte_map: [0x0000018bb14c0000,0x0000018bb18b0000] _byte_map_base: 0x0000018bb10b0000

Marking Bits (Prev, Next): (CMBitMap*) 0x0000018b9897a3b0, (CMBitMap*) 0x0000018b9897a3f0
 Prev Bits: [0x0000018bb1ca0000, 0x0000018bb3c20000)
 Next Bits: [0x0000018bb3c20000, 0x0000018bb5ba0000)

Polling page: 0x0000018b96850000

Metaspace:

Usage:
  Non-class:      8.34 MB used.
      Class:      1.05 MB used.
       Both:      9.39 MB used.

Virtual space:
  Non-class space:       64.00 MB reserved,       8.44 MB ( 13%) committed,  1 nodes.
      Class space:        1.00 GB reserved,       1.12 MB ( <1%) committed,  1 nodes.
             Both:        1.06 GB reserved,       9.56 MB ( <1%) committed. 

Chunk freelists:
   Non-Class:  1.42 MB
       Class:  2.81 MB
        Both:  4.23 MB

MaxMetaspaceSize: unlimited
CompressedClassSpaceSize: 1.00 GB
Initial GC threshold: 21.00 MB
Current GC threshold: 21.00 MB
CDS: on
MetaspaceReclaimPolicy: balanced
 - commit_granule_bytes: 65536.
 - commit_granule_words: 8192.
 - virtual_space_node_default_size: 8388608.
 - enlarge_chunks_in_place: 1.
 - new_chunks_are_fully_committed: 0.
 - uncommit_free_chunks: 1.
 - use_allocation_guard: 0.


Internal statistics:

num_allocs_failed_limit: 0.
num_arena_births: 78.
num_arena_deaths: 0.
num_vsnodes_births: 2.
num_vsnodes_deaths: 0.
num_space_committed: 153.
num_space_uncommitted: 0.
num_chunks_returned_to_freelist: 0.
num_chunks_taken_from_freelist: 394.
num_chunk_merges: 0.
num_chunk_splits: 287.
num_chunks_enlarged: 230.
num_inconsistent_stats: 0.

CodeHeap 'non-profiled nmethods': size=120000Kb used=552Kb max_used=552Kb free=119448Kb
 bounds [0x0000018ba9650000, 0x0000018ba98c0000, 0x0000018bb0b80000]
CodeHeap 'profiled nmethods': size=120000Kb used=3209Kb max_used=3209Kb free=116790Kb
 bounds [0x0000018ba1b80000, 0x0000018ba1eb0000, 0x0000018ba90b0000]
CodeHeap 'non-nmethods': size=5760Kb used=1229Kb max_used=1297Kb free=4530Kb
 bounds [0x0000018ba90b0000, 0x0000018ba9320000, 0x0000018ba9650000]
 total_blobs=2098 nmethods=1670 adapters=338
 compilation: enabled
              stopped_count=0, restarted_count=0
 full_count=0

Compilation events (20 events):
Event: 0.680 Thread 0x0000018bb87ae290 1665       3       com.sun.tools.javac.code.Types::membersClosure (50 bytes)
Event: 0.682 Thread 0x0000018bb87ae290 nmethod 1665 0x0000018ba1e9bb90 code [0x0000018ba1e9bec0, 0x0000018ba1e9d4a8]
Event: 0.682 Thread 0x0000018bb87ae290 1672       3       java.util.WeakHashMap::get (75 bytes)
Event: 0.683 Thread 0x0000018bb87ae290 nmethod 1672 0x0000018ba1e9dc10 code [0x0000018ba1e9de40, 0x0000018ba1e9e718]
Event: 0.683 Thread 0x0000018bb87ae290 1670       3       com.sun.tools.javac.comp.Resolve$MethodCheckContext::<init> (26 bytes)
Event: 0.683 Thread 0x0000018bb87ae290 nmethod 1670 0x0000018ba1e9ea90 code [0x0000018ba1e9ec40, 0x0000018ba1e9eeb8]
Event: 0.683 Thread 0x0000018bb87ae290 1671       3       com.sun.tools.javac.comp.Resolve$MethodCheckContext::checkWarner (5 bytes)
Event: 0.683 Thread 0x0000018bb87ae290 nmethod 1671 0x0000018ba1e9ef90 code [0x0000018ba1e9f120, 0x0000018ba1e9f238]
Event: 0.683 Thread 0x0000018bb87ae290 1666       3       com.sun.tools.javac.code.Types$$Lambda$172/0x0000000801114c00::<init> (10 bytes)
Event: 0.683 Thread 0x0000018bb87ae290 nmethod 1666 0x0000018ba1e9f310 code [0x0000018ba1e9f4c0, 0x0000018ba1e9f678]
Event: 0.683 Thread 0x0000018bb87ae290 1673       3       java.util.Spliterators$ArraySpliterator::<init> (40 bytes)
Event: 0.683 Thread 0x0000018bb87ae290 nmethod 1673 0x0000018ba1e9f710 code [0x0000018ba1e9f8c0, 0x0000018ba1e9fa98]
Event: 0.683 Thread 0x0000018bb87ae290 1669       3       java.util.HashMap::<init> (98 bytes)
Event: 0.684 Thread 0x0000018bb87ae290 nmethod 1669 0x0000018ba1e9fb90 code [0x0000018ba1e9fea0, 0x0000018ba1ea0e38]
Event: 0.684 Thread 0x0000018bb87ae290 1674       3       java.lang.invoke.Invokers::checkExactType (17 bytes)
Event: 0.684 Thread 0x0000018bb87ae290 nmethod 1674 0x0000018ba1ea1410 code [0x0000018ba1ea15c0, 0x0000018ba1ea17c8]
Event: 0.684 Thread 0x0000018bb87ae290 1675       3       java.lang.invoke.Invokers::checkCustomized (23 bytes)
Event: 0.684 Thread 0x0000018bb87ae290 nmethod 1675 0x0000018ba1ea1910 code [0x0000018ba1ea1ac0, 0x0000018ba1ea1c88]
Event: 0.685 Thread 0x0000018bb87ae290 1676       3       com.sun.tools.javac.comp.Attr$8::scan (28 bytes)
Event: 0.685 Thread 0x0000018bb87ae290 nmethod 1676 0x0000018ba1ea1d90 code [0x0000018ba1ea1f80, 0x0000018ba1ea24f8]

GC Heap History (20 events):
Event: 0.264 GC heap after
{Heap after GC invocations=3 (full 0):
 garbage-first heap   total 8192K, used 2181K [0x0000000082000000, 0x0000000100000000)
  region size 1024K, 1 young (1024K), 1 survivors (1024K)
 Metaspace       used 6505K, committed 6656K, reserved 1114112K
  class space    used 750K, committed 832K, reserved 1048576K
}
Event: 0.315 GC heap before
{Heap before GC invocations=3 (full 0):
 garbage-first heap   total 8192K, used 3205K [0x0000000082000000, 0x0000000100000000)
  region size 1024K, 2 young (2048K), 1 survivors (1024K)
 Metaspace       used 7853K, committed 8000K, reserved 1114112K
  class space    used 875K, committed 960K, reserved 1048576K
}
Event: 0.316 GC heap after
{Heap after GC invocations=4 (full 0):
 garbage-first heap   total 8192K, used 2450K [0x0000000082000000, 0x0000000100000000)
  region size 1024K, 1 young (1024K), 1 survivors (1024K)
 Metaspace       used 7853K, committed 8000K, reserved 1114112K
  class space    used 875K, committed 960K, reserved 1048576K
}
Event: 0.339 GC heap before
{Heap before GC invocations=4 (full 0):
 garbage-first heap   total 8192K, used 3474K [0x0000000082000000, 0x0000000100000000)
  region size 1024K, 2 young (2048K), 1 survivors (1024K)
 Metaspace       used 8093K, committed 8320K, reserved 1114112K
  class space    used 898K, committed 1024K, reserved 1048576K
}
Event: 0.341 GC heap after
{Heap after GC invocations=5 (full 0):
 garbage-first heap   total 10240K, used 2803K [0x0000000082000000, 0x0000000100000000)
  region size 1024K, 1 young (1024K), 1 survivors (1024K)
 Metaspace       used 8093K, committed 8320K, reserved 1114112K
  class space    used 898K, committed 1024K, reserved 1048576K
}
Event: 0.374 GC heap before
{Heap before GC invocations=5 (full 0):
 garbage-first heap   total 10240K, used 4851K [0x0000000082000000, 0x0000000100000000)
  region size 1024K, 3 young (3072K), 1 survivors (1024K)
 Metaspace       used 8306K, committed 8512K, reserved 1114112K
  class space    used 925K, committed 1024K, reserved 1048576K
}
Event: 0.376 GC heap after
{Heap after GC invocations=6 (full 0):
 garbage-first heap   total 10240K, used 3409K [0x0000000082000000, 0x0000000100000000)
  region size 1024K, 1 young (1024K), 1 survivors (1024K)
 Metaspace       used 8306K, committed 8512K, reserved 1114112K
  class space    used 925K, committed 1024K, reserved 1048576K
}
Event: 0.386 GC heap before
{Heap before GC invocations=6 (full 0):
 garbage-first heap   total 10240K, used 5457K [0x0000000082000000, 0x0000000100000000)
  region size 1024K, 3 young (3072K), 1 survivors (1024K)
 Metaspace       used 8349K, committed 8576K, reserved 1114112K
  class space    used 925K, committed 1024K, reserved 1048576K
}
Event: 0.389 GC heap after
{Heap after GC invocations=7 (full 0):
 garbage-first heap   total 10240K, used 3716K [0x0000000082000000, 0x0000000100000000)
  region size 1024K, 1 young (1024K), 1 survivors (1024K)
 Metaspace       used 8349K, committed 8576K, reserved 1114112K
  class space    used 925K, committed 1024K, reserved 1048576K
}
Event: 0.402 GC heap before
{Heap before GC invocations=7 (full 0):
 garbage-first heap   total 10240K, used 4740K [0x0000000082000000, 0x0000000100000000)
  region size 1024K, 2 young (2048K), 1 survivors (1024K)
 Metaspace       used 8437K, committed 8640K, reserved 1114112K
  class space    used 934K, committed 1024K, reserved 1048576K
}
Event: 0.403 GC heap after
{Heap after GC invocations=8 (full 0):
 garbage-first heap   total 10240K, used 3825K [0x0000000082000000, 0x0000000100000000)
  region size 1024K, 1 young (1024K), 1 survivors (1024K)
 Metaspace       used 8437K, committed 8640K, reserved 1114112K
  class space    used 934K, committed 1024K, reserved 1048576K
}
Event: 0.409 GC heap before
{Heap before GC invocations=8 (full 0):
 garbage-first heap   total 10240K, used 5873K [0x0000000082000000, 0x0000000100000000)
  region size 1024K, 3 young (3072K), 1 survivors (1024K)
 Metaspace       used 8457K, committed 8640K, reserved 1114112K
  class space    used 934K, committed 1024K, reserved 1048576K
}
Event: 0.410 GC heap after
{Heap after GC invocations=9 (full 0):
 garbage-first heap   total 20480K, used 4148K [0x0000000082000000, 0x0000000100000000)
  region size 1024K, 1 young (1024K), 1 survivors (1024K)
 Metaspace       used 8457K, committed 8640K, reserved 1114112K
  class space    used 934K, committed 1024K, reserved 1048576K
}
Event: 0.446 GC heap before
{Heap before GC invocations=9 (full 0):
 garbage-first heap   total 20480K, used 11316K [0x0000000082000000, 0x0000000100000000)
  region size 1024K, 8 young (8192K), 1 survivors (1024K)
 Metaspace       used 8593K, committed 8768K, reserved 1114112K
  class space    used 949K, committed 1024K, reserved 1048576K
}
Event: 0.449 GC heap after
{Heap after GC invocations=10 (full 0):
 garbage-first heap   total 20480K, used 4970K [0x0000000082000000, 0x0000000100000000)
  region size 1024K, 1 young (1024K), 1 survivors (1024K)
 Metaspace       used 8593K, committed 8768K, reserved 1114112K
  class space    used 949K, committed 1024K, reserved 1048576K
}
Event: 0.479 GC heap before
{Heap before GC invocations=10 (full 0):
 garbage-first heap   total 20480K, used 12138K [0x0000000082000000, 0x0000000100000000)
  region size 1024K, 9 young (9216K), 1 survivors (1024K)
 Metaspace       used 8640K, committed 8832K, reserved 1114112K
  class space    used 950K, committed 1024K, reserved 1048576K
}
Event: 0.483 GC heap after
{Heap after GC invocations=11 (full 0):
 garbage-first heap   total 20480K, used 6814K [0x0000000082000000, 0x0000000100000000)
  region size 1024K, 2 young (2048K), 2 survivors (2048K)
 Metaspace       used 8640K, committed 8832K, reserved 1114112K
  class space    used 950K, committed 1024K, reserved 1048576K
}
Event: 0.528 GC heap before
{Heap before GC invocations=11 (full 0):
 garbage-first heap   total 20480K, used 12958K [0x0000000082000000, 0x0000000100000000)
  region size 1024K, 8 young (8192K), 2 survivors (2048K)
 Metaspace       used 8848K, committed 9024K, reserved 1114112K
  class space    used 973K, committed 1088K, reserved 1048576K
}
Event: 0.534 GC heap after
{Heap after GC invocations=12 (full 0):
 garbage-first heap   total 20480K, used 7742K [0x0000000082000000, 0x0000000100000000)
  region size 1024K, 1 young (1024K), 1 survivors (1024K)
 Metaspace       used 8848K, committed 9024K, reserved 1114112K
  class space    used 973K, committed 1088K, reserved 1048576K
}
Event: 0.687 GC heap before
{Heap before GC invocations=12 (full 0):
 garbage-first heap   total 20480K, used 14910K [0x0000000082000000, 0x0000000100000000)
  region size 1024K, 7 young (7168K), 1 survivors (1024K)
 Metaspace       used 9614K, committed 9792K, reserved 1114112K
  class space    used 1072K, committed 1152K, reserved 1048576K
}

Dll operation events (5 events):
Event: 0.005 Loaded shared library C:\Program Files\Zulu\zulu-19\bin\java.dll
Event: 0.012 Loaded shared library C:\Program Files\Zulu\zulu-19\bin\jsvml.dll
Event: 0.060 Loaded shared library C:\Program Files\Zulu\zulu-19\bin\jimage.dll
Event: 0.115 Loaded shared library C:\Program Files\Zulu\zulu-19\bin\net.dll
Event: 0.116 Loaded shared library C:\Program Files\Zulu\zulu-19\bin\nio.dll

Deoptimization events (20 events):
Event: 0.429 Thread 0x0000018b9891c1a0 Uncommon trap: trap_request=0xffffffc6 fr.pc=0x0000018ba9698ec8 relative=0x00000000000003c8
Event: 0.429 Thread 0x0000018b9891c1a0 Uncommon trap: reason=bimorphic_or_optimized_type_check action=maybe_recompile pc=0x0000018ba9698ec8 method=java.util.HashMap.getNode(Ljava/lang/Object;)Ljava/util/HashMap$Node; @ 63 c2
Event: 0.429 Thread 0x0000018b9891c1a0 DEOPT PACKING pc=0x0000018ba9698ec8 sp=0x00000070780fe330
Event: 0.429 Thread 0x0000018b9891c1a0 DEOPT UNPACKING pc=0x0000018ba9116da3 sp=0x00000070780fe238 mode 2
Event: 0.433 Thread 0x0000018b9891c1a0 Uncommon trap: trap_request=0xffffffc6 fr.pc=0x0000018ba9698ec8 relative=0x00000000000003c8
Event: 0.433 Thread 0x0000018b9891c1a0 Uncommon trap: reason=bimorphic_or_optimized_type_check action=maybe_recompile pc=0x0000018ba9698ec8 method=java.util.HashMap.getNode(Ljava/lang/Object;)Ljava/util/HashMap$Node; @ 63 c2
Event: 0.433 Thread 0x0000018b9891c1a0 DEOPT PACKING pc=0x0000018ba9698ec8 sp=0x00000070780fe330
Event: 0.433 Thread 0x0000018b9891c1a0 DEOPT UNPACKING pc=0x0000018ba9116da3 sp=0x00000070780fe238 mode 2
Event: 0.435 Thread 0x0000018b9891c1a0 Uncommon trap: trap_request=0xffffffc6 fr.pc=0x0000018ba9698ec8 relative=0x00000000000003c8
Event: 0.435 Thread 0x0000018b9891c1a0 Uncommon trap: reason=bimorphic_or_optimized_type_check action=maybe_recompile pc=0x0000018ba9698ec8 method=java.util.HashMap.getNode(Ljava/lang/Object;)Ljava/util/HashMap$Node; @ 63 c2
Event: 0.435 Thread 0x0000018b9891c1a0 DEOPT PACKING pc=0x0000018ba9698ec8 sp=0x00000070780fe330
Event: 0.435 Thread 0x0000018b9891c1a0 DEOPT UNPACKING pc=0x0000018ba9116da3 sp=0x00000070780fe238 mode 2
Event: 0.460 Thread 0x0000018b9891c1a0 Uncommon trap: trap_request=0xffffffc6 fr.pc=0x0000018ba9698ec8 relative=0x00000000000003c8
Event: 0.460 Thread 0x0000018b9891c1a0 Uncommon trap: reason=bimorphic_or_optimized_type_check action=maybe_recompile pc=0x0000018ba9698ec8 method=java.util.HashMap.getNode(Ljava/lang/Object;)Ljava/util/HashMap$Node; @ 63 c2
Event: 0.460 Thread 0x0000018b9891c1a0 DEOPT PACKING pc=0x0000018ba9698ec8 sp=0x00000070780fe330
Event: 0.460 Thread 0x0000018b9891c1a0 DEOPT UNPACKING pc=0x0000018ba9116da3 sp=0x00000070780fe238 mode 2
Event: 0.559 Thread 0x0000018b9891c1a0 Uncommon trap: trap_request=0xffffff45 fr.pc=0x0000018ba96a90c4 relative=0x0000000000000a84
Event: 0.559 Thread 0x0000018b9891c1a0 Uncommon trap: reason=unstable_if action=reinterpret pc=0x0000018ba96a90c4 method=com.sun.tools.javac.util.ArrayUtils.ensureCapacity([BI)[B @ 3 c2
Event: 0.559 Thread 0x0000018b9891c1a0 DEOPT PACKING pc=0x0000018ba96a90c4 sp=0x00000070780fc570
Event: 0.559 Thread 0x0000018b9891c1a0 DEOPT UNPACKING pc=0x0000018ba9116da3 sp=0x00000070780fc498 mode 2

Classes loaded (20 events):
Event: 0.362 Loading class java/util/ImmutableCollections$Access
Event: 0.362 Loading class java/util/ImmutableCollections$Access done
Event: 0.362 Loading class java/util/ImmutableCollections$Access$1
Event: 0.362 Loading class jdk/internal/access/JavaUtilCollectionAccess
Event: 0.362 Loading class jdk/internal/access/JavaUtilCollectionAccess done
Event: 0.362 Loading class java/util/ImmutableCollections$Access$1 done
Event: 0.362 Loading class java/util/stream/Nodes$SpinedNodeBuilder
Event: 0.362 Loading class java/util/stream/Nodes$SpinedNodeBuilder done
Event: 0.362 Loading class sun/nio/fs/WindowsPath$WindowsPathWithAttributes
Event: 0.362 Loading class sun/nio/fs/BasicFileAttributesHolder
Event: 0.362 Loading class sun/nio/fs/BasicFileAttributesHolder done
Event: 0.362 Loading class sun/nio/fs/WindowsPath$WindowsPathWithAttributes done
Event: 0.499 Loading class java/util/LinkedList$Node
Event: 0.499 Loading class java/util/LinkedList$Node done
Event: 0.500 Loading class java/lang/invoke/MethodHandle$1
Event: 0.501 Loading class java/lang/invoke/MethodHandle$1 done
Event: 0.537 Loading class java/util/stream/ReduceOps$1
Event: 0.538 Loading class java/util/stream/ReduceOps$1 done
Event: 0.538 Loading class java/util/stream/ReduceOps$1ReducingSink
Event: 0.538 Loading class java/util/stream/ReduceOps$1ReducingSink done

Classes unloaded (0 events):
No events

Classes redefined (0 events):
No events

Internal exceptions (20 events):
Event: 0.332 Thread 0x0000018b9891c1a0 Exception <a 'java/lang/NoSuchMethodError'{0x00000000827bdeb0}: 'java.lang.Object java.lang.invoke.DirectMethodHandle$Holder.invokeVirtual(java.lang.Object, java.lang.Object, java.lang.Object, int, int)'> (0x00000000827bdeb0) 
thrown [s\src\hotspot\share\interpreter\linkResolver.cpp, line 774]
Event: 0.332 Thread 0x0000018b9891c1a0 Exception <a 'java/lang/NoSuchMethodError'{0x00000000827c4f90}: 'java.lang.Object java.lang.invoke.DirectMethodHandle$Holder.invokeVirtual(java.lang.Object, java.lang.Object, int)'> (0x00000000827c4f90) 
thrown [s\src\hotspot\share\interpreter\linkResolver.cpp, line 774]
Event: 0.334 Thread 0x0000018b9891c1a0 Exception <a 'java/lang/NoSuchMethodError'{0x00000000827dc198}: 'java.lang.Object java.lang.invoke.DirectMethodHandle$Holder.invokeSpecial(java.lang.Object, java.lang.Object, java.lang.Object, int, int)'> (0x00000000827dc198) 
thrown [s\src\hotspot\share\interpreter\linkResolver.cpp, line 774]
Event: 0.359 Thread 0x0000018b9891c1a0 Exception <a 'java/lang/NoSuchMethodError'{0x0000000082850c90}: 'void java.lang.invoke.DirectMethodHandle$Holder.invokeStatic(java.lang.Object, java.lang.Object)'> (0x0000000082850c90) 
thrown [s\src\hotspot\share\interpreter\linkResolver.cpp, line 774]
Event: 0.361 Thread 0x0000018b9891c1a0 Exception <a 'sun/nio/fs/WindowsException'{0x000000008285aef8}> (0x000000008285aef8) 
thrown [s\src\hotspot\share\prims\jni.cpp, line 517]
Event: 0.365 Thread 0x0000018b9891c1a0 Exception <a 'sun/nio/fs/WindowsException'{0x0000000082876200}> (0x0000000082876200) 
thrown [s\src\hotspot\share\prims\jni.cpp, line 517]
Event: 0.399 Thread 0x0000018b9891c1a0 Exception <a 'java/lang/NoSuchMethodError'{0x00000000829cac60}: 'int java.lang.invoke.DirectMethodHandle$Holder.invokeSpecial(java.lang.Object, java.lang.Object, java.lang.Object)'> (0x00000000829cac60) 
thrown [s\src\hotspot\share\interpreter\linkResolver.cpp, line 774]
Event: 0.400 Thread 0x0000018b9891c1a0 Exception <a 'sun/nio/fs/WindowsException'{0x00000000829d53f0}> (0x00000000829d53f0) 
thrown [s\src\hotspot\share\prims\jni.cpp, line 517]
Event: 0.400 Thread 0x0000018b9891c1a0 Exception <a 'sun/nio/fs/WindowsException'{0x00000000829d57c0}> (0x00000000829d57c0) 
thrown [s\src\hotspot\share\prims\jni.cpp, line 517]
Event: 0.400 Thread 0x0000018b9891c1a0 Exception <a 'sun/nio/fs/WindowsException'{0x00000000829d68c8}> (0x00000000829d68c8) 
thrown [s\src\hotspot\share\prims\jni.cpp, line 517]
Event: 0.400 Thread 0x0000018b9891c1a0 Exception <a 'sun/nio/fs/WindowsException'{0x00000000829d6c58}> (0x00000000829d6c58) 
thrown [s\src\hotspot\share\prims\jni.cpp, line 517]
Event: 0.419 Thread 0x0000018b9891c1a0 Exception <a 'java/lang/NoSuchMethodError'{0x0000000083097628}: 'java.lang.Object java.lang.invoke.DirectMethodHandle$Holder.invokeStatic(java.lang.Object, java.lang.Object, int, int)'> (0x0000000083097628) 
thrown [s\src\hotspot\share\interpreter\linkResolver.cpp, line 774]
Event: 0.433 Thread 0x0000018b9891c1a0 Exception <a 'sun/nio/fs/WindowsException'{0x0000000082f84558}> (0x0000000082f84558) 
thrown [s\src\hotspot\share\prims\jni.cpp, line 517]
Event: 0.433 Thread 0x0000018b9891c1a0 Exception <a 'sun/nio/fs/WindowsException'{0x0000000082f84938}> (0x0000000082f84938) 
thrown [s\src\hotspot\share\prims\jni.cpp, line 517]
Event: 0.433 Thread 0x0000018b9891c1a0 Exception <a 'sun/nio/fs/WindowsException'{0x0000000082f85a40}> (0x0000000082f85a40) 
thrown [s\src\hotspot\share\prims\jni.cpp, line 517]
Event: 0.433 Thread 0x0000018b9891c1a0 Exception <a 'sun/nio/fs/WindowsException'{0x0000000082f85de0}> (0x0000000082f85de0) 
thrown [s\src\hotspot\share\prims\jni.cpp, line 517]
Event: 0.512 Thread 0x0000018b9891c1a0 Exception <a 'java/lang/NoSuchMethodError'{0x0000000083042488}: 'void java.lang.invoke.DirectMethodHandle$Holder.invokeSpecial(java.lang.Object, java.lang.Object, java.lang.Object, java.lang.Object, java.lang.Object)'> (0x0000000083042488) 
thrown [s\src\hotspot\share\interpreter\linkResolver.cpp, line 774]
Event: 0.514 Thread 0x0000018b9891c1a0 Exception <a 'java/lang/NoSuchMethodError'{0x00000000830598f8}: 'java.lang.Object java.lang.invoke.DirectMethodHandle$Holder.invokeInterface(java.lang.Object, java.lang.Object)'> (0x00000000830598f8) 
thrown [s\src\hotspot\share\interpreter\linkResolver.cpp, line 774]
Event: 0.586 Thread 0x0000018b9891c1a0 Exception <a 'java/lang/NoSuchMethodError'{0x00000000830f43a0}: 'int java.lang.invoke.DirectMethodHandle$Holder.invokeStatic(java.lang.Object, java.lang.Object, java.lang.Object, java.lang.Object)'> (0x00000000830f43a0) 
thrown [s\src\hotspot\share\interpreter\linkResolver.cpp, line 774]
Event: 0.594 Thread 0x0000018b9891c1a0 Exception <a 'java/lang/NoSuchMethodError'{0x0000000082f1cfa0}: 'void java.lang.invoke.DirectMethodHandle$Holder.invokeVirtual(java.lang.Object, java.lang.Object)'> (0x0000000082f1cfa0) 
thrown [s\src\hotspot\share\interpreter\linkResolver.cpp, line 774]

VM Operations (20 events):
Event: 0.363 Executing VM operation: HandshakeAllThreads done
Event: 0.374 Executing VM operation: G1CollectForAllocation
Event: 0.376 Executing VM operation: G1CollectForAllocation done
Event: 0.386 Executing VM operation: G1CollectForAllocation
Event: 0.389 Executing VM operation: G1CollectForAllocation done
Event: 0.402 Executing VM operation: G1CollectForAllocation
Event: 0.403 Executing VM operation: G1CollectForAllocation done
Event: 0.409 Executing VM operation: G1CollectForAllocation
Event: 0.410 Executing VM operation: G1CollectForAllocation done
Event: 0.446 Executing VM operation: G1CollectForAllocation
Event: 0.449 Executing VM operation: G1CollectForAllocation done
Event: 0.479 Executing VM operation: G1CollectForAllocation
Event: 0.483 Executing VM operation: G1CollectForAllocation done
Event: 0.521 Executing VM operation: HandshakeAllThreads
Event: 0.521 Executing VM operation: HandshakeAllThreads done
Event: 0.528 Executing VM operation: G1CollectForAllocation
Event: 0.534 Executing VM operation: G1CollectForAllocation done
Event: 0.633 Executing VM operation: ICBufferFull
Event: 0.634 Executing VM operation: ICBufferFull done
Event: 0.687 Executing VM operation: G1CollectForAllocation

Events (14 events):
Event: 0.012 Thread 0x0000018b9891c1a0 Thread added: 0x0000018b9891c1a0
Event: 0.022 Thread 0x0000018bb8798aa0 Thread added: 0x0000018bb8798aa0
Event: 0.023 Thread 0x0000018bb87995d0 Thread added: 0x0000018bb87995d0
Event: 0.023 Thread 0x0000018bb879fef0 Thread added: 0x0000018bb879fef0
Event: 0.023 Thread 0x0000018bb87a0820 Thread added: 0x0000018bb87a0820
Event: 0.023 Thread 0x0000018bb87a1760 Thread added: 0x0000018bb87a1760
Event: 0.023 Thread 0x0000018bb87a30c0 Thread added: 0x0000018bb87a30c0
Event: 0.023 Thread 0x0000018bb87ad110 Thread added: 0x0000018bb87ad110
Event: 0.023 Thread 0x0000018bb87ae290 Thread added: 0x0000018bb87ae290
Event: 0.023 Thread 0x0000018bb87b4790 Thread added: 0x0000018bb87b4790
Event: 0.041 Thread 0x0000018bb87b27b0 Thread added: 0x0000018bb87b27b0
Event: 0.058 Thread 0x0000018bb87b4240 Thread added: 0x0000018bb87b4240
Event: 0.300 Thread 0x0000018bbd0ae7a0 Thread added: 0x0000018bbd0ae7a0
Event: 0.383 Thread 0x0000018bbd141ff0 Thread added: 0x0000018bbd141ff0


Dynamic libraries:
0x00007ff708620000 - 0x00007ff708628000 	C:\Program Files\Zulu\zulu-19\bin\javac.exe
0x00007ffde4b30000 - 0x00007ffde4d44000 	C:\WINDOWS\SYSTEM32\ntdll.dll
0x00007ffde48b0000 - 0x00007ffde4973000 	C:\WINDOWS\System32\KERNEL32.DLL
0x00007ffde20b0000 - 0x00007ffde244c000 	C:\WINDOWS\System32\KERNELBASE.dll
0x00007ffde24c0000 - 0x00007ffde25d1000 	C:\WINDOWS\System32\ucrtbase.dll
0x00007ffdde640000 - 0x00007ffdde657000 	C:\Program Files\Zulu\zulu-19\bin\jli.dll
0x00007ffdde660000 - 0x00007ffdde67b000 	C:\Program Files\Zulu\zulu-19\bin\VCRUNTIME140.dll
0x00007ffde3c90000 - 0x00007ffde3e3d000 	C:\WINDOWS\System32\USER32.dll
0x00007ffde2680000 - 0x00007ffde26a6000 	C:\WINDOWS\System32\win32u.dll
0x00007ffdcd690000 - 0x00007ffdcd91e000 	C:\WINDOWS\WinSxS\amd64_microsoft.windows.common-controls_6595b64144ccf1df_6.0.22621.608_none_a9444ca7c10bb01d\COMCTL32.dll
0x00007ffde4a40000 - 0x00007ffde4ae7000 	C:\WINDOWS\System32\msvcrt.dll
0x00007ffde2e30000 - 0x00007ffde2e59000 	C:\WINDOWS\System32\GDI32.dll
0x00007ffde2820000 - 0x00007ffde2933000 	C:\WINDOWS\System32\gdi32full.dll
0x00007ffde25e0000 - 0x00007ffde267a000 	C:\WINDOWS\System32\msvcp_win.dll
0x00007ffde3bf0000 - 0x00007ffde3c21000 	C:\WINDOWS\System32\IMM32.DLL
0x00007ffdde630000 - 0x00007ffdde63c000 	C:\Program Files\Zulu\zulu-19\bin\vcruntime140_1.dll
0x00007ffdde5a0000 - 0x00007ffdde62d000 	C:\Program Files\Zulu\zulu-19\bin\msvcp140.dll
0x00007ffd8fd20000 - 0x00007ffd90a27000 	C:\Program Files\Zulu\zulu-19\bin\server\jvm.dll
0x00007ffde2e90000 - 0x00007ffde2f3e000 	C:\WINDOWS\System32\ADVAPI32.dll
0x00007ffde2940000 - 0x00007ffde29e4000 	C:\WINDOWS\System32\sechost.dll
0x00007ffde2f60000 - 0x00007ffde3075000 	C:\WINDOWS\System32\RPCRT4.dll
0x00007ffdda430000 - 0x00007ffdda43a000 	C:\WINDOWS\SYSTEM32\VERSION.dll
0x00007ffddc170000 - 0x00007ffddc179000 	C:\WINDOWS\SYSTEM32\WSOCK32.dll
0x00007ffddaab0000 - 0x00007ffddaae4000 	C:\WINDOWS\SYSTEM32\WINMM.dll
0x00007ffde29f0000 - 0x00007ffde2a61000 	C:\WINDOWS\System32\WS2_32.dll
0x00007ffde10b0000 - 0x00007ffde10c8000 	C:\WINDOWS\SYSTEM32\kernel.appcore.dll
0x00007ffdde590000 - 0x00007ffdde59a000 	C:\Program Files\Zulu\zulu-19\bin\jimage.dll
0x00007ffddf750000 - 0x00007ffddf97e000 	C:\WINDOWS\SYSTEM32\DBGHELP.DLL
0x00007ffde3f40000 - 0x00007ffde42c9000 	C:\WINDOWS\System32\combase.dll
0x00007ffde3080000 - 0x00007ffde3157000 	C:\WINDOWS\System32\OLEAUT32.dll
0x00007ffdc6fc0000 - 0x00007ffdc6ff2000 	C:\WINDOWS\SYSTEM32\dbgcore.DLL
0x00007ffde2030000 - 0x00007ffde20ab000 	C:\WINDOWS\System32\bcryptPrimitives.dll
0x00007ffdde560000 - 0x00007ffdde586000 	C:\Program Files\Zulu\zulu-19\bin\java.dll
0x00007ffdd7f30000 - 0x00007ffdd8007000 	C:\Program Files\Zulu\zulu-19\bin\jsvml.dll
0x00007ffde3380000 - 0x00007ffde3b70000 	C:\WINDOWS\System32\SHELL32.dll
0x00007ffddff90000 - 0x00007ffde085e000 	C:\WINDOWS\SYSTEM32\windows.storage.dll
0x00007ffddfce0000 - 0x00007ffddfe1e000 	C:\WINDOWS\SYSTEM32\wintypes.dll
0x00007ffde2d30000 - 0x00007ffde2e21000 	C:\WINDOWS\System32\SHCORE.dll
0x00007ffde3c30000 - 0x00007ffde3c8e000 	C:\WINDOWS\System32\shlwapi.dll
0x00007ffde1ea0000 - 0x00007ffde1ec1000 	C:\WINDOWS\SYSTEM32\profapi.dll
0x00007ffddf050000 - 0x00007ffddf063000 	C:\Program Files\Zulu\zulu-19\bin\net.dll
0x00007ffddb520000 - 0x00007ffddb64f000 	C:\WINDOWS\SYSTEM32\WINHTTP.dll
0x00007ffde1520000 - 0x00007ffde1589000 	C:\WINDOWS\system32\mswsock.dll
0x00007ffdde3e0000 - 0x00007ffdde3f6000 	C:\Program Files\Zulu\zulu-19\bin\nio.dll

dbghelp: loaded successfully - version: 4.0.5 - missing functions: none
symbol engine: initialized successfully - sym options: 0x614 - pdb path: .;C:\Program Files\Zulu\zulu-19\bin;C:\WINDOWS\SYSTEM32;C:\WINDOWS\WinSxS\amd64_microsoft.windows.common-controls_6595b64144ccf1df_6.0.22621.608_none_a9444ca7c10bb01d;C:\Program Files\Zulu\zulu-19\bin\server

VM Arguments:
jvm_args: -Dapplication.home=C:\Program Files\Zulu\zulu-19 --add-modules=ALL-DEFAULT -Xms8m -Djdk.module.main=jdk.compiler 
java_command: jdk.compiler/com.sun.tools.javac.Main -d C:\Users\ulise\Desktop\TEC\Algoritmos y estructura de datos I\BuscaMinas\ventana busca minas\build\classes -classpath C:\Users\ulise\Desktop\TEC\Algoritmos y estructura de datos I\BuscaMinas\ventana busca minas\build\classes -sourcepath C:\Users\ulise\Desktop\TEC\Algoritmos y estructura de datos I\BuscaMinas\ventana busca minas\src -target 19 -encoding UTF-8 -g -processorpath C:\Users\ulise\Desktop\TEC\Algoritmos y estructura de datos I\BuscaMinas\ventana busca minas\build\empty -s C:\Users\ulise\Desktop\TEC\Algoritmos y estructura de datos I\BuscaMinas\ventana busca minas\build\generated-sources\ap-source-output -source 19 C:\Users\ulise\Desktop\TEC\Algoritmos y estructura de datos I\BuscaMinas\ventana busca minas\src\BuscaminasFX.java
java_class_path (initial): <not set>
Launcher Type: SUN_STANDARD

[Global flags]
     intx CICompilerCount                          = 4                                         {product} {ergonomic}
     uint ConcGCThreads                            = 3                                         {product} {ergonomic}
     uint G1ConcRefinementThreads                  = 10                                        {product} {ergonomic}
   size_t G1HeapRegionSize                         = 1048576                                   {product} {ergonomic}
    uintx GCDrainStackTargetSize                   = 64                                        {product} {ergonomic}
   size_t InitialHeapSize                          = 8388608                                   {product} {command line}
   size_t MarkStackSize                            = 4194304                                   {product} {ergonomic}
   size_t MaxHeapSize                              = 2113929216                                {product} {ergonomic}
   size_t MaxNewSize                               = 1267728384                                {product} {ergonomic}
   size_t MinHeapDeltaBytes                        = 1048576                                   {product} {ergonomic}
   size_t MinHeapSize                              = 8388608                                   {product} {command line}
    uintx NonNMethodCodeHeapSize                   = 5839372                                {pd product} {ergonomic}
    uintx NonProfiledCodeHeapSize                  = 122909434                              {pd product} {ergonomic}
    uintx ProfiledCodeHeapSize                     = 122909434                              {pd product} {ergonomic}
    uintx ReservedCodeCacheSize                    = 251658240                              {pd product} {ergonomic}
     bool SegmentedCodeCache                       = true                                      {product} {ergonomic}
   size_t SoftMaxHeapSize                          = 2113929216                             {manageable} {ergonomic}
     bool UseCompressedClassPointers               = true                           {product lp64_product} {ergonomic}
     bool UseCompressedOops                        = true                           {product lp64_product} {ergonomic}
     bool UseG1GC                                  = true                                      {product} {ergonomic}
     bool UseLargePagesIndividualAllocation        = false                                  {pd product} {ergonomic}

Logging:
Log output configuration:
 #0: stdout all=warning uptime,level,tags foldmultilines=false
 #1: stderr all=off uptime,level,tags foldmultilines=false

Environment Variables:
PATH=C:\Program Files\Zulu\zulu-19\bin\;C:\Program Files\Common Files\Oracle\Java\javapath;C:\Program Files (x86)\Common Files\Oracle\Java\javapath;C:\Windows\system32;C:\Windows;C:\Windows\System32\Wbem;C:\Windows\System32\WindowsPowerShell\v1.0\;C:\Windows\System32\OpenSSH\;C:\Program Files (x86)\NVIDIA Corporation\PhysX\Common;C:\Program Files\NVIDIA Corporation\NVIDIA NvDLISR;C:\WINDOWS\system32;C:\WINDOWS;C:\WINDOWS\System32\Wbem;C:\WINDOWS\System32\WindowsPowerShell\v1.0\;C:\WINDOWS\System32\OpenSSH\;C:\Program Files\nodejs\;C:\Program Files\Git\cmd;C:\Users\ulise\AppData\Local\Microsoft\WindowsApps;C:\Users\ulise\AppData\Local\Programs\Microsoft VS Code\bin;C:\Users\ulise\AppData\Roaming\npm;C:\Users\ulise\AppData\Local\GitHubDesktop\bin
USERNAME=ulise
OS=Windows_NT
PROCESSOR_IDENTIFIER=Intel64 Family 6 Model 165 Stepping 2, GenuineIntel
TMP=C:\Users\ulise\AppData\Local\Temp
TEMP=C:\Users\ulise\AppData\Local\Temp



---------------  S Y S T E M  ---------------

OS:
 Windows 11 , 64 bit Build 22621 (10.0.22621.1344)
OS uptime: 1 days 8:24 hours

CPU: total 12 (initial active 12) (6 cores per cpu, 2 threads per core) family 6 model 165 stepping 2 microcode 0xe2, cx8, cmov, fxsr, ht, mmx, 3dnowpref, sse, sse2, sse3, ssse3, sse4.1, sse4.2, popcnt, lzcnt, tsc, tscinvbit, avx, avx2, aes, erms, clmul, bmi1, bmi2, adx, fma, vzeroupper, clflush, clflushopt, rdtscp

Memory: 4k page, system-wide physical 8059M (1590M free)
TotalPageFile size 12155M (AvailPageFile size 26M)
current process WorkingSet (physical memory assigned to process): 101M, peak: 103M
current process commit charge ("private bytes"): 142M, peak: 165M

vm_info: OpenJDK 64-Bit Server VM (19.0.2+7) for windows-amd64 JRE (19.0.2+7) (Zulu19.32+15-CA), built on Dec 28 2022 19:25:40 by "zulu_re" with MS VC++ 16.10 / 16.11 (VS2019)

END.
