#
# There is insufficient memory for the Java Runtime Environment to continue.
# Native memory allocation (mmap) failed to map 137363456 bytes for G1 virtual space
# Possible reasons:
#   The system is out of physical RAM or swap space
#   The process is running with CompressedOops enabled, and the Java Heap may be blocking the growth of the native heap
# Possible solutions:
#   Reduce memory load on the system
#   Increase physical memory or swap space
#   Check if swap backing store is full
#   Decrease Java heap size (-Xmx/-Xms)
#   Decrease number of Java threads
#   Decrease Java thread stack sizes (-Xss)
#   Set larger code cache with -XX:ReservedCodeCacheSize=
#   JVM is running with Unscaled Compressed Oops mode in which the Java heap is
#     placed in the first 4GB address space. The Java Heap base address is the
#     maximum limit for the native heap growth. Please use -XX:HeapBaseMinAddress
#     to set the Java Heap base and to place the Java Heap above 4GB virtual address.
# This output file may be truncated or incomplete.
#
#  Out of Memory Error (os_windows.cpp:3536), pid=19180, tid=14476
#
# JRE version: OpenJDK Runtime Environment Zulu19.32+15-CA (19.0.2+7) (build 19.0.2+7)
# Java VM: OpenJDK 64-Bit Server VM Zulu19.32+15-CA (19.0.2+7, mixed mode, sharing, tiered, compressed oops, compressed class ptrs, g1 gc, windows-amd64)
# No core dump will be written. Minidumps are not enabled by default on client versions of Windows
#

---------------  S U M M A R Y ------------

Command Line: -Dfile.encoding=UTF-8 GameMenuDemo

Host: Intel(R) Core(TM) i7-10750H CPU @ 2.60GHz, 12 cores, 7G,  Windows 11 , 64 bit Build 22621 (10.0.22621.1485)
Time: Mon Apr 10 18:49:10 2023 Hora estándar, América Central elapsed time: 10.632534 seconds (0d 0h 0m 10s)

---------------  T H R E A D  ---------------

Current thread (0x0000018ff3c32620):  VMThread "VM Thread" [stack: 0x00000062fd400000,0x00000062fd500000] [id=14476]

Stack: [0x00000062fd400000,0x00000062fd500000]
Native frames: (J=compiled Java code, j=interpreted, Vv=VM code, C=native code)
V  [jvm.dll+0x6eab2a]
V  [jvm.dll+0x8a4a20]
V  [jvm.dll+0x8a640e]
V  [jvm.dll+0x8a6ac3]
V  [jvm.dll+0x27c1ef]
V  [jvm.dll+0x6e7929]
V  [jvm.dll+0x6dc3da]
V  [jvm.dll+0x3528ab]
V  [jvm.dll+0x35a266]
V  [jvm.dll+0x3b0a2e]
V  [jvm.dll+0x3b0c5f]
V  [jvm.dll+0x327e9a]
V  [jvm.dll+0x327f47]
V  [jvm.dll+0x370442]
V  [jvm.dll+0x36e8e4]
V  [jvm.dll+0x327660]
V  [jvm.dll+0x36de7b]
V  [jvm.dll+0x8abc13]
V  [jvm.dll+0x8ac9d9]
V  [jvm.dll+0x8acf0d]
V  [jvm.dll+0x8ad39b]
V  [jvm.dll+0x8ad457]
V  [jvm.dll+0x84ec7a]
V  [jvm.dll+0x6e981b]
C  [ucrtbase.dll+0x29363]
C  [KERNEL32.DLL+0x1269d]
C  [ntdll.dll+0x5a9f8]

VM_Operation (0x0000006282fff2f0): G1CollectForAllocation, mode: safepoint, requested by thread 0x0000018f82a19680


---------------  P R O C E S S  ---------------

Threads class SMR info:
_java_thread_list=0x0000018f83c7e080, length=34, elements={
0x0000018fd1d27330, 0x0000018ff3c47cc0, 0x0000018ff3c48990, 0x0000018ff3c4d9f0,
0x0000018ff3c4e320, 0x0000018ff3c4edf0, 0x0000018ff3c4f8c0, 0x0000018ff3c516d0,
0x0000018ff3c5ffc0, 0x0000018ff3c6cb00, 0x0000018ff8108af0, 0x0000018ff810b570,
0x0000018ff810a580, 0x0000018ff8109040, 0x0000018ff810aad0, 0x0000018ff81085a0,
0x0000018ff8109ae0, 0x0000018ff810a030, 0x0000018f82a1fb70, 0x0000018f82a1d640,
0x0000018f82a1d0f0, 0x0000018f82a1c650, 0x0000018f82a1db90, 0x0000018f82a19130,
0x0000018f82a1eb80, 0x0000018f82a1e0e0, 0x0000018f82a1c100, 0x0000018f82a1bbb0,
0x0000018f82a1cba0, 0x0000018f82a19680, 0x0000018f82a19bd0, 0x0000018f82a1a120,
0x0000018f8438da50, 0x0000018f8438be80
}

Java Threads: ( => current thread )
  0x0000018fd1d27330 JavaThread "main" [_thread_blocked, id=6628, stack(0x00000062fce00000,0x00000062fcf00000)]
  0x0000018ff3c47cc0 JavaThread "Reference Handler" daemon [_thread_blocked, id=20080, stack(0x00000062fd500000,0x00000062fd600000)]
  0x0000018ff3c48990 JavaThread "Finalizer" daemon [_thread_blocked, id=8300, stack(0x00000062fd600000,0x00000062fd700000)]
  0x0000018ff3c4d9f0 JavaThread "Signal Dispatcher" daemon [_thread_blocked, id=2744, stack(0x00000062fd700000,0x00000062fd800000)]
  0x0000018ff3c4e320 JavaThread "Attach Listener" daemon [_thread_blocked, id=15008, stack(0x00000062fd800000,0x00000062fd900000)]
  0x0000018ff3c4edf0 JavaThread "Service Thread" daemon [_thread_blocked, id=14652, stack(0x00000062fd900000,0x00000062fda00000)]
  0x0000018ff3c4f8c0 JavaThread "Monitor Deflation Thread" daemon [_thread_blocked, id=10180, stack(0x00000062fda00000,0x00000062fdb00000)]
  0x0000018ff3c516d0 JavaThread "C2 CompilerThread0" daemon [_thread_blocked, id=11332, stack(0x00000062fdb00000,0x00000062fdc00000)]
  0x0000018ff3c5ffc0 JavaThread "C1 CompilerThread0" daemon [_thread_blocked, id=17068, stack(0x00000062fdc00000,0x00000062fdd00000)]
  0x0000018ff3c6cb00 JavaThread "Sweeper thread" daemon [_thread_blocked, id=17108, stack(0x00000062fdd00000,0x00000062fde00000)]
  0x0000018ff8108af0 JavaThread "Notification Thread" daemon [_thread_blocked, id=11860, stack(0x00000062fde00000,0x00000062fdf00000)]
  0x0000018ff810b570 JavaThread "Common-Cleaner" daemon [_thread_blocked, id=17736, stack(0x00000062fe000000,0x00000062fe100000)]
  0x0000018ff810a580 JavaThread "QuantumRenderer-0" daemon [_thread_blocked, id=7976, stack(0x00000062fe100000,0x00000062fe200000)]
  0x0000018ff8109040 JavaThread "InvokeLaterDispatcher" daemon [_thread_blocked, id=14644, stack(0x00000062fe300000,0x00000062fe400000)]
  0x0000018ff810aad0 JavaThread "JavaFX Application Thread" [_thread_blocked, id=4132, stack(0x00000062fe400000,0x00000062fe500000)]
  0x0000018ff81085a0 JavaThread "JavaFX-Launcher" [_thread_blocked, id=20516, stack(0x00000062fe700000,0x00000062fe800000)]
  0x0000018ff8109ae0 JavaThread "Thread-2" daemon [_thread_blocked, id=19940, stack(0x00000062fe600000,0x00000062fe700000)]
  0x0000018ff810a030 JavaThread "Prism Font Disposer" daemon [_thread_blocked, id=20108, stack(0x00000062fe800000,0x00000062fe900000)]
  0x0000018f82a1fb70 JavaThread "JFXMedia Player EventQueueThread" daemon [_thread_blocked, id=22956, stack(0x00000062ff100000,0x00000062ff200000)]
  0x0000018f82a1d640 JavaThread "Media Resource Disposer" daemon [_thread_blocked, id=15088, stack(0x00000062ff600000,0x00000062ff700000)]
  0x0000018f82a1d0f0 JavaThread "JFXMedia Player EventQueueThread" daemon [_thread_blocked, id=1404, stack(0x0000006280300000,0x0000006280400000)]
  0x0000018f82a1c650 JavaThread "Thread-123" daemon [_thread_in_native, id=5084, stack(0x0000006280b00000,0x0000006280c00000)]
  0x0000018f82a1db90 JavaThread "Thread-124" daemon [_thread_blocked, id=17212, stack(0x0000006280c00000,0x0000006280d00000)]
  0x0000018f82a19130 JavaThread "Timer-2" daemon [_thread_blocked, id=20628, stack(0x0000006280e00000,0x0000006280f00000)]
  0x0000018f82a1eb80 JavaThread "Cleaner-0" daemon [_thread_blocked, id=11516, stack(0x0000006280f00000,0x0000006281000000)]
  0x0000018f82a1e0e0 JavaThread "JFXMedia Player EventQueueThread" daemon [_thread_blocked, id=5492, stack(0x0000006281000000,0x0000006281100000)]
  0x0000018f82a1c100 JavaThread "JFXMedia Player EventQueueThread" daemon [_thread_blocked, id=8388, stack(0x0000006280a00000,0x0000006280b00000)]
  0x0000018f82a1bbb0 JavaThread "JFXMedia Player EventQueueThread" daemon [_thread_blocked, id=18780, stack(0x0000006280900000,0x0000006280a00000)]
  0x0000018f82a1cba0 JavaThread "Timer-5" daemon [_thread_blocked, id=10908, stack(0x0000006281e00000,0x0000006281f00000)]
  0x0000018f82a19680 JavaThread "Thread-844" daemon [_thread_blocked, id=1944, stack(0x0000006282f00000,0x0000006283000000)]
  0x0000018f82a19bd0 JavaThread "Thread-845" daemon [_thread_blocked, id=13820, stack(0x0000006283200000,0x0000006283300000)]
  0x0000018f82a1a120 JavaThread "Timer-9" [_thread_blocked, id=17064, stack(0x0000006283300000,0x0000006283400000)]
  0x0000018f8438da50 JavaThread "C2 CompilerThread1" daemon [_thread_blocked, id=11672, stack(0x0000006283400000,0x0000006283500000)]
  0x0000018f8438be80 JavaThread "C2 CompilerThread2" daemon [_thread_blocked, id=21060, stack(0x0000006283500000,0x0000006283600000)]

Other Threads:
=>0x0000018ff3c32620 VMThread "VM Thread" [stack: 0x00000062fd400000,0x00000062fd500000] [id=14476]
  0x0000018ff8110430 WatcherThread "VM Periodic Task Thread" [stack: 0x00000062fdf00000,0x00000062fe000000] [id=22112]
  0x0000018fd1d87ce0 WorkerThread "GC Thread#0" [stack: 0x00000062fcf00000,0x00000062fd000000] [id=22328]
  0x0000018ff8f52ac0 WorkerThread "GC Thread#1" [stack: 0x00000062ffa00000,0x00000062ffb00000] [id=20540]
  0x0000018ff8f51440 WorkerThread "GC Thread#2" [stack: 0x00000062ffb00000,0x00000062ffc00000] [id=22004]
  0x0000018ff8f51710 WorkerThread "GC Thread#3" [stack: 0x00000062ffc00000,0x00000062ffd00000] [id=15244]
  0x0000018ff8f519e0 WorkerThread "GC Thread#4" [stack: 0x00000062ffd00000,0x00000062ffe00000] [id=12036]
  0x0000018ff8f51cb0 WorkerThread "GC Thread#5" [stack: 0x00000062ffe00000,0x00000062fff00000] [id=8568]
  0x0000018ff8f51f80 WorkerThread "GC Thread#6" [stack: 0x00000062fff00000,0x0000006300000000] [id=11648]
  0x0000018ff8f52250 WorkerThread "GC Thread#7" [stack: 0x0000006280000000,0x0000006280100000] [id=15304]
  0x0000018ff9087e30 WorkerThread "GC Thread#8" [stack: 0x0000006280100000,0x0000006280200000] [id=21816]
  0x0000018ff90859a0 WorkerThread "GC Thread#9" [stack: 0x0000006280200000,0x0000006280300000] [id=6060]
  0x0000018fd1d98c80 ConcurrentGCThread "G1 Main Marker" [stack: 0x00000062fd000000,0x00000062fd100000] [id=19064]
  0x0000018fd1d99e50 WorkerThread "G1 Conc#0" [stack: 0x00000062fd100000,0x00000062fd200000] [id=24104]
  0x0000018fd1dee6b0 ConcurrentGCThread "G1 Refine#0" [stack: 0x00000062fd200000,0x00000062fd300000] [id=16464]
  0x0000018ff3aea220 ConcurrentGCThread "G1 Service" [stack: 0x00000062fd300000,0x00000062fd400000] [id=4212]

Threads with active compile tasks:

VM state: at safepoint (normal execution)

VM Mutex/Monitor currently owned by a thread:  ([mutex/lock_event])
[0x0000018fd1d23fd0] Threads_lock - owner thread: 0x0000018ff3c32620
[0x0000018fd1d24060] Heap_lock - owner thread: 0x0000018f82a19680

Heap address: 0x0000000081600000, size: 2026 MB, Compressed Oops mode: 32-bit

CDS archive(s) mapped at: [0x0000000800000000-0x0000000800c40000-0x0000000800c40000), size 12845056, SharedBaseAddress: 0x0000000800000000, ArchiveRelocationMode: 0.
Compressed class space mapped at: 0x0000000801000000-0x0000000841000000, reserved size: 1073741824
Narrow klass base: 0x0000000800000000, Narrow klass shift: 0, Narrow klass range: 0x100000000

GC Precious Log:
 CardTable entry size: 512
 Card Set container configuration: InlinePtr #cards 5 size 8 Array Of Cards #cards 12 size 40 Howl #buckets 4 coarsen threshold 1843 Howl Bitmap #cards 512 size 80 coarsen threshold 460 Card regions per heap region 1 cards per card region 2048
 CPUs: 12 total, 12 available
 Memory: 8099M
 Large Page Support: Disabled
 NUMA Support: Disabled
 Compressed Oops: Enabled (32-bit)
 Heap Region Size: 1M
 Heap Min Capacity: 8M
 Heap Initial Capacity: 128M
 Heap Max Capacity: 2026M
 Pre-touch: Disabled
 Parallel Workers: 10
 Concurrent Workers: 3
 Concurrent Refinement Workers: 10
 Periodic GC: Disabled

Heap:
 garbage-first heap   total 262144K, used 24674K [0x0000000081600000, 0x0000000100000000)
  region size 1024K, 4 young (4096K), 4 survivors (4096K)
 Metaspace       used 15243K, committed 15616K, reserved 1114112K
  class space    used 1977K, committed 2176K, reserved 1048576K

Heap Regions: E=young(eden), S=young(survivor), O=old, HS=humongous(starts), HC=humongous(continues), CS=collection set, F=free, OA=open archive, CA=closed archive, TAMS=top-at-mark-start (previous, next)
|   0|0x0000000081600000, 0x0000000081700000, 0x0000000081700000|100%|HS|  |TAMS 0x0000000081600000, 0x0000000081600000| Complete 
|   1|0x0000000081700000, 0x0000000081800000, 0x0000000081800000|100%|HC|  |TAMS 0x0000000081700000, 0x0000000081700000| Complete 
|   2|0x0000000081800000, 0x0000000081900000, 0x0000000081900000|100%|HC|  |TAMS 0x0000000081800000, 0x0000000081800000| Complete 
|   3|0x0000000081900000, 0x0000000081a00000, 0x0000000081a00000|100%|HC|  |TAMS 0x0000000081900000, 0x0000000081900000| Complete 
|   4|0x0000000081a00000, 0x0000000081b00000, 0x0000000081b00000|100%|HC|  |TAMS 0x0000000081a00000, 0x0000000081a00000| Complete 
|   5|0x0000000081b00000, 0x0000000081c00000, 0x0000000081c00000|100%|HC|  |TAMS 0x0000000081b00000, 0x0000000081b00000| Complete 
|   6|0x0000000081c00000, 0x0000000081d00000, 0x0000000081d00000|100%|HC|  |TAMS 0x0000000081c00000, 0x0000000081c00000| Complete 
|   7|0x0000000081d00000, 0x0000000081e00000, 0x0000000081e00000|100%|HC|  |TAMS 0x0000000081d00000, 0x0000000081d00000| Complete 
|   8|0x0000000081e00000, 0x0000000081f00000, 0x0000000081f00000|100%| O|  |TAMS 0x0000000081e00000, 0x0000000081e00000| Untracked 
|   9|0x0000000081f00000, 0x0000000082000000, 0x0000000082000000|100%|HS|  |TAMS 0x0000000081f00000, 0x0000000081f00000| Complete 
|  10|0x0000000082000000, 0x0000000082100000, 0x0000000082100000|100%|HS|  |TAMS 0x0000000082000000, 0x0000000082000000| Complete 
|  11|0x0000000082100000, 0x0000000082200000, 0x0000000082200000|100%|HC|  |TAMS 0x0000000082100000, 0x0000000082100000| Complete 
|  12|0x0000000082200000, 0x0000000082300000, 0x0000000082300000|100%| O|  |TAMS 0x0000000082200000, 0x0000000082200000| Untracked 
|  13|0x0000000082300000, 0x0000000082400000, 0x0000000082400000|100%| O|  |TAMS 0x0000000082300000, 0x0000000082300000| Untracked 
|  14|0x0000000082400000, 0x0000000082500000, 0x0000000082500000|100%| O|  |TAMS 0x0000000082400000, 0x0000000082400000| Untracked 
|  15|0x0000000082500000, 0x0000000082600000, 0x0000000082600000|100%| O|  |TAMS 0x0000000082500000, 0x0000000082500000| Untracked 
|  16|0x0000000082600000, 0x0000000082600000, 0x0000000082700000|  0%| F|  |TAMS 0x0000000082600000, 0x0000000082600000| Untracked 
|  17|0x0000000082700000, 0x0000000082700000, 0x0000000082800000|  0%| F|  |TAMS 0x0000000082700000, 0x0000000082700000| Untracked 
|  18|0x0000000082800000, 0x0000000082800000, 0x0000000082900000|  0%| F|  |TAMS 0x0000000082800000, 0x0000000082800000| Untracked 
|  19|0x0000000082900000, 0x0000000082900000, 0x0000000082a00000|  0%| F|  |TAMS 0x0000000082900000, 0x0000000082900000| Untracked 
|  20|0x0000000082a00000, 0x0000000082a00000, 0x0000000082b00000|  0%| F|  |TAMS 0x0000000082a00000, 0x0000000082a00000| Untracked 
|  21|0x0000000082b00000, 0x0000000082b00000, 0x0000000082c00000|  0%| F|  |TAMS 0x0000000082b00000, 0x0000000082b00000| Untracked 
|  22|0x0000000082c00000, 0x0000000082c00000, 0x0000000082d00000|  0%| F|  |TAMS 0x0000000082c00000, 0x0000000082c00000| Untracked 
|  23|0x0000000082d00000, 0x0000000082d00000, 0x0000000082e00000|  0%| F|  |TAMS 0x0000000082d00000, 0x0000000082d00000| Untracked 
|  24|0x0000000082e00000, 0x0000000082e00000, 0x0000000082f00000|  0%| F|  |TAMS 0x0000000082e00000, 0x0000000082e00000| Untracked 
|  25|0x0000000082f00000, 0x0000000082f00000, 0x0000000083000000|  0%| F|  |TAMS 0x0000000082f00000, 0x0000000082f00000| Untracked 
|  26|0x0000000083000000, 0x0000000083000000, 0x0000000083100000|  0%| F|  |TAMS 0x0000000083000000, 0x0000000083000000| Untracked 
|  27|0x0000000083100000, 0x0000000083100000, 0x0000000083200000|  0%| F|  |TAMS 0x0000000083100000, 0x0000000083100000| Untracked 
|  28|0x0000000083200000, 0x0000000083200000, 0x0000000083300000|  0%| F|  |TAMS 0x0000000083200000, 0x0000000083200000| Untracked 
|  29|0x0000000083300000, 0x0000000083300000, 0x0000000083400000|  0%| F|  |TAMS 0x0000000083300000, 0x0000000083300000| Untracked 
|  30|0x0000000083400000, 0x0000000083400000, 0x0000000083500000|  0%| F|  |TAMS 0x0000000083400000, 0x0000000083400000| Untracked 
|  31|0x0000000083500000, 0x0000000083500000, 0x0000000083600000|  0%| F|  |TAMS 0x0000000083500000, 0x0000000083500000| Untracked 
|  32|0x0000000083600000, 0x0000000083600000, 0x0000000083700000|  0%| F|  |TAMS 0x0000000083600000, 0x0000000083600000| Untracked 
|  33|0x0000000083700000, 0x0000000083800000, 0x0000000083800000|100%|HS|  |TAMS 0x0000000083700000, 0x0000000083700000| Complete 
|  34|0x0000000083800000, 0x0000000083900000, 0x0000000083900000|100%| O|  |TAMS 0x0000000083800000, 0x0000000083800000| Untracked 
|  35|0x0000000083900000, 0x0000000083a00000, 0x0000000083a00000|100%| O|  |TAMS 0x0000000083900000, 0x0000000083900000| Untracked 
|  36|0x0000000083a00000, 0x0000000083b00000, 0x0000000083b00000|100%| O|  |TAMS 0x0000000083a00000, 0x0000000083a00000| Untracked 
|  37|0x0000000083b00000, 0x0000000083b40c00, 0x0000000083c00000| 25%| O|  |TAMS 0x0000000083b00000, 0x0000000083b00000| Untracked 
|  38|0x0000000083c00000, 0x0000000083c00000, 0x0000000083d00000|  0%| F|  |TAMS 0x0000000083c00000, 0x0000000083c00000| Untracked 
|  39|0x0000000083d00000, 0x0000000083d00000, 0x0000000083e00000|  0%| F|  |TAMS 0x0000000083d00000, 0x0000000083d00000| Untracked 
|  40|0x0000000083e00000, 0x0000000083e00000, 0x0000000083f00000|  0%| F|  |TAMS 0x0000000083e00000, 0x0000000083e00000| Untracked 
|  41|0x0000000083f00000, 0x0000000083f00000, 0x0000000084000000|  0%| F|  |TAMS 0x0000000083f00000, 0x0000000083f00000| Untracked 
|  42|0x0000000084000000, 0x0000000084000000, 0x0000000084100000|  0%| F|  |TAMS 0x0000000084000000, 0x0000000084000000| Untracked 
|  43|0x0000000084100000, 0x0000000084100000, 0x0000000084200000|  0%| F|  |TAMS 0x0000000084100000, 0x0000000084100000| Untracked 
|  44|0x0000000084200000, 0x0000000084200000, 0x0000000084300000|  0%| F|  |TAMS 0x0000000084200000, 0x0000000084200000| Untracked 
|  45|0x0000000084300000, 0x0000000084300000, 0x0000000084400000|  0%| F|  |TAMS 0x0000000084300000, 0x0000000084300000| Untracked 
|  46|0x0000000084400000, 0x0000000084400000, 0x0000000084500000|  0%| F|  |TAMS 0x0000000084400000, 0x0000000084400000| Untracked 
|  47|0x0000000084500000, 0x0000000084500000, 0x0000000084600000|  0%| F|  |TAMS 0x0000000084500000, 0x0000000084500000| Untracked 
|  48|0x0000000084600000, 0x0000000084600000, 0x0000000084700000|  0%| F|  |TAMS 0x0000000084600000, 0x0000000084600000| Untracked 
|  49|0x0000000084700000, 0x0000000084700000, 0x0000000084800000|  0%| F|  |TAMS 0x0000000084700000, 0x0000000084700000| Untracked 
|  50|0x0000000084800000, 0x0000000084800000, 0x0000000084900000|  0%| F|  |TAMS 0x0000000084800000, 0x0000000084800000| Untracked 
|  51|0x0000000084900000, 0x0000000084900000, 0x0000000084a00000|  0%| F|  |TAMS 0x0000000084900000, 0x0000000084900000| Untracked 
|  52|0x0000000084a00000, 0x0000000084a00000, 0x0000000084b00000|  0%| F|  |TAMS 0x0000000084a00000, 0x0000000084a00000| Untracked 
|  53|0x0000000084b00000, 0x0000000084b00000, 0x0000000084c00000|  0%| F|  |TAMS 0x0000000084b00000, 0x0000000084b00000| Untracked 
|  54|0x0000000084c00000, 0x0000000084c00000, 0x0000000084d00000|  0%| F|  |TAMS 0x0000000084c00000, 0x0000000084c00000| Untracked 
|  55|0x0000000084d00000, 0x0000000084d00000, 0x0000000084e00000|  0%| F|  |TAMS 0x0000000084d00000, 0x0000000084d00000| Untracked 
|  56|0x0000000084e00000, 0x0000000084e00000, 0x0000000084f00000|  0%| F|  |TAMS 0x0000000084e00000, 0x0000000084e00000| Untracked 
|  57|0x0000000084f00000, 0x0000000084f00000, 0x0000000085000000|  0%| F|  |TAMS 0x0000000084f00000, 0x0000000084f00000| Untracked 
|  58|0x0000000085000000, 0x0000000085000000, 0x0000000085100000|  0%| F|  |TAMS 0x0000000085000000, 0x0000000085000000| Untracked 
|  59|0x0000000085100000, 0x0000000085100000, 0x0000000085200000|  0%| F|  |TAMS 0x0000000085100000, 0x0000000085100000| Untracked 
|  60|0x0000000085200000, 0x0000000085200000, 0x0000000085300000|  0%| F|  |TAMS 0x0000000085200000, 0x0000000085200000| Untracked 
|  61|0x0000000085300000, 0x0000000085300000, 0x0000000085400000|  0%| F|  |TAMS 0x0000000085300000, 0x0000000085300000| Untracked 
|  62|0x0000000085400000, 0x0000000085400000, 0x0000000085500000|  0%| F|  |TAMS 0x0000000085400000, 0x0000000085400000| Untracked 
|  63|0x0000000085500000, 0x0000000085500000, 0x0000000085600000|  0%| F|  |TAMS 0x0000000085500000, 0x0000000085500000| Untracked 
|  64|0x0000000085600000, 0x0000000085600000, 0x0000000085700000|  0%| F|  |TAMS 0x0000000085600000, 0x0000000085600000| Untracked 
|  65|0x0000000085700000, 0x0000000085700000, 0x0000000085800000|  0%| F|  |TAMS 0x0000000085700000, 0x0000000085700000| Untracked 
|  66|0x0000000085800000, 0x0000000085800000, 0x0000000085900000|  0%| F|  |TAMS 0x0000000085800000, 0x0000000085800000| Untracked 
|  67|0x0000000085900000, 0x0000000085900000, 0x0000000085a00000|  0%| F|  |TAMS 0x0000000085900000, 0x0000000085900000| Untracked 
|  68|0x0000000085a00000, 0x0000000085a00000, 0x0000000085b00000|  0%| F|  |TAMS 0x0000000085a00000, 0x0000000085a00000| Untracked 
|  69|0x0000000085b00000, 0x0000000085b00000, 0x0000000085c00000|  0%| F|  |TAMS 0x0000000085b00000, 0x0000000085b00000| Untracked 
|  70|0x0000000085c00000, 0x0000000085c00000, 0x0000000085d00000|  0%| F|  |TAMS 0x0000000085c00000, 0x0000000085c00000| Untracked 
|  71|0x0000000085d00000, 0x0000000085d00000, 0x0000000085e00000|  0%| F|  |TAMS 0x0000000085d00000, 0x0000000085d00000| Untracked 
|  72|0x0000000085e00000, 0x0000000085e00000, 0x0000000085f00000|  0%| F|  |TAMS 0x0000000085e00000, 0x0000000085e00000| Untracked 
|  73|0x0000000085f00000, 0x0000000085f00000, 0x0000000086000000|  0%| F|  |TAMS 0x0000000085f00000, 0x0000000085f00000| Untracked 
|  74|0x0000000086000000, 0x0000000086000000, 0x0000000086100000|  0%| F|  |TAMS 0x0000000086000000, 0x0000000086000000| Untracked 
|  75|0x0000000086100000, 0x0000000086100000, 0x0000000086200000|  0%| F|  |TAMS 0x0000000086100000, 0x0000000086100000| Untracked 
|  76|0x0000000086200000, 0x0000000086200000, 0x0000000086300000|  0%| F|  |TAMS 0x0000000086200000, 0x0000000086200000| Untracked 
|  77|0x0000000086300000, 0x0000000086300000, 0x0000000086400000|  0%| F|  |TAMS 0x0000000086300000, 0x0000000086300000| Untracked 
|  78|0x0000000086400000, 0x0000000086400000, 0x0000000086500000|  0%| F|  |TAMS 0x0000000086400000, 0x0000000086400000| Untracked 
|  79|0x0000000086500000, 0x0000000086500000, 0x0000000086600000|  0%| F|  |TAMS 0x0000000086500000, 0x0000000086500000| Untracked 
|  80|0x0000000086600000, 0x0000000086600000, 0x0000000086700000|  0%| F|  |TAMS 0x0000000086600000, 0x0000000086600000| Untracked 
|  81|0x0000000086700000, 0x0000000086700000, 0x0000000086800000|  0%| F|  |TAMS 0x0000000086700000, 0x0000000086700000| Untracked 
|  82|0x0000000086800000, 0x0000000086800000, 0x0000000086900000|  0%| F|  |TAMS 0x0000000086800000, 0x0000000086800000| Untracked 
|  83|0x0000000086900000, 0x0000000086900000, 0x0000000086a00000|  0%| F|  |TAMS 0x0000000086900000, 0x0000000086900000| Untracked 
|  84|0x0000000086a00000, 0x0000000086a00000, 0x0000000086b00000|  0%| F|  |TAMS 0x0000000086a00000, 0x0000000086a00000| Untracked 
|  85|0x0000000086b00000, 0x0000000086b00000, 0x0000000086c00000|  0%| F|  |TAMS 0x0000000086b00000, 0x0000000086b00000| Untracked 
|  86|0x0000000086c00000, 0x0000000086c00000, 0x0000000086d00000|  0%| F|  |TAMS 0x0000000086c00000, 0x0000000086c00000| Untracked 
|  87|0x0000000086d00000, 0x0000000086d00000, 0x0000000086e00000|  0%| F|  |TAMS 0x0000000086d00000, 0x0000000086d00000| Untracked 
|  88|0x0000000086e00000, 0x0000000086e00000, 0x0000000086f00000|  0%| F|  |TAMS 0x0000000086e00000, 0x0000000086e00000| Untracked 
|  89|0x0000000086f00000, 0x0000000086f00000, 0x0000000087000000|  0%| F|  |TAMS 0x0000000086f00000, 0x0000000086f00000| Untracked 
|  90|0x0000000087000000, 0x0000000087000000, 0x0000000087100000|  0%| F|  |TAMS 0x0000000087000000, 0x0000000087000000| Untracked 
|  91|0x0000000087100000, 0x0000000087100000, 0x0000000087200000|  0%| F|  |TAMS 0x0000000087100000, 0x0000000087100000| Untracked 
|  92|0x0000000087200000, 0x0000000087200000, 0x0000000087300000|  0%| F|  |TAMS 0x0000000087200000, 0x0000000087200000| Untracked 
|  93|0x0000000087300000, 0x0000000087300000, 0x0000000087400000|  0%| F|  |TAMS 0x0000000087300000, 0x0000000087300000| Untracked 
|  94|0x0000000087400000, 0x0000000087400000, 0x0000000087500000|  0%| F|  |TAMS 0x0000000087400000, 0x0000000087400000| Untracked 
|  95|0x0000000087500000, 0x0000000087500000, 0x0000000087600000|  0%| F|  |TAMS 0x0000000087500000, 0x0000000087500000| Untracked 
|  96|0x0000000087600000, 0x0000000087600000, 0x0000000087700000|  0%| F|  |TAMS 0x0000000087600000, 0x0000000087600000| Untracked 
|  97|0x0000000087700000, 0x0000000087700000, 0x0000000087800000|  0%| F|  |TAMS 0x0000000087700000, 0x0000000087700000| Untracked 
|  98|0x0000000087800000, 0x0000000087800000, 0x0000000087900000|  0%| F|  |TAMS 0x0000000087800000, 0x0000000087800000| Untracked 
|  99|0x0000000087900000, 0x00000000879d7ef0, 0x0000000087a00000| 84%| S|CS|TAMS 0x0000000087900000, 0x0000000087900000| Complete 
| 100|0x0000000087a00000, 0x0000000087b00000, 0x0000000087b00000|100%| S|CS|TAMS 0x0000000087a00000, 0x0000000087a00000| Complete 
| 101|0x0000000087b00000, 0x0000000087c00000, 0x0000000087c00000|100%| S|CS|TAMS 0x0000000087b00000, 0x0000000087b00000| Complete 
| 102|0x0000000087c00000, 0x0000000087d00000, 0x0000000087d00000|100%| S|CS|TAMS 0x0000000087c00000, 0x0000000087c00000| Complete 
| 103|0x0000000087d00000, 0x0000000087d00000, 0x0000000087e00000|  0%| F|  |TAMS 0x0000000087d00000, 0x0000000087d00000| Untracked 
| 104|0x0000000087e00000, 0x0000000087e00000, 0x0000000087f00000|  0%| F|  |TAMS 0x0000000087e00000, 0x0000000087e00000| Untracked 
| 105|0x0000000087f00000, 0x0000000087f00000, 0x0000000088000000|  0%| F|  |TAMS 0x0000000087f00000, 0x0000000087f00000| Untracked 
| 106|0x0000000088000000, 0x0000000088000000, 0x0000000088100000|  0%| F|  |TAMS 0x0000000088000000, 0x0000000088000000| Untracked 
| 107|0x0000000088100000, 0x0000000088100000, 0x0000000088200000|  0%| F|  |TAMS 0x0000000088100000, 0x0000000088100000| Untracked 
| 108|0x0000000088200000, 0x0000000088200000, 0x0000000088300000|  0%| F|  |TAMS 0x0000000088200000, 0x0000000088200000| Untracked 
| 109|0x0000000088300000, 0x0000000088300000, 0x0000000088400000|  0%| F|  |TAMS 0x0000000088300000, 0x0000000088300000| Untracked 
| 110|0x0000000088400000, 0x0000000088400000, 0x0000000088500000|  0%| F|  |TAMS 0x0000000088400000, 0x0000000088400000| Untracked 
| 111|0x0000000088500000, 0x0000000088500000, 0x0000000088600000|  0%| F|  |TAMS 0x0000000088500000, 0x0000000088500000| Untracked 
| 112|0x0000000088600000, 0x0000000088600000, 0x0000000088700000|  0%| F|  |TAMS 0x0000000088600000, 0x0000000088600000| Untracked 
| 113|0x0000000088700000, 0x0000000088700000, 0x0000000088800000|  0%| F|  |TAMS 0x0000000088700000, 0x0000000088700000| Untracked 
| 114|0x0000000088800000, 0x0000000088800000, 0x0000000088900000|  0%| F|  |TAMS 0x0000000088800000, 0x0000000088800000| Untracked 
| 115|0x0000000088900000, 0x0000000088900000, 0x0000000088a00000|  0%| F|  |TAMS 0x0000000088900000, 0x0000000088900000| Untracked 
| 116|0x0000000088a00000, 0x0000000088a00000, 0x0000000088b00000|  0%| F|  |TAMS 0x0000000088a00000, 0x0000000088a00000| Untracked 
| 117|0x0000000088b00000, 0x0000000088b00000, 0x0000000088c00000|  0%| F|  |TAMS 0x0000000088b00000, 0x0000000088b00000| Untracked 
| 118|0x0000000088c00000, 0x0000000088c00000, 0x0000000088d00000|  0%| F|  |TAMS 0x0000000088c00000, 0x0000000088c00000| Untracked 
| 119|0x0000000088d00000, 0x0000000088d00000, 0x0000000088e00000|  0%| F|  |TAMS 0x0000000088d00000, 0x0000000088d00000| Untracked 
| 120|0x0000000088e00000, 0x0000000088e00000, 0x0000000088f00000|  0%| F|  |TAMS 0x0000000088e00000, 0x0000000088e00000| Untracked 
| 121|0x0000000088f00000, 0x0000000088f00000, 0x0000000089000000|  0%| F|  |TAMS 0x0000000088f00000, 0x0000000088f00000| Untracked 
| 122|0x0000000089000000, 0x0000000089000000, 0x0000000089100000|  0%| F|  |TAMS 0x0000000089000000, 0x0000000089000000| Untracked 
| 123|0x0000000089100000, 0x0000000089100000, 0x0000000089200000|  0%| F|  |TAMS 0x0000000089100000, 0x0000000089100000| Untracked 
| 124|0x0000000089200000, 0x0000000089200000, 0x0000000089300000|  0%| F|  |TAMS 0x0000000089200000, 0x0000000089200000| Untracked 
| 125|0x0000000089300000, 0x0000000089300000, 0x0000000089400000|  0%| F|  |TAMS 0x0000000089300000, 0x0000000089300000| Untracked 
| 126|0x0000000089400000, 0x0000000089400000, 0x0000000089500000|  0%| F|  |TAMS 0x0000000089400000, 0x0000000089400000| Untracked 
| 127|0x0000000089500000, 0x0000000089500000, 0x0000000089600000|  0%| F|  |TAMS 0x0000000089500000, 0x0000000089500000| Untracked 
| 128|0x0000000089600000, 0x0000000089600000, 0x0000000089700000|  0%| F|  |TAMS 0x0000000089600000, 0x0000000089600000| Untracked 
| 129|0x0000000089700000, 0x0000000089700000, 0x0000000089800000|  0%| F|  |TAMS 0x0000000089700000, 0x0000000089700000| Untracked 
| 130|0x0000000089800000, 0x0000000089800000, 0x0000000089900000|  0%| F|  |TAMS 0x0000000089800000, 0x0000000089800000| Untracked 
| 131|0x0000000089900000, 0x0000000089900000, 0x0000000089a00000|  0%| F|  |TAMS 0x0000000089900000, 0x0000000089900000| Untracked 
| 132|0x0000000089a00000, 0x0000000089a00000, 0x0000000089b00000|  0%| F|  |TAMS 0x0000000089a00000, 0x0000000089a00000| Untracked 
| 133|0x0000000089b00000, 0x0000000089b00000, 0x0000000089c00000|  0%| F|  |TAMS 0x0000000089b00000, 0x0000000089b00000| Untracked 
| 134|0x0000000089c00000, 0x0000000089c00000, 0x0000000089d00000|  0%| F|  |TAMS 0x0000000089c00000, 0x0000000089c00000| Untracked 
| 135|0x0000000089d00000, 0x0000000089d00000, 0x0000000089e00000|  0%| F|  |TAMS 0x0000000089d00000, 0x0000000089d00000| Untracked 
| 136|0x0000000089e00000, 0x0000000089e00000, 0x0000000089f00000|  0%| F|  |TAMS 0x0000000089e00000, 0x0000000089e00000| Untracked 
| 137|0x0000000089f00000, 0x0000000089f00000, 0x000000008a000000|  0%| F|  |TAMS 0x0000000089f00000, 0x0000000089f00000| Untracked 
| 138|0x000000008a000000, 0x000000008a000000, 0x000000008a100000|  0%| F|  |TAMS 0x000000008a000000, 0x000000008a000000| Untracked 
| 139|0x000000008a100000, 0x000000008a100000, 0x000000008a200000|  0%| F|  |TAMS 0x000000008a100000, 0x000000008a100000| Untracked 
| 140|0x000000008a200000, 0x000000008a200000, 0x000000008a300000|  0%| F|  |TAMS 0x000000008a200000, 0x000000008a200000| Untracked 
| 141|0x000000008a300000, 0x000000008a300000, 0x000000008a400000|  0%| F|  |TAMS 0x000000008a300000, 0x000000008a300000| Untracked 
| 142|0x000000008a400000, 0x000000008a400000, 0x000000008a500000|  0%| F|  |TAMS 0x000000008a400000, 0x000000008a400000| Untracked 
| 143|0x000000008a500000, 0x000000008a500000, 0x000000008a600000|  0%| F|  |TAMS 0x000000008a500000, 0x000000008a500000| Untracked 
| 144|0x000000008a600000, 0x000000008a600000, 0x000000008a700000|  0%| F|  |TAMS 0x000000008a600000, 0x000000008a600000| Untracked 
| 145|0x000000008a700000, 0x000000008a700000, 0x000000008a800000|  0%| F|  |TAMS 0x000000008a700000, 0x000000008a700000| Untracked 
| 146|0x000000008a800000, 0x000000008a800000, 0x000000008a900000|  0%| F|  |TAMS 0x000000008a800000, 0x000000008a800000| Untracked 
| 147|0x000000008a900000, 0x000000008a900000, 0x000000008aa00000|  0%| F|  |TAMS 0x000000008a900000, 0x000000008a900000| Untracked 
| 148|0x000000008aa00000, 0x000000008aa00000, 0x000000008ab00000|  0%| F|  |TAMS 0x000000008aa00000, 0x000000008aa00000| Untracked 
| 149|0x000000008ab00000, 0x000000008ab00000, 0x000000008ac00000|  0%| F|  |TAMS 0x000000008ab00000, 0x000000008ab00000| Untracked 
| 150|0x000000008ac00000, 0x000000008ac00000, 0x000000008ad00000|  0%| F|  |TAMS 0x000000008ac00000, 0x000000008ac00000| Untracked 
| 151|0x000000008ad00000, 0x000000008ad00000, 0x000000008ae00000|  0%| F|  |TAMS 0x000000008ad00000, 0x000000008ad00000| Untracked 
| 152|0x000000008ae00000, 0x000000008ae00000, 0x000000008af00000|  0%| F|  |TAMS 0x000000008ae00000, 0x000000008ae00000| Untracked 
| 153|0x000000008af00000, 0x000000008af00000, 0x000000008b000000|  0%| F|  |TAMS 0x000000008af00000, 0x000000008af00000| Untracked 
| 154|0x000000008b000000, 0x000000008b000000, 0x000000008b100000|  0%| F|  |TAMS 0x000000008b000000, 0x000000008b000000| Untracked 
| 155|0x000000008b100000, 0x000000008b100000, 0x000000008b200000|  0%| F|  |TAMS 0x000000008b100000, 0x000000008b100000| Untracked 
| 156|0x000000008b200000, 0x000000008b200000, 0x000000008b300000|  0%| F|  |TAMS 0x000000008b200000, 0x000000008b200000| Untracked 
| 157|0x000000008b300000, 0x000000008b300000, 0x000000008b400000|  0%| F|  |TAMS 0x000000008b300000, 0x000000008b300000| Untracked 
| 158|0x000000008b400000, 0x000000008b400000, 0x000000008b500000|  0%| F|  |TAMS 0x000000008b400000, 0x000000008b400000| Untracked 
| 159|0x000000008b500000, 0x000000008b500000, 0x000000008b600000|  0%| F|  |TAMS 0x000000008b500000, 0x000000008b500000| Untracked 
| 160|0x000000008b600000, 0x000000008b600000, 0x000000008b700000|  0%| F|  |TAMS 0x000000008b600000, 0x000000008b600000| Untracked 
| 161|0x000000008b700000, 0x000000008b700000, 0x000000008b800000|  0%| F|  |TAMS 0x000000008b700000, 0x000000008b700000| Untracked 
| 162|0x000000008b800000, 0x000000008b800000, 0x000000008b900000|  0%| F|  |TAMS 0x000000008b800000, 0x000000008b800000| Untracked 
| 163|0x000000008b900000, 0x000000008b900000, 0x000000008ba00000|  0%| F|  |TAMS 0x000000008b900000, 0x000000008b900000| Untracked 
| 164|0x000000008ba00000, 0x000000008ba00000, 0x000000008bb00000|  0%| F|  |TAMS 0x000000008ba00000, 0x000000008ba00000| Untracked 
| 165|0x000000008bb00000, 0x000000008bb00000, 0x000000008bc00000|  0%| F|  |TAMS 0x000000008bb00000, 0x000000008bb00000| Untracked 
| 166|0x000000008bc00000, 0x000000008bc00000, 0x000000008bd00000|  0%| F|  |TAMS 0x000000008bc00000, 0x000000008bc00000| Untracked 
| 167|0x000000008bd00000, 0x000000008bd00000, 0x000000008be00000|  0%| F|  |TAMS 0x000000008bd00000, 0x000000008bd00000| Untracked 
| 168|0x000000008be00000, 0x000000008be00000, 0x000000008bf00000|  0%| F|  |TAMS 0x000000008be00000, 0x000000008be00000| Untracked 
| 169|0x000000008bf00000, 0x000000008bf00000, 0x000000008c000000|  0%| F|  |TAMS 0x000000008bf00000, 0x000000008bf00000| Untracked 
| 170|0x000000008c000000, 0x000000008c000000, 0x000000008c100000|  0%| F|  |TAMS 0x000000008c000000, 0x000000008c000000| Untracked 
| 171|0x000000008c100000, 0x000000008c100000, 0x000000008c200000|  0%| F|  |TAMS 0x000000008c100000, 0x000000008c100000| Untracked 
| 172|0x000000008c200000, 0x000000008c200000, 0x000000008c300000|  0%| F|  |TAMS 0x000000008c200000, 0x000000008c200000| Untracked 
| 173|0x000000008c300000, 0x000000008c300000, 0x000000008c400000|  0%| F|  |TAMS 0x000000008c300000, 0x000000008c300000| Untracked 
| 174|0x000000008c400000, 0x000000008c400000, 0x000000008c500000|  0%| F|  |TAMS 0x000000008c400000, 0x000000008c400000| Untracked 
| 175|0x000000008c500000, 0x000000008c500000, 0x000000008c600000|  0%| F|  |TAMS 0x000000008c500000, 0x000000008c500000| Untracked 
| 176|0x000000008c600000, 0x000000008c600000, 0x000000008c700000|  0%| F|  |TAMS 0x000000008c600000, 0x000000008c600000| Untracked 
| 177|0x000000008c700000, 0x000000008c700000, 0x000000008c800000|  0%| F|  |TAMS 0x000000008c700000, 0x000000008c700000| Untracked 
| 178|0x000000008c800000, 0x000000008c800000, 0x000000008c900000|  0%| F|  |TAMS 0x000000008c800000, 0x000000008c800000| Untracked 
| 179|0x000000008c900000, 0x000000008c900000, 0x000000008ca00000|  0%| F|  |TAMS 0x000000008c900000, 0x000000008c900000| Untracked 
| 180|0x000000008ca00000, 0x000000008ca00000, 0x000000008cb00000|  0%| F|  |TAMS 0x000000008ca00000, 0x000000008ca00000| Untracked 
| 181|0x000000008cb00000, 0x000000008cb00000, 0x000000008cc00000|  0%| F|  |TAMS 0x000000008cb00000, 0x000000008cb00000| Untracked 
| 182|0x000000008cc00000, 0x000000008cc00000, 0x000000008cd00000|  0%| F|  |TAMS 0x000000008cc00000, 0x000000008cc00000| Untracked 
| 183|0x000000008cd00000, 0x000000008cd00000, 0x000000008ce00000|  0%| F|  |TAMS 0x000000008cd00000, 0x000000008cd00000| Untracked 
| 184|0x000000008ce00000, 0x000000008ce00000, 0x000000008cf00000|  0%| F|  |TAMS 0x000000008ce00000, 0x000000008ce00000| Untracked 
| 185|0x000000008cf00000, 0x000000008cf00000, 0x000000008d000000|  0%| F|  |TAMS 0x000000008cf00000, 0x000000008cf00000| Untracked 
| 186|0x000000008d000000, 0x000000008d000000, 0x000000008d100000|  0%| F|  |TAMS 0x000000008d000000, 0x000000008d000000| Untracked 
| 187|0x000000008d100000, 0x000000008d100000, 0x000000008d200000|  0%| F|  |TAMS 0x000000008d100000, 0x000000008d100000| Untracked 
| 188|0x000000008d200000, 0x000000008d200000, 0x000000008d300000|  0%| F|  |TAMS 0x000000008d200000, 0x000000008d200000| Untracked 
| 189|0x000000008d300000, 0x000000008d300000, 0x000000008d400000|  0%| F|  |TAMS 0x000000008d300000, 0x000000008d300000| Untracked 
| 190|0x000000008d400000, 0x000000008d400000, 0x000000008d500000|  0%| F|  |TAMS 0x000000008d400000, 0x000000008d400000| Untracked 
| 191|0x000000008d500000, 0x000000008d500000, 0x000000008d600000|  0%| F|  |TAMS 0x000000008d500000, 0x000000008d500000| Untracked 
| 192|0x000000008d600000, 0x000000008d600000, 0x000000008d700000|  0%| F|  |TAMS 0x000000008d600000, 0x000000008d600000| Untracked 
| 193|0x000000008d700000, 0x000000008d700000, 0x000000008d800000|  0%| F|  |TAMS 0x000000008d700000, 0x000000008d700000| Untracked 
| 194|0x000000008d800000, 0x000000008d800000, 0x000000008d900000|  0%| F|  |TAMS 0x000000008d800000, 0x000000008d800000| Untracked 
| 195|0x000000008d900000, 0x000000008d900000, 0x000000008da00000|  0%| F|  |TAMS 0x000000008d900000, 0x000000008d900000| Untracked 
| 196|0x000000008da00000, 0x000000008da00000, 0x000000008db00000|  0%| F|  |TAMS 0x000000008da00000, 0x000000008da00000| Untracked 
| 197|0x000000008db00000, 0x000000008db00000, 0x000000008dc00000|  0%| F|  |TAMS 0x000000008db00000, 0x000000008db00000| Untracked 
| 198|0x000000008dc00000, 0x000000008dc00000, 0x000000008dd00000|  0%| F|  |TAMS 0x000000008dc00000, 0x000000008dc00000| Untracked 
| 199|0x000000008dd00000, 0x000000008dd00000, 0x000000008de00000|  0%| F|  |TAMS 0x000000008dd00000, 0x000000008dd00000| Untracked 
| 200|0x000000008de00000, 0x000000008de00000, 0x000000008df00000|  0%| F|  |TAMS 0x000000008de00000, 0x000000008de00000| Untracked 
| 201|0x000000008df00000, 0x000000008df00000, 0x000000008e000000|  0%| F|  |TAMS 0x000000008df00000, 0x000000008df00000| Untracked 
| 202|0x000000008e000000, 0x000000008e000000, 0x000000008e100000|  0%| F|  |TAMS 0x000000008e000000, 0x000000008e000000| Untracked 
| 203|0x000000008e100000, 0x000000008e100000, 0x000000008e200000|  0%| F|  |TAMS 0x000000008e100000, 0x000000008e100000| Untracked 
| 204|0x000000008e200000, 0x000000008e200000, 0x000000008e300000|  0%| F|  |TAMS 0x000000008e200000, 0x000000008e200000| Untracked 
| 205|0x000000008e300000, 0x000000008e300000, 0x000000008e400000|  0%| F|  |TAMS 0x000000008e300000, 0x000000008e300000| Untracked 
| 206|0x000000008e400000, 0x000000008e400000, 0x000000008e500000|  0%| F|  |TAMS 0x000000008e400000, 0x000000008e400000| Untracked 
| 207|0x000000008e500000, 0x000000008e500000, 0x000000008e600000|  0%| F|  |TAMS 0x000000008e500000, 0x000000008e500000| Untracked 
| 208|0x000000008e600000, 0x000000008e600000, 0x000000008e700000|  0%| F|  |TAMS 0x000000008e600000, 0x000000008e600000| Untracked 
| 209|0x000000008e700000, 0x000000008e700000, 0x000000008e800000|  0%| F|  |TAMS 0x000000008e700000, 0x000000008e700000| Untracked 
| 210|0x000000008e800000, 0x000000008e800000, 0x000000008e900000|  0%| F|  |TAMS 0x000000008e800000, 0x000000008e800000| Untracked 
| 211|0x000000008e900000, 0x000000008e900000, 0x000000008ea00000|  0%| F|  |TAMS 0x000000008e900000, 0x000000008e900000| Untracked 
| 212|0x000000008ea00000, 0x000000008ea00000, 0x000000008eb00000|  0%| F|  |TAMS 0x000000008ea00000, 0x000000008ea00000| Untracked 
| 213|0x000000008eb00000, 0x000000008eb00000, 0x000000008ec00000|  0%| F|  |TAMS 0x000000008eb00000, 0x000000008eb00000| Untracked 
| 214|0x000000008ec00000, 0x000000008ec00000, 0x000000008ed00000|  0%| F|  |TAMS 0x000000008ec00000, 0x000000008ec00000| Untracked 
| 215|0x000000008ed00000, 0x000000008ed00000, 0x000000008ee00000|  0%| F|  |TAMS 0x000000008ed00000, 0x000000008ed00000| Untracked 
| 216|0x000000008ee00000, 0x000000008ee00000, 0x000000008ef00000|  0%| F|  |TAMS 0x000000008ee00000, 0x000000008ee00000| Untracked 
| 217|0x000000008ef00000, 0x000000008ef00000, 0x000000008f000000|  0%| F|  |TAMS 0x000000008ef00000, 0x000000008ef00000| Untracked 
| 218|0x000000008f000000, 0x000000008f000000, 0x000000008f100000|  0%| F|  |TAMS 0x000000008f000000, 0x000000008f000000| Untracked 
| 219|0x000000008f100000, 0x000000008f100000, 0x000000008f200000|  0%| F|  |TAMS 0x000000008f100000, 0x000000008f100000| Untracked 
| 220|0x000000008f200000, 0x000000008f200000, 0x000000008f300000|  0%| F|  |TAMS 0x000000008f200000, 0x000000008f200000| Untracked 
| 221|0x000000008f300000, 0x000000008f300000, 0x000000008f400000|  0%| F|  |TAMS 0x000000008f300000, 0x000000008f300000| Untracked 
| 222|0x000000008f400000, 0x000000008f400000, 0x000000008f500000|  0%| F|  |TAMS 0x000000008f400000, 0x000000008f400000| Untracked 
| 223|0x000000008f500000, 0x000000008f500000, 0x000000008f600000|  0%| F|  |TAMS 0x000000008f500000, 0x000000008f500000| Untracked 
| 224|0x000000008f600000, 0x000000008f600000, 0x000000008f700000|  0%| F|  |TAMS 0x000000008f600000, 0x000000008f600000| Untracked 
| 225|0x000000008f700000, 0x000000008f700000, 0x000000008f800000|  0%| F|  |TAMS 0x000000008f700000, 0x000000008f700000| Untracked 
| 226|0x000000008f800000, 0x000000008f800000, 0x000000008f900000|  0%| F|  |TAMS 0x000000008f800000, 0x000000008f800000| Untracked 
| 227|0x000000008f900000, 0x000000008f900000, 0x000000008fa00000|  0%| F|  |TAMS 0x000000008f900000, 0x000000008f900000| Untracked 
| 228|0x000000008fa00000, 0x000000008fa00000, 0x000000008fb00000|  0%| F|  |TAMS 0x000000008fa00000, 0x000000008fa00000| Untracked 
| 229|0x000000008fb00000, 0x000000008fb00000, 0x000000008fc00000|  0%| F|  |TAMS 0x000000008fb00000, 0x000000008fb00000| Untracked 
| 230|0x000000008fc00000, 0x000000008fc00000, 0x000000008fd00000|  0%| F|  |TAMS 0x000000008fc00000, 0x000000008fc00000| Untracked 
| 231|0x000000008fd00000, 0x000000008fd00000, 0x000000008fe00000|  0%| F|  |TAMS 0x000000008fd00000, 0x000000008fd00000| Untracked 
| 232|0x000000008fe00000, 0x000000008fe00000, 0x000000008ff00000|  0%| F|  |TAMS 0x000000008fe00000, 0x000000008fe00000| Untracked 
| 233|0x000000008ff00000, 0x000000008ff00000, 0x0000000090000000|  0%| F|  |TAMS 0x000000008ff00000, 0x000000008ff00000| Untracked 
| 234|0x0000000090000000, 0x0000000090000000, 0x0000000090100000|  0%| F|  |TAMS 0x0000000090000000, 0x0000000090000000| Untracked 
| 235|0x0000000090100000, 0x0000000090100000, 0x0000000090200000|  0%| F|  |TAMS 0x0000000090100000, 0x0000000090100000| Untracked 
| 236|0x0000000090200000, 0x0000000090200000, 0x0000000090300000|  0%| F|  |TAMS 0x0000000090200000, 0x0000000090200000| Untracked 
| 237|0x0000000090300000, 0x0000000090300000, 0x0000000090400000|  0%| F|  |TAMS 0x0000000090300000, 0x0000000090300000| Untracked 
| 238|0x0000000090400000, 0x0000000090400000, 0x0000000090500000|  0%| F|  |TAMS 0x0000000090400000, 0x0000000090400000| Untracked 
| 239|0x0000000090500000, 0x0000000090500000, 0x0000000090600000|  0%| F|  |TAMS 0x0000000090500000, 0x0000000090500000| Untracked 
| 240|0x0000000090600000, 0x0000000090600000, 0x0000000090700000|  0%| F|  |TAMS 0x0000000090600000, 0x0000000090600000| Untracked 
| 241|0x0000000090700000, 0x0000000090700000, 0x0000000090800000|  0%| F|  |TAMS 0x0000000090700000, 0x0000000090700000| Untracked 
| 242|0x0000000090800000, 0x0000000090800000, 0x0000000090900000|  0%| F|  |TAMS 0x0000000090800000, 0x0000000090800000| Untracked 
| 243|0x0000000090900000, 0x0000000090900000, 0x0000000090a00000|  0%| F|  |TAMS 0x0000000090900000, 0x0000000090900000| Untracked 
| 244|0x0000000090a00000, 0x0000000090a00000, 0x0000000090b00000|  0%| F|  |TAMS 0x0000000090a00000, 0x0000000090a00000| Untracked 
| 245|0x0000000090b00000, 0x0000000090b00000, 0x0000000090c00000|  0%| F|  |TAMS 0x0000000090b00000, 0x0000000090b00000| Untracked 
| 246|0x0000000090c00000, 0x0000000090c00000, 0x0000000090d00000|  0%| F|  |TAMS 0x0000000090c00000, 0x0000000090c00000| Untracked 
| 247|0x0000000090d00000, 0x0000000090d00000, 0x0000000090e00000|  0%| F|  |TAMS 0x0000000090d00000, 0x0000000090d00000| Untracked 
| 248|0x0000000090e00000, 0x0000000090e00000, 0x0000000090f00000|  0%| F|  |TAMS 0x0000000090e00000, 0x0000000090e00000| Untracked 
| 249|0x0000000090f00000, 0x0000000090f00000, 0x0000000091000000|  0%| F|  |TAMS 0x0000000090f00000, 0x0000000090f00000| Untracked 
| 250|0x0000000091000000, 0x0000000091000000, 0x0000000091100000|  0%| F|  |TAMS 0x0000000091000000, 0x0000000091000000| Untracked 
| 251|0x0000000091100000, 0x0000000091100000, 0x0000000091200000|  0%| F|  |TAMS 0x0000000091100000, 0x0000000091100000| Untracked 
| 252|0x0000000091200000, 0x0000000091200000, 0x0000000091300000|  0%| F|  |TAMS 0x0000000091200000, 0x0000000091200000| Untracked 
| 253|0x0000000091300000, 0x0000000091300000, 0x0000000091400000|  0%| F|  |TAMS 0x0000000091300000, 0x0000000091300000| Untracked 
| 254|0x0000000091400000, 0x0000000091400000, 0x0000000091500000|  0%| F|  |TAMS 0x0000000091400000, 0x0000000091400000| Untracked 
| 255|0x0000000091500000, 0x0000000091500000, 0x0000000091600000|  0%| F|  |TAMS 0x0000000091500000, 0x0000000091500000| Untracked 

Card table byte_map: [0x0000018fec800000,0x0000018fecc00000] _byte_map_base: 0x0000018fec3f5000

Marking Bits (Prev, Next): (CMBitMap*) 0x0000018fd1d88310, (CMBitMap*) 0x0000018fd1d88350
 Prev Bits: [0x0000018fed000000, 0x0000018feefa8000)
 Next Bits: [0x0000018feefb0000, 0x0000018ff0f58000)

Polling page: 0x0000018fd1df0000

Metaspace:

Usage:
  Non-class:     12.95 MB used.
      Class:      1.93 MB used.
       Both:     14.89 MB used.

Virtual space:
  Non-class space:       64.00 MB reserved,      13.12 MB ( 21%) committed,  1 nodes.
      Class space:        1.00 GB reserved,       2.12 MB ( <1%) committed,  1 nodes.
             Both:        1.06 GB reserved,      15.25 MB (  1%) committed. 

Chunk freelists:
   Non-Class:  1.62 MB
       Class:  1.91 MB
        Both:  3.54 MB

MaxMetaspaceSize: unlimited
CompressedClassSpaceSize: 1.00 GB
Initial GC threshold: 21.00 MB
Current GC threshold: 21.00 MB
CDS: on
MetaspaceReclaimPolicy: balanced
 - commit_granule_bytes: 65536.
 - commit_granule_words: 8192.
 - virtual_space_node_default_size: 8388608.
 - enlarge_chunks_in_place: 1.
 - new_chunks_are_fully_committed: 0.
 - uncommit_free_chunks: 1.
 - use_allocation_guard: 0.


Internal statistics:

num_allocs_failed_limit: 0.
num_arena_births: 334.
num_arena_deaths: 0.
num_vsnodes_births: 2.
num_vsnodes_deaths: 0.
num_space_committed: 244.
num_space_uncommitted: 0.
num_chunks_returned_to_freelist: 0.
num_chunks_taken_from_freelist: 891.
num_chunk_merges: 0.
num_chunk_splits: 623.
num_chunks_enlarged: 473.
num_inconsistent_stats: 0.

CodeHeap 'non-profiled nmethods': size=120000Kb used=2349Kb max_used=2349Kb free=117650Kb
 bounds [0x0000018fe4230000, 0x0000018fe44a0000, 0x0000018feb760000]
CodeHeap 'profiled nmethods': size=120000Kb used=9085Kb max_used=9085Kb free=110914Kb
 bounds [0x0000018fdc760000, 0x0000018fdd040000, 0x0000018fe3c90000]
CodeHeap 'non-nmethods': size=5760Kb used=1544Kb max_used=1621Kb free=4215Kb
 bounds [0x0000018fe3c90000, 0x0000018fe3f00000, 0x0000018fe4230000]
 total_blobs=5254 nmethods=4421 adapters=743
 compilation: enabled
              stopped_count=0, restarted_count=0
 full_count=0

Compilation events (20 events):
Event: 10.603 Thread 0x0000018f8438da50 nmethod 4412 0x0000018fe446e990 code [0x0000018fe446eb40, 0x0000018fe446ecd8]
Event: 10.603 Thread 0x0000018f8438da50 4413       4       com.sun.javafx.geom.transform.Affine3D::transform (352 bytes)
Event: 10.604 Thread 0x0000018f8438da50 nmethod 4413 0x0000018fe446ed90 code [0x0000018fe446ef40, 0x0000018fe446f0b8]
Event: 10.609 Thread 0x0000018f8438da50 4414       4       com.sun.javafx.geom.Path2D::<init> (408 bytes)
Event: 10.615 Thread 0x0000018ff3c5ffc0 4415   !   3       javafx.scene.Node::sceneToLocal (13 bytes)
Event: 10.616 Thread 0x0000018ff3c5ffc0 nmethod 4415 0x0000018fdd03b910 code [0x0000018fdd03bac0, 0x0000018fdd03bc48]
Event: 10.616 Thread 0x0000018ff3c5ffc0 4416       3       javafx.scene.Node::sceneToLocal0 (46 bytes)
Event: 10.616 Thread 0x0000018f8438be80 4417       4       java.util.Arrays::copyOf (40 bytes)
Event: 10.617 Thread 0x0000018ff3c5ffc0 nmethod 4416 0x0000018fdd03bd10 code [0x0000018fdd03c000, 0x0000018fdd03d7f8]
Event: 10.619 Thread 0x0000018f8438be80 nmethod 4417 0x0000018fe446f290 code [0x0000018fe446f420, 0x0000018fe446f8b8]
Event: 10.619 Thread 0x0000018f8438be80 4418       4       com.sun.prism.impl.BaseContext::flushVertexBuffer (16 bytes)
Event: 10.619 Thread 0x0000018ff3c5ffc0 4419       3       com.sun.prism.impl.ManagedResource::_isgone (42 bytes)
Event: 10.620 Thread 0x0000018ff3c5ffc0 nmethod 4419 0x0000018fdd03de10 code [0x0000018fdd03e000, 0x0000018fdd03e6c8]
Event: 10.620 Thread 0x0000018ff3c5ffc0 4420       3       com.sun.javafx.tk.quantum.QuantumRenderer::afterExecute (31 bytes)
Event: 10.621 Thread 0x0000018f8438da50 nmethod 4414 0x0000018fe446fb10 code [0x0000018fe446fd00, 0x0000018fe4470b08]
Event: 10.621 Thread 0x0000018ff3c5ffc0 nmethod 4420 0x0000018fdd03e890 code [0x0000018fdd03eac0, 0x0000018fdd03f188]
Event: 10.621 Thread 0x0000018ff3c5ffc0 4421       3       java.util.concurrent.ThreadPoolExecutor::afterExecute (1 bytes)
Event: 10.621 Thread 0x0000018ff3c5ffc0 nmethod 4421 0x0000018fdd03f410 code [0x0000018fdd03f5a0, 0x0000018fdd03f6b8]
Event: 10.623 Thread 0x0000018f8438be80 nmethod 4418 0x0000018fe4470f90 code [0x0000018fe4471140, 0x0000018fe4471418]
Event: 10.627 Thread 0x0000018ff3c516d0 nmethod 4391% 0x0000018fe4471790 code [0x0000018fe4471a00, 0x0000018fe4477998]

GC Heap History (20 events):
Event: 8.022 GC heap after
{Heap after GC invocations=3 (full 0):
 garbage-first heap   total 131072K, used 39233K [0x0000000081600000, 0x0000000100000000)
  region size 1024K, 7 young (7168K), 7 survivors (7168K)
 Metaspace       used 14928K, committed 15296K, reserved 1114112K
  class space    used 1976K, committed 2176K, reserved 1048576K
}
Event: 10.263 GC heap before
{Heap before GC invocations=3 (full 0):
 garbage-first heap   total 131072K, used 101697K [0x0000000081600000, 0x0000000100000000)
  region size 1024K, 67 young (68608K), 7 survivors (7168K)
 Metaspace       used 15117K, committed 15488K, reserved 1114112K
  class space    used 1977K, committed 2176K, reserved 1048576K
}
Event: 10.267 GC heap after
{Heap after GC invocations=4 (full 0):
 garbage-first heap   total 131072K, used 41806K [0x0000000081600000, 0x0000000100000000)
  region size 1024K, 4 young (4096K), 4 survivors (4096K)
 Metaspace       used 15117K, committed 15488K, reserved 1114112K
  class space    used 1977K, committed 2176K, reserved 1048576K
}
Event: 10.285 GC heap before
{Heap before GC invocations=4 (full 0):
 garbage-first heap   total 131072K, used 104270K [0x0000000081600000, 0x0000000100000000)
  region size 1024K, 65 young (66560K), 4 survivors (4096K)
 Metaspace       used 15130K, committed 15552K, reserved 1114112K
  class space    used 1977K, committed 2176K, reserved 1048576K
}
Event: 10.287 GC heap after
{Heap after GC invocations=5 (full 0):
 garbage-first heap   total 131072K, used 41461K [0x0000000081600000, 0x0000000100000000)
  region size 1024K, 4 young (4096K), 4 survivors (4096K)
 Metaspace       used 15130K, committed 15552K, reserved 1114112K
  class space    used 1977K, committed 2176K, reserved 1048576K
}
Event: 10.305 GC heap before
{Heap before GC invocations=5 (full 0):
 garbage-first heap   total 131072K, used 105973K [0x0000000081600000, 0x0000000100000000)
  region size 1024K, 67 young (68608K), 4 survivors (4096K)
 Metaspace       used 15169K, committed 15552K, reserved 1114112K
  class space    used 1977K, committed 2176K, reserved 1048576K
}
Event: 10.308 GC heap after
{Heap after GC invocations=6 (full 0):
 garbage-first heap   total 131072K, used 42600K [0x0000000081600000, 0x0000000100000000)
  region size 1024K, 5 young (5120K), 5 survivors (5120K)
 Metaspace       used 15169K, committed 15552K, reserved 1114112K
  class space    used 1977K, committed 2176K, reserved 1048576K
}
Event: 10.327 GC heap before
{Heap before GC invocations=6 (full 0):
 garbage-first heap   total 131072K, used 108136K [0x0000000081600000, 0x0000000100000000)
  region size 1024K, 69 young (70656K), 5 survivors (5120K)
 Metaspace       used 15188K, committed 15616K, reserved 1114112K
  class space    used 1977K, committed 2176K, reserved 1048576K
}
Event: 10.330 GC heap after
{Heap after GC invocations=7 (full 0):
 garbage-first heap   total 131072K, used 42428K [0x0000000081600000, 0x0000000100000000)
  region size 1024K, 5 young (5120K), 5 survivors (5120K)
 Metaspace       used 15188K, committed 15616K, reserved 1114112K
  class space    used 1977K, committed 2176K, reserved 1048576K
}
Event: 10.353 GC heap before
{Heap before GC invocations=7 (full 0):
 garbage-first heap   total 131072K, used 108988K [0x0000000081600000, 0x0000000100000000)
  region size 1024K, 70 young (71680K), 5 survivors (5120K)
 Metaspace       used 15199K, committed 15616K, reserved 1114112K
  class space    used 1977K, committed 2176K, reserved 1048576K
}
Event: 10.356 GC heap after
{Heap after GC invocations=8 (full 0):
 garbage-first heap   total 131072K, used 24584K [0x0000000081600000, 0x0000000100000000)
  region size 1024K, 4 young (4096K), 4 survivors (4096K)
 Metaspace       used 15199K, committed 15616K, reserved 1114112K
  class space    used 1977K, committed 2176K, reserved 1048576K
}
Event: 10.383 GC heap before
{Heap before GC invocations=8 (full 0):
 garbage-first heap   total 131072K, used 98312K [0x0000000081600000, 0x0000000100000000)
  region size 1024K, 76 young (77824K), 4 survivors (4096K)
 Metaspace       used 15232K, committed 15616K, reserved 1114112K
  class space    used 1977K, committed 2176K, reserved 1048576K
}
Event: 10.387 GC heap after
{Heap after GC invocations=9 (full 0):
 garbage-first heap   total 262144K, used 25154K [0x0000000081600000, 0x0000000100000000)
  region size 1024K, 5 young (5120K), 5 survivors (5120K)
 Metaspace       used 15232K, committed 15616K, reserved 1114112K
  class space    used 1977K, committed 2176K, reserved 1048576K
}
Event: 10.479 GC heap before
{Heap before GC invocations=9 (full 0):
 garbage-first heap   total 262144K, used 176706K [0x0000000081600000, 0x0000000100000000)
  region size 1024K, 153 young (156672K), 5 survivors (5120K)
 Metaspace       used 15233K, committed 15616K, reserved 1114112K
  class space    used 1977K, committed 2176K, reserved 1048576K
}
Event: 10.482 GC heap after
{Heap after GC invocations=10 (full 0):
 garbage-first heap   total 262144K, used 24627K [0x0000000081600000, 0x0000000100000000)
  region size 1024K, 4 young (4096K), 4 survivors (4096K)
 Metaspace       used 15233K, committed 15616K, reserved 1114112K
  class space    used 1977K, committed 2176K, reserved 1048576K
}
Event: 10.538 GC heap before
{Heap before GC invocations=10 (full 0):
 garbage-first heap   total 262144K, used 177203K [0x0000000081600000, 0x0000000100000000)
  region size 1024K, 153 young (156672K), 4 survivors (4096K)
 Metaspace       used 15233K, committed 15616K, reserved 1114112K
  class space    used 1977K, committed 2176K, reserved 1048576K
}
Event: 10.540 GC heap after
{Heap after GC invocations=11 (full 0):
 garbage-first heap   total 262144K, used 24589K [0x0000000081600000, 0x0000000100000000)
  region size 1024K, 4 young (4096K), 4 survivors (4096K)
 Metaspace       used 15233K, committed 15616K, reserved 1114112K
  class space    used 1977K, committed 2176K, reserved 1048576K
}
Event: 10.587 GC heap before
{Heap before GC invocations=11 (full 0):
 garbage-first heap   total 262144K, used 177165K [0x0000000081600000, 0x0000000100000000)
  region size 1024K, 153 young (156672K), 4 survivors (4096K)
 Metaspace       used 15240K, committed 15616K, reserved 1114112K
  class space    used 1977K, committed 2176K, reserved 1048576K
}
Event: 10.589 GC heap after
{Heap after GC invocations=12 (full 0):
 garbage-first heap   total 262144K, used 24528K [0x0000000081600000, 0x0000000100000000)
  region size 1024K, 4 young (4096K), 4 survivors (4096K)
 Metaspace       used 15240K, committed 15616K, reserved 1114112K
  class space    used 1977K, committed 2176K, reserved 1048576K
}
Event: 10.630 GC heap before
{Heap before GC invocations=12 (full 0):
 garbage-first heap   total 262144K, used 177104K [0x0000000081600000, 0x0000000100000000)
  region size 1024K, 153 young (156672K), 4 survivors (4096K)
 Metaspace       used 15243K, committed 15616K, reserved 1114112K
  class space    used 1977K, committed 2176K, reserved 1048576K
}

Dll operation events (20 events):
Event: 0.130 Loaded shared library C:\Program Files\Zulu\zulu-19\bin\api-ms-win-crt-process-l1-1-0.dll
Event: 0.131 Loaded shared library C:\Program Files\Zulu\zulu-19\bin\api-ms-win-crt-runtime-l1-1-0.dll
Event: 0.132 Loaded shared library C:\Program Files\Zulu\zulu-19\bin\api-ms-win-crt-stdio-l1-1-0.dll
Event: 0.134 Loaded shared library C:\Program Files\Zulu\zulu-19\bin\api-ms-win-crt-string-l1-1-0.dll
Event: 0.135 Loaded shared library C:\Program Files\Zulu\zulu-19\bin\api-ms-win-crt-time-l1-1-0.dll
Event: 0.137 Loaded shared library C:\Program Files\Zulu\zulu-19\bin\api-ms-win-crt-utility-l1-1-0.dll
Event: 0.138 Loaded shared library C:\Program Files\Zulu\zulu-19\bin\ucrtbase.dll
Event: 0.139 Loaded shared library C:\Program Files\Zulu\zulu-19\bin\vcruntime140.dll
Event: 0.139 Loaded shared library C:\Program Files\Zulu\zulu-19\bin\vcruntime140_1.dll
Event: 0.140 Loaded shared library C:\Program Files\Zulu\zulu-19\bin\msvcp140.dll
Event: 0.141 Loaded shared library C:\Program Files\Zulu\zulu-19\bin\msvcp140_1.dll
Event: 0.142 Loaded shared library C:\Program Files\Zulu\zulu-19\bin\msvcp140_2.dll
Event: 0.163 Loaded shared library C:\Program Files\Zulu\zulu-19\bin\prism_d3d.dll
Event: 0.204 Loaded shared library C:\Program Files\Zulu\zulu-19\bin\glass.dll
Event: 0.323 Loaded shared library C:\Program Files\Zulu\zulu-19\bin\javafx_iio.dll
Event: 0.383 Loaded shared library C:\Program Files\Zulu\zulu-19\bin\glib-lite.dll
Event: 0.386 Loaded shared library C:\Program Files\Zulu\zulu-19\bin\gstreamer-lite.dll
Event: 0.388 Loaded shared library C:\Program Files\Zulu\zulu-19\bin\jfxmedia.dll
Event: 0.448 Loaded shared library C:\Program Files\Zulu\zulu-19\bin\javafx_font.dll
Event: 3.455 Loaded shared library C:\Users\ulise\AppData\Local\Temp\jSerialComm\2.9.3\jSerialComm.dll

Deoptimization events (20 events):
Event: 10.600 Thread 0x0000018ff810a580 DEOPT PACKING pc=0x0000018fdce7107c sp=0x00000062fe1fd6b0
Event: 10.600 Thread 0x0000018ff810a580 DEOPT UNPACKING pc=0x0000018fe3cf7543 sp=0x00000062fe1fcac8 mode 0
Event: 10.602 Thread 0x0000018ff810a580 DEOPT PACKING pc=0x0000018fdce7107c sp=0x00000062fe1fd910
Event: 10.602 Thread 0x0000018ff810a580 DEOPT UNPACKING pc=0x0000018fe3cf7543 sp=0x00000062fe1fcd28 mode 0
Event: 10.604 Thread 0x0000018ff810a580 DEOPT PACKING pc=0x0000018fdce7107c sp=0x00000062fe1fd6b0
Event: 10.604 Thread 0x0000018ff810a580 DEOPT UNPACKING pc=0x0000018fe3cf7543 sp=0x00000062fe1fcac8 mode 0
Event: 10.606 Thread 0x0000018ff810a580 DEOPT PACKING pc=0x0000018fdce7107c sp=0x00000062fe1fd910
Event: 10.606 Thread 0x0000018ff810a580 DEOPT UNPACKING pc=0x0000018fe3cf7543 sp=0x00000062fe1fcd28 mode 0
Event: 10.608 Thread 0x0000018ff810a580 DEOPT PACKING pc=0x0000018fdce7107c sp=0x00000062fe1fd6b0
Event: 10.608 Thread 0x0000018ff810a580 DEOPT UNPACKING pc=0x0000018fe3cf7543 sp=0x00000062fe1fcac8 mode 0
Event: 10.610 Thread 0x0000018ff810a580 DEOPT PACKING pc=0x0000018fdce7107c sp=0x00000062fe1fd910
Event: 10.610 Thread 0x0000018ff810a580 DEOPT UNPACKING pc=0x0000018fe3cf7543 sp=0x00000062fe1fcd28 mode 0
Event: 10.612 Thread 0x0000018ff810a580 DEOPT PACKING pc=0x0000018fdce7107c sp=0x00000062fe1fd6b0
Event: 10.612 Thread 0x0000018ff810a580 DEOPT UNPACKING pc=0x0000018fe3cf7543 sp=0x00000062fe1fcac8 mode 0
Event: 10.614 Thread 0x0000018ff810a580 DEOPT PACKING pc=0x0000018fdce7107c sp=0x00000062fe1fd910
Event: 10.614 Thread 0x0000018ff810a580 DEOPT UNPACKING pc=0x0000018fe3cf7543 sp=0x00000062fe1fcd28 mode 0
Event: 10.615 Thread 0x0000018ff810a580 DEOPT PACKING pc=0x0000018fdce7107c sp=0x00000062fe1fd6b0
Event: 10.616 Thread 0x0000018ff810a580 DEOPT UNPACKING pc=0x0000018fe3cf7543 sp=0x00000062fe1fcac8 mode 0
Event: 10.617 Thread 0x0000018ff810a580 DEOPT PACKING pc=0x0000018fdce7107c sp=0x00000062fe1fd910
Event: 10.617 Thread 0x0000018ff810a580 DEOPT UNPACKING pc=0x0000018fe3cf7543 sp=0x00000062fe1fcd28 mode 0

Classes loaded (20 events):
Event: 3.639 Loading class java/lang/invoke/DirectMethodHandle$StaticAccessor
Event: 3.639 Loading class java/lang/invoke/DirectMethodHandle$StaticAccessor done
Event: 5.472 Loading class java/lang/foreign/MemorySegment
Event: 5.472 Loading class java/lang/foreign/Addressable
Event: 5.472 Loading class java/lang/foreign/Addressable done
Event: 5.472 Loading class java/lang/foreign/MemorySegment done
Event: 5.477 Loading class jdk/internal/icu/impl/UCharacterProperty
Event: 5.477 Loading class jdk/internal/icu/impl/UCharacterProperty done
Event: 5.477 Loading class jdk/internal/icu/impl/UCharacterProperty$1
Event: 5.477 Loading class jdk/internal/icu/impl/UCharacterProperty$BiDiIntProperty
Event: 5.477 Loading class jdk/internal/icu/impl/UCharacterProperty$IntProperty
Event: 5.477 Loading class jdk/internal/icu/impl/UCharacterProperty$IntProperty done
Event: 5.477 Loading class jdk/internal/icu/impl/UCharacterProperty$BiDiIntProperty done
Event: 5.477 Loading class jdk/internal/icu/impl/UCharacterProperty$1 done
Event: 5.477 Loading class jdk/internal/icu/impl/UCharacterProperty$IsAcceptable
Event: 5.477 Loading class jdk/internal/icu/impl/UCharacterProperty$IsAcceptable done
Event: 5.478 Loading class jdk/internal/icu/util/VersionInfo
Event: 5.478 Loading class jdk/internal/icu/util/VersionInfo done
Event: 5.481 Loading class java/lang/CharacterData01
Event: 5.481 Loading class java/lang/CharacterData01 done

Classes unloaded (0 events):
No events

Classes redefined (0 events):
No events

Internal exceptions (20 events):
Event: 1.762 Thread 0x0000018ff810aad0 Exception <a 'java/lang/NoSuchMethodError'{0x0000000088207470}: 'java.lang.Object java.lang.invoke.DirectMethodHandle$Holder.newInvokeSpecial(java.lang.Object, java.lang.Object, double)'> (0x0000000088207470) 
thrown [s\src\hotspot\share\interpreter\linkResolver.cpp, line 774]
Event: 3.413 Thread 0x0000018ff810aad0 Exception <a 'java/lang/ClassNotFoundException'{0x0000000089280dd8}: com/sun/glass/ui/win/themes> (0x0000000089280dd8) 
thrown [s\src\hotspot\share\prims\jni.cpp, line 536]
Event: 3.413 Thread 0x0000018ff810aad0 Exception <a 'java/lang/ClassNotFoundException'{0x0000000088d5b8a0}: com/sun/glass/ui/win/themes_es> (0x0000000088d5b8a0) 
thrown [s\src\hotspot\share\prims\jni.cpp, line 536]
Event: 3.413 Thread 0x0000018ff810aad0 Exception <a 'java/lang/ClassNotFoundException'{0x0000000088d63640}: com/sun/glass/ui/win/themes_es_CR> (0x0000000088d63640) 
thrown [s\src\hotspot\share\prims\jni.cpp, line 536]
Event: 3.438 Thread 0x0000018ff810aad0 Implicit null exception at 0x0000018fe42c1bac to 0x0000018fe42c1e78
Event: 3.439 Thread 0x0000018ff810aad0 Implicit null exception at 0x0000018fe42bf7ac to 0x0000018fe42bfa5c
Event: 3.439 Thread 0x0000018ff810aad0 Exception <a 'java/lang/NoSuchMethodError'{0x0000000088a27060}: 'void java.lang.invoke.DirectMethodHandle$Holder.invokeStaticInit(java.lang.Object, java.lang.Object)'> (0x0000000088a27060) 
thrown [s\src\hotspot\share\interpreter\linkResolver.cpp, line 774]
Event: 3.531 Thread 0x0000018ff810aad0 Exception <a 'java/lang/NoSuchMethodError'{0x00000000887525d0}: 'java.lang.Object java.lang.invoke.DirectMethodHandle$Holder.invokeInterface(java.lang.Object, java.lang.Object, java.lang.Object)'> (0x00000000887525d0) 
thrown [s\src\hotspot\share\interpreter\linkResolver.cpp, line 774]
Event: 3.531 Thread 0x0000018ff810aad0 Exception <a 'java/lang/IncompatibleClassChangeError'{0x00000000887562b0}: Found class java.lang.Object, but interface was expected> (0x00000000887562b0) 
thrown [s\src\hotspot\share\interpreter\linkResolver.cpp, line 841]
Event: 3.583 Thread 0x0000018ff810aad0 Implicit null exception at 0x0000018fe42e5920 to 0x0000018fe42e5c78
Event: 4.064 Thread 0x0000018ff810aad0 Implicit null exception at 0x0000018fe432d34e to 0x0000018fe432d4b4
Event: 4.469 Thread 0x0000018ff810aad0 Implicit null exception at 0x0000018fe42f20a4 to 0x0000018fe42f20f1
Event: 5.481 Thread 0x0000018ff810aad0 Exception <a 'java/io/FileNotFoundException'{0x0000000086c49dd0}> (0x0000000086c49dd0) 
thrown [s\src\hotspot\share\prims\jni.cpp, line 517]
Event: 5.481 Thread 0x0000018ff810aad0 Exception <a 'java/io/FileNotFoundException'{0x0000000086c4b480}> (0x0000000086c4b480) 
thrown [s\src\hotspot\share\prims\jni.cpp, line 517]
Event: 5.482 Thread 0x0000018ff810aad0 Exception <a 'java/io/FileNotFoundException'{0x0000000086c4f648}> (0x0000000086c4f648) 
thrown [s\src\hotspot\share\prims\jni.cpp, line 517]
Event: 5.482 Thread 0x0000018ff810aad0 Exception <a 'java/io/FileNotFoundException'{0x0000000086c50768}> (0x0000000086c50768) 
thrown [s\src\hotspot\share\prims\jni.cpp, line 517]
Event: 5.615 Thread 0x0000018ff810aad0 Implicit null exception at 0x0000018fe42e9b6f to 0x0000018fe42ea328
Event: 5.627 Thread 0x0000018ff810aad0 Implicit null exception at 0x0000018fe4383780 to 0x0000018fe4383af4
Event: 5.628 Thread 0x0000018ff810aad0 Implicit null exception at 0x0000018fe43cf1d0 to 0x0000018fe43cf26c
Event: 10.421 Thread 0x0000018ff810a580 Implicit null exception at 0x0000018fe442edac to 0x0000018fe442ee2c

VM Operations (20 events):
Event: 10.022 Executing VM operation: Cleanup done
Event: 10.263 Executing VM operation: G1CollectForAllocation
Event: 10.267 Executing VM operation: G1CollectForAllocation done
Event: 10.285 Executing VM operation: G1CollectForAllocation
Event: 10.287 Executing VM operation: G1CollectForAllocation done
Event: 10.305 Executing VM operation: G1CollectForAllocation
Event: 10.308 Executing VM operation: G1CollectForAllocation done
Event: 10.327 Executing VM operation: G1CollectForAllocation
Event: 10.330 Executing VM operation: G1CollectForAllocation done
Event: 10.353 Executing VM operation: G1CollectForAllocation
Event: 10.356 Executing VM operation: G1CollectForAllocation done
Event: 10.383 Executing VM operation: G1CollectForAllocation
Event: 10.387 Executing VM operation: G1CollectForAllocation done
Event: 10.479 Executing VM operation: G1CollectForAllocation
Event: 10.482 Executing VM operation: G1CollectForAllocation done
Event: 10.538 Executing VM operation: G1CollectForAllocation
Event: 10.540 Executing VM operation: G1CollectForAllocation done
Event: 10.587 Executing VM operation: G1CollectForAllocation
Event: 10.589 Executing VM operation: G1CollectForAllocation done
Event: 10.630 Executing VM operation: G1CollectForAllocation

Events (20 events):
Event: 10.400 Thread 0x0000018f82a1b110 Thread added: 0x0000018f82a1b110
Event: 10.400 Thread 0x0000018f82a1b110 Thread exited: 0x0000018f82a1b110
Event: 10.400 Thread 0x0000018f82a1e630 Thread added: 0x0000018f82a1e630
Event: 10.400 Thread 0x0000018f82a1e630 Thread exited: 0x0000018f82a1e630
Event: 10.400 Thread 0x0000018f82a1e630 Thread added: 0x0000018f82a1e630
Event: 10.400 Thread 0x0000018f82a1e630 Thread exited: 0x0000018f82a1e630
Event: 10.400 Thread 0x0000018f82a1e630 Thread added: 0x0000018f82a1e630
Event: 10.400 Thread 0x0000018f82a1e630 Thread exited: 0x0000018f82a1e630
Event: 10.400 Thread 0x0000018f82a1abc0 Thread added: 0x0000018f82a1abc0
Event: 10.400 Thread 0x0000018f82a1abc0 Thread exited: 0x0000018f82a1abc0
Event: 10.400 Thread 0x0000018f82a1e630 Thread added: 0x0000018f82a1e630
Event: 10.400 Thread 0x0000018f82a1e630 Thread exited: 0x0000018f82a1e630
Event: 10.401 Thread 0x0000018f82a1e630 Thread added: 0x0000018f82a1e630
Event: 10.401 Thread 0x0000018f82a1e630 Thread exited: 0x0000018f82a1e630
Event: 10.401 Thread 0x0000018f82a1a670 Thread added: 0x0000018f82a1a670
Event: 10.401 Thread 0x0000018f82a1a670 Thread exited: 0x0000018f82a1a670
Event: 10.401 Thread 0x0000018f82a1a670 Thread added: 0x0000018f82a1a670
Event: 10.401 Thread 0x0000018f82a1a670 Thread exited: 0x0000018f82a1a670
Event: 10.411 Thread 0x0000018f83577830 Thread exited: 0x0000018f83577830
Event: 10.482 Thread 0x0000018f83200cb0 Thread exited: 0x0000018f83200cb0


Dynamic libraries:
0x00007ff6800d0000 - 0x00007ff6800de000 	C:\Program Files\Zulu\zulu-19\bin\java.exe
0x00007ffa972f0000 - 0x00007ffa97504000 	C:\WINDOWS\SYSTEM32\ntdll.dll
0x00007ffa96a30000 - 0x00007ffa96af2000 	C:\WINDOWS\System32\KERNEL32.DLL
0x00007ffa94a90000 - 0x00007ffa94e2c000 	C:\WINDOWS\System32\KERNELBASE.dll
0x00007ffa94730000 - 0x00007ffa94841000 	C:\WINDOWS\System32\ucrtbase.dll
0x00007ffa82b10000 - 0x00007ffa82b2b000 	C:\Program Files\Zulu\zulu-19\bin\VCRUNTIME140.dll
0x00007ffa823b0000 - 0x00007ffa823c7000 	C:\Program Files\Zulu\zulu-19\bin\jli.dll
0x00007ffa95ee0000 - 0x00007ffa9608b000 	C:\WINDOWS\System32\USER32.dll
0x00007ffa94a60000 - 0x00007ffa94a86000 	C:\WINDOWS\System32\win32u.dll
0x00007ffa97050000 - 0x00007ffa97079000 	C:\WINDOWS\System32\GDI32.dll
0x00007ffa7c330000 - 0x00007ffa7c5be000 	C:\WINDOWS\WinSxS\amd64_microsoft.windows.common-controls_6595b64144ccf1df_6.0.22621.608_none_a9444ca7c10bb01d\COMCTL32.dll
0x00007ffa94f70000 - 0x00007ffa95083000 	C:\WINDOWS\System32\gdi32full.dll
0x00007ffa949c0000 - 0x00007ffa94a5a000 	C:\WINDOWS\System32\msvcp_win.dll
0x00007ffa97200000 - 0x00007ffa972a7000 	C:\WINDOWS\System32\msvcrt.dll
0x00007ffa95ea0000 - 0x00007ffa95ed1000 	C:\WINDOWS\System32\IMM32.DLL
0x00007ffa8f920000 - 0x00007ffa8f92c000 	C:\Program Files\Zulu\zulu-19\bin\vcruntime140_1.dll
0x00007ffa81f10000 - 0x00007ffa81f9d000 	C:\Program Files\Zulu\zulu-19\bin\msvcp140.dll
0x00007ffa3d0a0000 - 0x00007ffa3dda7000 	C:\Program Files\Zulu\zulu-19\bin\server\jvm.dll
0x00007ffa970d0000 - 0x00007ffa9717e000 	C:\WINDOWS\System32\ADVAPI32.dll
0x00007ffa95d60000 - 0x00007ffa95e04000 	C:\WINDOWS\System32\sechost.dll
0x00007ffa95c20000 - 0x00007ffa95d35000 	C:\WINDOWS\System32\RPCRT4.dll
0x00007ffa8ce90000 - 0x00007ffa8cec4000 	C:\WINDOWS\SYSTEM32\WINMM.dll
0x00007ffa8df80000 - 0x00007ffa8df89000 	C:\WINDOWS\SYSTEM32\WSOCK32.dll
0x00007ffa8ce00000 - 0x00007ffa8ce0a000 	C:\WINDOWS\SYSTEM32\VERSION.dll
0x00007ffa95620000 - 0x00007ffa95691000 	C:\WINDOWS\System32\WS2_32.dll
0x00007ffa93790000 - 0x00007ffa937a8000 	C:\WINDOWS\SYSTEM32\kernel.appcore.dll
0x00007ffa8dc20000 - 0x00007ffa8dc2a000 	C:\Program Files\Zulu\zulu-19\bin\jimage.dll
0x00007ffa920e0000 - 0x00007ffa9230e000 	C:\WINDOWS\SYSTEM32\DBGHELP.DLL
0x00007ffa95790000 - 0x00007ffa95b19000 	C:\WINDOWS\System32\combase.dll
0x00007ffa95160000 - 0x00007ffa95237000 	C:\WINDOWS\System32\OLEAUT32.dll
0x00007ffa764d0000 - 0x00007ffa76502000 	C:\WINDOWS\SYSTEM32\dbgcore.DLL
0x00007ffa94e30000 - 0x00007ffa94eab000 	C:\WINDOWS\System32\bcryptPrimitives.dll
0x00007ffa81ee0000 - 0x00007ffa81f06000 	C:\Program Files\Zulu\zulu-19\bin\java.dll
0x00007ffa56320000 - 0x00007ffa563f7000 	C:\Program Files\Zulu\zulu-19\bin\jsvml.dll
0x00007ffa960a0000 - 0x00007ffa96890000 	C:\WINDOWS\System32\SHELL32.dll
0x00007ffa92750000 - 0x00007ffa9301d000 	C:\WINDOWS\SYSTEM32\windows.storage.dll
0x00007ffa92610000 - 0x00007ffa9274e000 	C:\WINDOWS\SYSTEM32\wintypes.dll
0x00007ffa95360000 - 0x00007ffa95451000 	C:\WINDOWS\System32\SHCORE.dll
0x00007ffa956b0000 - 0x00007ffa9570e000 	C:\WINDOWS\System32\shlwapi.dll
0x00007ffa94660000 - 0x00007ffa94681000 	C:\WINDOWS\SYSTEM32\profapi.dll
0x00007ffa820c0000 - 0x00007ffa820d3000 	C:\Program Files\Zulu\zulu-19\bin\net.dll
0x00007ffa8d990000 - 0x00007ffa8dac7000 	C:\WINDOWS\SYSTEM32\WINHTTP.dll
0x00007ffa93c00000 - 0x00007ffa93c69000 	C:\WINDOWS\system32\mswsock.dll
0x00007ffa81ec0000 - 0x00007ffa81ed6000 	C:\Program Files\Zulu\zulu-19\bin\nio.dll
0x00007ffa81e70000 - 0x00007ffa81e88000 	C:\Program Files\Zulu\zulu-19\bin\zip.dll
0x0000018ff3de0000 - 0x0000018ff3de4000 	C:\Program Files\Zulu\zulu-19\bin\api-ms-win-core-console-l1-1-0.dll
0x0000018ff3df0000 - 0x0000018ff3df4000 	C:\Program Files\Zulu\zulu-19\bin\api-ms-win-core-console-l1-2-0.dll
0x0000018ff3e00000 - 0x0000018ff3e04000 	C:\Program Files\Zulu\zulu-19\bin\api-ms-win-core-datetime-l1-1-0.dll
0x0000018ff3e10000 - 0x0000018ff3e14000 	C:\Program Files\Zulu\zulu-19\bin\api-ms-win-core-debug-l1-1-0.dll
0x0000018ff3e20000 - 0x0000018ff3e24000 	C:\Program Files\Zulu\zulu-19\bin\api-ms-win-core-errorhandling-l1-1-0.dll
0x0000018ff3e30000 - 0x0000018ff3e35000 	C:\Program Files\Zulu\zulu-19\bin\api-ms-win-core-file-l1-1-0.dll
0x0000018ff3e40000 - 0x0000018ff3e44000 	C:\Program Files\Zulu\zulu-19\bin\api-ms-win-core-file-l1-2-0.dll
0x0000018ff3e50000 - 0x0000018ff3e54000 	C:\Program Files\Zulu\zulu-19\bin\api-ms-win-core-file-l2-1-0.dll
0x0000018ff3e60000 - 0x0000018ff3e64000 	C:\Program Files\Zulu\zulu-19\bin\api-ms-win-core-handle-l1-1-0.dll
0x0000018ff3e70000 - 0x0000018ff3e74000 	C:\Program Files\Zulu\zulu-19\bin\api-ms-win-core-heap-l1-1-0.dll
0x0000018ff3e80000 - 0x0000018ff3e84000 	C:\Program Files\Zulu\zulu-19\bin\api-ms-win-core-interlocked-l1-1-0.dll
0x0000018ff3e90000 - 0x0000018ff3e94000 	C:\Program Files\Zulu\zulu-19\bin\api-ms-win-core-libraryloader-l1-1-0.dll
0x0000018ff3ea0000 - 0x0000018ff3ea4000 	C:\Program Files\Zulu\zulu-19\bin\api-ms-win-core-localization-l1-2-0.dll
0x0000018ff3eb0000 - 0x0000018ff3eb4000 	C:\Program Files\Zulu\zulu-19\bin\api-ms-win-core-memory-l1-1-0.dll
0x0000018ff3ec0000 - 0x0000018ff3ec4000 	C:\Program Files\Zulu\zulu-19\bin\api-ms-win-core-namedpipe-l1-1-0.dll
0x0000018ff3ed0000 - 0x0000018ff3ed4000 	C:\Program Files\Zulu\zulu-19\bin\api-ms-win-core-processenvironment-l1-1-0.dll
0x0000018ff3ee0000 - 0x0000018ff3ee4000 	C:\Program Files\Zulu\zulu-19\bin\api-ms-win-core-processthreads-l1-1-0.dll
0x0000018ff3ef0000 - 0x0000018ff3ef4000 	C:\Program Files\Zulu\zulu-19\bin\api-ms-win-core-processthreads-l1-1-1.dll
0x0000018ff3f00000 - 0x0000018ff3f04000 	C:\Program Files\Zulu\zulu-19\bin\api-ms-win-core-profile-l1-1-0.dll
0x0000018ff3f10000 - 0x0000018ff3f14000 	C:\Program Files\Zulu\zulu-19\bin\api-ms-win-core-rtlsupport-l1-1-0.dll
0x0000018ff3f20000 - 0x0000018ff3f24000 	C:\Program Files\Zulu\zulu-19\bin\api-ms-win-core-string-l1-1-0.dll
0x0000018ff3f30000 - 0x0000018ff3f34000 	C:\Program Files\Zulu\zulu-19\bin\api-ms-win-core-synch-l1-1-0.dll
0x0000018ff3f40000 - 0x0000018ff3f44000 	C:\Program Files\Zulu\zulu-19\bin\api-ms-win-core-synch-l1-2-0.dll
0x0000018ff3f50000 - 0x0000018ff3f54000 	C:\Program Files\Zulu\zulu-19\bin\api-ms-win-core-sysinfo-l1-1-0.dll
0x0000018ff3f60000 - 0x0000018ff3f64000 	C:\Program Files\Zulu\zulu-19\bin\api-ms-win-core-timezone-l1-1-0.dll
0x0000018ff3f70000 - 0x0000018ff3f74000 	C:\Program Files\Zulu\zulu-19\bin\api-ms-win-core-util-l1-1-0.dll
0x0000018ff3f80000 - 0x0000018ff3f84000 	C:\Program Files\Zulu\zulu-19\bin\api-ms-win-crt-conio-l1-1-0.dll
0x0000018ff3f90000 - 0x0000018ff3f95000 	C:\Program Files\Zulu\zulu-19\bin\api-ms-win-crt-convert-l1-1-0.dll
0x0000018ff3fa0000 - 0x0000018ff3fa4000 	C:\Program Files\Zulu\zulu-19\bin\api-ms-win-crt-environment-l1-1-0.dll
0x0000018ff3fb0000 - 0x0000018ff3fb4000 	C:\Program Files\Zulu\zulu-19\bin\api-ms-win-crt-filesystem-l1-1-0.dll
0x0000018ff3fc0000 - 0x0000018ff3fc4000 	C:\Program Files\Zulu\zulu-19\bin\api-ms-win-crt-heap-l1-1-0.dll
0x0000018ff3fd0000 - 0x0000018ff3fd4000 	C:\Program Files\Zulu\zulu-19\bin\api-ms-win-crt-locale-l1-1-0.dll
0x0000018ff3fe0000 - 0x0000018ff3fe6000 	C:\Program Files\Zulu\zulu-19\bin\api-ms-win-crt-math-l1-1-0.dll
0x0000018ff3ff0000 - 0x0000018ff3ff6000 	C:\Program Files\Zulu\zulu-19\bin\api-ms-win-crt-multibyte-l1-1-0.dll
0x0000018ff8400000 - 0x0000018ff8411000 	C:\Program Files\Zulu\zulu-19\bin\api-ms-win-crt-private-l1-1-0.dll
0x0000018ff8420000 - 0x0000018ff8424000 	C:\Program Files\Zulu\zulu-19\bin\api-ms-win-crt-process-l1-1-0.dll
0x0000018ff8430000 - 0x0000018ff8435000 	C:\Program Files\Zulu\zulu-19\bin\api-ms-win-crt-runtime-l1-1-0.dll
0x0000018ff8440000 - 0x0000018ff8445000 	C:\Program Files\Zulu\zulu-19\bin\api-ms-win-crt-stdio-l1-1-0.dll
0x0000018ff8450000 - 0x0000018ff8455000 	C:\Program Files\Zulu\zulu-19\bin\api-ms-win-crt-string-l1-1-0.dll
0x0000018ff8460000 - 0x0000018ff8464000 	C:\Program Files\Zulu\zulu-19\bin\api-ms-win-crt-time-l1-1-0.dll
0x0000018ff8470000 - 0x0000018ff8474000 	C:\Program Files\Zulu\zulu-19\bin\api-ms-win-crt-utility-l1-1-0.dll
0x00007ffa4b190000 - 0x00007ffa4b2a0000 	C:\Program Files\Zulu\zulu-19\bin\ucrtbase.dll
0x00007ffa8cee0000 - 0x00007ffa8cee9000 	C:\Program Files\Zulu\zulu-19\bin\msvcp140_1.dll
0x00007ffa7abc0000 - 0x00007ffa7abef000 	C:\Program Files\Zulu\zulu-19\bin\msvcp140_2.dll
0x00007ffa78c60000 - 0x00007ffa78c8c000 	C:\Program Files\Zulu\zulu-19\bin\prism_d3d.dll
0x00007ffa85410000 - 0x00007ffa855b9000 	C:\WINDOWS\system32\d3d9.dll
0x00007ffa91cd0000 - 0x00007ffa91cfb000 	C:\WINDOWS\SYSTEM32\dwmapi.dll
0x00007ffa91a90000 - 0x00007ffa91ac6000 	C:\WINDOWS\SYSTEM32\dxcore.dll
0x00007ffa91990000 - 0x00007ffa91a3b000 	C:\WINDOWS\system32\uxtheme.dll
0x00007ffa83fa0000 - 0x00007ffa840b7000 	C:\WINDOWS\System32\DriverStore\FileRepository\nvlt.inf_amd64_7947c31fc944635c\nvldumdx.dll
0x00007ffa943d0000 - 0x00007ffa943e2000 	C:\WINDOWS\SYSTEM32\msasn1.dll
0x00007ffa8c0c0000 - 0x00007ffa8c0f2000 	C:\WINDOWS\SYSTEM32\cryptnet.dll
0x00007ffa94850000 - 0x00007ffa949b6000 	C:\WINDOWS\System32\CRYPT32.dll
0x00007ffa8bf20000 - 0x00007ffa8c078000 	C:\WINDOWS\SYSTEM32\drvstore.dll
0x00007ffa943f0000 - 0x00007ffa9441c000 	C:\WINDOWS\SYSTEM32\devobj.dll
0x00007ffa94420000 - 0x00007ffa9446e000 	C:\WINDOWS\SYSTEM32\cfgmgr32.dll
0x00007ffa93f70000 - 0x00007ffa93fb8000 	C:\WINDOWS\SYSTEM32\wldp.dll
0x00007ffa93ee0000 - 0x00007ffa93eec000 	C:\WINDOWS\SYSTEM32\cryptbase.dll
0x00007ffa95090000 - 0x00007ffa950fb000 	C:\WINDOWS\System32\WINTRUST.DLL
0x00007ffa95d40000 - 0x00007ffa95d5f000 	C:\WINDOWS\System32\imagehlp.dll
0x00007ffa93ec0000 - 0x00007ffa93edb000 	C:\WINDOWS\SYSTEM32\CRYPTSP.dll
0x00007ffa93700000 - 0x00007ffa93735000 	C:\WINDOWS\system32\rsaenh.dll
0x00007ffa94090000 - 0x00007ffa940b8000 	C:\WINDOWS\SYSTEM32\bcrypt.dll
0x00007ffa33d10000 - 0x00007ffa3551a000 	C:\WINDOWS\System32\DriverStore\FileRepository\nvlt.inf_amd64_7947c31fc944635c\nvd3dumx.dll
0x00007ffa8d750000 - 0x00007ffa8d798000 	C:\WINDOWS\SYSTEM32\directxdatabasehelper.dll
0x00007ffa6ea00000 - 0x00007ffa6ea42000 	C:\Program Files\Zulu\zulu-19\bin\glass.dll
0x00007ffa95b20000 - 0x00007ffa95c17000 	C:\WINDOWS\System32\COMDLG32.dll
0x00007ffa96890000 - 0x00007ffa96a2c000 	C:\WINDOWS\System32\ole32.dll
0x00007ffa95240000 - 0x00007ffa9535e000 	C:\WINDOWS\System32\MSCTF.dll
0x00007ffa4c6b0000 - 0x00007ffa4c967000 	C:\WINDOWS\system32\nvspcap64.dll
0x00007ffa937b0000 - 0x00007ffa937e4000 	C:\WINDOWS\SYSTEM32\ntmarta.dll
0x00007ffa93c90000 - 0x00007ffa93cb6000 	C:\WINDOWS\SYSTEM32\gpapi.dll
0x00007ffa6eb40000 - 0x00007ffa6eb6d000 	C:\Program Files\Zulu\zulu-19\bin\javafx_iio.dll
0x00007ffa57c80000 - 0x00007ffa57d1f000 	C:\Program Files\Zulu\zulu-19\bin\glib-lite.dll
0x00007ffa497b0000 - 0x00007ffa4989e000 	C:\Program Files\Zulu\zulu-19\bin\gstreamer-lite.dll
0x00007ffa8db60000 - 0x00007ffa8dc02000 	C:\WINDOWS\SYSTEM32\DSOUND.dll
0x00007ffa609c0000 - 0x00007ffa60a71000 	C:\WINDOWS\SYSTEM32\ResampleDmo.DLL
0x00007ffa940c0000 - 0x00007ffa9410d000 	C:\WINDOWS\SYSTEM32\powrprof.dll
0x00007ffa7bdd0000 - 0x00007ffa7bdf9000 	C:\WINDOWS\SYSTEM32\winmmbase.dll
0x00007ffa8e470000 - 0x00007ffa8e47b000 	C:\WINDOWS\SYSTEM32\msdmo.dll
0x00007ffa94000000 - 0x00007ffa94013000 	C:\WINDOWS\SYSTEM32\UMPDC.dll
0x00007ffa6aa00000 - 0x00007ffa6aa24000 	C:\Program Files\Zulu\zulu-19\bin\jfxmedia.dll
0x00007ffa791d0000 - 0x00007ffa791e4000 	C:\Program Files\Zulu\zulu-19\bin\javafx_font.dll

dbghelp: loaded successfully - version: 4.0.5 - missing functions: none
symbol engine: initialized successfully - sym options: 0x614 - pdb path: .;C:\Program Files\Zulu\zulu-19\bin;C:\WINDOWS\SYSTEM32;C:\WINDOWS\WinSxS\amd64_microsoft.windows.common-controls_6595b64144ccf1df_6.0.22621.608_none_a9444ca7c10bb01d;C:\Program Files\Zulu\zulu-19\bin\server;C:\WINDOWS\System32\DriverStore\FileRepository\nvlt.inf_amd64_7947c31fc944635c;C:\Program Files\Common Files\Microsoft Shared\Ink;C:\Users\ulise\AppData\Local\Temp\jSerialComm\2.9.3

VM Arguments:
jvm_args: -Dfile.encoding=UTF-8 
java_command: GameMenuDemo
java_class_path (initial): C:\Users\ulise\Desktop\TEC\Algoritmos y estructura de datos I\BuscaMinas\ventana busca minas\lib\rxtx-2.1-7r2;C:\Users\ulise\Downloads\RXTXcomm.jar;C:\Users\ulise\Downloads\jSerialComm-2.9.3.zip;C:\Users\ulise\Downloads\jSerialComm-2.9.3.jar;C:\Users\ulise\Desktop\TEC\Algoritmos y estructura de datos I\BuscaMinas\ventana busca minas\build\classes
Launcher Type: SUN_STANDARD

[Global flags]
     intx CICompilerCount                          = 4                                         {product} {ergonomic}
     uint ConcGCThreads                            = 3                                         {product} {ergonomic}
     uint G1ConcRefinementThreads                  = 10                                        {product} {ergonomic}
   size_t G1HeapRegionSize                         = 1048576                                   {product} {ergonomic}
    uintx GCDrainStackTargetSize                   = 64                                        {product} {ergonomic}
   size_t InitialHeapSize                          = 134217728                                 {product} {ergonomic}
   size_t MarkStackSize                            = 4194304                                   {product} {ergonomic}
   size_t MaxHeapSize                              = 2124414976                                {product} {ergonomic}
   size_t MaxNewSize                               = 1274019840                                {product} {ergonomic}
   size_t MinHeapDeltaBytes                        = 1048576                                   {product} {ergonomic}
   size_t MinHeapSize                              = 8388608                                   {product} {ergonomic}
    uintx NonNMethodCodeHeapSize                   = 5839372                                {pd product} {ergonomic}
    uintx NonProfiledCodeHeapSize                  = 122909434                              {pd product} {ergonomic}
    uintx ProfiledCodeHeapSize                     = 122909434                              {pd product} {ergonomic}
    uintx ReservedCodeCacheSize                    = 251658240                              {pd product} {ergonomic}
     bool SegmentedCodeCache                       = true                                      {product} {ergonomic}
   size_t SoftMaxHeapSize                          = 2124414976                             {manageable} {ergonomic}
     bool UseCompressedClassPointers               = true                           {product lp64_product} {ergonomic}
     bool UseCompressedOops                        = true                           {product lp64_product} {ergonomic}
     bool UseG1GC                                  = true                                      {product} {ergonomic}
     bool UseLargePagesIndividualAllocation        = false                                  {pd product} {ergonomic}

Logging:
Log output configuration:
 #0: stdout all=warning uptime,level,tags foldmultilines=false
 #1: stderr all=off uptime,level,tags foldmultilines=false

Environment Variables:
PATH=C:\Program Files\Zulu\zulu-19\bin\;C:\Program Files\Common Files\Oracle\Java\javapath;C:\Program Files (x86)\Common Files\Oracle\Java\javapath;C:\Windows\system32;C:\Windows;C:\Windows\System32\Wbem;C:\Windows\System32\WindowsPowerShell\v1.0\;C:\Windows\System32\OpenSSH\;C:\Program Files (x86)\NVIDIA Corporation\PhysX\Common;C:\Program Files\NVIDIA Corporation\NVIDIA NvDLISR;C:\WINDOWS\system32;C:\WINDOWS;C:\WINDOWS\System32\Wbem;C:\WINDOWS\System32\WindowsPowerShell\v1.0\;C:\WINDOWS\System32\OpenSSH\;C:\Program Files\nodejs\;C:\Program Files\Git\cmd;C:\Users\ulise\AppData\Local\Microsoft\WindowsApps;C:\Users\ulise\AppData\Local\Programs\Microsoft VS Code\bin;C:\Users\ulise\AppData\Roaming\npm;C:\Users\ulise\AppData\Local\GitHubDesktop\bin
USERNAME=ulise
OS=Windows_NT
PROCESSOR_IDENTIFIER=Intel64 Family 6 Model 165 Stepping 2, GenuineIntel
TMP=C:\Users\ulise\AppData\Local\Temp
TEMP=C:\Users\ulise\AppData\Local\Temp



---------------  S Y S T E M  ---------------

OS:
 Windows 11 , 64 bit Build 22621 (10.0.22621.1485)
OS uptime: 8 days 5:02 hours

CPU: total 12 (initial active 12) (6 cores per cpu, 2 threads per core) family 6 model 165 stepping 2 microcode 0xe2, cx8, cmov, fxsr, ht, mmx, 3dnowpref, sse, sse2, sse3, ssse3, sse4.1, sse4.2, popcnt, lzcnt, tsc, tscinvbit, avx, avx2, aes, erms, clmul, bmi1, bmi2, adx, fma, vzeroupper, clflush, clflushopt, rdtscp

Memory: 4k page, system-wide physical 8099M (800M free)
TotalPageFile size 12195M (AvailPageFile size 70M)
current process WorkingSet (physical memory assigned to process): 406M, peak: 413M
current process commit charge ("private bytes"): 512M, peak: 643M

vm_info: OpenJDK 64-Bit Server VM (19.0.2+7) for windows-amd64 JRE (19.0.2+7) (Zulu19.32+15-CA), built on Dec 28 2022 19:25:40 by "zulu_re" with MS VC++ 16.10 / 16.11 (VS2019)

END.
