#
# There is insufficient memory for the Java Runtime Environment to continue.
# Native memory allocation (malloc) failed to allocate 32744 bytes for Chunk::new
# Possible reasons:
#   The system is out of physical RAM or swap space
#   The process is running with CompressedOops enabled, and the Java Heap may be blocking the growth of the native heap
# Possible solutions:
#   Reduce memory load on the system
#   Increase physical memory or swap space
#   Check if swap backing store is full
#   Decrease Java heap size (-Xmx/-Xms)
#   Decrease number of Java threads
#   Decrease Java thread stack sizes (-Xss)
#   Set larger code cache with -XX:ReservedCodeCacheSize=
#   JVM is running with Unscaled Compressed Oops mode in which the Java heap is
#     placed in the first 4GB address space. The Java Heap base address is the
#     maximum limit for the native heap growth. Please use -XX:HeapBaseMinAddress
#     to set the Java Heap base and to place the Java Heap above 4GB virtual address.
# This output file may be truncated or incomplete.
#
#  Out of Memory Error (arena.cpp:184), pid=20324, tid=3856
#
# JRE version: OpenJDK Runtime Environment Zulu19.32+15-CA (19.0.2+7) (build 19.0.2+7)
# Java VM: OpenJDK 64-Bit Server VM Zulu19.32+15-CA (19.0.2+7, mixed mode, sharing, tiered, compressed oops, compressed class ptrs, g1 gc, windows-amd64)
# No core dump will be written. Minidumps are not enabled by default on client versions of Windows
#

---------------  S U M M A R Y ------------

Command Line: -Dfile.encoding=UTF-8 BuscaminasFX

Host: Intel(R) Core(TM) i7-10750H CPU @ 2.60GHz, 12 cores, 7G,  Windows 11 , 64 bit Build 22621 (10.0.22621.1344)
Time: Tue Mar 21 13:06:17 2023 Hora estándar, América Central elapsed time: 3.620235 seconds (0d 0h 0m 3s)

---------------  T H R E A D  ---------------

Current thread (0x0000025bf275a8f0):  JavaThread "C1 CompilerThread0" daemon [_thread_in_native, id=3856, stack(0x000000ab8ad00000,0x000000ab8ae00000)]


Current CompileTask:
C1:   3620 1763       3       javafx.scene.CssStyleHelper::lookupFont (1235 bytes)

Stack: [0x000000ab8ad00000,0x000000ab8ae00000]
Native frames: (J=compiled Java code, j=interpreted, Vv=VM code, C=native code)
V  [jvm.dll+0x6eab2a]
V  [jvm.dll+0x8a4a20]
V  [jvm.dll+0x8a640e]
V  [jvm.dll+0x8a6ac3]
V  [jvm.dll+0x27c1ef]
V  [jvm.dll+0xc245f]
V  [jvm.dll+0xc27d5]
V  [jvm.dll+0x19c6a3]
V  [jvm.dll+0x19c76d]
V  [jvm.dll+0x19ef41]
V  [jvm.dll+0x1a0a51]
V  [jvm.dll+0x159a53]
V  [jvm.dll+0x159332]
V  [jvm.dll+0x159586]
V  [jvm.dll+0x1589ef]
V  [jvm.dll+0x15a6e1]
V  [jvm.dll+0x254799]
V  [jvm.dll+0x2529a8]
V  [jvm.dll+0x854e98]
V  [jvm.dll+0x84ec7a]
V  [jvm.dll+0x6e981b]
C  [ucrtbase.dll+0x29363]
C  [KERNEL32.DLL+0x126bd]
C  [ntdll.dll+0x5a9f8]


---------------  P R O C E S S  ---------------

Threads class SMR info:
_java_thread_list=0x0000025bff17d4a0, length=19, elements={
0x0000025bd2858310, 0x0000025bf2746b70, 0x0000025bf274b5c0, 0x0000025bf274df00,
0x0000025bf2750ba0, 0x0000025bf27514d0, 0x0000025bf2751e00, 0x0000025bf2755f60,
0x0000025bf275a8f0, 0x0000025bf2766290, 0x0000025bf6a46ad0, 0x0000025bf6a4d430,
0x0000025bf6cb47e0, 0x0000025bf6d03410, 0x0000025bf6fc2220, 0x0000025bf7238610,
0x0000025bf7239b50, 0x0000025bf723bb30, 0x0000025bf723a0a0
}

Java Threads: ( => current thread )
  0x0000025bd2858310 JavaThread "main" [_thread_blocked, id=17964, stack(0x000000ab89f00000,0x000000ab8a000000)]
  0x0000025bf2746b70 JavaThread "Reference Handler" daemon [_thread_blocked, id=22172, stack(0x000000ab8a600000,0x000000ab8a700000)]
  0x0000025bf274b5c0 JavaThread "Finalizer" daemon [_thread_blocked, id=10656, stack(0x000000ab8a700000,0x000000ab8a800000)]
  0x0000025bf274df00 JavaThread "Signal Dispatcher" daemon [_thread_blocked, id=15692, stack(0x000000ab8a800000,0x000000ab8a900000)]
  0x0000025bf2750ba0 JavaThread "Attach Listener" daemon [_thread_blocked, id=22448, stack(0x000000ab8a900000,0x000000ab8aa00000)]
  0x0000025bf27514d0 JavaThread "Service Thread" daemon [_thread_blocked, id=9772, stack(0x000000ab8aa00000,0x000000ab8ab00000)]
  0x0000025bf2751e00 JavaThread "Monitor Deflation Thread" daemon [_thread_blocked, id=14148, stack(0x000000ab8ab00000,0x000000ab8ac00000)]
  0x0000025bf2755f60 JavaThread "C2 CompilerThread0" daemon [_thread_blocked, id=18648, stack(0x000000ab8ac00000,0x000000ab8ad00000)]
=>0x0000025bf275a8f0 JavaThread "C1 CompilerThread0" daemon [_thread_in_native, id=3856, stack(0x000000ab8ad00000,0x000000ab8ae00000)]
  0x0000025bf2766290 JavaThread "Sweeper thread" daemon [_thread_blocked, id=20104, stack(0x000000ab8ae00000,0x000000ab8af00000)]
  0x0000025bf6a46ad0 JavaThread "Notification Thread" daemon [_thread_blocked, id=2660, stack(0x000000ab8af00000,0x000000ab8b000000)]
  0x0000025bf6a4d430 JavaThread "Common-Cleaner" daemon [_thread_blocked, id=11132, stack(0x000000ab8b100000,0x000000ab8b200000)]
  0x0000025bf6cb47e0 JavaThread "QuantumRenderer-0" daemon [_thread_blocked, id=11596, stack(0x000000ab8b200000,0x000000ab8b300000)]
  0x0000025bf6d03410 JavaThread "InvokeLaterDispatcher" daemon [_thread_blocked, id=8888, stack(0x000000ab8b400000,0x000000ab8b500000)]
  0x0000025bf6fc2220 JavaThread "JavaFX Application Thread" [_thread_in_native, id=3540, stack(0x000000ab8b500000,0x000000ab8b600000)]
  0x0000025bf7238610 JavaThread "JavaFX-Launcher" [_thread_blocked, id=15496, stack(0x000000ab8b900000,0x000000ab8ba00000)]
  0x0000025bf7239b50 JavaThread "Thread-2" daemon [_thread_in_native, id=20856, stack(0x000000ab8b800000,0x000000ab8b900000)]
  0x0000025bf723bb30 JavaThread "Timer-0" [_thread_blocked, id=2260, stack(0x000000ab8bb00000,0x000000ab8bc00000)]
  0x0000025bf723a0a0 JavaThread "Prism Font Disposer" daemon [_thread_blocked, id=11972, stack(0x000000ab8bf00000,0x000000ab8c000000)]

Other Threads:
  0x0000025bf2730580 VMThread "VM Thread" [stack: 0x000000ab8a500000,0x000000ab8a600000] [id=6260]
  0x0000025bf6a49020 WatcherThread "VM Periodic Task Thread" [stack: 0x000000ab8b000000,0x000000ab8b100000] [id=1664]
  0x0000025bd28b6c10 WorkerThread "GC Thread#0" [stack: 0x000000ab8a000000,0x000000ab8a100000] [id=18460]
  0x0000025bd28c7a70 ConcurrentGCThread "G1 Main Marker" [stack: 0x000000ab8a100000,0x000000ab8a200000] [id=15628]
  0x0000025bd28c9af0 WorkerThread "G1 Conc#0" [stack: 0x000000ab8a200000,0x000000ab8a300000] [id=18036]
  0x0000025bd291e8f0 ConcurrentGCThread "G1 Refine#0" [stack: 0x000000ab8a300000,0x000000ab8a400000] [id=9188]
  0x0000025bf25e8500 ConcurrentGCThread "G1 Service" [stack: 0x000000ab8a400000,0x000000ab8a500000] [id=19268]

Threads with active compile tasks:
C1 CompilerThread0     3632 1763       3       javafx.scene.CssStyleHelper::lookupFont (1235 bytes)

VM state: not at safepoint (normal execution)

VM Mutex/Monitor currently owned by a thread: None

Heap address: 0x0000000082000000, size: 2016 MB, Compressed Oops mode: 32-bit

CDS archive(s) mapped at: [0x0000000800000000-0x0000000800c40000-0x0000000800c40000), size 12845056, SharedBaseAddress: 0x0000000800000000, ArchiveRelocationMode: 0.
Compressed class space mapped at: 0x0000000801000000-0x0000000841000000, reserved size: 1073741824
Narrow klass base: 0x0000000800000000, Narrow klass shift: 0, Narrow klass range: 0x100000000

GC Precious Log:
 CardTable entry size: 512
 Card Set container configuration: InlinePtr #cards 5 size 8 Array Of Cards #cards 12 size 40 Howl #buckets 4 coarsen threshold 1843 Howl Bitmap #cards 512 size 80 coarsen threshold 460 Card regions per heap region 1 cards per card region 2048
 CPUs: 12 total, 12 available
 Memory: 8059M
 Large Page Support: Disabled
 NUMA Support: Disabled
 Compressed Oops: Enabled (32-bit)
 Heap Region Size: 1M
 Heap Min Capacity: 8M
 Heap Initial Capacity: 126M
 Heap Max Capacity: 2016M
 Pre-touch: Disabled
 Parallel Workers: 10
 Concurrent Workers: 3
 Concurrent Refinement Workers: 10
 Periodic GC: Disabled

Heap:
 garbage-first heap   total 129024K, used 16384K [0x0000000082000000, 0x0000000100000000)
  region size 1024K, 17 young (17408K), 0 survivors (0K)
 Metaspace       used 10547K, committed 10816K, reserved 1114112K
  class space    used 1487K, committed 1600K, reserved 1048576K

Heap Regions: E=young(eden), S=young(survivor), O=old, HS=humongous(starts), HC=humongous(continues), CS=collection set, F=free, OA=open archive, CA=closed archive, TAMS=top-at-mark-start (previous, next)
|   0|0x0000000082000000, 0x0000000082100000, 0x0000000082100000|100%|HS|  |TAMS 0x0000000082000000, 0x0000000082000000| Complete 
|   1|0x0000000082100000, 0x0000000082100000, 0x0000000082200000|  0%| F|  |TAMS 0x0000000082100000, 0x0000000082100000| Untracked 
|   2|0x0000000082200000, 0x0000000082200000, 0x0000000082300000|  0%| F|  |TAMS 0x0000000082200000, 0x0000000082200000| Untracked 
|   3|0x0000000082300000, 0x0000000082300000, 0x0000000082400000|  0%| F|  |TAMS 0x0000000082300000, 0x0000000082300000| Untracked 
|   4|0x0000000082400000, 0x0000000082400000, 0x0000000082500000|  0%| F|  |TAMS 0x0000000082400000, 0x0000000082400000| Untracked 
|   5|0x0000000082500000, 0x0000000082500000, 0x0000000082600000|  0%| F|  |TAMS 0x0000000082500000, 0x0000000082500000| Untracked 
|   6|0x0000000082600000, 0x0000000082600000, 0x0000000082700000|  0%| F|  |TAMS 0x0000000082600000, 0x0000000082600000| Untracked 
|   7|0x0000000082700000, 0x0000000082700000, 0x0000000082800000|  0%| F|  |TAMS 0x0000000082700000, 0x0000000082700000| Untracked 
|   8|0x0000000082800000, 0x0000000082800000, 0x0000000082900000|  0%| F|  |TAMS 0x0000000082800000, 0x0000000082800000| Untracked 
|   9|0x0000000082900000, 0x0000000082900000, 0x0000000082a00000|  0%| F|  |TAMS 0x0000000082900000, 0x0000000082900000| Untracked 
|  10|0x0000000082a00000, 0x0000000082a00000, 0x0000000082b00000|  0%| F|  |TAMS 0x0000000082a00000, 0x0000000082a00000| Untracked 
|  11|0x0000000082b00000, 0x0000000082b00000, 0x0000000082c00000|  0%| F|  |TAMS 0x0000000082b00000, 0x0000000082b00000| Untracked 
|  12|0x0000000082c00000, 0x0000000082c00000, 0x0000000082d00000|  0%| F|  |TAMS 0x0000000082c00000, 0x0000000082c00000| Untracked 
|  13|0x0000000082d00000, 0x0000000082d00000, 0x0000000082e00000|  0%| F|  |TAMS 0x0000000082d00000, 0x0000000082d00000| Untracked 
|  14|0x0000000082e00000, 0x0000000082e00000, 0x0000000082f00000|  0%| F|  |TAMS 0x0000000082e00000, 0x0000000082e00000| Untracked 
|  15|0x0000000082f00000, 0x0000000082f00000, 0x0000000083000000|  0%| F|  |TAMS 0x0000000082f00000, 0x0000000082f00000| Untracked 
|  16|0x0000000083000000, 0x0000000083000000, 0x0000000083100000|  0%| F|  |TAMS 0x0000000083000000, 0x0000000083000000| Untracked 
|  17|0x0000000083100000, 0x0000000083100000, 0x0000000083200000|  0%| F|  |TAMS 0x0000000083100000, 0x0000000083100000| Untracked 
|  18|0x0000000083200000, 0x0000000083200000, 0x0000000083300000|  0%| F|  |TAMS 0x0000000083200000, 0x0000000083200000| Untracked 
|  19|0x0000000083300000, 0x0000000083300000, 0x0000000083400000|  0%| F|  |TAMS 0x0000000083300000, 0x0000000083300000| Untracked 
|  20|0x0000000083400000, 0x0000000083400000, 0x0000000083500000|  0%| F|  |TAMS 0x0000000083400000, 0x0000000083400000| Untracked 
|  21|0x0000000083500000, 0x0000000083500000, 0x0000000083600000|  0%| F|  |TAMS 0x0000000083500000, 0x0000000083500000| Untracked 
|  22|0x0000000083600000, 0x0000000083600000, 0x0000000083700000|  0%| F|  |TAMS 0x0000000083600000, 0x0000000083600000| Untracked 
|  23|0x0000000083700000, 0x0000000083700000, 0x0000000083800000|  0%| F|  |TAMS 0x0000000083700000, 0x0000000083700000| Untracked 
|  24|0x0000000083800000, 0x0000000083800000, 0x0000000083900000|  0%| F|  |TAMS 0x0000000083800000, 0x0000000083800000| Untracked 
|  25|0x0000000083900000, 0x0000000083900000, 0x0000000083a00000|  0%| F|  |TAMS 0x0000000083900000, 0x0000000083900000| Untracked 
|  26|0x0000000083a00000, 0x0000000083a00000, 0x0000000083b00000|  0%| F|  |TAMS 0x0000000083a00000, 0x0000000083a00000| Untracked 
|  27|0x0000000083b00000, 0x0000000083b00000, 0x0000000083c00000|  0%| F|  |TAMS 0x0000000083b00000, 0x0000000083b00000| Untracked 
|  28|0x0000000083c00000, 0x0000000083c00000, 0x0000000083d00000|  0%| F|  |TAMS 0x0000000083c00000, 0x0000000083c00000| Untracked 
|  29|0x0000000083d00000, 0x0000000083d00000, 0x0000000083e00000|  0%| F|  |TAMS 0x0000000083d00000, 0x0000000083d00000| Untracked 
|  30|0x0000000083e00000, 0x0000000083e00000, 0x0000000083f00000|  0%| F|  |TAMS 0x0000000083e00000, 0x0000000083e00000| Untracked 
|  31|0x0000000083f00000, 0x0000000083f00000, 0x0000000084000000|  0%| F|  |TAMS 0x0000000083f00000, 0x0000000083f00000| Untracked 
|  32|0x0000000084000000, 0x0000000084000000, 0x0000000084100000|  0%| F|  |TAMS 0x0000000084000000, 0x0000000084000000| Untracked 
|  33|0x0000000084100000, 0x0000000084100000, 0x0000000084200000|  0%| F|  |TAMS 0x0000000084100000, 0x0000000084100000| Untracked 
|  34|0x0000000084200000, 0x0000000084200000, 0x0000000084300000|  0%| F|  |TAMS 0x0000000084200000, 0x0000000084200000| Untracked 
|  35|0x0000000084300000, 0x0000000084300000, 0x0000000084400000|  0%| F|  |TAMS 0x0000000084300000, 0x0000000084300000| Untracked 
|  36|0x0000000084400000, 0x0000000084400000, 0x0000000084500000|  0%| F|  |TAMS 0x0000000084400000, 0x0000000084400000| Untracked 
|  37|0x0000000084500000, 0x0000000084500000, 0x0000000084600000|  0%| F|  |TAMS 0x0000000084500000, 0x0000000084500000| Untracked 
|  38|0x0000000084600000, 0x0000000084600000, 0x0000000084700000|  0%| F|  |TAMS 0x0000000084600000, 0x0000000084600000| Untracked 
|  39|0x0000000084700000, 0x0000000084700000, 0x0000000084800000|  0%| F|  |TAMS 0x0000000084700000, 0x0000000084700000| Untracked 
|  40|0x0000000084800000, 0x0000000084800000, 0x0000000084900000|  0%| F|  |TAMS 0x0000000084800000, 0x0000000084800000| Untracked 
|  41|0x0000000084900000, 0x0000000084900000, 0x0000000084a00000|  0%| F|  |TAMS 0x0000000084900000, 0x0000000084900000| Untracked 
|  42|0x0000000084a00000, 0x0000000084a00000, 0x0000000084b00000|  0%| F|  |TAMS 0x0000000084a00000, 0x0000000084a00000| Untracked 
|  43|0x0000000084b00000, 0x0000000084b00000, 0x0000000084c00000|  0%| F|  |TAMS 0x0000000084b00000, 0x0000000084b00000| Untracked 
|  44|0x0000000084c00000, 0x0000000084c00000, 0x0000000084d00000|  0%| F|  |TAMS 0x0000000084c00000, 0x0000000084c00000| Untracked 
|  45|0x0000000084d00000, 0x0000000084d00000, 0x0000000084e00000|  0%| F|  |TAMS 0x0000000084d00000, 0x0000000084d00000| Untracked 
|  46|0x0000000084e00000, 0x0000000084e00000, 0x0000000084f00000|  0%| F|  |TAMS 0x0000000084e00000, 0x0000000084e00000| Untracked 
|  47|0x0000000084f00000, 0x0000000084f00000, 0x0000000085000000|  0%| F|  |TAMS 0x0000000084f00000, 0x0000000084f00000| Untracked 
|  48|0x0000000085000000, 0x0000000085000000, 0x0000000085100000|  0%| F|  |TAMS 0x0000000085000000, 0x0000000085000000| Untracked 
|  49|0x0000000085100000, 0x0000000085100000, 0x0000000085200000|  0%| F|  |TAMS 0x0000000085100000, 0x0000000085100000| Untracked 
|  50|0x0000000085200000, 0x0000000085200000, 0x0000000085300000|  0%| F|  |TAMS 0x0000000085200000, 0x0000000085200000| Untracked 
|  51|0x0000000085300000, 0x0000000085300000, 0x0000000085400000|  0%| F|  |TAMS 0x0000000085300000, 0x0000000085300000| Untracked 
|  52|0x0000000085400000, 0x0000000085400000, 0x0000000085500000|  0%| F|  |TAMS 0x0000000085400000, 0x0000000085400000| Untracked 
|  53|0x0000000085500000, 0x0000000085500000, 0x0000000085600000|  0%| F|  |TAMS 0x0000000085500000, 0x0000000085500000| Untracked 
|  54|0x0000000085600000, 0x0000000085600000, 0x0000000085700000|  0%| F|  |TAMS 0x0000000085600000, 0x0000000085600000| Untracked 
|  55|0x0000000085700000, 0x0000000085700000, 0x0000000085800000|  0%| F|  |TAMS 0x0000000085700000, 0x0000000085700000| Untracked 
|  56|0x0000000085800000, 0x0000000085800000, 0x0000000085900000|  0%| F|  |TAMS 0x0000000085800000, 0x0000000085800000| Untracked 
|  57|0x0000000085900000, 0x0000000085900000, 0x0000000085a00000|  0%| F|  |TAMS 0x0000000085900000, 0x0000000085900000| Untracked 
|  58|0x0000000085a00000, 0x0000000085a00000, 0x0000000085b00000|  0%| F|  |TAMS 0x0000000085a00000, 0x0000000085a00000| Untracked 
|  59|0x0000000085b00000, 0x0000000085b00000, 0x0000000085c00000|  0%| F|  |TAMS 0x0000000085b00000, 0x0000000085b00000| Untracked 
|  60|0x0000000085c00000, 0x0000000085c00000, 0x0000000085d00000|  0%| F|  |TAMS 0x0000000085c00000, 0x0000000085c00000| Untracked 
|  61|0x0000000085d00000, 0x0000000085d00000, 0x0000000085e00000|  0%| F|  |TAMS 0x0000000085d00000, 0x0000000085d00000| Untracked 
|  62|0x0000000085e00000, 0x0000000085e00000, 0x0000000085f00000|  0%| F|  |TAMS 0x0000000085e00000, 0x0000000085e00000| Untracked 
|  63|0x0000000085f00000, 0x0000000085f00000, 0x0000000086000000|  0%| F|  |TAMS 0x0000000085f00000, 0x0000000085f00000| Untracked 
|  64|0x0000000086000000, 0x0000000086000000, 0x0000000086100000|  0%| F|  |TAMS 0x0000000086000000, 0x0000000086000000| Untracked 
|  65|0x0000000086100000, 0x0000000086100000, 0x0000000086200000|  0%| F|  |TAMS 0x0000000086100000, 0x0000000086100000| Untracked 
|  66|0x0000000086200000, 0x0000000086200000, 0x0000000086300000|  0%| F|  |TAMS 0x0000000086200000, 0x0000000086200000| Untracked 
|  67|0x0000000086300000, 0x0000000086300000, 0x0000000086400000|  0%| F|  |TAMS 0x0000000086300000, 0x0000000086300000| Untracked 
|  68|0x0000000086400000, 0x0000000086400000, 0x0000000086500000|  0%| F|  |TAMS 0x0000000086400000, 0x0000000086400000| Untracked 
|  69|0x0000000086500000, 0x0000000086500000, 0x0000000086600000|  0%| F|  |TAMS 0x0000000086500000, 0x0000000086500000| Untracked 
|  70|0x0000000086600000, 0x0000000086600000, 0x0000000086700000|  0%| F|  |TAMS 0x0000000086600000, 0x0000000086600000| Untracked 
|  71|0x0000000086700000, 0x0000000086700000, 0x0000000086800000|  0%| F|  |TAMS 0x0000000086700000, 0x0000000086700000| Untracked 
|  72|0x0000000086800000, 0x0000000086800000, 0x0000000086900000|  0%| F|  |TAMS 0x0000000086800000, 0x0000000086800000| Untracked 
|  73|0x0000000086900000, 0x0000000086900000, 0x0000000086a00000|  0%| F|  |TAMS 0x0000000086900000, 0x0000000086900000| Untracked 
|  74|0x0000000086a00000, 0x0000000086a00000, 0x0000000086b00000|  0%| F|  |TAMS 0x0000000086a00000, 0x0000000086a00000| Untracked 
|  75|0x0000000086b00000, 0x0000000086b00000, 0x0000000086c00000|  0%| F|  |TAMS 0x0000000086b00000, 0x0000000086b00000| Untracked 
|  76|0x0000000086c00000, 0x0000000086c00000, 0x0000000086d00000|  0%| F|  |TAMS 0x0000000086c00000, 0x0000000086c00000| Untracked 
|  77|0x0000000086d00000, 0x0000000086d00000, 0x0000000086e00000|  0%| F|  |TAMS 0x0000000086d00000, 0x0000000086d00000| Untracked 
|  78|0x0000000086e00000, 0x0000000086e00000, 0x0000000086f00000|  0%| F|  |TAMS 0x0000000086e00000, 0x0000000086e00000| Untracked 
|  79|0x0000000086f00000, 0x0000000086f00000, 0x0000000087000000|  0%| F|  |TAMS 0x0000000086f00000, 0x0000000086f00000| Untracked 
|  80|0x0000000087000000, 0x0000000087000000, 0x0000000087100000|  0%| F|  |TAMS 0x0000000087000000, 0x0000000087000000| Untracked 
|  81|0x0000000087100000, 0x0000000087100000, 0x0000000087200000|  0%| F|  |TAMS 0x0000000087100000, 0x0000000087100000| Untracked 
|  82|0x0000000087200000, 0x0000000087200000, 0x0000000087300000|  0%| F|  |TAMS 0x0000000087200000, 0x0000000087200000| Untracked 
|  83|0x0000000087300000, 0x0000000087300000, 0x0000000087400000|  0%| F|  |TAMS 0x0000000087300000, 0x0000000087300000| Untracked 
|  84|0x0000000087400000, 0x0000000087400000, 0x0000000087500000|  0%| F|  |TAMS 0x0000000087400000, 0x0000000087400000| Untracked 
|  85|0x0000000087500000, 0x0000000087500000, 0x0000000087600000|  0%| F|  |TAMS 0x0000000087500000, 0x0000000087500000| Untracked 
|  86|0x0000000087600000, 0x0000000087600000, 0x0000000087700000|  0%| F|  |TAMS 0x0000000087600000, 0x0000000087600000| Untracked 
|  87|0x0000000087700000, 0x0000000087700000, 0x0000000087800000|  0%| F|  |TAMS 0x0000000087700000, 0x0000000087700000| Untracked 
|  88|0x0000000087800000, 0x0000000087800000, 0x0000000087900000|  0%| F|  |TAMS 0x0000000087800000, 0x0000000087800000| Untracked 
|  89|0x0000000087900000, 0x0000000087900000, 0x0000000087a00000|  0%| F|  |TAMS 0x0000000087900000, 0x0000000087900000| Untracked 
|  90|0x0000000087a00000, 0x0000000087a00000, 0x0000000087b00000|  0%| F|  |TAMS 0x0000000087a00000, 0x0000000087a00000| Untracked 
|  91|0x0000000087b00000, 0x0000000087b00000, 0x0000000087c00000|  0%| F|  |TAMS 0x0000000087b00000, 0x0000000087b00000| Untracked 
|  92|0x0000000087c00000, 0x0000000087c00000, 0x0000000087d00000|  0%| F|  |TAMS 0x0000000087c00000, 0x0000000087c00000| Untracked 
|  93|0x0000000087d00000, 0x0000000087d00000, 0x0000000087e00000|  0%| F|  |TAMS 0x0000000087d00000, 0x0000000087d00000| Untracked 
|  94|0x0000000087e00000, 0x0000000087e00000, 0x0000000087f00000|  0%| F|  |TAMS 0x0000000087e00000, 0x0000000087e00000| Untracked 
|  95|0x0000000087f00000, 0x0000000087f00000, 0x0000000088000000|  0%| F|  |TAMS 0x0000000087f00000, 0x0000000087f00000| Untracked 
|  96|0x0000000088000000, 0x0000000088000000, 0x0000000088100000|  0%| F|  |TAMS 0x0000000088000000, 0x0000000088000000| Untracked 
|  97|0x0000000088100000, 0x0000000088100000, 0x0000000088200000|  0%| F|  |TAMS 0x0000000088100000, 0x0000000088100000| Untracked 
|  98|0x0000000088200000, 0x0000000088200000, 0x0000000088300000|  0%| F|  |TAMS 0x0000000088200000, 0x0000000088200000| Untracked 
|  99|0x0000000088300000, 0x0000000088300000, 0x0000000088400000|  0%| F|  |TAMS 0x0000000088300000, 0x0000000088300000| Untracked 
| 100|0x0000000088400000, 0x0000000088400000, 0x0000000088500000|  0%| F|  |TAMS 0x0000000088400000, 0x0000000088400000| Untracked 
| 101|0x0000000088500000, 0x0000000088500000, 0x0000000088600000|  0%| F|  |TAMS 0x0000000088500000, 0x0000000088500000| Untracked 
| 102|0x0000000088600000, 0x0000000088600000, 0x0000000088700000|  0%| F|  |TAMS 0x0000000088600000, 0x0000000088600000| Untracked 
| 103|0x0000000088700000, 0x0000000088700000, 0x0000000088800000|  0%| F|  |TAMS 0x0000000088700000, 0x0000000088700000| Untracked 
| 104|0x0000000088800000, 0x0000000088800000, 0x0000000088900000|  0%| F|  |TAMS 0x0000000088800000, 0x0000000088800000| Untracked 
| 105|0x0000000088900000, 0x0000000088900000, 0x0000000088a00000|  0%| F|  |TAMS 0x0000000088900000, 0x0000000088900000| Untracked 
| 106|0x0000000088a00000, 0x0000000088a00000, 0x0000000088b00000|  0%| F|  |TAMS 0x0000000088a00000, 0x0000000088a00000| Untracked 
| 107|0x0000000088b00000, 0x0000000088b00000, 0x0000000088c00000|  0%| F|  |TAMS 0x0000000088b00000, 0x0000000088b00000| Untracked 
| 108|0x0000000088c00000, 0x0000000088c00000, 0x0000000088d00000|  0%| F|  |TAMS 0x0000000088c00000, 0x0000000088c00000| Untracked 
| 109|0x0000000088d00000, 0x0000000088d76460, 0x0000000088e00000| 46%| E|  |TAMS 0x0000000088d00000, 0x0000000088d00000| Complete 
| 110|0x0000000088e00000, 0x0000000088f00000, 0x0000000088f00000|100%| E|CS|TAMS 0x0000000088e00000, 0x0000000088e00000| Complete 
| 111|0x0000000088f00000, 0x0000000089000000, 0x0000000089000000|100%| E|CS|TAMS 0x0000000088f00000, 0x0000000088f00000| Complete 
| 112|0x0000000089000000, 0x0000000089100000, 0x0000000089100000|100%| E|CS|TAMS 0x0000000089000000, 0x0000000089000000| Complete 
| 113|0x0000000089100000, 0x0000000089200000, 0x0000000089200000|100%| E|CS|TAMS 0x0000000089100000, 0x0000000089100000| Complete 
| 114|0x0000000089200000, 0x0000000089300000, 0x0000000089300000|100%| E|CS|TAMS 0x0000000089200000, 0x0000000089200000| Complete 
| 115|0x0000000089300000, 0x0000000089400000, 0x0000000089400000|100%| E|CS|TAMS 0x0000000089300000, 0x0000000089300000| Complete 
| 116|0x0000000089400000, 0x0000000089500000, 0x0000000089500000|100%| E|CS|TAMS 0x0000000089400000, 0x0000000089400000| Complete 
| 117|0x0000000089500000, 0x0000000089600000, 0x0000000089600000|100%| E|CS|TAMS 0x0000000089500000, 0x0000000089500000| Complete 
| 118|0x0000000089600000, 0x0000000089700000, 0x0000000089700000|100%| E|CS|TAMS 0x0000000089600000, 0x0000000089600000| Complete 
| 119|0x0000000089700000, 0x0000000089800000, 0x0000000089800000|100%| E|CS|TAMS 0x0000000089700000, 0x0000000089700000| Complete 
| 120|0x0000000089800000, 0x0000000089900000, 0x0000000089900000|100%| E|CS|TAMS 0x0000000089800000, 0x0000000089800000| Complete 
| 121|0x0000000089900000, 0x0000000089a00000, 0x0000000089a00000|100%| E|  |TAMS 0x0000000089900000, 0x0000000089900000| Complete 
| 122|0x0000000089a00000, 0x0000000089b00000, 0x0000000089b00000|100%| E|CS|TAMS 0x0000000089a00000, 0x0000000089a00000| Complete 
| 123|0x0000000089b00000, 0x0000000089c00000, 0x0000000089c00000|100%| E|CS|TAMS 0x0000000089b00000, 0x0000000089b00000| Complete 
| 124|0x0000000089c00000, 0x0000000089d00000, 0x0000000089d00000|100%| E|CS|TAMS 0x0000000089c00000, 0x0000000089c00000| Complete 
| 125|0x0000000089d00000, 0x0000000089e00000, 0x0000000089e00000|100%| E|CS|TAMS 0x0000000089d00000, 0x0000000089d00000| Complete 

Card table byte_map: [0x0000025beb420000,0x0000025beb810000] _byte_map_base: 0x0000025beb010000

Marking Bits (Prev, Next): (CMBitMap*) 0x0000025bd28b7240, (CMBitMap*) 0x0000025bd28b7280
 Prev Bits: [0x0000025bebc00000, 0x0000025bedb80000)
 Next Bits: [0x0000025bedb80000, 0x0000025befb00000)

Polling page: 0x0000025bd07c0000

Metaspace:

Usage:
  Non-class:      8.85 MB used.
      Class:      1.45 MB used.
       Both:     10.30 MB used.

Virtual space:
  Non-class space:       64.00 MB reserved,       9.00 MB ( 14%) committed,  1 nodes.
      Class space:        1.00 GB reserved,       1.56 MB ( <1%) committed,  1 nodes.
             Both:        1.06 GB reserved,      10.56 MB ( <1%) committed. 

Chunk freelists:
   Non-Class:  944.00 KB
       Class:  2.39 MB
        Both:  3.31 MB

MaxMetaspaceSize: unlimited
CompressedClassSpaceSize: 1.00 GB
Initial GC threshold: 21.00 MB
Current GC threshold: 21.00 MB
CDS: on
MetaspaceReclaimPolicy: balanced
 - commit_granule_bytes: 65536.
 - commit_granule_words: 8192.
 - virtual_space_node_default_size: 8388608.
 - enlarge_chunks_in_place: 1.
 - new_chunks_are_fully_committed: 0.
 - uncommit_free_chunks: 1.
 - use_allocation_guard: 0.


Internal statistics:

num_allocs_failed_limit: 0.
num_arena_births: 192.
num_arena_deaths: 0.
num_vsnodes_births: 2.
num_vsnodes_deaths: 0.
num_space_committed: 169.
num_space_uncommitted: 0.
num_chunks_returned_to_freelist: 0.
num_chunks_taken_from_freelist: 566.
num_chunk_merges: 0.
num_chunk_splits: 395.
num_chunks_enlarged: 314.
num_inconsistent_stats: 0.

CodeHeap 'non-profiled nmethods': size=120000Kb used=545Kb max_used=545Kb free=119454Kb
 bounds [0x0000025be3590000, 0x0000025be3800000, 0x0000025beaac0000]
CodeHeap 'profiled nmethods': size=120000Kb used=2961Kb max_used=2961Kb free=117038Kb
 bounds [0x0000025bdbac0000, 0x0000025bdbdb0000, 0x0000025be2ff0000]
CodeHeap 'non-nmethods': size=5760Kb used=1459Kb max_used=1478Kb free=4300Kb
 bounds [0x0000025be2ff0000, 0x0000025be3260000, 0x0000025be3590000]
 total_blobs=2482 nmethods=1762 adapters=630
 compilation: enabled
              stopped_count=0, restarted_count=0
 full_count=0

Compilation events (20 events):
Event: 2.711 Thread 0x0000025bf275a8f0 nmethod 1753 0x0000025be3617f90 code [0x0000025be3618120, 0x0000025be36181d8]
Event: 2.732 Thread 0x0000025bf275a8f0 1754       1       java.util.concurrent.atomic.AtomicInteger::get (5 bytes)
Event: 2.732 Thread 0x0000025bf275a8f0 nmethod 1754 0x0000025be3618290 code [0x0000025be3618420, 0x0000025be36184d8]
Event: 2.732 Thread 0x0000025bf275a8f0 1755       3       com.sun.javafx.tk.Toolkit::isFxUserThread (15 bytes)
Event: 2.732 Thread 0x0000025bf275a8f0 nmethod 1755 0x0000025bdbda0d10 code [0x0000025bdbda0ec0, 0x0000025bdbda1058]
Event: 2.735 Thread 0x0000025bf275a8f0 1756       3       java.util.WeakHashMap::size (18 bytes)
Event: 2.735 Thread 0x0000025bf275a8f0 nmethod 1756 0x0000025bdbda1110 code [0x0000025bdbda12c0, 0x0000025bdbda1488]
Event: 2.746 Thread 0x0000025bf275a8f0 1757       3       com.sun.javafx.geom.Vec3d::<init> (5 bytes)
Event: 2.746 Thread 0x0000025bf275a8f0 nmethod 1757 0x0000025bdbda1510 code [0x0000025bdbda16c0, 0x0000025bdbda1818]
Event: 3.544 Thread 0x0000025bf275a8f0 1758       3       java.util.Collections$UnmodifiableCollection$1::hasNext (10 bytes)
Event: 3.544 Thread 0x0000025bf275a8f0 nmethod 1758 0x0000025bdbda1910 code [0x0000025bdbda1ac0, 0x0000025bdbda1c88]
Event: 3.592 Thread 0x0000025bf275a8f0 1759       3       java.lang.invoke.VarHandle::checkAccessModeThenIsDirect (29 bytes)
Event: 3.592 Thread 0x0000025bf275a8f0 nmethod 1759 0x0000025bdbda1d90 code [0x0000025bdbda1fa0, 0x0000025bdbda28a8]
Event: 3.592 Thread 0x0000025bf275a8f0 1760       3       java.lang.invoke.VarForm::getMemberName (31 bytes)
Event: 3.592 Thread 0x0000025bf275a8f0 nmethod 1760 0x0000025bdbda2b90 code [0x0000025bdbda2d60, 0x0000025bdbda3018]
Event: 3.592 Thread 0x0000025bf275a8f0 1761       3       javafx.scene.input.MouseEvent::copyFor (7 bytes)
Event: 3.592 Thread 0x0000025bf275a8f0 nmethod 1761 0x0000025bdbda3190 code [0x0000025bdbda3340, 0x0000025bdbda3508]
Event: 3.606 Thread 0x0000025bf275a8f0 1762       3       javafx.beans.property.BooleanPropertyBase::set (76 bytes)
Event: 3.606 Thread 0x0000025bf275a8f0 nmethod 1762 0x0000025bdbda3590 code [0x0000025bdbda3800, 0x0000025bdbda4298]
Event: 3.611 Thread 0x0000025bf275a8f0 1763       3       javafx.scene.CssStyleHelper::lookupFont (1235 bytes)

GC Heap History (0 events):
No events

Dll operation events (20 events):
Event: 0.162 Loaded shared library C:\Program Files\Zulu\zulu-19\bin\api-ms-win-crt-locale-l1-1-0.dll
Event: 0.164 Loaded shared library C:\Program Files\Zulu\zulu-19\bin\api-ms-win-crt-math-l1-1-0.dll
Event: 0.168 Loaded shared library C:\Program Files\Zulu\zulu-19\bin\api-ms-win-crt-multibyte-l1-1-0.dll
Event: 0.169 Loaded shared library C:\Program Files\Zulu\zulu-19\bin\api-ms-win-crt-private-l1-1-0.dll
Event: 0.171 Loaded shared library C:\Program Files\Zulu\zulu-19\bin\api-ms-win-crt-process-l1-1-0.dll
Event: 0.172 Loaded shared library C:\Program Files\Zulu\zulu-19\bin\api-ms-win-crt-runtime-l1-1-0.dll
Event: 0.173 Loaded shared library C:\Program Files\Zulu\zulu-19\bin\api-ms-win-crt-stdio-l1-1-0.dll
Event: 0.175 Loaded shared library C:\Program Files\Zulu\zulu-19\bin\api-ms-win-crt-string-l1-1-0.dll
Event: 0.176 Loaded shared library C:\Program Files\Zulu\zulu-19\bin\api-ms-win-crt-time-l1-1-0.dll
Event: 0.177 Loaded shared library C:\Program Files\Zulu\zulu-19\bin\api-ms-win-crt-utility-l1-1-0.dll
Event: 0.178 Loaded shared library C:\Program Files\Zulu\zulu-19\bin\ucrtbase.dll
Event: 0.180 Loaded shared library C:\Program Files\Zulu\zulu-19\bin\vcruntime140.dll
Event: 0.180 Loaded shared library C:\Program Files\Zulu\zulu-19\bin\vcruntime140_1.dll
Event: 0.181 Loaded shared library C:\Program Files\Zulu\zulu-19\bin\msvcp140.dll
Event: 0.184 Loaded shared library C:\Program Files\Zulu\zulu-19\bin\msvcp140_1.dll
Event: 0.185 Loaded shared library C:\Program Files\Zulu\zulu-19\bin\msvcp140_2.dll
Event: 0.209 Loaded shared library C:\Program Files\Zulu\zulu-19\bin\prism_d3d.dll
Event: 0.262 Loaded shared library C:\Program Files\Zulu\zulu-19\bin\glass.dll
Event: 0.457 Loaded shared library C:\Program Files\Zulu\zulu-19\bin\javafx_font.dll
Event: 0.554 Loaded shared library C:\Program Files\Zulu\zulu-19\bin\zip.dll

Deoptimization events (20 events):
Event: 0.750 Thread 0x0000025bf6fc2220 Uncommon trap: trap_request=0xffffffde fr.pc=0x0000025be35ecf4c relative=0x00000000000000ac
Event: 0.750 Thread 0x0000025bf6fc2220 Uncommon trap: reason=class_check action=maybe_recompile pc=0x0000025be35ecf4c method=com.sun.javafx.css.StyleMap.isEmpty()Z @ 11 c2
Event: 0.750 Thread 0x0000025bf6fc2220 DEOPT PACKING pc=0x0000025be35ecf4c sp=0x000000ab8b5fd7c0
Event: 0.750 Thread 0x0000025bf6fc2220 DEOPT UNPACKING pc=0x0000025be3056da3 sp=0x000000ab8b5fd758 mode 2
Event: 0.750 Thread 0x0000025bf6fc2220 Uncommon trap: trap_request=0xffffffde fr.pc=0x0000025be35ecf4c relative=0x00000000000000ac
Event: 0.750 Thread 0x0000025bf6fc2220 Uncommon trap: reason=class_check action=maybe_recompile pc=0x0000025be35ecf4c method=com.sun.javafx.css.StyleMap.isEmpty()Z @ 11 c2
Event: 0.750 Thread 0x0000025bf6fc2220 DEOPT PACKING pc=0x0000025be35ecf4c sp=0x000000ab8b5fd7c0
Event: 0.750 Thread 0x0000025bf6fc2220 DEOPT UNPACKING pc=0x0000025be3056da3 sp=0x000000ab8b5fd758 mode 2
Event: 0.770 Thread 0x0000025bf6fc2220 Uncommon trap: trap_request=0xffffff45 fr.pc=0x0000025be35ed96c relative=0x000000000000038c
Event: 0.770 Thread 0x0000025bf6fc2220 Uncommon trap: reason=unstable_if action=reinterpret pc=0x0000025be35ed96c method=com.sun.javafx.css.StyleCacheEntry.get(Ljava/lang/String;)Lcom/sun/javafx/css/CalculatedValue; @ 6 c2
Event: 0.770 Thread 0x0000025bf6fc2220 DEOPT PACKING pc=0x0000025be35ed96c sp=0x000000ab8b5fdb40
Event: 0.770 Thread 0x0000025bf6fc2220 DEOPT UNPACKING pc=0x0000025be3056da3 sp=0x000000ab8b5fdad8 mode 2
Event: 0.770 Thread 0x0000025bf6fc2220 Uncommon trap: trap_request=0xffffff45 fr.pc=0x0000025be35f27b8 relative=0x00000000000006b8
Event: 0.770 Thread 0x0000025bf6fc2220 Uncommon trap: reason=unstable_if action=reinterpret pc=0x0000025be35f27b8 method=javafx.scene.CssStyleHelper.getStyle(Ljavafx/css/Styleable;Ljava/lang/String;Lcom/sun/javafx/css/StyleMap;Ljava/util/Set;)Lcom/sun/javafx/css/CascadingStyle; @ 143 c2
Event: 0.770 Thread 0x0000025bf6fc2220 DEOPT PACKING pc=0x0000025be35f27b8 sp=0x000000ab8b5fd8a0
Event: 0.770 Thread 0x0000025bf6fc2220 DEOPT UNPACKING pc=0x0000025be3056da3 sp=0x000000ab8b5fd810 mode 2
Event: 0.772 Thread 0x0000025bf6fc2220 Uncommon trap: trap_request=0xffffff45 fr.pc=0x0000025be35ed2fc relative=0x000000000000005c
Event: 0.772 Thread 0x0000025bf6fc2220 Uncommon trap: reason=unstable_if action=reinterpret pc=0x0000025be35ed2fc method=com.sun.javafx.css.StyleMap.getCascadingStyles()Ljava/util/Map; @ 4 c2
Event: 0.772 Thread 0x0000025bf6fc2220 DEOPT PACKING pc=0x0000025be35ed2fc sp=0x000000ab8b5fd9f0
Event: 0.772 Thread 0x0000025bf6fc2220 DEOPT UNPACKING pc=0x0000025be3056da3 sp=0x000000ab8b5fd930 mode 2

Classes loaded (20 events):
Event: 0.784 Loading class jdk/internal/icu/impl/Trie2$1
Event: 0.784 Loading class jdk/internal/icu/impl/Trie2$ValueMapper
Event: 0.784 Loading class jdk/internal/icu/impl/Trie2$ValueMapper done
Event: 0.784 Loading class jdk/internal/icu/impl/Trie2$1 done
Event: 0.784 Loading class jdk/internal/icu/impl/Trie2$UTrie2Header
Event: 0.784 Loading class jdk/internal/icu/impl/Trie2$UTrie2Header done
Event: 0.788 Loading class jdk/internal/icu/text/UTF16
Event: 0.788 Loading class jdk/internal/icu/text/UTF16 done
Event: 0.788 Loading class jdk/internal/icu/text/BidiLine
Event: 0.788 Loading class jdk/internal/icu/text/BidiLine done
Event: 0.790 Loading class sun/invoke/util/ValueConversions$1
Event: 0.790 Loading class sun/invoke/util/ValueConversions$1 done
Event: 0.791 Loading class java/lang/invoke/BoundMethodHandle$Species_LI
Event: 0.791 Loading class java/lang/invoke/BoundMethodHandle$Species_LI done
Event: 1.201 Loading class java/util/EnumMap$Values
Event: 1.201 Loading class java/util/EnumMap$Values done
Event: 1.201 Loading class java/util/EnumMap$ValueIterator
Event: 1.201 Loading class java/util/EnumMap$EnumMapIterator
Event: 1.201 Loading class java/util/EnumMap$EnumMapIterator done
Event: 1.201 Loading class java/util/EnumMap$ValueIterator done

Classes unloaded (0 events):
No events

Classes redefined (0 events):
No events

Internal exceptions (20 events):
Event: 0.411 Thread 0x0000025bd2858310 Exception <a 'java/lang/NoSuchMethodError'{0x00000000899195a0}: 'java.lang.Object java.lang.invoke.DirectMethodHandle$Holder.newInvokeSpecial(java.lang.Object, java.lang.Object, java.lang.Object, java.lang.Object, java.lang.Object, java.lang.Object)'> (0x00000000899195a0) 
thrown [s\src\hotspot\share\interpreter\linkResolver.cpp, line 774]
Event: 0.421 Thread 0x0000025bd2858310 Exception <a 'java/lang/NoSuchMethodError'{0x0000000089935960}: 'java.lang.Object java.lang.invoke.DirectMethodHandle$Holder.newInvokeSpecial(java.lang.Object, java.lang.Object, java.lang.Object, java.lang.Object, java.lang.Object)'> (0x0000000089935960) 
thrown [s\src\hotspot\share\interpreter\linkResolver.cpp, line 774]
Event: 0.435 Thread 0x0000025bf6fc2220 Exception <a 'java/lang/NoSuchMethodError'{0x00000000899d2ea0}: 'java.lang.Object java.lang.invoke.DirectMethodHandle$Holder.invokeStaticInit(java.lang.Object, java.lang.Object, java.lang.Object, java.lang.Object)'> (0x00000000899d2ea0) 
thrown [s\src\hotspot\share\interpreter\linkResolver.cpp, line 774]
Event: 0.436 Thread 0x0000025bf6fc2220 Exception <a 'java/lang/NullPointerException'{0x00000000899dba58}> (0x00000000899dba58) 
thrown [s\src\hotspot\share\interpreter\linkResolver.cpp, line 1374]
Event: 0.441 Thread 0x0000025bf6fc2220 Exception <a 'java/lang/ClassNotFoundException'{0x0000000089713740}: com/sun/glass/ui/win/themes> (0x0000000089713740) 
thrown [s\src\hotspot\share\prims\jni.cpp, line 536]
Event: 0.442 Thread 0x0000025bf6fc2220 Exception <a 'java/lang/ClassNotFoundException'{0x000000008971f718}: com/sun/glass/ui/win/themes_es> (0x000000008971f718) 
thrown [s\src\hotspot\share\prims\jni.cpp, line 536]
Event: 0.442 Thread 0x0000025bf6fc2220 Exception <a 'java/lang/ClassNotFoundException'{0x00000000897271f8}: com/sun/glass/ui/win/themes_es_CR> (0x00000000897271f8) 
thrown [s\src\hotspot\share\prims\jni.cpp, line 536]
Event: 0.494 Thread 0x0000025bf6fc2220 Exception <a 'java/lang/NoSuchMethodError'{0x00000000895c1470}: 'void java.lang.invoke.DirectMethodHandle$Holder.invokeStaticInit(java.lang.Object, java.lang.Object)'> (0x00000000895c1470) 
thrown [s\src\hotspot\share\interpreter\linkResolver.cpp, line 774]
Event: 0.618 Thread 0x0000025bf6fc2220 Implicit null exception at 0x0000025be35c5ecc to 0x0000025be35c6438
Event: 0.618 Thread 0x0000025bf6fc2220 Implicit null exception at 0x0000025be35c52d3 to 0x0000025be35c57e8
Event: 0.650 Thread 0x0000025bf6fc2220 Implicit null exception at 0x0000025be35c7092 to 0x0000025be35c7740
Event: 0.680 Thread 0x0000025bf6fc2220 Exception <a 'java/lang/NoSuchMethodError'{0x0000000089153260}: 'java.lang.Object java.lang.invoke.DirectMethodHandle$Holder.invokeInterface(java.lang.Object, java.lang.Object, java.lang.Object)'> (0x0000000089153260) 
thrown [s\src\hotspot\share\interpreter\linkResolver.cpp, line 774]
Event: 0.681 Thread 0x0000025bf6fc2220 Exception <a 'java/lang/IncompatibleClassChangeError'{0x0000000089156c90}: Found class java.lang.Object, but interface was expected> (0x0000000089156c90) 
thrown [s\src\hotspot\share\interpreter\linkResolver.cpp, line 841]
Event: 0.759 Thread 0x0000025bf6fc2220 Exception <a 'java/lang/NoSuchMethodError'{0x0000000088e49f70}: 'java.lang.Object java.lang.invoke.DirectMethodHandle$Holder.newInvokeSpecial(java.lang.Object, java.lang.Object, int)'> (0x0000000088e49f70) 
thrown [s\src\hotspot\share\interpreter\linkResolver.cpp, line 774]
Event: 0.770 Thread 0x0000025bf6fc2220 Implicit null exception at 0x0000025be35ed620 to 0x0000025be35ed958
Event: 0.788 Thread 0x0000025bf6fc2220 Exception <a 'java/lang/NoSuchMethodError'{0x0000000088e75138}: 'int java.lang.invoke.DirectMethodHandle$Holder.invokeSpecial(java.lang.Object, java.lang.Object, int)'> (0x0000000088e75138) 
thrown [s\src\hotspot\share\interpreter\linkResolver.cpp, line 774]
Event: 0.790 Thread 0x0000025bf6fc2220 Exception <a 'java/lang/NoSuchMethodError'{0x0000000088e906f8}: 'int java.lang.invoke.DirectMethodHandle$Holder.invokeSpecial(java.lang.Object, java.lang.Object, java.lang.Object, int)'> (0x0000000088e906f8) 
thrown [s\src\hotspot\share\interpreter\linkResolver.cpp, line 774]
Event: 0.791 Thread 0x0000025bf6fc2220 Exception <a 'java/lang/NoSuchMethodError'{0x0000000088ea2bc0}: 'java.lang.Object java.lang.invoke.DirectMethodHandle$Holder.invokeStatic(java.lang.Object, java.lang.Object, java.lang.Object, java.lang.Object, int)'> (0x0000000088ea2bc0) 
thrown [s\src\hotspot\share\interpreter\linkResolver.cpp, line 774]
Event: 0.792 Thread 0x0000025bf6fc2220 Exception <a 'java/lang/NoSuchMethodError'{0x0000000088eab388}: 'int java.lang.invoke.DirectMethodHandle$Holder.invokeSpecial(java.lang.Object, java.lang.Object, java.lang.Object)'> (0x0000000088eab388) 
thrown [s\src\hotspot\share\interpreter\linkResolver.cpp, line 774]
Event: 0.812 Thread 0x0000025bf6cb47e0 Exception <a 'java/lang/NoSuchMethodError'{0x0000000089aaa948}: 'int java.lang.invoke.DirectMethodHandle$Holder.invokeStaticInit(java.lang.Object, java.lang.Object)'> (0x0000000089aaa948) 
thrown [s\src\hotspot\share\interpreter\linkResolver.cpp, line 774]

VM Operations (16 events):
Event: 0.259 Executing VM operation: HandshakeAllThreads
Event: 0.260 Executing VM operation: HandshakeAllThreads done
Event: 0.460 Executing VM operation: HandshakeAllThreads
Event: 0.460 Executing VM operation: HandshakeAllThreads done
Event: 0.535 Executing VM operation: HandshakeAllThreads
Event: 0.535 Executing VM operation: HandshakeAllThreads done
Event: 0.587 Executing VM operation: HandshakeAllThreads
Event: 0.587 Executing VM operation: HandshakeAllThreads done
Event: 0.593 Executing VM operation: HandshakeAllThreads
Event: 0.593 Executing VM operation: HandshakeAllThreads done
Event: 0.665 Executing VM operation: ICBufferFull
Event: 0.665 Executing VM operation: ICBufferFull done
Event: 0.770 Executing VM operation: ICBufferFull
Event: 0.770 Executing VM operation: ICBufferFull done
Event: 2.770 Executing VM operation: Cleanup
Event: 2.771 Executing VM operation: Cleanup done

Events (20 events):
Event: 0.037 Thread 0x0000025bf2746b70 Thread added: 0x0000025bf2746b70
Event: 0.038 Thread 0x0000025bf274b5c0 Thread added: 0x0000025bf274b5c0
Event: 0.038 Thread 0x0000025bf274df00 Thread added: 0x0000025bf274df00
Event: 0.038 Thread 0x0000025bf2750ba0 Thread added: 0x0000025bf2750ba0
Event: 0.038 Thread 0x0000025bf27514d0 Thread added: 0x0000025bf27514d0
Event: 0.038 Thread 0x0000025bf2751e00 Thread added: 0x0000025bf2751e00
Event: 0.038 Thread 0x0000025bf2755f60 Thread added: 0x0000025bf2755f60
Event: 0.038 Thread 0x0000025bf275a8f0 Thread added: 0x0000025bf275a8f0
Event: 0.038 Thread 0x0000025bf2766290 Thread added: 0x0000025bf2766290
Event: 0.057 Thread 0x0000025bf6a46ad0 Thread added: 0x0000025bf6a46ad0
Event: 0.060 Thread 0x0000025bf6a4d430 Thread added: 0x0000025bf6a4d430
Event: 0.205 Thread 0x0000025bf6cb47e0 Thread added: 0x0000025bf6cb47e0
Event: 0.265 Thread 0x0000025bf6d03410 Thread added: 0x0000025bf6d03410
Event: 0.268 Thread 0x0000025bf6fc2220 Thread added: 0x0000025bf6fc2220
Event: 0.422 Thread 0x0000025bf7238610 Thread added: 0x0000025bf7238610
Event: 0.427 Thread 0x0000025bf7239b50 Thread added: 0x0000025bf7239b50
Event: 0.489 Thread 0x0000025bf769d3a0 Thread added: 0x0000025bf769d3a0
Event: 0.544 Thread 0x0000025bf723bb30 Thread added: 0x0000025bf723bb30
Event: 0.678 Thread 0x0000025bf723a0a0 Thread added: 0x0000025bf723a0a0
Event: 0.923 Thread 0x0000025bf769d3a0 Thread exited: 0x0000025bf769d3a0


Dynamic libraries:
0x00007ff64c070000 - 0x00007ff64c07e000 	C:\Program Files\Zulu\zulu-19\bin\java.exe
0x00007ffde4b30000 - 0x00007ffde4d44000 	C:\WINDOWS\SYSTEM32\ntdll.dll
0x00007ffde48b0000 - 0x00007ffde4973000 	C:\WINDOWS\System32\KERNEL32.DLL
0x00007ffde20b0000 - 0x00007ffde244c000 	C:\WINDOWS\System32\KERNELBASE.dll
0x00007ffde24c0000 - 0x00007ffde25d1000 	C:\WINDOWS\System32\ucrtbase.dll
0x00007ffdcbf30000 - 0x00007ffdcbf4b000 	C:\Program Files\Zulu\zulu-19\bin\VCRUNTIME140.dll
0x00007ffdcc040000 - 0x00007ffdcc057000 	C:\Program Files\Zulu\zulu-19\bin\jli.dll
0x00007ffde3c90000 - 0x00007ffde3e3d000 	C:\WINDOWS\System32\USER32.dll
0x00007ffdcd690000 - 0x00007ffdcd91e000 	C:\WINDOWS\WinSxS\amd64_microsoft.windows.common-controls_6595b64144ccf1df_6.0.22621.608_none_a9444ca7c10bb01d\COMCTL32.dll
0x00007ffde2680000 - 0x00007ffde26a6000 	C:\WINDOWS\System32\win32u.dll
0x00007ffde4a40000 - 0x00007ffde4ae7000 	C:\WINDOWS\System32\msvcrt.dll
0x00007ffde2e30000 - 0x00007ffde2e59000 	C:\WINDOWS\System32\GDI32.dll
0x00007ffde2820000 - 0x00007ffde2933000 	C:\WINDOWS\System32\gdi32full.dll
0x00007ffde25e0000 - 0x00007ffde267a000 	C:\WINDOWS\System32\msvcp_win.dll
0x00007ffde3bf0000 - 0x00007ffde3c21000 	C:\WINDOWS\System32\IMM32.DLL
0x00007ffdde3c0000 - 0x00007ffdde3cc000 	C:\Program Files\Zulu\zulu-19\bin\vcruntime140_1.dll
0x00007ffda66e0000 - 0x00007ffda676d000 	C:\Program Files\Zulu\zulu-19\bin\msvcp140.dll
0x00007ffd8ebc0000 - 0x00007ffd8f8c7000 	C:\Program Files\Zulu\zulu-19\bin\server\jvm.dll
0x00007ffde2e90000 - 0x00007ffde2f3e000 	C:\WINDOWS\System32\ADVAPI32.dll
0x00007ffde2940000 - 0x00007ffde29e4000 	C:\WINDOWS\System32\sechost.dll
0x00007ffde2f60000 - 0x00007ffde3075000 	C:\WINDOWS\System32\RPCRT4.dll
0x00007ffddaab0000 - 0x00007ffddaae4000 	C:\WINDOWS\SYSTEM32\WINMM.dll
0x00007ffddc170000 - 0x00007ffddc179000 	C:\WINDOWS\SYSTEM32\WSOCK32.dll
0x00007ffdda430000 - 0x00007ffdda43a000 	C:\WINDOWS\SYSTEM32\VERSION.dll
0x00007ffde29f0000 - 0x00007ffde2a61000 	C:\WINDOWS\System32\WS2_32.dll
0x00007ffde10b0000 - 0x00007ffde10c8000 	C:\WINDOWS\SYSTEM32\kernel.appcore.dll
0x00007ffddb830000 - 0x00007ffddb83a000 	C:\Program Files\Zulu\zulu-19\bin\jimage.dll
0x00007ffddf750000 - 0x00007ffddf97e000 	C:\WINDOWS\SYSTEM32\DBGHELP.DLL
0x00007ffde3f40000 - 0x00007ffde42c9000 	C:\WINDOWS\System32\combase.dll
0x00007ffde3080000 - 0x00007ffde3157000 	C:\WINDOWS\System32\OLEAUT32.dll
0x00007ffdc6fc0000 - 0x00007ffdc6ff2000 	C:\WINDOWS\SYSTEM32\dbgcore.DLL
0x00007ffde2030000 - 0x00007ffde20ab000 	C:\WINDOWS\System32\bcryptPrimitives.dll
0x00007ffdbd900000 - 0x00007ffdbd926000 	C:\Program Files\Zulu\zulu-19\bin\java.dll
0x00007ffd9f750000 - 0x00007ffd9f827000 	C:\Program Files\Zulu\zulu-19\bin\jsvml.dll
0x00007ffde3380000 - 0x00007ffde3b70000 	C:\WINDOWS\System32\SHELL32.dll
0x00007ffddff90000 - 0x00007ffde085e000 	C:\WINDOWS\SYSTEM32\windows.storage.dll
0x00007ffddfce0000 - 0x00007ffddfe1e000 	C:\WINDOWS\SYSTEM32\wintypes.dll
0x00007ffde2d30000 - 0x00007ffde2e21000 	C:\WINDOWS\System32\SHCORE.dll
0x00007ffde3c30000 - 0x00007ffde3c8e000 	C:\WINDOWS\System32\shlwapi.dll
0x00007ffde1ea0000 - 0x00007ffde1ec1000 	C:\WINDOWS\SYSTEM32\profapi.dll
0x0000025bd0800000 - 0x0000025bd0804000 	C:\Program Files\Zulu\zulu-19\bin\api-ms-win-core-console-l1-1-0.dll
0x0000025bd0810000 - 0x0000025bd0814000 	C:\Program Files\Zulu\zulu-19\bin\api-ms-win-core-console-l1-2-0.dll
0x0000025bd0820000 - 0x0000025bd0824000 	C:\Program Files\Zulu\zulu-19\bin\api-ms-win-core-datetime-l1-1-0.dll
0x0000025bd0830000 - 0x0000025bd0834000 	C:\Program Files\Zulu\zulu-19\bin\api-ms-win-core-debug-l1-1-0.dll
0x0000025bd0840000 - 0x0000025bd0844000 	C:\Program Files\Zulu\zulu-19\bin\api-ms-win-core-errorhandling-l1-1-0.dll
0x0000025bd0850000 - 0x0000025bd0855000 	C:\Program Files\Zulu\zulu-19\bin\api-ms-win-core-file-l1-1-0.dll
0x0000025bd0860000 - 0x0000025bd0864000 	C:\Program Files\Zulu\zulu-19\bin\api-ms-win-core-file-l1-2-0.dll
0x0000025bd27e0000 - 0x0000025bd27e4000 	C:\Program Files\Zulu\zulu-19\bin\api-ms-win-core-file-l2-1-0.dll
0x0000025bd27f0000 - 0x0000025bd27f4000 	C:\Program Files\Zulu\zulu-19\bin\api-ms-win-core-handle-l1-1-0.dll
0x0000025bd2800000 - 0x0000025bd2804000 	C:\Program Files\Zulu\zulu-19\bin\api-ms-win-core-heap-l1-1-0.dll
0x0000025bd2810000 - 0x0000025bd2814000 	C:\Program Files\Zulu\zulu-19\bin\api-ms-win-core-interlocked-l1-1-0.dll
0x0000025bf27a0000 - 0x0000025bf27a4000 	C:\Program Files\Zulu\zulu-19\bin\api-ms-win-core-libraryloader-l1-1-0.dll
0x0000025bf27b0000 - 0x0000025bf27b4000 	C:\Program Files\Zulu\zulu-19\bin\api-ms-win-core-localization-l1-2-0.dll
0x0000025bf27c0000 - 0x0000025bf27c4000 	C:\Program Files\Zulu\zulu-19\bin\api-ms-win-core-memory-l1-1-0.dll
0x0000025bf27d0000 - 0x0000025bf27d4000 	C:\Program Files\Zulu\zulu-19\bin\api-ms-win-core-namedpipe-l1-1-0.dll
0x0000025bf27e0000 - 0x0000025bf27e4000 	C:\Program Files\Zulu\zulu-19\bin\api-ms-win-core-processenvironment-l1-1-0.dll
0x0000025bf27f0000 - 0x0000025bf27f4000 	C:\Program Files\Zulu\zulu-19\bin\api-ms-win-core-processthreads-l1-1-0.dll
0x0000025bf6d30000 - 0x0000025bf6d34000 	C:\Program Files\Zulu\zulu-19\bin\api-ms-win-core-processthreads-l1-1-1.dll
0x0000025bf6d40000 - 0x0000025bf6d44000 	C:\Program Files\Zulu\zulu-19\bin\api-ms-win-core-profile-l1-1-0.dll
0x0000025bf6d50000 - 0x0000025bf6d54000 	C:\Program Files\Zulu\zulu-19\bin\api-ms-win-core-rtlsupport-l1-1-0.dll
0x0000025bf6d60000 - 0x0000025bf6d64000 	C:\Program Files\Zulu\zulu-19\bin\api-ms-win-core-string-l1-1-0.dll
0x0000025bf6d70000 - 0x0000025bf6d74000 	C:\Program Files\Zulu\zulu-19\bin\api-ms-win-core-synch-l1-1-0.dll
0x0000025bf6d80000 - 0x0000025bf6d84000 	C:\Program Files\Zulu\zulu-19\bin\api-ms-win-core-synch-l1-2-0.dll
0x0000025bf6d90000 - 0x0000025bf6d94000 	C:\Program Files\Zulu\zulu-19\bin\api-ms-win-core-sysinfo-l1-1-0.dll
0x0000025bf6da0000 - 0x0000025bf6da4000 	C:\Program Files\Zulu\zulu-19\bin\api-ms-win-core-timezone-l1-1-0.dll
0x0000025bf6db0000 - 0x0000025bf6db4000 	C:\Program Files\Zulu\zulu-19\bin\api-ms-win-core-util-l1-1-0.dll
0x0000025bf6dc0000 - 0x0000025bf6dc4000 	C:\Program Files\Zulu\zulu-19\bin\api-ms-win-crt-conio-l1-1-0.dll
0x0000025bf6dd0000 - 0x0000025bf6dd5000 	C:\Program Files\Zulu\zulu-19\bin\api-ms-win-crt-convert-l1-1-0.dll
0x0000025bf6de0000 - 0x0000025bf6de4000 	C:\Program Files\Zulu\zulu-19\bin\api-ms-win-crt-environment-l1-1-0.dll
0x0000025bf6df0000 - 0x0000025bf6df4000 	C:\Program Files\Zulu\zulu-19\bin\api-ms-win-crt-filesystem-l1-1-0.dll
0x0000025bf6e00000 - 0x0000025bf6e04000 	C:\Program Files\Zulu\zulu-19\bin\api-ms-win-crt-heap-l1-1-0.dll
0x0000025bf6e10000 - 0x0000025bf6e14000 	C:\Program Files\Zulu\zulu-19\bin\api-ms-win-crt-locale-l1-1-0.dll
0x0000025bf6e20000 - 0x0000025bf6e26000 	C:\Program Files\Zulu\zulu-19\bin\api-ms-win-crt-math-l1-1-0.dll
0x0000025bf6e30000 - 0x0000025bf6e36000 	C:\Program Files\Zulu\zulu-19\bin\api-ms-win-crt-multibyte-l1-1-0.dll
0x0000025bf6e40000 - 0x0000025bf6e51000 	C:\Program Files\Zulu\zulu-19\bin\api-ms-win-crt-private-l1-1-0.dll
0x0000025bf6e60000 - 0x0000025bf6e64000 	C:\Program Files\Zulu\zulu-19\bin\api-ms-win-crt-process-l1-1-0.dll
0x0000025bf6e70000 - 0x0000025bf6e75000 	C:\Program Files\Zulu\zulu-19\bin\api-ms-win-crt-runtime-l1-1-0.dll
0x0000025bf6e80000 - 0x0000025bf6e85000 	C:\Program Files\Zulu\zulu-19\bin\api-ms-win-crt-stdio-l1-1-0.dll
0x0000025bf6e90000 - 0x0000025bf6e95000 	C:\Program Files\Zulu\zulu-19\bin\api-ms-win-crt-string-l1-1-0.dll
0x0000025bf6ea0000 - 0x0000025bf6ea4000 	C:\Program Files\Zulu\zulu-19\bin\api-ms-win-crt-time-l1-1-0.dll
0x0000025bf6eb0000 - 0x0000025bf6eb4000 	C:\Program Files\Zulu\zulu-19\bin\api-ms-win-crt-utility-l1-1-0.dll
0x00007ffd92730000 - 0x00007ffd92840000 	C:\Program Files\Zulu\zulu-19\bin\ucrtbase.dll
0x00007ffddb780000 - 0x00007ffddb789000 	C:\Program Files\Zulu\zulu-19\bin\msvcp140_1.dll
0x00007ffdbae50000 - 0x00007ffdbae7f000 	C:\Program Files\Zulu\zulu-19\bin\msvcp140_2.dll
0x00007ffdb23e0000 - 0x00007ffdb240c000 	C:\Program Files\Zulu\zulu-19\bin\prism_d3d.dll
0x00007ffdd6bd0000 - 0x00007ffdd6d79000 	C:\WINDOWS\system32\d3d9.dll
0x00007ffddf370000 - 0x00007ffddf39b000 	C:\WINDOWS\SYSTEM32\dwmapi.dll
0x00007ffddf3e0000 - 0x00007ffddf416000 	C:\WINDOWS\SYSTEM32\dxcore.dll
0x00007ffddf0e0000 - 0x00007ffddf18b000 	C:\WINDOWS\system32\uxtheme.dll
0x00007ffdd90b0000 - 0x00007ffdd90f9000 	C:\WINDOWS\SYSTEM32\directxdatabasehelper.dll
0x00007ffde1c10000 - 0x00007ffde1c22000 	C:\WINDOWS\SYSTEM32\msasn1.dll
0x00007ffdda3f0000 - 0x00007ffdda422000 	C:\WINDOWS\SYSTEM32\cryptnet.dll
0x00007ffde26b0000 - 0x00007ffde2816000 	C:\WINDOWS\System32\CRYPT32.dll
0x00007ffde17a0000 - 0x00007ffde17ac000 	C:\WINDOWS\SYSTEM32\cryptbase.dll
0x00007ffde2450000 - 0x00007ffde24bb000 	C:\WINDOWS\System32\WINTRUST.DLL
0x00007ffde4a10000 - 0x00007ffde4a2f000 	C:\WINDOWS\System32\imagehlp.dll
0x00007ffde1780000 - 0x00007ffde179b000 	C:\WINDOWS\SYSTEM32\CRYPTSP.dll
0x00007ffde1020000 - 0x00007ffde1055000 	C:\WINDOWS\system32\rsaenh.dll
0x00007ffde1920000 - 0x00007ffde1948000 	C:\WINDOWS\SYSTEM32\bcrypt.dll
0x00007ffda6690000 - 0x00007ffda66d2000 	C:\Program Files\Zulu\zulu-19\bin\glass.dll
0x00007ffde3e40000 - 0x00007ffde3f37000 	C:\WINDOWS\System32\COMDLG32.dll
0x00007ffde2a70000 - 0x00007ffde2c0c000 	C:\WINDOWS\System32\ole32.dll
0x00007ffde2c10000 - 0x00007ffde2d2e000 	C:\WINDOWS\System32\MSCTF.dll
0x00007ffda37c0000 - 0x00007ffda38d7000 	C:\WINDOWS\System32\DriverStore\FileRepository\nvlt.inf_amd64_7947c31fc944635c\nvldumdx.dll
0x00007ffdda270000 - 0x00007ffdda3c8000 	C:\WINDOWS\SYSTEM32\drvstore.dll
0x00007ffde1c30000 - 0x00007ffde1c5c000 	C:\WINDOWS\SYSTEM32\devobj.dll
0x00007ffde1c60000 - 0x00007ffde1cae000 	C:\WINDOWS\SYSTEM32\cfgmgr32.dll
0x00007ffde1830000 - 0x00007ffde1878000 	C:\WINDOWS\SYSTEM32\wldp.dll
0x00007ffd77fe0000 - 0x00007ffd797ea000 	C:\WINDOWS\System32\DriverStore\FileRepository\nvlt.inf_amd64_7947c31fc944635c\nvd3dumx.dll
0x00007ffda6280000 - 0x00007ffda6537000 	C:\WINDOWS\system32\nvspcap64.dll
0x00007ffde10d0000 - 0x00007ffde1104000 	C:\WINDOWS\SYSTEM32\ntmarta.dll
0x00007ffde15b0000 - 0x00007ffde15d6000 	C:\WINDOWS\SYSTEM32\gpapi.dll
0x00007ffdb2410000 - 0x00007ffdb2575000 	C:\WINDOWS\System32\DriverStore\FileRepository\iigd_dch.inf_amd64_a953cebc2f0daf9c\igdumdim64.dll
0x00007ffd57d80000 - 0x00007ffd5ba0b000 	C:\WINDOWS\System32\DriverStore\FileRepository\iigd_dch.inf_amd64_a953cebc2f0daf9c\igd9dxva64.dll
0x00007ffde4330000 - 0x00007ffde47a4000 	C:\WINDOWS\System32\SETUPAPI.dll
0x00007ffdd4380000 - 0x00007ffdd46b6000 	C:\WINDOWS\System32\DriverStore\FileRepository\iigd_dch.inf_amd64_a953cebc2f0daf9c\igdgmm64.dll
0x00007ffda97d0000 - 0x00007ffda97f7000 	C:\WINDOWS\System32\DriverStore\FileRepository\iigd_dch.inf_amd64_a953cebc2f0daf9c\igdinfo64.dll
0x00007ffdd15f0000 - 0x00007ffdd437f000 	C:\WINDOWS\System32\DriverStore\FileRepository\iigd_dch.inf_amd64_a953cebc2f0daf9c\igc64.dll
0x00007ffdc8c30000 - 0x00007ffdc8c44000 	C:\Program Files\Zulu\zulu-19\bin\javafx_font.dll
0x00007ffddd1d0000 - 0x00007ffddd437000 	C:\WINDOWS\SYSTEM32\dwrite.dll
0x00007ffdc79a0000 - 0x00007ffdc79b8000 	C:\Program Files\Zulu\zulu-19\bin\zip.dll
0x00007ffde47b0000 - 0x00007ffde4860000 	C:\WINDOWS\System32\clbcatq.dll
0x00007ffddcbb0000 - 0x00007ffddcd60000 	C:\WINDOWS\SYSTEM32\WindowsCodecs.dll
0x00007ffdaa5a0000 - 0x00007ffdaa5fe000 	C:\WINDOWS\system32\dataexchange.dll
0x00007ffdd63d0000 - 0x00007ffdd663a000 	C:\WINDOWS\system32\twinapi.appcore.dll
0x00007ffdc7c10000 - 0x00007ffdc7c42000 	C:\Program Files\Common Files\Microsoft Shared\Ink\rtscom.dll
0x00007ffdcef10000 - 0x00007ffdcf03e000 	C:\WINDOWS\SYSTEM32\textinputframework.dll
0x00007ffdde420000 - 0x00007ffdde553000 	C:\WINDOWS\SYSTEM32\CoreMessaging.dll

dbghelp: loaded successfully - version: 4.0.5 - missing functions: none
symbol engine: initialized successfully - sym options: 0x614 - pdb path: .;C:\Program Files\Zulu\zulu-19\bin;C:\WINDOWS\SYSTEM32;C:\WINDOWS\WinSxS\amd64_microsoft.windows.common-controls_6595b64144ccf1df_6.0.22621.608_none_a9444ca7c10bb01d;C:\Program Files\Zulu\zulu-19\bin\server;C:\WINDOWS\System32\DriverStore\FileRepository\nvlt.inf_amd64_7947c31fc944635c;C:\WINDOWS\System32\DriverStore\FileRepository\iigd_dch.inf_amd64_a953cebc2f0daf9c;C:\Program Files\Common Files\Microsoft Shared\Ink

VM Arguments:
jvm_args: -Dfile.encoding=UTF-8 
java_command: BuscaminasFX
java_class_path (initial): C:\Users\ulise\Desktop\TEC\Algoritmos y estructura de datos I\BuscaMinas\ventana busca minas\build\classes
Launcher Type: SUN_STANDARD

[Global flags]
     intx CICompilerCount                          = 4                                         {product} {ergonomic}
     uint ConcGCThreads                            = 3                                         {product} {ergonomic}
     uint G1ConcRefinementThreads                  = 10                                        {product} {ergonomic}
   size_t G1HeapRegionSize                         = 1048576                                   {product} {ergonomic}
    uintx GCDrainStackTargetSize                   = 64                                        {product} {ergonomic}
   size_t InitialHeapSize                          = 132120576                                 {product} {ergonomic}
   size_t MarkStackSize                            = 4194304                                   {product} {ergonomic}
   size_t MaxHeapSize                              = 2113929216                                {product} {ergonomic}
   size_t MaxNewSize                               = 1267728384                                {product} {ergonomic}
   size_t MinHeapDeltaBytes                        = 1048576                                   {product} {ergonomic}
   size_t MinHeapSize                              = 8388608                                   {product} {ergonomic}
    uintx NonNMethodCodeHeapSize                   = 5839372                                {pd product} {ergonomic}
    uintx NonProfiledCodeHeapSize                  = 122909434                              {pd product} {ergonomic}
    uintx ProfiledCodeHeapSize                     = 122909434                              {pd product} {ergonomic}
    uintx ReservedCodeCacheSize                    = 251658240                              {pd product} {ergonomic}
     bool SegmentedCodeCache                       = true                                      {product} {ergonomic}
   size_t SoftMaxHeapSize                          = 2113929216                             {manageable} {ergonomic}
     bool UseCompressedClassPointers               = true                           {product lp64_product} {ergonomic}
     bool UseCompressedOops                        = true                           {product lp64_product} {ergonomic}
     bool UseG1GC                                  = true                                      {product} {ergonomic}
     bool UseLargePagesIndividualAllocation        = false                                  {pd product} {ergonomic}

Logging:
Log output configuration:
 #0: stdout all=warning uptime,level,tags foldmultilines=false
 #1: stderr all=off uptime,level,tags foldmultilines=false

Environment Variables:
PATH=C:\Program Files\Zulu\zulu-19\bin\;C:\Program Files\Common Files\Oracle\Java\javapath;C:\Program Files (x86)\Common Files\Oracle\Java\javapath;C:\Windows\system32;C:\Windows;C:\Windows\System32\Wbem;C:\Windows\System32\WindowsPowerShell\v1.0\;C:\Windows\System32\OpenSSH\;C:\Program Files (x86)\NVIDIA Corporation\PhysX\Common;C:\Program Files\NVIDIA Corporation\NVIDIA NvDLISR;C:\WINDOWS\system32;C:\WINDOWS;C:\WINDOWS\System32\Wbem;C:\WINDOWS\System32\WindowsPowerShell\v1.0\;C:\WINDOWS\System32\OpenSSH\;C:\Program Files\nodejs\;C:\Program Files\Git\cmd;C:\Users\ulise\AppData\Local\Microsoft\WindowsApps;C:\Users\ulise\AppData\Local\Programs\Microsoft VS Code\bin;C:\Users\ulise\AppData\Roaming\npm;C:\Users\ulise\AppData\Local\GitHubDesktop\bin
USERNAME=ulise
OS=Windows_NT
PROCESSOR_IDENTIFIER=Intel64 Family 6 Model 165 Stepping 2, GenuineIntel
TMP=C:\Users\ulise\AppData\Local\Temp
TEMP=C:\Users\ulise\AppData\Local\Temp



---------------  S Y S T E M  ---------------

OS:
 Windows 11 , 64 bit Build 22621 (10.0.22621.1344)
OS uptime: 1 days 3:11 hours

CPU: total 12 (initial active 12) (6 cores per cpu, 2 threads per core) family 6 model 165 stepping 2 microcode 0xe2, cx8, cmov, fxsr, ht, mmx, 3dnowpref, sse, sse2, sse3, ssse3, sse4.1, sse4.2, popcnt, lzcnt, tsc, tscinvbit, avx, avx2, aes, erms, clmul, bmi1, bmi2, adx, fma, vzeroupper, clflush, clflushopt, rdtscp

Memory: 4k page, system-wide physical 8059M (1192M free)
TotalPageFile size 12155M (AvailPageFile size 3M)
current process WorkingSet (physical memory assigned to process): 107M, peak: 107M
current process commit charge ("private bytes"): 268M, peak: 268M

vm_info: OpenJDK 64-Bit Server VM (19.0.2+7) for windows-amd64 JRE (19.0.2+7) (Zulu19.32+15-CA), built on Dec 28 2022 19:25:40 by "zulu_re" with MS VC++ 16.10 / 16.11 (VS2019)

END.
