#
# There is insufficient memory for the Java Runtime Environment to continue.
# Native memory allocation (malloc) failed to allocate 1648016 bytes for Chunk::new
# Possible reasons:
#   The system is out of physical RAM or swap space
#   The process is running with CompressedOops enabled, and the Java Heap may be blocking the growth of the native heap
# Possible solutions:
#   Reduce memory load on the system
#   Increase physical memory or swap space
#   Check if swap backing store is full
#   Decrease Java heap size (-Xmx/-Xms)
#   Decrease number of Java threads
#   Decrease Java thread stack sizes (-Xss)
#   Set larger code cache with -XX:ReservedCodeCacheSize=
#   JVM is running with Unscaled Compressed Oops mode in which the Java heap is
#     placed in the first 4GB address space. The Java Heap base address is the
#     maximum limit for the native heap growth. Please use -XX:HeapBaseMinAddress
#     to set the Java Heap base and to place the Java Heap above 4GB virtual address.
# This output file may be truncated or incomplete.
#
#  Out of Memory Error (arena.cpp:184), pid=14480, tid=7424
#
# JRE version: OpenJDK Runtime Environment Zulu19.32+15-CA (19.0.2+7) (build 19.0.2+7)
# Java VM: OpenJDK 64-Bit Server VM Zulu19.32+15-CA (19.0.2+7, mixed mode, sharing, tiered, compressed oops, compressed class ptrs, g1 gc, windows-amd64)
# No core dump will be written. Minidumps are not enabled by default on client versions of Windows
#

---------------  S U M M A R Y ------------

Command Line: -Dapplication.home=C:\Program Files\Zulu\zulu-19 --add-modules=ALL-DEFAULT -Xms8m -Djdk.module.main=jdk.compiler jdk.compiler/com.sun.tools.javac.Main -d C:\Users\ulise\Desktop\TEC\Algoritmos y estructura de datos I\BuscaMinas\ventana busca minas\build\classes -classpath C:\Users\ulise\Desktop\TEC\Algoritmos y estructura de datos I\BuscaMinas\ventana busca minas\build\classes;C:\Users\ulise\Desktop\TEC\Algoritmos y estructura de datos I\BuscaMinas\ventana busca minas\lib\rxtx-2.1-7r2;C:\Users\ulise\Downloads\RXTXcomm.jar;C:\Users\ulise\Downloads\jSerialComm-2.9.3.zip;C:\Users\ulise\Downloads\jSerialComm-2.9.3.jar -sourcepath C:\Users\ulise\Desktop\TEC\Algoritmos y estructura de datos I\BuscaMinas\ventana busca minas\src -target 19 -encoding UTF-8 -g -processorpath C:\Users\ulise\Desktop\TEC\Algoritmos y estructura de datos I\BuscaMinas\ventana busca minas\lib\rxtx-2.1-7r2;C:\Users\ulise\Downloads\RXTXcomm.jar;C:\Users\ulise\Downloads\jSerialComm-2.9.3.zip;C:\Users\ulise\Downloads\jSerialComm-2.9.3.jar;C:\Users\ulise\Desktop\TEC\Algoritmos y estructura de datos I\BuscaMinas\jar_files\firmata4j-2.3.5.jar;C:\Users\ulise\Desktop\TEC\Algoritmos y estructura de datos I\BuscaMinas\jar_files\jssc-2.8.0.jar;C:\Users\ulise\Desktop\TEC\Algoritmos y estructura de datos I\BuscaMinas\jar_files\jssc-2.9.4.jar;C:\Users\ulise\Desktop\TEC\Algoritmos y estructura de datos I\BuscaMinas\jar_files\slf4j-api-1.7.25.jar;C:\Users\ulise\Desktop\TEC\Algoritmos y estructura de datos I\BuscaMinas\jar_files\slf4j-api-1.7.3.jar;C:\Users\ulise\Desktop\TEC\Algoritmos y estructura de datos I\BuscaMinas\jar_files\slf4j-simple-1.6.1.jar;C:\Users\ulise\Desktop\TEC\Algoritmos y estructura de datos I\BuscaMinas\ventana busca minas\build\empty -s C:\Users\ulise\Desktop\TEC\Algoritmos y estructura de datos I\BuscaMinas\ventana busca minas\build\generated-sources\ap-source-output -source 19 C:\Users\ulise\Desktop\TEC\Algoritmos y estructura de datos I\BuscaMinas\ventana busca minas\src\GameMenuDemo.java

Host: Intel(R) Core(TM) i7-10750H CPU @ 2.60GHz, 12 cores, 7G,  Windows 11 , 64 bit Build 22621 (10.0.22621.1485)
Time: Mon Apr 10 15:26:29 2023 Hora estándar, América Central elapsed time: 0.746709 seconds (0d 0h 0m 0s)

---------------  T H R E A D  ---------------

Current thread (0x0000025ceee99b20):  JavaThread "C2 CompilerThread0" daemon [_thread_in_native, id=7424, stack(0x000000fc9f600000,0x000000fc9f700000)]


Current CompileTask:
C2:    746 1392   !   4       com.sun.tools.javac.jvm.ClassReader::classSigToType (497 bytes)

Stack: [0x000000fc9f600000,0x000000fc9f700000]
Native frames: (J=compiled Java code, j=interpreted, Vv=VM code, C=native code)
V  [jvm.dll+0x6eab2a]
V  [jvm.dll+0x8a4a20]
V  [jvm.dll+0x8a640e]
V  [jvm.dll+0x8a6ac3]
V  [jvm.dll+0x27c1ef]
V  [jvm.dll+0xc245f]
V  [jvm.dll+0xc27d5]
V  [jvm.dll+0x3b8071]
V  [jvm.dll+0x1e6d22]
V  [jvm.dll+0x245a2d]
V  [jvm.dll+0x244c71]
V  [jvm.dll+0x1cf9a1]
V  [jvm.dll+0x254799]
V  [jvm.dll+0x2529a8]
V  [jvm.dll+0x854e98]
V  [jvm.dll+0x84ec7a]
V  [jvm.dll+0x6e981b]
C  [ucrtbase.dll+0x29363]
C  [KERNEL32.DLL+0x1269d]
C  [ntdll.dll+0x5a9f8]


---------------  P R O C E S S  ---------------

Threads class SMR info:
_java_thread_list=0x0000025cf39ba780, length=14, elements={
0x0000025ccef8d4d0, 0x0000025ceee89b50, 0x0000025ceee8a720, 0x0000025ceee8f690,
0x0000025ceee920d0, 0x0000025ceee92ba0, 0x0000025ceee93810, 0x0000025ceee99b20,
0x0000025ceeea2640, 0x0000025ceeea6570, 0x0000025ceeea6020, 0x0000025cf31dcb50,
0x0000025ceeea8ff0, 0x0000025cf3b967f0
}

Java Threads: ( => current thread )
  0x0000025ccef8d4d0 JavaThread "main" [_thread_in_Java, id=9516, stack(0x000000fc9e900000,0x000000fc9ea00000)]
  0x0000025ceee89b50 JavaThread "Reference Handler" daemon [_thread_blocked, id=5352, stack(0x000000fc9f000000,0x000000fc9f100000)]
  0x0000025ceee8a720 JavaThread "Finalizer" daemon [_thread_blocked, id=24024, stack(0x000000fc9f100000,0x000000fc9f200000)]
  0x0000025ceee8f690 JavaThread "Signal Dispatcher" daemon [_thread_blocked, id=20376, stack(0x000000fc9f200000,0x000000fc9f300000)]
  0x0000025ceee920d0 JavaThread "Attach Listener" daemon [_thread_blocked, id=10032, stack(0x000000fc9f300000,0x000000fc9f400000)]
  0x0000025ceee92ba0 JavaThread "Service Thread" daemon [_thread_blocked, id=18000, stack(0x000000fc9f400000,0x000000fc9f500000)]
  0x0000025ceee93810 JavaThread "Monitor Deflation Thread" daemon [_thread_blocked, id=7508, stack(0x000000fc9f500000,0x000000fc9f600000)]
=>0x0000025ceee99b20 JavaThread "C2 CompilerThread0" daemon [_thread_in_native, id=7424, stack(0x000000fc9f600000,0x000000fc9f700000)]
  0x0000025ceeea2640 JavaThread "C1 CompilerThread0" daemon [_thread_in_native, id=1916, stack(0x000000fc9f700000,0x000000fc9f800000)]
  0x0000025ceeea6570 JavaThread "Sweeper thread" daemon [_thread_blocked, id=928, stack(0x000000fc9f800000,0x000000fc9f900000)]
  0x0000025ceeea6020 JavaThread "Common-Cleaner" daemon [_thread_blocked, id=14384, stack(0x000000fc9f900000,0x000000fc9fa00000)]
  0x0000025cf31dcb50 JavaThread "C2 CompilerThread1" daemon [_thread_in_native, id=18544, stack(0x000000fc9fa00000,0x000000fc9fb00000)]
  0x0000025ceeea8ff0 JavaThread "Notification Thread" daemon [_thread_blocked, id=11476, stack(0x000000fc9fb00000,0x000000fc9fc00000)]
  0x0000025cf3b967f0 JavaThread "C2 CompilerThread2" daemon [_thread_in_native, id=12516, stack(0x000000fca0300000,0x000000fca0400000)]

Other Threads:
  0x0000025ceee707d0 VMThread "VM Thread" [stack: 0x000000fc9ef00000,0x000000fc9f000000] [id=10324]
  0x0000025cf325b770 WatcherThread "VM Periodic Task Thread" [stack: 0x000000fc9fc00000,0x000000fc9fd00000] [id=4148]
  0x0000025ccefeda60 WorkerThread "GC Thread#0" [stack: 0x000000fc9ea00000,0x000000fc9eb00000] [id=2720]
  0x0000025cf337f890 WorkerThread "GC Thread#1" [stack: 0x000000fc9fd00000,0x000000fc9fe00000] [id=21512]
  0x0000025cf337ff30 WorkerThread "GC Thread#2" [stack: 0x000000fc9fe00000,0x000000fc9ff00000] [id=24500]
  0x0000025cf34a0fb0 WorkerThread "GC Thread#3" [stack: 0x000000fc9ff00000,0x000000fca0000000] [id=17440]
  0x0000025cf3562010 WorkerThread "GC Thread#4" [stack: 0x000000fca0000000,0x000000fca0100000] [id=21280]
  0x0000025cf35ef580 WorkerThread "GC Thread#5" [stack: 0x000000fca0100000,0x000000fca0200000] [id=14980]
  0x0000025cf35ee4a0 WorkerThread "GC Thread#6" [stack: 0x000000fca0200000,0x000000fca0300000] [id=12264]
  0x0000025cceffea00 ConcurrentGCThread "G1 Main Marker" [stack: 0x000000fc9eb00000,0x000000fc9ec00000] [id=22228]
  0x0000025ccefffbd0 WorkerThread "G1 Conc#0" [stack: 0x000000fc9ec00000,0x000000fc9ed00000] [id=1236]
  0x0000025cf35eefe0 WorkerThread "G1 Conc#1" [stack: 0x000000fca0400000,0x000000fca0500000] [id=6872]
  0x0000025cf35edc30 WorkerThread "G1 Conc#2" [stack: 0x000000fca0500000,0x000000fca0600000] [id=13428]
  0x0000025ccf0349c0 ConcurrentGCThread "G1 Refine#0" [stack: 0x000000fc9ed00000,0x000000fc9ee00000] [id=12796]
  0x0000025ccf0363b0 ConcurrentGCThread "G1 Service" [stack: 0x000000fc9ee00000,0x000000fc9ef00000] [id=13236]

Threads with active compile tasks:
C2 CompilerThread0      756 1392   !   4       com.sun.tools.javac.jvm.ClassReader::classSigToType (497 bytes)
C1 CompilerThread0      756 2266       2       jdk.internal.org.objectweb.asm.MethodWriter::putMethodInfo (1274 bytes)
C2 CompilerThread1      756 1734       4       com.sun.tools.javac.code.Symtab::enterClass (71 bytes)
C2 CompilerThread2      756 1988       4       com.sun.tools.javac.code.Symtab::lookupPackage (259 bytes)

VM state: not at safepoint (normal execution)

VM Mutex/Monitor currently owned by a thread: None

Heap address: 0x0000000081600000, size: 2026 MB, Compressed Oops mode: 32-bit

CDS archive(s) mapped at: [0x0000000800000000-0x0000000800c40000-0x0000000800c40000), size 12845056, SharedBaseAddress: 0x0000000800000000, ArchiveRelocationMode: 0.
Compressed class space mapped at: 0x0000000801000000-0x0000000841000000, reserved size: 1073741824
Narrow klass base: 0x0000000800000000, Narrow klass shift: 0, Narrow klass range: 0x100000000

GC Precious Log:
 CardTable entry size: 512
 Card Set container configuration: InlinePtr #cards 5 size 8 Array Of Cards #cards 12 size 40 Howl #buckets 4 coarsen threshold 1843 Howl Bitmap #cards 512 size 80 coarsen threshold 460 Card regions per heap region 1 cards per card region 2048
 CPUs: 12 total, 12 available
 Memory: 8099M
 Large Page Support: Disabled
 NUMA Support: Disabled
 Compressed Oops: Enabled (32-bit)
 Heap Region Size: 1M
 Heap Min Capacity: 8M
 Heap Initial Capacity: 8M
 Heap Max Capacity: 2026M
 Pre-touch: Disabled
 Parallel Workers: 10
 Concurrent Workers: 3
 Concurrent Refinement Workers: 10
 Periodic GC: Disabled

Heap:
 garbage-first heap   total 52224K, used 29579K [0x0000000081600000, 0x0000000100000000)
  region size 1024K, 23 young (23552K), 1 survivors (1024K)
 Metaspace       used 10976K, committed 11264K, reserved 1114112K
  class space    used 1190K, committed 1344K, reserved 1048576K

Heap Regions: E=young(eden), S=young(survivor), O=old, HS=humongous(starts), HC=humongous(continues), CS=collection set, F=free, OA=open archive, CA=closed archive, TAMS=top-at-mark-start (previous, next)
|   0|0x0000000081600000, 0x0000000081700000, 0x0000000081700000|100%| O|  |TAMS 0x0000000081700000, 0x0000000081600000| Untracked 
|   1|0x0000000081700000, 0x00000000817e2c00, 0x0000000081800000| 88%| O|  |TAMS 0x0000000081700000, 0x0000000081700000| Untracked 
|   2|0x0000000081800000, 0x0000000081900000, 0x0000000081900000|100%| O|  |TAMS 0x0000000081900000, 0x0000000081800000| Untracked 
|   3|0x0000000081900000, 0x0000000081a00000, 0x0000000081a00000|100%| O|  |TAMS 0x0000000081a00000, 0x0000000081900000| Untracked 
|   4|0x0000000081a00000, 0x0000000081b00000, 0x0000000081b00000|100%| O|  |TAMS 0x0000000081a25e00, 0x0000000081a00000| Untracked 
|   5|0x0000000081b00000, 0x0000000081c00000, 0x0000000081c00000|100%| O|  |TAMS 0x0000000081b00000, 0x0000000081b00000| Untracked 
|   6|0x0000000081c00000, 0x0000000081d00000, 0x0000000081d00000|100%| O|  |TAMS 0x0000000081c00000, 0x0000000081c00000| Untracked 
|   7|0x0000000081d00000, 0x0000000081e00000, 0x0000000081e00000|100%|HS|  |TAMS 0x0000000081d00000, 0x0000000081d00000| Complete 
|   8|0x0000000081e00000, 0x0000000081e00000, 0x0000000081f00000|  0%| F|  |TAMS 0x0000000081e00000, 0x0000000081e00000| Untracked 
|   9|0x0000000081f00000, 0x0000000081f00000, 0x0000000082000000|  0%| F|  |TAMS 0x0000000081f00000, 0x0000000081f00000| Untracked 
|  10|0x0000000082000000, 0x0000000082000000, 0x0000000082100000|  0%| F|  |TAMS 0x0000000082000000, 0x0000000082000000| Untracked 
|  11|0x0000000082100000, 0x0000000082100000, 0x0000000082200000|  0%| F|  |TAMS 0x0000000082100000, 0x0000000082100000| Untracked 
|  12|0x0000000082200000, 0x0000000082200000, 0x0000000082300000|  0%| F|  |TAMS 0x0000000082200000, 0x0000000082200000| Untracked 
|  13|0x0000000082300000, 0x0000000082400000, 0x0000000082400000|100%| S|CS|TAMS 0x0000000082300000, 0x0000000082300000| Complete 
|  14|0x0000000082400000, 0x0000000082400000, 0x0000000082500000|  0%| F|  |TAMS 0x0000000082400000, 0x0000000082400000| Untracked 
|  15|0x0000000082500000, 0x0000000082500000, 0x0000000082600000|  0%| F|  |TAMS 0x0000000082500000, 0x0000000082500000| Untracked 
|  16|0x0000000082600000, 0x0000000082600000, 0x0000000082700000|  0%| F|  |TAMS 0x0000000082600000, 0x0000000082600000| Untracked 
|  17|0x0000000082700000, 0x0000000082700000, 0x0000000082800000|  0%| F|  |TAMS 0x0000000082700000, 0x0000000082700000| Untracked 
|  18|0x0000000082800000, 0x0000000082800000, 0x0000000082900000|  0%| F|  |TAMS 0x0000000082800000, 0x0000000082800000| Untracked 
|  19|0x0000000082900000, 0x0000000082900000, 0x0000000082a00000|  0%| F|  |TAMS 0x0000000082900000, 0x0000000082900000| Untracked 
|  20|0x0000000082a00000, 0x0000000082a00000, 0x0000000082b00000|  0%| F|  |TAMS 0x0000000082a00000, 0x0000000082a00000| Untracked 
|  21|0x0000000082b00000, 0x0000000082b00000, 0x0000000082c00000|  0%| F|  |TAMS 0x0000000082b00000, 0x0000000082b00000| Untracked 
|  22|0x0000000082c00000, 0x0000000082c00000, 0x0000000082d00000|  0%| F|  |TAMS 0x0000000082c00000, 0x0000000082c00000| Untracked 
|  23|0x0000000082d00000, 0x0000000082d00000, 0x0000000082e00000|  0%| F|  |TAMS 0x0000000082d00000, 0x0000000082d00000| Untracked 
|  24|0x0000000082e00000, 0x0000000082e00000, 0x0000000082f00000|  0%| F|  |TAMS 0x0000000082e00000, 0x0000000082e00000| Untracked 
|  25|0x0000000082f00000, 0x0000000082f00000, 0x0000000083000000|  0%| F|  |TAMS 0x0000000082f00000, 0x0000000082f00000| Untracked 
|  26|0x0000000083000000, 0x0000000083000000, 0x0000000083100000|  0%| F|  |TAMS 0x0000000083000000, 0x0000000083000000| Untracked 
|  27|0x0000000083100000, 0x0000000083100000, 0x0000000083200000|  0%| F|  |TAMS 0x0000000083100000, 0x0000000083100000| Untracked 
|  28|0x0000000083200000, 0x0000000083200000, 0x0000000083300000|  0%| F|  |TAMS 0x0000000083200000, 0x0000000083200000| Untracked 
|  29|0x0000000083300000, 0x00000000833d8210, 0x0000000083400000| 84%| E|  |TAMS 0x0000000083300000, 0x0000000083300000| Complete 
|  30|0x0000000083400000, 0x0000000083500000, 0x0000000083500000|100%| E|  |TAMS 0x0000000083400000, 0x0000000083400000| Complete 
|  31|0x0000000083500000, 0x0000000083600000, 0x0000000083600000|100%| E|CS|TAMS 0x0000000083500000, 0x0000000083500000| Complete 
|  32|0x0000000083600000, 0x0000000083700000, 0x0000000083700000|100%| E|CS|TAMS 0x0000000083600000, 0x0000000083600000| Complete 
|  33|0x0000000083700000, 0x0000000083800000, 0x0000000083800000|100%| E|CS|TAMS 0x0000000083700000, 0x0000000083700000| Complete 
|  34|0x0000000083800000, 0x0000000083900000, 0x0000000083900000|100%| E|CS|TAMS 0x0000000083800000, 0x0000000083800000| Complete 
|  35|0x0000000083900000, 0x0000000083a00000, 0x0000000083a00000|100%| E|CS|TAMS 0x0000000083900000, 0x0000000083900000| Complete 
|  36|0x0000000083a00000, 0x0000000083b00000, 0x0000000083b00000|100%| E|CS|TAMS 0x0000000083a00000, 0x0000000083a00000| Complete 
|  37|0x0000000083b00000, 0x0000000083c00000, 0x0000000083c00000|100%| E|CS|TAMS 0x0000000083b00000, 0x0000000083b00000| Complete 
|  38|0x0000000083c00000, 0x0000000083d00000, 0x0000000083d00000|100%| E|CS|TAMS 0x0000000083c00000, 0x0000000083c00000| Complete 
|  39|0x0000000083d00000, 0x0000000083e00000, 0x0000000083e00000|100%| E|CS|TAMS 0x0000000083d00000, 0x0000000083d00000| Complete 
|  40|0x0000000083e00000, 0x0000000083f00000, 0x0000000083f00000|100%| E|CS|TAMS 0x0000000083e00000, 0x0000000083e00000| Complete 
|  41|0x0000000083f00000, 0x0000000084000000, 0x0000000084000000|100%| E|CS|TAMS 0x0000000083f00000, 0x0000000083f00000| Complete 
|  42|0x0000000084000000, 0x0000000084100000, 0x0000000084100000|100%| E|CS|TAMS 0x0000000084000000, 0x0000000084000000| Complete 
|  43|0x0000000084100000, 0x0000000084200000, 0x0000000084200000|100%| E|CS|TAMS 0x0000000084100000, 0x0000000084100000| Complete 
|  44|0x0000000084200000, 0x0000000084300000, 0x0000000084300000|100%| E|CS|TAMS 0x0000000084200000, 0x0000000084200000| Complete 
|  45|0x0000000084300000, 0x0000000084400000, 0x0000000084400000|100%| E|CS|TAMS 0x0000000084300000, 0x0000000084300000| Complete 
|  46|0x0000000084400000, 0x0000000084500000, 0x0000000084500000|100%| E|CS|TAMS 0x0000000084400000, 0x0000000084400000| Complete 
|  47|0x0000000084500000, 0x0000000084600000, 0x0000000084600000|100%| E|CS|TAMS 0x0000000084500000, 0x0000000084500000| Complete 
|  48|0x0000000084600000, 0x0000000084700000, 0x0000000084700000|100%| E|CS|TAMS 0x0000000084600000, 0x0000000084600000| Complete 
|  49|0x0000000084700000, 0x0000000084800000, 0x0000000084800000|100%| E|CS|TAMS 0x0000000084700000, 0x0000000084700000| Complete 
|  50|0x0000000084800000, 0x0000000084900000, 0x0000000084900000|100%| E|CS|TAMS 0x0000000084800000, 0x0000000084800000| Complete 

Card table byte_map: [0x0000025ce7b40000,0x0000025ce7f40000] _byte_map_base: 0x0000025ce7735000

Marking Bits (Prev, Next): (CMBitMap*) 0x0000025ccefee0d0, (CMBitMap*) 0x0000025ccefee090
 Prev Bits: [0x0000025cea2f0000, 0x0000025cec298000)
 Next Bits: [0x0000025ce8340000, 0x0000025cea2e8000)

Polling page: 0x0000025cce750000

Metaspace:

Usage:
  Non-class:      9.56 MB used.
      Class:      1.16 MB used.
       Both:     10.73 MB used.

Virtual space:
  Non-class space:       64.00 MB reserved,       9.69 MB ( 15%) committed,  1 nodes.
      Class space:        1.00 GB reserved,       1.31 MB ( <1%) committed,  1 nodes.
             Both:        1.06 GB reserved,      11.00 MB (  1%) committed. 

Chunk freelists:
   Non-Class:  540.00 KB
       Class:  2.73 MB
        Both:  3.26 MB

MaxMetaspaceSize: unlimited
CompressedClassSpaceSize: 1.00 GB
Initial GC threshold: 21.00 MB
Current GC threshold: 21.00 MB
CDS: on
MetaspaceReclaimPolicy: balanced
 - commit_granule_bytes: 65536.
 - commit_granule_words: 8192.
 - virtual_space_node_default_size: 8388608.
 - enlarge_chunks_in_place: 1.
 - new_chunks_are_fully_committed: 0.
 - uncommit_free_chunks: 1.
 - use_allocation_guard: 0.


Internal statistics:

num_allocs_failed_limit: 0.
num_arena_births: 146.
num_arena_deaths: 0.
num_vsnodes_births: 2.
num_vsnodes_deaths: 0.
num_space_committed: 176.
num_space_uncommitted: 0.
num_chunks_returned_to_freelist: 0.
num_chunks_taken_from_freelist: 500.
num_chunk_merges: 0.
num_chunk_splits: 363.
num_chunks_enlarged: 292.
num_inconsistent_stats: 0.

CodeHeap 'non-profiled nmethods': size=120000Kb used=668Kb max_used=668Kb free=119331Kb
 bounds [0x0000025cdfcc0000, 0x0000025cdff30000, 0x0000025ce71f0000]
CodeHeap 'profiled nmethods': size=120000Kb used=4707Kb max_used=4707Kb free=115292Kb
 bounds [0x0000025cd81f0000, 0x0000025cd8690000, 0x0000025cdf720000]
CodeHeap 'non-nmethods': size=5760Kb used=1249Kb max_used=1297Kb free=4510Kb
 bounds [0x0000025cdf720000, 0x0000025cdf990000, 0x0000025cdfcc0000]
 total_blobs=2711 nmethods=2253 adapters=367
 compilation: enabled
              stopped_count=0, restarted_count=0
 full_count=0

Compilation events (20 events):
Event: 0.738 Thread 0x0000025ceeea2640 2202       3       java.util.HashMap::getNode (150 bytes)
Event: 0.739 Thread 0x0000025ceeea2640 nmethod 2202 0x0000025cd8671810 code [0x0000025cd8671a60, 0x0000025cd8672658]
Event: 0.739 Thread 0x0000025ceeea2640 2203       3       java.util.HashMap::get (19 bytes)
Event: 0.739 Thread 0x0000025ceeea2640 nmethod 2203 0x0000025cd8672910 code [0x0000025cd8672ac0, 0x0000025cd8672c88]
Event: 0.739 Thread 0x0000025ceeea2640 2200       2       com.sun.tools.javac.tree.TreeTranslator::visitModifiers (18 bytes)
Event: 0.739 Thread 0x0000025ceeea2640 nmethod 2200 0x0000025cd8672d90 code [0x0000025cd8672f40, 0x0000025cd8673288]
Event: 0.741 Thread 0x0000025ceeea2640 2204       2       com.sun.tools.javac.jvm.PoolReader::getClass (15 bytes)
Event: 0.741 Thread 0x0000025ceeea2640 nmethod 2204 0x0000025cd8673410 code [0x0000025cd86735c0, 0x0000025cd8673728]
Event: 0.743 Thread 0x0000025ceeea2640 2205       2       com.sun.tools.javac.jvm.ClassReader$5::read (84 bytes)
Event: 0.744 Thread 0x0000025ceeea2640 nmethod 2205 0x0000025cd8673810 code [0x0000025cd8673a20, 0x0000025cd8673fe8]
Event: 0.744 Thread 0x0000025ceeea2640 2206       2       java.util.HashMap::clear (50 bytes)
Event: 0.744 Thread 0x0000025ceeea2640 nmethod 2206 0x0000025cd8674490 code [0x0000025cd8674640, 0x0000025cd86747f8]
Event: 0.744 Thread 0x0000025ceeea2640 2207       2       com.sun.tools.javac.code.Symbol::enclClass (45 bytes)
Event: 0.744 Thread 0x0000025ceeea2640 nmethod 2207 0x0000025cd8674910 code [0x0000025cd8674ac0, 0x0000025cd8674d28]
Event: 0.745 Thread 0x0000025ceeea2640 2208       2       com.sun.tools.javac.jvm.ClassReader$$Lambda$147/0x0000000801115478::apply (9 bytes)
Event: 0.745 Thread 0x0000025ceeea2640 nmethod 2208 0x0000025cd8674f10 code [0x0000025cd86750c0, 0x0000025cd8675228]
Event: 0.745 Thread 0x0000025ceeea2640 2209       2       com.sun.tools.javac.jvm.ClassReader$$Lambda$146/0x0000000801115268::apply (9 bytes)
Event: 0.745 Thread 0x0000025ceeea2640 nmethod 2209 0x0000025cd8675390 code [0x0000025cd8675540, 0x0000025cd86756a8]
Event: 0.745 Thread 0x0000025ceeea2640 2210       2       com.sun.tools.javac.jvm.ClassReader::enterClass (14 bytes)
Event: 0.745 Thread 0x0000025ceeea2640 nmethod 2210 0x0000025cd8675810 code [0x0000025cd86759c0, 0x0000025cd8675b08]

GC Heap History (20 events):
Event: 0.291 GC heap before
{Heap before GC invocations=3 (full 0):
 garbage-first heap   total 8192K, used 3161K [0x0000000081600000, 0x0000000100000000)
  region size 1024K, 2 young (2048K), 1 survivors (1024K)
 Metaspace       used 7742K, committed 7872K, reserved 1114112K
  class space    used 858K, committed 896K, reserved 1048576K
}
Event: 0.293 GC heap after
{Heap after GC invocations=4 (full 0):
 garbage-first heap   total 8192K, used 2488K [0x0000000081600000, 0x0000000100000000)
  region size 1024K, 1 young (1024K), 1 survivors (1024K)
 Metaspace       used 7742K, committed 7872K, reserved 1114112K
  class space    used 858K, committed 896K, reserved 1048576K
}
Event: 0.313 GC heap before
{Heap before GC invocations=4 (full 0):
 garbage-first heap   total 8192K, used 3512K [0x0000000081600000, 0x0000000100000000)
  region size 1024K, 2 young (2048K), 1 survivors (1024K)
 Metaspace       used 7980K, committed 8192K, reserved 1114112K
  class space    used 878K, committed 1024K, reserved 1048576K
}
Event: 0.314 GC heap after
{Heap after GC invocations=5 (full 0):
 garbage-first heap   total 10240K, used 2868K [0x0000000081600000, 0x0000000100000000)
  region size 1024K, 1 young (1024K), 1 survivors (1024K)
 Metaspace       used 7980K, committed 8192K, reserved 1114112K
  class space    used 878K, committed 1024K, reserved 1048576K
}
Event: 0.353 GC heap before
{Heap before GC invocations=5 (full 0):
 garbage-first heap   total 10240K, used 4916K [0x0000000081600000, 0x0000000100000000)
  region size 1024K, 3 young (3072K), 1 survivors (1024K)
 Metaspace       used 8584K, committed 8768K, reserved 1114112K
  class space    used 948K, committed 1024K, reserved 1048576K
}
Event: 0.356 GC heap after
{Heap after GC invocations=6 (full 0):
 garbage-first heap   total 10240K, used 3629K [0x0000000081600000, 0x0000000100000000)
  region size 1024K, 1 young (1024K), 1 survivors (1024K)
 Metaspace       used 8584K, committed 8768K, reserved 1114112K
  class space    used 948K, committed 1024K, reserved 1048576K
}
Event: 0.390 GC heap before
{Heap before GC invocations=6 (full 0):
 garbage-first heap   total 10240K, used 5677K [0x0000000081600000, 0x0000000100000000)
  region size 1024K, 3 young (3072K), 1 survivors (1024K)
 Metaspace       used 8893K, committed 9024K, reserved 1114112K
  class space    used 988K, committed 1024K, reserved 1048576K
}
Event: 0.392 GC heap after
{Heap after GC invocations=7 (full 0):
 garbage-first heap   total 10240K, used 4358K [0x0000000081600000, 0x0000000100000000)
  region size 1024K, 1 young (1024K), 1 survivors (1024K)
 Metaspace       used 8893K, committed 9024K, reserved 1114112K
  class space    used 988K, committed 1024K, reserved 1048576K
}
Event: 0.394 GC heap before
{Heap before GC invocations=7 (full 0):
 garbage-first heap   total 10240K, used 5382K [0x0000000081600000, 0x0000000100000000)
  region size 1024K, 2 young (2048K), 1 survivors (1024K)
 Metaspace       used 8899K, committed 9024K, reserved 1114112K
  class space    used 988K, committed 1024K, reserved 1048576K
}
Event: 0.395 GC heap after
{Heap after GC invocations=8 (full 0):
 garbage-first heap   total 10240K, used 4454K [0x0000000081600000, 0x0000000100000000)
  region size 1024K, 1 young (1024K), 1 survivors (1024K)
 Metaspace       used 8899K, committed 9024K, reserved 1114112K
  class space    used 988K, committed 1024K, reserved 1048576K
}
Event: 0.405 GC heap before
{Heap before GC invocations=8 (full 0):
 garbage-first heap   total 10240K, used 5478K [0x0000000081600000, 0x0000000100000000)
  region size 1024K, 2 young (2048K), 1 survivors (1024K)
 Metaspace       used 8950K, committed 9088K, reserved 1114112K
  class space    used 988K, committed 1024K, reserved 1048576K
}
Event: 0.405 GC heap after
{Heap after GC invocations=9 (full 0):
 garbage-first heap   total 20480K, used 4502K [0x0000000081600000, 0x0000000100000000)
  region size 1024K, 1 young (1024K), 1 survivors (1024K)
 Metaspace       used 8950K, committed 9088K, reserved 1114112K
  class space    used 988K, committed 1024K, reserved 1048576K
}
Event: 0.442 GC heap before
{Heap before GC invocations=10 (full 0):
 garbage-first heap   total 20480K, used 10646K [0x0000000081600000, 0x0000000100000000)
  region size 1024K, 7 young (7168K), 1 survivors (1024K)
 Metaspace       used 9114K, committed 9280K, reserved 1114112K
  class space    used 1011K, committed 1088K, reserved 1048576K
}
Event: 0.444 GC heap after
{Heap after GC invocations=11 (full 0):
 garbage-first heap   total 20480K, used 5437K [0x0000000081600000, 0x0000000100000000)
  region size 1024K, 1 young (1024K), 1 survivors (1024K)
 Metaspace       used 9114K, committed 9280K, reserved 1114112K
  class space    used 1011K, committed 1088K, reserved 1048576K
}
Event: 0.445 GC heap before
{Heap before GC invocations=11 (full 0):
 garbage-first heap   total 20480K, used 6461K [0x0000000081600000, 0x0000000100000000)
  region size 1024K, 2 young (2048K), 1 survivors (1024K)
 Metaspace       used 9116K, committed 9280K, reserved 1114112K
  class space    used 1011K, committed 1088K, reserved 1048576K
}
Event: 0.448 GC heap after
{Heap after GC invocations=12 (full 0):
 garbage-first heap   total 20480K, used 5526K [0x0000000081600000, 0x0000000100000000)
  region size 1024K, 1 young (1024K), 1 survivors (1024K)
 Metaspace       used 9116K, committed 9280K, reserved 1114112K
  class space    used 1011K, committed 1088K, reserved 1048576K
}
Event: 0.475 GC heap before
{Heap before GC invocations=12 (full 0):
 garbage-first heap   total 20480K, used 11670K [0x0000000081600000, 0x0000000100000000)
  region size 1024K, 7 young (7168K), 1 survivors (1024K)
 Metaspace       used 9186K, committed 9344K, reserved 1114112K
  class space    used 1014K, committed 1088K, reserved 1048576K
}
Event: 0.477 GC heap after
{Heap after GC invocations=13 (full 0):
 garbage-first heap   total 20480K, used 6944K [0x0000000081600000, 0x0000000100000000)
  region size 1024K, 1 young (1024K), 1 survivors (1024K)
 Metaspace       used 9186K, committed 9344K, reserved 1114112K
  class space    used 1014K, committed 1088K, reserved 1048576K
}
Event: 0.512 GC heap before
{Heap before GC invocations=13 (full 0):
 garbage-first heap   total 20480K, used 12064K [0x0000000081600000, 0x0000000100000000)
  region size 1024K, 7 young (7168K), 1 survivors (1024K)
 Metaspace       used 9302K, committed 9472K, reserved 1114112K
  class space    used 1020K, committed 1088K, reserved 1048576K
}
Event: 0.516 GC heap after
{Heap after GC invocations=14 (full 0):
 garbage-first heap   total 52224K, used 8075K [0x0000000081600000, 0x0000000100000000)
  region size 1024K, 1 young (1024K), 1 survivors (1024K)
 Metaspace       used 9302K, committed 9472K, reserved 1114112K
  class space    used 1020K, committed 1088K, reserved 1048576K
}

Dll operation events (6 events):
Event: 0.005 Loaded shared library C:\Program Files\Zulu\zulu-19\bin\java.dll
Event: 0.011 Loaded shared library C:\Program Files\Zulu\zulu-19\bin\jsvml.dll
Event: 0.052 Loaded shared library C:\Program Files\Zulu\zulu-19\bin\jimage.dll
Event: 0.107 Loaded shared library C:\Program Files\Zulu\zulu-19\bin\net.dll
Event: 0.108 Loaded shared library C:\Program Files\Zulu\zulu-19\bin\nio.dll
Event: 0.131 Loaded shared library C:\Program Files\Zulu\zulu-19\bin\zip.dll

Deoptimization events (20 events):
Event: 0.503 Thread 0x0000025ccef8d4d0 Uncommon trap: trap_request=0xffffff45 fr.pc=0x0000025cdfd146ac relative=0x000000000000040c
Event: 0.503 Thread 0x0000025ccef8d4d0 Uncommon trap: reason=unstable_if action=reinterpret pc=0x0000025cdfd146ac method=java.lang.AbstractStringBuilder.isLatin1()Z @ 10 c2
Event: 0.503 Thread 0x0000025ccef8d4d0 DEOPT PACKING pc=0x0000025cdfd146ac sp=0x000000fc9e9fcc90
Event: 0.503 Thread 0x0000025ccef8d4d0 DEOPT UNPACKING pc=0x0000025cdf786da3 sp=0x000000fc9e9fcbd0 mode 2
Event: 0.504 Thread 0x0000025ccef8d4d0 Uncommon trap: trap_request=0xffffff45 fr.pc=0x0000025cdfcf9918 relative=0x0000000000000538
Event: 0.504 Thread 0x0000025ccef8d4d0 Uncommon trap: reason=unstable_if action=reinterpret pc=0x0000025cdfcf9918 method=java.lang.AbstractStringBuilder.isLatin1()Z @ 10 c2
Event: 0.504 Thread 0x0000025ccef8d4d0 DEOPT PACKING pc=0x0000025cdfcf9918 sp=0x000000fc9e9fbb40
Event: 0.504 Thread 0x0000025ccef8d4d0 DEOPT UNPACKING pc=0x0000025cdf786da3 sp=0x000000fc9e9fb938 mode 2
Event: 0.505 Thread 0x0000025ccef8d4d0 Uncommon trap: trap_request=0xffffff45 fr.pc=0x0000025cdfcf785c relative=0x00000000000000bc
Event: 0.505 Thread 0x0000025ccef8d4d0 Uncommon trap: reason=unstable_if action=reinterpret pc=0x0000025cdfcf785c method=com.sun.tools.javac.parser.UnicodeReader.nextCodeUnit()V @ 15 c2
Event: 0.505 Thread 0x0000025ccef8d4d0 DEOPT PACKING pc=0x0000025cdfcf785c sp=0x000000fc9e9fd880
Event: 0.505 Thread 0x0000025ccef8d4d0 DEOPT UNPACKING pc=0x0000025cdf786da3 sp=0x000000fc9e9fd7b8 mode 2
Event: 0.738 Thread 0x0000025ccef8d4d0 Uncommon trap: trap_request=0xffffff45 fr.pc=0x0000025cdfd1257c relative=0x000000000000025c
Event: 0.738 Thread 0x0000025ccef8d4d0 Uncommon trap: reason=unstable_if action=reinterpret pc=0x0000025cdfd1257c method=java.util.HashMap.hash(Ljava/lang/Object;)I @ 1 c2
Event: 0.738 Thread 0x0000025ccef8d4d0 DEOPT PACKING pc=0x0000025cdfd1257c sp=0x000000fc9e9fec40
Event: 0.738 Thread 0x0000025ccef8d4d0 DEOPT UNPACKING pc=0x0000025cdf786da3 sp=0x000000fc9e9fead8 mode 2
Event: 0.738 Thread 0x0000025ccef8d4d0 Uncommon trap: trap_request=0xffffff45 fr.pc=0x0000025cdfd0c9f4 relative=0x00000000000002b4
Event: 0.738 Thread 0x0000025ccef8d4d0 Uncommon trap: reason=unstable_if action=reinterpret pc=0x0000025cdfd0c9f4 method=java.util.HashMap.hash(Ljava/lang/Object;)I @ 1 c2
Event: 0.738 Thread 0x0000025ccef8d4d0 DEOPT PACKING pc=0x0000025cdfd0c9f4 sp=0x000000fc9e9febc0
Event: 0.738 Thread 0x0000025ccef8d4d0 DEOPT UNPACKING pc=0x0000025cdf786da3 sp=0x000000fc9e9fead8 mode 2

Classes loaded (20 events):
Event: 0.373 Loading class jdk/internal/access/JavaUtilCollectionAccess done
Event: 0.373 Loading class java/util/ImmutableCollections$Access$1 done
Event: 0.373 Loading class java/util/stream/Nodes$SpinedNodeBuilder
Event: 0.373 Loading class java/util/stream/Nodes$SpinedNodeBuilder done
Event: 0.374 Loading class sun/nio/fs/WindowsPath$WindowsPathWithAttributes
Event: 0.374 Loading class sun/nio/fs/WindowsPath$WindowsPathWithAttributes done
Event: 0.376 Loading class java/nio/file/FileTreeWalker$1
Event: 0.376 Loading class java/nio/file/FileTreeWalker$1 done
Event: 0.418 Loading class java/lang/invoke/MethodHandle$1
Event: 0.418 Loading class java/lang/invoke/MethodHandle$1 done
Event: 0.481 Loading class java/util/LinkedList$Node
Event: 0.481 Loading class java/util/LinkedList$Node done
Event: 0.570 Loading class java/util/stream/ReduceOps$1
Event: 0.570 Loading class java/util/stream/ReduceOps$1 done
Event: 0.570 Loading class java/util/stream/ReduceOps$1ReducingSink
Event: 0.570 Loading class java/util/stream/ReduceOps$1ReducingSink done
Event: 0.740 Loading class java/util/stream/ReduceOps$2
Event: 0.740 Loading class java/util/stream/ReduceOps$2 done
Event: 0.740 Loading class java/util/stream/ReduceOps$2ReducingSink
Event: 0.740 Loading class java/util/stream/ReduceOps$2ReducingSink done

Classes unloaded (0 events):
No events

Classes redefined (0 events):
No events

Internal exceptions (20 events):
Event: 0.408 Thread 0x0000025ccef8d4d0 Exception <a 'java/lang/NoSuchMethodError'{0x000000008292b0e0}: 'int java.lang.invoke.DirectMethodHandle$Holder.invokeSpecial(java.lang.Object, java.lang.Object, java.lang.Object)'> (0x000000008292b0e0) 
thrown [s\src\hotspot\share\interpreter\linkResolver.cpp, line 774]
Event: 0.410 Thread 0x0000025ccef8d4d0 Exception <a 'sun/nio/fs/WindowsException'{0x0000000082935a70}> (0x0000000082935a70) 
thrown [s\src\hotspot\share\prims\jni.cpp, line 517]
Event: 0.410 Thread 0x0000025ccef8d4d0 Exception <a 'sun/nio/fs/WindowsException'{0x0000000082935e40}> (0x0000000082935e40) 
thrown [s\src\hotspot\share\prims\jni.cpp, line 517]
Event: 0.410 Thread 0x0000025ccef8d4d0 Exception <a 'sun/nio/fs/WindowsException'{0x0000000082936e18}> (0x0000000082936e18) 
thrown [s\src\hotspot\share\prims\jni.cpp, line 517]
Event: 0.410 Thread 0x0000025ccef8d4d0 Exception <a 'sun/nio/fs/WindowsException'{0x00000000829371f8}> (0x00000000829371f8) 
thrown [s\src\hotspot\share\prims\jni.cpp, line 517]
Event: 0.411 Thread 0x0000025ccef8d4d0 Exception <a 'sun/nio/fs/WindowsException'{0x0000000082938558}> (0x0000000082938558) 
thrown [s\src\hotspot\share\prims\jni.cpp, line 517]
Event: 0.411 Thread 0x0000025ccef8d4d0 Exception <a 'sun/nio/fs/WindowsException'{0x00000000829388e8}> (0x00000000829388e8) 
thrown [s\src\hotspot\share\prims\jni.cpp, line 517]
Event: 0.417 Thread 0x0000025ccef8d4d0 Exception <a 'java/lang/NoSuchMethodError'{0x0000000082868580}: 'java.lang.Object java.lang.invoke.DirectMethodHandle$Holder.invokeStatic(java.lang.Object, java.lang.Object, int, int)'> (0x0000000082868580) 
thrown [s\src\hotspot\share\interpreter\linkResolver.cpp, line 774]
Event: 0.433 Thread 0x0000025ccef8d4d0 Exception <a 'sun/nio/fs/WindowsException'{0x000000008254eb18}> (0x000000008254eb18) 
thrown [s\src\hotspot\share\prims\jni.cpp, line 517]
Event: 0.433 Thread 0x0000025ccef8d4d0 Exception <a 'sun/nio/fs/WindowsException'{0x000000008254eef8}> (0x000000008254eef8) 
thrown [s\src\hotspot\share\prims\jni.cpp, line 517]
Event: 0.434 Thread 0x0000025ccef8d4d0 Exception <a 'sun/nio/fs/WindowsException'{0x0000000082550178}> (0x0000000082550178) 
thrown [s\src\hotspot\share\prims\jni.cpp, line 517]
Event: 0.434 Thread 0x0000025ccef8d4d0 Exception <a 'sun/nio/fs/WindowsException'{0x0000000082550568}> (0x0000000082550568) 
thrown [s\src\hotspot\share\prims\jni.cpp, line 517]
Event: 0.434 Thread 0x0000025ccef8d4d0 Exception <a 'sun/nio/fs/WindowsException'{0x0000000082551670}> (0x0000000082551670) 
thrown [s\src\hotspot\share\prims\jni.cpp, line 517]
Event: 0.434 Thread 0x0000025ccef8d4d0 Exception <a 'sun/nio/fs/WindowsException'{0x0000000082551a10}> (0x0000000082551a10) 
thrown [s\src\hotspot\share\prims\jni.cpp, line 517]
Event: 0.551 Thread 0x0000025ccef8d4d0 Exception <a 'java/lang/NoSuchMethodError'{0x0000000083da16c0}: 'java.lang.Object java.lang.invoke.DirectMethodHandle$Holder.invokeInterface(java.lang.Object, java.lang.Object)'> (0x0000000083da16c0) 
thrown [s\src\hotspot\share\interpreter\linkResolver.cpp, line 774]
Event: 0.554 Thread 0x0000025ccef8d4d0 Exception <a 'java/lang/NoSuchMethodError'{0x0000000083db20d0}: 'void java.lang.invoke.DirectMethodHandle$Holder.invokeSpecial(java.lang.Object, java.lang.Object, java.lang.Object, java.lang.Object, java.lang.Object)'> (0x0000000083db20d0) 
thrown [s\src\hotspot\share\interpreter\linkResolver.cpp, line 774]
Event: 0.604 Thread 0x0000025ccef8d4d0 Exception <a 'java/lang/NoSuchMethodError'{0x0000000083a75110}: 'int java.lang.invoke.DirectMethodHandle$Holder.invokeStatic(java.lang.Object, java.lang.Object, java.lang.Object, java.lang.Object)'> (0x0000000083a75110) 
thrown [s\src\hotspot\share\interpreter\linkResolver.cpp, line 774]
Event: 0.621 Thread 0x0000025ccef8d4d0 Exception <a 'java/lang/NoSuchMethodError'{0x0000000083aec700}: 'void java.lang.invoke.DirectMethodHandle$Holder.invokeVirtual(java.lang.Object, java.lang.Object)'> (0x0000000083aec700) 
thrown [s\src\hotspot\share\interpreter\linkResolver.cpp, line 774]
Event: 0.738 Thread 0x0000025ccef8d4d0 Implicit null exception at 0x0000025cdfd1236c to 0x0000025cdfd12564
Event: 0.738 Thread 0x0000025ccef8d4d0 Implicit null exception at 0x0000025cdfd0c78c to 0x0000025cdfd0c9d8

VM Operations (20 events):
Event: 0.410 Executing VM operation: G1PauseCleanup
Event: 0.410 Executing VM operation: G1PauseCleanup done
Event: 0.442 Executing VM operation: G1CollectForAllocation
Event: 0.444 Executing VM operation: G1CollectForAllocation done
Event: 0.445 Executing VM operation: G1CollectForAllocation
Event: 0.448 Executing VM operation: G1CollectForAllocation done
Event: 0.475 Executing VM operation: G1CollectForAllocation
Event: 0.477 Executing VM operation: G1CollectForAllocation done
Event: 0.512 Executing VM operation: G1CollectForAllocation
Event: 0.516 Executing VM operation: G1CollectForAllocation done
Event: 0.561 Executing VM operation: HandshakeAllThreads
Event: 0.561 Executing VM operation: HandshakeAllThreads done
Event: 0.629 Executing VM operation: ICBufferFull
Event: 0.629 Executing VM operation: ICBufferFull done
Event: 0.661 Executing VM operation: ICBufferFull
Event: 0.661 Executing VM operation: ICBufferFull done
Event: 0.711 Executing VM operation: ICBufferFull
Event: 0.711 Executing VM operation: ICBufferFull done
Event: 0.731 Executing VM operation: HandshakeAllThreads
Event: 0.731 Executing VM operation: HandshakeAllThreads done

Events (14 events):
Event: 0.011 Thread 0x0000025ccef8d4d0 Thread added: 0x0000025ccef8d4d0
Event: 0.019 Thread 0x0000025ceee89b50 Thread added: 0x0000025ceee89b50
Event: 0.019 Thread 0x0000025ceee8a720 Thread added: 0x0000025ceee8a720
Event: 0.020 Thread 0x0000025ceee8f690 Thread added: 0x0000025ceee8f690
Event: 0.020 Thread 0x0000025ceee920d0 Thread added: 0x0000025ceee920d0
Event: 0.020 Thread 0x0000025ceee92ba0 Thread added: 0x0000025ceee92ba0
Event: 0.020 Thread 0x0000025ceee93810 Thread added: 0x0000025ceee93810
Event: 0.020 Thread 0x0000025ceee99b20 Thread added: 0x0000025ceee99b20
Event: 0.020 Thread 0x0000025ceeea2640 Thread added: 0x0000025ceeea2640
Event: 0.020 Thread 0x0000025ceeea6570 Thread added: 0x0000025ceeea6570
Event: 0.036 Thread 0x0000025ceeea6020 Thread added: 0x0000025ceeea6020
Event: 0.046 Thread 0x0000025cf31dcb50 Thread added: 0x0000025cf31dcb50
Event: 0.050 Thread 0x0000025ceeea8ff0 Thread added: 0x0000025ceeea8ff0
Event: 0.403 Thread 0x0000025cf3b967f0 Thread added: 0x0000025cf3b967f0


Dynamic libraries:
0x00007ff73bff0000 - 0x00007ff73bff8000 	C:\Program Files\Zulu\zulu-19\bin\javac.exe
0x00007ffa972f0000 - 0x00007ffa97504000 	C:\WINDOWS\SYSTEM32\ntdll.dll
0x00007ffa96a30000 - 0x00007ffa96af2000 	C:\WINDOWS\System32\KERNEL32.DLL
0x00007ffa94a90000 - 0x00007ffa94e2c000 	C:\WINDOWS\System32\KERNELBASE.dll
0x00007ffa94730000 - 0x00007ffa94841000 	C:\WINDOWS\System32\ucrtbase.dll
0x00007ffa8e1a0000 - 0x00007ffa8e1bb000 	C:\Program Files\Zulu\zulu-19\bin\VCRUNTIME140.dll
0x00007ffa82f00000 - 0x00007ffa82f17000 	C:\Program Files\Zulu\zulu-19\bin\jli.dll
0x00007ffa95ee0000 - 0x00007ffa9608b000 	C:\WINDOWS\System32\USER32.dll
0x00007ffa94a60000 - 0x00007ffa94a86000 	C:\WINDOWS\System32\win32u.dll
0x00007ffa7c330000 - 0x00007ffa7c5be000 	C:\WINDOWS\WinSxS\amd64_microsoft.windows.common-controls_6595b64144ccf1df_6.0.22621.608_none_a9444ca7c10bb01d\COMCTL32.dll
0x00007ffa97200000 - 0x00007ffa972a7000 	C:\WINDOWS\System32\msvcrt.dll
0x00007ffa97050000 - 0x00007ffa97079000 	C:\WINDOWS\System32\GDI32.dll
0x00007ffa94f70000 - 0x00007ffa95083000 	C:\WINDOWS\System32\gdi32full.dll
0x00007ffa949c0000 - 0x00007ffa94a5a000 	C:\WINDOWS\System32\msvcp_win.dll
0x00007ffa95ea0000 - 0x00007ffa95ed1000 	C:\WINDOWS\System32\IMM32.DLL
0x00007ffa8dc90000 - 0x00007ffa8dc9c000 	C:\Program Files\Zulu\zulu-19\bin\vcruntime140_1.dll
0x00007ffa76a60000 - 0x00007ffa76aed000 	C:\Program Files\Zulu\zulu-19\bin\msvcp140.dll
0x00007ffa35440000 - 0x00007ffa36147000 	C:\Program Files\Zulu\zulu-19\bin\server\jvm.dll
0x00007ffa970d0000 - 0x00007ffa9717e000 	C:\WINDOWS\System32\ADVAPI32.dll
0x00007ffa95d60000 - 0x00007ffa95e04000 	C:\WINDOWS\System32\sechost.dll
0x00007ffa95c20000 - 0x00007ffa95d35000 	C:\WINDOWS\System32\RPCRT4.dll
0x00007ffa8ce90000 - 0x00007ffa8cec4000 	C:\WINDOWS\SYSTEM32\WINMM.dll
0x00007ffa8df80000 - 0x00007ffa8df89000 	C:\WINDOWS\SYSTEM32\WSOCK32.dll
0x00007ffa8ce00000 - 0x00007ffa8ce0a000 	C:\WINDOWS\SYSTEM32\VERSION.dll
0x00007ffa95620000 - 0x00007ffa95691000 	C:\WINDOWS\System32\WS2_32.dll
0x00007ffa93790000 - 0x00007ffa937a8000 	C:\WINDOWS\SYSTEM32\kernel.appcore.dll
0x00007ffa82eb0000 - 0x00007ffa82eba000 	C:\Program Files\Zulu\zulu-19\bin\jimage.dll
0x00007ffa920e0000 - 0x00007ffa9230e000 	C:\WINDOWS\SYSTEM32\DBGHELP.DLL
0x00007ffa95790000 - 0x00007ffa95b19000 	C:\WINDOWS\System32\combase.dll
0x00007ffa95160000 - 0x00007ffa95237000 	C:\WINDOWS\System32\OLEAUT32.dll
0x00007ffa764d0000 - 0x00007ffa76502000 	C:\WINDOWS\SYSTEM32\dbgcore.DLL
0x00007ffa94e30000 - 0x00007ffa94eab000 	C:\WINDOWS\System32\bcryptPrimitives.dll
0x00007ffa81f50000 - 0x00007ffa81f76000 	C:\Program Files\Zulu\zulu-19\bin\java.dll
0x00007ffa6a9f0000 - 0x00007ffa6aac7000 	C:\Program Files\Zulu\zulu-19\bin\jsvml.dll
0x00007ffa960a0000 - 0x00007ffa96890000 	C:\WINDOWS\System32\SHELL32.dll
0x00007ffa92750000 - 0x00007ffa9301d000 	C:\WINDOWS\SYSTEM32\windows.storage.dll
0x00007ffa92610000 - 0x00007ffa9274e000 	C:\WINDOWS\SYSTEM32\wintypes.dll
0x00007ffa95360000 - 0x00007ffa95451000 	C:\WINDOWS\System32\SHCORE.dll
0x00007ffa956b0000 - 0x00007ffa9570e000 	C:\WINDOWS\System32\shlwapi.dll
0x00007ffa94660000 - 0x00007ffa94681000 	C:\WINDOWS\SYSTEM32\profapi.dll
0x00007ffa82c40000 - 0x00007ffa82c53000 	C:\Program Files\Zulu\zulu-19\bin\net.dll
0x00007ffa8d990000 - 0x00007ffa8dac7000 	C:\WINDOWS\SYSTEM32\WINHTTP.dll
0x00007ffa93c00000 - 0x00007ffa93c69000 	C:\WINDOWS\system32\mswsock.dll
0x00007ffa82a60000 - 0x00007ffa82a76000 	C:\Program Files\Zulu\zulu-19\bin\nio.dll
0x00007ffa81e90000 - 0x00007ffa81ea8000 	C:\Program Files\Zulu\zulu-19\bin\zip.dll

dbghelp: loaded successfully - version: 4.0.5 - missing functions: none
symbol engine: initialized successfully - sym options: 0x614 - pdb path: .;C:\Program Files\Zulu\zulu-19\bin;C:\WINDOWS\SYSTEM32;C:\WINDOWS\WinSxS\amd64_microsoft.windows.common-controls_6595b64144ccf1df_6.0.22621.608_none_a9444ca7c10bb01d;C:\Program Files\Zulu\zulu-19\bin\server

VM Arguments:
jvm_args: -Dapplication.home=C:\Program Files\Zulu\zulu-19 --add-modules=ALL-DEFAULT -Xms8m -Djdk.module.main=jdk.compiler 
java_command: jdk.compiler/com.sun.tools.javac.Main -d C:\Users\ulise\Desktop\TEC\Algoritmos y estructura de datos I\BuscaMinas\ventana busca minas\build\classes -classpath C:\Users\ulise\Desktop\TEC\Algoritmos y estructura de datos I\BuscaMinas\ventana busca minas\build\classes;C:\Users\ulise\Desktop\TEC\Algoritmos y estructura de datos I\BuscaMinas\ventana busca minas\lib\rxtx-2.1-7r2;C:\Users\ulise\Downloads\RXTXcomm.jar;C:\Users\ulise\Downloads\jSerialComm-2.9.3.zip;C:\Users\ulise\Downloads\jSerialComm-2.9.3.jar -sourcepath C:\Users\ulise\Desktop\TEC\Algoritmos y estructura de datos I\BuscaMinas\ventana busca minas\src -target 19 -encoding UTF-8 -g -processorpath C:\Users\ulise\Desktop\TEC\Algoritmos y estructura de datos I\BuscaMinas\ventana busca minas\lib\rxtx-2.1-7r2;C:\Users\ulise\Downloads\RXTXcomm.jar;C:\Users\ulise\Downloads\jSerialComm-2.9.3.zip;C:\Users\ulise\Downloads\jSerialComm-2.9.3.jar;C:\Users\ulise\Desktop\TEC\Algoritmos y estructura de datos I\BuscaMinas\jar_files\firmata4j-2.3.5.jar;C:\Users\ulise\Desktop\TEC\Algoritmos y estructura de datos I\BuscaMinas\jar_files\jssc-2.8.0.jar;C:\Users\ulise\Desktop\TEC\Algoritmos y estructura de datos I\BuscaMinas\jar_files\jssc-2.9.4.jar;C:\Users\ulise\Desktop\TEC\Algoritmos y estructura de datos I\BuscaMinas\jar_files\slf4j-api-1.7.25.jar;C:\Users\ulise\Desktop\TEC\Algoritmos y estructura de datos I\BuscaMinas\jar_files\slf4j-api-1.7.3.jar;C:\Users\ulise\Desktop\TEC\Algoritmos y estructura de datos I\BuscaMinas\jar_files\slf4j-simple-1.6.1.jar;C:\Users\ulise\Desktop\TEC\Algoritmos y estructura de datos I\BuscaMinas\ventana busca minas\build\empty -s C:\Users\ulise\Desktop\TEC\Algoritmos y estructura de datos I\BuscaMinas\ventana busca minas\build\generated-sources\ap-source-output -source 19 C:\Users\ulise\Desktop\TEC\Algoritmos y estructura de datos I\BuscaMinas\ventana busca minas\src\GameMenuDemo.java
java_class_path (initial): <not set>
Launcher Type: SUN_STANDARD

[Global flags]
     intx CICompilerCount                          = 4                                         {product} {ergonomic}
     uint ConcGCThreads                            = 3                                         {product} {ergonomic}
     uint G1ConcRefinementThreads                  = 10                                        {product} {ergonomic}
   size_t G1HeapRegionSize                         = 1048576                                   {product} {ergonomic}
    uintx GCDrainStackTargetSize                   = 64                                        {product} {ergonomic}
   size_t InitialHeapSize                          = 8388608                                   {product} {command line}
   size_t MarkStackSize                            = 4194304                                   {product} {ergonomic}
   size_t MaxHeapSize                              = 2124414976                                {product} {ergonomic}
   size_t MaxNewSize                               = 1274019840                                {product} {ergonomic}
   size_t MinHeapDeltaBytes                        = 1048576                                   {product} {ergonomic}
   size_t MinHeapSize                              = 8388608                                   {product} {command line}
    uintx NonNMethodCodeHeapSize                   = 5839372                                {pd product} {ergonomic}
    uintx NonProfiledCodeHeapSize                  = 122909434                              {pd product} {ergonomic}
    uintx ProfiledCodeHeapSize                     = 122909434                              {pd product} {ergonomic}
    uintx ReservedCodeCacheSize                    = 251658240                              {pd product} {ergonomic}
     bool SegmentedCodeCache                       = true                                      {product} {ergonomic}
   size_t SoftMaxHeapSize                          = 2124414976                             {manageable} {ergonomic}
     bool UseCompressedClassPointers               = true                           {product lp64_product} {ergonomic}
     bool UseCompressedOops                        = true                           {product lp64_product} {ergonomic}
     bool UseG1GC                                  = true                                      {product} {ergonomic}
     bool UseLargePagesIndividualAllocation        = false                                  {pd product} {ergonomic}

Logging:
Log output configuration:
 #0: stdout all=warning uptime,level,tags foldmultilines=false
 #1: stderr all=off uptime,level,tags foldmultilines=false

Environment Variables:
PATH=C:\Program Files\Zulu\zulu-19\bin\;C:\Program Files\Common Files\Oracle\Java\javapath;C:\Program Files (x86)\Common Files\Oracle\Java\javapath;C:\Windows\system32;C:\Windows;C:\Windows\System32\Wbem;C:\Windows\System32\WindowsPowerShell\v1.0\;C:\Windows\System32\OpenSSH\;C:\Program Files (x86)\NVIDIA Corporation\PhysX\Common;C:\Program Files\NVIDIA Corporation\NVIDIA NvDLISR;C:\WINDOWS\system32;C:\WINDOWS;C:\WINDOWS\System32\Wbem;C:\WINDOWS\System32\WindowsPowerShell\v1.0\;C:\WINDOWS\System32\OpenSSH\;C:\Program Files\nodejs\;C:\Program Files\Git\cmd;C:\Users\ulise\AppData\Local\Microsoft\WindowsApps;C:\Users\ulise\AppData\Local\Programs\Microsoft VS Code\bin;C:\Users\ulise\AppData\Roaming\npm;C:\Users\ulise\AppData\Local\GitHubDesktop\bin
USERNAME=ulise
OS=Windows_NT
PROCESSOR_IDENTIFIER=Intel64 Family 6 Model 165 Stepping 2, GenuineIntel
TMP=C:\Users\ulise\AppData\Local\Temp
TEMP=C:\Users\ulise\AppData\Local\Temp



---------------  S Y S T E M  ---------------

OS:
 Windows 11 , 64 bit Build 22621 (10.0.22621.1485)
OS uptime: 8 days 1:40 hours

CPU: total 12 (initial active 12) (6 cores per cpu, 2 threads per core) family 6 model 165 stepping 2 microcode 0xe2, cx8, cmov, fxsr, ht, mmx, 3dnowpref, sse, sse2, sse3, ssse3, sse4.1, sse4.2, popcnt, lzcnt, tsc, tscinvbit, avx, avx2, aes, erms, clmul, bmi1, bmi2, adx, fma, vzeroupper, clflush, clflushopt, rdtscp

Memory: 4k page, system-wide physical 8099M (780M free)
TotalPageFile size 12195M (AvailPageFile size 6M)
current process WorkingSet (physical memory assigned to process): 146M, peak: 146M
current process commit charge ("private bytes"): 197M, peak: 199M

vm_info: OpenJDK 64-Bit Server VM (19.0.2+7) for windows-amd64 JRE (19.0.2+7) (Zulu19.32+15-CA), built on Dec 28 2022 19:25:40 by "zulu_re" with MS VC++ 16.10 / 16.11 (VS2019)

END.
