#
# There is insufficient memory for the Java Runtime Environment to continue.
# Native memory allocation (malloc) failed to allocate 32744 bytes for Chunk::new
# Possible reasons:
#   The system is out of physical RAM or swap space
#   The process is running with CompressedOops enabled, and the Java Heap may be blocking the growth of the native heap
# Possible solutions:
#   Reduce memory load on the system
#   Increase physical memory or swap space
#   Check if swap backing store is full
#   Decrease Java heap size (-Xmx/-Xms)
#   Decrease number of Java threads
#   Decrease Java thread stack sizes (-Xss)
#   Set larger code cache with -XX:ReservedCodeCacheSize=
#   JVM is running with Unscaled Compressed Oops mode in which the Java heap is
#     placed in the first 4GB address space. The Java Heap base address is the
#     maximum limit for the native heap growth. Please use -XX:HeapBaseMinAddress
#     to set the Java Heap base and to place the Java Heap above 4GB virtual address.
# This output file may be truncated or incomplete.
#
#  Out of Memory Error (arena.cpp:184), pid=19924, tid=5732
#
# JRE version: OpenJDK Runtime Environment Zulu19.32+15-CA (19.0.2+7) (build 19.0.2+7)
# Java VM: OpenJDK 64-Bit Server VM Zulu19.32+15-CA (19.0.2+7, mixed mode, sharing, tiered, compressed oops, compressed class ptrs, g1 gc, windows-amd64)
# No core dump will be written. Minidumps are not enabled by default on client versions of Windows
#

---------------  S U M M A R Y ------------

Command Line: -Dapplication.home=C:\Program Files\Zulu\zulu-19 --add-modules=ALL-DEFAULT -Xms8m -Djdk.module.main=jdk.compiler jdk.compiler/com.sun.tools.javac.Main -d C:\Users\ulise\Desktop\TEC\Algoritmos y estructura de datos I\BuscaMinas\ventana busca minas\build\classes -classpath C:\Users\ulise\Desktop\TEC\Algoritmos y estructura de datos I\BuscaMinas\ventana busca minas\build\classes;C:\Users\ulise\Desktop\TEC\Algoritmos y estructura de datos I\BuscaMinas\ventana busca minas\lib\rxtx-2.1-7r2;C:\Users\ulise\Downloads\RXTXcomm.jar;C:\Users\ulise\Downloads\jSerialComm-2.9.3.zip;C:\Users\ulise\Downloads\jSerialComm-2.9.3.jar -sourcepath C:\Users\ulise\Desktop\TEC\Algoritmos y estructura de datos I\BuscaMinas\ventana busca minas\build\empty -target 19 -encoding UTF-8 -g -processorpath C:\Users\ulise\Desktop\TEC\Algoritmos y estructura de datos I\BuscaMinas\ventana busca minas\lib\rxtx-2.1-7r2;C:\Users\ulise\Downloads\RXTXcomm.jar;C:\Users\ulise\Downloads\jSerialComm-2.9.3.zip;C:\Users\ulise\Downloads\jSerialComm-2.9.3.jar;C:\Users\ulise\Desktop\TEC\Algoritmos y estructura de datos I\BuscaMinas\jar_files\firmata4j-2.3.5.jar;C:\Users\ulise\Desktop\TEC\Algoritmos y estructura de datos I\BuscaMinas\jar_files\jssc-2.8.0.jar;C:\Users\ulise\Desktop\TEC\Algoritmos y estructura de datos I\BuscaMinas\jar_files\jssc-2.9.4.jar;C:\Users\ulise\Desktop\TEC\Algoritmos y estructura de datos I\BuscaMinas\jar_files\slf4j-api-1.7.25.jar;C:\Users\ulise\Desktop\TEC\Algoritmos y estructura de datos I\BuscaMinas\jar_files\slf4j-api-1.7.3.jar;C:\Users\ulise\Desktop\TEC\Algoritmos y estructura de datos I\BuscaMinas\jar_files\slf4j-simple-1.6.1.jar;C:\Users\ulise\Desktop\TEC\Algoritmos y estructura de datos I\BuscaMinas\ventana busca minas\build\empty -s C:\Users\ulise\Desktop\TEC\Algoritmos y estructura de datos I\BuscaMinas\ventana busca minas\build\generated-sources\ap-source-output -source 19 C:\Users\ulise\Desktop\TEC\Algoritmos y estructura de datos I\BuscaMinas\ventana busca minas\src\BuscaminasFX.java C:\Users\ulise\Desktop\TEC\Algoritmos y estructura de datos I\BuscaMinas\ventana busca minas\src\Main.java C:\Users\ulise\Desktop\TEC\Algoritmos y estructura de datos I\BuscaMinas\ventana busca minas\src\ventana\busca\minas\VentanaBuscaMinas.java

Host: Intel(R) Core(TM) i7-10750H CPU @ 2.60GHz, 12 cores, 7G,  Windows 11 , 64 bit Build 22621 (10.0.22621.1485)
Time: Sun Apr  9 00:56:33 2023 Hora estándar, América Central elapsed time: 0.493235 seconds (0d 0h 0m 0s)

---------------  T H R E A D  ---------------

Current thread (0x000001f9a28c9f50):  JavaThread "C2 CompilerThread1" daemon [_thread_in_native, id=5732, stack(0x000000875a800000,0x000000875a900000)]


Current CompileTask:
C2:    493  765       4       com.sun.tools.javac.util.Convert::chars2utf (159 bytes)

Stack: [0x000000875a800000,0x000000875a900000]
Native frames: (J=compiled Java code, j=interpreted, Vv=VM code, C=native code)
V  [jvm.dll+0x6eab2a]
V  [jvm.dll+0x8a4a20]
V  [jvm.dll+0x8a640e]
V  [jvm.dll+0x8a6ac3]
V  [jvm.dll+0x27c1ef]
V  [jvm.dll+0xc245f]
V  [jvm.dll+0xc27d5]
V  [jvm.dll+0x675200]
V  [jvm.dll+0x675399]
V  [jvm.dll+0x67b1b7]
V  [jvm.dll+0x67c112]
V  [jvm.dll+0x67a614]
V  [jvm.dll+0x245758]
V  [jvm.dll+0x244c71]
V  [jvm.dll+0x1cf9a1]
V  [jvm.dll+0x254799]
V  [jvm.dll+0x2529a8]
V  [jvm.dll+0x854e98]
V  [jvm.dll+0x84ec7a]
V  [jvm.dll+0x6e981b]
C  [ucrtbase.dll+0x29363]
C  [KERNEL32.DLL+0x1269d]
C  [ntdll.dll+0x5a9f8]


---------------  P R O C E S S  ---------------

Threads class SMR info:
_java_thread_list=0x000001f9a28d5570, length=13, elements={
0x000001f9fe3ee410, 0x000001f99e357800, 0x000001f99e35a4e0, 0x000001f99e35d1c0,
0x000001f99e35ff00, 0x000001f99e362840, 0x000001f99e363170, 0x000001f99e365de0,
0x000001f99e366a90, 0x000001f99e3679c0, 0x000001f99e40e7d0, 0x000001f9a28c9f50,
0x000001f9a29d2690
}

Java Threads: ( => current thread )
  0x000001f9fe3ee410 JavaThread "main" [_thread_blocked, id=7760, stack(0x0000008759700000,0x0000008759800000)]
  0x000001f99e357800 JavaThread "Reference Handler" daemon [_thread_blocked, id=5776, stack(0x0000008759e00000,0x0000008759f00000)]
  0x000001f99e35a4e0 JavaThread "Finalizer" daemon [_thread_blocked, id=3716, stack(0x0000008759f00000,0x000000875a000000)]
  0x000001f99e35d1c0 JavaThread "Signal Dispatcher" daemon [_thread_blocked, id=19680, stack(0x000000875a000000,0x000000875a100000)]
  0x000001f99e35ff00 JavaThread "Attach Listener" daemon [_thread_blocked, id=20720, stack(0x000000875a100000,0x000000875a200000)]
  0x000001f99e362840 JavaThread "Service Thread" daemon [_thread_blocked, id=18480, stack(0x000000875a200000,0x000000875a300000)]
  0x000001f99e363170 JavaThread "Monitor Deflation Thread" daemon [_thread_blocked, id=6876, stack(0x000000875a300000,0x000000875a400000)]
  0x000001f99e365de0 JavaThread "C2 CompilerThread0" daemon [_thread_in_native, id=3432, stack(0x000000875a400000,0x000000875a500000)]
  0x000001f99e366a90 JavaThread "C1 CompilerThread0" daemon [_thread_blocked, id=21600, stack(0x000000875a500000,0x000000875a600000)]
  0x000001f99e3679c0 JavaThread "Sweeper thread" daemon [_thread_blocked, id=17636, stack(0x000000875a600000,0x000000875a700000)]
  0x000001f99e40e7d0 JavaThread "Common-Cleaner" daemon [_thread_blocked, id=21052, stack(0x000000875a700000,0x000000875a800000)]
=>0x000001f9a28c9f50 JavaThread "C2 CompilerThread1" daemon [_thread_in_native, id=5732, stack(0x000000875a800000,0x000000875a900000)]
  0x000001f9a29d2690 JavaThread "Notification Thread" daemon [_thread_blocked, id=4324, stack(0x000000875a900000,0x000000875aa00000)]

Other Threads:
  0x000001f99e340770 VMThread "VM Thread" [stack: 0x0000008759d00000,0x0000008759e00000] [id=21128]
  0x000001f9a2923140 WatcherThread "VM Periodic Task Thread" [stack: 0x000000875aa00000,0x000000875ab00000] [id=20420]
  0x000001f9fe44e340 WorkerThread "GC Thread#0" [stack: 0x0000008759800000,0x0000008759900000] [id=15680]
  0x000001f9a2ab3190 WorkerThread "GC Thread#1" [stack: 0x000000875ab00000,0x000000875ac00000] [id=19596]
  0x000001f9a2ab4830 WorkerThread "GC Thread#2" [stack: 0x000000875ac00000,0x000000875ad00000] [id=20932]
  0x000001f9a2ab4b00 WorkerThread "GC Thread#3" [stack: 0x000000875ad00000,0x000000875ae00000] [id=18740]
  0x000001f9a2bcf410 WorkerThread "GC Thread#4" [stack: 0x000000875ae00000,0x000000875af00000] [id=9248]
  0x000001f9a2c64470 WorkerThread "GC Thread#5" [stack: 0x000000875af00000,0x000000875b000000] [id=13056]
  0x000001f9fe45f500 ConcurrentGCThread "G1 Main Marker" [stack: 0x0000008759900000,0x0000008759a00000] [id=2240]
  0x000001f9fe460ff0 WorkerThread "G1 Conc#0" [stack: 0x0000008759a00000,0x0000008759b00000] [id=14252]
  0x000001f9fe499030 ConcurrentGCThread "G1 Refine#0" [stack: 0x0000008759b00000,0x0000008759c00000] [id=13812]
  0x000001f9fe499920 ConcurrentGCThread "G1 Service" [stack: 0x0000008759c00000,0x0000008759d00000] [id=23232]

Threads with active compile tasks:
C2 CompilerThread0      504  767       4       java.lang.AbstractStringBuilder::setLength (82 bytes)
C1 CompilerThread0      504  754       3       java.lang.Character::digit (6 bytes)
C2 CompilerThread1      504  765       4       com.sun.tools.javac.util.Convert::chars2utf (159 bytes)

VM state: at safepoint (normal execution)

VM Mutex/Monitor currently owned by a thread:  ([mutex/lock_event])
[0x000001f9fe3eb270] Threads_lock - owner thread: 0x000001f99e340770
[0x000001f9fe3eb300] Heap_lock - owner thread: 0x000001f9fe3ee410

Heap address: 0x0000000081600000, size: 2026 MB, Compressed Oops mode: 32-bit

CDS archive(s) mapped at: [0x0000000800000000-0x0000000800c40000-0x0000000800c40000), size 12845056, SharedBaseAddress: 0x0000000800000000, ArchiveRelocationMode: 0.
Compressed class space mapped at: 0x0000000801000000-0x0000000841000000, reserved size: 1073741824
Narrow klass base: 0x0000000800000000, Narrow klass shift: 0, Narrow klass range: 0x100000000

GC Precious Log:
 CardTable entry size: 512
 Card Set container configuration: InlinePtr #cards 5 size 8 Array Of Cards #cards 12 size 40 Howl #buckets 4 coarsen threshold 1843 Howl Bitmap #cards 512 size 80 coarsen threshold 460 Card regions per heap region 1 cards per card region 2048
 CPUs: 12 total, 12 available
 Memory: 8099M
 Large Page Support: Disabled
 NUMA Support: Disabled
 Compressed Oops: Enabled (32-bit)
 Heap Region Size: 1M
 Heap Min Capacity: 8M
 Heap Initial Capacity: 8M
 Heap Max Capacity: 2026M
 Pre-touch: Disabled
 Parallel Workers: 10
 Concurrent Workers: 3
 Concurrent Refinement Workers: 10
 Periodic GC: Disabled

Heap:
 garbage-first heap   total 8192K, used 2775K [0x0000000081600000, 0x0000000100000000)
  region size 1024K, 1 young (1024K), 1 survivors (1024K)
 Metaspace       used 7919K, committed 8000K, reserved 1114112K
  class space    used 865K, committed 896K, reserved 1048576K

Heap Regions: E=young(eden), S=young(survivor), O=old, HS=humongous(starts), HC=humongous(continues), CS=collection set, F=free, OA=open archive, CA=closed archive, TAMS=top-at-mark-start (previous, next)
|   0|0x0000000081600000, 0x0000000081700000, 0x0000000081700000|100%| O|  |TAMS 0x0000000081600000, 0x0000000081600000| Untracked 
|   1|0x0000000081700000, 0x0000000081800000, 0x0000000081800000|100%| O|  |TAMS 0x0000000081700000, 0x0000000081700000| Untracked 
|   2|0x0000000081800000, 0x0000000081824a00, 0x0000000081900000| 14%| O|  |TAMS 0x0000000081800000, 0x0000000081800000| Untracked 
|   3|0x0000000081900000, 0x0000000081900000, 0x0000000081a00000|  0%| F|  |TAMS 0x0000000081900000, 0x0000000081900000| Untracked 
|   4|0x0000000081a00000, 0x0000000081a00000, 0x0000000081b00000|  0%| F|  |TAMS 0x0000000081a00000, 0x0000000081a00000| Untracked 
|   5|0x0000000081b00000, 0x0000000081b912b8, 0x0000000081c00000| 56%| S|CS|TAMS 0x0000000081b00000, 0x0000000081b00000| Complete 
|   6|0x0000000081c00000, 0x0000000081c00000, 0x0000000081d00000|  0%| F|  |TAMS 0x0000000081c00000, 0x0000000081c00000| Untracked 
|   7|0x0000000081d00000, 0x0000000081d00000, 0x0000000081e00000|  0%| F|  |TAMS 0x0000000081d00000, 0x0000000081d00000| Untracked 

Card table byte_map: [0x000001f9fee10000,0x000001f9ff210000] _byte_map_base: 0x000001f9fea05000

Marking Bits (Prev, Next): (CMBitMap*) 0x000001f9fe44e880, (CMBitMap*) 0x000001f9fe44e8c0
 Prev Bits: [0x000001f9981a0000, 0x000001f99a148000)
 Next Bits: [0x000001f99a150000, 0x000001f99c0f8000)

Polling page: 0x000001f9fdbb0000

Metaspace:

Usage:
  Non-class:      6.89 MB used.
      Class:    865.70 KB used.
       Both:      7.73 MB used.

Virtual space:
  Non-class space:       64.00 MB reserved,       6.94 MB ( 11%) committed,  1 nodes.
      Class space:        1.00 GB reserved,     896.00 KB ( <1%) committed,  1 nodes.
             Both:        1.06 GB reserved,       7.81 MB ( <1%) committed. 

Chunk freelists:
   Non-Class:  2.44 MB
       Class:  3.00 MB
        Both:  5.44 MB

MaxMetaspaceSize: unlimited
CompressedClassSpaceSize: 1.00 GB
Initial GC threshold: 21.00 MB
Current GC threshold: 21.00 MB
CDS: on
MetaspaceReclaimPolicy: balanced
 - commit_granule_bytes: 65536.
 - commit_granule_words: 8192.
 - virtual_space_node_default_size: 8388608.
 - enlarge_chunks_in_place: 1.
 - new_chunks_are_fully_committed: 0.
 - uncommit_free_chunks: 1.
 - use_allocation_guard: 0.


Internal statistics:

num_allocs_failed_limit: 0.
num_arena_births: 50.
num_arena_deaths: 0.
num_vsnodes_births: 2.
num_vsnodes_deaths: 0.
num_space_committed: 125.
num_space_uncommitted: 0.
num_chunks_returned_to_freelist: 0.
num_chunks_taken_from_freelist: 304.
num_chunk_merges: 0.
num_chunk_splits: 229.
num_chunks_enlarged: 191.
num_inconsistent_stats: 0.

CodeHeap 'non-profiled nmethods': size=120000Kb used=244Kb max_used=244Kb free=119756Kb
 bounds [0x000001f990c70000, 0x000001f990ee0000, 0x000001f9981a0000]
CodeHeap 'profiled nmethods': size=120000Kb used=1301Kb max_used=1301Kb free=118698Kb
 bounds [0x000001f9891a0000, 0x000001f989410000, 0x000001f9906d0000]
CodeHeap 'non-nmethods': size=5760Kb used=1228Kb max_used=1258Kb free=4531Kb
 bounds [0x000001f9906d0000, 0x000001f990940000, 0x000001f990c70000]
 total_blobs=1190 nmethods=757 adapters=344
 compilation: enabled
              stopped_count=0, restarted_count=0
 full_count=0

Compilation events (20 events):
Event: 0.480 Thread 0x000001f99e366a90 nmethod 739 0x000001f9892bba10 code [0x000001f9892bbc00, 0x000001f9892bc218]
Event: 0.480 Thread 0x000001f99e366a90  735       3       com.sun.tools.javac.parser.Tokens$NamedToken::<init> (16 bytes)
Event: 0.480 Thread 0x000001f99e366a90 nmethod 735 0x000001f9892bc410 code [0x000001f9892bc5e0, 0x000001f9892bc908]
Event: 0.480 Thread 0x000001f99e366a90  725       3       com.sun.tools.javac.parser.JavacParser::ident (314 bytes)
Event: 0.481 Thread 0x000001f99e365de0 nmethod 741 0x000001f990ca9990 code [0x000001f990ca9b40, 0x000001f990ca9d70]
Event: 0.481 Thread 0x000001f99e365de0  746       4       com.sun.tools.javac.tree.TreeMaker::at (7 bytes)
Event: 0.481 Thread 0x000001f99e365de0 nmethod 746 0x000001f990ca9f90 code [0x000001f990caa100, 0x000001f990caa178]
Event: 0.482 Thread 0x000001f9a28c9f50 nmethod 724 0x000001f990caa290 code [0x000001f990caa460, 0x000001f990caab80]
Event: 0.482 Thread 0x000001f99e366a90 nmethod 725 0x000001f9892bca90 code [0x000001f9892bcfa0, 0x000001f9892bf1f8]
Event: 0.482 Thread 0x000001f99e366a90  747       3       com.sun.tools.javac.parser.JavacParser::optag (496 bytes)
Event: 0.482 Thread 0x000001f99e366a90 nmethod 747 0x000001f9892bfe10 code [0x000001f9892c0100, 0x000001f9892c1078]
Event: 0.482 Thread 0x000001f99e366a90  750       3       com.sun.tools.javac.parser.JavacParser::term3 (2724 bytes)
Event: 0.483 Thread 0x000001f99e365de0  751       4       java.util.HashMap::getNode (150 bytes)
Event: 0.484 Thread 0x000001f9a28c9f50  756       4       java.lang.String::<init> (99 bytes)
Event: 0.487 Thread 0x000001f9a28c9f50 nmethod 756 0x000001f990cab110 code [0x000001f990cab2a0, 0x000001f990cab758]
Event: 0.487 Thread 0x000001f9a28c9f50  758       4       com.sun.tools.javac.util.Name$Table::hashValue (36 bytes)
Event: 0.487 Thread 0x000001f99e365de0 nmethod 751 0x000001f990cab990 code [0x000001f990cabb60, 0x000001f990cabf48]
Event: 0.488 Thread 0x000001f99e365de0  763       4       java.lang.StringUTF16::compress (50 bytes)
Event: 0.489 Thread 0x000001f9a28c9f50 nmethod 758 0x000001f990cac310 code [0x000001f990cac4a0, 0x000001f990cac678]
Event: 0.489 Thread 0x000001f9a28c9f50  765       4       com.sun.tools.javac.util.Convert::chars2utf (159 bytes)

GC Heap History (8 events):
Event: 0.230 GC heap before
{Heap before GC invocations=0 (full 0):
 garbage-first heap   total 8192K, used 3072K [0x0000000081600000, 0x0000000100000000)
  region size 1024K, 3 young (3072K), 0 survivors (0K)
 Metaspace       used 2401K, committed 2624K, reserved 1114112K
  class space    used 258K, committed 384K, reserved 1048576K
}
Event: 0.234 GC heap after
{Heap after GC invocations=1 (full 0):
 garbage-first heap   total 8192K, used 1144K [0x0000000081600000, 0x0000000100000000)
  region size 1024K, 1 young (1024K), 1 survivors (1024K)
 Metaspace       used 2401K, committed 2624K, reserved 1114112K
  class space    used 258K, committed 384K, reserved 1048576K
}
Event: 0.305 GC heap before
{Heap before GC invocations=1 (full 0):
 garbage-first heap   total 8192K, used 2168K [0x0000000081600000, 0x0000000100000000)
  region size 1024K, 2 young (2048K), 1 survivors (1024K)
 Metaspace       used 4196K, committed 4416K, reserved 1114112K
  class space    used 508K, committed 640K, reserved 1048576K
}
Event: 0.308 GC heap after
{Heap after GC invocations=2 (full 0):
 garbage-first heap   total 8192K, used 1796K [0x0000000081600000, 0x0000000100000000)
  region size 1024K, 1 young (1024K), 1 survivors (1024K)
 Metaspace       used 4196K, committed 4416K, reserved 1114112K
  class space    used 508K, committed 640K, reserved 1048576K
}
Event: 0.393 GC heap before
{Heap before GC invocations=2 (full 0):
 garbage-first heap   total 8192K, used 2820K [0x0000000081600000, 0x0000000100000000)
  region size 1024K, 2 young (2048K), 1 survivors (1024K)
 Metaspace       used 6216K, committed 6336K, reserved 1114112K
  class space    used 706K, committed 768K, reserved 1048576K
}
Event: 0.395 GC heap after
{Heap after GC invocations=3 (full 0):
 garbage-first heap   total 8192K, used 2221K [0x0000000081600000, 0x0000000100000000)
  region size 1024K, 1 young (1024K), 1 survivors (1024K)
 Metaspace       used 6216K, committed 6336K, reserved 1114112K
  class space    used 706K, committed 768K, reserved 1048576K
}
Event: 0.473 GC heap before
{Heap before GC invocations=3 (full 0):
 garbage-first heap   total 8192K, used 3245K [0x0000000081600000, 0x0000000100000000)
  region size 1024K, 2 young (2048K), 1 survivors (1024K)
 Metaspace       used 7750K, committed 7872K, reserved 1114112K
  class space    used 858K, committed 896K, reserved 1048576K
}
Event: 0.475 GC heap after
{Heap after GC invocations=4 (full 0):
 garbage-first heap   total 8192K, used 2702K [0x0000000081600000, 0x0000000100000000)
  region size 1024K, 1 young (1024K), 1 survivors (1024K)
 Metaspace       used 7750K, committed 7872K, reserved 1114112K
  class space    used 858K, committed 896K, reserved 1048576K
}

Dll operation events (6 events):
Event: 0.009 Loaded shared library C:\Program Files\Zulu\zulu-19\bin\java.dll
Event: 0.017 Loaded shared library C:\Program Files\Zulu\zulu-19\bin\jsvml.dll
Event: 0.095 Loaded shared library C:\Program Files\Zulu\zulu-19\bin\jimage.dll
Event: 0.176 Loaded shared library C:\Program Files\Zulu\zulu-19\bin\net.dll
Event: 0.178 Loaded shared library C:\Program Files\Zulu\zulu-19\bin\nio.dll
Event: 0.212 Loaded shared library C:\Program Files\Zulu\zulu-19\bin\zip.dll

Deoptimization events (20 events):
Event: 0.173 Thread 0x000001f9fe3ee410 DEOPT PACKING pc=0x000001f990c8af00 sp=0x00000087597fee90
Event: 0.173 Thread 0x000001f9fe3ee410 DEOPT UNPACKING pc=0x000001f990736da3 sp=0x00000087597fee30 mode 2
Event: 0.173 Thread 0x000001f9fe3ee410 Uncommon trap: trap_request=0xffffff45 fr.pc=0x000001f990c8b2d8 relative=0x00000000000008d8
Event: 0.173 Thread 0x000001f9fe3ee410 Uncommon trap: reason=unstable_if action=reinterpret pc=0x000001f990c8b2d8 method=java.util.HashMap.putVal(ILjava/lang/Object;Ljava/lang/Object;ZZ)Ljava/lang/Object; @ 181 c2
Event: 0.173 Thread 0x000001f9fe3ee410 DEOPT PACKING pc=0x000001f990c8b2d8 sp=0x00000087597fee90
Event: 0.173 Thread 0x000001f9fe3ee410 DEOPT UNPACKING pc=0x000001f990736da3 sp=0x00000087597fee30 mode 2
Event: 0.217 Thread 0x000001f9fe3ee410 DEOPT PACKING pc=0x000001f9891cbee7 sp=0x00000087597fea30
Event: 0.217 Thread 0x000001f9fe3ee410 DEOPT UNPACKING pc=0x000001f990737543 sp=0x00000087597fde50 mode 0
Event: 0.428 Thread 0x000001f9fe3ee410 Uncommon trap: trap_request=0xffffff45 fr.pc=0x000001f990c9b630 relative=0x00000000000004f0
Event: 0.428 Thread 0x000001f9fe3ee410 Uncommon trap: reason=unstable_if action=reinterpret pc=0x000001f990c9b630 method=java.lang.StringLatin1.replace([BCC)Ljava/lang/String; @ 19 c2
Event: 0.428 Thread 0x000001f9fe3ee410 DEOPT PACKING pc=0x000001f990c9b630 sp=0x00000087597fedf0
Event: 0.428 Thread 0x000001f9fe3ee410 DEOPT UNPACKING pc=0x000001f990736da3 sp=0x00000087597fed70 mode 2
Event: 0.477 Thread 0x000001f9fe3ee410 Uncommon trap: trap_request=0xffffff45 fr.pc=0x000001f990ca8108 relative=0x00000000000000e8
Event: 0.477 Thread 0x000001f9fe3ee410 Uncommon trap: reason=unstable_if action=reinterpret pc=0x000001f990ca8108 method=com.sun.tools.javac.parser.UnicodeReader.isASCII()Z @ 6 c2
Event: 0.477 Thread 0x000001f9fe3ee410 DEOPT PACKING pc=0x000001f990ca8108 sp=0x00000087597fc4b0
Event: 0.477 Thread 0x000001f9fe3ee410 DEOPT UNPACKING pc=0x000001f990736da3 sp=0x00000087597fc3e0 mode 2
Event: 0.490 Thread 0x000001f9fe3ee410 Uncommon trap: trap_request=0xffffff45 fr.pc=0x000001f990ca9cb0 relative=0x0000000000000170
Event: 0.490 Thread 0x000001f9fe3ee410 Uncommon trap: reason=unstable_if action=reinterpret pc=0x000001f990ca9cb0 method=com.sun.tools.javac.parser.UnicodeReader.nextCodeUnit()V @ 15 c2
Event: 0.490 Thread 0x000001f9fe3ee410 DEOPT PACKING pc=0x000001f990ca9cb0 sp=0x00000087597fea50
Event: 0.490 Thread 0x000001f9fe3ee410 DEOPT UNPACKING pc=0x000001f990736da3 sp=0x00000087597fe918 mode 2

Classes loaded (20 events):
Event: 0.446 Loading class sun/nio/ch/Util$BufferCache
Event: 0.446 Loading class sun/nio/ch/Util$BufferCache done
Event: 0.447 Loading class java/nio/DirectByteBuffer$Deallocator
Event: 0.447 Loading class java/nio/DirectByteBuffer$Deallocator done
Event: 0.469 Loading class jdk/internal/math/FloatingDecimal
Event: 0.469 Loading class jdk/internal/math/FloatingDecimal done
Event: 0.469 Loading class jdk/internal/math/FloatingDecimal$ExceptionalBinaryToASCIIBuffer
Event: 0.469 Loading class jdk/internal/math/FloatingDecimal$BinaryToASCIIConverter
Event: 0.469 Loading class jdk/internal/math/FloatingDecimal$BinaryToASCIIConverter done
Event: 0.469 Loading class jdk/internal/math/FloatingDecimal$ExceptionalBinaryToASCIIBuffer done
Event: 0.469 Loading class jdk/internal/math/FloatingDecimal$BinaryToASCIIBuffer
Event: 0.469 Loading class jdk/internal/math/FloatingDecimal$BinaryToASCIIBuffer done
Event: 0.469 Loading class jdk/internal/math/FloatingDecimal$1
Event: 0.469 Loading class jdk/internal/math/FloatingDecimal$1 done
Event: 0.470 Loading class jdk/internal/math/FloatingDecimal$PreparedASCIIToBinaryBuffer
Event: 0.470 Loading class jdk/internal/math/FloatingDecimal$ASCIIToBinaryConverter
Event: 0.470 Loading class jdk/internal/math/FloatingDecimal$ASCIIToBinaryConverter done
Event: 0.470 Loading class jdk/internal/math/FloatingDecimal$PreparedASCIIToBinaryBuffer done
Event: 0.470 Loading class jdk/internal/math/FloatingDecimal$ASCIIToBinaryBuffer
Event: 0.470 Loading class jdk/internal/math/FloatingDecimal$ASCIIToBinaryBuffer done

Classes unloaded (0 events):
No events

Classes redefined (0 events):
No events

Internal exceptions (16 events):
Event: 0.161 Thread 0x000001f9fe3ee410 Exception <a 'java/lang/NoSuchMethodError'{0x0000000081b20330}: 'void java.lang.invoke.DirectMethodHandle$Holder.invokeSpecial(java.lang.Object, java.lang.Object, java.lang.Object)'> (0x0000000081b20330) 
thrown [s\src\hotspot\share\interpreter\linkResolver.cpp, line 774]
Event: 0.196 Thread 0x000001f9fe3ee410 Exception <a 'java/lang/NoSuchMethodError'{0x0000000081b7a878}: 'java.lang.Object java.lang.invoke.DirectMethodHandle$Holder.invokeVirtual(java.lang.Object, java.lang.Object, java.lang.Object)'> (0x0000000081b7a878) 
thrown [s\src\hotspot\share\interpreter\linkResolver.cpp, line 774]
Event: 0.198 Thread 0x000001f9fe3ee410 Exception <a 'java/lang/NoSuchMethodError'{0x0000000081b86290}: 'int java.lang.invoke.DirectMethodHandle$Holder.invokeInterface(java.lang.Object, java.lang.Object)'> (0x0000000081b86290) 
thrown [s\src\hotspot\share\interpreter\linkResolver.cpp, line 774]
Event: 0.222 Thread 0x000001f9fe3ee410 Exception <a 'sun/nio/fs/WindowsException'{0x0000000081bc8680}> (0x0000000081bc8680) 
thrown [s\src\hotspot\share\prims\jni.cpp, line 517]
Event: 0.222 Thread 0x000001f9fe3ee410 Exception <a 'sun/nio/fs/WindowsException'{0x0000000081bc8fe8}> (0x0000000081bc8fe8) 
thrown [s\src\hotspot\share\prims\jni.cpp, line 517]
Event: 0.223 Thread 0x000001f9fe3ee410 Exception <a 'sun/nio/fs/WindowsException'{0x0000000081bc9e10}> (0x0000000081bc9e10) 
thrown [s\src\hotspot\share\prims\jni.cpp, line 517]
Event: 0.223 Thread 0x000001f9fe3ee410 Exception <a 'sun/nio/fs/WindowsException'{0x0000000081bca200}> (0x0000000081bca200) 
thrown [s\src\hotspot\share\prims\jni.cpp, line 517]
Event: 0.224 Thread 0x000001f9fe3ee410 Exception <a 'java/lang/NoSuchMethodError'{0x0000000081bcf490}: 'int java.lang.invoke.DirectMethodHandle$Holder.invokeVirtual(java.lang.Object, java.lang.Object, java.lang.Object)'> (0x0000000081bcf490) 
thrown [s\src\hotspot\share\interpreter\linkResolver.cpp, line 774]
Event: 0.225 Thread 0x000001f9fe3ee410 Exception <a 'java/lang/NoSuchMethodError'{0x0000000081bd5a68}: 'void java.lang.invoke.DirectMethodHandle$Holder.invokeInterface(java.lang.Object, java.lang.Object, java.lang.Object)'> (0x0000000081bd5a68) 
thrown [s\src\hotspot\share\interpreter\linkResolver.cpp, line 774]
Event: 0.236 Thread 0x000001f9fe3ee410 Exception <a 'java/lang/NoSuchMethodError'{0x0000000081d03ec8}: 'java.lang.Object java.lang.invoke.DirectMethodHandle$Holder.invokeStaticInit(java.lang.Object)'> (0x0000000081d03ec8) 
thrown [s\src\hotspot\share\interpreter\linkResolver.cpp, line 774]
Event: 0.304 Thread 0x000001f9fe3ee410 Exception <a 'java/lang/NoSuchMethodError'{0x0000000081df9810}: 'int java.lang.invoke.DirectMethodHandle$Holder.invokeStaticInit(java.lang.Object, java.lang.Object)'> (0x0000000081df9810) 
thrown [s\src\hotspot\share\interpreter\linkResolver.cpp, line 774]
Event: 0.373 Thread 0x000001f9fe3ee410 Exception <a 'java/lang/NoSuchMethodError'{0x0000000081d9c3d0}: 'int java.lang.invoke.DirectMethodHandle$Holder.invokeVirtual(java.lang.Object, java.lang.Object)'> (0x0000000081d9c3d0) 
thrown [s\src\hotspot\share\interpreter\linkResolver.cpp, line 774]
Event: 0.379 Thread 0x000001f9fe3ee410 Exception <a 'java/lang/NoSuchMethodError'{0x0000000081dc4c70}: 'java.lang.Object java.lang.invoke.DirectMethodHandle$Holder.newInvokeSpecial(java.lang.Object, java.lang.Object, java.lang.Object, java.lang.Object, java.lang.Object)'> (0x0000000081dc4c70) 
thrown [s\src\hotspot\share\interpreter\linkResolver.cpp, line 774]
Event: 0.382 Thread 0x000001f9fe3ee410 Exception <a 'java/lang/NoSuchMethodError'{0x0000000081dd3648}: 'java.lang.Object java.lang.invoke.DirectMethodHandle$Holder.newInvokeSpecial(java.lang.Object, java.lang.Object, java.lang.Object, java.lang.Object, java.lang.Object, java.lang.Object)'> (0x0000000081dd3648) 
thrown [s\src\hotspot\share\interpreter\linkResolver.cpp, line 774]
Event: 0.405 Thread 0x000001f9fe3ee410 Exception <a 'sun/nio/fs/WindowsException'{0x0000000081d22498}> (0x0000000081d22498) 
thrown [s\src\hotspot\share\prims\jni.cpp, line 517]
Event: 0.405 Thread 0x000001f9fe3ee410 Exception <a 'sun/nio/fs/WindowsException'{0x0000000081d226d0}> (0x0000000081d226d0) 
thrown [s\src\hotspot\share\prims\jni.cpp, line 517]

VM Operations (18 events):
Event: 0.071 Executing VM operation: HandshakeAllThreads
Event: 0.071 Executing VM operation: HandshakeAllThreads done
Event: 0.163 Executing VM operation: HandshakeAllThreads
Event: 0.163 Executing VM operation: HandshakeAllThreads done
Event: 0.195 Executing VM operation: HandshakeAllThreads
Event: 0.195 Executing VM operation: HandshakeAllThreads done
Event: 0.203 Executing VM operation: HandshakeAllThreads
Event: 0.203 Executing VM operation: HandshakeAllThreads done
Event: 0.230 Executing VM operation: G1CollectForAllocation
Event: 0.234 Executing VM operation: G1CollectForAllocation done
Event: 0.305 Executing VM operation: G1CollectForAllocation
Event: 0.308 Executing VM operation: G1CollectForAllocation done
Event: 0.393 Executing VM operation: G1CollectForAllocation
Event: 0.395 Executing VM operation: G1CollectForAllocation done
Event: 0.465 Executing VM operation: HandshakeAllThreads
Event: 0.465 Executing VM operation: HandshakeAllThreads done
Event: 0.473 Executing VM operation: G1CollectForAllocation
Event: 0.475 Executing VM operation: G1CollectForAllocation done

Events (13 events):
Event: 0.018 Thread 0x000001f9fe3ee410 Thread added: 0x000001f9fe3ee410
Event: 0.033 Thread 0x000001f99e357800 Thread added: 0x000001f99e357800
Event: 0.033 Thread 0x000001f99e35a4e0 Thread added: 0x000001f99e35a4e0
Event: 0.034 Thread 0x000001f99e35d1c0 Thread added: 0x000001f99e35d1c0
Event: 0.034 Thread 0x000001f99e35ff00 Thread added: 0x000001f99e35ff00
Event: 0.034 Thread 0x000001f99e362840 Thread added: 0x000001f99e362840
Event: 0.034 Thread 0x000001f99e363170 Thread added: 0x000001f99e363170
Event: 0.034 Thread 0x000001f99e365de0 Thread added: 0x000001f99e365de0
Event: 0.034 Thread 0x000001f99e366a90 Thread added: 0x000001f99e366a90
Event: 0.034 Thread 0x000001f99e3679c0 Thread added: 0x000001f99e3679c0
Event: 0.063 Thread 0x000001f99e40e7d0 Thread added: 0x000001f99e40e7d0
Event: 0.079 Thread 0x000001f9a28c9f50 Thread added: 0x000001f9a28c9f50
Event: 0.088 Thread 0x000001f9a29d2690 Thread added: 0x000001f9a29d2690


Dynamic libraries:
0x00007ff7f7900000 - 0x00007ff7f7908000 	C:\Program Files\Zulu\zulu-19\bin\javac.exe
0x00007ffa972f0000 - 0x00007ffa97504000 	C:\WINDOWS\SYSTEM32\ntdll.dll
0x00007ffa96a30000 - 0x00007ffa96af2000 	C:\WINDOWS\System32\KERNEL32.DLL
0x00007ffa94a90000 - 0x00007ffa94e2c000 	C:\WINDOWS\System32\KERNELBASE.dll
0x00007ffa94730000 - 0x00007ffa94841000 	C:\WINDOWS\System32\ucrtbase.dll
0x00007ffa8dd20000 - 0x00007ffa8dd37000 	C:\Program Files\Zulu\zulu-19\bin\jli.dll
0x00007ffa8dc30000 - 0x00007ffa8dc4b000 	C:\Program Files\Zulu\zulu-19\bin\VCRUNTIME140.dll
0x00007ffa95ee0000 - 0x00007ffa9608b000 	C:\WINDOWS\System32\USER32.dll
0x00007ffa94a60000 - 0x00007ffa94a86000 	C:\WINDOWS\System32\win32u.dll
0x00007ffa7c330000 - 0x00007ffa7c5be000 	C:\WINDOWS\WinSxS\amd64_microsoft.windows.common-controls_6595b64144ccf1df_6.0.22621.608_none_a9444ca7c10bb01d\COMCTL32.dll
0x00007ffa97200000 - 0x00007ffa972a7000 	C:\WINDOWS\System32\msvcrt.dll
0x00007ffa97050000 - 0x00007ffa97079000 	C:\WINDOWS\System32\GDI32.dll
0x00007ffa94f70000 - 0x00007ffa95083000 	C:\WINDOWS\System32\gdi32full.dll
0x00007ffa949c0000 - 0x00007ffa94a5a000 	C:\WINDOWS\System32\msvcp_win.dll
0x00007ffa95ea0000 - 0x00007ffa95ed1000 	C:\WINDOWS\System32\IMM32.DLL
0x00007ffa913b0000 - 0x00007ffa913bc000 	C:\Program Files\Zulu\zulu-19\bin\vcruntime140_1.dll
0x00007ffa829d0000 - 0x00007ffa82a5d000 	C:\Program Files\Zulu\zulu-19\bin\msvcp140.dll
0x00007ffa3c990000 - 0x00007ffa3d697000 	C:\Program Files\Zulu\zulu-19\bin\server\jvm.dll
0x00007ffa970d0000 - 0x00007ffa9717e000 	C:\WINDOWS\System32\ADVAPI32.dll
0x00007ffa95d60000 - 0x00007ffa95e04000 	C:\WINDOWS\System32\sechost.dll
0x00007ffa95c20000 - 0x00007ffa95d35000 	C:\WINDOWS\System32\RPCRT4.dll
0x00007ffa8ce90000 - 0x00007ffa8cec4000 	C:\WINDOWS\SYSTEM32\WINMM.dll
0x00007ffa8df80000 - 0x00007ffa8df89000 	C:\WINDOWS\SYSTEM32\WSOCK32.dll
0x00007ffa8ce00000 - 0x00007ffa8ce0a000 	C:\WINDOWS\SYSTEM32\VERSION.dll
0x00007ffa95620000 - 0x00007ffa95691000 	C:\WINDOWS\System32\WS2_32.dll
0x00007ffa93790000 - 0x00007ffa937a8000 	C:\WINDOWS\SYSTEM32\kernel.appcore.dll
0x00007ffa8f920000 - 0x00007ffa8f92a000 	C:\Program Files\Zulu\zulu-19\bin\jimage.dll
0x00007ffa920e0000 - 0x00007ffa9230e000 	C:\WINDOWS\SYSTEM32\DBGHELP.DLL
0x00007ffa95790000 - 0x00007ffa95b19000 	C:\WINDOWS\System32\combase.dll
0x00007ffa95160000 - 0x00007ffa95237000 	C:\WINDOWS\System32\OLEAUT32.dll
0x00007ffa764d0000 - 0x00007ffa76502000 	C:\WINDOWS\SYSTEM32\dbgcore.DLL
0x00007ffa94e30000 - 0x00007ffa94eab000 	C:\WINDOWS\System32\bcryptPrimitives.dll
0x00007ffa82ee0000 - 0x00007ffa82f06000 	C:\Program Files\Zulu\zulu-19\bin\java.dll
0x00007ffa828b0000 - 0x00007ffa82987000 	C:\Program Files\Zulu\zulu-19\bin\jsvml.dll
0x00007ffa960a0000 - 0x00007ffa96890000 	C:\WINDOWS\System32\SHELL32.dll
0x00007ffa92750000 - 0x00007ffa9301d000 	C:\WINDOWS\SYSTEM32\windows.storage.dll
0x00007ffa92610000 - 0x00007ffa9274e000 	C:\WINDOWS\SYSTEM32\wintypes.dll
0x00007ffa95360000 - 0x00007ffa95451000 	C:\WINDOWS\System32\SHCORE.dll
0x00007ffa956b0000 - 0x00007ffa9570e000 	C:\WINDOWS\System32\shlwapi.dll
0x00007ffa94660000 - 0x00007ffa94681000 	C:\WINDOWS\SYSTEM32\profapi.dll
0x00007ffa82e10000 - 0x00007ffa82e23000 	C:\Program Files\Zulu\zulu-19\bin\net.dll
0x00007ffa8d990000 - 0x00007ffa8dac7000 	C:\WINDOWS\SYSTEM32\WINHTTP.dll
0x00007ffa93c00000 - 0x00007ffa93c69000 	C:\WINDOWS\system32\mswsock.dll
0x00007ffa82cb0000 - 0x00007ffa82cc6000 	C:\Program Files\Zulu\zulu-19\bin\nio.dll
0x00007ffa82c70000 - 0x00007ffa82c88000 	C:\Program Files\Zulu\zulu-19\bin\zip.dll

dbghelp: loaded successfully - version: 4.0.5 - missing functions: none
symbol engine: initialized successfully - sym options: 0x614 - pdb path: .;C:\Program Files\Zulu\zulu-19\bin;C:\WINDOWS\SYSTEM32;C:\WINDOWS\WinSxS\amd64_microsoft.windows.common-controls_6595b64144ccf1df_6.0.22621.608_none_a9444ca7c10bb01d;C:\Program Files\Zulu\zulu-19\bin\server

VM Arguments:
jvm_args: -Dapplication.home=C:\Program Files\Zulu\zulu-19 --add-modules=ALL-DEFAULT -Xms8m -Djdk.module.main=jdk.compiler 
java_command: jdk.compiler/com.sun.tools.javac.Main -d C:\Users\ulise\Desktop\TEC\Algoritmos y estructura de datos I\BuscaMinas\ventana busca minas\build\classes -classpath C:\Users\ulise\Desktop\TEC\Algoritmos y estructura de datos I\BuscaMinas\ventana busca minas\build\classes;C:\Users\ulise\Desktop\TEC\Algoritmos y estructura de datos I\BuscaMinas\ventana busca minas\lib\rxtx-2.1-7r2;C:\Users\ulise\Downloads\RXTXcomm.jar;C:\Users\ulise\Downloads\jSerialComm-2.9.3.zip;C:\Users\ulise\Downloads\jSerialComm-2.9.3.jar -sourcepath C:\Users\ulise\Desktop\TEC\Algoritmos y estructura de datos I\BuscaMinas\ventana busca minas\build\empty -target 19 -encoding UTF-8 -g -processorpath C:\Users\ulise\Desktop\TEC\Algoritmos y estructura de datos I\BuscaMinas\ventana busca minas\lib\rxtx-2.1-7r2;C:\Users\ulise\Downloads\RXTXcomm.jar;C:\Users\ulise\Downloads\jSerialComm-2.9.3.zip;C:\Users\ulise\Downloads\jSerialComm-2.9.3.jar;C:\Users\ulise\Desktop\TEC\Algoritmos y estructura de datos I\BuscaMinas\jar_files\firmata4j-2.3.5.jar;C:\Users\ulise\Desktop\TEC\Algoritmos y estructura de datos I\BuscaMinas\jar_files\jssc-2.8.0.jar;C:\Users\ulise\Desktop\TEC\Algoritmos y estructura de datos I\BuscaMinas\jar_files\jssc-2.9.4.jar;C:\Users\ulise\Desktop\TEC\Algoritmos y estructura de datos I\BuscaMinas\jar_files\slf4j-api-1.7.25.jar;C:\Users\ulise\Desktop\TEC\Algoritmos y estructura de datos I\BuscaMinas\jar_files\slf4j-api-1.7.3.jar;C:\Users\ulise\Desktop\TEC\Algoritmos y estructura de datos I\BuscaMinas\jar_files\slf4j-simple-1.6.1.jar;C:\Users\ulise\Desktop\TEC\Algoritmos y estructura de datos I\BuscaMinas\ventana busca minas\build\empty -s C:\Users\ulise\Desktop\TEC\Algoritmos y estructura de datos I\BuscaMinas\ventana busca minas\build\generated-sources\ap-source-output -source 19 C:\Users\ulise\Desktop\TEC\Algoritmos y estructura de datos I\BuscaMinas\ventana busca minas\src\BuscaminasFX.java C:\Users\ulise\Desktop\TEC\Algoritmos y estructura de datos I\BuscaMinas\ventana busca minas
java_class_path (initial): <not set>
Launcher Type: SUN_STANDARD

[Global flags]
     intx CICompilerCount                          = 4                                         {product} {ergonomic}
     uint ConcGCThreads                            = 3                                         {product} {ergonomic}
     uint G1ConcRefinementThreads                  = 10                                        {product} {ergonomic}
   size_t G1HeapRegionSize                         = 1048576                                   {product} {ergonomic}
    uintx GCDrainStackTargetSize                   = 64                                        {product} {ergonomic}
   size_t InitialHeapSize                          = 8388608                                   {product} {command line}
   size_t MarkStackSize                            = 4194304                                   {product} {ergonomic}
   size_t MaxHeapSize                              = 2124414976                                {product} {ergonomic}
   size_t MaxNewSize                               = 1274019840                                {product} {ergonomic}
   size_t MinHeapDeltaBytes                        = 1048576                                   {product} {ergonomic}
   size_t MinHeapSize                              = 8388608                                   {product} {command line}
    uintx NonNMethodCodeHeapSize                   = 5839372                                {pd product} {ergonomic}
    uintx NonProfiledCodeHeapSize                  = 122909434                              {pd product} {ergonomic}
    uintx ProfiledCodeHeapSize                     = 122909434                              {pd product} {ergonomic}
    uintx ReservedCodeCacheSize                    = 251658240                              {pd product} {ergonomic}
     bool SegmentedCodeCache                       = true                                      {product} {ergonomic}
   size_t SoftMaxHeapSize                          = 2124414976                             {manageable} {ergonomic}
     bool UseCompressedClassPointers               = true                           {product lp64_product} {ergonomic}
     bool UseCompressedOops                        = true                           {product lp64_product} {ergonomic}
     bool UseG1GC                                  = true                                      {product} {ergonomic}
     bool UseLargePagesIndividualAllocation        = false                                  {pd product} {ergonomic}

Logging:
Log output configuration:
 #0: stdout all=warning uptime,level,tags foldmultilines=false
 #1: stderr all=off uptime,level,tags foldmultilines=false

Environment Variables:
PATH=C:\Program Files\Zulu\zulu-19\bin\;C:\Program Files\Common Files\Oracle\Java\javapath;C:\Program Files (x86)\Common Files\Oracle\Java\javapath;C:\Windows\system32;C:\Windows;C:\Windows\System32\Wbem;C:\Windows\System32\WindowsPowerShell\v1.0\;C:\Windows\System32\OpenSSH\;C:\Program Files (x86)\NVIDIA Corporation\PhysX\Common;C:\Program Files\NVIDIA Corporation\NVIDIA NvDLISR;C:\WINDOWS\system32;C:\WINDOWS;C:\WINDOWS\System32\Wbem;C:\WINDOWS\System32\WindowsPowerShell\v1.0\;C:\WINDOWS\System32\OpenSSH\;C:\Program Files\nodejs\;C:\Program Files\Git\cmd;C:\Users\ulise\AppData\Local\Microsoft\WindowsApps;C:\Users\ulise\AppData\Local\Programs\Microsoft VS Code\bin;C:\Users\ulise\AppData\Roaming\npm;C:\Users\ulise\AppData\Local\GitHubDesktop\bin
USERNAME=ulise
OS=Windows_NT
PROCESSOR_IDENTIFIER=Intel64 Family 6 Model 165 Stepping 2, GenuineIntel
TMP=C:\Users\ulise\AppData\Local\Temp
TEMP=C:\Users\ulise\AppData\Local\Temp



---------------  S Y S T E M  ---------------

OS:
 Windows 11 , 64 bit Build 22621 (10.0.22621.1485)
OS uptime: 6 days 11:10 hours

CPU: total 12 (initial active 12) (6 cores per cpu, 2 threads per core) family 6 model 165 stepping 2 microcode 0xe2, cx8, cmov, fxsr, ht, mmx, 3dnowpref, sse, sse2, sse3, ssse3, sse4.1, sse4.2, popcnt, lzcnt, tsc, tscinvbit, avx, avx2, aes, erms, clmul, bmi1, bmi2, adx, fma, vzeroupper, clflush, clflushopt, rdtscp

Memory: 4k page, system-wide physical 8099M (1476M free)
TotalPageFile size 12195M (AvailPageFile size 3M)
current process WorkingSet (physical memory assigned to process): 62M, peak: 62M
current process commit charge ("private bytes"): 106M, peak: 108M

vm_info: OpenJDK 64-Bit Server VM (19.0.2+7) for windows-amd64 JRE (19.0.2+7) (Zulu19.32+15-CA), built on Dec 28 2022 19:25:40 by "zulu_re" with MS VC++ 16.10 / 16.11 (VS2019)

END.
