#
# There is insufficient memory for the Java Runtime Environment to continue.
# Native memory allocation (malloc) failed to allocate 947216 bytes for Chunk::new
# Possible reasons:
#   The system is out of physical RAM or swap space
#   The process is running with CompressedOops enabled, and the Java Heap may be blocking the growth of the native heap
# Possible solutions:
#   Reduce memory load on the system
#   Increase physical memory or swap space
#   Check if swap backing store is full
#   Decrease Java heap size (-Xmx/-Xms)
#   Decrease number of Java threads
#   Decrease Java thread stack sizes (-Xss)
#   Set larger code cache with -XX:ReservedCodeCacheSize=
#   JVM is running with Unscaled Compressed Oops mode in which the Java heap is
#     placed in the first 4GB address space. The Java Heap base address is the
#     maximum limit for the native heap growth. Please use -XX:HeapBaseMinAddress
#     to set the Java Heap base and to place the Java Heap above 4GB virtual address.
# This output file may be truncated or incomplete.
#
#  Out of Memory Error (arena.cpp:184), pid=14752, tid=2112
#
# JRE version: OpenJDK Runtime Environment Zulu19.32+15-CA (19.0.2+7) (build 19.0.2+7)
# Java VM: OpenJDK 64-Bit Server VM Zulu19.32+15-CA (19.0.2+7, mixed mode, sharing, tiered, compressed oops, compressed class ptrs, g1 gc, windows-amd64)
# No core dump will be written. Minidumps are not enabled by default on client versions of Windows
#

---------------  S U M M A R Y ------------

Command Line: -Dfile.encoding=UTF-8 BuscaminasFX

Host: Intel(R) Core(TM) i7-10750H CPU @ 2.60GHz, 12 cores, 7G,  Windows 11 , 64 bit Build 22621 (10.0.22621.1344)
Time: Tue Mar 21 14:42:03 2023 Hora estándar, América Central elapsed time: 2.224953 seconds (0d 0h 0m 2s)

---------------  T H R E A D  ---------------

Current thread (0x0000017d0f9e8080):  JavaThread "C2 CompilerThread1" daemon [_thread_in_native, id=2112, stack(0x0000004430610000,0x0000004430710000)]


Current CompileTask:
C2:   2224 2502 %     4       com.sun.javafx.geom.AreaOp::pruneEdges @ 96 (981 bytes)

Stack: [0x0000004430610000,0x0000004430710000]
Native frames: (J=compiled Java code, j=interpreted, Vv=VM code, C=native code)
V  [jvm.dll+0x6eab2a]
V  [jvm.dll+0x8a4a20]
V  [jvm.dll+0x8a640e]
V  [jvm.dll+0x8a6ac3]
V  [jvm.dll+0x27c1ef]
V  [jvm.dll+0xc245f]
V  [jvm.dll+0xc27d5]
V  [jvm.dll+0x3b8071]
V  [jvm.dll+0x381701]
V  [jvm.dll+0x380b8a]
V  [jvm.dll+0x2458db]
V  [jvm.dll+0x244c71]
V  [jvm.dll+0x1cf9a1]
V  [jvm.dll+0x254799]
V  [jvm.dll+0x2529a8]
V  [jvm.dll+0x854e98]
V  [jvm.dll+0x84ec7a]
V  [jvm.dll+0x6e981b]
C  [ucrtbase.dll+0x29363]
C  [KERNEL32.DLL+0x126bd]
C  [ntdll.dll+0x5a9f8]


---------------  P R O C E S S  ---------------

Threads class SMR info:
_java_thread_list=0x0000017d0f1b8810, length=21, elements={
0x0000017d62858840, 0x0000017d028172d0, 0x0000017d02817fa0, 0x0000017d0281e000,
0x0000017d02820be0, 0x0000017d028216b0, 0x0000017d02822180, 0x0000017d02836d00,
0x0000017d02839e30, 0x0000017d0283cbb0, 0x0000017d06d0c070, 0x0000017d06d14810,
0x0000017d06f5aff0, 0x0000017d06fa3690, 0x0000017d06f9acd0, 0x0000017d076ffd00,
0x0000017d07700250, 0x0000017d076ff7b0, 0x0000017d076ff260, 0x0000017d0f9e8080,
0x0000017d07ad0470
}

Java Threads: ( => current thread )
  0x0000017d62858840 JavaThread "main" [_thread_blocked, id=15420, stack(0x000000442eb00000,0x000000442ec00000)]
  0x0000017d028172d0 JavaThread "Reference Handler" daemon [_thread_blocked, id=14032, stack(0x000000442f200000,0x000000442f300000)]
  0x0000017d02817fa0 JavaThread "Finalizer" daemon [_thread_blocked, id=15128, stack(0x000000442f300000,0x000000442f400000)]
  0x0000017d0281e000 JavaThread "Signal Dispatcher" daemon [_thread_blocked, id=1236, stack(0x000000442f400000,0x000000442f500000)]
  0x0000017d02820be0 JavaThread "Attach Listener" daemon [_thread_blocked, id=5808, stack(0x000000442f500000,0x000000442f600000)]
  0x0000017d028216b0 JavaThread "Service Thread" daemon [_thread_blocked, id=1408, stack(0x000000442f600000,0x000000442f700000)]
  0x0000017d02822180 JavaThread "Monitor Deflation Thread" daemon [_thread_blocked, id=2664, stack(0x000000442f700000,0x000000442f800000)]
  0x0000017d02836d00 JavaThread "C2 CompilerThread0" daemon [_thread_in_native, id=1336, stack(0x000000442f800000,0x000000442f900000)]
  0x0000017d02839e30 JavaThread "C1 CompilerThread0" daemon [_thread_blocked, id=11784, stack(0x000000442f900000,0x000000442fa00000)]
  0x0000017d0283cbb0 JavaThread "Sweeper thread" daemon [_thread_blocked, id=14744, stack(0x000000442fa00000,0x000000442fb00000)]
  0x0000017d06d0c070 JavaThread "Notification Thread" daemon [_thread_blocked, id=11068, stack(0x000000442fb00000,0x000000442fc00000)]
  0x0000017d06d14810 JavaThread "Common-Cleaner" daemon [_thread_blocked, id=22496, stack(0x000000442fd00000,0x000000442fe00000)]
  0x0000017d06f5aff0 JavaThread "QuantumRenderer-0" daemon [_thread_blocked, id=1000, stack(0x000000442fe00000,0x000000442ff00000)]
  0x0000017d06fa3690 JavaThread "InvokeLaterDispatcher" daemon [_thread_blocked, id=2288, stack(0x0000004430000000,0x0000004430100000)]
  0x0000017d06f9acd0 JavaThread "JavaFX Application Thread" [_thread_in_native, id=8040, stack(0x0000004430100000,0x0000004430200000)]
  0x0000017d076ffd00 JavaThread "JavaFX-Launcher" [_thread_blocked, id=6788, stack(0x0000004430500000,0x0000004430600000)]
  0x0000017d07700250 JavaThread "Thread-2" daemon [_thread_in_native, id=3780, stack(0x0000004430400000,0x0000004430500000)]
  0x0000017d076ff7b0 JavaThread "Prism Font Disposer" daemon [_thread_blocked, id=940, stack(0x0000004430b00000,0x0000004430c00000)]
  0x0000017d076ff260 JavaThread "Cleaner-0" daemon [_thread_blocked, id=17556, stack(0x0000004430c00000,0x0000004430d00000)]
=>0x0000017d0f9e8080 JavaThread "C2 CompilerThread1" daemon [_thread_in_native, id=2112, stack(0x0000004430610000,0x0000004430710000)]
  0x0000017d07ad0470 JavaThread "C2 CompilerThread2" daemon [_thread_in_native, id=12828, stack(0x0000004430d00000,0x0000004430e00000)]

Other Threads:
  0x0000017d028019e0 VMThread "VM Thread" [stack: 0x000000442f100000,0x000000442f200000] [id=14536]
  0x0000017d06d0ede0 WatcherThread "VM Periodic Task Thread" [stack: 0x000000442fc00000,0x000000442fd00000] [id=16712]
  0x0000017d628b81a0 WorkerThread "GC Thread#0" [stack: 0x000000442ec00000,0x000000442ed00000] [id=10620]
  0x0000017d628c8d00 ConcurrentGCThread "G1 Main Marker" [stack: 0x000000442ed00000,0x000000442ee00000] [id=11256]
  0x0000017d628c9a30 WorkerThread "G1 Conc#0" [stack: 0x000000442ee00000,0x000000442ef00000] [id=4036]
  0x0000017d026bb120 ConcurrentGCThread "G1 Refine#0" [stack: 0x000000442ef00000,0x000000442f000000] [id=17188]
  0x0000017d026bc920 ConcurrentGCThread "G1 Service" [stack: 0x000000442f000000,0x000000442f100000] [id=19320]

Threads with active compile tasks:
C2 CompilerThread0     2239 2494 %     4       com.sun.marlin.Renderer::_endRendering @ 235 (2473 bytes)
C2 CompilerThread1     2239 2502 %     4       com.sun.javafx.geom.AreaOp::pruneEdges @ 96 (981 bytes)
C2 CompilerThread2     2239 2546       4       com.sun.javafx.geom.transform.AffineBase::doTransform (657 bytes)

VM state: not at safepoint (normal execution)

VM Mutex/Monitor currently owned by a thread: None

Heap address: 0x0000000082000000, size: 2016 MB, Compressed Oops mode: 32-bit

CDS archive(s) mapped at: [0x0000000800000000-0x0000000800c40000-0x0000000800c40000), size 12845056, SharedBaseAddress: 0x0000000800000000, ArchiveRelocationMode: 0.
Compressed class space mapped at: 0x0000000801000000-0x0000000841000000, reserved size: 1073741824
Narrow klass base: 0x0000000800000000, Narrow klass shift: 0, Narrow klass range: 0x100000000

GC Precious Log:
 CardTable entry size: 512
 Card Set container configuration: InlinePtr #cards 5 size 8 Array Of Cards #cards 12 size 40 Howl #buckets 4 coarsen threshold 1843 Howl Bitmap #cards 512 size 80 coarsen threshold 460 Card regions per heap region 1 cards per card region 2048
 CPUs: 12 total, 12 available
 Memory: 8059M
 Large Page Support: Disabled
 NUMA Support: Disabled
 Compressed Oops: Enabled (32-bit)
 Heap Region Size: 1M
 Heap Min Capacity: 8M
 Heap Initial Capacity: 126M
 Heap Max Capacity: 2016M
 Pre-touch: Disabled
 Parallel Workers: 10
 Concurrent Workers: 3
 Concurrent Refinement Workers: 10
 Periodic GC: Disabled

Heap:
 garbage-first heap   total 129024K, used 28672K [0x0000000082000000, 0x0000000100000000)
  region size 1024K, 23 young (23552K), 0 survivors (0K)
 Metaspace       used 12497K, committed 12736K, reserved 1114112K
  class space    used 1683K, committed 1792K, reserved 1048576K

Heap Regions: E=young(eden), S=young(survivor), O=old, HS=humongous(starts), HC=humongous(continues), CS=collection set, F=free, OA=open archive, CA=closed archive, TAMS=top-at-mark-start (previous, next)
|   0|0x0000000082000000, 0x0000000082100000, 0x0000000082100000|100%|HS|  |TAMS 0x0000000082000000, 0x0000000082000000| Complete 
|   1|0x0000000082100000, 0x0000000082200000, 0x0000000082200000|100%|HS|  |TAMS 0x0000000082100000, 0x0000000082100000| Complete 
|   2|0x0000000082200000, 0x0000000082300000, 0x0000000082300000|100%|HC|  |TAMS 0x0000000082200000, 0x0000000082200000| Complete 
|   3|0x0000000082300000, 0x0000000082400000, 0x0000000082400000|100%|HC|  |TAMS 0x0000000082300000, 0x0000000082300000| Complete 
|   4|0x0000000082400000, 0x0000000082500000, 0x0000000082500000|100%|HS|  |TAMS 0x0000000082400000, 0x0000000082400000| Complete 
|   5|0x0000000082500000, 0x0000000082600000, 0x0000000082600000|100%|HS|  |TAMS 0x0000000082500000, 0x0000000082500000| Complete 
|   6|0x0000000082600000, 0x0000000082700000, 0x0000000082700000|100%|HC|  |TAMS 0x0000000082600000, 0x0000000082600000| Complete 
|   7|0x0000000082700000, 0x0000000082700000, 0x0000000082800000|  0%| F|  |TAMS 0x0000000082700000, 0x0000000082700000| Untracked 
|   8|0x0000000082800000, 0x0000000082800000, 0x0000000082900000|  0%| F|  |TAMS 0x0000000082800000, 0x0000000082800000| Untracked 
|   9|0x0000000082900000, 0x0000000082900000, 0x0000000082a00000|  0%| F|  |TAMS 0x0000000082900000, 0x0000000082900000| Untracked 
|  10|0x0000000082a00000, 0x0000000082a00000, 0x0000000082b00000|  0%| F|  |TAMS 0x0000000082a00000, 0x0000000082a00000| Untracked 
|  11|0x0000000082b00000, 0x0000000082b00000, 0x0000000082c00000|  0%| F|  |TAMS 0x0000000082b00000, 0x0000000082b00000| Untracked 
|  12|0x0000000082c00000, 0x0000000082c00000, 0x0000000082d00000|  0%| F|  |TAMS 0x0000000082c00000, 0x0000000082c00000| Untracked 
|  13|0x0000000082d00000, 0x0000000082d00000, 0x0000000082e00000|  0%| F|  |TAMS 0x0000000082d00000, 0x0000000082d00000| Untracked 
|  14|0x0000000082e00000, 0x0000000082e00000, 0x0000000082f00000|  0%| F|  |TAMS 0x0000000082e00000, 0x0000000082e00000| Untracked 
|  15|0x0000000082f00000, 0x0000000082f00000, 0x0000000083000000|  0%| F|  |TAMS 0x0000000082f00000, 0x0000000082f00000| Untracked 
|  16|0x0000000083000000, 0x0000000083000000, 0x0000000083100000|  0%| F|  |TAMS 0x0000000083000000, 0x0000000083000000| Untracked 
|  17|0x0000000083100000, 0x0000000083100000, 0x0000000083200000|  0%| F|  |TAMS 0x0000000083100000, 0x0000000083100000| Untracked 
|  18|0x0000000083200000, 0x0000000083200000, 0x0000000083300000|  0%| F|  |TAMS 0x0000000083200000, 0x0000000083200000| Untracked 
|  19|0x0000000083300000, 0x0000000083300000, 0x0000000083400000|  0%| F|  |TAMS 0x0000000083300000, 0x0000000083300000| Untracked 
|  20|0x0000000083400000, 0x0000000083400000, 0x0000000083500000|  0%| F|  |TAMS 0x0000000083400000, 0x0000000083400000| Untracked 
|  21|0x0000000083500000, 0x0000000083500000, 0x0000000083600000|  0%| F|  |TAMS 0x0000000083500000, 0x0000000083500000| Untracked 
|  22|0x0000000083600000, 0x0000000083600000, 0x0000000083700000|  0%| F|  |TAMS 0x0000000083600000, 0x0000000083600000| Untracked 
|  23|0x0000000083700000, 0x0000000083700000, 0x0000000083800000|  0%| F|  |TAMS 0x0000000083700000, 0x0000000083700000| Untracked 
|  24|0x0000000083800000, 0x0000000083800000, 0x0000000083900000|  0%| F|  |TAMS 0x0000000083800000, 0x0000000083800000| Untracked 
|  25|0x0000000083900000, 0x0000000083900000, 0x0000000083a00000|  0%| F|  |TAMS 0x0000000083900000, 0x0000000083900000| Untracked 
|  26|0x0000000083a00000, 0x0000000083a00000, 0x0000000083b00000|  0%| F|  |TAMS 0x0000000083a00000, 0x0000000083a00000| Untracked 
|  27|0x0000000083b00000, 0x0000000083b00000, 0x0000000083c00000|  0%| F|  |TAMS 0x0000000083b00000, 0x0000000083b00000| Untracked 
|  28|0x0000000083c00000, 0x0000000083c00000, 0x0000000083d00000|  0%| F|  |TAMS 0x0000000083c00000, 0x0000000083c00000| Untracked 
|  29|0x0000000083d00000, 0x0000000083d00000, 0x0000000083e00000|  0%| F|  |TAMS 0x0000000083d00000, 0x0000000083d00000| Untracked 
|  30|0x0000000083e00000, 0x0000000083e00000, 0x0000000083f00000|  0%| F|  |TAMS 0x0000000083e00000, 0x0000000083e00000| Untracked 
|  31|0x0000000083f00000, 0x0000000083f00000, 0x0000000084000000|  0%| F|  |TAMS 0x0000000083f00000, 0x0000000083f00000| Untracked 
|  32|0x0000000084000000, 0x0000000084000000, 0x0000000084100000|  0%| F|  |TAMS 0x0000000084000000, 0x0000000084000000| Untracked 
|  33|0x0000000084100000, 0x0000000084100000, 0x0000000084200000|  0%| F|  |TAMS 0x0000000084100000, 0x0000000084100000| Untracked 
|  34|0x0000000084200000, 0x0000000084200000, 0x0000000084300000|  0%| F|  |TAMS 0x0000000084200000, 0x0000000084200000| Untracked 
|  35|0x0000000084300000, 0x0000000084300000, 0x0000000084400000|  0%| F|  |TAMS 0x0000000084300000, 0x0000000084300000| Untracked 
|  36|0x0000000084400000, 0x0000000084400000, 0x0000000084500000|  0%| F|  |TAMS 0x0000000084400000, 0x0000000084400000| Untracked 
|  37|0x0000000084500000, 0x0000000084500000, 0x0000000084600000|  0%| F|  |TAMS 0x0000000084500000, 0x0000000084500000| Untracked 
|  38|0x0000000084600000, 0x0000000084600000, 0x0000000084700000|  0%| F|  |TAMS 0x0000000084600000, 0x0000000084600000| Untracked 
|  39|0x0000000084700000, 0x0000000084700000, 0x0000000084800000|  0%| F|  |TAMS 0x0000000084700000, 0x0000000084700000| Untracked 
|  40|0x0000000084800000, 0x0000000084800000, 0x0000000084900000|  0%| F|  |TAMS 0x0000000084800000, 0x0000000084800000| Untracked 
|  41|0x0000000084900000, 0x0000000084900000, 0x0000000084a00000|  0%| F|  |TAMS 0x0000000084900000, 0x0000000084900000| Untracked 
|  42|0x0000000084a00000, 0x0000000084a00000, 0x0000000084b00000|  0%| F|  |TAMS 0x0000000084a00000, 0x0000000084a00000| Untracked 
|  43|0x0000000084b00000, 0x0000000084b00000, 0x0000000084c00000|  0%| F|  |TAMS 0x0000000084b00000, 0x0000000084b00000| Untracked 
|  44|0x0000000084c00000, 0x0000000084c00000, 0x0000000084d00000|  0%| F|  |TAMS 0x0000000084c00000, 0x0000000084c00000| Untracked 
|  45|0x0000000084d00000, 0x0000000084d00000, 0x0000000084e00000|  0%| F|  |TAMS 0x0000000084d00000, 0x0000000084d00000| Untracked 
|  46|0x0000000084e00000, 0x0000000084e00000, 0x0000000084f00000|  0%| F|  |TAMS 0x0000000084e00000, 0x0000000084e00000| Untracked 
|  47|0x0000000084f00000, 0x0000000084f00000, 0x0000000085000000|  0%| F|  |TAMS 0x0000000084f00000, 0x0000000084f00000| Untracked 
|  48|0x0000000085000000, 0x0000000085000000, 0x0000000085100000|  0%| F|  |TAMS 0x0000000085000000, 0x0000000085000000| Untracked 
|  49|0x0000000085100000, 0x0000000085100000, 0x0000000085200000|  0%| F|  |TAMS 0x0000000085100000, 0x0000000085100000| Untracked 
|  50|0x0000000085200000, 0x0000000085200000, 0x0000000085300000|  0%| F|  |TAMS 0x0000000085200000, 0x0000000085200000| Untracked 
|  51|0x0000000085300000, 0x0000000085300000, 0x0000000085400000|  0%| F|  |TAMS 0x0000000085300000, 0x0000000085300000| Untracked 
|  52|0x0000000085400000, 0x0000000085400000, 0x0000000085500000|  0%| F|  |TAMS 0x0000000085400000, 0x0000000085400000| Untracked 
|  53|0x0000000085500000, 0x0000000085500000, 0x0000000085600000|  0%| F|  |TAMS 0x0000000085500000, 0x0000000085500000| Untracked 
|  54|0x0000000085600000, 0x0000000085600000, 0x0000000085700000|  0%| F|  |TAMS 0x0000000085600000, 0x0000000085600000| Untracked 
|  55|0x0000000085700000, 0x0000000085700000, 0x0000000085800000|  0%| F|  |TAMS 0x0000000085700000, 0x0000000085700000| Untracked 
|  56|0x0000000085800000, 0x0000000085800000, 0x0000000085900000|  0%| F|  |TAMS 0x0000000085800000, 0x0000000085800000| Untracked 
|  57|0x0000000085900000, 0x0000000085900000, 0x0000000085a00000|  0%| F|  |TAMS 0x0000000085900000, 0x0000000085900000| Untracked 
|  58|0x0000000085a00000, 0x0000000085a00000, 0x0000000085b00000|  0%| F|  |TAMS 0x0000000085a00000, 0x0000000085a00000| Untracked 
|  59|0x0000000085b00000, 0x0000000085b00000, 0x0000000085c00000|  0%| F|  |TAMS 0x0000000085b00000, 0x0000000085b00000| Untracked 
|  60|0x0000000085c00000, 0x0000000085c00000, 0x0000000085d00000|  0%| F|  |TAMS 0x0000000085c00000, 0x0000000085c00000| Untracked 
|  61|0x0000000085d00000, 0x0000000085d00000, 0x0000000085e00000|  0%| F|  |TAMS 0x0000000085d00000, 0x0000000085d00000| Untracked 
|  62|0x0000000085e00000, 0x0000000085e00000, 0x0000000085f00000|  0%| F|  |TAMS 0x0000000085e00000, 0x0000000085e00000| Untracked 
|  63|0x0000000085f00000, 0x0000000085f00000, 0x0000000086000000|  0%| F|  |TAMS 0x0000000085f00000, 0x0000000085f00000| Untracked 
|  64|0x0000000086000000, 0x0000000086000000, 0x0000000086100000|  0%| F|  |TAMS 0x0000000086000000, 0x0000000086000000| Untracked 
|  65|0x0000000086100000, 0x0000000086100000, 0x0000000086200000|  0%| F|  |TAMS 0x0000000086100000, 0x0000000086100000| Untracked 
|  66|0x0000000086200000, 0x0000000086200000, 0x0000000086300000|  0%| F|  |TAMS 0x0000000086200000, 0x0000000086200000| Untracked 
|  67|0x0000000086300000, 0x0000000086300000, 0x0000000086400000|  0%| F|  |TAMS 0x0000000086300000, 0x0000000086300000| Untracked 
|  68|0x0000000086400000, 0x0000000086400000, 0x0000000086500000|  0%| F|  |TAMS 0x0000000086400000, 0x0000000086400000| Untracked 
|  69|0x0000000086500000, 0x0000000086500000, 0x0000000086600000|  0%| F|  |TAMS 0x0000000086500000, 0x0000000086500000| Untracked 
|  70|0x0000000086600000, 0x0000000086600000, 0x0000000086700000|  0%| F|  |TAMS 0x0000000086600000, 0x0000000086600000| Untracked 
|  71|0x0000000086700000, 0x0000000086700000, 0x0000000086800000|  0%| F|  |TAMS 0x0000000086700000, 0x0000000086700000| Untracked 
|  72|0x0000000086800000, 0x0000000086800000, 0x0000000086900000|  0%| F|  |TAMS 0x0000000086800000, 0x0000000086800000| Untracked 
|  73|0x0000000086900000, 0x0000000086900000, 0x0000000086a00000|  0%| F|  |TAMS 0x0000000086900000, 0x0000000086900000| Untracked 
|  74|0x0000000086a00000, 0x0000000086a00000, 0x0000000086b00000|  0%| F|  |TAMS 0x0000000086a00000, 0x0000000086a00000| Untracked 
|  75|0x0000000086b00000, 0x0000000086b00000, 0x0000000086c00000|  0%| F|  |TAMS 0x0000000086b00000, 0x0000000086b00000| Untracked 
|  76|0x0000000086c00000, 0x0000000086c00000, 0x0000000086d00000|  0%| F|  |TAMS 0x0000000086c00000, 0x0000000086c00000| Untracked 
|  77|0x0000000086d00000, 0x0000000086d00000, 0x0000000086e00000|  0%| F|  |TAMS 0x0000000086d00000, 0x0000000086d00000| Untracked 
|  78|0x0000000086e00000, 0x0000000086e00000, 0x0000000086f00000|  0%| F|  |TAMS 0x0000000086e00000, 0x0000000086e00000| Untracked 
|  79|0x0000000086f00000, 0x0000000086f00000, 0x0000000087000000|  0%| F|  |TAMS 0x0000000086f00000, 0x0000000086f00000| Untracked 
|  80|0x0000000087000000, 0x0000000087000000, 0x0000000087100000|  0%| F|  |TAMS 0x0000000087000000, 0x0000000087000000| Untracked 
|  81|0x0000000087100000, 0x0000000087100000, 0x0000000087200000|  0%| F|  |TAMS 0x0000000087100000, 0x0000000087100000| Untracked 
|  82|0x0000000087200000, 0x0000000087200000, 0x0000000087300000|  0%| F|  |TAMS 0x0000000087200000, 0x0000000087200000| Untracked 
|  83|0x0000000087300000, 0x0000000087300000, 0x0000000087400000|  0%| F|  |TAMS 0x0000000087300000, 0x0000000087300000| Untracked 
|  84|0x0000000087400000, 0x0000000087400000, 0x0000000087500000|  0%| F|  |TAMS 0x0000000087400000, 0x0000000087400000| Untracked 
|  85|0x0000000087500000, 0x0000000087500000, 0x0000000087600000|  0%| F|  |TAMS 0x0000000087500000, 0x0000000087500000| Untracked 
|  86|0x0000000087600000, 0x0000000087600000, 0x0000000087700000|  0%| F|  |TAMS 0x0000000087600000, 0x0000000087600000| Untracked 
|  87|0x0000000087700000, 0x0000000087700000, 0x0000000087800000|  0%| F|  |TAMS 0x0000000087700000, 0x0000000087700000| Untracked 
|  88|0x0000000087800000, 0x0000000087800000, 0x0000000087900000|  0%| F|  |TAMS 0x0000000087800000, 0x0000000087800000| Untracked 
|  89|0x0000000087900000, 0x0000000087900000, 0x0000000087a00000|  0%| F|  |TAMS 0x0000000087900000, 0x0000000087900000| Untracked 
|  90|0x0000000087a00000, 0x0000000087a00000, 0x0000000087b00000|  0%| F|  |TAMS 0x0000000087a00000, 0x0000000087a00000| Untracked 
|  91|0x0000000087b00000, 0x0000000087b00000, 0x0000000087c00000|  0%| F|  |TAMS 0x0000000087b00000, 0x0000000087b00000| Untracked 
|  92|0x0000000087c00000, 0x0000000087c00000, 0x0000000087d00000|  0%| F|  |TAMS 0x0000000087c00000, 0x0000000087c00000| Untracked 
|  93|0x0000000087d00000, 0x0000000087d00000, 0x0000000087e00000|  0%| F|  |TAMS 0x0000000087d00000, 0x0000000087d00000| Untracked 
|  94|0x0000000087e00000, 0x0000000087e00000, 0x0000000087f00000|  0%| F|  |TAMS 0x0000000087e00000, 0x0000000087e00000| Untracked 
|  95|0x0000000087f00000, 0x0000000087f00000, 0x0000000088000000|  0%| F|  |TAMS 0x0000000087f00000, 0x0000000087f00000| Untracked 
|  96|0x0000000088000000, 0x0000000088000000, 0x0000000088100000|  0%| F|  |TAMS 0x0000000088000000, 0x0000000088000000| Untracked 
|  97|0x0000000088100000, 0x0000000088100000, 0x0000000088200000|  0%| F|  |TAMS 0x0000000088100000, 0x0000000088100000| Untracked 
|  98|0x0000000088200000, 0x0000000088200000, 0x0000000088300000|  0%| F|  |TAMS 0x0000000088200000, 0x0000000088200000| Untracked 
|  99|0x0000000088300000, 0x0000000088300000, 0x0000000088400000|  0%| F|  |TAMS 0x0000000088300000, 0x0000000088300000| Untracked 
| 100|0x0000000088400000, 0x0000000088400000, 0x0000000088500000|  0%| F|  |TAMS 0x0000000088400000, 0x0000000088400000| Untracked 
| 101|0x0000000088500000, 0x0000000088500000, 0x0000000088600000|  0%| F|  |TAMS 0x0000000088500000, 0x0000000088500000| Untracked 
| 102|0x0000000088600000, 0x0000000088600000, 0x0000000088700000|  0%| F|  |TAMS 0x0000000088600000, 0x0000000088600000| Untracked 
| 103|0x0000000088700000, 0x0000000088776498, 0x0000000088800000| 46%| E|  |TAMS 0x0000000088700000, 0x0000000088700000| Complete 
| 104|0x0000000088800000, 0x0000000088900000, 0x0000000088900000|100%| E|CS|TAMS 0x0000000088800000, 0x0000000088800000| Complete 
| 105|0x0000000088900000, 0x0000000088a00000, 0x0000000088a00000|100%| E|CS|TAMS 0x0000000088900000, 0x0000000088900000| Complete 
| 106|0x0000000088a00000, 0x0000000088b00000, 0x0000000088b00000|100%| E|CS|TAMS 0x0000000088a00000, 0x0000000088a00000| Complete 
| 107|0x0000000088b00000, 0x0000000088c00000, 0x0000000088c00000|100%| E|CS|TAMS 0x0000000088b00000, 0x0000000088b00000| Complete 
| 108|0x0000000088c00000, 0x0000000088d00000, 0x0000000088d00000|100%| E|CS|TAMS 0x0000000088c00000, 0x0000000088c00000| Complete 
| 109|0x0000000088d00000, 0x0000000088e00000, 0x0000000088e00000|100%| E|CS|TAMS 0x0000000088d00000, 0x0000000088d00000| Complete 
| 110|0x0000000088e00000, 0x0000000088f00000, 0x0000000088f00000|100%| E|CS|TAMS 0x0000000088e00000, 0x0000000088e00000| Complete 
| 111|0x0000000088f00000, 0x0000000089000000, 0x0000000089000000|100%| E|CS|TAMS 0x0000000088f00000, 0x0000000088f00000| Complete 
| 112|0x0000000089000000, 0x0000000089100000, 0x0000000089100000|100%| E|CS|TAMS 0x0000000089000000, 0x0000000089000000| Complete 
| 113|0x0000000089100000, 0x0000000089200000, 0x0000000089200000|100%| E|CS|TAMS 0x0000000089100000, 0x0000000089100000| Complete 
| 114|0x0000000089200000, 0x0000000089300000, 0x0000000089300000|100%| E|CS|TAMS 0x0000000089200000, 0x0000000089200000| Complete 
| 115|0x0000000089300000, 0x0000000089400000, 0x0000000089400000|100%| E|CS|TAMS 0x0000000089300000, 0x0000000089300000| Complete 
| 116|0x0000000089400000, 0x0000000089500000, 0x0000000089500000|100%| E|CS|TAMS 0x0000000089400000, 0x0000000089400000| Complete 
| 117|0x0000000089500000, 0x0000000089600000, 0x0000000089600000|100%| E|CS|TAMS 0x0000000089500000, 0x0000000089500000| Complete 
| 118|0x0000000089600000, 0x0000000089700000, 0x0000000089700000|100%| E|CS|TAMS 0x0000000089600000, 0x0000000089600000| Complete 
| 119|0x0000000089700000, 0x0000000089800000, 0x0000000089800000|100%| E|CS|TAMS 0x0000000089700000, 0x0000000089700000| Complete 
| 120|0x0000000089800000, 0x0000000089900000, 0x0000000089900000|100%| E|CS|TAMS 0x0000000089800000, 0x0000000089800000| Complete 
| 121|0x0000000089900000, 0x0000000089a00000, 0x0000000089a00000|100%| E|  |TAMS 0x0000000089900000, 0x0000000089900000| Complete 
| 122|0x0000000089a00000, 0x0000000089b00000, 0x0000000089b00000|100%| E|CS|TAMS 0x0000000089a00000, 0x0000000089a00000| Complete 
| 123|0x0000000089b00000, 0x0000000089c00000, 0x0000000089c00000|100%| E|CS|TAMS 0x0000000089b00000, 0x0000000089b00000| Complete 
| 124|0x0000000089c00000, 0x0000000089d00000, 0x0000000089d00000|100%| E|CS|TAMS 0x0000000089c00000, 0x0000000089c00000| Complete 
| 125|0x0000000089d00000, 0x0000000089e00000, 0x0000000089e00000|100%| E|CS|TAMS 0x0000000089d00000, 0x0000000089d00000| Complete 

Card table byte_map: [0x0000017d7b410000,0x0000017d7b800000] _byte_map_base: 0x0000017d7b000000

Marking Bits (Prev, Next): (CMBitMap*) 0x0000017d628b87d0, (CMBitMap*) 0x0000017d628b8810
 Prev Bits: [0x0000017d7bbf0000, 0x0000017d7db70000)
 Next Bits: [0x0000017d7db70000, 0x0000017d7faf0000)

Polling page: 0x0000017d607d0000

Metaspace:

Usage:
  Non-class:     10.56 MB used.
      Class:      1.64 MB used.
       Both:     12.20 MB used.

Virtual space:
  Non-class space:       64.00 MB reserved,      10.69 MB ( 17%) committed,  1 nodes.
      Class space:        1.00 GB reserved,       1.75 MB ( <1%) committed,  1 nodes.
             Both:        1.06 GB reserved,      12.44 MB (  1%) committed. 

Chunk freelists:
   Non-Class:  3.45 MB
       Class:  2.20 MB
        Both:  5.66 MB

MaxMetaspaceSize: unlimited
CompressedClassSpaceSize: 1.00 GB
Initial GC threshold: 21.00 MB
Current GC threshold: 21.00 MB
CDS: on
MetaspaceReclaimPolicy: balanced
 - commit_granule_bytes: 65536.
 - commit_granule_words: 8192.
 - virtual_space_node_default_size: 8388608.
 - enlarge_chunks_in_place: 1.
 - new_chunks_are_fully_committed: 0.
 - uncommit_free_chunks: 1.
 - use_allocation_guard: 0.


Internal statistics:

num_allocs_failed_limit: 0.
num_arena_births: 228.
num_arena_deaths: 0.
num_vsnodes_births: 2.
num_vsnodes_deaths: 0.
num_space_committed: 199.
num_space_uncommitted: 0.
num_chunks_returned_to_freelist: 0.
num_chunks_taken_from_freelist: 690.
num_chunk_merges: 0.
num_chunk_splits: 476.
num_chunks_enlarged: 373.
num_inconsistent_stats: 0.

CodeHeap 'non-profiled nmethods': size=120000Kb used=925Kb max_used=925Kb free=119074Kb
 bounds [0x0000017d73590000, 0x0000017d73800000, 0x0000017d7aac0000]
CodeHeap 'profiled nmethods': size=120000Kb used=4601Kb max_used=4601Kb free=115398Kb
 bounds [0x0000017d6bac0000, 0x0000017d6bf40000, 0x0000017d72ff0000]
CodeHeap 'non-nmethods': size=5760Kb used=1506Kb max_used=1554Kb free=4253Kb
 bounds [0x0000017d72ff0000, 0x0000017d73260000, 0x0000017d73590000]
 total_blobs=3335 nmethods=2553 adapters=692
 compilation: enabled
              stopped_count=0, restarted_count=0
 full_count=0

Compilation events (20 events):
Event: 2.214 Thread 0x0000017d07ad0470 nmethod 2505 0x0000017d73674990 code [0x0000017d73674b00, 0x0000017d73674b98]
Event: 2.214 Thread 0x0000017d07ad0470 2496       4       com.sun.javafx.geom.RectBounds::getHeight (10 bytes)
Event: 2.214 Thread 0x0000017d07ad0470 nmethod 2496 0x0000017d73674c90 code [0x0000017d73674e00, 0x0000017d73674e78]
Event: 2.214 Thread 0x0000017d07ad0470 2535       4       com.sun.prism.impl.VertexBuffer::setPerVertexColor (26 bytes)
Event: 2.214 Thread 0x0000017d07ad0470 nmethod 2535 0x0000017d73674f90 code [0x0000017d73675140, 0x0000017d736751f8]
Event: 2.214 Thread 0x0000017d07ad0470 2546       4       com.sun.javafx.geom.transform.AffineBase::doTransform (657 bytes)
Event: 2.215 Thread 0x0000017d02839e30 2547       3       com.sun.marlin.Helpers$PolyStack::dispose (90 bytes)
Event: 2.215 Thread 0x0000017d02839e30 nmethod 2547 0x0000017d6bf38b10 code [0x0000017d6bf38ce0, 0x0000017d6bf39038]
Event: 2.216 Thread 0x0000017d02839e30 2548       3       java.lang.reflect.Method::isCallerSensitive (27 bytes)
Event: 2.216 Thread 0x0000017d02839e30 nmethod 2548 0x0000017d6bf39210 code [0x0000017d6bf39460, 0x0000017d6bf39ea8]
Event: 2.217 Thread 0x0000017d02839e30 2551       3       com.sun.javafx.sg.prism.NGRegion::renderContent (115 bytes)
Event: 2.219 Thread 0x0000017d02839e30 nmethod 2551 0x0000017d6bf3a210 code [0x0000017d6bf3a520, 0x0000017d6bf3ba88]
Event: 2.219 Thread 0x0000017d02839e30 2552       3       com.sun.javafx.sg.prism.NGRectangle::isRectClip (132 bytes)
Event: 2.219 Thread 0x0000017d02839e30 nmethod 2552 0x0000017d6bf3c010 code [0x0000017d6bf3c2a0, 0x0000017d6bf3cf08]
Event: 2.219 Thread 0x0000017d02839e30 2553       3       com.sun.javafx.sg.prism.NGRectangle::isRounded (30 bytes)
Event: 2.220 Thread 0x0000017d02839e30 nmethod 2553 0x0000017d6bf3d210 code [0x0000017d6bf3d3c0, 0x0000017d6bf3d5b8]
Event: 2.220 Thread 0x0000017d02839e30 2554       3       com.sun.prism.impl.BaseResourcePool$WeakLinkedList::getResource (11 bytes)
Event: 2.220 Thread 0x0000017d02839e30 nmethod 2554 0x0000017d6bf3d690 code [0x0000017d6bf3d840, 0x0000017d6bf3db18]
Event: 2.220 Thread 0x0000017d02839e30 2555       3       com.sun.prism.impl.ManagedResource::_isgone (42 bytes)
Event: 2.221 Thread 0x0000017d02839e30 nmethod 2555 0x0000017d6bf3dc10 code [0x0000017d6bf3de00, 0x0000017d6bf3e4e8]

GC Heap History (0 events):
No events

Dll operation events (20 events):
Event: 0.130 Loaded shared library C:\Program Files\Zulu\zulu-19\bin\api-ms-win-crt-locale-l1-1-0.dll
Event: 0.131 Loaded shared library C:\Program Files\Zulu\zulu-19\bin\api-ms-win-crt-math-l1-1-0.dll
Event: 0.132 Loaded shared library C:\Program Files\Zulu\zulu-19\bin\api-ms-win-crt-multibyte-l1-1-0.dll
Event: 0.133 Loaded shared library C:\Program Files\Zulu\zulu-19\bin\api-ms-win-crt-private-l1-1-0.dll
Event: 0.134 Loaded shared library C:\Program Files\Zulu\zulu-19\bin\api-ms-win-crt-process-l1-1-0.dll
Event: 0.135 Loaded shared library C:\Program Files\Zulu\zulu-19\bin\api-ms-win-crt-runtime-l1-1-0.dll
Event: 0.138 Loaded shared library C:\Program Files\Zulu\zulu-19\bin\api-ms-win-crt-stdio-l1-1-0.dll
Event: 0.139 Loaded shared library C:\Program Files\Zulu\zulu-19\bin\api-ms-win-crt-string-l1-1-0.dll
Event: 0.140 Loaded shared library C:\Program Files\Zulu\zulu-19\bin\api-ms-win-crt-time-l1-1-0.dll
Event: 0.141 Loaded shared library C:\Program Files\Zulu\zulu-19\bin\api-ms-win-crt-utility-l1-1-0.dll
Event: 0.142 Loaded shared library C:\Program Files\Zulu\zulu-19\bin\ucrtbase.dll
Event: 0.143 Loaded shared library C:\Program Files\Zulu\zulu-19\bin\vcruntime140.dll
Event: 0.144 Loaded shared library C:\Program Files\Zulu\zulu-19\bin\vcruntime140_1.dll
Event: 0.144 Loaded shared library C:\Program Files\Zulu\zulu-19\bin\msvcp140.dll
Event: 0.145 Loaded shared library C:\Program Files\Zulu\zulu-19\bin\msvcp140_1.dll
Event: 0.146 Loaded shared library C:\Program Files\Zulu\zulu-19\bin\msvcp140_2.dll
Event: 0.168 Loaded shared library C:\Program Files\Zulu\zulu-19\bin\prism_d3d.dll
Event: 0.226 Loaded shared library C:\Program Files\Zulu\zulu-19\bin\glass.dll
Event: 0.433 Loaded shared library C:\Program Files\Zulu\zulu-19\bin\javafx_font.dll
Event: 0.539 Loaded shared library C:\Program Files\Zulu\zulu-19\bin\zip.dll

Deoptimization events (20 events):
Event: 1.700 Thread 0x0000017d06f5aff0 Uncommon trap: trap_request=0xffffff45 fr.pc=0x0000017d73652ac8 relative=0x0000000000001d08
Event: 1.700 Thread 0x0000017d06f5aff0 Uncommon trap: reason=unstable_if action=reinterpret pc=0x0000017d73652ac8 method=com.sun.marlin.Renderer._endRendering(IILcom/sun/marlin/MarlinAlphaConsumer;)V @ 2015 c2
Event: 1.700 Thread 0x0000017d06f5aff0 DEOPT PACKING pc=0x0000017d73652ac8 sp=0x000000442fefd990
Event: 1.700 Thread 0x0000017d06f5aff0 DEOPT UNPACKING pc=0x0000017d73056da3 sp=0x000000442fefd768 mode 2
Event: 2.140 Thread 0x0000017d06f5aff0 Uncommon trap: trap_request=0xffffffcc fr.pc=0x0000017d73671b00 relative=0x0000000000000260
Event: 2.140 Thread 0x0000017d06f5aff0 Uncommon trap: reason=intrinsic_or_type_checked_inlining action=make_not_entrant pc=0x0000017d73671b00 method=java.util.Vector.toArray([Ljava/lang/Object;)[Ljava/lang/Object; @ 36 c2
Event: 2.140 Thread 0x0000017d06f5aff0 DEOPT PACKING pc=0x0000017d73671b00 sp=0x000000442fefd630
Event: 2.140 Thread 0x0000017d06f5aff0 DEOPT UNPACKING pc=0x0000017d73056da3 sp=0x000000442fefd5d0 mode 2
Event: 2.145 Thread 0x0000017d06f5aff0 Uncommon trap: trap_request=0xffffffc6 fr.pc=0x0000017d735d4a34 relative=0x00000000000002f4
Event: 2.145 Thread 0x0000017d06f5aff0 Uncommon trap: reason=bimorphic_or_optimized_type_check action=maybe_recompile pc=0x0000017d735d4a34 method=java.util.concurrent.ConcurrentHashMap.get(Ljava/lang/Object;)Ljava/lang/Object; @ 149 c2
Event: 2.145 Thread 0x0000017d06f5aff0 DEOPT PACKING pc=0x0000017d735d4a34 sp=0x000000442fefd8d0
Event: 2.145 Thread 0x0000017d06f5aff0 DEOPT UNPACKING pc=0x0000017d73056da3 sp=0x000000442fefd840 mode 2
Event: 2.161 Thread 0x0000017d06f5aff0 Uncommon trap: trap_request=0xffffffc6 fr.pc=0x0000017d735d4a34 relative=0x00000000000002f4
Event: 2.161 Thread 0x0000017d06f5aff0 Uncommon trap: reason=bimorphic_or_optimized_type_check action=maybe_recompile pc=0x0000017d735d4a34 method=java.util.concurrent.ConcurrentHashMap.get(Ljava/lang/Object;)Ljava/lang/Object; @ 149 c2
Event: 2.161 Thread 0x0000017d06f5aff0 DEOPT PACKING pc=0x0000017d735d4a34 sp=0x000000442fefd8d0
Event: 2.161 Thread 0x0000017d06f5aff0 DEOPT UNPACKING pc=0x0000017d73056da3 sp=0x000000442fefd840 mode 2
Event: 2.175 Thread 0x0000017d06f5aff0 Uncommon trap: trap_request=0xffffffc6 fr.pc=0x0000017d735d4a34 relative=0x00000000000002f4
Event: 2.175 Thread 0x0000017d06f5aff0 Uncommon trap: reason=bimorphic_or_optimized_type_check action=maybe_recompile pc=0x0000017d735d4a34 method=java.util.concurrent.ConcurrentHashMap.get(Ljava/lang/Object;)Ljava/lang/Object; @ 149 c2
Event: 2.175 Thread 0x0000017d06f5aff0 DEOPT PACKING pc=0x0000017d735d4a34 sp=0x000000442fefd8d0
Event: 2.175 Thread 0x0000017d06f5aff0 DEOPT UNPACKING pc=0x0000017d73056da3 sp=0x000000442fefd840 mode 2

Classes loaded (20 events):
Event: 0.873 Loading class java/lang/ArrayIndexOutOfBoundsException
Event: 0.873 Loading class java/lang/ArrayIndexOutOfBoundsException done
Event: 0.875 Loading class java/util/concurrent/ConcurrentLinkedQueue
Event: 0.875 Loading class java/util/concurrent/ConcurrentLinkedQueue done
Event: 0.875 Loading class java/util/concurrent/ConcurrentLinkedQueue$Node
Event: 0.875 Loading class java/util/concurrent/ConcurrentLinkedQueue$Node done
Event: 0.876 Loading class jdk/internal/ref/CleanerImpl$InnocuousThreadFactory
Event: 0.876 Loading class jdk/internal/ref/CleanerImpl$InnocuousThreadFactory done
Event: 0.885 Loading class sun/misc/Unsafe
Event: 0.885 Loading class sun/misc/Unsafe done
Event: 0.885 Loading class java/lang/invoke/DirectMethodHandle$StaticAccessor
Event: 0.885 Loading class java/lang/invoke/DirectMethodHandle$StaticAccessor done
Event: 0.903 Loading class java/nio/ShortBuffer
Event: 0.903 Loading class java/nio/ShortBuffer done
Event: 0.903 Loading class java/nio/DoubleBuffer
Event: 0.903 Loading class java/nio/DoubleBuffer done
Event: 0.905 Loading class java/nio/DirectFloatBufferU
Event: 0.905 Loading class java/nio/DirectFloatBufferU done
Event: 1.577 Loading class java/io/UnsupportedEncodingException
Event: 1.577 Loading class java/io/UnsupportedEncodingException done

Classes unloaded (0 events):
No events

Classes redefined (0 events):
No events

Internal exceptions (20 events):
Event: 0.415 Thread 0x0000017d06f9acd0 Exception <a 'java/lang/ClassNotFoundException'{0x00000000897278f0}: com/sun/glass/ui/win/themes_es_CR> (0x00000000897278f0) 
thrown [s\src\hotspot\share\prims\jni.cpp, line 536]
Event: 0.476 Thread 0x0000017d06f9acd0 Exception <a 'java/lang/NoSuchMethodError'{0x00000000895c1580}: 'void java.lang.invoke.DirectMethodHandle$Holder.invokeStaticInit(java.lang.Object, java.lang.Object)'> (0x00000000895c1580) 
thrown [s\src\hotspot\share\interpreter\linkResolver.cpp, line 774]
Event: 0.625 Thread 0x0000017d06f9acd0 Implicit null exception at 0x0000017d735c77cc to 0x0000017d735c7d38
Event: 0.625 Thread 0x0000017d06f9acd0 Implicit null exception at 0x0000017d735c60cc to 0x0000017d735c6614
Event: 0.663 Thread 0x0000017d06f9acd0 Implicit null exception at 0x0000017d735c1cf2 to 0x0000017d735c207c
Event: 0.699 Thread 0x0000017d06f9acd0 Exception <a 'java/lang/NoSuchMethodError'{0x000000008915c188}: 'java.lang.Object java.lang.invoke.DirectMethodHandle$Holder.invokeInterface(java.lang.Object, java.lang.Object, java.lang.Object)'> (0x000000008915c188) 
thrown [s\src\hotspot\share\interpreter\linkResolver.cpp, line 774]
Event: 0.700 Thread 0x0000017d06f9acd0 Exception <a 'java/lang/IncompatibleClassChangeError'{0x000000008915fbb8}: Found class java.lang.Object, but interface was expected> (0x000000008915fbb8) 
thrown [s\src\hotspot\share\interpreter\linkResolver.cpp, line 841]
Event: 0.769 Thread 0x0000017d06f9acd0 Implicit null exception at 0x0000017d735f0220 to 0x0000017d735f0558
Event: 0.788 Thread 0x0000017d06f9acd0 Exception <a 'java/lang/NoSuchMethodError'{0x0000000088e5ddb8}: 'java.lang.Object java.lang.invoke.DirectMethodHandle$Holder.newInvokeSpecial(java.lang.Object, java.lang.Object, int)'> (0x0000000088e5ddb8) 
thrown [s\src\hotspot\share\interpreter\linkResolver.cpp, line 774]
Event: 0.821 Thread 0x0000017d06f9acd0 Exception <a 'java/lang/NoSuchMethodError'{0x0000000088e9cae0}: 'int java.lang.invoke.DirectMethodHandle$Holder.invokeSpecial(java.lang.Object, java.lang.Object, int)'> (0x0000000088e9cae0) 
thrown [s\src\hotspot\share\interpreter\linkResolver.cpp, line 774]
Event: 0.822 Thread 0x0000017d06f9acd0 Exception <a 'java/lang/NoSuchMethodError'{0x0000000088ea4410}: 'int java.lang.invoke.DirectMethodHandle$Holder.invokeSpecial(java.lang.Object, java.lang.Object, java.lang.Object, int)'> (0x0000000088ea4410) 
thrown [s\src\hotspot\share\interpreter\linkResolver.cpp, line 774]
Event: 0.824 Thread 0x0000017d06f9acd0 Exception <a 'java/lang/NoSuchMethodError'{0x0000000088eb68d8}: 'java.lang.Object java.lang.invoke.DirectMethodHandle$Holder.invokeStatic(java.lang.Object, java.lang.Object, java.lang.Object, java.lang.Object, int)'> (0x0000000088eb68d8) 
thrown [s\src\hotspot\share\interpreter\linkResolver.cpp, line 774]
Event: 0.824 Thread 0x0000017d06f9acd0 Exception <a 'java/lang/NoSuchMethodError'{0x0000000088ebf0a0}: 'int java.lang.invoke.DirectMethodHandle$Holder.invokeSpecial(java.lang.Object, java.lang.Object, java.lang.Object)'> (0x0000000088ebf0a0) 
thrown [s\src\hotspot\share\interpreter\linkResolver.cpp, line 774]
Event: 0.849 Thread 0x0000017d06f5aff0 Exception <a 'java/lang/NoSuchMethodError'{0x0000000089aaa8d0}: 'int java.lang.invoke.DirectMethodHandle$Holder.invokeStaticInit(java.lang.Object, java.lang.Object)'> (0x0000000089aaa8d0) 
thrown [s\src\hotspot\share\interpreter\linkResolver.cpp, line 774]
Event: 0.864 Thread 0x0000017d06f5aff0 Exception <a 'java/lang/NoSuchMethodError'{0x0000000089adc5a0}: 'java.lang.Object java.lang.invoke.Invokers$Holder.invokeExact_MT(java.lang.Object, java.lang.Object, java.lang.Object, java.lang.Object, java.lang.Object)'> (0x0000000089adc5a0) 
thrown [s\src\hotspot\share\interpreter\linkResolver.cpp, line 774]
Event: 0.867 Thread 0x0000017d06f5aff0 Exception <a 'java/lang/NoSuchMethodError'{0x0000000089ae7bc0}: 'java.lang.Object java.lang.invoke.DirectMethodHandle$Holder.invokeStaticInit(java.lang.Object, int)'> (0x0000000089ae7bc0) 
thrown [s\src\hotspot\share\interpreter\linkResolver.cpp, line 774]
Event: 1.593 Thread 0x0000017d06f9acd0 Exception <a 'java/lang/NoSuchMethodError'{0x0000000088d4c3e8}: 'long java.lang.invoke.DirectMethodHandle$Holder.invokeStatic(java.lang.Object, java.lang.Object, java.lang.Object)'> (0x0000000088d4c3e8) 
thrown [s\src\hotspot\share\interpreter\linkResolver.cpp, line 774]
Event: 1.593 Thread 0x0000017d06f9acd0 Exception <a 'java/lang/NoSuchMethodError'{0x0000000088d4fa60}: 'long java.lang.invoke.DirectMethodHandle$Holder.invokeStaticInit(java.lang.Object, java.lang.Object, java.lang.Object)'> (0x0000000088d4fa60) 
thrown [s\src\hotspot\share\interpreter\linkResolver.cpp, line 774]
Event: 1.595 Thread 0x0000017d06f9acd0 Exception <a 'java/lang/NoSuchMethodError'{0x0000000088d68210}: 'java.lang.Object java.lang.invoke.DirectMethodHandle$Holder.newInvokeSpecial(java.lang.Object, java.lang.Object, long)'> (0x0000000088d68210) 
thrown [s\src\hotspot\share\interpreter\linkResolver.cpp, line 774]
Event: 1.595 Thread 0x0000017d06f9acd0 Exception <a 'java/lang/NoSuchMethodError'{0x0000000088d6bd98}: 'java.lang.Object java.lang.invoke.Invokers$Holder.linkToTargetMethod(java.lang.Object, long, java.lang.Object)'> (0x0000000088d6bd98) 
thrown [s\src\hotspot\share\interpreter\linkResolver.cpp, line 774]

VM Operations (18 events):
Event: 0.223 Executing VM operation: HandshakeAllThreads
Event: 0.223 Executing VM operation: HandshakeAllThreads done
Event: 0.437 Executing VM operation: HandshakeAllThreads
Event: 0.437 Executing VM operation: HandshakeAllThreads done
Event: 0.519 Executing VM operation: HandshakeAllThreads
Event: 0.519 Executing VM operation: HandshakeAllThreads done
Event: 0.592 Executing VM operation: HandshakeAllThreads
Event: 0.592 Executing VM operation: HandshakeAllThreads done
Event: 0.600 Executing VM operation: HandshakeAllThreads
Event: 0.600 Executing VM operation: HandshakeAllThreads done
Event: 0.656 Executing VM operation: ICBufferFull
Event: 0.656 Executing VM operation: ICBufferFull done
Event: 0.803 Executing VM operation: ICBufferFull
Event: 0.803 Executing VM operation: ICBufferFull done
Event: 1.088 Executing VM operation: ICBufferFull
Event: 1.088 Executing VM operation: ICBufferFull done
Event: 2.088 Executing VM operation: Cleanup
Event: 2.089 Executing VM operation: Cleanup done

Events (20 events):
Event: 0.028 Thread 0x0000017d028216b0 Thread added: 0x0000017d028216b0
Event: 0.028 Thread 0x0000017d02822180 Thread added: 0x0000017d02822180
Event: 0.028 Thread 0x0000017d02836d00 Thread added: 0x0000017d02836d00
Event: 0.028 Thread 0x0000017d02839e30 Thread added: 0x0000017d02839e30
Event: 0.028 Thread 0x0000017d0283cbb0 Thread added: 0x0000017d0283cbb0
Event: 0.046 Thread 0x0000017d06d0c070 Thread added: 0x0000017d06d0c070
Event: 0.049 Thread 0x0000017d06d14810 Thread added: 0x0000017d06d14810
Event: 0.164 Thread 0x0000017d06f5aff0 Thread added: 0x0000017d06f5aff0
Event: 0.227 Thread 0x0000017d06fa3690 Thread added: 0x0000017d06fa3690
Event: 0.230 Thread 0x0000017d06f9acd0 Thread added: 0x0000017d06f9acd0
Event: 0.384 Thread 0x0000017d076ffd00 Thread added: 0x0000017d076ffd00
Event: 0.393 Thread 0x0000017d07700250 Thread added: 0x0000017d07700250
Event: 0.471 Thread 0x0000017d07ad0470 Thread added: 0x0000017d07ad0470
Event: 0.530 Thread 0x0000017d077007a0 Thread added: 0x0000017d077007a0
Event: 0.697 Thread 0x0000017d076ff7b0 Thread added: 0x0000017d076ff7b0
Event: 0.876 Thread 0x0000017d076ff260 Thread added: 0x0000017d076ff260
Event: 1.678 Thread 0x0000017d077007a0 Thread exited: 0x0000017d077007a0
Event: 1.912 Thread 0x0000017d07ad0470 Thread exited: 0x0000017d07ad0470
Event: 2.167 Thread 0x0000017d0f9e8080 Thread added: 0x0000017d0f9e8080
Event: 2.210 Thread 0x0000017d07ad0470 Thread added: 0x0000017d07ad0470


Dynamic libraries:
0x00007ff64c070000 - 0x00007ff64c07e000 	C:\Program Files\Zulu\zulu-19\bin\java.exe
0x00007ffde4b30000 - 0x00007ffde4d44000 	C:\WINDOWS\SYSTEM32\ntdll.dll
0x00007ffde48b0000 - 0x00007ffde4973000 	C:\WINDOWS\System32\KERNEL32.DLL
0x00007ffde20b0000 - 0x00007ffde244c000 	C:\WINDOWS\System32\KERNELBASE.dll
0x00007ffde24c0000 - 0x00007ffde25d1000 	C:\WINDOWS\System32\ucrtbase.dll
0x00007ffdde630000 - 0x00007ffdde647000 	C:\Program Files\Zulu\zulu-19\bin\jli.dll
0x00007ffdde650000 - 0x00007ffdde66b000 	C:\Program Files\Zulu\zulu-19\bin\VCRUNTIME140.dll
0x00007ffde3c90000 - 0x00007ffde3e3d000 	C:\WINDOWS\System32\USER32.dll
0x00007ffde2680000 - 0x00007ffde26a6000 	C:\WINDOWS\System32\win32u.dll
0x00007ffdcd690000 - 0x00007ffdcd91e000 	C:\WINDOWS\WinSxS\amd64_microsoft.windows.common-controls_6595b64144ccf1df_6.0.22621.608_none_a9444ca7c10bb01d\COMCTL32.dll
0x00007ffde2e30000 - 0x00007ffde2e59000 	C:\WINDOWS\System32\GDI32.dll
0x00007ffde4a40000 - 0x00007ffde4ae7000 	C:\WINDOWS\System32\msvcrt.dll
0x00007ffde2820000 - 0x00007ffde2933000 	C:\WINDOWS\System32\gdi32full.dll
0x00007ffde25e0000 - 0x00007ffde267a000 	C:\WINDOWS\System32\msvcp_win.dll
0x00007ffde3bf0000 - 0x00007ffde3c21000 	C:\WINDOWS\System32\IMM32.DLL
0x00007ffdde620000 - 0x00007ffdde62c000 	C:\Program Files\Zulu\zulu-19\bin\vcruntime140_1.dll
0x00007ffdde590000 - 0x00007ffdde61d000 	C:\Program Files\Zulu\zulu-19\bin\msvcp140.dll
0x00007ffd8fd20000 - 0x00007ffd90a27000 	C:\Program Files\Zulu\zulu-19\bin\server\jvm.dll
0x00007ffde2e90000 - 0x00007ffde2f3e000 	C:\WINDOWS\System32\ADVAPI32.dll
0x00007ffde2940000 - 0x00007ffde29e4000 	C:\WINDOWS\System32\sechost.dll
0x00007ffde2f60000 - 0x00007ffde3075000 	C:\WINDOWS\System32\RPCRT4.dll
0x00007ffdda430000 - 0x00007ffdda43a000 	C:\WINDOWS\SYSTEM32\VERSION.dll
0x00007ffddc170000 - 0x00007ffddc179000 	C:\WINDOWS\SYSTEM32\WSOCK32.dll
0x00007ffddaab0000 - 0x00007ffddaae4000 	C:\WINDOWS\SYSTEM32\WINMM.dll
0x00007ffde29f0000 - 0x00007ffde2a61000 	C:\WINDOWS\System32\WS2_32.dll
0x00007ffde10b0000 - 0x00007ffde10c8000 	C:\WINDOWS\SYSTEM32\kernel.appcore.dll
0x00007ffdde580000 - 0x00007ffdde58a000 	C:\Program Files\Zulu\zulu-19\bin\jimage.dll
0x00007ffddf750000 - 0x00007ffddf97e000 	C:\WINDOWS\SYSTEM32\DBGHELP.DLL
0x00007ffde3f40000 - 0x00007ffde42c9000 	C:\WINDOWS\System32\combase.dll
0x00007ffde3080000 - 0x00007ffde3157000 	C:\WINDOWS\System32\OLEAUT32.dll
0x00007ffdc6fc0000 - 0x00007ffdc6ff2000 	C:\WINDOWS\SYSTEM32\dbgcore.DLL
0x00007ffde2030000 - 0x00007ffde20ab000 	C:\WINDOWS\System32\bcryptPrimitives.dll
0x00007ffdd8100000 - 0x00007ffdd8126000 	C:\Program Files\Zulu\zulu-19\bin\java.dll
0x00007ffdd7f30000 - 0x00007ffdd8007000 	C:\Program Files\Zulu\zulu-19\bin\jsvml.dll
0x00007ffde3380000 - 0x00007ffde3b70000 	C:\WINDOWS\System32\SHELL32.dll
0x00007ffddff90000 - 0x00007ffde085e000 	C:\WINDOWS\SYSTEM32\windows.storage.dll
0x00007ffddfce0000 - 0x00007ffddfe1e000 	C:\WINDOWS\SYSTEM32\wintypes.dll
0x00007ffde2d30000 - 0x00007ffde2e21000 	C:\WINDOWS\System32\SHCORE.dll
0x00007ffde3c30000 - 0x00007ffde3c8e000 	C:\WINDOWS\System32\shlwapi.dll
0x00007ffde1ea0000 - 0x00007ffde1ec1000 	C:\WINDOWS\SYSTEM32\profapi.dll
0x0000017d029b0000 - 0x0000017d029b4000 	C:\Program Files\Zulu\zulu-19\bin\api-ms-win-core-console-l1-1-0.dll
0x0000017d029c0000 - 0x0000017d029c4000 	C:\Program Files\Zulu\zulu-19\bin\api-ms-win-core-console-l1-2-0.dll
0x0000017d029d0000 - 0x0000017d029d4000 	C:\Program Files\Zulu\zulu-19\bin\api-ms-win-core-datetime-l1-1-0.dll
0x0000017d029e0000 - 0x0000017d029e4000 	C:\Program Files\Zulu\zulu-19\bin\api-ms-win-core-debug-l1-1-0.dll
0x0000017d029f0000 - 0x0000017d029f4000 	C:\Program Files\Zulu\zulu-19\bin\api-ms-win-core-errorhandling-l1-1-0.dll
0x0000017d02a00000 - 0x0000017d02a05000 	C:\Program Files\Zulu\zulu-19\bin\api-ms-win-core-file-l1-1-0.dll
0x0000017d02a10000 - 0x0000017d02a14000 	C:\Program Files\Zulu\zulu-19\bin\api-ms-win-core-file-l1-2-0.dll
0x0000017d02a20000 - 0x0000017d02a24000 	C:\Program Files\Zulu\zulu-19\bin\api-ms-win-core-file-l2-1-0.dll
0x0000017d02a30000 - 0x0000017d02a34000 	C:\Program Files\Zulu\zulu-19\bin\api-ms-win-core-handle-l1-1-0.dll
0x0000017d02a40000 - 0x0000017d02a44000 	C:\Program Files\Zulu\zulu-19\bin\api-ms-win-core-heap-l1-1-0.dll
0x0000017d02a50000 - 0x0000017d02a54000 	C:\Program Files\Zulu\zulu-19\bin\api-ms-win-core-interlocked-l1-1-0.dll
0x0000017d02a60000 - 0x0000017d02a64000 	C:\Program Files\Zulu\zulu-19\bin\api-ms-win-core-libraryloader-l1-1-0.dll
0x0000017d02a70000 - 0x0000017d02a74000 	C:\Program Files\Zulu\zulu-19\bin\api-ms-win-core-localization-l1-2-0.dll
0x0000017d02a80000 - 0x0000017d02a84000 	C:\Program Files\Zulu\zulu-19\bin\api-ms-win-core-memory-l1-1-0.dll
0x0000017d02a90000 - 0x0000017d02a94000 	C:\Program Files\Zulu\zulu-19\bin\api-ms-win-core-namedpipe-l1-1-0.dll
0x0000017d02aa0000 - 0x0000017d02aa4000 	C:\Program Files\Zulu\zulu-19\bin\api-ms-win-core-processenvironment-l1-1-0.dll
0x0000017d02ab0000 - 0x0000017d02ab4000 	C:\Program Files\Zulu\zulu-19\bin\api-ms-win-core-processthreads-l1-1-0.dll
0x0000017d02ac0000 - 0x0000017d02ac4000 	C:\Program Files\Zulu\zulu-19\bin\api-ms-win-core-processthreads-l1-1-1.dll
0x0000017d02ad0000 - 0x0000017d02ad4000 	C:\Program Files\Zulu\zulu-19\bin\api-ms-win-core-profile-l1-1-0.dll
0x0000017d02ae0000 - 0x0000017d02ae4000 	C:\Program Files\Zulu\zulu-19\bin\api-ms-win-core-rtlsupport-l1-1-0.dll
0x0000017d02af0000 - 0x0000017d02af4000 	C:\Program Files\Zulu\zulu-19\bin\api-ms-win-core-string-l1-1-0.dll
0x0000017d02b00000 - 0x0000017d02b04000 	C:\Program Files\Zulu\zulu-19\bin\api-ms-win-core-synch-l1-1-0.dll
0x0000017d02b10000 - 0x0000017d02b14000 	C:\Program Files\Zulu\zulu-19\bin\api-ms-win-core-synch-l1-2-0.dll
0x0000017d02b20000 - 0x0000017d02b24000 	C:\Program Files\Zulu\zulu-19\bin\api-ms-win-core-sysinfo-l1-1-0.dll
0x0000017d02b30000 - 0x0000017d02b34000 	C:\Program Files\Zulu\zulu-19\bin\api-ms-win-core-timezone-l1-1-0.dll
0x0000017d02b40000 - 0x0000017d02b44000 	C:\Program Files\Zulu\zulu-19\bin\api-ms-win-core-util-l1-1-0.dll
0x0000017d02b50000 - 0x0000017d02b54000 	C:\Program Files\Zulu\zulu-19\bin\api-ms-win-crt-conio-l1-1-0.dll
0x0000017d02b60000 - 0x0000017d02b65000 	C:\Program Files\Zulu\zulu-19\bin\api-ms-win-crt-convert-l1-1-0.dll
0x0000017d02b70000 - 0x0000017d02b74000 	C:\Program Files\Zulu\zulu-19\bin\api-ms-win-crt-environment-l1-1-0.dll
0x0000017d02b80000 - 0x0000017d02b84000 	C:\Program Files\Zulu\zulu-19\bin\api-ms-win-crt-filesystem-l1-1-0.dll
0x0000017d02b90000 - 0x0000017d02b94000 	C:\Program Files\Zulu\zulu-19\bin\api-ms-win-crt-heap-l1-1-0.dll
0x0000017d02ba0000 - 0x0000017d02ba4000 	C:\Program Files\Zulu\zulu-19\bin\api-ms-win-crt-locale-l1-1-0.dll
0x0000017d02bb0000 - 0x0000017d02bb6000 	C:\Program Files\Zulu\zulu-19\bin\api-ms-win-crt-math-l1-1-0.dll
0x0000017d02bc0000 - 0x0000017d02bc6000 	C:\Program Files\Zulu\zulu-19\bin\api-ms-win-crt-multibyte-l1-1-0.dll
0x0000017d02bd0000 - 0x0000017d02be1000 	C:\Program Files\Zulu\zulu-19\bin\api-ms-win-crt-private-l1-1-0.dll
0x0000017d02bf0000 - 0x0000017d02bf4000 	C:\Program Files\Zulu\zulu-19\bin\api-ms-win-crt-process-l1-1-0.dll
0x0000017d07000000 - 0x0000017d07005000 	C:\Program Files\Zulu\zulu-19\bin\api-ms-win-crt-runtime-l1-1-0.dll
0x0000017d07010000 - 0x0000017d07015000 	C:\Program Files\Zulu\zulu-19\bin\api-ms-win-crt-stdio-l1-1-0.dll
0x0000017d07020000 - 0x0000017d07025000 	C:\Program Files\Zulu\zulu-19\bin\api-ms-win-crt-string-l1-1-0.dll
0x0000017d07030000 - 0x0000017d07034000 	C:\Program Files\Zulu\zulu-19\bin\api-ms-win-crt-time-l1-1-0.dll
0x0000017d07040000 - 0x0000017d07044000 	C:\Program Files\Zulu\zulu-19\bin\api-ms-win-crt-utility-l1-1-0.dll
0x00007ffda6660000 - 0x00007ffda6770000 	C:\Program Files\Zulu\zulu-19\bin\ucrtbase.dll
0x00007ffdde570000 - 0x00007ffdde579000 	C:\Program Files\Zulu\zulu-19\bin\msvcp140_1.dll
0x00007ffdd7f00000 - 0x00007ffdd7f2f000 	C:\Program Files\Zulu\zulu-19\bin\msvcp140_2.dll
0x00007ffdcc860000 - 0x00007ffdcc88c000 	C:\Program Files\Zulu\zulu-19\bin\prism_d3d.dll
0x00007ffdd6bd0000 - 0x00007ffdd6d79000 	C:\WINDOWS\system32\d3d9.dll
0x00007ffddf370000 - 0x00007ffddf39b000 	C:\WINDOWS\SYSTEM32\dwmapi.dll
0x00007ffddf3e0000 - 0x00007ffddf416000 	C:\WINDOWS\SYSTEM32\dxcore.dll
0x00007ffddf0e0000 - 0x00007ffddf18b000 	C:\WINDOWS\system32\uxtheme.dll
0x00007ffdd90b0000 - 0x00007ffdd90f9000 	C:\WINDOWS\SYSTEM32\directxdatabasehelper.dll
0x00007ffde1c10000 - 0x00007ffde1c22000 	C:\WINDOWS\SYSTEM32\msasn1.dll
0x00007ffdda3f0000 - 0x00007ffdda422000 	C:\WINDOWS\SYSTEM32\cryptnet.dll
0x00007ffde26b0000 - 0x00007ffde2816000 	C:\WINDOWS\System32\CRYPT32.dll
0x00007ffde17a0000 - 0x00007ffde17ac000 	C:\WINDOWS\SYSTEM32\cryptbase.dll
0x00007ffde2450000 - 0x00007ffde24bb000 	C:\WINDOWS\System32\WINTRUST.DLL
0x00007ffde4a10000 - 0x00007ffde4a2f000 	C:\WINDOWS\System32\imagehlp.dll
0x00007ffde1780000 - 0x00007ffde179b000 	C:\WINDOWS\SYSTEM32\CRYPTSP.dll
0x00007ffde1020000 - 0x00007ffde1055000 	C:\WINDOWS\system32\rsaenh.dll
0x00007ffde1920000 - 0x00007ffde1948000 	C:\WINDOWS\SYSTEM32\bcrypt.dll
0x00007ffda65b0000 - 0x00007ffda65f2000 	C:\Program Files\Zulu\zulu-19\bin\glass.dll
0x00007ffde3e40000 - 0x00007ffde3f37000 	C:\WINDOWS\System32\COMDLG32.dll
0x00007ffde2a70000 - 0x00007ffde2c0c000 	C:\WINDOWS\System32\ole32.dll
0x00007ffde2c10000 - 0x00007ffde2d2e000 	C:\WINDOWS\System32\MSCTF.dll
0x00007ffda37c0000 - 0x00007ffda38d7000 	C:\WINDOWS\System32\DriverStore\FileRepository\nvlt.inf_amd64_7947c31fc944635c\nvldumdx.dll
0x00007ffdda270000 - 0x00007ffdda3c8000 	C:\WINDOWS\SYSTEM32\drvstore.dll
0x00007ffde1c30000 - 0x00007ffde1c5c000 	C:\WINDOWS\SYSTEM32\devobj.dll
0x00007ffde1c60000 - 0x00007ffde1cae000 	C:\WINDOWS\SYSTEM32\cfgmgr32.dll
0x00007ffde1830000 - 0x00007ffde1878000 	C:\WINDOWS\SYSTEM32\wldp.dll
0x00007ffd77fe0000 - 0x00007ffd797ea000 	C:\WINDOWS\System32\DriverStore\FileRepository\nvlt.inf_amd64_7947c31fc944635c\nvd3dumx.dll
0x00007ffda6280000 - 0x00007ffda6537000 	C:\WINDOWS\system32\nvspcap64.dll
0x00007ffde10d0000 - 0x00007ffde1104000 	C:\WINDOWS\SYSTEM32\ntmarta.dll
0x00007ffde15b0000 - 0x00007ffde15d6000 	C:\WINDOWS\SYSTEM32\gpapi.dll
0x00007ffdb2410000 - 0x00007ffdb2575000 	C:\WINDOWS\System32\DriverStore\FileRepository\iigd_dch.inf_amd64_a953cebc2f0daf9c\igdumdim64.dll
0x00007ffd57d80000 - 0x00007ffd5ba0b000 	C:\WINDOWS\System32\DriverStore\FileRepository\iigd_dch.inf_amd64_a953cebc2f0daf9c\igd9dxva64.dll
0x00007ffde4330000 - 0x00007ffde47a4000 	C:\WINDOWS\System32\SETUPAPI.dll
0x00007ffdd4380000 - 0x00007ffdd46b6000 	C:\WINDOWS\System32\DriverStore\FileRepository\iigd_dch.inf_amd64_a953cebc2f0daf9c\igdgmm64.dll
0x00007ffda97d0000 - 0x00007ffda97f7000 	C:\WINDOWS\System32\DriverStore\FileRepository\iigd_dch.inf_amd64_a953cebc2f0daf9c\igdinfo64.dll
0x00007ffdd15f0000 - 0x00007ffdd437f000 	C:\WINDOWS\System32\DriverStore\FileRepository\iigd_dch.inf_amd64_a953cebc2f0daf9c\igc64.dll
0x00007ffdddec0000 - 0x00007ffddded4000 	C:\Program Files\Zulu\zulu-19\bin\javafx_font.dll
0x00007ffddd1d0000 - 0x00007ffddd437000 	C:\WINDOWS\SYSTEM32\dwrite.dll
0x00007ffddb830000 - 0x00007ffddb848000 	C:\Program Files\Zulu\zulu-19\bin\zip.dll
0x00007ffde47b0000 - 0x00007ffde4860000 	C:\WINDOWS\System32\clbcatq.dll
0x00007ffddcbb0000 - 0x00007ffddcd60000 	C:\WINDOWS\SYSTEM32\WindowsCodecs.dll
0x00007ffdaa5a0000 - 0x00007ffdaa5fe000 	C:\WINDOWS\system32\dataexchange.dll
0x00007ffdd63d0000 - 0x00007ffdd663a000 	C:\WINDOWS\system32\twinapi.appcore.dll
0x00007ffdc7c10000 - 0x00007ffdc7c42000 	C:\Program Files\Common Files\Microsoft Shared\Ink\rtscom.dll
0x00007ffdcef10000 - 0x00007ffdcf03e000 	C:\WINDOWS\SYSTEM32\textinputframework.dll
0x00007ffdde420000 - 0x00007ffdde553000 	C:\WINDOWS\SYSTEM32\CoreMessaging.dll

dbghelp: loaded successfully - version: 4.0.5 - missing functions: none
symbol engine: initialized successfully - sym options: 0x614 - pdb path: .;C:\Program Files\Zulu\zulu-19\bin;C:\WINDOWS\SYSTEM32;C:\WINDOWS\WinSxS\amd64_microsoft.windows.common-controls_6595b64144ccf1df_6.0.22621.608_none_a9444ca7c10bb01d;C:\Program Files\Zulu\zulu-19\bin\server;C:\WINDOWS\System32\DriverStore\FileRepository\nvlt.inf_amd64_7947c31fc944635c;C:\WINDOWS\System32\DriverStore\FileRepository\iigd_dch.inf_amd64_a953cebc2f0daf9c;C:\Program Files\Common Files\Microsoft Shared\Ink

VM Arguments:
jvm_args: -Dfile.encoding=UTF-8 
java_command: BuscaminasFX
java_class_path (initial): C:\Users\ulise\Desktop\TEC\Algoritmos y estructura de datos I\BuscaMinas\ventana busca minas\build\classes
Launcher Type: SUN_STANDARD

[Global flags]
     intx CICompilerCount                          = 4                                         {product} {ergonomic}
     uint ConcGCThreads                            = 3                                         {product} {ergonomic}
     uint G1ConcRefinementThreads                  = 10                                        {product} {ergonomic}
   size_t G1HeapRegionSize                         = 1048576                                   {product} {ergonomic}
    uintx GCDrainStackTargetSize                   = 64                                        {product} {ergonomic}
   size_t InitialHeapSize                          = 132120576                                 {product} {ergonomic}
   size_t MarkStackSize                            = 4194304                                   {product} {ergonomic}
   size_t MaxHeapSize                              = 2113929216                                {product} {ergonomic}
   size_t MaxNewSize                               = 1267728384                                {product} {ergonomic}
   size_t MinHeapDeltaBytes                        = 1048576                                   {product} {ergonomic}
   size_t MinHeapSize                              = 8388608                                   {product} {ergonomic}
    uintx NonNMethodCodeHeapSize                   = 5839372                                {pd product} {ergonomic}
    uintx NonProfiledCodeHeapSize                  = 122909434                              {pd product} {ergonomic}
    uintx ProfiledCodeHeapSize                     = 122909434                              {pd product} {ergonomic}
    uintx ReservedCodeCacheSize                    = 251658240                              {pd product} {ergonomic}
     bool SegmentedCodeCache                       = true                                      {product} {ergonomic}
   size_t SoftMaxHeapSize                          = 2113929216                             {manageable} {ergonomic}
     bool UseCompressedClassPointers               = true                           {product lp64_product} {ergonomic}
     bool UseCompressedOops                        = true                           {product lp64_product} {ergonomic}
     bool UseG1GC                                  = true                                      {product} {ergonomic}
     bool UseLargePagesIndividualAllocation        = false                                  {pd product} {ergonomic}

Logging:
Log output configuration:
 #0: stdout all=warning uptime,level,tags foldmultilines=false
 #1: stderr all=off uptime,level,tags foldmultilines=false

Environment Variables:
PATH=C:\Program Files\Zulu\zulu-19\bin\;C:\Program Files\Common Files\Oracle\Java\javapath;C:\Program Files (x86)\Common Files\Oracle\Java\javapath;C:\Windows\system32;C:\Windows;C:\Windows\System32\Wbem;C:\Windows\System32\WindowsPowerShell\v1.0\;C:\Windows\System32\OpenSSH\;C:\Program Files (x86)\NVIDIA Corporation\PhysX\Common;C:\Program Files\NVIDIA Corporation\NVIDIA NvDLISR;C:\WINDOWS\system32;C:\WINDOWS;C:\WINDOWS\System32\Wbem;C:\WINDOWS\System32\WindowsPowerShell\v1.0\;C:\WINDOWS\System32\OpenSSH\;C:\Program Files\nodejs\;C:\Program Files\Git\cmd;C:\Users\ulise\AppData\Local\Microsoft\WindowsApps;C:\Users\ulise\AppData\Local\Programs\Microsoft VS Code\bin;C:\Users\ulise\AppData\Roaming\npm;C:\Users\ulise\AppData\Local\GitHubDesktop\bin
USERNAME=ulise
OS=Windows_NT
PROCESSOR_IDENTIFIER=Intel64 Family 6 Model 165 Stepping 2, GenuineIntel
TMP=C:\Users\ulise\AppData\Local\Temp
TEMP=C:\Users\ulise\AppData\Local\Temp



---------------  S Y S T E M  ---------------

OS:
 Windows 11 , 64 bit Build 22621 (10.0.22621.1344)
OS uptime: 1 days 4:47 hours

CPU: total 12 (initial active 12) (6 cores per cpu, 2 threads per core) family 6 model 165 stepping 2 microcode 0xe2, cx8, cmov, fxsr, ht, mmx, 3dnowpref, sse, sse2, sse3, ssse3, sse4.1, sse4.2, popcnt, lzcnt, tsc, tscinvbit, avx, avx2, aes, erms, clmul, bmi1, bmi2, adx, fma, vzeroupper, clflush, clflushopt, rdtscp

Memory: 4k page, system-wide physical 8059M (1022M free)
TotalPageFile size 12155M (AvailPageFile size 7M)
current process WorkingSet (physical memory assigned to process): 148M, peak: 150M
current process commit charge ("private bytes"): 318M, peak: 320M

vm_info: OpenJDK 64-Bit Server VM (19.0.2+7) for windows-amd64 JRE (19.0.2+7) (Zulu19.32+15-CA), built on Dec 28 2022 19:25:40 by "zulu_re" with MS VC++ 16.10 / 16.11 (VS2019)

END.
