#
# There is insufficient memory for the Java Runtime Environment to continue.
# Native memory allocation (malloc) failed to allocate 2147536 bytes for Chunk::new
# Possible reasons:
#   The system is out of physical RAM or swap space
#   The process is running with CompressedOops enabled, and the Java Heap may be blocking the growth of the native heap
# Possible solutions:
#   Reduce memory load on the system
#   Increase physical memory or swap space
#   Check if swap backing store is full
#   Decrease Java heap size (-Xmx/-Xms)
#   Decrease number of Java threads
#   Decrease Java thread stack sizes (-Xss)
#   Set larger code cache with -XX:ReservedCodeCacheSize=
#   JVM is running with Unscaled Compressed Oops mode in which the Java heap is
#     placed in the first 4GB address space. The Java Heap base address is the
#     maximum limit for the native heap growth. Please use -XX:HeapBaseMinAddress
#     to set the Java Heap base and to place the Java Heap above 4GB virtual address.
# This output file may be truncated or incomplete.
#
#  Out of Memory Error (arena.cpp:184), pid=4656, tid=23020
#
# JRE version: OpenJDK Runtime Environment Zulu19.32+15-CA (19.0.2+7) (build 19.0.2+7)
# Java VM: OpenJDK 64-Bit Server VM Zulu19.32+15-CA (19.0.2+7, mixed mode, sharing, tiered, compressed oops, compressed class ptrs, g1 gc, windows-amd64)
# No core dump will be written. Minidumps are not enabled by default on client versions of Windows
#

---------------  S U M M A R Y ------------

Command Line: -Dapplication.home=C:\Program Files\Zulu\zulu-19 --add-modules=ALL-DEFAULT -Xms8m -Djdk.module.main=jdk.compiler jdk.compiler/com.sun.tools.javac.Main -d C:\Users\ulise\Desktop\TEC\Algoritmos y estructura de datos I\BuscaMinas\ventana busca minas\build\classes -classpath C:\Users\ulise\Desktop\TEC\Algoritmos y estructura de datos I\BuscaMinas\ventana busca minas\build\classes;C:\Users\ulise\Desktop\TEC\Algoritmos y estructura de datos I\BuscaMinas\ventana busca minas\lib\rxtx-2.1-7r2;C:\Users\ulise\Downloads\RXTXcomm.jar;C:\Users\ulise\Downloads\jSerialComm-2.9.3.zip;C:\Users\ulise\Downloads\jSerialComm-2.9.3.jar -sourcepath C:\Users\ulise\Desktop\TEC\Algoritmos y estructura de datos I\BuscaMinas\ventana busca minas\src -target 19 -encoding UTF-8 -g -processorpath C:\Users\ulise\Desktop\TEC\Algoritmos y estructura de datos I\BuscaMinas\ventana busca minas\lib\rxtx-2.1-7r2;C:\Users\ulise\Downloads\RXTXcomm.jar;C:\Users\ulise\Downloads\jSerialComm-2.9.3.zip;C:\Users\ulise\Downloads\jSerialComm-2.9.3.jar;C:\Users\ulise\Desktop\TEC\Algoritmos y estructura de datos I\BuscaMinas\jar_files\firmata4j-2.3.5.jar;C:\Users\ulise\Desktop\TEC\Algoritmos y estructura de datos I\BuscaMinas\jar_files\jssc-2.8.0.jar;C:\Users\ulise\Desktop\TEC\Algoritmos y estructura de datos I\BuscaMinas\jar_files\jssc-2.9.4.jar;C:\Users\ulise\Desktop\TEC\Algoritmos y estructura de datos I\BuscaMinas\jar_files\slf4j-api-1.7.25.jar;C:\Users\ulise\Desktop\TEC\Algoritmos y estructura de datos I\BuscaMinas\jar_files\slf4j-api-1.7.3.jar;C:\Users\ulise\Desktop\TEC\Algoritmos y estructura de datos I\BuscaMinas\jar_files\slf4j-simple-1.6.1.jar;C:\Users\ulise\Desktop\TEC\Algoritmos y estructura de datos I\BuscaMinas\ventana busca minas\build\empty -s C:\Users\ulise\Desktop\TEC\Algoritmos y estructura de datos I\BuscaMinas\ventana busca minas\build\generated-sources\ap-source-output -source 19 C:\Users\ulise\Desktop\TEC\Algoritmos y estructura de datos I\BuscaMinas\ventana busca minas\src\GameMenuDemo.java

Host: Intel(R) Core(TM) i7-10750H CPU @ 2.60GHz, 12 cores, 7G,  Windows 11 , 64 bit Build 22621 (10.0.22621.1485)
Time: Sat Apr  8 21:33:06 2023 Hora estándar, América Central elapsed time: 0.657461 seconds (0d 0h 0m 0s)

---------------  T H R E A D  ---------------

Current thread (0x00000200d2bc99b0):  JavaThread "C2 CompilerThread0" daemon [_thread_in_native, id=23020, stack(0x000000522e400000,0x000000522e500000)]


Current CompileTask:
C2:    657 1357   !   4       com.sun.tools.javac.jvm.ClassReader::classSigToType (497 bytes)

Stack: [0x000000522e400000,0x000000522e500000]
Native frames: (J=compiled Java code, j=interpreted, Vv=VM code, C=native code)
V  [jvm.dll+0x6eab2a]
V  [jvm.dll+0x8a4a20]
V  [jvm.dll+0x8a640e]
V  [jvm.dll+0x8a6ac3]
V  [jvm.dll+0x27c1ef]
V  [jvm.dll+0xc245f]
V  [jvm.dll+0xc27d5]
V  [jvm.dll+0x3b8071]
V  [jvm.dll+0x381701]
V  [jvm.dll+0x380b8a]
V  [jvm.dll+0x2458db]
V  [jvm.dll+0x244c71]
V  [jvm.dll+0x1cf9a1]
V  [jvm.dll+0x254799]
V  [jvm.dll+0x2529a8]
V  [jvm.dll+0x854e98]
V  [jvm.dll+0x84ec7a]
V  [jvm.dll+0x6e981b]
C  [ucrtbase.dll+0x29363]
C  [KERNEL32.DLL+0x1269d]
C  [ntdll.dll+0x5a9f8]


---------------  P R O C E S S  ---------------

Threads class SMR info:
_java_thread_list=0x00000200d76b20c0, length=14, elements={
0x00000200b2c9ce90, 0x00000200d2bb80f0, 0x00000200d2bbac30, 0x00000200d2bbd9f0,
0x00000200d2bc0330, 0x00000200d2bc0c60, 0x00000200d2bc1590, 0x00000200d2bc99b0,
0x00000200d2bd2730, 0x00000200d2bd40b0, 0x00000200d2b8c950, 0x00000200d70b74d0,
0x00000200d7135ee0, 0x00000200d76b2300
}

Java Threads: ( => current thread )
  0x00000200b2c9ce90 JavaThread "main" [_thread_in_Java, id=24304, stack(0x000000522d700000,0x000000522d800000)]
  0x00000200d2bb80f0 JavaThread "Reference Handler" daemon [_thread_blocked, id=6508, stack(0x000000522de00000,0x000000522df00000)]
  0x00000200d2bbac30 JavaThread "Finalizer" daemon [_thread_blocked, id=17712, stack(0x000000522df00000,0x000000522e000000)]
  0x00000200d2bbd9f0 JavaThread "Signal Dispatcher" daemon [_thread_blocked, id=10236, stack(0x000000522e000000,0x000000522e100000)]
  0x00000200d2bc0330 JavaThread "Attach Listener" daemon [_thread_blocked, id=10756, stack(0x000000522e100000,0x000000522e200000)]
  0x00000200d2bc0c60 JavaThread "Service Thread" daemon [_thread_blocked, id=23224, stack(0x000000522e200000,0x000000522e300000)]
  0x00000200d2bc1590 JavaThread "Monitor Deflation Thread" daemon [_thread_blocked, id=3144, stack(0x000000522e300000,0x000000522e400000)]
=>0x00000200d2bc99b0 JavaThread "C2 CompilerThread0" daemon [_thread_in_native, id=23020, stack(0x000000522e400000,0x000000522e500000)]
  0x00000200d2bd2730 JavaThread "C1 CompilerThread0" daemon [_thread_blocked, id=10008, stack(0x000000522e500000,0x000000522e600000)]
  0x00000200d2bd40b0 JavaThread "Sweeper thread" daemon [_thread_blocked, id=13384, stack(0x000000522e600000,0x000000522e700000)]
  0x00000200d2b8c950 JavaThread "Common-Cleaner" daemon [_thread_blocked, id=18552, stack(0x000000522e700000,0x000000522e800000)]
  0x00000200d70b74d0 JavaThread "C2 CompilerThread1" daemon [_thread_in_native, id=18116, stack(0x000000522e800000,0x000000522e900000)]
  0x00000200d7135ee0 JavaThread "Notification Thread" daemon [_thread_blocked, id=14740, stack(0x000000522e900000,0x000000522ea00000)]
  0x00000200d76b2300 JavaThread "C2 CompilerThread2" daemon [_thread_in_native, id=14260, stack(0x000000522f100000,0x000000522f200000)]

Other Threads:
  0x00000200d2b9e250 VMThread "VM Thread" [stack: 0x000000522dd00000,0x000000522de00000] [id=5296]
  0x00000200d7136420 WatcherThread "VM Periodic Task Thread" [stack: 0x000000522ea00000,0x000000522eb00000] [id=23584]
  0x00000200b2cfc220 WorkerThread "GC Thread#0" [stack: 0x000000522d800000,0x000000522d900000] [id=21456]
  0x00000200d72423a0 WorkerThread "GC Thread#1" [stack: 0x000000522eb00000,0x000000522ec00000] [id=17596]
  0x00000200d7244e80 WorkerThread "GC Thread#2" [stack: 0x000000522ec00000,0x000000522ed00000] [id=22816]
  0x00000200d7354f90 WorkerThread "GC Thread#3" [stack: 0x000000522ed00000,0x000000522ee00000] [id=22760]
  0x00000200d73bbba0 WorkerThread "GC Thread#4" [stack: 0x000000522ee00000,0x000000522ef00000] [id=23936]
  0x00000200d73bbe70 WorkerThread "GC Thread#5" [stack: 0x000000522ef00000,0x000000522f000000] [id=22852]
  0x00000200d73bc140 WorkerThread "GC Thread#6" [stack: 0x000000522f000000,0x000000522f100000] [id=17624]
  0x00000200b2d0d1c0 ConcurrentGCThread "G1 Main Marker" [stack: 0x000000522d900000,0x000000522da00000] [id=20220]
  0x00000200b2d0f240 WorkerThread "G1 Conc#0" [stack: 0x000000522da00000,0x000000522db00000] [id=19748]
  0x00000200b2d436f0 ConcurrentGCThread "G1 Refine#0" [stack: 0x000000522db00000,0x000000522dc00000] [id=13488]
  0x00000200b2d440d0 ConcurrentGCThread "G1 Service" [stack: 0x000000522dc00000,0x000000522dd00000] [id=10208]

Threads with active compile tasks:
C2 CompilerThread0      666 1357   !   4       com.sun.tools.javac.jvm.ClassReader::classSigToType (497 bytes)
C2 CompilerThread1      666 1820       4       com.sun.tools.javac.code.Symtab::enterClass (71 bytes)
C2 CompilerThread2      666 1945       4       com.sun.tools.javac.code.Scope$ScopeImpl$2::<init> (73 bytes)

VM state: not at safepoint (normal execution)

VM Mutex/Monitor currently owned by a thread: None

Heap address: 0x0000000081600000, size: 2026 MB, Compressed Oops mode: 32-bit

CDS archive(s) mapped at: [0x0000000800000000-0x0000000800c40000-0x0000000800c40000), size 12845056, SharedBaseAddress: 0x0000000800000000, ArchiveRelocationMode: 0.
Compressed class space mapped at: 0x0000000801000000-0x0000000841000000, reserved size: 1073741824
Narrow klass base: 0x0000000800000000, Narrow klass shift: 0, Narrow klass range: 0x100000000

GC Precious Log:
 CardTable entry size: 512
 Card Set container configuration: InlinePtr #cards 5 size 8 Array Of Cards #cards 12 size 40 Howl #buckets 4 coarsen threshold 1843 Howl Bitmap #cards 512 size 80 coarsen threshold 460 Card regions per heap region 1 cards per card region 2048
 CPUs: 12 total, 12 available
 Memory: 8099M
 Large Page Support: Disabled
 NUMA Support: Disabled
 Compressed Oops: Enabled (32-bit)
 Heap Region Size: 1M
 Heap Min Capacity: 8M
 Heap Initial Capacity: 8M
 Heap Max Capacity: 2026M
 Pre-touch: Disabled
 Parallel Workers: 10
 Concurrent Workers: 3
 Concurrent Refinement Workers: 10
 Periodic GC: Disabled

Heap:
 garbage-first heap   total 40960K, used 20974K [0x0000000081600000, 0x0000000100000000)
  region size 1024K, 14 young (14336K), 1 survivors (1024K)
 Metaspace       used 10625K, committed 10752K, reserved 1114112K
  class space    used 1170K, committed 1216K, reserved 1048576K

Heap Regions: E=young(eden), S=young(survivor), O=old, HS=humongous(starts), HC=humongous(continues), CS=collection set, F=free, OA=open archive, CA=closed archive, TAMS=top-at-mark-start (previous, next)
|   0|0x0000000081600000, 0x0000000081700000, 0x0000000081700000|100%| O|  |TAMS 0x0000000081600000, 0x0000000081600000| Untracked 
|   1|0x0000000081700000, 0x0000000081800000, 0x0000000081800000|100%| O|  |TAMS 0x0000000081700000, 0x0000000081700000| Untracked 
|   2|0x0000000081800000, 0x0000000081900000, 0x0000000081900000|100%| O|  |TAMS 0x0000000081800000, 0x0000000081800000| Untracked 
|   3|0x0000000081900000, 0x0000000081a00000, 0x0000000081a00000|100%| O|  |TAMS 0x0000000081900000, 0x0000000081900000| Untracked 
|   4|0x0000000081a00000, 0x0000000081b00000, 0x0000000081b00000|100%| O|  |TAMS 0x0000000081a00000, 0x0000000081a00000| Untracked 
|   5|0x0000000081b00000, 0x0000000081c00000, 0x0000000081c00000|100%| O|  |TAMS 0x0000000081b00000, 0x0000000081b00000| Untracked 
|   6|0x0000000081c00000, 0x0000000081d00000, 0x0000000081d00000|100%| O|  |TAMS 0x0000000081c00000, 0x0000000081c00000| Untracked 
|   7|0x0000000081d00000, 0x0000000081dbee00, 0x0000000081e00000| 74%| O|  |TAMS 0x0000000081d00000, 0x0000000081d00000| Untracked 
|   8|0x0000000081e00000, 0x0000000081f00000, 0x0000000081f00000|100%|HS|  |TAMS 0x0000000081e00000, 0x0000000081e00000| Complete 
|   9|0x0000000081f00000, 0x0000000081f00000, 0x0000000082000000|  0%| F|  |TAMS 0x0000000081f00000, 0x0000000081f00000| Untracked 
|  10|0x0000000082000000, 0x0000000082000000, 0x0000000082100000|  0%| F|  |TAMS 0x0000000082000000, 0x0000000082000000| Untracked 
|  11|0x0000000082100000, 0x0000000082100000, 0x0000000082200000|  0%| F|  |TAMS 0x0000000082100000, 0x0000000082100000| Untracked 
|  12|0x0000000082200000, 0x0000000082200000, 0x0000000082300000|  0%| F|  |TAMS 0x0000000082200000, 0x0000000082200000| Untracked 
|  13|0x0000000082300000, 0x00000000823bcce0, 0x0000000082400000| 73%| S|CS|TAMS 0x0000000082300000, 0x0000000082300000| Complete 
|  14|0x0000000082400000, 0x0000000082400000, 0x0000000082500000|  0%| F|  |TAMS 0x0000000082400000, 0x0000000082400000| Untracked 
|  15|0x0000000082500000, 0x0000000082500000, 0x0000000082600000|  0%| F|  |TAMS 0x0000000082500000, 0x0000000082500000| Untracked 
|  16|0x0000000082600000, 0x0000000082600000, 0x0000000082700000|  0%| F|  |TAMS 0x0000000082600000, 0x0000000082600000| Untracked 
|  17|0x0000000082700000, 0x0000000082700000, 0x0000000082800000|  0%| F|  |TAMS 0x0000000082700000, 0x0000000082700000| Untracked 
|  18|0x0000000082800000, 0x0000000082800000, 0x0000000082900000|  0%| F|  |TAMS 0x0000000082800000, 0x0000000082800000| Untracked 
|  19|0x0000000082900000, 0x0000000082900000, 0x0000000082a00000|  0%| F|  |TAMS 0x0000000082900000, 0x0000000082900000| Untracked 
|  20|0x0000000082a00000, 0x0000000082a00000, 0x0000000082b00000|  0%| F|  |TAMS 0x0000000082a00000, 0x0000000082a00000| Untracked 
|  21|0x0000000082b00000, 0x0000000082b00000, 0x0000000082c00000|  0%| F|  |TAMS 0x0000000082b00000, 0x0000000082b00000| Untracked 
|  22|0x0000000082c00000, 0x0000000082c00000, 0x0000000082d00000|  0%| F|  |TAMS 0x0000000082c00000, 0x0000000082c00000| Untracked 
|  23|0x0000000082d00000, 0x0000000082d00000, 0x0000000082e00000|  0%| F|  |TAMS 0x0000000082d00000, 0x0000000082d00000| Untracked 
|  24|0x0000000082e00000, 0x0000000082e00000, 0x0000000082f00000|  0%| F|  |TAMS 0x0000000082e00000, 0x0000000082e00000| Untracked 
|  25|0x0000000082f00000, 0x0000000082f00000, 0x0000000083000000|  0%| F|  |TAMS 0x0000000082f00000, 0x0000000082f00000| Untracked 
|  26|0x0000000083000000, 0x0000000083000000, 0x0000000083100000|  0%| F|  |TAMS 0x0000000083000000, 0x0000000083000000| Untracked 
|  27|0x0000000083100000, 0x000000008311dd30, 0x0000000083200000| 11%| E|  |TAMS 0x0000000083100000, 0x0000000083100000| Complete 
|  28|0x0000000083200000, 0x0000000083300000, 0x0000000083300000|100%| E|CS|TAMS 0x0000000083200000, 0x0000000083200000| Complete 
|  29|0x0000000083300000, 0x0000000083400000, 0x0000000083400000|100%| E|CS|TAMS 0x0000000083300000, 0x0000000083300000| Complete 
|  30|0x0000000083400000, 0x0000000083500000, 0x0000000083500000|100%| E|CS|TAMS 0x0000000083400000, 0x0000000083400000| Complete 
|  31|0x0000000083500000, 0x0000000083600000, 0x0000000083600000|100%| E|CS|TAMS 0x0000000083500000, 0x0000000083500000| Complete 
|  32|0x0000000083600000, 0x0000000083700000, 0x0000000083700000|100%| E|CS|TAMS 0x0000000083600000, 0x0000000083600000| Complete 
|  33|0x0000000083700000, 0x0000000083800000, 0x0000000083800000|100%| E|  |TAMS 0x0000000083700000, 0x0000000083700000| Complete 
|  34|0x0000000083800000, 0x0000000083900000, 0x0000000083900000|100%| E|CS|TAMS 0x0000000083800000, 0x0000000083800000| Complete 
|  35|0x0000000083900000, 0x0000000083a00000, 0x0000000083a00000|100%| E|CS|TAMS 0x0000000083900000, 0x0000000083900000| Complete 
|  36|0x0000000083a00000, 0x0000000083b00000, 0x0000000083b00000|100%| E|CS|TAMS 0x0000000083a00000, 0x0000000083a00000| Complete 
|  37|0x0000000083b00000, 0x0000000083c00000, 0x0000000083c00000|100%| E|CS|TAMS 0x0000000083b00000, 0x0000000083b00000| Complete 
|  38|0x0000000083c00000, 0x0000000083d00000, 0x0000000083d00000|100%| E|CS|TAMS 0x0000000083c00000, 0x0000000083c00000| Complete 
|  39|0x0000000083d00000, 0x0000000083e00000, 0x0000000083e00000|100%| E|CS|TAMS 0x0000000083d00000, 0x0000000083d00000| Complete 

Card table byte_map: [0x00000200cb860000,0x00000200cbc60000] _byte_map_base: 0x00000200cb455000

Marking Bits (Prev, Next): (CMBitMap*) 0x00000200b2cfc850, (CMBitMap*) 0x00000200b2cfc890
 Prev Bits: [0x00000200cc060000, 0x00000200ce008000)
 Next Bits: [0x00000200ce010000, 0x00000200cffb8000)

Polling page: 0x00000200b2460000

Metaspace:

Usage:
  Non-class:      9.25 MB used.
      Class:      1.14 MB used.
       Both:     10.39 MB used.

Virtual space:
  Non-class space:       64.00 MB reserved,       9.31 MB ( 15%) committed,  1 nodes.
      Class space:        1.00 GB reserved,       1.19 MB ( <1%) committed,  1 nodes.
             Both:        1.06 GB reserved,      10.50 MB ( <1%) committed. 

Chunk freelists:
   Non-Class:  766.00 KB
       Class:  2.76 MB
        Both:  3.51 MB

MaxMetaspaceSize: unlimited
CompressedClassSpaceSize: 1.00 GB
Initial GC threshold: 21.00 MB
Current GC threshold: 21.00 MB
CDS: on
MetaspaceReclaimPolicy: balanced
 - commit_granule_bytes: 65536.
 - commit_granule_words: 8192.
 - virtual_space_node_default_size: 8388608.
 - enlarge_chunks_in_place: 1.
 - new_chunks_are_fully_committed: 0.
 - uncommit_free_chunks: 1.
 - use_allocation_guard: 0.


Internal statistics:

num_allocs_failed_limit: 0.
num_arena_births: 80.
num_arena_deaths: 0.
num_vsnodes_births: 2.
num_vsnodes_deaths: 0.
num_space_committed: 169.
num_space_uncommitted: 0.
num_chunks_returned_to_freelist: 0.
num_chunks_taken_from_freelist: 432.
num_chunk_merges: 0.
num_chunk_splits: 309.
num_chunks_enlarged: 254.
num_inconsistent_stats: 0.

CodeHeap 'non-profiled nmethods': size=120000Kb used=657Kb max_used=657Kb free=119343Kb
 bounds [0x00000200c39d0000, 0x00000200c3c40000, 0x00000200caf00000]
CodeHeap 'profiled nmethods': size=120000Kb used=3981Kb max_used=3981Kb free=116018Kb
 bounds [0x00000200bbf00000, 0x00000200bc2f0000, 0x00000200c3430000]
CodeHeap 'non-nmethods': size=5760Kb used=1248Kb max_used=1300Kb free=4511Kb
 bounds [0x00000200c3430000, 0x00000200c36a0000, 0x00000200c39d0000]
 total_blobs=2435 nmethods=1982 adapters=363
 compilation: enabled
              stopped_count=0, restarted_count=0
 full_count=0

Compilation events (20 events):
Event: 0.651 Thread 0x00000200d2bd2730 nmethod 1939 0x00000200bc2d0d90 code [0x00000200bc2d0f60, 0x00000200bc2d1278]
Event: 0.651 Thread 0x00000200d2bd2730 1957       1       com.sun.tools.javac.tree.TreeTranslator::visitIdent (6 bytes)
Event: 0.651 Thread 0x00000200d2bd2730 nmethod 1957 0x00000200c3a70a10 code [0x00000200c3a70ba0, 0x00000200c3a70cb8]
Event: 0.651 Thread 0x00000200d2bd2730 1932       3       com.sun.tools.javac.comp.TransTypes::erasure (9 bytes)
Event: 0.651 Thread 0x00000200d2bd2730 nmethod 1932 0x00000200bc2d1390 code [0x00000200bc2d15a0, 0x00000200bc2d1d68]
Event: 0.651 Thread 0x00000200d2bd2730 1887       3       com.sun.tools.javac.tree.JCTree$JCMethodDecl::getTag (4 bytes)
Event: 0.651 Thread 0x00000200d2bd2730 nmethod 1887 0x00000200bc2d2010 code [0x00000200bc2d21a0, 0x00000200bc2d22b8]
Event: 0.651 Thread 0x00000200d2bd2730 1899       1       com.sun.tools.javac.code.Type::isUnbound (2 bytes)
Event: 0.652 Thread 0x00000200d2bd2730 nmethod 1899 0x00000200c3a70d10 code [0x00000200c3a70ea0, 0x00000200c3a70f78]
Event: 0.652 Thread 0x00000200d76b2300 nmethod 1941 0x00000200c3a71010 code [0x00000200c3a711c0, 0x00000200c3a716f8]
Event: 0.652 Thread 0x00000200d76b2300 1944       4       com.sun.tools.javac.code.Scope$ScopeImpl::lambda$getSymbolsByName$2 (12 bytes)
Event: 0.653 Thread 0x00000200d2bd2730 1958       1       com.sun.tools.javac.tree.TreeTranslator::visitLiteral (6 bytes)
Event: 0.653 Thread 0x00000200d2bd2730 nmethod 1958 0x00000200c3a71b10 code [0x00000200c3a71ca0, 0x00000200c3a71db8]
Event: 0.656 Thread 0x00000200d2bd2730 1961       3       com.sun.tools.javac.tree.TreeTranslator::translate (40 bytes)
Event: 0.656 Thread 0x00000200d2bd2730 nmethod 1961 0x00000200bc2d2390 code [0x00000200bc2d2560, 0x00000200bc2d2b08]
Event: 0.656 Thread 0x00000200d2bd2730 1963       3       com.sun.tools.javac.code.Scope$CompoundScope::getSymbols (9 bytes)
Event: 0.656 Thread 0x00000200d2bd2730 nmethod 1963 0x00000200bc2d2c90 code [0x00000200bc2d2e80, 0x00000200bc2d34a8]
Event: 0.656 Thread 0x00000200d2bd2730 1970       3       java.util.HashMap::putVal (300 bytes)
Event: 0.656 Thread 0x00000200d76b2300 nmethod 1944 0x00000200c3a71e10 code [0x00000200c3a71fc0, 0x00000200c3a724b8]
Event: 0.656 Thread 0x00000200d76b2300 1971       4       java.util.HashMap::put (13 bytes)

GC Heap History (20 events):
Event: 0.272 GC heap before
{Heap before GC invocations=3 (full 0):
 garbage-first heap   total 8192K, used 3170K [0x0000000081600000, 0x0000000100000000)
  region size 1024K, 2 young (2048K), 1 survivors (1024K)
 Metaspace       used 7776K, committed 7872K, reserved 1114112K
  class space    used 865K, committed 896K, reserved 1048576K
}
Event: 0.273 GC heap after
{Heap after GC invocations=4 (full 0):
 garbage-first heap   total 8192K, used 2440K [0x0000000081600000, 0x0000000100000000)
  region size 1024K, 1 young (1024K), 1 survivors (1024K)
 Metaspace       used 7776K, committed 7872K, reserved 1114112K
  class space    used 865K, committed 896K, reserved 1048576K
}
Event: 0.294 GC heap before
{Heap before GC invocations=4 (full 0):
 garbage-first heap   total 8192K, used 3464K [0x0000000081600000, 0x0000000100000000)
  region size 1024K, 2 young (2048K), 1 survivors (1024K)
 Metaspace       used 8056K, committed 8256K, reserved 1114112K
  class space    used 897K, committed 1024K, reserved 1048576K
}
Event: 0.295 GC heap after
{Heap after GC invocations=5 (full 0):
 garbage-first heap   total 10240K, used 2773K [0x0000000081600000, 0x0000000100000000)
  region size 1024K, 1 young (1024K), 1 survivors (1024K)
 Metaspace       used 8056K, committed 8256K, reserved 1114112K
  class space    used 897K, committed 1024K, reserved 1048576K
}
Event: 0.333 GC heap before
{Heap before GC invocations=5 (full 0):
 garbage-first heap   total 10240K, used 4821K [0x0000000081600000, 0x0000000100000000)
  region size 1024K, 3 young (3072K), 1 survivors (1024K)
 Metaspace       used 8609K, committed 8768K, reserved 1114112K
  class space    used 966K, committed 1024K, reserved 1048576K
}
Event: 0.335 GC heap after
{Heap after GC invocations=6 (full 0):
 garbage-first heap   total 10240K, used 3782K [0x0000000081600000, 0x0000000100000000)
  region size 1024K, 1 young (1024K), 1 survivors (1024K)
 Metaspace       used 8609K, committed 8768K, reserved 1114112K
  class space    used 966K, committed 1024K, reserved 1048576K
}
Event: 0.361 GC heap before
{Heap before GC invocations=6 (full 0):
 garbage-first heap   total 10240K, used 5830K [0x0000000081600000, 0x0000000100000000)
  region size 1024K, 3 young (3072K), 1 survivors (1024K)
 Metaspace       used 8808K, committed 8960K, reserved 1114112K
  class space    used 988K, committed 1024K, reserved 1048576K
}
Event: 0.364 GC heap after
{Heap after GC invocations=7 (full 0):
 garbage-first heap   total 10240K, used 4282K [0x0000000081600000, 0x0000000100000000)
  region size 1024K, 1 young (1024K), 1 survivors (1024K)
 Metaspace       used 8808K, committed 8960K, reserved 1114112K
  class space    used 988K, committed 1024K, reserved 1048576K
}
Event: 0.368 GC heap before
{Heap before GC invocations=7 (full 0):
 garbage-first heap   total 10240K, used 5306K [0x0000000081600000, 0x0000000100000000)
  region size 1024K, 2 young (2048K), 1 survivors (1024K)
 Metaspace       used 8833K, committed 8960K, reserved 1114112K
  class space    used 988K, committed 1024K, reserved 1048576K
}
Event: 0.369 GC heap after
{Heap after GC invocations=8 (full 0):
 garbage-first heap   total 10240K, used 4286K [0x0000000081600000, 0x0000000100000000)
  region size 1024K, 1 young (1024K), 1 survivors (1024K)
 Metaspace       used 8833K, committed 8960K, reserved 1114112K
  class space    used 988K, committed 1024K, reserved 1048576K
}
Event: 0.382 GC heap before
{Heap before GC invocations=8 (full 0):
 garbage-first heap   total 10240K, used 5310K [0x0000000081600000, 0x0000000100000000)
  region size 1024K, 2 young (2048K), 1 survivors (1024K)
 Metaspace       used 8904K, committed 9088K, reserved 1114112K
  class space    used 997K, committed 1088K, reserved 1048576K
}
Event: 0.383 GC heap after
{Heap after GC invocations=9 (full 0):
 garbage-first heap   total 20480K, used 4380K [0x0000000081600000, 0x0000000100000000)
  region size 1024K, 1 young (1024K), 1 survivors (1024K)
 Metaspace       used 8904K, committed 9088K, reserved 1114112K
  class space    used 997K, committed 1088K, reserved 1048576K
}
Event: 0.416 GC heap before
{Heap before GC invocations=9 (full 0):
 garbage-first heap   total 20480K, used 11548K [0x0000000081600000, 0x0000000100000000)
  region size 1024K, 8 young (8192K), 1 survivors (1024K)
 Metaspace       used 9042K, committed 9216K, reserved 1114112K
  class space    used 1011K, committed 1088K, reserved 1048576K
}
Event: 0.418 GC heap after
{Heap after GC invocations=10 (full 0):
 garbage-first heap   total 20480K, used 5383K [0x0000000081600000, 0x0000000100000000)
  region size 1024K, 1 young (1024K), 1 survivors (1024K)
 Metaspace       used 9042K, committed 9216K, reserved 1114112K
  class space    used 1011K, committed 1088K, reserved 1048576K
}
Event: 0.474 GC heap before
{Heap before GC invocations=10 (full 0):
 garbage-first heap   total 20480K, used 11527K [0x0000000081600000, 0x0000000100000000)
  region size 1024K, 8 young (8192K), 1 survivors (1024K)
 Metaspace       used 9275K, committed 9472K, reserved 1114112K
  class space    used 1019K, committed 1088K, reserved 1048576K
}
Event: 0.478 GC heap after
{Heap after GC invocations=11 (full 0):
 garbage-first heap   total 20480K, used 7322K [0x0000000081600000, 0x0000000100000000)
  region size 1024K, 1 young (1024K), 1 survivors (1024K)
 Metaspace       used 9275K, committed 9472K, reserved 1114112K
  class space    used 1019K, committed 1088K, reserved 1048576K
}
Event: 0.488 GC heap before
{Heap before GC invocations=11 (full 0):
 garbage-first heap   total 20480K, used 12442K [0x0000000081600000, 0x0000000100000000)
  region size 1024K, 6 young (6144K), 1 survivors (1024K)
 Metaspace       used 9280K, committed 9472K, reserved 1114112K
  class space    used 1020K, committed 1088K, reserved 1048576K
}
Event: 0.491 GC heap after
{Heap after GC invocations=12 (full 0):
 garbage-first heap   total 20480K, used 7947K [0x0000000081600000, 0x0000000100000000)
  region size 1024K, 1 young (1024K), 1 survivors (1024K)
 Metaspace       used 9280K, committed 9472K, reserved 1114112K
  class space    used 1020K, committed 1088K, reserved 1048576K
}
Event: 0.502 GC heap before
{Heap before GC invocations=12 (full 0):
 garbage-first heap   total 20480K, used 13067K [0x0000000081600000, 0x0000000100000000)
  region size 1024K, 6 young (6144K), 1 survivors (1024K)
 Metaspace       used 9303K, committed 9472K, reserved 1114112K
  class space    used 1020K, committed 1088K, reserved 1048576K
}
Event: 0.505 GC heap after
{Heap after GC invocations=13 (full 0):
 garbage-first heap   total 40960K, used 8686K [0x0000000081600000, 0x0000000100000000)
  region size 1024K, 1 young (1024K), 1 survivors (1024K)
 Metaspace       used 9303K, committed 9472K, reserved 1114112K
  class space    used 1020K, committed 1088K, reserved 1048576K
}

Dll operation events (6 events):
Event: 0.005 Loaded shared library C:\Program Files\Zulu\zulu-19\bin\java.dll
Event: 0.010 Loaded shared library C:\Program Files\Zulu\zulu-19\bin\jsvml.dll
Event: 0.045 Loaded shared library C:\Program Files\Zulu\zulu-19\bin\jimage.dll
Event: 0.092 Loaded shared library C:\Program Files\Zulu\zulu-19\bin\net.dll
Event: 0.093 Loaded shared library C:\Program Files\Zulu\zulu-19\bin\nio.dll
Event: 0.112 Loaded shared library C:\Program Files\Zulu\zulu-19\bin\zip.dll

Deoptimization events (20 events):
Event: 0.429 Thread 0x00000200b2c9ce90 Uncommon trap: trap_request=0xffffff45 fr.pc=0x00000200c3a32188 relative=0x0000000000000a48
Event: 0.429 Thread 0x00000200b2c9ce90 Uncommon trap: reason=unstable_if action=reinterpret pc=0x00000200c3a32188 method=com.sun.tools.javac.util.ArrayUtils.ensureCapacity([BI)[B @ 3 c2
Event: 0.429 Thread 0x00000200b2c9ce90 DEOPT PACKING pc=0x00000200c3a32188 sp=0x000000522d7fd970
Event: 0.429 Thread 0x00000200b2c9ce90 DEOPT UNPACKING pc=0x00000200c3496da3 sp=0x000000522d7fd898 mode 2
Event: 0.455 Thread 0x00000200b2c9ce90 Uncommon trap: trap_request=0xffffff45 fr.pc=0x00000200c3a204f8 relative=0x0000000000000158
Event: 0.455 Thread 0x00000200b2c9ce90 Uncommon trap: reason=unstable_if action=reinterpret pc=0x00000200c3a204f8 method=java.lang.StringCoding.countPositives([BII)I @ 17 c2
Event: 0.455 Thread 0x00000200b2c9ce90 DEOPT PACKING pc=0x00000200c3a204f8 sp=0x000000522d7fd4a0
Event: 0.455 Thread 0x00000200b2c9ce90 DEOPT UNPACKING pc=0x00000200c3496da3 sp=0x000000522d7fd440 mode 2
Event: 0.634 Thread 0x00000200b2c9ce90 Uncommon trap: trap_request=0xffffffc6 fr.pc=0x00000200c3a159ec relative=0x0000000000000b2c
Event: 0.634 Thread 0x00000200b2c9ce90 Uncommon trap: reason=bimorphic_or_optimized_type_check action=maybe_recompile pc=0x00000200c3a159ec method=java.util.HashMap.putVal(ILjava/lang/Object;Ljava/lang/Object;ZZ)Ljava/lang/Object; @ 253 c2
Event: 0.634 Thread 0x00000200b2c9ce90 DEOPT PACKING pc=0x00000200c3a159ec sp=0x000000522d7fec30
Event: 0.634 Thread 0x00000200b2c9ce90 DEOPT UNPACKING pc=0x00000200c3496da3 sp=0x000000522d7feb78 mode 2
Event: 0.648 Thread 0x00000200b2c9ce90 Uncommon trap: trap_request=0xffffffc6 fr.pc=0x00000200c3a159ec relative=0x0000000000000b2c
Event: 0.648 Thread 0x00000200b2c9ce90 Uncommon trap: reason=bimorphic_or_optimized_type_check action=maybe_recompile pc=0x00000200c3a159ec method=java.util.HashMap.putVal(ILjava/lang/Object;Ljava/lang/Object;ZZ)Ljava/lang/Object; @ 253 c2
Event: 0.648 Thread 0x00000200b2c9ce90 DEOPT PACKING pc=0x00000200c3a159ec sp=0x000000522d7fec10
Event: 0.648 Thread 0x00000200b2c9ce90 DEOPT UNPACKING pc=0x00000200c3496da3 sp=0x000000522d7feb58 mode 2
Event: 0.650 Thread 0x00000200b2c9ce90 Uncommon trap: trap_request=0xffffffc6 fr.pc=0x00000200c3a13a6c relative=0x000000000000084c
Event: 0.650 Thread 0x00000200b2c9ce90 Uncommon trap: reason=bimorphic_or_optimized_type_check action=maybe_recompile pc=0x00000200c3a13a6c method=java.util.HashMap.putVal(ILjava/lang/Object;Ljava/lang/Object;ZZ)Ljava/lang/Object; @ 253 c2
Event: 0.650 Thread 0x00000200b2c9ce90 DEOPT PACKING pc=0x00000200c3a13a6c sp=0x000000522d7feba0
Event: 0.650 Thread 0x00000200b2c9ce90 DEOPT UNPACKING pc=0x00000200c3496da3 sp=0x000000522d7feb60 mode 2

Classes loaded (20 events):
Event: 0.345 Loading class java/util/ImmutableCollections$Access
Event: 0.345 Loading class java/util/ImmutableCollections$Access done
Event: 0.345 Loading class java/util/ImmutableCollections$Access$1
Event: 0.345 Loading class jdk/internal/access/JavaUtilCollectionAccess
Event: 0.345 Loading class jdk/internal/access/JavaUtilCollectionAccess done
Event: 0.345 Loading class java/util/ImmutableCollections$Access$1 done
Event: 0.345 Loading class java/util/stream/Nodes$SpinedNodeBuilder
Event: 0.345 Loading class java/util/stream/Nodes$SpinedNodeBuilder done
Event: 0.345 Loading class sun/nio/fs/WindowsPath$WindowsPathWithAttributes
Event: 0.345 Loading class sun/nio/fs/WindowsPath$WindowsPathWithAttributes done
Event: 0.348 Loading class java/nio/file/FileTreeWalker$1
Event: 0.348 Loading class java/nio/file/FileTreeWalker$1 done
Event: 0.389 Loading class java/lang/invoke/MethodHandle$1
Event: 0.389 Loading class java/lang/invoke/MethodHandle$1 done
Event: 0.449 Loading class java/util/LinkedList$Node
Event: 0.449 Loading class java/util/LinkedList$Node done
Event: 0.542 Loading class java/util/stream/ReduceOps$1
Event: 0.542 Loading class java/util/stream/ReduceOps$1 done
Event: 0.542 Loading class java/util/stream/ReduceOps$1ReducingSink
Event: 0.542 Loading class java/util/stream/ReduceOps$1ReducingSink done

Classes unloaded (0 events):
No events

Classes redefined (0 events):
No events

Internal exceptions (20 events):
Event: 0.347 Thread 0x00000200b2c9ce90 Exception <a 'sun/nio/fs/WindowsException'{0x0000000081f53850}> (0x0000000081f53850) 
thrown [s\src\hotspot\share\prims\jni.cpp, line 517]
Event: 0.349 Thread 0x00000200b2c9ce90 Exception <a 'sun/nio/fs/WindowsException'{0x0000000081f619d8}> (0x0000000081f619d8) 
thrown [s\src\hotspot\share\prims\jni.cpp, line 517]
Event: 0.379 Thread 0x00000200b2c9ce90 Exception <a 'java/lang/NoSuchMethodError'{0x0000000081fb7840}: 'int java.lang.invoke.DirectMethodHandle$Holder.invokeSpecial(java.lang.Object, java.lang.Object, java.lang.Object)'> (0x0000000081fb7840) 
thrown [s\src\hotspot\share\interpreter\linkResolver.cpp, line 774]
Event: 0.380 Thread 0x00000200b2c9ce90 Exception <a 'sun/nio/fs/WindowsException'{0x0000000081fc21c8}> (0x0000000081fc21c8) 
thrown [s\src\hotspot\share\prims\jni.cpp, line 517]
Event: 0.380 Thread 0x00000200b2c9ce90 Exception <a 'sun/nio/fs/WindowsException'{0x0000000081fc2598}> (0x0000000081fc2598) 
thrown [s\src\hotspot\share\prims\jni.cpp, line 517]
Event: 0.380 Thread 0x00000200b2c9ce90 Exception <a 'sun/nio/fs/WindowsException'{0x0000000081fc37d8}> (0x0000000081fc37d8) 
thrown [s\src\hotspot\share\prims\jni.cpp, line 517]
Event: 0.380 Thread 0x00000200b2c9ce90 Exception <a 'sun/nio/fs/WindowsException'{0x0000000081fc3bb8}> (0x0000000081fc3bb8) 
thrown [s\src\hotspot\share\prims\jni.cpp, line 517]
Event: 0.380 Thread 0x00000200b2c9ce90 Exception <a 'sun/nio/fs/WindowsException'{0x0000000081fc4cc0}> (0x0000000081fc4cc0) 
thrown [s\src\hotspot\share\prims\jni.cpp, line 517]
Event: 0.380 Thread 0x00000200b2c9ce90 Exception <a 'sun/nio/fs/WindowsException'{0x0000000081fc5050}> (0x0000000081fc5050) 
thrown [s\src\hotspot\share\prims\jni.cpp, line 517]
Event: 0.388 Thread 0x00000200b2c9ce90 Exception <a 'java/lang/NoSuchMethodError'{0x00000000829f7908}: 'java.lang.Object java.lang.invoke.DirectMethodHandle$Holder.invokeStatic(java.lang.Object, java.lang.Object, int, int)'> (0x00000000829f7908) 
thrown [s\src\hotspot\share\interpreter\linkResolver.cpp, line 774]
Event: 0.406 Thread 0x00000200b2c9ce90 Exception <a 'sun/nio/fs/WindowsException'{0x00000000826ddc60}> (0x00000000826ddc60) 
thrown [s\src\hotspot\share\prims\jni.cpp, line 517]
Event: 0.406 Thread 0x00000200b2c9ce90 Exception <a 'sun/nio/fs/WindowsException'{0x00000000826de040}> (0x00000000826de040) 
thrown [s\src\hotspot\share\prims\jni.cpp, line 517]
Event: 0.406 Thread 0x00000200b2c9ce90 Exception <a 'sun/nio/fs/WindowsException'{0x00000000826df328}> (0x00000000826df328) 
thrown [s\src\hotspot\share\prims\jni.cpp, line 517]
Event: 0.406 Thread 0x00000200b2c9ce90 Exception <a 'sun/nio/fs/WindowsException'{0x00000000826df718}> (0x00000000826df718) 
thrown [s\src\hotspot\share\prims\jni.cpp, line 517]
Event: 0.406 Thread 0x00000200b2c9ce90 Exception <a 'sun/nio/fs/WindowsException'{0x00000000826e0820}> (0x00000000826e0820) 
thrown [s\src\hotspot\share\prims\jni.cpp, line 517]
Event: 0.406 Thread 0x00000200b2c9ce90 Exception <a 'sun/nio/fs/WindowsException'{0x00000000826e0bc0}> (0x00000000826e0bc0) 
thrown [s\src\hotspot\share\prims\jni.cpp, line 517]
Event: 0.524 Thread 0x00000200b2c9ce90 Exception <a 'java/lang/NoSuchMethodError'{0x00000000839dd2a8}: 'java.lang.Object java.lang.invoke.DirectMethodHandle$Holder.invokeInterface(java.lang.Object, java.lang.Object)'> (0x00000000839dd2a8) 
thrown [s\src\hotspot\share\interpreter\linkResolver.cpp, line 774]
Event: 0.526 Thread 0x00000200b2c9ce90 Exception <a 'java/lang/NoSuchMethodError'{0x00000000839ef6f8}: 'void java.lang.invoke.DirectMethodHandle$Holder.invokeSpecial(java.lang.Object, java.lang.Object, java.lang.Object, java.lang.Object, java.lang.Object)'> (0x00000000839ef6f8) 
thrown [s\src\hotspot\share\interpreter\linkResolver.cpp, line 774]
Event: 0.574 Thread 0x00000200b2c9ce90 Exception <a 'java/lang/NoSuchMethodError'{0x00000000836b1c80}: 'int java.lang.invoke.DirectMethodHandle$Holder.invokeStatic(java.lang.Object, java.lang.Object, java.lang.Object, java.lang.Object)'> (0x00000000836b1c80) 
thrown [s\src\hotspot\share\interpreter\linkResolver.cpp, line 774]
Event: 0.591 Thread 0x00000200b2c9ce90 Exception <a 'java/lang/NoSuchMethodError'{0x000000008352aac8}: 'void java.lang.invoke.DirectMethodHandle$Holder.invokeVirtual(java.lang.Object, java.lang.Object)'> (0x000000008352aac8) 
thrown [s\src\hotspot\share\interpreter\linkResolver.cpp, line 774]

VM Operations (20 events):
Event: 0.416 Executing VM operation: G1CollectForAllocation
Event: 0.419 Executing VM operation: G1CollectForAllocation done
Event: 0.474 Executing VM operation: G1CollectForAllocation
Event: 0.478 Executing VM operation: G1CollectForAllocation done
Event: 0.488 Executing VM operation: G1CollectForAllocation
Event: 0.491 Executing VM operation: G1CollectForAllocation done
Event: 0.502 Executing VM operation: G1CollectForAllocation
Event: 0.505 Executing VM operation: G1CollectForAllocation done
Event: 0.533 Executing VM operation: HandshakeAllThreads
Event: 0.533 Executing VM operation: HandshakeAllThreads done
Event: 0.554 Executing VM operation: HandshakeAllThreads
Event: 0.554 Executing VM operation: HandshakeAllThreads done
Event: 0.554 Executing VM operation: HandshakeAllThreads
Event: 0.554 Executing VM operation: HandshakeAllThreads done
Event: 0.597 Executing VM operation: ICBufferFull
Event: 0.597 Executing VM operation: ICBufferFull done
Event: 0.633 Executing VM operation: ICBufferFull
Event: 0.633 Executing VM operation: ICBufferFull done
Event: 0.655 Executing VM operation: HandshakeAllThreads
Event: 0.655 Executing VM operation: HandshakeAllThreads done

Events (14 events):
Event: 0.010 Thread 0x00000200b2c9ce90 Thread added: 0x00000200b2c9ce90
Event: 0.017 Thread 0x00000200d2bb80f0 Thread added: 0x00000200d2bb80f0
Event: 0.018 Thread 0x00000200d2bbac30 Thread added: 0x00000200d2bbac30
Event: 0.018 Thread 0x00000200d2bbd9f0 Thread added: 0x00000200d2bbd9f0
Event: 0.018 Thread 0x00000200d2bc0330 Thread added: 0x00000200d2bc0330
Event: 0.018 Thread 0x00000200d2bc0c60 Thread added: 0x00000200d2bc0c60
Event: 0.018 Thread 0x00000200d2bc1590 Thread added: 0x00000200d2bc1590
Event: 0.018 Thread 0x00000200d2bc99b0 Thread added: 0x00000200d2bc99b0
Event: 0.018 Thread 0x00000200d2bd2730 Thread added: 0x00000200d2bd2730
Event: 0.018 Thread 0x00000200d2bd40b0 Thread added: 0x00000200d2bd40b0
Event: 0.031 Thread 0x00000200d2b8c950 Thread added: 0x00000200d2b8c950
Event: 0.041 Thread 0x00000200d70b74d0 Thread added: 0x00000200d70b74d0
Event: 0.043 Thread 0x00000200d7135ee0 Thread added: 0x00000200d7135ee0
Event: 0.371 Thread 0x00000200d76b2300 Thread added: 0x00000200d76b2300


Dynamic libraries:
0x00007ff65bab0000 - 0x00007ff65bab8000 	C:\Program Files\Zulu\zulu-19\bin\javac.exe
0x00007ffa972f0000 - 0x00007ffa97504000 	C:\WINDOWS\SYSTEM32\ntdll.dll
0x00007ffa96a30000 - 0x00007ffa96af2000 	C:\WINDOWS\System32\KERNEL32.DLL
0x00007ffa94a90000 - 0x00007ffa94e2c000 	C:\WINDOWS\System32\KERNELBASE.dll
0x00007ffa94730000 - 0x00007ffa94841000 	C:\WINDOWS\System32\ucrtbase.dll
0x00007ffa829b0000 - 0x00007ffa829c7000 	C:\Program Files\Zulu\zulu-19\bin\jli.dll
0x00007ffa82370000 - 0x00007ffa8238b000 	C:\Program Files\Zulu\zulu-19\bin\VCRUNTIME140.dll
0x00007ffa95ee0000 - 0x00007ffa9608b000 	C:\WINDOWS\System32\USER32.dll
0x00007ffa94a60000 - 0x00007ffa94a86000 	C:\WINDOWS\System32\win32u.dll
0x00007ffa7c330000 - 0x00007ffa7c5be000 	C:\WINDOWS\WinSxS\amd64_microsoft.windows.common-controls_6595b64144ccf1df_6.0.22621.608_none_a9444ca7c10bb01d\COMCTL32.dll
0x00007ffa97050000 - 0x00007ffa97079000 	C:\WINDOWS\System32\GDI32.dll
0x00007ffa97200000 - 0x00007ffa972a7000 	C:\WINDOWS\System32\msvcrt.dll
0x00007ffa94f70000 - 0x00007ffa95083000 	C:\WINDOWS\System32\gdi32full.dll
0x00007ffa949c0000 - 0x00007ffa94a5a000 	C:\WINDOWS\System32\msvcp_win.dll
0x00007ffa95ea0000 - 0x00007ffa95ed1000 	C:\WINDOWS\System32\IMM32.DLL
0x00007ffa8d190000 - 0x00007ffa8d19c000 	C:\Program Files\Zulu\zulu-19\bin\vcruntime140_1.dll
0x00007ffa48880000 - 0x00007ffa4890d000 	C:\Program Files\Zulu\zulu-19\bin\msvcp140.dll
0x00007ffa36e30000 - 0x00007ffa37b37000 	C:\Program Files\Zulu\zulu-19\bin\server\jvm.dll
0x00007ffa970d0000 - 0x00007ffa9717e000 	C:\WINDOWS\System32\ADVAPI32.dll
0x00007ffa95d60000 - 0x00007ffa95e04000 	C:\WINDOWS\System32\sechost.dll
0x00007ffa95c20000 - 0x00007ffa95d35000 	C:\WINDOWS\System32\RPCRT4.dll
0x00007ffa8df80000 - 0x00007ffa8df89000 	C:\WINDOWS\SYSTEM32\WSOCK32.dll
0x00007ffa8ce90000 - 0x00007ffa8cec4000 	C:\WINDOWS\SYSTEM32\WINMM.dll
0x00007ffa8ce00000 - 0x00007ffa8ce0a000 	C:\WINDOWS\SYSTEM32\VERSION.dll
0x00007ffa95620000 - 0x00007ffa95691000 	C:\WINDOWS\System32\WS2_32.dll
0x00007ffa93790000 - 0x00007ffa937a8000 	C:\WINDOWS\SYSTEM32\kernel.appcore.dll
0x00007ffa82cc0000 - 0x00007ffa82cca000 	C:\Program Files\Zulu\zulu-19\bin\jimage.dll
0x00007ffa920e0000 - 0x00007ffa9230e000 	C:\WINDOWS\SYSTEM32\DBGHELP.DLL
0x00007ffa95790000 - 0x00007ffa95b19000 	C:\WINDOWS\System32\combase.dll
0x00007ffa95160000 - 0x00007ffa95237000 	C:\WINDOWS\System32\OLEAUT32.dll
0x00007ffa764d0000 - 0x00007ffa76502000 	C:\WINDOWS\SYSTEM32\dbgcore.DLL
0x00007ffa94e30000 - 0x00007ffa94eab000 	C:\WINDOWS\System32\bcryptPrimitives.dll
0x00007ffa82340000 - 0x00007ffa82366000 	C:\Program Files\Zulu\zulu-19\bin\java.dll
0x00007ffa46350000 - 0x00007ffa46427000 	C:\Program Files\Zulu\zulu-19\bin\jsvml.dll
0x00007ffa960a0000 - 0x00007ffa96890000 	C:\WINDOWS\System32\SHELL32.dll
0x00007ffa92750000 - 0x00007ffa9301d000 	C:\WINDOWS\SYSTEM32\windows.storage.dll
0x00007ffa92610000 - 0x00007ffa9274e000 	C:\WINDOWS\SYSTEM32\wintypes.dll
0x00007ffa95360000 - 0x00007ffa95451000 	C:\WINDOWS\System32\SHCORE.dll
0x00007ffa956b0000 - 0x00007ffa9570e000 	C:\WINDOWS\System32\shlwapi.dll
0x00007ffa94660000 - 0x00007ffa94681000 	C:\WINDOWS\SYSTEM32\profapi.dll
0x00007ffa81e00000 - 0x00007ffa81e13000 	C:\Program Files\Zulu\zulu-19\bin\net.dll
0x00007ffa8d990000 - 0x00007ffa8dac7000 	C:\WINDOWS\SYSTEM32\WINHTTP.dll
0x00007ffa93c00000 - 0x00007ffa93c69000 	C:\WINDOWS\system32\mswsock.dll
0x00007ffa7b170000 - 0x00007ffa7b186000 	C:\Program Files\Zulu\zulu-19\bin\nio.dll
0x00007ffa79440000 - 0x00007ffa79458000 	C:\Program Files\Zulu\zulu-19\bin\zip.dll

dbghelp: loaded successfully - version: 4.0.5 - missing functions: none
symbol engine: initialized successfully - sym options: 0x614 - pdb path: .;C:\Program Files\Zulu\zulu-19\bin;C:\WINDOWS\SYSTEM32;C:\WINDOWS\WinSxS\amd64_microsoft.windows.common-controls_6595b64144ccf1df_6.0.22621.608_none_a9444ca7c10bb01d;C:\Program Files\Zulu\zulu-19\bin\server

VM Arguments:
jvm_args: -Dapplication.home=C:\Program Files\Zulu\zulu-19 --add-modules=ALL-DEFAULT -Xms8m -Djdk.module.main=jdk.compiler 
java_command: jdk.compiler/com.sun.tools.javac.Main -d C:\Users\ulise\Desktop\TEC\Algoritmos y estructura de datos I\BuscaMinas\ventana busca minas\build\classes -classpath C:\Users\ulise\Desktop\TEC\Algoritmos y estructura de datos I\BuscaMinas\ventana busca minas\build\classes;C:\Users\ulise\Desktop\TEC\Algoritmos y estructura de datos I\BuscaMinas\ventana busca minas\lib\rxtx-2.1-7r2;C:\Users\ulise\Downloads\RXTXcomm.jar;C:\Users\ulise\Downloads\jSerialComm-2.9.3.zip;C:\Users\ulise\Downloads\jSerialComm-2.9.3.jar -sourcepath C:\Users\ulise\Desktop\TEC\Algoritmos y estructura de datos I\BuscaMinas\ventana busca minas\src -target 19 -encoding UTF-8 -g -processorpath C:\Users\ulise\Desktop\TEC\Algoritmos y estructura de datos I\BuscaMinas\ventana busca minas\lib\rxtx-2.1-7r2;C:\Users\ulise\Downloads\RXTXcomm.jar;C:\Users\ulise\Downloads\jSerialComm-2.9.3.zip;C:\Users\ulise\Downloads\jSerialComm-2.9.3.jar;C:\Users\ulise\Desktop\TEC\Algoritmos y estructura de datos I\BuscaMinas\jar_files\firmata4j-2.3.5.jar;C:\Users\ulise\Desktop\TEC\Algoritmos y estructura de datos I\BuscaMinas\jar_files\jssc-2.8.0.jar;C:\Users\ulise\Desktop\TEC\Algoritmos y estructura de datos I\BuscaMinas\jar_files\jssc-2.9.4.jar;C:\Users\ulise\Desktop\TEC\Algoritmos y estructura de datos I\BuscaMinas\jar_files\slf4j-api-1.7.25.jar;C:\Users\ulise\Desktop\TEC\Algoritmos y estructura de datos I\BuscaMinas\jar_files\slf4j-api-1.7.3.jar;C:\Users\ulise\Desktop\TEC\Algoritmos y estructura de datos I\BuscaMinas\jar_files\slf4j-simple-1.6.1.jar;C:\Users\ulise\Desktop\TEC\Algoritmos y estructura de datos I\BuscaMinas\ventana busca minas\build\empty -s C:\Users\ulise\Desktop\TEC\Algoritmos y estructura de datos I\BuscaMinas\ventana busca minas\build\generated-sources\ap-source-output -source 19 C:\Users\ulise\Desktop\TEC\Algoritmos y estructura de datos I\BuscaMinas\ventana busca minas\src\GameMenuDemo.java
java_class_path (initial): <not set>
Launcher Type: SUN_STANDARD

[Global flags]
     intx CICompilerCount                          = 4                                         {product} {ergonomic}
     uint ConcGCThreads                            = 3                                         {product} {ergonomic}
     uint G1ConcRefinementThreads                  = 10                                        {product} {ergonomic}
   size_t G1HeapRegionSize                         = 1048576                                   {product} {ergonomic}
    uintx GCDrainStackTargetSize                   = 64                                        {product} {ergonomic}
   size_t InitialHeapSize                          = 8388608                                   {product} {command line}
   size_t MarkStackSize                            = 4194304                                   {product} {ergonomic}
   size_t MaxHeapSize                              = 2124414976                                {product} {ergonomic}
   size_t MaxNewSize                               = 1274019840                                {product} {ergonomic}
   size_t MinHeapDeltaBytes                        = 1048576                                   {product} {ergonomic}
   size_t MinHeapSize                              = 8388608                                   {product} {command line}
    uintx NonNMethodCodeHeapSize                   = 5839372                                {pd product} {ergonomic}
    uintx NonProfiledCodeHeapSize                  = 122909434                              {pd product} {ergonomic}
    uintx ProfiledCodeHeapSize                     = 122909434                              {pd product} {ergonomic}
    uintx ReservedCodeCacheSize                    = 251658240                              {pd product} {ergonomic}
     bool SegmentedCodeCache                       = true                                      {product} {ergonomic}
   size_t SoftMaxHeapSize                          = 2124414976                             {manageable} {ergonomic}
     bool UseCompressedClassPointers               = true                           {product lp64_product} {ergonomic}
     bool UseCompressedOops                        = true                           {product lp64_product} {ergonomic}
     bool UseG1GC                                  = true                                      {product} {ergonomic}
     bool UseLargePagesIndividualAllocation        = false                                  {pd product} {ergonomic}

Logging:
Log output configuration:
 #0: stdout all=warning uptime,level,tags foldmultilines=false
 #1: stderr all=off uptime,level,tags foldmultilines=false

Environment Variables:
PATH=C:\Program Files\Zulu\zulu-19\bin\;C:\Program Files\Common Files\Oracle\Java\javapath;C:\Program Files (x86)\Common Files\Oracle\Java\javapath;C:\Windows\system32;C:\Windows;C:\Windows\System32\Wbem;C:\Windows\System32\WindowsPowerShell\v1.0\;C:\Windows\System32\OpenSSH\;C:\Program Files (x86)\NVIDIA Corporation\PhysX\Common;C:\Program Files\NVIDIA Corporation\NVIDIA NvDLISR;C:\WINDOWS\system32;C:\WINDOWS;C:\WINDOWS\System32\Wbem;C:\WINDOWS\System32\WindowsPowerShell\v1.0\;C:\WINDOWS\System32\OpenSSH\;C:\Program Files\nodejs\;C:\Program Files\Git\cmd;C:\Users\ulise\AppData\Local\Microsoft\WindowsApps;C:\Users\ulise\AppData\Local\Programs\Microsoft VS Code\bin;C:\Users\ulise\AppData\Roaming\npm;C:\Users\ulise\AppData\Local\GitHubDesktop\bin
USERNAME=ulise
OS=Windows_NT
PROCESSOR_IDENTIFIER=Intel64 Family 6 Model 165 Stepping 2, GenuineIntel
TMP=C:\Users\ulise\AppData\Local\Temp
TEMP=C:\Users\ulise\AppData\Local\Temp



---------------  S Y S T E M  ---------------

OS:
 Windows 11 , 64 bit Build 22621 (10.0.22621.1485)
OS uptime: 6 days 7:46 hours

CPU: total 12 (initial active 12) (6 cores per cpu, 2 threads per core) family 6 model 165 stepping 2 microcode 0xe2, cx8, cmov, fxsr, ht, mmx, 3dnowpref, sse, sse2, sse3, ssse3, sse4.1, sse4.2, popcnt, lzcnt, tsc, tscinvbit, avx, avx2, aes, erms, clmul, bmi1, bmi2, adx, fma, vzeroupper, clflush, clflushopt, rdtscp

Memory: 4k page, system-wide physical 8099M (871M free)
TotalPageFile size 12195M (AvailPageFile size 5M)
current process WorkingSet (physical memory assigned to process): 123M, peak: 123M
current process commit charge ("private bytes"): 172M, peak: 173M

vm_info: OpenJDK 64-Bit Server VM (19.0.2+7) for windows-amd64 JRE (19.0.2+7) (Zulu19.32+15-CA), built on Dec 28 2022 19:25:40 by "zulu_re" with MS VC++ 16.10 / 16.11 (VS2019)

END.
