#
# There is insufficient memory for the Java Runtime Environment to continue.
# Native memory allocation (mmap) failed to map 65536 bytes for Failed to commit metaspace.
# Possible reasons:
#   The system is out of physical RAM or swap space
#   The process is running with CompressedOops enabled, and the Java Heap may be blocking the growth of the native heap
# Possible solutions:
#   Reduce memory load on the system
#   Increase physical memory or swap space
#   Check if swap backing store is full
#   Decrease Java heap size (-Xmx/-Xms)
#   Decrease number of Java threads
#   Decrease Java thread stack sizes (-Xss)
#   Set larger code cache with -XX:ReservedCodeCacheSize=
#   JVM is running with Unscaled Compressed Oops mode in which the Java heap is
#     placed in the first 4GB address space. The Java Heap base address is the
#     maximum limit for the native heap growth. Please use -XX:HeapBaseMinAddress
#     to set the Java Heap base and to place the Java Heap above 4GB virtual address.
# This output file may be truncated or incomplete.
#
#  Out of Memory Error (virtualSpaceNode.cpp:110), pid=15004, tid=18732
#
# JRE version: OpenJDK Runtime Environment Zulu19.32+15-CA (19.0.2+7) (build 19.0.2+7)
# Java VM: OpenJDK 64-Bit Server VM Zulu19.32+15-CA (19.0.2+7, mixed mode, tiered, compressed oops, compressed class ptrs, g1 gc, windows-amd64)
# No core dump will be written. Minidumps are not enabled by default on client versions of Windows
#

---------------  S U M M A R Y ------------

Command Line: -Dapplication.home=C:\Program Files\Zulu\zulu-19 --add-modules=ALL-DEFAULT -Xms8m -Djdk.module.main=jdk.compiler jdk.compiler/com.sun.tools.javac.Main -d C:\Users\ulise\Desktop\TEC\Algoritmos y estructura de datos I\BuscaMinas\ventana busca minas\build\classes -classpath C:\Users\ulise\Desktop\TEC\Algoritmos y estructura de datos I\BuscaMinas\ventana busca minas\build\classes -sourcepath C:\Users\ulise\Desktop\TEC\Algoritmos y estructura de datos I\BuscaMinas\ventana busca minas\src -target 19 -encoding UTF-8 -g -processorpath C:\Users\ulise\Desktop\TEC\Algoritmos y estructura de datos I\BuscaMinas\ventana busca minas\build\empty -s C:\Users\ulise\Desktop\TEC\Algoritmos y estructura de datos I\BuscaMinas\ventana busca minas\build\generated-sources\ap-source-output -source 19 C:\Users\ulise\Desktop\TEC\Algoritmos y estructura de datos I\BuscaMinas\ventana busca minas\src\BuscaminasFX.java

Host: Intel(R) Core(TM) i7-10750H CPU @ 2.60GHz, 12 cores, 7G,  Windows 11 , 64 bit Build 22621 (10.0.22621.1344)
Time: Tue Mar 21 13:42:35 2023 Hora estándar, América Central elapsed time: 0.065712 seconds (0d 0h 0m 0s)

---------------  T H R E A D  ---------------

Current thread (0x00000217720ee680):  JavaThread "main" [_thread_in_vm, id=18732, stack(0x0000003a8a300000,0x0000003a8a400000)]

Stack: [0x0000003a8a300000,0x0000003a8a400000]
Native frames: (J=compiled Java code, j=interpreted, Vv=VM code, C=native code)
V  [jvm.dll+0x6eab2a]
V  [jvm.dll+0x8a4a20]
V  [jvm.dll+0x8a640e]
V  [jvm.dll+0x8a6ac3]
V  [jvm.dll+0x27c1ef]
V  [jvm.dll+0x8a05eb]
V  [jvm.dll+0x68e236]
V  [jvm.dll+0x68e29a]
V  [jvm.dll+0x690b8e]
V  [jvm.dll+0x690a4e]
V  [jvm.dll+0x68ec3e]
V  [jvm.dll+0x20dfaf]
V  [jvm.dll+0x217640]
V  [jvm.dll+0x2178f5]
V  [jvm.dll+0x218358]
V  [jvm.dll+0x20d781]
V  [jvm.dll+0x5a4c95]
V  [jvm.dll+0x21e787]
V  [jvm.dll+0x819c4d]
V  [jvm.dll+0x81b056]
V  [jvm.dll+0x81b388]
V  [jvm.dll+0x26aff6]
V  [jvm.dll+0x3d749a]
C  0x000002170755189d

Java frames: (J=compiled Java code, j=interpreted, Vv=VM code)
j  java.lang.invoke.Invokers.<clinit>()V+45 java.base@19.0.2
v  ~StubRoutines::call_stub 0x000002170753100e
j  java.lang.invoke.MethodType.invokers()Ljava/lang/invoke/Invokers;+12 java.base@19.0.2
j  java.lang.invoke.LambdaForm$NamedFunction.<init>(Ljava/lang/invoke/MethodType;)V+39 java.base@19.0.2
j  java.lang.invoke.LambdaForm$Name.<init>(Ljava/lang/invoke/MethodType;[Ljava/lang/Object;)V+6 java.base@19.0.2
j  java.lang.invoke.DelegatingMethodHandle.makeReinvokerForm(Ljava/lang/invoke/MethodHandle;ILjava/lang/Object;ZLjava/lang/invoke/LambdaForm$NamedFunction;Ljava/lang/invoke/LambdaForm$NamedFunction;)Ljava/lang/invoke/LambdaForm;+303 java.base@19.0.2
j  java.lang.invoke.DelegatingMethodHandle.makeReinvokerForm(Ljava/lang/invoke/MethodHandle;ILjava/lang/Object;Ljava/lang/invoke/LambdaForm$NamedFunction;)Ljava/lang/invoke/LambdaForm;+6 java.base@19.0.2
j  java.lang.invoke.BoundMethodHandle.makeReinvoker(Ljava/lang/invoke/MethodHandle;)Ljava/lang/invoke/BoundMethodHandle;+13 java.base@19.0.2
j  java.lang.invoke.DirectMethodHandle.rebind()Ljava/lang/invoke/BoundMethodHandle;+1 java.base@19.0.2
j  java.lang.invoke.MethodHandles.dropArgumentsTrusted(Ljava/lang/invoke/MethodHandle;I[Ljava/lang/Class;)Ljava/lang/invoke/MethodHandle;+29 java.base@19.0.2
j  java.lang.invoke.MethodHandles.dropArguments(Ljava/lang/invoke/MethodHandle;I[Ljava/lang/Class;)Ljava/lang/invoke/MethodHandle;+9 java.base@19.0.2
j  jdk.internal.reflect.MethodHandleAccessorFactory.makeSpecializedTarget(Ljava/lang/invoke/MethodHandle;ZZ)Ljava/lang/invoke/MethodHandle;+86 java.base@19.0.2
j  jdk.internal.reflect.MethodHandleAccessorFactory.getDirectMethod(Ljava/lang/reflect/Method;Z)Ljava/lang/invoke/MethodHandle;+79 java.base@19.0.2
j  jdk.internal.reflect.MethodHandleAccessorFactory.newMethodAccessor(Ljava/lang/reflect/Method;Z)Ljdk/internal/reflect/MethodAccessorImpl;+41 java.base@19.0.2
j  jdk.internal.reflect.ReflectionFactory.newMethodAccessor(Ljava/lang/reflect/Method;Z)Ljdk/internal/reflect/MethodAccessor;+28 java.base@19.0.2
j  java.lang.reflect.Method.acquireMethodAccessor()Ljdk/internal/reflect/MethodAccessor;+38 java.base@19.0.2
j  java.lang.reflect.Method.invoke(Ljava/lang/Object;[Ljava/lang/Object;)Ljava/lang/Object;+75 java.base@19.0.2
j  java.lang.Class.getEnumConstantsShared()[Ljava/lang/Object;+49 java.base@19.0.2
j  java.lang.System$2.getEnumConstantsShared(Ljava/lang/Class;)[Ljava/lang/Enum;+1 java.base@19.0.2
j  java.util.EnumMap.getKeyUniverse(Ljava/lang/Class;)[Ljava/lang/Enum;+4 java.base@19.0.2
j  java.util.EnumMap.<init>(Ljava/lang/Class;)V+16 java.base@19.0.2
j  java.util.stream.StreamOpFlag.set(Ljava/util/stream/StreamOpFlag$Type;)Ljava/util/stream/StreamOpFlag$MaskBuilder;+10 java.base@19.0.2
j  java.util.stream.StreamOpFlag.<clinit>()V+11 java.base@19.0.2
v  ~StubRoutines::call_stub 0x000002170753100e
j  java.util.stream.StreamSupport.stream(Ljava/util/Spliterator;Z)Ljava/util/stream/Stream;+11 java.base@19.0.2
j  java.util.Collection.stream()Ljava/util/stream/Stream;+7 java.base@19.0.2
j  jdk.internal.module.DefaultRoots.compute(Ljava/lang/module/ModuleFinder;Ljava/lang/module/ModuleFinder;)Ljava/util/Set;+6 java.base@19.0.2
j  jdk.internal.module.ModuleBootstrap.boot2()Ljava/lang/ModuleLayer;+727 java.base@19.0.2
j  jdk.internal.module.ModuleBootstrap.boot()Ljava/lang/ModuleLayer;+64 java.base@19.0.2
j  java.lang.System.initPhase2(ZZ)I+0 java.base@19.0.2
v  ~StubRoutines::call_stub 0x000002170753100e

---------------  P R O C E S S  ---------------

Threads class SMR info:
_java_thread_list=0x0000021713179c60, length=10, elements={
0x00000217720ee680, 0x0000021713175430, 0x0000021713176000, 0x000002171741b100,
0x000002171741ba30, 0x000002171741c360, 0x0000021717401090, 0x00000217174019c0,
0x0000021717402ad0, 0x00000217174056f0
}

Java Threads: ( => current thread )
=>0x00000217720ee680 JavaThread "main" [_thread_in_vm, id=18732, stack(0x0000003a8a300000,0x0000003a8a400000)]
  0x0000021713175430 JavaThread "Reference Handler" daemon [_thread_blocked, id=7588, stack(0x0000003a8aa00000,0x0000003a8ab00000)]
  0x0000021713176000 JavaThread "Finalizer" daemon [_thread_blocked, id=5320, stack(0x0000003a8ab00000,0x0000003a8ac00000)]
  0x000002171741b100 JavaThread "Signal Dispatcher" daemon [_thread_blocked, id=10244, stack(0x0000003a8ac00000,0x0000003a8ad00000)]
  0x000002171741ba30 JavaThread "Attach Listener" daemon [_thread_blocked, id=21776, stack(0x0000003a8ad00000,0x0000003a8ae00000)]
  0x000002171741c360 JavaThread "Service Thread" daemon [_thread_blocked, id=1160, stack(0x0000003a8ae00000,0x0000003a8af00000)]
  0x0000021717401090 JavaThread "Monitor Deflation Thread" daemon [_thread_blocked, id=4804, stack(0x0000003a8af00000,0x0000003a8b000000)]
  0x00000217174019c0 JavaThread "C2 CompilerThread0" daemon [_thread_blocked, id=13100, stack(0x0000003a8b000000,0x0000003a8b100000)]
  0x0000021717402ad0 JavaThread "C1 CompilerThread0" daemon [_thread_blocked, id=19132, stack(0x0000003a8b100000,0x0000003a8b200000)]
  0x00000217174056f0 JavaThread "Sweeper thread" daemon [_thread_blocked, id=16608, stack(0x0000003a8b200000,0x0000003a8b300000)]

Other Threads:
  0x000002171310f630 VMThread "VM Thread" [stack: 0x0000003a8a900000,0x0000003a8aa00000] [id=14968]
  0x000002177214e1d0 WorkerThread "GC Thread#0" [stack: 0x0000003a8a400000,0x0000003a8a500000] [id=10360]
  0x000002177215f030 ConcurrentGCThread "G1 Main Marker" [stack: 0x0000003a8a500000,0x0000003a8a600000] [id=9748]
  0x0000021772160200 WorkerThread "G1 Conc#0" [stack: 0x0000003a8a600000,0x0000003a8a700000] [id=4292]
  0x0000021772196530 ConcurrentGCThread "G1 Refine#0" [stack: 0x0000003a8a700000,0x0000003a8a800000] [id=11516]
  0x0000021772197f20 ConcurrentGCThread "G1 Service" [stack: 0x0000003a8a800000,0x0000003a8a900000] [id=19436]

Threads with active compile tasks:

VM state: not at safepoint (normal execution)

VM Mutex/Monitor currently owned by a thread:  ([mutex/lock_event])
[0x00000217720e91d0] Metaspace_lock - owner thread: 0x00000217720ee680

Heap address: 0x0000000082000000, size: 2016 MB, Compressed Oops mode: 32-bit

CDS archive(s) not mapped
Compressed class space mapped at: 0x0000000100000000-0x0000000140000000, reserved size: 1073741824
Narrow klass base: 0x0000000000000000, Narrow klass shift: 3, Narrow klass range: 0x140000000

GC Precious Log:
 CardTable entry size: 512
 Card Set container configuration: InlinePtr #cards 5 size 8 Array Of Cards #cards 12 size 40 Howl #buckets 4 coarsen threshold 1843 Howl Bitmap #cards 512 size 80 coarsen threshold 460 Card regions per heap region 1 cards per card region 2048
 CPUs: 12 total, 12 available
 Memory: 8059M
 Large Page Support: Disabled
 NUMA Support: Disabled
 Compressed Oops: Enabled (32-bit)
 Heap Region Size: 1M
 Heap Min Capacity: 8M
 Heap Initial Capacity: 8M
 Heap Max Capacity: 2016M
 Pre-touch: Disabled
 Parallel Workers: 10
 Concurrent Workers: 3
 Concurrent Refinement Workers: 10
 Periodic GC: Disabled

Heap:
 garbage-first heap   total 8192K, used 0K [0x0000000082000000, 0x0000000100000000)
  region size 1024K, 1 young (1024K), 0 survivors (0K)
 Metaspace       used 4353K, committed 4416K, reserved 1114112K
  class space    used 321K, committed 384K, reserved 1048576K

Heap Regions: E=young(eden), S=young(survivor), O=old, HS=humongous(starts), HC=humongous(continues), CS=collection set, F=free, OA=open archive, CA=closed archive, TAMS=top-at-mark-start (previous, next)
|   0|0x0000000082000000, 0x0000000082000000, 0x0000000082100000|  0%| F|  |TAMS 0x0000000082000000, 0x0000000082000000| Untracked 
|   1|0x0000000082100000, 0x0000000082100000, 0x0000000082200000|  0%| F|  |TAMS 0x0000000082100000, 0x0000000082100000| Untracked 
|   2|0x0000000082200000, 0x0000000082200000, 0x0000000082300000|  0%| F|  |TAMS 0x0000000082200000, 0x0000000082200000| Untracked 
|   3|0x0000000082300000, 0x0000000082300000, 0x0000000082400000|  0%| F|  |TAMS 0x0000000082300000, 0x0000000082300000| Untracked 
|   4|0x0000000082400000, 0x0000000082400000, 0x0000000082500000|  0%| F|  |TAMS 0x0000000082400000, 0x0000000082400000| Untracked 
|   5|0x0000000082500000, 0x0000000082500000, 0x0000000082600000|  0%| F|  |TAMS 0x0000000082500000, 0x0000000082500000| Untracked 
|   6|0x0000000082600000, 0x0000000082600000, 0x0000000082700000|  0%| F|  |TAMS 0x0000000082600000, 0x0000000082600000| Untracked 
|   7|0x0000000082700000, 0x00000000827babc8, 0x0000000082800000| 72%| E|  |TAMS 0x0000000082700000, 0x0000000082700000| Complete 

Card table byte_map: [0x000002177bc90000,0x000002177c080000] _byte_map_base: 0x000002177b880000

Marking Bits (Prev, Next): (CMBitMap*) 0x000002177214e800, (CMBitMap*) 0x000002177214e840
 Prev Bits: [0x000002177c470000, 0x000002177e3f0000)
 Next Bits: [0x000002170f000000, 0x0000021710f80000)

Polling page: 0x00000217700a0000

Metaspace:

Usage:
  Non-class:      3.94 MB used.
      Class:    321.01 KB used.
       Both:      4.25 MB used.

Virtual space:
  Non-class space:       64.00 MB reserved,       3.94 MB (  6%) committed,  1 nodes.
      Class space:        1.00 GB reserved,     384.00 KB ( <1%) committed,  1 nodes.
             Both:        1.06 GB reserved,       4.31 MB ( <1%) committed. 

Chunk freelists:
   Non-Class:  0 bytes
       Class:  3.62 MB
        Both:  3.62 MB

MaxMetaspaceSize: unlimited
CompressedClassSpaceSize: 1.00 GB
Initial GC threshold: 21.00 MB
Current GC threshold: 21.00 MB
CDS: off
MetaspaceReclaimPolicy: balanced
 - commit_granule_bytes: 65536.
 - commit_granule_words: 8192.
 - virtual_space_node_default_size: 8388608.
 - enlarge_chunks_in_place: 1.
 - new_chunks_are_fully_committed: 0.
 - uncommit_free_chunks: 1.
 - use_allocation_guard: 0.


Internal statistics:

num_allocs_failed_limit: 0.
num_arena_births: 2.
num_arena_deaths: 0.
num_vsnodes_births: 2.
num_vsnodes_deaths: 0.
num_space_committed: 69.
num_space_uncommitted: 0.
num_chunks_returned_to_freelist: 0.
num_chunks_taken_from_freelist: 4.
num_chunk_merges: 0.
num_chunk_splits: 1.
num_chunks_enlarged: 0.
num_inconsistent_stats: 0.

CodeHeap 'non-profiled nmethods': size=120000Kb used=9Kb max_used=9Kb free=119990Kb
 bounds [0x0000021707ad0000, 0x0000021707d40000, 0x000002170f000000]
CodeHeap 'profiled nmethods': size=120000Kb used=51Kb max_used=51Kb free=119948Kb
 bounds [0x0000021700000000, 0x0000021700270000, 0x0000021707530000]
CodeHeap 'non-nmethods': size=5760Kb used=1140Kb max_used=1140Kb free=4619Kb
 bounds [0x0000021707530000, 0x00000217077a0000, 0x0000021707ad0000]
 total_blobs=360 nmethods=42 adapters=229
 compilation: enabled
              stopped_count=0, restarted_count=0
 full_count=0

Compilation events (20 events):
Event: 0.051 Thread 0x0000021717402ad0 nmethod 27 0x0000021707ad0010 code [0x0000021707ad01a0, 0x0000021707ad0258]
Event: 0.052 Thread 0x0000021717402ad0   28       3       java.lang.String::isEmpty (14 bytes)
Event: 0.052 Thread 0x0000021717402ad0 nmethod 28 0x0000021700007c10 code [0x0000021700007da0, 0x0000021700007f18]
Event: 0.052 Thread 0x0000021717402ad0   29       1       java.lang.module.ModuleReference::descriptor (5 bytes)
Event: 0.052 Thread 0x0000021717402ad0 nmethod 29 0x0000021707ad0310 code [0x0000021707ad04a0, 0x0000021707ad0558]
Event: 0.052 Thread 0x0000021717402ad0   30       3       java.net.URI::hash (33 bytes)
Event: 0.052 Thread 0x00000217174019c0 nmethod 14 0x0000021707ad0610 code [0x0000021707ad07a0, 0x0000021707ad0918]
Event: 0.052 Thread 0x00000217174019c0   15       4       java.lang.Object::<init> (1 bytes)
Event: 0.052 Thread 0x00000217174019c0 nmethod 15 0x0000021707ad0a10 code [0x0000021707ad0b80, 0x0000021707ad0bf8]
Event: 0.052 Thread 0x0000021717402ad0 nmethod 30 0x0000021700008010 code [0x0000021700008220, 0x00000217000086b8]
Event: 0.055 Thread 0x0000021717402ad0   31       3       java.util.concurrent.ConcurrentHashMap::tabAt (22 bytes)
Event: 0.055 Thread 0x0000021717402ad0 nmethod 31 0x0000021700008890 code [0x0000021700008a40, 0x0000021700008d18]
Event: 0.055 Thread 0x0000021717402ad0   33       3       java.util.ImmutableCollections$SetN$SetNIterator::next (90 bytes)
Event: 0.055 Thread 0x0000021717402ad0 nmethod 33 0x0000021700008e10 code [0x0000021700008fe0, 0x0000021700009308]
Event: 0.055 Thread 0x0000021717402ad0   32       3       jdk.internal.misc.Unsafe::getReferenceAcquire (7 bytes)
Event: 0.055 Thread 0x0000021717402ad0 nmethod 32 0x0000021700009490 code [0x0000021700009620, 0x0000021700009778]
Event: 0.063 Thread 0x0000021717402ad0   37   !   3       java.util.concurrent.ConcurrentHashMap::putVal (432 bytes)
Event: 0.064 Thread 0x0000021717402ad0 nmethod 37 0x0000021700009810 code [0x0000021700009b80, 0x000002170000b668]
Event: 0.064 Thread 0x0000021717402ad0   36       3       java.util.concurrent.ConcurrentHashMap::addCount (280 bytes)
Event: 0.065 Thread 0x0000021717402ad0 nmethod 36 0x000002170000c010 code [0x000002170000c260, 0x000002170000cbe8]

GC Heap History (0 events):
No events

Dll operation events (2 events):
Event: 0.005 Loaded shared library C:\Program Files\Zulu\zulu-19\bin\java.dll
Event: 0.025 Loaded shared library C:\Program Files\Zulu\zulu-19\bin\jsvml.dll

Deoptimization events (0 events):
No events

Classes loaded (20 events):
Event: 0.063 Loading class java/lang/invoke/BoundMethodHandle$Specializer$Factory done
Event: 0.063 Loading class java/lang/invoke/SimpleMethodHandle
Event: 0.063 Loading class java/lang/invoke/SimpleMethodHandle done
Event: 0.064 Loading class java/lang/NoSuchFieldException
Event: 0.064 Loading class java/lang/NoSuchFieldException done
Event: 0.064 Loading class java/lang/invoke/BoundMethodHandle$Species_L
Event: 0.064 Loading class java/lang/invoke/BoundMethodHandle$Species_L done
Event: 0.064 Loading class java/lang/invoke/DirectMethodHandle$2
Event: 0.064 Loading class java/lang/invoke/DirectMethodHandle$2 done
Event: 0.064 Loading class java/lang/invoke/DirectMethodHandle$Accessor
Event: 0.064 Loading class java/lang/invoke/DirectMethodHandle$Accessor done
Event: 0.064 Loading class java/lang/invoke/DelegatingMethodHandle
Event: 0.064 Loading class java/lang/invoke/DelegatingMethodHandle done
Event: 0.064 Loading class java/lang/invoke/DelegatingMethodHandle$Holder
Event: 0.064 Loading class java/lang/invoke/DelegatingMethodHandle$Holder done
Event: 0.064 Loading class java/lang/invoke/VarHandle$AccessMode
Event: 0.065 Loading class java/lang/invoke/VarHandle$AccessMode done
Event: 0.065 Loading class java/lang/invoke/VarHandle$AccessType
Event: 0.065 Loading class java/lang/invoke/VarHandle$AccessType done
Event: 0.065 Loading class java/lang/invoke/Invokers$Holder

Classes unloaded (0 events):
No events

Classes redefined (0 events):
No events

Internal exceptions (0 events):
No events

VM Operations (0 events):
No events

Events (10 events):
Event: 0.025 Thread 0x00000217720ee680 Thread added: 0x00000217720ee680
Event: 0.043 Thread 0x0000021713175430 Thread added: 0x0000021713175430
Event: 0.043 Thread 0x0000021713176000 Thread added: 0x0000021713176000
Event: 0.044 Thread 0x000002171741b100 Thread added: 0x000002171741b100
Event: 0.044 Thread 0x000002171741ba30 Thread added: 0x000002171741ba30
Event: 0.044 Thread 0x000002171741c360 Thread added: 0x000002171741c360
Event: 0.044 Thread 0x0000021717401090 Thread added: 0x0000021717401090
Event: 0.044 Thread 0x00000217174019c0 Thread added: 0x00000217174019c0
Event: 0.044 Thread 0x0000021717402ad0 Thread added: 0x0000021717402ad0
Event: 0.044 Thread 0x00000217174056f0 Thread added: 0x00000217174056f0


Dynamic libraries:
0x00007ff6ef9f0000 - 0x00007ff6ef9f8000 	C:\Program Files\Zulu\zulu-19\bin\javac.exe
0x00007ffde4b30000 - 0x00007ffde4d44000 	C:\WINDOWS\SYSTEM32\ntdll.dll
0x00007ffde48b0000 - 0x00007ffde4973000 	C:\WINDOWS\System32\KERNEL32.DLL
0x00007ffde20b0000 - 0x00007ffde244c000 	C:\WINDOWS\System32\KERNELBASE.dll
0x00007ffde24c0000 - 0x00007ffde25d1000 	C:\WINDOWS\System32\ucrtbase.dll
0x00007ffdde660000 - 0x00007ffdde677000 	C:\Program Files\Zulu\zulu-19\bin\jli.dll
0x00007ffdde640000 - 0x00007ffdde65b000 	C:\Program Files\Zulu\zulu-19\bin\VCRUNTIME140.dll
0x00007ffde3c90000 - 0x00007ffde3e3d000 	C:\WINDOWS\System32\USER32.dll
0x00007ffde2680000 - 0x00007ffde26a6000 	C:\WINDOWS\System32\win32u.dll
0x00007ffdcd690000 - 0x00007ffdcd91e000 	C:\WINDOWS\WinSxS\amd64_microsoft.windows.common-controls_6595b64144ccf1df_6.0.22621.608_none_a9444ca7c10bb01d\COMCTL32.dll
0x00007ffde2e30000 - 0x00007ffde2e59000 	C:\WINDOWS\System32\GDI32.dll
0x00007ffde4a40000 - 0x00007ffde4ae7000 	C:\WINDOWS\System32\msvcrt.dll
0x00007ffde2820000 - 0x00007ffde2933000 	C:\WINDOWS\System32\gdi32full.dll
0x00007ffde25e0000 - 0x00007ffde267a000 	C:\WINDOWS\System32\msvcp_win.dll
0x00007ffde3bf0000 - 0x00007ffde3c21000 	C:\WINDOWS\System32\IMM32.DLL
0x00007ffdde630000 - 0x00007ffdde63c000 	C:\Program Files\Zulu\zulu-19\bin\vcruntime140_1.dll
0x00007ffdde5a0000 - 0x00007ffdde62d000 	C:\Program Files\Zulu\zulu-19\bin\msvcp140.dll
0x00007ffd8fd20000 - 0x00007ffd90a27000 	C:\Program Files\Zulu\zulu-19\bin\server\jvm.dll
0x00007ffde2e90000 - 0x00007ffde2f3e000 	C:\WINDOWS\System32\ADVAPI32.dll
0x00007ffde2940000 - 0x00007ffde29e4000 	C:\WINDOWS\System32\sechost.dll
0x00007ffde2f60000 - 0x00007ffde3075000 	C:\WINDOWS\System32\RPCRT4.dll
0x00007ffddc170000 - 0x00007ffddc179000 	C:\WINDOWS\SYSTEM32\WSOCK32.dll
0x00007ffdda430000 - 0x00007ffdda43a000 	C:\WINDOWS\SYSTEM32\VERSION.dll
0x00007ffddaab0000 - 0x00007ffddaae4000 	C:\WINDOWS\SYSTEM32\WINMM.dll
0x00007ffde29f0000 - 0x00007ffde2a61000 	C:\WINDOWS\System32\WS2_32.dll
0x00007ffde10b0000 - 0x00007ffde10c8000 	C:\WINDOWS\SYSTEM32\kernel.appcore.dll
0x00007ffdde590000 - 0x00007ffdde59a000 	C:\Program Files\Zulu\zulu-19\bin\jimage.dll
0x00007ffddf750000 - 0x00007ffddf97e000 	C:\WINDOWS\SYSTEM32\DBGHELP.DLL
0x00007ffde3f40000 - 0x00007ffde42c9000 	C:\WINDOWS\System32\combase.dll
0x00007ffde3080000 - 0x00007ffde3157000 	C:\WINDOWS\System32\OLEAUT32.dll
0x00007ffdc6fc0000 - 0x00007ffdc6ff2000 	C:\WINDOWS\SYSTEM32\dbgcore.DLL
0x00007ffde2030000 - 0x00007ffde20ab000 	C:\WINDOWS\System32\bcryptPrimitives.dll
0x00007ffdde560000 - 0x00007ffdde586000 	C:\Program Files\Zulu\zulu-19\bin\java.dll
0x00007ffdd7f30000 - 0x00007ffdd8007000 	C:\Program Files\Zulu\zulu-19\bin\jsvml.dll
0x00007ffde3380000 - 0x00007ffde3b70000 	C:\WINDOWS\System32\SHELL32.dll
0x00007ffddff90000 - 0x00007ffde085e000 	C:\WINDOWS\SYSTEM32\windows.storage.dll
0x00007ffddfce0000 - 0x00007ffddfe1e000 	C:\WINDOWS\SYSTEM32\wintypes.dll
0x00007ffde2d30000 - 0x00007ffde2e21000 	C:\WINDOWS\System32\SHCORE.dll
0x00007ffde3c30000 - 0x00007ffde3c8e000 	C:\WINDOWS\System32\shlwapi.dll
0x00007ffde1ea0000 - 0x00007ffde1ec1000 	C:\WINDOWS\SYSTEM32\profapi.dll

dbghelp: loaded successfully - version: 4.0.5 - missing functions: none
symbol engine: initialized successfully - sym options: 0x614 - pdb path: .;C:\Program Files\Zulu\zulu-19\bin;C:\WINDOWS\SYSTEM32;C:\WINDOWS\WinSxS\amd64_microsoft.windows.common-controls_6595b64144ccf1df_6.0.22621.608_none_a9444ca7c10bb01d;C:\Program Files\Zulu\zulu-19\bin\server

VM Arguments:
jvm_args: -Dapplication.home=C:\Program Files\Zulu\zulu-19 --add-modules=ALL-DEFAULT -Xms8m -Djdk.module.main=jdk.compiler 
java_command: jdk.compiler/com.sun.tools.javac.Main -d C:\Users\ulise\Desktop\TEC\Algoritmos y estructura de datos I\BuscaMinas\ventana busca minas\build\classes -classpath C:\Users\ulise\Desktop\TEC\Algoritmos y estructura de datos I\BuscaMinas\ventana busca minas\build\classes -sourcepath C:\Users\ulise\Desktop\TEC\Algoritmos y estructura de datos I\BuscaMinas\ventana busca minas\src -target 19 -encoding UTF-8 -g -processorpath C:\Users\ulise\Desktop\TEC\Algoritmos y estructura de datos I\BuscaMinas\ventana busca minas\build\empty -s C:\Users\ulise\Desktop\TEC\Algoritmos y estructura de datos I\BuscaMinas\ventana busca minas\build\generated-sources\ap-source-output -source 19 C:\Users\ulise\Desktop\TEC\Algoritmos y estructura de datos I\BuscaMinas\ventana busca minas\src\BuscaminasFX.java
java_class_path (initial): <not set>
Launcher Type: SUN_STANDARD

[Global flags]
     intx CICompilerCount                          = 4                                         {product} {ergonomic}
     uint ConcGCThreads                            = 3                                         {product} {ergonomic}
     uint G1ConcRefinementThreads                  = 10                                        {product} {ergonomic}
   size_t G1HeapRegionSize                         = 1048576                                   {product} {ergonomic}
    uintx GCDrainStackTargetSize                   = 64                                        {product} {ergonomic}
   size_t InitialHeapSize                          = 8388608                                   {product} {command line}
   size_t MarkStackSize                            = 4194304                                   {product} {ergonomic}
   size_t MaxHeapSize                              = 2113929216                                {product} {ergonomic}
   size_t MaxNewSize                               = 1267728384                                {product} {ergonomic}
   size_t MinHeapDeltaBytes                        = 1048576                                   {product} {ergonomic}
   size_t MinHeapSize                              = 8388608                                   {product} {command line}
    uintx NonNMethodCodeHeapSize                   = 5839372                                {pd product} {ergonomic}
    uintx NonProfiledCodeHeapSize                  = 122909434                              {pd product} {ergonomic}
    uintx ProfiledCodeHeapSize                     = 122909434                              {pd product} {ergonomic}
    uintx ReservedCodeCacheSize                    = 251658240                              {pd product} {ergonomic}
     bool SegmentedCodeCache                       = true                                      {product} {ergonomic}
   size_t SoftMaxHeapSize                          = 2113929216                             {manageable} {ergonomic}
     bool UseCompressedClassPointers               = true                           {product lp64_product} {ergonomic}
     bool UseCompressedOops                        = true                           {product lp64_product} {ergonomic}
     bool UseG1GC                                  = true                                      {product} {ergonomic}
     bool UseLargePagesIndividualAllocation        = false                                  {pd product} {ergonomic}

Logging:
Log output configuration:
 #0: stdout all=warning uptime,level,tags foldmultilines=false
 #1: stderr all=off uptime,level,tags foldmultilines=false

Environment Variables:
PATH=C:\Program Files\Zulu\zulu-19\bin\;C:\Program Files\Common Files\Oracle\Java\javapath;C:\Program Files (x86)\Common Files\Oracle\Java\javapath;C:\Windows\system32;C:\Windows;C:\Windows\System32\Wbem;C:\Windows\System32\WindowsPowerShell\v1.0\;C:\Windows\System32\OpenSSH\;C:\Program Files (x86)\NVIDIA Corporation\PhysX\Common;C:\Program Files\NVIDIA Corporation\NVIDIA NvDLISR;C:\WINDOWS\system32;C:\WINDOWS;C:\WINDOWS\System32\Wbem;C:\WINDOWS\System32\WindowsPowerShell\v1.0\;C:\WINDOWS\System32\OpenSSH\;C:\Program Files\nodejs\;C:\Program Files\Git\cmd;C:\Users\ulise\AppData\Local\Microsoft\WindowsApps;C:\Users\ulise\AppData\Local\Programs\Microsoft VS Code\bin;C:\Users\ulise\AppData\Roaming\npm;C:\Users\ulise\AppData\Local\GitHubDesktop\bin
USERNAME=ulise
OS=Windows_NT
PROCESSOR_IDENTIFIER=Intel64 Family 6 Model 165 Stepping 2, GenuineIntel
TMP=C:\Users\ulise\AppData\Local\Temp
TEMP=C:\Users\ulise\AppData\Local\Temp



---------------  S Y S T E M  ---------------

OS:
 Windows 11 , 64 bit Build 22621 (10.0.22621.1344)
OS uptime: 1 days 3:48 hours

CPU: total 12 (initial active 12) (6 cores per cpu, 2 threads per core) family 6 model 165 stepping 2 microcode 0xe2, cx8, cmov, fxsr, ht, mmx, 3dnowpref, sse, sse2, sse3, ssse3, sse4.1, sse4.2, popcnt, lzcnt, tsc, tscinvbit, avx, avx2, aes, erms, clmul, bmi1, bmi2, adx, fma, vzeroupper, clflush, clflushopt, rdtscp

Memory: 4k page, system-wide physical 8059M (1166M free)
TotalPageFile size 12155M (AvailPageFile size 5M)
current process WorkingSet (physical memory assigned to process): 26M, peak: 26M
current process commit charge ("private bytes"): 81M, peak: 85M

vm_info: OpenJDK 64-Bit Server VM (19.0.2+7) for windows-amd64 JRE (19.0.2+7) (Zulu19.32+15-CA), built on Dec 28 2022 19:25:40 by "zulu_re" with MS VC++ 16.10 / 16.11 (VS2019)

END.
