#
# There is insufficient memory for the Java Runtime Environment to continue.
# Native memory allocation (malloc) failed to allocate 32744 bytes for Chunk::new
# Possible reasons:
#   The system is out of physical RAM or swap space
#   The process is running with CompressedOops enabled, and the Java Heap may be blocking the growth of the native heap
# Possible solutions:
#   Reduce memory load on the system
#   Increase physical memory or swap space
#   Check if swap backing store is full
#   Decrease Java heap size (-Xmx/-Xms)
#   Decrease number of Java threads
#   Decrease Java thread stack sizes (-Xss)
#   Set larger code cache with -XX:ReservedCodeCacheSize=
#   JVM is running with Unscaled Compressed Oops mode in which the Java heap is
#     placed in the first 4GB address space. The Java Heap base address is the
#     maximum limit for the native heap growth. Please use -XX:HeapBaseMinAddress
#     to set the Java Heap base and to place the Java Heap above 4GB virtual address.
# This output file may be truncated or incomplete.
#
#  Out of Memory Error (arena.cpp:184), pid=2444, tid=4772
#
# JRE version: OpenJDK Runtime Environment Zulu19.32+15-CA (19.0.2+7) (build 19.0.2+7)
# Java VM: OpenJDK 64-Bit Server VM Zulu19.32+15-CA (19.0.2+7, mixed mode, sharing, tiered, compressed oops, compressed class ptrs, g1 gc, windows-amd64)
# No core dump will be written. Minidumps are not enabled by default on client versions of Windows
#

---------------  S U M M A R Y ------------

Command Line: -Dapplication.home=C:\Program Files\Zulu\zulu-19 --add-modules=ALL-DEFAULT -Xms8m -Djdk.module.main=jdk.compiler jdk.compiler/com.sun.tools.javac.Main -d C:\Users\ulise\Desktop\TEC\Algoritmos y estructura de datos I\BuscaMinas\ventana busca minas\build\classes -classpath C:\Users\ulise\Desktop\TEC\Algoritmos y estructura de datos I\BuscaMinas\ventana busca minas\build\classes -sourcepath C:\Users\ulise\Desktop\TEC\Algoritmos y estructura de datos I\BuscaMinas\ventana busca minas\src -target 19 -encoding UTF-8 -g -processorpath C:\Users\ulise\Desktop\TEC\Algoritmos y estructura de datos I\BuscaMinas\ventana busca minas\build\empty -s C:\Users\ulise\Desktop\TEC\Algoritmos y estructura de datos I\BuscaMinas\ventana busca minas\build\generated-sources\ap-source-output -source 19 C:\Users\ulise\Desktop\TEC\Algoritmos y estructura de datos I\BuscaMinas\ventana busca minas\src\BuscaminasFX.java

Host: Intel(R) Core(TM) i7-10750H CPU @ 2.60GHz, 12 cores, 7G,  Windows 11 , 64 bit Build 22621 (10.0.22621.1344)
Time: Tue Mar 21 14:39:56 2023 Hora estándar, América Central elapsed time: 0.463359 seconds (0d 0h 0m 0s)

---------------  T H R E A D  ---------------

Current thread (0x000002ba79cdf910):  JavaThread "C1 CompilerThread0" daemon [_thread_in_native, id=4772, stack(0x000000cb5b500000,0x000000cb5b600000)]


Current CompileTask:
C1:    463 1235       3       com.sun.tools.javac.code.Symbol$MethodSymbol::<init> (85 bytes)

Stack: [0x000000cb5b500000,0x000000cb5b600000]
Native frames: (J=compiled Java code, j=interpreted, Vv=VM code, C=native code)
V  [jvm.dll+0x6eab2a]
V  [jvm.dll+0x8a4a20]
V  [jvm.dll+0x8a640e]
V  [jvm.dll+0x8a6ac3]
V  [jvm.dll+0x27c1ef]
V  [jvm.dll+0xc245f]
V  [jvm.dll+0xc27d5]
V  [jvm.dll+0x27e400]
V  [jvm.dll+0x159472]
V  [jvm.dll+0x1589ef]
V  [jvm.dll+0x15a6e1]
V  [jvm.dll+0x254799]
V  [jvm.dll+0x2529a8]
V  [jvm.dll+0x854e98]
V  [jvm.dll+0x84ec7a]
V  [jvm.dll+0x6e981b]
C  [ucrtbase.dll+0x29363]
C  [KERNEL32.DLL+0x126bd]
C  [ntdll.dll+0x5a9f8]


---------------  P R O C E S S  ---------------

Threads class SMR info:
_java_thread_list=0x000002ba7e58b740, length=14, elements={
0x000002ba66c7d400, 0x000002ba79ca17f0, 0x000002ba79ca2320, 0x000002ba79ca9000,
0x000002ba79ca9930, 0x000002ba79caa260, 0x000002ba79caab90, 0x000002ba79cb9d20,
0x000002ba79cdf910, 0x000002ba79ce3ed0, 0x000002ba79c78710, 0x000002ba7e13fed0,
0x000002ba79cdc700, 0x000002ba79cdfea0
}

Java Threads: ( => current thread )
  0x000002ba66c7d400 JavaThread "main" [_thread_in_Java, id=18752, stack(0x000000cb5a700000,0x000000cb5a800000)]
  0x000002ba79ca17f0 JavaThread "Reference Handler" daemon [_thread_blocked, id=3284, stack(0x000000cb5ae00000,0x000000cb5af00000)]
  0x000002ba79ca2320 JavaThread "Finalizer" daemon [_thread_blocked, id=6752, stack(0x000000cb5af00000,0x000000cb5b000000)]
  0x000002ba79ca9000 JavaThread "Signal Dispatcher" daemon [_thread_blocked, id=19628, stack(0x000000cb5b000000,0x000000cb5b100000)]
  0x000002ba79ca9930 JavaThread "Attach Listener" daemon [_thread_blocked, id=17632, stack(0x000000cb5b100000,0x000000cb5b200000)]
  0x000002ba79caa260 JavaThread "Service Thread" daemon [_thread_blocked, id=11908, stack(0x000000cb5b200000,0x000000cb5b300000)]
  0x000002ba79caab90 JavaThread "Monitor Deflation Thread" daemon [_thread_blocked, id=20540, stack(0x000000cb5b300000,0x000000cb5b400000)]
  0x000002ba79cb9d20 JavaThread "C2 CompilerThread0" daemon [_thread_in_native, id=18480, stack(0x000000cb5b400000,0x000000cb5b500000)]
=>0x000002ba79cdf910 JavaThread "C1 CompilerThread0" daemon [_thread_in_native, id=4772, stack(0x000000cb5b500000,0x000000cb5b600000)]
  0x000002ba79ce3ed0 JavaThread "Sweeper thread" daemon [_thread_blocked, id=11132, stack(0x000000cb5b600000,0x000000cb5b700000)]
  0x000002ba79c78710 JavaThread "Common-Cleaner" daemon [_thread_blocked, id=8188, stack(0x000000cb5b700000,0x000000cb5b800000)]
  0x000002ba7e13fed0 JavaThread "Notification Thread" daemon [_thread_blocked, id=1520, stack(0x000000cb5b800000,0x000000cb5b900000)]
  0x000002ba79cdc700 JavaThread "C2 CompilerThread1" daemon [_thread_in_native, id=17320, stack(0x000000cb5bf00000,0x000000cb5c000000)]
  0x000002ba79cdfea0 JavaThread "C2 CompilerThread2" daemon [_thread_in_native, id=20288, stack(0x000000cb5c000000,0x000000cb5c100000)]

Other Threads:
  0x000002ba79c89aa0 VMThread "VM Thread" [stack: 0x000000cb5ad00000,0x000000cb5ae00000] [id=6876]
  0x000002ba7e0c56f0 WatcherThread "VM Periodic Task Thread" [stack: 0x000000cb5b900000,0x000000cb5ba00000] [id=15832]
  0x000002ba66ec9ec0 WorkerThread "GC Thread#0" [stack: 0x000000cb5a800000,0x000000cb5a900000] [id=16860]
  0x000002ba7e2a2980 WorkerThread "GC Thread#1" [stack: 0x000000cb5ba00000,0x000000cb5bb00000] [id=5048]
  0x000002ba7e3a3760 WorkerThread "GC Thread#2" [stack: 0x000000cb5bb00000,0x000000cb5bc00000] [id=4260]
  0x000002ba7e3a3a30 WorkerThread "GC Thread#3" [stack: 0x000000cb5bc00000,0x000000cb5bd00000] [id=14332]
  0x000002ba7e495df0 WorkerThread "GC Thread#4" [stack: 0x000000cb5bd00000,0x000000cb5be00000] [id=13224]
  0x000002ba7e496930 WorkerThread "GC Thread#5" [stack: 0x000000cb5be00000,0x000000cb5bf00000] [id=12096]
  0x000002ba7e495850 WorkerThread "GC Thread#6" [stack: 0x000000cb5c100000,0x000000cb5c200000] [id=16768]
  0x000002ba66edad20 ConcurrentGCThread "G1 Main Marker" [stack: 0x000000cb5a900000,0x000000cb5aa00000] [id=12712]
  0x000002ba66edc760 WorkerThread "G1 Conc#0" [stack: 0x000000cb5aa00000,0x000000cb5ab00000] [id=17308]
  0x000002ba79b44150 ConcurrentGCThread "G1 Refine#0" [stack: 0x000000cb5ab00000,0x000000cb5ac00000] [id=3840]
  0x000002ba79b45b40 ConcurrentGCThread "G1 Service" [stack: 0x000000cb5ac00000,0x000000cb5ad00000] [id=2832]

Threads with active compile tasks:
C2 CompilerThread0      475 1196   !   4       com.sun.tools.javac.jvm.ClassReader::classSigToType (497 bytes)
C1 CompilerThread0      475 1235       3       com.sun.tools.javac.code.Symbol$MethodSymbol::<init> (85 bytes)
C2 CompilerThread1      475 1069       4       jdk.internal.jimage.ImageLocation::getFullName (109 bytes)
C2 CompilerThread2      475 1222       4       java.util.regex.Pattern::compile (537 bytes)

VM state: not at safepoint (normal execution)

VM Mutex/Monitor currently owned by a thread: None

Heap address: 0x0000000082000000, size: 2016 MB, Compressed Oops mode: 32-bit

CDS archive(s) mapped at: [0x0000000800000000-0x0000000800c40000-0x0000000800c40000), size 12845056, SharedBaseAddress: 0x0000000800000000, ArchiveRelocationMode: 0.
Compressed class space mapped at: 0x0000000801000000-0x0000000841000000, reserved size: 1073741824
Narrow klass base: 0x0000000800000000, Narrow klass shift: 0, Narrow klass range: 0x100000000

GC Precious Log:
 CardTable entry size: 512
 Card Set container configuration: InlinePtr #cards 5 size 8 Array Of Cards #cards 12 size 40 Howl #buckets 4 coarsen threshold 1843 Howl Bitmap #cards 512 size 80 coarsen threshold 460 Card regions per heap region 1 cards per card region 2048
 CPUs: 12 total, 12 available
 Memory: 8059M
 Large Page Support: Disabled
 NUMA Support: Disabled
 Compressed Oops: Enabled (32-bit)
 Heap Region Size: 1M
 Heap Min Capacity: 8M
 Heap Initial Capacity: 8M
 Heap Max Capacity: 2016M
 Pre-touch: Disabled
 Parallel Workers: 10
 Concurrent Workers: 3
 Concurrent Refinement Workers: 10
 Periodic GC: Disabled

Heap:
 garbage-first heap   total 20480K, used 7600K [0x0000000082000000, 0x0000000100000000)
  region size 1024K, 4 young (4096K), 2 survivors (2048K)
 Metaspace       used 8606K, committed 8768K, reserved 1114112K
  class space    used 950K, committed 1024K, reserved 1048576K

Heap Regions: E=young(eden), S=young(survivor), O=old, HS=humongous(starts), HC=humongous(continues), CS=collection set, F=free, OA=open archive, CA=closed archive, TAMS=top-at-mark-start (previous, next)
|   0|0x0000000082000000, 0x0000000082100000, 0x0000000082100000|100%| O|  |TAMS 0x0000000082000000, 0x0000000082000000| Untracked 
|   1|0x0000000082100000, 0x0000000082200000, 0x0000000082200000|100%| O|  |TAMS 0x0000000082100000, 0x0000000082100000| Untracked 
|   2|0x0000000082200000, 0x0000000082300000, 0x0000000082300000|100%| O|  |TAMS 0x0000000082200000, 0x0000000082200000| Untracked 
|   3|0x0000000082300000, 0x0000000082400000, 0x0000000082400000|100%| O|  |TAMS 0x0000000082300000, 0x0000000082300000| Untracked 
|   4|0x0000000082400000, 0x000000008246c200, 0x0000000082500000| 42%| O|  |TAMS 0x0000000082400000, 0x0000000082400000| Untracked 
|   5|0x0000000082500000, 0x0000000082500000, 0x0000000082600000|  0%| F|  |TAMS 0x0000000082500000, 0x0000000082500000| Untracked 
|   6|0x0000000082600000, 0x0000000082600000, 0x0000000082700000|  0%| F|  |TAMS 0x0000000082600000, 0x0000000082600000| Untracked 
|   7|0x0000000082700000, 0x0000000082700000, 0x0000000082800000|  0%| F|  |TAMS 0x0000000082700000, 0x0000000082700000| Untracked 
|   8|0x0000000082800000, 0x0000000082800000, 0x0000000082900000|  0%| F|  |TAMS 0x0000000082800000, 0x0000000082800000| Untracked 
|   9|0x0000000082900000, 0x0000000082a00000, 0x0000000082a00000|100%| S|CS|TAMS 0x0000000082900000, 0x0000000082900000| Complete 
|  10|0x0000000082a00000, 0x0000000082b00000, 0x0000000082b00000|100%| S|CS|TAMS 0x0000000082a00000, 0x0000000082a00000| Complete 
|  11|0x0000000082b00000, 0x0000000082b00000, 0x0000000082c00000|  0%| F|  |TAMS 0x0000000082b00000, 0x0000000082b00000| Untracked 
|  12|0x0000000082c00000, 0x0000000082c00000, 0x0000000082d00000|  0%| F|  |TAMS 0x0000000082c00000, 0x0000000082c00000| Untracked 
|  13|0x0000000082d00000, 0x0000000082d00000, 0x0000000082e00000|  0%| F|  |TAMS 0x0000000082d00000, 0x0000000082d00000| Untracked 
|  14|0x0000000082e00000, 0x0000000082e00000, 0x0000000082f00000|  0%| F|  |TAMS 0x0000000082e00000, 0x0000000082e00000| Untracked 
|  15|0x0000000082f00000, 0x0000000082f00000, 0x0000000083000000|  0%| F|  |TAMS 0x0000000082f00000, 0x0000000082f00000| Untracked 
|  16|0x0000000083000000, 0x0000000083000000, 0x0000000083100000|  0%| F|  |TAMS 0x0000000083000000, 0x0000000083000000| Untracked 
|  17|0x0000000083100000, 0x0000000083100000, 0x0000000083200000|  0%| F|  |TAMS 0x0000000083100000, 0x0000000083100000| Untracked 
|  18|0x0000000083200000, 0x0000000083246940, 0x0000000083300000| 27%| E|  |TAMS 0x0000000083200000, 0x0000000083200000| Complete 
|  19|0x0000000083300000, 0x0000000083400000, 0x0000000083400000|100%| E|CS|TAMS 0x0000000083300000, 0x0000000083300000| Complete 

Card table byte_map: [0x000002ba72930000,0x000002ba72d20000] _byte_map_base: 0x000002ba72520000

Marking Bits (Prev, Next): (CMBitMap*) 0x000002ba66eca4f0, (CMBitMap*) 0x000002ba66eca530
 Prev Bits: [0x000002ba73110000, 0x000002ba75090000)
 Next Bits: [0x000002ba75090000, 0x000002ba77010000)

Polling page: 0x000002ba66f30000

Metaspace:

Usage:
  Non-class:      7.48 MB used.
      Class:    950.45 KB used.
       Both:      8.41 MB used.

Virtual space:
  Non-class space:       64.00 MB reserved,       7.56 MB ( 12%) committed,  1 nodes.
      Class space:        1.00 GB reserved,       1.00 MB ( <1%) committed,  1 nodes.
             Both:        1.06 GB reserved,       8.56 MB ( <1%) committed. 

Chunk freelists:
   Non-Class:  2.19 MB
       Class:  2.94 MB
        Both:  5.12 MB

MaxMetaspaceSize: unlimited
CompressedClassSpaceSize: 1.00 GB
Initial GC threshold: 21.00 MB
Current GC threshold: 21.00 MB
CDS: on
MetaspaceReclaimPolicy: balanced
 - commit_granule_bytes: 65536.
 - commit_granule_words: 8192.
 - virtual_space_node_default_size: 8388608.
 - enlarge_chunks_in_place: 1.
 - new_chunks_are_fully_committed: 0.
 - uncommit_free_chunks: 1.
 - use_allocation_guard: 0.


Internal statistics:

num_allocs_failed_limit: 0.
num_arena_births: 68.
num_arena_deaths: 0.
num_vsnodes_births: 2.
num_vsnodes_deaths: 0.
num_space_committed: 137.
num_space_uncommitted: 0.
num_chunks_returned_to_freelist: 0.
num_chunks_taken_from_freelist: 338.
num_chunk_merges: 0.
num_chunk_splits: 251.
num_chunks_enlarged: 203.
num_inconsistent_stats: 0.

CodeHeap 'non-profiled nmethods': size=120000Kb used=384Kb max_used=384Kb free=119615Kb
 bounds [0x000002ba07ad0000, 0x000002ba07d40000, 0x000002ba0f000000]
CodeHeap 'profiled nmethods': size=120000Kb used=2172Kb max_used=2172Kb free=117827Kb
 bounds [0x000002ba00000000, 0x000002ba00270000, 0x000002ba07530000]
CodeHeap 'non-nmethods': size=5760Kb used=1228Kb max_used=1264Kb free=4531Kb
 bounds [0x000002ba07530000, 0x000002ba077a0000, 0x000002ba07ad0000]
 total_blobs=1651 nmethods=1224 adapters=337
 compilation: enabled
              stopped_count=0, restarted_count=0
 full_count=0

Compilation events (20 events):
Event: 0.459 Thread 0x000002ba79cdfea0 1222       4       java.util.regex.Pattern::compile (537 bytes)
Event: 0.459 Thread 0x000002ba79cdf910 1224       3       java.util.Spliterators$IteratorSpliterator::estimateSize (41 bytes)
Event: 0.460 Thread 0x000002ba79cdf910 nmethod 1224 0x000002ba0021bd10 code [0x000002ba0021bee0, 0x000002ba0021c258]
Event: 0.460 Thread 0x000002ba79cdf910 1228       3       java.util.stream.AbstractPipeline::copyIntoWithCancel (46 bytes)
Event: 0.460 Thread 0x000002ba79cdf910 nmethod 1228 0x000002ba0021c390 code [0x000002ba0021c580, 0x000002ba0021ca78]
Event: 0.460 Thread 0x000002ba79cdf910 1227       3       com.sun.tools.javac.util.Assert::checkNonNull (19 bytes)
Event: 0.460 Thread 0x000002ba79cdf910 nmethod 1227 0x000002ba0021cc10 code [0x000002ba0021cde0, 0x000002ba0021d1f8]
Event: 0.460 Thread 0x000002ba79cdf910 1226       3       com.sun.tools.javac.tree.JCTree::pos (2 bytes)
Event: 0.460 Thread 0x000002ba79cdf910 nmethod 1226 0x000002ba0021d390 code [0x000002ba0021d520, 0x000002ba0021d638]
Event: 0.460 Thread 0x000002ba79cdf910 1225       3       com.sun.tools.javac.tree.JCTree$JCFieldAccess::getTag (4 bytes)
Event: 0.460 Thread 0x000002ba79cdf910 nmethod 1225 0x000002ba0021d710 code [0x000002ba0021d8a0, 0x000002ba0021d9b8]
Event: 0.461 Thread 0x000002ba79cdf910 1230       3       java.util.RegularEnumSet::add (9 bytes)
Event: 0.461 Thread 0x000002ba79cdf910 nmethod 1230 0x000002ba0021da90 code [0x000002ba0021dc40, 0x000002ba0021de88]
Event: 0.461 Thread 0x000002ba79cdf910 1231       3       java.util.RegularEnumSet::add (40 bytes)
Event: 0.462 Thread 0x000002ba79cdf910 nmethod 1231 0x000002ba0021df90 code [0x000002ba0021e140, 0x000002ba0021e328]
Event: 0.462 Thread 0x000002ba79cdf910 1232       3       java.util.stream.ReferencePipeline$3::opWrapSink (10 bytes)
Event: 0.462 Thread 0x000002ba79cdf910 nmethod 1232 0x000002ba0021e410 code [0x000002ba0021e600, 0x000002ba0021ebc8]
Event: 0.462 Thread 0x000002ba79cdf910 1241       3       com.sun.tools.javac.jvm.Code::width (42 bytes)
Event: 0.462 Thread 0x000002ba79cdf910 nmethod 1241 0x000002ba0021ed90 code [0x000002ba0021ef40, 0x000002ba0021f118]
Event: 0.462 Thread 0x000002ba79cdf910 1235       3       com.sun.tools.javac.code.Symbol$MethodSymbol::<init> (85 bytes)

GC Heap History (20 events):
Event: 0.146 GC heap before
{Heap before GC invocations=0 (full 0):
 garbage-first heap   total 8192K, used 3072K [0x0000000082000000, 0x0000000100000000)
  region size 1024K, 3 young (3072K), 0 survivors (0K)
 Metaspace       used 2599K, committed 2816K, reserved 1114112K
  class space    used 328K, committed 448K, reserved 1048576K
}
Event: 0.148 GC heap after
{Heap after GC invocations=1 (full 0):
 garbage-first heap   total 8192K, used 1184K [0x0000000082000000, 0x0000000100000000)
  region size 1024K, 1 young (1024K), 1 survivors (1024K)
 Metaspace       used 2599K, committed 2816K, reserved 1114112K
  class space    used 328K, committed 448K, reserved 1048576K
}
Event: 0.205 GC heap before
{Heap before GC invocations=1 (full 0):
 garbage-first heap   total 8192K, used 2208K [0x0000000082000000, 0x0000000100000000)
  region size 1024K, 2 young (2048K), 1 survivors (1024K)
 Metaspace       used 4969K, committed 5184K, reserved 1114112K
  class space    used 597K, committed 704K, reserved 1048576K
}
Event: 0.208 GC heap after
{Heap after GC invocations=2 (full 0):
 garbage-first heap   total 8192K, used 1847K [0x0000000082000000, 0x0000000100000000)
  region size 1024K, 1 young (1024K), 1 survivors (1024K)
 Metaspace       used 4969K, committed 5184K, reserved 1114112K
  class space    used 597K, committed 704K, reserved 1048576K
}
Event: 0.250 GC heap before
{Heap before GC invocations=2 (full 0):
 garbage-first heap   total 8192K, used 2871K [0x0000000082000000, 0x0000000100000000)
  region size 1024K, 2 young (2048K), 1 survivors (1024K)
 Metaspace       used 6511K, committed 6656K, reserved 1114112K
  class space    used 750K, committed 832K, reserved 1048576K
}
Event: 0.253 GC heap after
{Heap after GC invocations=3 (full 0):
 garbage-first heap   total 8192K, used 2181K [0x0000000082000000, 0x0000000100000000)
  region size 1024K, 1 young (1024K), 1 survivors (1024K)
 Metaspace       used 6511K, committed 6656K, reserved 1114112K
  class space    used 750K, committed 832K, reserved 1048576K
}
Event: 0.298 GC heap before
{Heap before GC invocations=3 (full 0):
 garbage-first heap   total 8192K, used 3205K [0x0000000082000000, 0x0000000100000000)
  region size 1024K, 2 young (2048K), 1 survivors (1024K)
 Metaspace       used 7837K, committed 8000K, reserved 1114112K
  class space    used 875K, committed 960K, reserved 1048576K
}
Event: 0.299 GC heap after
{Heap after GC invocations=4 (full 0):
 garbage-first heap   total 8192K, used 2459K [0x0000000082000000, 0x0000000100000000)
  region size 1024K, 1 young (1024K), 1 survivors (1024K)
 Metaspace       used 7837K, committed 8000K, reserved 1114112K
  class space    used 875K, committed 960K, reserved 1048576K
}
Event: 0.322 GC heap before
{Heap before GC invocations=4 (full 0):
 garbage-first heap   total 8192K, used 3483K [0x0000000082000000, 0x0000000100000000)
  region size 1024K, 2 young (2048K), 1 survivors (1024K)
 Metaspace       used 8056K, committed 8256K, reserved 1114112K
  class space    used 898K, committed 1024K, reserved 1048576K
}
Event: 0.324 GC heap after
{Heap after GC invocations=5 (full 0):
 garbage-first heap   total 11264K, used 2778K [0x0000000082000000, 0x0000000100000000)
  region size 1024K, 1 young (1024K), 1 survivors (1024K)
 Metaspace       used 8056K, committed 8256K, reserved 1114112K
  class space    used 898K, committed 1024K, reserved 1048576K
}
Event: 0.355 GC heap before
{Heap before GC invocations=5 (full 0):
 garbage-first heap   total 11264K, used 4826K [0x0000000082000000, 0x0000000100000000)
  region size 1024K, 3 young (3072K), 1 survivors (1024K)
 Metaspace       used 8276K, committed 8512K, reserved 1114112K
  class space    used 925K, committed 1024K, reserved 1048576K
}
Event: 0.358 GC heap after
{Heap after GC invocations=6 (full 0):
 garbage-first heap   total 11264K, used 3434K [0x0000000082000000, 0x0000000100000000)
  region size 1024K, 1 young (1024K), 1 survivors (1024K)
 Metaspace       used 8276K, committed 8512K, reserved 1114112K
  class space    used 925K, committed 1024K, reserved 1048576K
}
Event: 0.372 GC heap before
{Heap before GC invocations=6 (full 0):
 garbage-first heap   total 11264K, used 5482K [0x0000000082000000, 0x0000000100000000)
  region size 1024K, 3 young (3072K), 1 survivors (1024K)
 Metaspace       used 8317K, committed 8512K, reserved 1114112K
  class space    used 925K, committed 1024K, reserved 1048576K
}
Event: 0.374 GC heap after
{Heap after GC invocations=7 (full 0):
 garbage-first heap   total 11264K, used 3714K [0x0000000082000000, 0x0000000100000000)
  region size 1024K, 1 young (1024K), 1 survivors (1024K)
 Metaspace       used 8317K, committed 8512K, reserved 1114112K
  class space    used 925K, committed 1024K, reserved 1048576K
}
Event: 0.388 GC heap before
{Heap before GC invocations=7 (full 0):
 garbage-first heap   total 11264K, used 4738K [0x0000000082000000, 0x0000000100000000)
  region size 1024K, 2 young (2048K), 1 survivors (1024K)
 Metaspace       used 8401K, committed 8576K, reserved 1114112K
  class space    used 934K, committed 1024K, reserved 1048576K
}
Event: 0.389 GC heap after
{Heap after GC invocations=8 (full 0):
 garbage-first heap   total 11264K, used 3791K [0x0000000082000000, 0x0000000100000000)
  region size 1024K, 1 young (1024K), 1 survivors (1024K)
 Metaspace       used 8401K, committed 8576K, reserved 1114112K
  class space    used 934K, committed 1024K, reserved 1048576K
}
Event: 0.394 GC heap before
{Heap before GC invocations=8 (full 0):
 garbage-first heap   total 11264K, used 5839K [0x0000000082000000, 0x0000000100000000)
  region size 1024K, 3 young (3072K), 1 survivors (1024K)
 Metaspace       used 8423K, committed 8576K, reserved 1114112K
  class space    used 934K, committed 1024K, reserved 1048576K
}
Event: 0.394 GC heap after
{Heap after GC invocations=9 (full 0):
 garbage-first heap   total 20480K, used 4156K [0x0000000082000000, 0x0000000100000000)
  region size 1024K, 1 young (1024K), 1 survivors (1024K)
 Metaspace       used 8423K, committed 8576K, reserved 1114112K
  class space    used 934K, committed 1024K, reserved 1048576K
}
Event: 0.432 GC heap before
{Heap before GC invocations=9 (full 0):
 garbage-first heap   total 20480K, used 11324K [0x0000000082000000, 0x0000000100000000)
  region size 1024K, 8 young (8192K), 1 survivors (1024K)
 Metaspace       used 8560K, committed 8768K, reserved 1114112K
  class space    used 949K, committed 1024K, reserved 1048576K
}
Event: 0.439 GC heap after
{Heap after GC invocations=10 (full 0):
 garbage-first heap   total 20480K, used 4978K [0x0000000082000000, 0x0000000100000000)
  region size 1024K, 1 young (1024K), 1 survivors (1024K)
 Metaspace       used 8560K, committed 8768K, reserved 1114112K
  class space    used 949K, committed 1024K, reserved 1048576K
}

Dll operation events (5 events):
Event: 0.009 Loaded shared library C:\Program Files\Zulu\zulu-19\bin\java.dll
Event: 0.015 Loaded shared library C:\Program Files\Zulu\zulu-19\bin\jsvml.dll
Event: 0.057 Loaded shared library C:\Program Files\Zulu\zulu-19\bin\jimage.dll
Event: 0.110 Loaded shared library C:\Program Files\Zulu\zulu-19\bin\net.dll
Event: 0.111 Loaded shared library C:\Program Files\Zulu\zulu-19\bin\nio.dll

Deoptimization events (20 events):
Event: 0.407 Thread 0x000002ba66c7d400 Uncommon trap: trap_request=0xffffff45 fr.pc=0x000002ba07b0df00 relative=0x0000000000000060
Event: 0.407 Thread 0x000002ba66c7d400 Uncommon trap: reason=unstable_if action=reinterpret pc=0x000002ba07b0df00 method=com.sun.tools.javac.jvm.PoolReader.sizeof(I)I @ 1 c2
Event: 0.407 Thread 0x000002ba66c7d400 DEOPT PACKING pc=0x000002ba07b0df00 sp=0x000000cb5a7fe490
Event: 0.407 Thread 0x000002ba66c7d400 DEOPT UNPACKING pc=0x000002ba07596da3 sp=0x000000cb5a7fe420 mode 2
Event: 0.416 Thread 0x000002ba66c7d400 Uncommon trap: trap_request=0xffffffc6 fr.pc=0x000002ba07b17bc8 relative=0x00000000000003c8
Event: 0.416 Thread 0x000002ba66c7d400 Uncommon trap: reason=bimorphic_or_optimized_type_check action=maybe_recompile pc=0x000002ba07b17bc8 method=java.util.HashMap.getNode(Ljava/lang/Object;)Ljava/util/HashMap$Node; @ 63 c2
Event: 0.416 Thread 0x000002ba66c7d400 DEOPT PACKING pc=0x000002ba07b17bc8 sp=0x000000cb5a7fe480
Event: 0.416 Thread 0x000002ba66c7d400 DEOPT UNPACKING pc=0x000002ba07596da3 sp=0x000000cb5a7fe388 mode 2
Event: 0.423 Thread 0x000002ba66c7d400 Uncommon trap: trap_request=0xffffffc6 fr.pc=0x000002ba07b17bc8 relative=0x00000000000003c8
Event: 0.423 Thread 0x000002ba66c7d400 Uncommon trap: reason=bimorphic_or_optimized_type_check action=maybe_recompile pc=0x000002ba07b17bc8 method=java.util.HashMap.getNode(Ljava/lang/Object;)Ljava/util/HashMap$Node; @ 63 c2
Event: 0.423 Thread 0x000002ba66c7d400 DEOPT PACKING pc=0x000002ba07b17bc8 sp=0x000000cb5a7fe480
Event: 0.423 Thread 0x000002ba66c7d400 DEOPT UNPACKING pc=0x000002ba07596da3 sp=0x000000cb5a7fe388 mode 2
Event: 0.425 Thread 0x000002ba66c7d400 Uncommon trap: trap_request=0xffffffc6 fr.pc=0x000002ba07b17bc8 relative=0x00000000000003c8
Event: 0.425 Thread 0x000002ba66c7d400 Uncommon trap: reason=bimorphic_or_optimized_type_check action=maybe_recompile pc=0x000002ba07b17bc8 method=java.util.HashMap.getNode(Ljava/lang/Object;)Ljava/util/HashMap$Node; @ 63 c2
Event: 0.425 Thread 0x000002ba66c7d400 DEOPT PACKING pc=0x000002ba07b17bc8 sp=0x000000cb5a7fe480
Event: 0.425 Thread 0x000002ba66c7d400 DEOPT UNPACKING pc=0x000002ba07596da3 sp=0x000000cb5a7fe388 mode 2
Event: 0.449 Thread 0x000002ba66c7d400 Uncommon trap: trap_request=0xffffffc6 fr.pc=0x000002ba07b17bc8 relative=0x00000000000003c8
Event: 0.449 Thread 0x000002ba66c7d400 Uncommon trap: reason=bimorphic_or_optimized_type_check action=maybe_recompile pc=0x000002ba07b17bc8 method=java.util.HashMap.getNode(Ljava/lang/Object;)Ljava/util/HashMap$Node; @ 63 c2
Event: 0.449 Thread 0x000002ba66c7d400 DEOPT PACKING pc=0x000002ba07b17bc8 sp=0x000000cb5a7fe480
Event: 0.449 Thread 0x000002ba66c7d400 DEOPT UNPACKING pc=0x000002ba07596da3 sp=0x000000cb5a7fe388 mode 2

Classes loaded (20 events):
Event: 0.342 Loading class java/util/RegularEnumSet$EnumSetIterator
Event: 0.342 Loading class java/util/RegularEnumSet$EnumSetIterator done
Event: 0.344 Loading class java/nio/file/Files$AcceptAllFilter
Event: 0.344 Loading class java/nio/file/Files$AcceptAllFilter done
Event: 0.344 Loading class sun/nio/fs/WindowsDirectoryStream$WindowsDirectoryIterator
Event: 0.344 Loading class sun/nio/fs/WindowsDirectoryStream$WindowsDirectoryIterator done
Event: 0.344 Loading class java/nio/file/Files$2
Event: 0.344 Loading class java/nio/file/Files$2 done
Event: 0.344 Loading class java/util/ImmutableCollections$Access
Event: 0.344 Loading class java/util/ImmutableCollections$Access done
Event: 0.344 Loading class java/util/ImmutableCollections$Access$1
Event: 0.344 Loading class jdk/internal/access/JavaUtilCollectionAccess
Event: 0.344 Loading class jdk/internal/access/JavaUtilCollectionAccess done
Event: 0.344 Loading class java/util/ImmutableCollections$Access$1 done
Event: 0.345 Loading class java/util/stream/Nodes$SpinedNodeBuilder
Event: 0.345 Loading class java/util/stream/Nodes$SpinedNodeBuilder done
Event: 0.345 Loading class sun/nio/fs/WindowsPath$WindowsPathWithAttributes
Event: 0.345 Loading class sun/nio/fs/BasicFileAttributesHolder
Event: 0.345 Loading class sun/nio/fs/BasicFileAttributesHolder done
Event: 0.345 Loading class sun/nio/fs/WindowsPath$WindowsPathWithAttributes done

Classes unloaded (0 events):
No events

Classes redefined (0 events):
No events

Internal exceptions (20 events):
Event: 0.293 Thread 0x000002ba66c7d400 Exception <a 'sun/nio/fs/WindowsException'{0x00000000827c6f80}> (0x00000000827c6f80) 
thrown [s\src\hotspot\share\prims\jni.cpp, line 517]
Event: 0.293 Thread 0x000002ba66c7d400 Exception <a 'sun/nio/fs/WindowsException'{0x00000000827c7360}> (0x00000000827c7360) 
thrown [s\src\hotspot\share\prims\jni.cpp, line 517]
Event: 0.293 Thread 0x000002ba66c7d400 Exception <a 'sun/nio/fs/WindowsException'{0x00000000827c80e8}> (0x00000000827c80e8) 
thrown [s\src\hotspot\share\prims\jni.cpp, line 517]
Event: 0.293 Thread 0x000002ba66c7d400 Exception <a 'sun/nio/fs/WindowsException'{0x00000000827c8508}> (0x00000000827c8508) 
thrown [s\src\hotspot\share\prims\jni.cpp, line 517]
Event: 0.314 Thread 0x000002ba66c7d400 Exception <a 'java/lang/NoSuchMethodError'{0x00000000827b0a48}: 'java.lang.Object java.lang.invoke.DirectMethodHandle$Holder.invokeVirtual(java.lang.Object, java.lang.Object, java.lang.Object, int, int)'> (0x00000000827b0a48) 
thrown [s\src\hotspot\share\interpreter\linkResolver.cpp, line 774]
Event: 0.315 Thread 0x000002ba66c7d400 Exception <a 'java/lang/NoSuchMethodError'{0x00000000827b7870}: 'java.lang.Object java.lang.invoke.DirectMethodHandle$Holder.invokeVirtual(java.lang.Object, java.lang.Object, int)'> (0x00000000827b7870) 
thrown [s\src\hotspot\share\interpreter\linkResolver.cpp, line 774]
Event: 0.316 Thread 0x000002ba66c7d400 Exception <a 'java/lang/NoSuchMethodError'{0x00000000827c0408}: 'java.lang.Object java.lang.invoke.DirectMethodHandle$Holder.invokeSpecial(java.lang.Object, java.lang.Object, java.lang.Object, int, int)'> (0x00000000827c0408) 
thrown [s\src\hotspot\share\interpreter\linkResolver.cpp, line 774]
Event: 0.343 Thread 0x000002ba66c7d400 Exception <a 'java/lang/NoSuchMethodError'{0x0000000082943588}: 'void java.lang.invoke.DirectMethodHandle$Holder.invokeStatic(java.lang.Object, java.lang.Object)'> (0x0000000082943588) 
thrown [s\src\hotspot\share\interpreter\linkResolver.cpp, line 774]
Event: 0.343 Thread 0x000002ba66c7d400 Exception <a 'sun/nio/fs/WindowsException'{0x000000008294d6b8}> (0x000000008294d6b8) 
thrown [s\src\hotspot\share\prims\jni.cpp, line 517]
Event: 0.348 Thread 0x000002ba66c7d400 Exception <a 'sun/nio/fs/WindowsException'{0x0000000082968978}> (0x0000000082968978) 
thrown [s\src\hotspot\share\prims\jni.cpp, line 517]
Event: 0.383 Thread 0x000002ba66c7d400 Exception <a 'java/lang/NoSuchMethodError'{0x0000000082ab44e0}: 'int java.lang.invoke.DirectMethodHandle$Holder.invokeSpecial(java.lang.Object, java.lang.Object, java.lang.Object)'> (0x0000000082ab44e0) 
thrown [s\src\hotspot\share\interpreter\linkResolver.cpp, line 774]
Event: 0.385 Thread 0x000002ba66c7d400 Exception <a 'sun/nio/fs/WindowsException'{0x0000000082abed10}> (0x0000000082abed10) 
thrown [s\src\hotspot\share\prims\jni.cpp, line 517]
Event: 0.386 Thread 0x000002ba66c7d400 Exception <a 'sun/nio/fs/WindowsException'{0x0000000082abf0e0}> (0x0000000082abf0e0) 
thrown [s\src\hotspot\share\prims\jni.cpp, line 517]
Event: 0.386 Thread 0x000002ba66c7d400 Exception <a 'sun/nio/fs/WindowsException'{0x0000000082ac01e8}> (0x0000000082ac01e8) 
thrown [s\src\hotspot\share\prims\jni.cpp, line 517]
Event: 0.386 Thread 0x000002ba66c7d400 Exception <a 'sun/nio/fs/WindowsException'{0x0000000082ac0578}> (0x0000000082ac0578) 
thrown [s\src\hotspot\share\prims\jni.cpp, line 517]
Event: 0.408 Thread 0x000002ba66c7d400 Exception <a 'java/lang/NoSuchMethodError'{0x0000000083080970}: 'java.lang.Object java.lang.invoke.DirectMethodHandle$Holder.invokeStatic(java.lang.Object, java.lang.Object, int, int)'> (0x0000000083080970) 
thrown [s\src\hotspot\share\interpreter\linkResolver.cpp, line 774]
Event: 0.423 Thread 0x000002ba66c7d400 Exception <a 'sun/nio/fs/WindowsException'{0x0000000082f6da58}> (0x0000000082f6da58) 
thrown [s\src\hotspot\share\prims\jni.cpp, line 517]
Event: 0.423 Thread 0x000002ba66c7d400 Exception <a 'sun/nio/fs/WindowsException'{0x0000000082f6de38}> (0x0000000082f6de38) 
thrown [s\src\hotspot\share\prims\jni.cpp, line 517]
Event: 0.423 Thread 0x000002ba66c7d400 Exception <a 'sun/nio/fs/WindowsException'{0x0000000082f6ef40}> (0x0000000082f6ef40) 
thrown [s\src\hotspot\share\prims\jni.cpp, line 517]
Event: 0.423 Thread 0x000002ba66c7d400 Exception <a 'sun/nio/fs/WindowsException'{0x0000000082f6f2e0}> (0x0000000082f6f2e0) 
thrown [s\src\hotspot\share\prims\jni.cpp, line 517]

VM Operations (20 events):
Event: 0.250 Executing VM operation: G1CollectForAllocation
Event: 0.253 Executing VM operation: G1CollectForAllocation done
Event: 0.294 Executing VM operation: HandshakeAllThreads
Event: 0.294 Executing VM operation: HandshakeAllThreads done
Event: 0.298 Executing VM operation: G1CollectForAllocation
Event: 0.299 Executing VM operation: G1CollectForAllocation done
Event: 0.322 Executing VM operation: G1CollectForAllocation
Event: 0.324 Executing VM operation: G1CollectForAllocation done
Event: 0.345 Executing VM operation: HandshakeAllThreads
Event: 0.345 Executing VM operation: HandshakeAllThreads done
Event: 0.355 Executing VM operation: G1CollectForAllocation
Event: 0.358 Executing VM operation: G1CollectForAllocation done
Event: 0.372 Executing VM operation: G1CollectForAllocation
Event: 0.374 Executing VM operation: G1CollectForAllocation done
Event: 0.388 Executing VM operation: G1CollectForAllocation
Event: 0.389 Executing VM operation: G1CollectForAllocation done
Event: 0.394 Executing VM operation: G1CollectForAllocation
Event: 0.394 Executing VM operation: G1CollectForAllocation done
Event: 0.432 Executing VM operation: G1CollectForAllocation
Event: 0.439 Executing VM operation: G1CollectForAllocation done

Events (14 events):
Event: 0.015 Thread 0x000002ba66c7d400 Thread added: 0x000002ba66c7d400
Event: 0.025 Thread 0x000002ba79ca17f0 Thread added: 0x000002ba79ca17f0
Event: 0.025 Thread 0x000002ba79ca2320 Thread added: 0x000002ba79ca2320
Event: 0.026 Thread 0x000002ba79ca9000 Thread added: 0x000002ba79ca9000
Event: 0.026 Thread 0x000002ba79ca9930 Thread added: 0x000002ba79ca9930
Event: 0.026 Thread 0x000002ba79caa260 Thread added: 0x000002ba79caa260
Event: 0.026 Thread 0x000002ba79caab90 Thread added: 0x000002ba79caab90
Event: 0.026 Thread 0x000002ba79cb9d20 Thread added: 0x000002ba79cb9d20
Event: 0.026 Thread 0x000002ba79cdf910 Thread added: 0x000002ba79cdf910
Event: 0.026 Thread 0x000002ba79ce3ed0 Thread added: 0x000002ba79ce3ed0
Event: 0.041 Thread 0x000002ba79c78710 Thread added: 0x000002ba79c78710
Event: 0.055 Thread 0x000002ba7e13fed0 Thread added: 0x000002ba7e13fed0
Event: 0.288 Thread 0x000002ba79cdc700 Thread added: 0x000002ba79cdc700
Event: 0.354 Thread 0x000002ba79cdfea0 Thread added: 0x000002ba79cdfea0


Dynamic libraries:
0x00007ff6ef9f0000 - 0x00007ff6ef9f8000 	C:\Program Files\Zulu\zulu-19\bin\javac.exe
0x00007ffde4b30000 - 0x00007ffde4d44000 	C:\WINDOWS\SYSTEM32\ntdll.dll
0x00007ffde48b0000 - 0x00007ffde4973000 	C:\WINDOWS\System32\KERNEL32.DLL
0x00007ffde20b0000 - 0x00007ffde244c000 	C:\WINDOWS\System32\KERNELBASE.dll
0x00007ffde24c0000 - 0x00007ffde25d1000 	C:\WINDOWS\System32\ucrtbase.dll
0x00007ffdde660000 - 0x00007ffdde677000 	C:\Program Files\Zulu\zulu-19\bin\jli.dll
0x00007ffdde640000 - 0x00007ffdde65b000 	C:\Program Files\Zulu\zulu-19\bin\VCRUNTIME140.dll
0x00007ffde3c90000 - 0x00007ffde3e3d000 	C:\WINDOWS\System32\USER32.dll
0x00007ffde2680000 - 0x00007ffde26a6000 	C:\WINDOWS\System32\win32u.dll
0x00007ffdcd690000 - 0x00007ffdcd91e000 	C:\WINDOWS\WinSxS\amd64_microsoft.windows.common-controls_6595b64144ccf1df_6.0.22621.608_none_a9444ca7c10bb01d\COMCTL32.dll
0x00007ffde4a40000 - 0x00007ffde4ae7000 	C:\WINDOWS\System32\msvcrt.dll
0x00007ffde2e30000 - 0x00007ffde2e59000 	C:\WINDOWS\System32\GDI32.dll
0x00007ffde2820000 - 0x00007ffde2933000 	C:\WINDOWS\System32\gdi32full.dll
0x00007ffde25e0000 - 0x00007ffde267a000 	C:\WINDOWS\System32\msvcp_win.dll
0x00007ffde3bf0000 - 0x00007ffde3c21000 	C:\WINDOWS\System32\IMM32.DLL
0x00007ffdde630000 - 0x00007ffdde63c000 	C:\Program Files\Zulu\zulu-19\bin\vcruntime140_1.dll
0x00007ffdde5a0000 - 0x00007ffdde62d000 	C:\Program Files\Zulu\zulu-19\bin\msvcp140.dll
0x00007ffd8fd20000 - 0x00007ffd90a27000 	C:\Program Files\Zulu\zulu-19\bin\server\jvm.dll
0x00007ffde2e90000 - 0x00007ffde2f3e000 	C:\WINDOWS\System32\ADVAPI32.dll
0x00007ffde2940000 - 0x00007ffde29e4000 	C:\WINDOWS\System32\sechost.dll
0x00007ffde2f60000 - 0x00007ffde3075000 	C:\WINDOWS\System32\RPCRT4.dll
0x00007ffddc170000 - 0x00007ffddc179000 	C:\WINDOWS\SYSTEM32\WSOCK32.dll
0x00007ffddaab0000 - 0x00007ffddaae4000 	C:\WINDOWS\SYSTEM32\WINMM.dll
0x00007ffdda430000 - 0x00007ffdda43a000 	C:\WINDOWS\SYSTEM32\VERSION.dll
0x00007ffde29f0000 - 0x00007ffde2a61000 	C:\WINDOWS\System32\WS2_32.dll
0x00007ffde10b0000 - 0x00007ffde10c8000 	C:\WINDOWS\SYSTEM32\kernel.appcore.dll
0x00007ffdde590000 - 0x00007ffdde59a000 	C:\Program Files\Zulu\zulu-19\bin\jimage.dll
0x00007ffddf750000 - 0x00007ffddf97e000 	C:\WINDOWS\SYSTEM32\DBGHELP.DLL
0x00007ffde3f40000 - 0x00007ffde42c9000 	C:\WINDOWS\System32\combase.dll
0x00007ffde3080000 - 0x00007ffde3157000 	C:\WINDOWS\System32\OLEAUT32.dll
0x00007ffdc6fc0000 - 0x00007ffdc6ff2000 	C:\WINDOWS\SYSTEM32\dbgcore.DLL
0x00007ffde2030000 - 0x00007ffde20ab000 	C:\WINDOWS\System32\bcryptPrimitives.dll
0x00007ffdde560000 - 0x00007ffdde586000 	C:\Program Files\Zulu\zulu-19\bin\java.dll
0x00007ffdd7f30000 - 0x00007ffdd8007000 	C:\Program Files\Zulu\zulu-19\bin\jsvml.dll
0x00007ffde3380000 - 0x00007ffde3b70000 	C:\WINDOWS\System32\SHELL32.dll
0x00007ffddff90000 - 0x00007ffde085e000 	C:\WINDOWS\SYSTEM32\windows.storage.dll
0x00007ffddfce0000 - 0x00007ffddfe1e000 	C:\WINDOWS\SYSTEM32\wintypes.dll
0x00007ffde2d30000 - 0x00007ffde2e21000 	C:\WINDOWS\System32\SHCORE.dll
0x00007ffde3c30000 - 0x00007ffde3c8e000 	C:\WINDOWS\System32\shlwapi.dll
0x00007ffde1ea0000 - 0x00007ffde1ec1000 	C:\WINDOWS\SYSTEM32\profapi.dll
0x00007ffdccd10000 - 0x00007ffdccd23000 	C:\Program Files\Zulu\zulu-19\bin\net.dll
0x00007ffddb520000 - 0x00007ffddb64f000 	C:\WINDOWS\SYSTEM32\WINHTTP.dll
0x00007ffde1520000 - 0x00007ffde1589000 	C:\WINDOWS\system32\mswsock.dll
0x00007ffdcc2b0000 - 0x00007ffdcc2c6000 	C:\Program Files\Zulu\zulu-19\bin\nio.dll

dbghelp: loaded successfully - version: 4.0.5 - missing functions: none
symbol engine: initialized successfully - sym options: 0x614 - pdb path: .;C:\Program Files\Zulu\zulu-19\bin;C:\WINDOWS\SYSTEM32;C:\WINDOWS\WinSxS\amd64_microsoft.windows.common-controls_6595b64144ccf1df_6.0.22621.608_none_a9444ca7c10bb01d;C:\Program Files\Zulu\zulu-19\bin\server

VM Arguments:
jvm_args: -Dapplication.home=C:\Program Files\Zulu\zulu-19 --add-modules=ALL-DEFAULT -Xms8m -Djdk.module.main=jdk.compiler 
java_command: jdk.compiler/com.sun.tools.javac.Main -d C:\Users\ulise\Desktop\TEC\Algoritmos y estructura de datos I\BuscaMinas\ventana busca minas\build\classes -classpath C:\Users\ulise\Desktop\TEC\Algoritmos y estructura de datos I\BuscaMinas\ventana busca minas\build\classes -sourcepath C:\Users\ulise\Desktop\TEC\Algoritmos y estructura de datos I\BuscaMinas\ventana busca minas\src -target 19 -encoding UTF-8 -g -processorpath C:\Users\ulise\Desktop\TEC\Algoritmos y estructura de datos I\BuscaMinas\ventana busca minas\build\empty -s C:\Users\ulise\Desktop\TEC\Algoritmos y estructura de datos I\BuscaMinas\ventana busca minas\build\generated-sources\ap-source-output -source 19 C:\Users\ulise\Desktop\TEC\Algoritmos y estructura de datos I\BuscaMinas\ventana busca minas\src\BuscaminasFX.java
java_class_path (initial): <not set>
Launcher Type: SUN_STANDARD

[Global flags]
     intx CICompilerCount                          = 4                                         {product} {ergonomic}
     uint ConcGCThreads                            = 3                                         {product} {ergonomic}
     uint G1ConcRefinementThreads                  = 10                                        {product} {ergonomic}
   size_t G1HeapRegionSize                         = 1048576                                   {product} {ergonomic}
    uintx GCDrainStackTargetSize                   = 64                                        {product} {ergonomic}
   size_t InitialHeapSize                          = 8388608                                   {product} {command line}
   size_t MarkStackSize                            = 4194304                                   {product} {ergonomic}
   size_t MaxHeapSize                              = 2113929216                                {product} {ergonomic}
   size_t MaxNewSize                               = 1267728384                                {product} {ergonomic}
   size_t MinHeapDeltaBytes                        = 1048576                                   {product} {ergonomic}
   size_t MinHeapSize                              = 8388608                                   {product} {command line}
    uintx NonNMethodCodeHeapSize                   = 5839372                                {pd product} {ergonomic}
    uintx NonProfiledCodeHeapSize                  = 122909434                              {pd product} {ergonomic}
    uintx ProfiledCodeHeapSize                     = 122909434                              {pd product} {ergonomic}
    uintx ReservedCodeCacheSize                    = 251658240                              {pd product} {ergonomic}
     bool SegmentedCodeCache                       = true                                      {product} {ergonomic}
   size_t SoftMaxHeapSize                          = 2113929216                             {manageable} {ergonomic}
     bool UseCompressedClassPointers               = true                           {product lp64_product} {ergonomic}
     bool UseCompressedOops                        = true                           {product lp64_product} {ergonomic}
     bool UseG1GC                                  = true                                      {product} {ergonomic}
     bool UseLargePagesIndividualAllocation        = false                                  {pd product} {ergonomic}

Logging:
Log output configuration:
 #0: stdout all=warning uptime,level,tags foldmultilines=false
 #1: stderr all=off uptime,level,tags foldmultilines=false

Environment Variables:
PATH=C:\Program Files\Zulu\zulu-19\bin\;C:\Program Files\Common Files\Oracle\Java\javapath;C:\Program Files (x86)\Common Files\Oracle\Java\javapath;C:\Windows\system32;C:\Windows;C:\Windows\System32\Wbem;C:\Windows\System32\WindowsPowerShell\v1.0\;C:\Windows\System32\OpenSSH\;C:\Program Files (x86)\NVIDIA Corporation\PhysX\Common;C:\Program Files\NVIDIA Corporation\NVIDIA NvDLISR;C:\WINDOWS\system32;C:\WINDOWS;C:\WINDOWS\System32\Wbem;C:\WINDOWS\System32\WindowsPowerShell\v1.0\;C:\WINDOWS\System32\OpenSSH\;C:\Program Files\nodejs\;C:\Program Files\Git\cmd;C:\Users\ulise\AppData\Local\Microsoft\WindowsApps;C:\Users\ulise\AppData\Local\Programs\Microsoft VS Code\bin;C:\Users\ulise\AppData\Roaming\npm;C:\Users\ulise\AppData\Local\GitHubDesktop\bin
USERNAME=ulise
OS=Windows_NT
PROCESSOR_IDENTIFIER=Intel64 Family 6 Model 165 Stepping 2, GenuineIntel
TMP=C:\Users\ulise\AppData\Local\Temp
TEMP=C:\Users\ulise\AppData\Local\Temp



---------------  S Y S T E M  ---------------

OS:
 Windows 11 , 64 bit Build 22621 (10.0.22621.1344)
OS uptime: 1 days 4:45 hours

CPU: total 12 (initial active 12) (6 cores per cpu, 2 threads per core) family 6 model 165 stepping 2 microcode 0xe2, cx8, cmov, fxsr, ht, mmx, 3dnowpref, sse, sse2, sse3, ssse3, sse4.1, sse4.2, popcnt, lzcnt, tsc, tscinvbit, avx, avx2, aes, erms, clmul, bmi1, bmi2, adx, fma, vzeroupper, clflush, clflushopt, rdtscp

Memory: 4k page, system-wide physical 8059M (1026M free)
TotalPageFile size 12155M (AvailPageFile size 3M)
current process WorkingSet (physical memory assigned to process): 89M, peak: 89M
current process commit charge ("private bytes"): 131M, peak: 132M

vm_info: OpenJDK 64-Bit Server VM (19.0.2+7) for windows-amd64 JRE (19.0.2+7) (Zulu19.32+15-CA), built on Dec 28 2022 19:25:40 by "zulu_re" with MS VC++ 16.10 / 16.11 (VS2019)

END.
