#
# There is insufficient memory for the Java Runtime Environment to continue.
# Native memory allocation (mmap) failed to map 10485760 bytes for G1 virtual space
# Possible reasons:
#   The system is out of physical RAM or swap space
#   The process is running with CompressedOops enabled, and the Java Heap may be blocking the growth of the native heap
# Possible solutions:
#   Reduce memory load on the system
#   Increase physical memory or swap space
#   Check if swap backing store is full
#   Decrease Java heap size (-Xmx/-Xms)
#   Decrease number of Java threads
#   Decrease Java thread stack sizes (-Xss)
#   Set larger code cache with -XX:ReservedCodeCacheSize=
#   JVM is running with Unscaled Compressed Oops mode in which the Java heap is
#     placed in the first 4GB address space. The Java Heap base address is the
#     maximum limit for the native heap growth. Please use -XX:HeapBaseMinAddress
#     to set the Java Heap base and to place the Java Heap above 4GB virtual address.
# This output file may be truncated or incomplete.
#
#  Out of Memory Error (os_windows.cpp:3536), pid=21488, tid=12416
#
# JRE version: OpenJDK Runtime Environment Zulu19.32+15-CA (19.0.2+7) (build 19.0.2+7)
# Java VM: OpenJDK 64-Bit Server VM Zulu19.32+15-CA (19.0.2+7, mixed mode, sharing, tiered, compressed oops, compressed class ptrs, g1 gc, windows-amd64)
# No core dump will be written. Minidumps are not enabled by default on client versions of Windows
#

---------------  S U M M A R Y ------------

Command Line: -Dapplication.home=C:\Program Files\Zulu\zulu-19 --add-modules=ALL-DEFAULT -Xms8m -Djdk.module.main=jdk.compiler jdk.compiler/com.sun.tools.javac.Main -d C:\Users\ulise\Desktop\TEC\Algoritmos y estructura de datos I\BuscaMinas\ventana busca minas\build\classes -classpath C:\Users\ulise\Desktop\TEC\Algoritmos y estructura de datos I\BuscaMinas\ventana busca minas\build\classes -sourcepath C:\Users\ulise\Desktop\TEC\Algoritmos y estructura de datos I\BuscaMinas\ventana busca minas\src -target 19 -encoding UTF-8 -g -processorpath C:\Users\ulise\Desktop\TEC\Algoritmos y estructura de datos I\BuscaMinas\ventana busca minas\build\empty -s C:\Users\ulise\Desktop\TEC\Algoritmos y estructura de datos I\BuscaMinas\ventana busca minas\build\generated-sources\ap-source-output -source 19 C:\Users\ulise\Desktop\TEC\Algoritmos y estructura de datos I\BuscaMinas\ventana busca minas\src\BuscaminasFX.java

Host: Intel(R) Core(TM) i7-10750H CPU @ 2.60GHz, 12 cores, 7G,  Windows 11 , 64 bit Build 22621 (10.0.22621.1344)
Time: Tue Mar 21 14:41:15 2023 Hora estándar, América Central elapsed time: 0.394032 seconds (0d 0h 0m 0s)

---------------  T H R E A D  ---------------

Current thread (0x000001c6ff17cdd0):  VMThread "VM Thread" [stack: 0x0000000986900000,0x0000000986a00000] [id=12416]

Stack: [0x0000000986900000,0x0000000986a00000]
Native frames: (J=compiled Java code, j=interpreted, Vv=VM code, C=native code)
V  [jvm.dll+0x6eab2a]
V  [jvm.dll+0x8a4a20]
V  [jvm.dll+0x8a640e]
V  [jvm.dll+0x8a6ac3]
V  [jvm.dll+0x27c1ef]
V  [jvm.dll+0x6e7929]
V  [jvm.dll+0x6dc3da]
V  [jvm.dll+0x3528ab]
V  [jvm.dll+0x35a266]
V  [jvm.dll+0x3b0a2e]
V  [jvm.dll+0x3b0c5f]
V  [jvm.dll+0x327e9a]
V  [jvm.dll+0x327f47]
V  [jvm.dll+0x370442]
V  [jvm.dll+0x36e8e4]
V  [jvm.dll+0x327660]
V  [jvm.dll+0x36de7b]
V  [jvm.dll+0x8abc13]
V  [jvm.dll+0x8ac9d9]
V  [jvm.dll+0x8acf0d]
V  [jvm.dll+0x8ad39b]
V  [jvm.dll+0x8ad457]
V  [jvm.dll+0x84ec7a]
V  [jvm.dll+0x6e981b]
C  [ucrtbase.dll+0x29363]
C  [KERNEL32.DLL+0x126bd]
C  [ntdll.dll+0x5a9f8]

VM_Operation (0x00000009863fdde0): G1CollectForAllocation, mode: safepoint, requested by thread 0x000001c6ee2fba50


---------------  P R O C E S S  ---------------

Threads class SMR info:
_java_thread_list=0x000001c6ff8d1600, length=14, elements={
0x000001c6ee2fba50, 0x000001c6ff196120, 0x000001c6ff196df0, 0x000001c6ff19dc70,
0x000001c6ff19e5a0, 0x000001c6ff19f070, 0x000001c6ff1a1760, 0x000001c6ff1a8830,
0x000001c6ff1b17b0, 0x000001c6ff1b2d40, 0x000001c6ff3ddc20, 0x000001c6ff414f80,
0x000001c6ff81eec0, 0x000001c6ff8681a0
}

Java Threads: ( => current thread )
  0x000001c6ee2fba50 JavaThread "main" [_thread_blocked, id=13356, stack(0x0000000986300000,0x0000000986400000)]
  0x000001c6ff196120 JavaThread "Reference Handler" daemon [_thread_blocked, id=19200, stack(0x0000000986a00000,0x0000000986b00000)]
  0x000001c6ff196df0 JavaThread "Finalizer" daemon [_thread_blocked, id=9060, stack(0x0000000986b00000,0x0000000986c00000)]
  0x000001c6ff19dc70 JavaThread "Signal Dispatcher" daemon [_thread_blocked, id=17500, stack(0x0000000986c00000,0x0000000986d00000)]
  0x000001c6ff19e5a0 JavaThread "Attach Listener" daemon [_thread_blocked, id=15436, stack(0x0000000986d00000,0x0000000986e00000)]
  0x000001c6ff19f070 JavaThread "Service Thread" daemon [_thread_blocked, id=12060, stack(0x0000000986e00000,0x0000000986f00000)]
  0x000001c6ff1a1760 JavaThread "Monitor Deflation Thread" daemon [_thread_blocked, id=5484, stack(0x0000000986f00000,0x0000000987000000)]
  0x000001c6ff1a8830 JavaThread "C2 CompilerThread0" daemon [_thread_blocked, id=12312, stack(0x0000000987000000,0x0000000987100000)]
  0x000001c6ff1b17b0 JavaThread "C1 CompilerThread0" daemon [_thread_blocked, id=14880, stack(0x0000000987100000,0x0000000987200000)]
  0x000001c6ff1b2d40 JavaThread "Sweeper thread" daemon [_thread_blocked, id=21828, stack(0x0000000987200000,0x0000000987300000)]
  0x000001c6ff3ddc20 JavaThread "Common-Cleaner" daemon [_thread_blocked, id=13692, stack(0x0000000987300000,0x0000000987400000)]
  0x000001c6ff414f80 JavaThread "Notification Thread" daemon [_thread_blocked, id=11552, stack(0x0000000987400000,0x0000000987500000)]
  0x000001c6ff81eec0 JavaThread "C2 CompilerThread1" daemon [_thread_blocked, id=7104, stack(0x0000000987b00000,0x0000000987c00000)]
  0x000001c6ff8681a0 JavaThread "C2 CompilerThread2" daemon [_thread_blocked, id=16048, stack(0x0000000987c00000,0x0000000987d00000)]

Other Threads:
=>0x000001c6ff17cdd0 VMThread "VM Thread" [stack: 0x0000000986900000,0x0000000986a00000] [id=12416]
  0x000001c6ff4154c0 WatcherThread "VM Periodic Task Thread" [stack: 0x0000000987500000,0x0000000987600000] [id=13220]
  0x000001c6ee35b750 WorkerThread "GC Thread#0" [stack: 0x0000000986400000,0x0000000986500000] [id=20092]
  0x000001c6ff5d0710 WorkerThread "GC Thread#1" [stack: 0x0000000987600000,0x0000000987700000] [id=21520]
  0x000001c6ff703050 WorkerThread "GC Thread#2" [stack: 0x0000000987700000,0x0000000987800000] [id=5404]
  0x000001c6ff703320 WorkerThread "GC Thread#3" [stack: 0x0000000987800000,0x0000000987900000] [id=2600]
  0x000001c6ff7f3230 WorkerThread "GC Thread#4" [stack: 0x0000000987900000,0x0000000987a00000] [id=17456]
  0x000001c6ff7f4e50 WorkerThread "GC Thread#5" [stack: 0x0000000987a00000,0x0000000987b00000] [id=17872]
  0x000001c6ee36c5b0 ConcurrentGCThread "G1 Main Marker" [stack: 0x0000000986500000,0x0000000986600000] [id=13944]
  0x000001c6ee36d780 WorkerThread "G1 Conc#0" [stack: 0x0000000986600000,0x0000000986700000] [id=18896]
  0x000001c6ee3a7320 ConcurrentGCThread "G1 Refine#0" [stack: 0x0000000986700000,0x0000000986800000] [id=4632]
  0x000001c6ee3a8d10 ConcurrentGCThread "G1 Service" [stack: 0x0000000986800000,0x0000000986900000] [id=16392]

Threads with active compile tasks:
C1 CompilerThread0      402 1049       3       java.util.stream.StreamSpliterators$WrappingSpliterator$$Lambda$98/0x000000080105e890::accept (9 bytes)

VM state: at safepoint (normal execution)

VM Mutex/Monitor currently owned by a thread:  ([mutex/lock_event])
[0x000001c6ee2f72e0] Threads_lock - owner thread: 0x000001c6ff17cdd0
[0x000001c6ee2f7370] Heap_lock - owner thread: 0x000001c6ee2fba50

Heap address: 0x0000000082000000, size: 2016 MB, Compressed Oops mode: 32-bit

CDS archive(s) mapped at: [0x0000000800000000-0x0000000800c40000-0x0000000800c40000), size 12845056, SharedBaseAddress: 0x0000000800000000, ArchiveRelocationMode: 0.
Compressed class space mapped at: 0x0000000801000000-0x0000000841000000, reserved size: 1073741824
Narrow klass base: 0x0000000800000000, Narrow klass shift: 0, Narrow klass range: 0x100000000

GC Precious Log:
 CardTable entry size: 512
 Card Set container configuration: InlinePtr #cards 5 size 8 Array Of Cards #cards 12 size 40 Howl #buckets 4 coarsen threshold 1843 Howl Bitmap #cards 512 size 80 coarsen threshold 460 Card regions per heap region 1 cards per card region 2048
 CPUs: 12 total, 12 available
 Memory: 8059M
 Large Page Support: Disabled
 NUMA Support: Disabled
 Compressed Oops: Enabled (32-bit)
 Heap Region Size: 1M
 Heap Min Capacity: 8M
 Heap Initial Capacity: 8M
 Heap Max Capacity: 2016M
 Pre-touch: Disabled
 Parallel Workers: 10
 Concurrent Workers: 3
 Concurrent Refinement Workers: 10
 Periodic GC: Disabled

Heap:
 garbage-first heap   total 10240K, used 4135K [0x0000000082000000, 0x0000000100000000)
  region size 1024K, 1 young (1024K), 1 survivors (1024K)
 Metaspace       used 8422K, committed 8576K, reserved 1114112K
  class space    used 937K, committed 1024K, reserved 1048576K

Heap Regions: E=young(eden), S=young(survivor), O=old, HS=humongous(starts), HC=humongous(continues), CS=collection set, F=free, OA=open archive, CA=closed archive, TAMS=top-at-mark-start (previous, next)
|   0|0x0000000082000000, 0x0000000082100000, 0x0000000082100000|100%| O|  |TAMS 0x0000000082000000, 0x0000000082000000| Untracked 
|   1|0x0000000082100000, 0x0000000082200000, 0x0000000082200000|100%| O|  |TAMS 0x0000000082100000, 0x0000000082100000| Untracked 
|   2|0x0000000082200000, 0x0000000082300000, 0x0000000082300000|100%| O|  |TAMS 0x0000000082200000, 0x0000000082200000| Untracked 
|   3|0x0000000082300000, 0x000000008234e200, 0x0000000082400000| 30%| O|  |TAMS 0x0000000082300000, 0x0000000082300000| Untracked 
|   4|0x0000000082400000, 0x0000000082400000, 0x0000000082500000|  0%| F|  |TAMS 0x0000000082400000, 0x0000000082400000| Untracked 
|   5|0x0000000082500000, 0x0000000082500000, 0x0000000082600000|  0%| F|  |TAMS 0x0000000082500000, 0x0000000082500000| Untracked 
|   6|0x0000000082600000, 0x00000000826bbbc0, 0x0000000082700000| 73%| S|CS|TAMS 0x0000000082600000, 0x0000000082600000| Complete 
|   7|0x0000000082700000, 0x0000000082700000, 0x0000000082800000|  0%| F|  |TAMS 0x0000000082700000, 0x0000000082700000| Untracked 
|   8|0x0000000082800000, 0x0000000082800000, 0x0000000082900000|  0%| F|  |TAMS 0x0000000082800000, 0x0000000082800000| Untracked 
|   9|0x0000000082900000, 0x0000000082900000, 0x0000000082a00000|  0%| F|  |TAMS 0x0000000082900000, 0x0000000082900000| Untracked 

Card table byte_map: [0x000001c6f7eb0000,0x000001c6f82a0000] _byte_map_base: 0x000001c6f7aa0000

Marking Bits (Prev, Next): (CMBitMap*) 0x000001c6ee35bd80, (CMBitMap*) 0x000001c6ee35bdc0
 Prev Bits: [0x000001c6f8690000, 0x000001c6fa610000)
 Next Bits: [0x000001c6fa610000, 0x000001c6fc590000)

Polling page: 0x000001c6edac0000

Metaspace:

Usage:
  Non-class:      7.31 MB used.
      Class:    937.05 KB used.
       Both:      8.22 MB used.

Virtual space:
  Non-class space:       64.00 MB reserved,       7.38 MB ( 12%) committed,  1 nodes.
      Class space:        1.00 GB reserved,       1.00 MB ( <1%) committed,  1 nodes.
             Both:        1.06 GB reserved,       8.38 MB ( <1%) committed. 

Chunk freelists:
   Non-Class:  2.33 MB
       Class:  2.95 MB
        Both:  5.28 MB

MaxMetaspaceSize: unlimited
CompressedClassSpaceSize: 1.00 GB
Initial GC threshold: 21.00 MB
Current GC threshold: 21.00 MB
CDS: on
MetaspaceReclaimPolicy: balanced
 - commit_granule_bytes: 65536.
 - commit_granule_words: 8192.
 - virtual_space_node_default_size: 8388608.
 - enlarge_chunks_in_place: 1.
 - new_chunks_are_fully_committed: 0.
 - uncommit_free_chunks: 1.
 - use_allocation_guard: 0.


Internal statistics:

num_allocs_failed_limit: 0.
num_arena_births: 66.
num_arena_deaths: 0.
num_vsnodes_births: 2.
num_vsnodes_deaths: 0.
num_space_committed: 134.
num_space_uncommitted: 0.
num_chunks_returned_to_freelist: 0.
num_chunks_taken_from_freelist: 327.
num_chunk_merges: 0.
num_chunk_splits: 247.
num_chunks_enlarged: 198.
num_inconsistent_stats: 0.

CodeHeap 'non-profiled nmethods': size=120000Kb used=334Kb max_used=334Kb free=119665Kb
 bounds [0x000001c687ad0000, 0x000001c687d40000, 0x000001c68f000000]
CodeHeap 'profiled nmethods': size=120000Kb used=1820Kb max_used=1820Kb free=118179Kb
 bounds [0x000001c680000000, 0x000001c680270000, 0x000001c687530000]
CodeHeap 'non-nmethods': size=5760Kb used=1222Kb max_used=1256Kb free=4538Kb
 bounds [0x000001c687530000, 0x000001c6877a0000, 0x000001c687ad0000]
 total_blobs=1478 nmethods=1053 adapters=336
 compilation: enabled
              stopped_count=0, restarted_count=0
 full_count=0

Compilation events (20 events):
Event: 0.390 Thread 0x000001c6ff81eec0 nmethod 1043 0x000001c687b22d90 code [0x000001c687b22f40, 0x000001c687b23158]
Event: 0.391 Thread 0x000001c6ff1b17b0 1045       3       jdk.internal.jrtfs.JrtFileSystem$$Lambda$95/0x000000080105d408::apply (16 bytes)
Event: 0.391 Thread 0x000001c6ff8681a0 nmethod 1030 0x000001c687b23410 code [0x000001c687b235a0, 0x000001c687b23858]
Event: 0.391 Thread 0x000001c6ff1b17b0 nmethod 1045 0x000001c6801c3d90 code [0x000001c6801c3f40, 0x000001c6801c4188]
Event: 0.391 Thread 0x000001c6ff1b17b0 1046       3       jdk.internal.jrtfs.JrtFileSystem::lambda$iteratorOf$2 (20 bytes)
Event: 0.391 Thread 0x000001c6ff1b17b0 nmethod 1046 0x000001c6801c4290 code [0x000001c6801c4480, 0x000001c6801c4888]
Event: 0.391 Thread 0x000001c6ff1b17b0 1053       3       java.util.ImmutableCollections$ListN::get (7 bytes)
Event: 0.391 Thread 0x000001c6ff1b17b0 nmethod 1053 0x000001c6801c4a10 code [0x000001c6801c4ba0, 0x000001c6801c4cd8]
Event: 0.391 Thread 0x000001c6ff1b17b0 1047       3       jdk.internal.jrtfs.JrtFileSystem$$Lambda$96/0x000000080105d638::test (12 bytes)
Event: 0.391 Thread 0x000001c6ff1b17b0 nmethod 1047 0x000001c6801c4d90 code [0x000001c6801c4f40, 0x000001c6801c52a8]
Event: 0.391 Thread 0x000001c6ff1b17b0 1048   !   3       jdk.internal.jrtfs.JrtFileSystem::lambda$iteratorOf$3 (11 bytes)
Event: 0.391 Thread 0x000001c6ff1b17b0 nmethod 1048 0x000001c6801c5410 code [0x000001c6801c55c0, 0x000001c6801c57c8]
Event: 0.391 Thread 0x000001c6ff1b17b0 1054       3       com.sun.tools.javac.file.RelativePath::<init> (10 bytes)
Event: 0.391 Thread 0x000001c6ff1b17b0 nmethod 1054 0x000001c6801c5910 code [0x000001c6801c5ac0, 0x000001c6801c5c78]
Event: 0.391 Thread 0x000001c6ff1b17b0 1055       3       com.sun.tools.javac.file.RelativePath::resolveAgainst (27 bytes)
Event: 0.391 Thread 0x000001c6ff1b17b0 nmethod 1055 0x000001c6801c5d10 code [0x000001c6801c5ee0, 0x000001c6801c6298]
Event: 0.391 Thread 0x000001c6ff1b17b0 1056       3       com.sun.tools.javac.file.RelativePath$RelativeFile::<init> (24 bytes)
Event: 0.391 Thread 0x000001c6ff1b17b0 nmethod 1056 0x000001c6801c6410 code [0x000001c6801c6620, 0x000001c6801c6bf8]
Event: 0.391 Thread 0x000001c6ff1b17b0 1049       3       java.util.stream.StreamSpliterators$WrappingSpliterator$$Lambda$98/0x000000080105e890::accept (9 bytes)
Event: 0.392 Thread 0x000001c6ff1b17b0 nmethod 1049 0x000001c6801c6e90 code [0x000001c6801c7040, 0x000001c6801c7208]

GC Heap History (17 events):
Event: 0.141 GC heap before
{Heap before GC invocations=0 (full 0):
 garbage-first heap   total 8192K, used 3072K [0x0000000082000000, 0x0000000100000000)
  region size 1024K, 3 young (3072K), 0 survivors (0K)
 Metaspace       used 2596K, committed 2816K, reserved 1114112K
  class space    used 328K, committed 448K, reserved 1048576K
}
Event: 0.144 GC heap after
{Heap after GC invocations=1 (full 0):
 garbage-first heap   total 8192K, used 1144K [0x0000000082000000, 0x0000000100000000)
  region size 1024K, 1 young (1024K), 1 survivors (1024K)
 Metaspace       used 2596K, committed 2816K, reserved 1114112K
  class space    used 328K, committed 448K, reserved 1048576K
}
Event: 0.201 GC heap before
{Heap before GC invocations=1 (full 0):
 garbage-first heap   total 8192K, used 2168K [0x0000000082000000, 0x0000000100000000)
  region size 1024K, 2 young (2048K), 1 survivors (1024K)
 Metaspace       used 4971K, committed 5184K, reserved 1114112K
  class space    used 599K, committed 704K, reserved 1048576K
}
Event: 0.203 GC heap after
{Heap after GC invocations=2 (full 0):
 garbage-first heap   total 8192K, used 1813K [0x0000000082000000, 0x0000000100000000)
  region size 1024K, 1 young (1024K), 1 survivors (1024K)
 Metaspace       used 4971K, committed 5184K, reserved 1114112K
  class space    used 599K, committed 704K, reserved 1048576K
}
Event: 0.248 GC heap before
{Heap before GC invocations=2 (full 0):
 garbage-first heap   total 8192K, used 2837K [0x0000000082000000, 0x0000000100000000)
  region size 1024K, 2 young (2048K), 1 survivors (1024K)
 Metaspace       used 6516K, committed 6656K, reserved 1114112K
  class space    used 753K, committed 832K, reserved 1048576K
}
Event: 0.250 GC heap after
{Heap after GC invocations=3 (full 0):
 garbage-first heap   total 8192K, used 2138K [0x0000000082000000, 0x0000000100000000)
  region size 1024K, 1 young (1024K), 1 survivors (1024K)
 Metaspace       used 6516K, committed 6656K, reserved 1114112K
  class space    used 753K, committed 832K, reserved 1048576K
}
Event: 0.299 GC heap before
{Heap before GC invocations=3 (full 0):
 garbage-first heap   total 8192K, used 3162K [0x0000000082000000, 0x0000000100000000)
  region size 1024K, 2 young (2048K), 1 survivors (1024K)
 Metaspace       used 7837K, committed 8000K, reserved 1114112K
  class space    used 877K, committed 960K, reserved 1048576K
}
Event: 0.300 GC heap after
{Heap after GC invocations=4 (full 0):
 garbage-first heap   total 8192K, used 2392K [0x0000000082000000, 0x0000000100000000)
  region size 1024K, 1 young (1024K), 1 survivors (1024K)
 Metaspace       used 7837K, committed 8000K, reserved 1114112K
  class space    used 877K, committed 960K, reserved 1048576K
}
Event: 0.324 GC heap before
{Heap before GC invocations=4 (full 0):
 garbage-first heap   total 8192K, used 3416K [0x0000000082000000, 0x0000000100000000)
  region size 1024K, 2 young (2048K), 1 survivors (1024K)
 Metaspace       used 8060K, committed 8256K, reserved 1114112K
  class space    used 900K, committed 1024K, reserved 1048576K
}
Event: 0.325 GC heap after
{Heap after GC invocations=5 (full 0):
 garbage-first heap   total 10240K, used 2796K [0x0000000082000000, 0x0000000100000000)
  region size 1024K, 1 young (1024K), 1 survivors (1024K)
 Metaspace       used 8060K, committed 8256K, reserved 1114112K
  class space    used 900K, committed 1024K, reserved 1048576K
}
Event: 0.357 GC heap before
{Heap before GC invocations=5 (full 0):
 garbage-first heap   total 10240K, used 4844K [0x0000000082000000, 0x0000000100000000)
  region size 1024K, 3 young (3072K), 1 survivors (1024K)
 Metaspace       used 8276K, committed 8448K, reserved 1114112K
  class space    used 928K, committed 1024K, reserved 1048576K
}
Event: 0.358 GC heap after
{Heap after GC invocations=6 (full 0):
 garbage-first heap   total 10240K, used 3414K [0x0000000082000000, 0x0000000100000000)
  region size 1024K, 1 young (1024K), 1 survivors (1024K)
 Metaspace       used 8276K, committed 8448K, reserved 1114112K
  class space    used 928K, committed 1024K, reserved 1048576K
}
Event: 0.369 GC heap before
{Heap before GC invocations=6 (full 0):
 garbage-first heap   total 10240K, used 5462K [0x0000000082000000, 0x0000000100000000)
  region size 1024K, 3 young (3072K), 1 survivors (1024K)
 Metaspace       used 8315K, committed 8512K, reserved 1114112K
  class space    used 928K, committed 1024K, reserved 1048576K
}
Event: 0.372 GC heap after
{Heap after GC invocations=7 (full 0):
 garbage-first heap   total 10240K, used 3697K [0x0000000082000000, 0x0000000100000000)
  region size 1024K, 1 young (1024K), 1 survivors (1024K)
 Metaspace       used 8315K, committed 8512K, reserved 1114112K
  class space    used 928K, committed 1024K, reserved 1048576K
}
Event: 0.384 GC heap before
{Heap before GC invocations=7 (full 0):
 garbage-first heap   total 10240K, used 4721K [0x0000000082000000, 0x0000000100000000)
  region size 1024K, 2 young (2048K), 1 survivors (1024K)
 Metaspace       used 8401K, committed 8576K, reserved 1114112K
  class space    used 937K, committed 1024K, reserved 1048576K
}
Event: 0.385 GC heap after
{Heap after GC invocations=8 (full 0):
 garbage-first heap   total 10240K, used 3811K [0x0000000082000000, 0x0000000100000000)
  region size 1024K, 1 young (1024K), 1 survivors (1024K)
 Metaspace       used 8401K, committed 8576K, reserved 1114112K
  class space    used 937K, committed 1024K, reserved 1048576K
}
Event: 0.392 GC heap before
{Heap before GC invocations=8 (full 0):
 garbage-first heap   total 10240K, used 5859K [0x0000000082000000, 0x0000000100000000)
  region size 1024K, 3 young (3072K), 1 survivors (1024K)
 Metaspace       used 8422K, committed 8576K, reserved 1114112K
  class space    used 937K, committed 1024K, reserved 1048576K
}

Dll operation events (5 events):
Event: 0.006 Loaded shared library C:\Program Files\Zulu\zulu-19\bin\java.dll
Event: 0.012 Loaded shared library C:\Program Files\Zulu\zulu-19\bin\jsvml.dll
Event: 0.052 Loaded shared library C:\Program Files\Zulu\zulu-19\bin\jimage.dll
Event: 0.103 Loaded shared library C:\Program Files\Zulu\zulu-19\bin\net.dll
Event: 0.106 Loaded shared library C:\Program Files\Zulu\zulu-19\bin\nio.dll

Deoptimization events (20 events):
Event: 0.134 Thread 0x000001c6ee2fba50 DEOPT PACKING pc=0x000001c68002be67 sp=0x00000009863fae10
Event: 0.134 Thread 0x000001c6ee2fba50 DEOPT UNPACKING pc=0x000001c687597543 sp=0x00000009863fa230 mode 0
Event: 0.144 Thread 0x000001c6ee2fba50 DEOPT PACKING pc=0x000001c68002a1d1 sp=0x00000009863fad20
Event: 0.144 Thread 0x000001c6ee2fba50 DEOPT UNPACKING pc=0x000001c687597543 sp=0x00000009863fa198 mode 0
Event: 0.229 Thread 0x000001c6ee2fba50 Uncommon trap: trap_request=0xffffff45 fr.pc=0x000001c687ae9e80 relative=0x0000000000000980
Event: 0.229 Thread 0x000001c6ee2fba50 Uncommon trap: reason=unstable_if action=reinterpret pc=0x000001c687ae9e80 method=java.util.HashMap.putVal(ILjava/lang/Object;Ljava/lang/Object;ZZ)Ljava/lang/Object; @ 181 c2
Event: 0.229 Thread 0x000001c6ee2fba50 DEOPT PACKING pc=0x000001c687ae9e80 sp=0x00000009863fe7e0
Event: 0.229 Thread 0x000001c6ee2fba50 DEOPT UNPACKING pc=0x000001c687596da3 sp=0x00000009863fe780 mode 2
Event: 0.262 Thread 0x000001c6ee2fba50 Uncommon trap: trap_request=0xffffff45 fr.pc=0x000001c687af8730 relative=0x00000000000004f0
Event: 0.262 Thread 0x000001c6ee2fba50 Uncommon trap: reason=unstable_if action=reinterpret pc=0x000001c687af8730 method=java.lang.StringLatin1.replace([BCC)Ljava/lang/String; @ 19 c2
Event: 0.262 Thread 0x000001c6ee2fba50 DEOPT PACKING pc=0x000001c687af8730 sp=0x00000009863ff060
Event: 0.262 Thread 0x000001c6ee2fba50 DEOPT UNPACKING pc=0x000001c687596da3 sp=0x00000009863fefe0 mode 2
Event: 0.291 Thread 0x000001c6ee2fba50 Uncommon trap: trap_request=0xffffff45 fr.pc=0x000001c687b03630 relative=0x0000000000000170
Event: 0.291 Thread 0x000001c6ee2fba50 Uncommon trap: reason=unstable_if action=reinterpret pc=0x000001c687b03630 method=com.sun.tools.javac.parser.UnicodeReader.nextCodeUnit()V @ 15 c2
Event: 0.291 Thread 0x000001c6ee2fba50 DEOPT PACKING pc=0x000001c687b03630 sp=0x00000009863fece0
Event: 0.291 Thread 0x000001c6ee2fba50 DEOPT UNPACKING pc=0x000001c687596da3 sp=0x00000009863feba8 mode 2
Event: 0.330 Thread 0x000001c6ee2fba50 Uncommon trap: trap_request=0xffffff45 fr.pc=0x000001c687b0f228 relative=0x0000000000000208
Event: 0.330 Thread 0x000001c6ee2fba50 Uncommon trap: reason=unstable_if action=reinterpret pc=0x000001c687b0f228 method=com.sun.tools.javac.util.Name$Table.equals([BI[BII)Z @ 22 c2
Event: 0.330 Thread 0x000001c6ee2fba50 DEOPT PACKING pc=0x000001c687b0f228 sp=0x00000009863fe520
Event: 0.330 Thread 0x000001c6ee2fba50 DEOPT UNPACKING pc=0x000001c687596da3 sp=0x00000009863fe498 mode 2

Classes loaded (20 events):
Event: 0.341 Loading class java/util/RegularEnumSet$EnumSetIterator
Event: 0.342 Loading class java/util/RegularEnumSet$EnumSetIterator done
Event: 0.344 Loading class java/nio/file/Files$AcceptAllFilter
Event: 0.344 Loading class java/nio/file/Files$AcceptAllFilter done
Event: 0.344 Loading class sun/nio/fs/WindowsDirectoryStream$WindowsDirectoryIterator
Event: 0.344 Loading class sun/nio/fs/WindowsDirectoryStream$WindowsDirectoryIterator done
Event: 0.344 Loading class java/nio/file/Files$2
Event: 0.344 Loading class java/nio/file/Files$2 done
Event: 0.344 Loading class java/util/ImmutableCollections$Access
Event: 0.344 Loading class java/util/ImmutableCollections$Access done
Event: 0.344 Loading class java/util/ImmutableCollections$Access$1
Event: 0.344 Loading class jdk/internal/access/JavaUtilCollectionAccess
Event: 0.344 Loading class jdk/internal/access/JavaUtilCollectionAccess done
Event: 0.344 Loading class java/util/ImmutableCollections$Access$1 done
Event: 0.345 Loading class java/util/stream/Nodes$SpinedNodeBuilder
Event: 0.345 Loading class java/util/stream/Nodes$SpinedNodeBuilder done
Event: 0.345 Loading class sun/nio/fs/WindowsPath$WindowsPathWithAttributes
Event: 0.345 Loading class sun/nio/fs/BasicFileAttributesHolder
Event: 0.345 Loading class sun/nio/fs/BasicFileAttributesHolder done
Event: 0.345 Loading class sun/nio/fs/WindowsPath$WindowsPathWithAttributes done

Classes unloaded (0 events):
No events

Classes redefined (0 events):
No events

Internal exceptions (20 events):
Event: 0.224 Thread 0x000001c6ee2fba50 Exception <a 'java/lang/NoSuchMethodError'{0x00000000827602a8}: 'int java.lang.invoke.DirectMethodHandle$Holder.invokeVirtual(java.lang.Object, java.lang.Object)'> (0x00000000827602a8) 
thrown [s\src\hotspot\share\interpreter\linkResolver.cpp, line 774]
Event: 0.227 Thread 0x000001c6ee2fba50 Exception <a 'java/lang/NoSuchMethodError'{0x0000000082788b08}: 'java.lang.Object java.lang.invoke.DirectMethodHandle$Holder.newInvokeSpecial(java.lang.Object, java.lang.Object, java.lang.Object, java.lang.Object, java.lang.Object)'> (0x0000000082788b08) 
thrown [s\src\hotspot\share\interpreter\linkResolver.cpp, line 774]
Event: 0.228 Thread 0x000001c6ee2fba50 Exception <a 'java/lang/NoSuchMethodError'{0x0000000082797530}: 'java.lang.Object java.lang.invoke.DirectMethodHandle$Holder.newInvokeSpecial(java.lang.Object, java.lang.Object, java.lang.Object, java.lang.Object, java.lang.Object, java.lang.Object)'> (0x0000000082797530) 
thrown [s\src\hotspot\share\interpreter\linkResolver.cpp, line 774]
Event: 0.241 Thread 0x000001c6ee2fba50 Exception <a 'sun/nio/fs/WindowsException'{0x00000000827e1280}> (0x00000000827e1280) 
thrown [s\src\hotspot\share\prims\jni.cpp, line 517]
Event: 0.241 Thread 0x000001c6ee2fba50 Exception <a 'sun/nio/fs/WindowsException'{0x00000000827e14b8}> (0x00000000827e14b8) 
thrown [s\src\hotspot\share\prims\jni.cpp, line 517]
Event: 0.293 Thread 0x000001c6ee2fba50 Exception <a 'sun/nio/fs/WindowsException'{0x00000000827c7028}> (0x00000000827c7028) 
thrown [s\src\hotspot\share\prims\jni.cpp, line 517]
Event: 0.293 Thread 0x000001c6ee2fba50 Exception <a 'sun/nio/fs/WindowsException'{0x00000000827c7408}> (0x00000000827c7408) 
thrown [s\src\hotspot\share\prims\jni.cpp, line 517]
Event: 0.293 Thread 0x000001c6ee2fba50 Exception <a 'sun/nio/fs/WindowsException'{0x00000000827c8190}> (0x00000000827c8190) 
thrown [s\src\hotspot\share\prims\jni.cpp, line 517]
Event: 0.293 Thread 0x000001c6ee2fba50 Exception <a 'sun/nio/fs/WindowsException'{0x00000000827c85b0}> (0x00000000827c85b0) 
thrown [s\src\hotspot\share\prims\jni.cpp, line 517]
Event: 0.314 Thread 0x000001c6ee2fba50 Exception <a 'java/lang/NoSuchMethodError'{0x00000000827ae168}: 'java.lang.Object java.lang.invoke.DirectMethodHandle$Holder.invokeVirtual(java.lang.Object, java.lang.Object, java.lang.Object, int, int)'> (0x00000000827ae168) 
thrown [s\src\hotspot\share\interpreter\linkResolver.cpp, line 774]
Event: 0.315 Thread 0x000001c6ee2fba50 Exception <a 'java/lang/NoSuchMethodError'{0x00000000827b4f90}: 'java.lang.Object java.lang.invoke.DirectMethodHandle$Holder.invokeVirtual(java.lang.Object, java.lang.Object, int)'> (0x00000000827b4f90) 
thrown [s\src\hotspot\share\interpreter\linkResolver.cpp, line 774]
Event: 0.316 Thread 0x000001c6ee2fba50 Exception <a 'java/lang/NoSuchMethodError'{0x00000000827bdb28}: 'java.lang.Object java.lang.invoke.DirectMethodHandle$Holder.invokeSpecial(java.lang.Object, java.lang.Object, java.lang.Object, int, int)'> (0x00000000827bdb28) 
thrown [s\src\hotspot\share\interpreter\linkResolver.cpp, line 774]
Event: 0.342 Thread 0x000001c6ee2fba50 Exception <a 'java/lang/NoSuchMethodError'{0x0000000082840d60}: 'void java.lang.invoke.DirectMethodHandle$Holder.invokeStatic(java.lang.Object, java.lang.Object)'> (0x0000000082840d60) 
thrown [s\src\hotspot\share\interpreter\linkResolver.cpp, line 774]
Event: 0.343 Thread 0x000001c6ee2fba50 Exception <a 'sun/nio/fs/WindowsException'{0x000000008284aeb8}> (0x000000008284aeb8) 
thrown [s\src\hotspot\share\prims\jni.cpp, line 517]
Event: 0.348 Thread 0x000001c6ee2fba50 Exception <a 'sun/nio/fs/WindowsException'{0x0000000082866330}> (0x0000000082866330) 
thrown [s\src\hotspot\share\prims\jni.cpp, line 517]
Event: 0.381 Thread 0x000001c6ee2fba50 Exception <a 'java/lang/NoSuchMethodError'{0x00000000829b1af0}: 'int java.lang.invoke.DirectMethodHandle$Holder.invokeSpecial(java.lang.Object, java.lang.Object, java.lang.Object)'> (0x00000000829b1af0) 
thrown [s\src\hotspot\share\interpreter\linkResolver.cpp, line 774]
Event: 0.382 Thread 0x000001c6ee2fba50 Exception <a 'sun/nio/fs/WindowsException'{0x00000000829bc220}> (0x00000000829bc220) 
thrown [s\src\hotspot\share\prims\jni.cpp, line 517]
Event: 0.382 Thread 0x000001c6ee2fba50 Exception <a 'sun/nio/fs/WindowsException'{0x00000000829bc5f0}> (0x00000000829bc5f0) 
thrown [s\src\hotspot\share\prims\jni.cpp, line 517]
Event: 0.383 Thread 0x000001c6ee2fba50 Exception <a 'sun/nio/fs/WindowsException'{0x00000000829bd6f8}> (0x00000000829bd6f8) 
thrown [s\src\hotspot\share\prims\jni.cpp, line 517]
Event: 0.383 Thread 0x000001c6ee2fba50 Exception <a 'sun/nio/fs/WindowsException'{0x00000000829bda88}> (0x00000000829bda88) 
thrown [s\src\hotspot\share\prims\jni.cpp, line 517]

VM Operations (20 events):
Event: 0.203 Executing VM operation: G1CollectForAllocation done
Event: 0.242 Executing VM operation: HandshakeAllThreads
Event: 0.242 Executing VM operation: HandshakeAllThreads done
Event: 0.248 Executing VM operation: G1CollectForAllocation
Event: 0.250 Executing VM operation: G1CollectForAllocation done
Event: 0.295 Executing VM operation: HandshakeAllThreads
Event: 0.295 Executing VM operation: HandshakeAllThreads done
Event: 0.299 Executing VM operation: G1CollectForAllocation
Event: 0.300 Executing VM operation: G1CollectForAllocation done
Event: 0.324 Executing VM operation: G1CollectForAllocation
Event: 0.325 Executing VM operation: G1CollectForAllocation done
Event: 0.345 Executing VM operation: HandshakeAllThreads
Event: 0.345 Executing VM operation: HandshakeAllThreads done
Event: 0.356 Executing VM operation: G1CollectForAllocation
Event: 0.358 Executing VM operation: G1CollectForAllocation done
Event: 0.369 Executing VM operation: G1CollectForAllocation
Event: 0.372 Executing VM operation: G1CollectForAllocation done
Event: 0.384 Executing VM operation: G1CollectForAllocation
Event: 0.385 Executing VM operation: G1CollectForAllocation done
Event: 0.392 Executing VM operation: G1CollectForAllocation

Events (14 events):
Event: 0.012 Thread 0x000001c6ee2fba50 Thread added: 0x000001c6ee2fba50
Event: 0.022 Thread 0x000001c6ff196120 Thread added: 0x000001c6ff196120
Event: 0.022 Thread 0x000001c6ff196df0 Thread added: 0x000001c6ff196df0
Event: 0.023 Thread 0x000001c6ff19dc70 Thread added: 0x000001c6ff19dc70
Event: 0.023 Thread 0x000001c6ff19e5a0 Thread added: 0x000001c6ff19e5a0
Event: 0.023 Thread 0x000001c6ff19f070 Thread added: 0x000001c6ff19f070
Event: 0.023 Thread 0x000001c6ff1a1760 Thread added: 0x000001c6ff1a1760
Event: 0.023 Thread 0x000001c6ff1a8830 Thread added: 0x000001c6ff1a8830
Event: 0.023 Thread 0x000001c6ff1b17b0 Thread added: 0x000001c6ff1b17b0
Event: 0.023 Thread 0x000001c6ff1b2d40 Thread added: 0x000001c6ff1b2d40
Event: 0.037 Thread 0x000001c6ff3ddc20 Thread added: 0x000001c6ff3ddc20
Event: 0.050 Thread 0x000001c6ff414f80 Thread added: 0x000001c6ff414f80
Event: 0.286 Thread 0x000001c6ff81eec0 Thread added: 0x000001c6ff81eec0
Event: 0.376 Thread 0x000001c6ff8681a0 Thread added: 0x000001c6ff8681a0


Dynamic libraries:
0x00007ff6ef9f0000 - 0x00007ff6ef9f8000 	C:\Program Files\Zulu\zulu-19\bin\javac.exe
0x00007ffde4b30000 - 0x00007ffde4d44000 	C:\WINDOWS\SYSTEM32\ntdll.dll
0x00007ffde48b0000 - 0x00007ffde4973000 	C:\WINDOWS\System32\KERNEL32.DLL
0x00007ffde20b0000 - 0x00007ffde244c000 	C:\WINDOWS\System32\KERNELBASE.dll
0x00007ffde24c0000 - 0x00007ffde25d1000 	C:\WINDOWS\System32\ucrtbase.dll
0x00007ffdde630000 - 0x00007ffdde647000 	C:\Program Files\Zulu\zulu-19\bin\jli.dll
0x00007ffdde650000 - 0x00007ffdde66b000 	C:\Program Files\Zulu\zulu-19\bin\VCRUNTIME140.dll
0x00007ffde3c90000 - 0x00007ffde3e3d000 	C:\WINDOWS\System32\USER32.dll
0x00007ffde2680000 - 0x00007ffde26a6000 	C:\WINDOWS\System32\win32u.dll
0x00007ffdcd690000 - 0x00007ffdcd91e000 	C:\WINDOWS\WinSxS\amd64_microsoft.windows.common-controls_6595b64144ccf1df_6.0.22621.608_none_a9444ca7c10bb01d\COMCTL32.dll
0x00007ffde2e30000 - 0x00007ffde2e59000 	C:\WINDOWS\System32\GDI32.dll
0x00007ffde4a40000 - 0x00007ffde4ae7000 	C:\WINDOWS\System32\msvcrt.dll
0x00007ffde2820000 - 0x00007ffde2933000 	C:\WINDOWS\System32\gdi32full.dll
0x00007ffde25e0000 - 0x00007ffde267a000 	C:\WINDOWS\System32\msvcp_win.dll
0x00007ffde3bf0000 - 0x00007ffde3c21000 	C:\WINDOWS\System32\IMM32.DLL
0x00007ffdde620000 - 0x00007ffdde62c000 	C:\Program Files\Zulu\zulu-19\bin\vcruntime140_1.dll
0x00007ffdde590000 - 0x00007ffdde61d000 	C:\Program Files\Zulu\zulu-19\bin\msvcp140.dll
0x00007ffd8fd20000 - 0x00007ffd90a27000 	C:\Program Files\Zulu\zulu-19\bin\server\jvm.dll
0x00007ffde2e90000 - 0x00007ffde2f3e000 	C:\WINDOWS\System32\ADVAPI32.dll
0x00007ffde2940000 - 0x00007ffde29e4000 	C:\WINDOWS\System32\sechost.dll
0x00007ffde2f60000 - 0x00007ffde3075000 	C:\WINDOWS\System32\RPCRT4.dll
0x00007ffddaab0000 - 0x00007ffddaae4000 	C:\WINDOWS\SYSTEM32\WINMM.dll
0x00007ffddc170000 - 0x00007ffddc179000 	C:\WINDOWS\SYSTEM32\WSOCK32.dll
0x00007ffdda430000 - 0x00007ffdda43a000 	C:\WINDOWS\SYSTEM32\VERSION.dll
0x00007ffde29f0000 - 0x00007ffde2a61000 	C:\WINDOWS\System32\WS2_32.dll
0x00007ffde10b0000 - 0x00007ffde10c8000 	C:\WINDOWS\SYSTEM32\kernel.appcore.dll
0x00007ffdde580000 - 0x00007ffdde58a000 	C:\Program Files\Zulu\zulu-19\bin\jimage.dll
0x00007ffddf750000 - 0x00007ffddf97e000 	C:\WINDOWS\SYSTEM32\DBGHELP.DLL
0x00007ffde3f40000 - 0x00007ffde42c9000 	C:\WINDOWS\System32\combase.dll
0x00007ffde3080000 - 0x00007ffde3157000 	C:\WINDOWS\System32\OLEAUT32.dll
0x00007ffdc6fc0000 - 0x00007ffdc6ff2000 	C:\WINDOWS\SYSTEM32\dbgcore.DLL
0x00007ffde2030000 - 0x00007ffde20ab000 	C:\WINDOWS\System32\bcryptPrimitives.dll
0x00007ffdd8100000 - 0x00007ffdd8126000 	C:\Program Files\Zulu\zulu-19\bin\java.dll
0x00007ffdd7f30000 - 0x00007ffdd8007000 	C:\Program Files\Zulu\zulu-19\bin\jsvml.dll
0x00007ffde3380000 - 0x00007ffde3b70000 	C:\WINDOWS\System32\SHELL32.dll
0x00007ffddff90000 - 0x00007ffde085e000 	C:\WINDOWS\SYSTEM32\windows.storage.dll
0x00007ffddfce0000 - 0x00007ffddfe1e000 	C:\WINDOWS\SYSTEM32\wintypes.dll
0x00007ffde2d30000 - 0x00007ffde2e21000 	C:\WINDOWS\System32\SHCORE.dll
0x00007ffde3c30000 - 0x00007ffde3c8e000 	C:\WINDOWS\System32\shlwapi.dll
0x00007ffde1ea0000 - 0x00007ffde1ec1000 	C:\WINDOWS\SYSTEM32\profapi.dll
0x00007ffdccd10000 - 0x00007ffdccd23000 	C:\Program Files\Zulu\zulu-19\bin\net.dll
0x00007ffddb520000 - 0x00007ffddb64f000 	C:\WINDOWS\SYSTEM32\WINHTTP.dll
0x00007ffde1520000 - 0x00007ffde1589000 	C:\WINDOWS\system32\mswsock.dll
0x00007ffdcc840000 - 0x00007ffdcc856000 	C:\Program Files\Zulu\zulu-19\bin\nio.dll

dbghelp: loaded successfully - version: 4.0.5 - missing functions: none
symbol engine: initialized successfully - sym options: 0x614 - pdb path: .;C:\Program Files\Zulu\zulu-19\bin;C:\WINDOWS\SYSTEM32;C:\WINDOWS\WinSxS\amd64_microsoft.windows.common-controls_6595b64144ccf1df_6.0.22621.608_none_a9444ca7c10bb01d;C:\Program Files\Zulu\zulu-19\bin\server

VM Arguments:
jvm_args: -Dapplication.home=C:\Program Files\Zulu\zulu-19 --add-modules=ALL-DEFAULT -Xms8m -Djdk.module.main=jdk.compiler 
java_command: jdk.compiler/com.sun.tools.javac.Main -d C:\Users\ulise\Desktop\TEC\Algoritmos y estructura de datos I\BuscaMinas\ventana busca minas\build\classes -classpath C:\Users\ulise\Desktop\TEC\Algoritmos y estructura de datos I\BuscaMinas\ventana busca minas\build\classes -sourcepath C:\Users\ulise\Desktop\TEC\Algoritmos y estructura de datos I\BuscaMinas\ventana busca minas\src -target 19 -encoding UTF-8 -g -processorpath C:\Users\ulise\Desktop\TEC\Algoritmos y estructura de datos I\BuscaMinas\ventana busca minas\build\empty -s C:\Users\ulise\Desktop\TEC\Algoritmos y estructura de datos I\BuscaMinas\ventana busca minas\build\generated-sources\ap-source-output -source 19 C:\Users\ulise\Desktop\TEC\Algoritmos y estructura de datos I\BuscaMinas\ventana busca minas\src\BuscaminasFX.java
java_class_path (initial): <not set>
Launcher Type: SUN_STANDARD

[Global flags]
     intx CICompilerCount                          = 4                                         {product} {ergonomic}
     uint ConcGCThreads                            = 3                                         {product} {ergonomic}
     uint G1ConcRefinementThreads                  = 10                                        {product} {ergonomic}
   size_t G1HeapRegionSize                         = 1048576                                   {product} {ergonomic}
    uintx GCDrainStackTargetSize                   = 64                                        {product} {ergonomic}
   size_t InitialHeapSize                          = 8388608                                   {product} {command line}
   size_t MarkStackSize                            = 4194304                                   {product} {ergonomic}
   size_t MaxHeapSize                              = 2113929216                                {product} {ergonomic}
   size_t MaxNewSize                               = 1267728384                                {product} {ergonomic}
   size_t MinHeapDeltaBytes                        = 1048576                                   {product} {ergonomic}
   size_t MinHeapSize                              = 8388608                                   {product} {command line}
    uintx NonNMethodCodeHeapSize                   = 5839372                                {pd product} {ergonomic}
    uintx NonProfiledCodeHeapSize                  = 122909434                              {pd product} {ergonomic}
    uintx ProfiledCodeHeapSize                     = 122909434                              {pd product} {ergonomic}
    uintx ReservedCodeCacheSize                    = 251658240                              {pd product} {ergonomic}
     bool SegmentedCodeCache                       = true                                      {product} {ergonomic}
   size_t SoftMaxHeapSize                          = 2113929216                             {manageable} {ergonomic}
     bool UseCompressedClassPointers               = true                           {product lp64_product} {ergonomic}
     bool UseCompressedOops                        = true                           {product lp64_product} {ergonomic}
     bool UseG1GC                                  = true                                      {product} {ergonomic}
     bool UseLargePagesIndividualAllocation        = false                                  {pd product} {ergonomic}

Logging:
Log output configuration:
 #0: stdout all=warning uptime,level,tags foldmultilines=false
 #1: stderr all=off uptime,level,tags foldmultilines=false

Environment Variables:
PATH=C:\Program Files\Zulu\zulu-19\bin\;C:\Program Files\Common Files\Oracle\Java\javapath;C:\Program Files (x86)\Common Files\Oracle\Java\javapath;C:\Windows\system32;C:\Windows;C:\Windows\System32\Wbem;C:\Windows\System32\WindowsPowerShell\v1.0\;C:\Windows\System32\OpenSSH\;C:\Program Files (x86)\NVIDIA Corporation\PhysX\Common;C:\Program Files\NVIDIA Corporation\NVIDIA NvDLISR;C:\WINDOWS\system32;C:\WINDOWS;C:\WINDOWS\System32\Wbem;C:\WINDOWS\System32\WindowsPowerShell\v1.0\;C:\WINDOWS\System32\OpenSSH\;C:\Program Files\nodejs\;C:\Program Files\Git\cmd;C:\Users\ulise\AppData\Local\Microsoft\WindowsApps;C:\Users\ulise\AppData\Local\Programs\Microsoft VS Code\bin;C:\Users\ulise\AppData\Roaming\npm;C:\Users\ulise\AppData\Local\GitHubDesktop\bin
USERNAME=ulise
OS=Windows_NT
PROCESSOR_IDENTIFIER=Intel64 Family 6 Model 165 Stepping 2, GenuineIntel
TMP=C:\Users\ulise\AppData\Local\Temp
TEMP=C:\Users\ulise\AppData\Local\Temp



---------------  S Y S T E M  ---------------

OS:
 Windows 11 , 64 bit Build 22621 (10.0.22621.1344)
OS uptime: 1 days 4:46 hours

CPU: total 12 (initial active 12) (6 cores per cpu, 2 threads per core) family 6 model 165 stepping 2 microcode 0xe2, cx8, cmov, fxsr, ht, mmx, 3dnowpref, sse, sse2, sse3, ssse3, sse4.1, sse4.2, popcnt, lzcnt, tsc, tscinvbit, avx, avx2, aes, erms, clmul, bmi1, bmi2, adx, fma, vzeroupper, clflush, clflushopt, rdtscp

Memory: 4k page, system-wide physical 8059M (1022M free)
TotalPageFile size 12155M (AvailPageFile size 8M)
current process WorkingSet (physical memory assigned to process): 66M, peak: 66M
current process commit charge ("private bytes"): 108M, peak: 118M

vm_info: OpenJDK 64-Bit Server VM (19.0.2+7) for windows-amd64 JRE (19.0.2+7) (Zulu19.32+15-CA), built on Dec 28 2022 19:25:40 by "zulu_re" with MS VC++ 16.10 / 16.11 (VS2019)

END.
