#
# There is insufficient memory for the Java Runtime Environment to continue.
# Native memory allocation (malloc) failed to allocate 399296 bytes for Chunk::new
# Possible reasons:
#   The system is out of physical RAM or swap space
#   The process is running with CompressedOops enabled, and the Java Heap may be blocking the growth of the native heap
# Possible solutions:
#   Reduce memory load on the system
#   Increase physical memory or swap space
#   Check if swap backing store is full
#   Decrease Java heap size (-Xmx/-Xms)
#   Decrease number of Java threads
#   Decrease Java thread stack sizes (-Xss)
#   Set larger code cache with -XX:ReservedCodeCacheSize=
#   JVM is running with Unscaled Compressed Oops mode in which the Java heap is
#     placed in the first 4GB address space. The Java Heap base address is the
#     maximum limit for the native heap growth. Please use -XX:HeapBaseMinAddress
#     to set the Java Heap base and to place the Java Heap above 4GB virtual address.
# This output file may be truncated or incomplete.
#
#  Out of Memory Error (arena.cpp:184), pid=4232, tid=23220
#
# JRE version: OpenJDK Runtime Environment Zulu19.32+15-CA (19.0.2+7) (build 19.0.2+7)
# Java VM: OpenJDK 64-Bit Server VM Zulu19.32+15-CA (19.0.2+7, mixed mode, sharing, tiered, compressed oops, compressed class ptrs, g1 gc, windows-amd64)
# No core dump will be written. Minidumps are not enabled by default on client versions of Windows
#

---------------  S U M M A R Y ------------

Command Line: -Dant.home=C:\Program Files\NetBeans-17\netbeans\extide\ant\bin\.. org.apache.tools.ant.launch.Launcher -f C:\Users\ulise\Desktop\TEC\Algoritmos y estructura de datos I\BuscaMinas\ventana busca minas\build.xml -Dant.rerun 1 jfx-project-build

Host: Intel(R) Core(TM) i7-10750H CPU @ 2.60GHz, 12 cores, 7G,  Windows 11 , 64 bit Build 22621 (10.0.22621.1485)
Time: Sun Apr  9 00:56:36 2023 Hora estándar, América Central elapsed time: 0.727296 seconds (0d 0h 0m 0s)

---------------  T H R E A D  ---------------

Current thread (0x00000196610f35a0):  JavaThread "C2 CompilerThread1" daemon [_thread_in_native, id=23220, stack(0x00000086c8100000,0x00000086c8200000)]


Current CompileTask:
C2:    727 2012       4       com.sun.org.apache.xerces.internal.impl.XMLNSDocumentScannerImpl::scanAttribute (834 bytes)

Stack: [0x00000086c8100000,0x00000086c8200000]
Native frames: (J=compiled Java code, j=interpreted, Vv=VM code, C=native code)
V  [jvm.dll+0x6eab2a]
V  [jvm.dll+0x8a4a20]
V  [jvm.dll+0x8a640e]
V  [jvm.dll+0x8a6ac3]
V  [jvm.dll+0x27c1ef]
V  [jvm.dll+0xc245f]
V  [jvm.dll+0xc27d5]
V  [jvm.dll+0x2f30df]
V  [jvm.dll+0x5eb37e]
V  [jvm.dll+0x24e7c3]
V  [jvm.dll+0x246ebf]
V  [jvm.dll+0x244b65]
V  [jvm.dll+0x1cf9a1]
V  [jvm.dll+0x254799]
V  [jvm.dll+0x2529a8]
V  [jvm.dll+0x854e98]
V  [jvm.dll+0x84ec7a]
V  [jvm.dll+0x6e981b]
C  [ucrtbase.dll+0x29363]
C  [KERNEL32.DLL+0x1269d]
C  [ntdll.dll+0x5a9f8]


---------------  P R O C E S S  ---------------

Threads class SMR info:
_java_thread_list=0x0000019661156f60, length=14, elements={
0x000001963c9b8b30, 0x000001965c9535e0, 0x000001965c954110, 0x000001965c95aee0,
0x000001965c95b810, 0x000001965c95c140, 0x000001965c95ea80, 0x000001965c96b1c0,
0x000001965c973b40, 0x000001965c9744b0, 0x0000019660d36700, 0x0000019660d5ce70,
0x00000196610f35a0, 0x00000196611aafd0
}

Java Threads: ( => current thread )
  0x000001963c9b8b30 JavaThread "main" [_thread_in_vm, id=4868, stack(0x00000086c6e00000,0x00000086c6f00000)]
  0x000001965c9535e0 JavaThread "Reference Handler" daemon [_thread_blocked, id=16400, stack(0x00000086c7500000,0x00000086c7600000)]
  0x000001965c954110 JavaThread "Finalizer" daemon [_thread_blocked, id=10068, stack(0x00000086c7600000,0x00000086c7700000)]
  0x000001965c95aee0 JavaThread "Signal Dispatcher" daemon [_thread_blocked, id=7112, stack(0x00000086c7700000,0x00000086c7800000)]
  0x000001965c95b810 JavaThread "Attach Listener" daemon [_thread_blocked, id=24464, stack(0x00000086c7800000,0x00000086c7900000)]
  0x000001965c95c140 JavaThread "Service Thread" daemon [_thread_blocked, id=21528, stack(0x00000086c7900000,0x00000086c7a00000)]
  0x000001965c95ea80 JavaThread "Monitor Deflation Thread" daemon [_thread_blocked, id=11324, stack(0x00000086c7a00000,0x00000086c7b00000)]
  0x000001965c96b1c0 JavaThread "C2 CompilerThread0" daemon [_thread_in_native, id=18424, stack(0x00000086c7b00000,0x00000086c7c00000)]
  0x000001965c973b40 JavaThread "C1 CompilerThread0" daemon [_thread_in_native, id=1720, stack(0x00000086c7c00000,0x00000086c7d00000)]
  0x000001965c9744b0 JavaThread "Sweeper thread" daemon [_thread_blocked, id=7740, stack(0x00000086c7d00000,0x00000086c7e00000)]
  0x0000019660d36700 JavaThread "Notification Thread" daemon [_thread_blocked, id=21816, stack(0x00000086c7e00000,0x00000086c7f00000)]
  0x0000019660d5ce70 JavaThread "Common-Cleaner" daemon [_thread_blocked, id=14844, stack(0x00000086c8000000,0x00000086c8100000)]
=>0x00000196610f35a0 JavaThread "C2 CompilerThread1" daemon [_thread_in_native, id=23220, stack(0x00000086c8100000,0x00000086c8200000)]
  0x00000196611aafd0 JavaThread "C2 CompilerThread2" daemon [_thread_in_native, id=16056, stack(0x00000086c8200000,0x00000086c8300000)]

Other Threads:
  0x000001965c938fb0 VMThread "VM Thread" [stack: 0x00000086c7400000,0x00000086c7500000] [id=22240]
  0x0000019660d58c60 WatcherThread "VM Periodic Task Thread" [stack: 0x00000086c7f00000,0x00000086c8000000] [id=19620]
  0x000001963ca178e0 WorkerThread "GC Thread#0" [stack: 0x00000086c6f00000,0x00000086c7000000] [id=21560]
  0x00000196613785a0 WorkerThread "GC Thread#1" [stack: 0x00000086c8300000,0x00000086c8400000] [id=14832]
  0x0000019661378b40 WorkerThread "GC Thread#2" [stack: 0x00000086c8400000,0x00000086c8500000] [id=18268]
  0x0000019661379680 WorkerThread "GC Thread#3" [stack: 0x00000086c8500000,0x00000086c8600000] [id=16040]
  0x0000019661377d30 WorkerThread "GC Thread#4" [stack: 0x00000086c8600000,0x00000086c8700000] [id=24148]
  0x00000196613790e0 WorkerThread "GC Thread#5" [stack: 0x00000086c8700000,0x00000086c8800000] [id=24196]
  0x0000019661378e10 WorkerThread "GC Thread#6" [stack: 0x00000086c8800000,0x00000086c8900000] [id=17936]
  0x000001963ca28880 ConcurrentGCThread "G1 Main Marker" [stack: 0x00000086c7000000,0x00000086c7100000] [id=16644]
  0x000001963ca29a50 WorkerThread "G1 Conc#0" [stack: 0x00000086c7100000,0x00000086c7200000] [id=21024]
  0x000001965c7ed090 ConcurrentGCThread "G1 Refine#0" [stack: 0x00000086c7200000,0x00000086c7300000] [id=19592]
  0x000001965c7eea80 ConcurrentGCThread "G1 Service" [stack: 0x00000086c7300000,0x00000086c7400000] [id=14508]

Threads with active compile tasks:
C2 CompilerThread0      736 2040   !   4       com.sun.org.apache.xerces.internal.impl.XMLDocumentFragmentScannerImpl$FragmentContentDriver::next (2331 bytes)
C1 CompilerThread0      736 2064       3       sun.util.locale.LocaleUtils::caseIgnoreMatch (73 bytes)
C2 CompilerThread1      736 2012       4       com.sun.org.apache.xerces.internal.impl.XMLNSDocumentScannerImpl::scanAttribute (834 bytes)
C2 CompilerThread2      736 2039       4       com.sun.org.apache.xerces.internal.impl.XMLNSDocumentScannerImpl::scanStartElement (1031 bytes)

VM state: not at safepoint (normal execution)

VM Mutex/Monitor currently owned by a thread: None

Heap address: 0x0000000081600000, size: 2026 MB, Compressed Oops mode: 32-bit

CDS archive(s) mapped at: [0x0000000800000000-0x0000000800c40000-0x0000000800c40000), size 12845056, SharedBaseAddress: 0x0000000800000000, ArchiveRelocationMode: 0.
Compressed class space mapped at: 0x0000000801000000-0x0000000841000000, reserved size: 1073741824
Narrow klass base: 0x0000000800000000, Narrow klass shift: 0, Narrow klass range: 0x100000000

GC Precious Log:
 CardTable entry size: 512
 Card Set container configuration: InlinePtr #cards 5 size 8 Array Of Cards #cards 12 size 40 Howl #buckets 4 coarsen threshold 1843 Howl Bitmap #cards 512 size 80 coarsen threshold 460 Card regions per heap region 1 cards per card region 2048
 CPUs: 12 total, 12 available
 Memory: 8099M
 Large Page Support: Disabled
 NUMA Support: Disabled
 Compressed Oops: Enabled (32-bit)
 Heap Region Size: 1M
 Heap Min Capacity: 8M
 Heap Initial Capacity: 128M
 Heap Max Capacity: 2026M
 Pre-touch: Disabled
 Parallel Workers: 10
 Concurrent Workers: 3
 Concurrent Refinement Workers: 10
 Periodic GC: Disabled

Heap:
 garbage-first heap   total 131072K, used 25706K [0x0000000081600000, 0x0000000100000000)
  region size 1024K, 22 young (22528K), 3 survivors (3072K)
 Metaspace       used 6009K, committed 6208K, reserved 1114112K
  class space    used 588K, committed 704K, reserved 1048576K

Heap Regions: E=young(eden), S=young(survivor), O=old, HS=humongous(starts), HC=humongous(continues), CS=collection set, F=free, OA=open archive, CA=closed archive, TAMS=top-at-mark-start (previous, next)
|   0|0x0000000081600000, 0x0000000081700000, 0x0000000081700000|100%| O|  |TAMS 0x0000000081600000, 0x0000000081600000| Untracked 
|   1|0x0000000081700000, 0x0000000081800000, 0x0000000081800000|100%| O|  |TAMS 0x0000000081700000, 0x0000000081700000| Untracked 
|   2|0x0000000081800000, 0x0000000081900000, 0x0000000081900000|100%| O|  |TAMS 0x0000000081800000, 0x0000000081800000| Untracked 
|   3|0x0000000081900000, 0x0000000081a00000, 0x0000000081a00000|100%| O|  |TAMS 0x0000000081900000, 0x0000000081900000| Untracked 
|   4|0x0000000081a00000, 0x0000000081a1ac00, 0x0000000081b00000| 10%| O|  |TAMS 0x0000000081a00000, 0x0000000081a00000| Untracked 
|   5|0x0000000081b00000, 0x0000000081b00000, 0x0000000081c00000|  0%| F|  |TAMS 0x0000000081b00000, 0x0000000081b00000| Untracked 
|   6|0x0000000081c00000, 0x0000000081c00000, 0x0000000081d00000|  0%| F|  |TAMS 0x0000000081c00000, 0x0000000081c00000| Untracked 
|   7|0x0000000081d00000, 0x0000000081d00000, 0x0000000081e00000|  0%| F|  |TAMS 0x0000000081d00000, 0x0000000081d00000| Untracked 
|   8|0x0000000081e00000, 0x0000000081e00000, 0x0000000081f00000|  0%| F|  |TAMS 0x0000000081e00000, 0x0000000081e00000| Untracked 
|   9|0x0000000081f00000, 0x0000000081f00000, 0x0000000082000000|  0%| F|  |TAMS 0x0000000081f00000, 0x0000000081f00000| Untracked 
|  10|0x0000000082000000, 0x0000000082000000, 0x0000000082100000|  0%| F|  |TAMS 0x0000000082000000, 0x0000000082000000| Untracked 
|  11|0x0000000082100000, 0x0000000082100000, 0x0000000082200000|  0%| F|  |TAMS 0x0000000082100000, 0x0000000082100000| Untracked 
|  12|0x0000000082200000, 0x0000000082200000, 0x0000000082300000|  0%| F|  |TAMS 0x0000000082200000, 0x0000000082200000| Untracked 
|  13|0x0000000082300000, 0x0000000082300000, 0x0000000082400000|  0%| F|  |TAMS 0x0000000082300000, 0x0000000082300000| Untracked 
|  14|0x0000000082400000, 0x0000000082400000, 0x0000000082500000|  0%| F|  |TAMS 0x0000000082400000, 0x0000000082400000| Untracked 
|  15|0x0000000082500000, 0x0000000082500000, 0x0000000082600000|  0%| F|  |TAMS 0x0000000082500000, 0x0000000082500000| Untracked 
|  16|0x0000000082600000, 0x0000000082600000, 0x0000000082700000|  0%| F|  |TAMS 0x0000000082600000, 0x0000000082600000| Untracked 
|  17|0x0000000082700000, 0x0000000082700000, 0x0000000082800000|  0%| F|  |TAMS 0x0000000082700000, 0x0000000082700000| Untracked 
|  18|0x0000000082800000, 0x0000000082800000, 0x0000000082900000|  0%| F|  |TAMS 0x0000000082800000, 0x0000000082800000| Untracked 
|  19|0x0000000082900000, 0x0000000082900000, 0x0000000082a00000|  0%| F|  |TAMS 0x0000000082900000, 0x0000000082900000| Untracked 
|  20|0x0000000082a00000, 0x0000000082a00000, 0x0000000082b00000|  0%| F|  |TAMS 0x0000000082a00000, 0x0000000082a00000| Untracked 
|  21|0x0000000082b00000, 0x0000000082b00000, 0x0000000082c00000|  0%| F|  |TAMS 0x0000000082b00000, 0x0000000082b00000| Untracked 
|  22|0x0000000082c00000, 0x0000000082c00000, 0x0000000082d00000|  0%| F|  |TAMS 0x0000000082c00000, 0x0000000082c00000| Untracked 
|  23|0x0000000082d00000, 0x0000000082d00000, 0x0000000082e00000|  0%| F|  |TAMS 0x0000000082d00000, 0x0000000082d00000| Untracked 
|  24|0x0000000082e00000, 0x0000000082e00000, 0x0000000082f00000|  0%| F|  |TAMS 0x0000000082e00000, 0x0000000082e00000| Untracked 
|  25|0x0000000082f00000, 0x0000000082f00000, 0x0000000083000000|  0%| F|  |TAMS 0x0000000082f00000, 0x0000000082f00000| Untracked 
|  26|0x0000000083000000, 0x0000000083000000, 0x0000000083100000|  0%| F|  |TAMS 0x0000000083000000, 0x0000000083000000| Untracked 
|  27|0x0000000083100000, 0x0000000083100000, 0x0000000083200000|  0%| F|  |TAMS 0x0000000083100000, 0x0000000083100000| Untracked 
|  28|0x0000000083200000, 0x0000000083200000, 0x0000000083300000|  0%| F|  |TAMS 0x0000000083200000, 0x0000000083200000| Untracked 
|  29|0x0000000083300000, 0x0000000083300000, 0x0000000083400000|  0%| F|  |TAMS 0x0000000083300000, 0x0000000083300000| Untracked 
|  30|0x0000000083400000, 0x0000000083400000, 0x0000000083500000|  0%| F|  |TAMS 0x0000000083400000, 0x0000000083400000| Untracked 
|  31|0x0000000083500000, 0x0000000083500000, 0x0000000083600000|  0%| F|  |TAMS 0x0000000083500000, 0x0000000083500000| Untracked 
|  32|0x0000000083600000, 0x0000000083600000, 0x0000000083700000|  0%| F|  |TAMS 0x0000000083600000, 0x0000000083600000| Untracked 
|  33|0x0000000083700000, 0x0000000083700000, 0x0000000083800000|  0%| F|  |TAMS 0x0000000083700000, 0x0000000083700000| Untracked 
|  34|0x0000000083800000, 0x0000000083800000, 0x0000000083900000|  0%| F|  |TAMS 0x0000000083800000, 0x0000000083800000| Untracked 
|  35|0x0000000083900000, 0x0000000083900000, 0x0000000083a00000|  0%| F|  |TAMS 0x0000000083900000, 0x0000000083900000| Untracked 
|  36|0x0000000083a00000, 0x0000000083a00000, 0x0000000083b00000|  0%| F|  |TAMS 0x0000000083a00000, 0x0000000083a00000| Untracked 
|  37|0x0000000083b00000, 0x0000000083b00000, 0x0000000083c00000|  0%| F|  |TAMS 0x0000000083b00000, 0x0000000083b00000| Untracked 
|  38|0x0000000083c00000, 0x0000000083c00000, 0x0000000083d00000|  0%| F|  |TAMS 0x0000000083c00000, 0x0000000083c00000| Untracked 
|  39|0x0000000083d00000, 0x0000000083d00000, 0x0000000083e00000|  0%| F|  |TAMS 0x0000000083d00000, 0x0000000083d00000| Untracked 
|  40|0x0000000083e00000, 0x0000000083e00000, 0x0000000083f00000|  0%| F|  |TAMS 0x0000000083e00000, 0x0000000083e00000| Untracked 
|  41|0x0000000083f00000, 0x0000000083f00000, 0x0000000084000000|  0%| F|  |TAMS 0x0000000083f00000, 0x0000000083f00000| Untracked 
|  42|0x0000000084000000, 0x0000000084000000, 0x0000000084100000|  0%| F|  |TAMS 0x0000000084000000, 0x0000000084000000| Untracked 
|  43|0x0000000084100000, 0x0000000084100000, 0x0000000084200000|  0%| F|  |TAMS 0x0000000084100000, 0x0000000084100000| Untracked 
|  44|0x0000000084200000, 0x0000000084200000, 0x0000000084300000|  0%| F|  |TAMS 0x0000000084200000, 0x0000000084200000| Untracked 
|  45|0x0000000084300000, 0x0000000084300000, 0x0000000084400000|  0%| F|  |TAMS 0x0000000084300000, 0x0000000084300000| Untracked 
|  46|0x0000000084400000, 0x0000000084400000, 0x0000000084500000|  0%| F|  |TAMS 0x0000000084400000, 0x0000000084400000| Untracked 
|  47|0x0000000084500000, 0x0000000084500000, 0x0000000084600000|  0%| F|  |TAMS 0x0000000084500000, 0x0000000084500000| Untracked 
|  48|0x0000000084600000, 0x0000000084600000, 0x0000000084700000|  0%| F|  |TAMS 0x0000000084600000, 0x0000000084600000| Untracked 
|  49|0x0000000084700000, 0x0000000084700000, 0x0000000084800000|  0%| F|  |TAMS 0x0000000084700000, 0x0000000084700000| Untracked 
|  50|0x0000000084800000, 0x0000000084800000, 0x0000000084900000|  0%| F|  |TAMS 0x0000000084800000, 0x0000000084800000| Untracked 
|  51|0x0000000084900000, 0x0000000084900000, 0x0000000084a00000|  0%| F|  |TAMS 0x0000000084900000, 0x0000000084900000| Untracked 
|  52|0x0000000084a00000, 0x0000000084a00000, 0x0000000084b00000|  0%| F|  |TAMS 0x0000000084a00000, 0x0000000084a00000| Untracked 
|  53|0x0000000084b00000, 0x0000000084b00000, 0x0000000084c00000|  0%| F|  |TAMS 0x0000000084b00000, 0x0000000084b00000| Untracked 
|  54|0x0000000084c00000, 0x0000000084c00000, 0x0000000084d00000|  0%| F|  |TAMS 0x0000000084c00000, 0x0000000084c00000| Untracked 
|  55|0x0000000084d00000, 0x0000000084d00000, 0x0000000084e00000|  0%| F|  |TAMS 0x0000000084d00000, 0x0000000084d00000| Untracked 
|  56|0x0000000084e00000, 0x0000000084e00000, 0x0000000084f00000|  0%| F|  |TAMS 0x0000000084e00000, 0x0000000084e00000| Untracked 
|  57|0x0000000084f00000, 0x0000000084f00000, 0x0000000085000000|  0%| F|  |TAMS 0x0000000084f00000, 0x0000000084f00000| Untracked 
|  58|0x0000000085000000, 0x0000000085000000, 0x0000000085100000|  0%| F|  |TAMS 0x0000000085000000, 0x0000000085000000| Untracked 
|  59|0x0000000085100000, 0x0000000085100000, 0x0000000085200000|  0%| F|  |TAMS 0x0000000085100000, 0x0000000085100000| Untracked 
|  60|0x0000000085200000, 0x0000000085200000, 0x0000000085300000|  0%| F|  |TAMS 0x0000000085200000, 0x0000000085200000| Untracked 
|  61|0x0000000085300000, 0x0000000085300000, 0x0000000085400000|  0%| F|  |TAMS 0x0000000085300000, 0x0000000085300000| Untracked 
|  62|0x0000000085400000, 0x0000000085400000, 0x0000000085500000|  0%| F|  |TAMS 0x0000000085400000, 0x0000000085400000| Untracked 
|  63|0x0000000085500000, 0x0000000085500000, 0x0000000085600000|  0%| F|  |TAMS 0x0000000085500000, 0x0000000085500000| Untracked 
|  64|0x0000000085600000, 0x0000000085600000, 0x0000000085700000|  0%| F|  |TAMS 0x0000000085600000, 0x0000000085600000| Untracked 
|  65|0x0000000085700000, 0x0000000085700000, 0x0000000085800000|  0%| F|  |TAMS 0x0000000085700000, 0x0000000085700000| Untracked 
|  66|0x0000000085800000, 0x0000000085800000, 0x0000000085900000|  0%| F|  |TAMS 0x0000000085800000, 0x0000000085800000| Untracked 
|  67|0x0000000085900000, 0x0000000085900000, 0x0000000085a00000|  0%| F|  |TAMS 0x0000000085900000, 0x0000000085900000| Untracked 
|  68|0x0000000085a00000, 0x0000000085a00000, 0x0000000085b00000|  0%| F|  |TAMS 0x0000000085a00000, 0x0000000085a00000| Untracked 
|  69|0x0000000085b00000, 0x0000000085b00000, 0x0000000085c00000|  0%| F|  |TAMS 0x0000000085b00000, 0x0000000085b00000| Untracked 
|  70|0x0000000085c00000, 0x0000000085c00000, 0x0000000085d00000|  0%| F|  |TAMS 0x0000000085c00000, 0x0000000085c00000| Untracked 
|  71|0x0000000085d00000, 0x0000000085d00000, 0x0000000085e00000|  0%| F|  |TAMS 0x0000000085d00000, 0x0000000085d00000| Untracked 
|  72|0x0000000085e00000, 0x0000000085e00000, 0x0000000085f00000|  0%| F|  |TAMS 0x0000000085e00000, 0x0000000085e00000| Untracked 
|  73|0x0000000085f00000, 0x0000000085f00000, 0x0000000086000000|  0%| F|  |TAMS 0x0000000085f00000, 0x0000000085f00000| Untracked 
|  74|0x0000000086000000, 0x0000000086000000, 0x0000000086100000|  0%| F|  |TAMS 0x0000000086000000, 0x0000000086000000| Untracked 
|  75|0x0000000086100000, 0x0000000086100000, 0x0000000086200000|  0%| F|  |TAMS 0x0000000086100000, 0x0000000086100000| Untracked 
|  76|0x0000000086200000, 0x0000000086200000, 0x0000000086300000|  0%| F|  |TAMS 0x0000000086200000, 0x0000000086200000| Untracked 
|  77|0x0000000086300000, 0x0000000086300000, 0x0000000086400000|  0%| F|  |TAMS 0x0000000086300000, 0x0000000086300000| Untracked 
|  78|0x0000000086400000, 0x0000000086400000, 0x0000000086500000|  0%| F|  |TAMS 0x0000000086400000, 0x0000000086400000| Untracked 
|  79|0x0000000086500000, 0x0000000086500000, 0x0000000086600000|  0%| F|  |TAMS 0x0000000086500000, 0x0000000086500000| Untracked 
|  80|0x0000000086600000, 0x0000000086600000, 0x0000000086700000|  0%| F|  |TAMS 0x0000000086600000, 0x0000000086600000| Untracked 
|  81|0x0000000086700000, 0x0000000086700000, 0x0000000086800000|  0%| F|  |TAMS 0x0000000086700000, 0x0000000086700000| Untracked 
|  82|0x0000000086800000, 0x0000000086800000, 0x0000000086900000|  0%| F|  |TAMS 0x0000000086800000, 0x0000000086800000| Untracked 
|  83|0x0000000086900000, 0x0000000086900000, 0x0000000086a00000|  0%| F|  |TAMS 0x0000000086900000, 0x0000000086900000| Untracked 
|  84|0x0000000086a00000, 0x0000000086a00000, 0x0000000086b00000|  0%| F|  |TAMS 0x0000000086a00000, 0x0000000086a00000| Untracked 
|  85|0x0000000086b00000, 0x0000000086b00000, 0x0000000086c00000|  0%| F|  |TAMS 0x0000000086b00000, 0x0000000086b00000| Untracked 
|  86|0x0000000086c00000, 0x0000000086c00000, 0x0000000086d00000|  0%| F|  |TAMS 0x0000000086c00000, 0x0000000086c00000| Untracked 
|  87|0x0000000086d00000, 0x0000000086d00000, 0x0000000086e00000|  0%| F|  |TAMS 0x0000000086d00000, 0x0000000086d00000| Untracked 
|  88|0x0000000086e00000, 0x0000000086e00000, 0x0000000086f00000|  0%| F|  |TAMS 0x0000000086e00000, 0x0000000086e00000| Untracked 
|  89|0x0000000086f00000, 0x0000000086f00000, 0x0000000087000000|  0%| F|  |TAMS 0x0000000086f00000, 0x0000000086f00000| Untracked 
|  90|0x0000000087000000, 0x0000000087000000, 0x0000000087100000|  0%| F|  |TAMS 0x0000000087000000, 0x0000000087000000| Untracked 
|  91|0x0000000087100000, 0x0000000087100000, 0x0000000087200000|  0%| F|  |TAMS 0x0000000087100000, 0x0000000087100000| Untracked 
|  92|0x0000000087200000, 0x0000000087200000, 0x0000000087300000|  0%| F|  |TAMS 0x0000000087200000, 0x0000000087200000| Untracked 
|  93|0x0000000087300000, 0x0000000087300000, 0x0000000087400000|  0%| F|  |TAMS 0x0000000087300000, 0x0000000087300000| Untracked 
|  94|0x0000000087400000, 0x0000000087400000, 0x0000000087500000|  0%| F|  |TAMS 0x0000000087400000, 0x0000000087400000| Untracked 
|  95|0x0000000087500000, 0x0000000087500000, 0x0000000087600000|  0%| F|  |TAMS 0x0000000087500000, 0x0000000087500000| Untracked 
|  96|0x0000000087600000, 0x0000000087600000, 0x0000000087700000|  0%| F|  |TAMS 0x0000000087600000, 0x0000000087600000| Untracked 
|  97|0x0000000087700000, 0x0000000087700000, 0x0000000087800000|  0%| F|  |TAMS 0x0000000087700000, 0x0000000087700000| Untracked 
|  98|0x0000000087800000, 0x0000000087800000, 0x0000000087900000|  0%| F|  |TAMS 0x0000000087800000, 0x0000000087800000| Untracked 
|  99|0x0000000087900000, 0x0000000087900000, 0x0000000087a00000|  0%| F|  |TAMS 0x0000000087900000, 0x0000000087900000| Untracked 
| 100|0x0000000087a00000, 0x0000000087a00000, 0x0000000087b00000|  0%| F|  |TAMS 0x0000000087a00000, 0x0000000087a00000| Untracked 
| 101|0x0000000087b00000, 0x0000000087b00000, 0x0000000087c00000|  0%| F|  |TAMS 0x0000000087b00000, 0x0000000087b00000| Untracked 
| 102|0x0000000087c00000, 0x0000000087d00000, 0x0000000087d00000|100%| S|CS|TAMS 0x0000000087c00000, 0x0000000087c00000| Complete 
| 103|0x0000000087d00000, 0x0000000087dffff8, 0x0000000087e00000| 99%| S|CS|TAMS 0x0000000087d00000, 0x0000000087d00000| Complete 
| 104|0x0000000087e00000, 0x0000000087f00000, 0x0000000087f00000|100%| S|CS|TAMS 0x0000000087e00000, 0x0000000087e00000| Complete 
| 105|0x0000000087f00000, 0x0000000087f00000, 0x0000000088000000|  0%| F|  |TAMS 0x0000000087f00000, 0x0000000087f00000| Untracked 
| 106|0x0000000088000000, 0x0000000088000000, 0x0000000088100000|  0%| F|  |TAMS 0x0000000088000000, 0x0000000088000000| Untracked 
| 107|0x0000000088100000, 0x0000000088100000, 0x0000000088200000|  0%| F|  |TAMS 0x0000000088100000, 0x0000000088100000| Untracked 
| 108|0x0000000088200000, 0x0000000088200000, 0x0000000088300000|  0%| F|  |TAMS 0x0000000088200000, 0x0000000088200000| Untracked 
| 109|0x0000000088300000, 0x0000000088400000, 0x0000000088400000|100%| E|  |TAMS 0x0000000088300000, 0x0000000088300000| Complete 
| 110|0x0000000088400000, 0x0000000088500000, 0x0000000088500000|100%| E|CS|TAMS 0x0000000088400000, 0x0000000088400000| Complete 
| 111|0x0000000088500000, 0x0000000088600000, 0x0000000088600000|100%| E|CS|TAMS 0x0000000088500000, 0x0000000088500000| Complete 
| 112|0x0000000088600000, 0x0000000088700000, 0x0000000088700000|100%| E|CS|TAMS 0x0000000088600000, 0x0000000088600000| Complete 
| 113|0x0000000088700000, 0x0000000088800000, 0x0000000088800000|100%| E|CS|TAMS 0x0000000088700000, 0x0000000088700000| Complete 
| 114|0x0000000088800000, 0x0000000088900000, 0x0000000088900000|100%| E|CS|TAMS 0x0000000088800000, 0x0000000088800000| Complete 
| 115|0x0000000088900000, 0x0000000088a00000, 0x0000000088a00000|100%| E|CS|TAMS 0x0000000088900000, 0x0000000088900000| Complete 
| 116|0x0000000088a00000, 0x0000000088b00000, 0x0000000088b00000|100%| E|CS|TAMS 0x0000000088a00000, 0x0000000088a00000| Complete 
| 117|0x0000000088b00000, 0x0000000088c00000, 0x0000000088c00000|100%| E|CS|TAMS 0x0000000088b00000, 0x0000000088b00000| Complete 
| 118|0x0000000088c00000, 0x0000000088d00000, 0x0000000088d00000|100%| E|CS|TAMS 0x0000000088c00000, 0x0000000088c00000| Complete 
| 119|0x0000000088d00000, 0x0000000088e00000, 0x0000000088e00000|100%| E|CS|TAMS 0x0000000088d00000, 0x0000000088d00000| Complete 
| 120|0x0000000088e00000, 0x0000000088f00000, 0x0000000088f00000|100%| E|CS|TAMS 0x0000000088e00000, 0x0000000088e00000| Complete 
| 121|0x0000000088f00000, 0x0000000089000000, 0x0000000089000000|100%| E|CS|TAMS 0x0000000088f00000, 0x0000000088f00000| Complete 
| 122|0x0000000089000000, 0x0000000089100000, 0x0000000089100000|100%| E|CS|TAMS 0x0000000089000000, 0x0000000089000000| Complete 
| 123|0x0000000089100000, 0x0000000089200000, 0x0000000089200000|100%| E|CS|TAMS 0x0000000089100000, 0x0000000089100000| Complete 
| 124|0x0000000089200000, 0x0000000089300000, 0x0000000089300000|100%| E|CS|TAMS 0x0000000089200000, 0x0000000089200000| Complete 
| 125|0x0000000089300000, 0x0000000089400000, 0x0000000089400000|100%| E|CS|TAMS 0x0000000089300000, 0x0000000089300000| Complete 
| 126|0x0000000089400000, 0x0000000089500000, 0x0000000089500000|100%| E|CS|TAMS 0x0000000089400000, 0x0000000089400000| Complete 
| 127|0x0000000089500000, 0x0000000089600000, 0x0000000089600000|100%| E|CS|TAMS 0x0000000089500000, 0x0000000089500000| Complete 

Card table byte_map: [0x0000019655570000,0x0000019655970000] _byte_map_base: 0x0000019655165000

Marking Bits (Prev, Next): (CMBitMap*) 0x000001963ca17f10, (CMBitMap*) 0x000001963ca17f50
 Prev Bits: [0x0000019655d70000, 0x0000019657d18000)
 Next Bits: [0x0000019657d20000, 0x0000019659cc8000)

Polling page: 0x000001963a9c0000

Metaspace:

Usage:
  Non-class:      5.30 MB used.
      Class:    588.25 KB used.
       Both:      5.87 MB used.

Virtual space:
  Non-class space:       64.00 MB reserved,       5.38 MB (  8%) committed,  1 nodes.
      Class space:        1.00 GB reserved,     704.00 KB ( <1%) committed,  1 nodes.
             Both:        1.06 GB reserved,       6.06 MB ( <1%) committed. 

Chunk freelists:
   Non-Class:  1.75 MB
       Class:  3.14 MB
        Both:  4.89 MB

MaxMetaspaceSize: unlimited
CompressedClassSpaceSize: 1.00 GB
Initial GC threshold: 21.00 MB
Current GC threshold: 21.00 MB
CDS: on
MetaspaceReclaimPolicy: balanced
 - commit_granule_bytes: 65536.
 - commit_granule_words: 8192.
 - virtual_space_node_default_size: 8388608.
 - enlarge_chunks_in_place: 1.
 - new_chunks_are_fully_committed: 0.
 - uncommit_free_chunks: 1.
 - use_allocation_guard: 0.


Internal statistics:

num_allocs_failed_limit: 0.
num_arena_births: 170.
num_arena_deaths: 0.
num_vsnodes_births: 2.
num_vsnodes_deaths: 0.
num_space_committed: 97.
num_space_uncommitted: 0.
num_chunks_returned_to_freelist: 0.
num_chunks_taken_from_freelist: 309.
num_chunk_merges: 0.
num_chunk_splits: 198.
num_chunks_enlarged: 138.
num_inconsistent_stats: 0.

CodeHeap 'non-profiled nmethods': size=120000Kb used=798Kb max_used=798Kb free=119201Kb
 bounds [0x000001964d6f0000, 0x000001964d960000, 0x0000019654c20000]
CodeHeap 'profiled nmethods': size=120000Kb used=4011Kb max_used=4011Kb free=115988Kb
 bounds [0x0000019645c20000, 0x0000019646010000, 0x000001964d150000]
CodeHeap 'non-nmethods': size=5760Kb used=1249Kb max_used=1284Kb free=4510Kb
 bounds [0x000001964d150000, 0x000001964d3c0000, 0x000001964d6f0000]
 total_blobs=2507 nmethods=2052 adapters=365
 compilation: enabled
              stopped_count=0, restarted_count=0
 full_count=0

Compilation events (20 events):
Event: 0.722 Thread 0x000001965c973b40 2049       3       java.util.Hashtable::entrySet (28 bytes)
Event: 0.723 Thread 0x000001965c973b40 nmethod 2049 0x0000019645ff4d10 code [0x0000019645ff4f20, 0x0000019645ff5678]
Event: 0.723 Thread 0x000001965c973b40 2051  s!   3       java.util.Hashtable::equals (145 bytes)
Event: 0.723 Thread 0x000001965c973b40 nmethod 2051 0x0000019645ff5890 code [0x0000019645ff5b80, 0x0000019645ff6eb8]
Event: 0.723 Thread 0x000001965c973b40 2050       3       org.apache.tools.ant.UnknownElement::similar (259 bytes)
Event: 0.724 Thread 0x000001965c973b40 nmethod 2050 0x0000019645ff7390 code [0x0000019645ff78a0, 0x0000019645ff9f18]
Event: 0.724 Thread 0x000001965c973b40 2048       3       org.apache.tools.ant.taskdefs.MacroDef$NestedSequential::addTask (12 bytes)
Event: 0.724 Thread 0x000001965c973b40 nmethod 2048 0x0000019645ffab10 code [0x0000019645ffacc0, 0x0000019645ffae88]
Event: 0.724 Thread 0x000001965c973b40 2053       3       java.util.Hashtable::getIterator (22 bytes)
Event: 0.725 Thread 0x000001965c973b40 nmethod 2053 0x0000019645ffaf90 code [0x0000019645ffb140, 0x0000019645ffb3c8]
Event: 0.725 Thread 0x000001965c973b40 2054       3       java.util.Hashtable$EntrySet::iterator (9 bytes)
Event: 0.725 Thread 0x000001965c973b40 nmethod 2054 0x0000019645ffb490 code [0x0000019645ffb640, 0x0000019645ffb788]
Event: 0.725 Thread 0x000001965c973b40 2044       3       org.apache.tools.ant.AntClassLoader::taskStarted (1 bytes)
Event: 0.725 Thread 0x000001965c973b40 nmethod 2044 0x0000019645ffb890 code [0x0000019645ffba20, 0x0000019645ffbb38]
Event: 0.725 Thread 0x000001965c973b40 2055       3       org.apache.tools.ant.RuntimeConfigurable::maybeConfigure (7 bytes)
Event: 0.725 Thread 0x000001965c973b40 nmethod 2055 0x0000019645ffbc10 code [0x0000019645ffbdc0, 0x0000019645ffbf08]
Event: 0.725 Thread 0x000001965c973b40 2045       3       org.apache.tools.ant.Task::maybeConfigure (34 bytes)
Event: 0.725 Thread 0x000001965c973b40 nmethod 2045 0x0000019645ffbf90 code [0x0000019645ffc160, 0x0000019645ffc498]
Event: 0.725 Thread 0x000001965c973b40 2052       3       java.lang.Class::methodToString (78 bytes)
Event: 0.725 Thread 0x000001965c973b40 nmethod 2052 0x0000019645ffc610 code [0x0000019645ffc900, 0x0000019645ffd6d8]

GC Heap History (2 events):
Event: 0.518 GC heap before
{Heap before GC invocations=0 (full 0):
 garbage-first heap   total 131072K, used 23552K [0x0000000081600000, 0x0000000100000000)
  region size 1024K, 23 young (23552K), 0 survivors (0K)
 Metaspace       used 4745K, committed 4928K, reserved 1114112K
  class space    used 435K, committed 512K, reserved 1048576K
}
Event: 0.530 GC heap after
{Heap after GC invocations=1 (full 0):
 garbage-first heap   total 131072K, used 7274K [0x0000000081600000, 0x0000000100000000)
  region size 1024K, 3 young (3072K), 3 survivors (3072K)
 Metaspace       used 4745K, committed 4928K, reserved 1114112K
  class space    used 435K, committed 512K, reserved 1048576K
}

Dll operation events (6 events):
Event: 0.006 Loaded shared library C:\Program Files\Zulu\zulu-19\bin\java.dll
Event: 0.011 Loaded shared library C:\Program Files\Zulu\zulu-19\bin\jsvml.dll
Event: 0.035 Loaded shared library C:\Program Files\Zulu\zulu-19\bin\net.dll
Event: 0.037 Loaded shared library C:\Program Files\Zulu\zulu-19\bin\nio.dll
Event: 0.038 Loaded shared library C:\Program Files\Zulu\zulu-19\bin\zip.dll
Event: 0.042 Loaded shared library C:\Program Files\Zulu\zulu-19\bin\jimage.dll

Deoptimization events (20 events):
Event: 0.692 Thread 0x000001963c9b8b30 DEOPT PACKING pc=0x000001964d782df8 sp=0x00000086c6efe070
Event: 0.692 Thread 0x000001963c9b8b30 DEOPT UNPACKING pc=0x000001964d1b6da3 sp=0x00000086c6efde10 mode 2
Event: 0.696 Thread 0x000001963c9b8b30 Uncommon trap: trap_request=0xffffff45 fr.pc=0x000001964d768630 relative=0x0000000000001030
Event: 0.696 Thread 0x000001963c9b8b30 Uncommon trap: reason=unstable_if action=reinterpret pc=0x000001964d768630 method=com.sun.org.apache.xerces.internal.impl.XMLDocumentFragmentScannerImpl$FragmentContentDriver.next()I @ 1049 c2
Event: 0.696 Thread 0x000001963c9b8b30 DEOPT PACKING pc=0x000001964d768630 sp=0x00000086c6efd620
Event: 0.696 Thread 0x000001963c9b8b30 DEOPT UNPACKING pc=0x000001964d1b6da3 sp=0x00000086c6efd5e8 mode 2
Event: 0.706 Thread 0x000001963c9b8b30 DEOPT PACKING pc=0x0000019645e6d00a sp=0x00000086c6efcd20
Event: 0.706 Thread 0x000001963c9b8b30 DEOPT UNPACKING pc=0x000001964d1b7543 sp=0x00000086c6efc218 mode 0
Event: 0.712 Thread 0x000001963c9b8b30 DEOPT PACKING pc=0x0000019645e6d00a sp=0x00000086c6efcd10
Event: 0.712 Thread 0x000001963c9b8b30 DEOPT UNPACKING pc=0x000001964d1b7543 sp=0x00000086c6efc228 mode 0
Event: 0.713 Thread 0x000001963c9b8b30 DEOPT PACKING pc=0x0000019645e6d00a sp=0x00000086c6efcd10
Event: 0.713 Thread 0x000001963c9b8b30 DEOPT UNPACKING pc=0x000001964d1b7543 sp=0x00000086c6efc228 mode 0
Event: 0.714 Thread 0x000001963c9b8b30 DEOPT PACKING pc=0x0000019645e6d00a sp=0x00000086c6efcd10
Event: 0.714 Thread 0x000001963c9b8b30 DEOPT UNPACKING pc=0x000001964d1b7543 sp=0x00000086c6efc228 mode 0
Event: 0.716 Thread 0x000001963c9b8b30 DEOPT PACKING pc=0x0000019645e6d00a sp=0x00000086c6efcd20
Event: 0.716 Thread 0x000001963c9b8b30 DEOPT UNPACKING pc=0x000001964d1b7543 sp=0x00000086c6efc218 mode 0
Event: 0.724 Thread 0x000001963c9b8b30 Uncommon trap: trap_request=0xffffffc6 fr.pc=0x000001964d76d750 relative=0x0000000000000110
Event: 0.724 Thread 0x000001963c9b8b30 Uncommon trap: reason=bimorphic_or_optimized_type_check action=maybe_recompile pc=0x000001964d76d750 method=java.util.stream.ReferencePipeline$2$1.accept(Ljava/lang/Object;)V @ 8 c2
Event: 0.724 Thread 0x000001963c9b8b30 DEOPT PACKING pc=0x000001964d76d750 sp=0x00000086c6efdf10
Event: 0.724 Thread 0x000001963c9b8b30 DEOPT UNPACKING pc=0x000001964d1b6da3 sp=0x00000086c6efdea8 mode 2

Classes loaded (20 events):
Event: 0.637 Loading class java/io/FilterReader
Event: 0.637 Loading class java/io/FilterReader done
Event: 0.644 Loading class java/io/BufferedReader
Event: 0.645 Loading class java/io/BufferedReader done
Event: 0.652 Loading class java/io/BufferedReader$1
Event: 0.653 Loading class java/io/BufferedReader$1 done
Event: 0.678 Loading class java/util/stream/StreamSpliterators$InfiniteSupplyingSpliterator$OfRef
Event: 0.678 Loading class java/util/stream/StreamSpliterators$InfiniteSupplyingSpliterator
Event: 0.678 Loading class java/util/stream/StreamSpliterators$InfiniteSupplyingSpliterator done
Event: 0.678 Loading class java/util/stream/StreamSpliterators$InfiniteSupplyingSpliterator$OfRef done
Event: 0.678 Loading class java/util/stream/SliceOps
Event: 0.678 Loading class java/util/stream/SliceOps done
Event: 0.678 Loading class java/util/stream/SliceOps$1
Event: 0.679 Loading class java/util/stream/SliceOps$1 done
Event: 0.681 Loading class java/util/stream/SliceOps$1$1
Event: 0.681 Loading class java/util/stream/SliceOps$1$1 done
Event: 0.682 Loading class java/util/Collections$SynchronizedRandomAccessList
Event: 0.682 Loading class java/util/Collections$SynchronizedList
Event: 0.682 Loading class java/util/Collections$SynchronizedList done
Event: 0.682 Loading class java/util/Collections$SynchronizedRandomAccessList done

Classes unloaded (0 events):
No events

Classes redefined (0 events):
No events

Internal exceptions (20 events):
Event: 0.117 Thread 0x000001963c9b8b30 Exception <a 'java/lang/IncompatibleClassChangeError'{0x0000000089160a80}: Found class java.lang.Object, but interface was expected> (0x0000000089160a80) 
thrown [s\src\hotspot\share\interpreter\linkResolver.cpp, line 841]
Event: 0.167 Thread 0x000001963c9b8b30 Exception <a 'java/lang/NoSuchMethodError'{0x00000000890dbdc8}: 'java.lang.Object java.lang.invoke.DirectMethodHandle$Holder.invokeSpecialIFC(java.lang.Object, java.lang.Object, java.lang.Object, java.lang.Object)'> (0x00000000890dbdc8) 
thrown [s\src\hotspot\share\interpreter\linkResolver.cpp, line 774]
Event: 0.290 Thread 0x000001963c9b8b30 Exception <a 'java/lang/NoSuchMethodError'{0x0000000088a10a48}: 'void java.lang.invoke.DirectMethodHandle$Holder.invokeVirtual(java.lang.Object, java.lang.Object)'> (0x0000000088a10a48) 
thrown [s\src\hotspot\share\interpreter\linkResolver.cpp, line 774]
Event: 0.290 Thread 0x000001963c9b8b30 Exception <a 'java/lang/NoSuchMethodError'{0x0000000088a143a8}: 'void java.lang.invoke.DirectMethodHandle$Holder.invokeSpecial(java.lang.Object, java.lang.Object, java.lang.Object)'> (0x0000000088a143a8) 
thrown [s\src\hotspot\share\interpreter\linkResolver.cpp, line 774]
Event: 0.293 Thread 0x000001963c9b8b30 Exception <a 'java/lang/NoSuchMethodError'{0x0000000088a3ab48}: 'java.lang.Object java.lang.invoke.DirectMethodHandle$Holder.invokeInterface(java.lang.Object, java.lang.Object)'> (0x0000000088a3ab48) 
thrown [s\src\hotspot\share\interpreter\linkResolver.cpp, line 774]
Event: 0.293 Thread 0x000001963c9b8b30 Exception <a 'java/lang/IncompatibleClassChangeError'{0x0000000088a3e348}: Found class java.lang.Object, but interface was expected> (0x0000000088a3e348) 
thrown [s\src\hotspot\share\interpreter\linkResolver.cpp, line 841]
Event: 0.297 Thread 0x000001963c9b8b30 Exception <a 'java/lang/NoSuchMethodError'{0x0000000088a5a038}: 'java.lang.Object java.lang.invoke.DirectMethodHandle$Holder.newInvokeSpecial(java.lang.Object, java.lang.Object, java.lang.Object, java.lang.Object, java.lang.Object)'> (0x0000000088a5a038) 
thrown [s\src\hotspot\share\interpreter\linkResolver.cpp, line 774]
Event: 0.407 Thread 0x000001963c9b8b30 Exception <a 'java/lang/ClassNotFoundException'{0x0000000088616140}: org/apache/tools/ant/helper/DefaultExecutor> (0x0000000088616140) 
thrown [s\src\hotspot\share\classfile\systemDictionary.cpp, line 255]
Event: 0.426 Thread 0x000001963c9b8b30 Exception <a 'java/lang/NoSuchMethodError'{0x0000000088516170}: 'int java.lang.invoke.DirectMethodHandle$Holder.invokeInterface(java.lang.Object, java.lang.Object)'> (0x0000000088516170) 
thrown [s\src\hotspot\share\interpreter\linkResolver.cpp, line 774]
Event: 0.440 Thread 0x000001963c9b8b30 Exception <a 'java/lang/NoSuchMethodError'{0x0000000088578628}: 'void java.lang.invoke.DirectMethodHandle$Holder.invokeSpecial(java.lang.Object, java.lang.Object, java.lang.Object, java.lang.Object, java.lang.Object)'> (0x0000000088578628) 
thrown [s\src\hotspot\share\interpreter\linkResolver.cpp, line 774]
Event: 0.569 Thread 0x000001963c9b8b30 Exception <a 'java/lang/NoSuchMethodError'{0x0000000088db0300}: 'void java.lang.invoke.DirectMethodHandle$Holder.invokeVirtual(java.lang.Object, java.lang.Object, int)'> (0x0000000088db0300) 
thrown [s\src\hotspot\share\interpreter\linkResolver.cpp, line 774]
Event: 0.571 Thread 0x000001963c9b8b30 Exception <a 'java/lang/NoSuchMethodError'{0x0000000088db5038}: 'int java.lang.invoke.DirectMethodHandle$Holder.invokeSpecial(java.lang.Object, java.lang.Object, java.lang.Object, int)'> (0x0000000088db5038) 
thrown [s\src\hotspot\share\interpreter\linkResolver.cpp, line 774]
Event: 0.573 Thread 0x000001963c9b8b30 Exception <a 'java/lang/NoSuchMethodError'{0x0000000088dc8b90}: 'java.lang.Object java.lang.invoke.DirectMethodHandle$Holder.invokeStatic(java.lang.Object, java.lang.Object, java.lang.Object, java.lang.Object, int)'> (0x0000000088dc8b90) 
thrown [s\src\hotspot\share\interpreter\linkResolver.cpp, line 774]
Event: 0.574 Thread 0x000001963c9b8b30 Exception <a 'java/lang/NoSuchMethodError'{0x0000000088dd4318}: 'void java.lang.invoke.DelegatingMethodHandle$Holder.reinvoke_L(java.lang.Object, java.lang.Object, int)'> (0x0000000088dd4318) 
thrown [s\src\hotspot\share\interpreter\linkResolver.cpp, line 774]
Event: 0.584 Thread 0x000001963c9b8b30 Exception <a 'java/lang/NoSuchMethodError'{0x0000000088c221e0}: 'void java.lang.invoke.DirectMethodHandle$Holder.invokeVirtual(java.lang.Object, java.lang.Object, long)'> (0x0000000088c221e0) 
thrown [s\src\hotspot\share\interpreter\linkResolver.cpp, line 774]
Event: 0.584 Thread 0x000001963c9b8b30 Exception <a 'java/lang/NoSuchMethodError'{0x0000000088c261b8}: 'long java.lang.invoke.DirectMethodHandle$Holder.invokeStatic(java.lang.Object, java.lang.Object, int)'> (0x0000000088c261b8) 
thrown [s\src\hotspot\share\interpreter\linkResolver.cpp, line 774]
Event: 0.585 Thread 0x000001963c9b8b30 Exception <a 'java/lang/NoSuchMethodError'{0x0000000088c314b8}: 'void java.lang.invoke.DelegatingMethodHandle$Holder.reinvoke_L(java.lang.Object, java.lang.Object, long)'> (0x0000000088c314b8) 
thrown [s\src\hotspot\share\interpreter\linkResolver.cpp, line 774]
Event: 0.609 Thread 0x000001963c9b8b30 Exception <a 'java/lang/NoSuchMethodError'{0x0000000088b27310}: 'java.lang.Object java.lang.invoke.DelegatingMethodHandle$Holder.reinvoke_L(java.lang.Object, java.lang.Object, int, int, java.lang.Object)'> (0x0000000088b27310) 
thrown [s\src\hotspot\share\interpreter\linkResolver.cpp, line 774]
Event: 0.612 Thread 0x000001963c9b8b30 Exception <a 'java/lang/NoSuchMethodError'{0x0000000088b3e648}: 'java.lang.Object java.lang.invoke.DirectMethodHandle$Holder.invokeStatic(java.lang.Object, java.lang.Object, int)'> (0x0000000088b3e648) 
thrown [s\src\hotspot\share\interpreter\linkResolver.cpp, line 774]
Event: 0.614 Thread 0x000001963c9b8b30 Exception <a 'java/lang/NoSuchMethodError'{0x0000000088b4a390}: 'void java.lang.invoke.DelegatingMethodHandle$Holder.delegate(java.lang.Object, java.lang.Object, int, java.lang.Object)'> (0x0000000088b4a390) 
thrown [s\src\hotspot\share\interpreter\linkResolver.cpp, line 774]

VM Operations (20 events):
Event: 0.294 Executing VM operation: HandshakeAllThreads
Event: 0.294 Executing VM operation: HandshakeAllThreads done
Event: 0.294 Executing VM operation: HandshakeAllThreads
Event: 0.294 Executing VM operation: HandshakeAllThreads done
Event: 0.298 Executing VM operation: ICBufferFull
Event: 0.298 Executing VM operation: ICBufferFull done
Event: 0.518 Executing VM operation: G1CollectForAllocation
Event: 0.530 Executing VM operation: G1CollectForAllocation done
Event: 0.530 Executing VM operation: HandshakeAllThreads
Event: 0.530 Executing VM operation: HandshakeAllThreads done
Event: 0.579 Executing VM operation: HandshakeAllThreads
Event: 0.579 Executing VM operation: HandshakeAllThreads done
Event: 0.611 Executing VM operation: HandshakeAllThreads
Event: 0.611 Executing VM operation: HandshakeAllThreads done
Event: 0.634 Executing VM operation: HandshakeAllThreads
Event: 0.634 Executing VM operation: HandshakeAllThreads done
Event: 0.664 Executing VM operation: HandshakeAllThreads
Event: 0.664 Executing VM operation: HandshakeAllThreads done
Event: 0.685 Executing VM operation: ICBufferFull
Event: 0.685 Executing VM operation: ICBufferFull done

Events (14 events):
Event: 0.011 Thread 0x000001963c9b8b30 Thread added: 0x000001963c9b8b30
Event: 0.020 Thread 0x000001965c9535e0 Thread added: 0x000001965c9535e0
Event: 0.020 Thread 0x000001965c954110 Thread added: 0x000001965c954110
Event: 0.020 Thread 0x000001965c95aee0 Thread added: 0x000001965c95aee0
Event: 0.020 Thread 0x000001965c95b810 Thread added: 0x000001965c95b810
Event: 0.020 Thread 0x000001965c95c140 Thread added: 0x000001965c95c140
Event: 0.020 Thread 0x000001965c95ea80 Thread added: 0x000001965c95ea80
Event: 0.020 Thread 0x000001965c96b1c0 Thread added: 0x000001965c96b1c0
Event: 0.020 Thread 0x000001965c973b40 Thread added: 0x000001965c973b40
Event: 0.020 Thread 0x000001965c9744b0 Thread added: 0x000001965c9744b0
Event: 0.031 Thread 0x0000019660d36700 Thread added: 0x0000019660d36700
Event: 0.033 Thread 0x0000019660d5ce70 Thread added: 0x0000019660d5ce70
Event: 0.198 Thread 0x00000196610f35a0 Thread added: 0x00000196610f35a0
Event: 0.333 Thread 0x00000196611aafd0 Thread added: 0x00000196611aafd0


Dynamic libraries:
0x00007ff7234c0000 - 0x00007ff7234ce000 	C:\Program Files\Zulu\zulu-19\bin\java.exe
0x00007ffa972f0000 - 0x00007ffa97504000 	C:\WINDOWS\SYSTEM32\ntdll.dll
0x00007ffa96a30000 - 0x00007ffa96af2000 	C:\WINDOWS\System32\KERNEL32.DLL
0x00007ffa94a90000 - 0x00007ffa94e2c000 	C:\WINDOWS\System32\KERNELBASE.dll
0x00007ffa94730000 - 0x00007ffa94841000 	C:\WINDOWS\System32\ucrtbase.dll
0x00007ffa8dd20000 - 0x00007ffa8dd37000 	C:\Program Files\Zulu\zulu-19\bin\jli.dll
0x00007ffa8dc30000 - 0x00007ffa8dc4b000 	C:\Program Files\Zulu\zulu-19\bin\VCRUNTIME140.dll
0x00007ffa95ee0000 - 0x00007ffa9608b000 	C:\WINDOWS\System32\USER32.dll
0x00007ffa7c330000 - 0x00007ffa7c5be000 	C:\WINDOWS\WinSxS\amd64_microsoft.windows.common-controls_6595b64144ccf1df_6.0.22621.608_none_a9444ca7c10bb01d\COMCTL32.dll
0x00007ffa94a60000 - 0x00007ffa94a86000 	C:\WINDOWS\System32\win32u.dll
0x00007ffa97200000 - 0x00007ffa972a7000 	C:\WINDOWS\System32\msvcrt.dll
0x00007ffa97050000 - 0x00007ffa97079000 	C:\WINDOWS\System32\GDI32.dll
0x00007ffa94f70000 - 0x00007ffa95083000 	C:\WINDOWS\System32\gdi32full.dll
0x00007ffa949c0000 - 0x00007ffa94a5a000 	C:\WINDOWS\System32\msvcp_win.dll
0x00007ffa95ea0000 - 0x00007ffa95ed1000 	C:\WINDOWS\System32\IMM32.DLL
0x00007ffa913b0000 - 0x00007ffa913bc000 	C:\Program Files\Zulu\zulu-19\bin\vcruntime140_1.dll
0x00007ffa829d0000 - 0x00007ffa82a5d000 	C:\Program Files\Zulu\zulu-19\bin\msvcp140.dll
0x00007ffa3c990000 - 0x00007ffa3d697000 	C:\Program Files\Zulu\zulu-19\bin\server\jvm.dll
0x00007ffa970d0000 - 0x00007ffa9717e000 	C:\WINDOWS\System32\ADVAPI32.dll
0x00007ffa95d60000 - 0x00007ffa95e04000 	C:\WINDOWS\System32\sechost.dll
0x00007ffa95c20000 - 0x00007ffa95d35000 	C:\WINDOWS\System32\RPCRT4.dll
0x00007ffa8ce00000 - 0x00007ffa8ce0a000 	C:\WINDOWS\SYSTEM32\VERSION.dll
0x00007ffa8ce90000 - 0x00007ffa8cec4000 	C:\WINDOWS\SYSTEM32\WINMM.dll
0x00007ffa8df80000 - 0x00007ffa8df89000 	C:\WINDOWS\SYSTEM32\WSOCK32.dll
0x00007ffa95620000 - 0x00007ffa95691000 	C:\WINDOWS\System32\WS2_32.dll
0x00007ffa93790000 - 0x00007ffa937a8000 	C:\WINDOWS\SYSTEM32\kernel.appcore.dll
0x00007ffa8f920000 - 0x00007ffa8f92a000 	C:\Program Files\Zulu\zulu-19\bin\jimage.dll
0x00007ffa920e0000 - 0x00007ffa9230e000 	C:\WINDOWS\SYSTEM32\DBGHELP.DLL
0x00007ffa95790000 - 0x00007ffa95b19000 	C:\WINDOWS\System32\combase.dll
0x00007ffa95160000 - 0x00007ffa95237000 	C:\WINDOWS\System32\OLEAUT32.dll
0x00007ffa764d0000 - 0x00007ffa76502000 	C:\WINDOWS\SYSTEM32\dbgcore.DLL
0x00007ffa94e30000 - 0x00007ffa94eab000 	C:\WINDOWS\System32\bcryptPrimitives.dll
0x00007ffa82ee0000 - 0x00007ffa82f06000 	C:\Program Files\Zulu\zulu-19\bin\java.dll
0x00007ffa828b0000 - 0x00007ffa82987000 	C:\Program Files\Zulu\zulu-19\bin\jsvml.dll
0x00007ffa960a0000 - 0x00007ffa96890000 	C:\WINDOWS\System32\SHELL32.dll
0x00007ffa92750000 - 0x00007ffa9301d000 	C:\WINDOWS\SYSTEM32\windows.storage.dll
0x00007ffa92610000 - 0x00007ffa9274e000 	C:\WINDOWS\SYSTEM32\wintypes.dll
0x00007ffa95360000 - 0x00007ffa95451000 	C:\WINDOWS\System32\SHCORE.dll
0x00007ffa956b0000 - 0x00007ffa9570e000 	C:\WINDOWS\System32\shlwapi.dll
0x00007ffa94660000 - 0x00007ffa94681000 	C:\WINDOWS\SYSTEM32\profapi.dll
0x00007ffa82e10000 - 0x00007ffa82e23000 	C:\Program Files\Zulu\zulu-19\bin\net.dll
0x00007ffa8d990000 - 0x00007ffa8dac7000 	C:\WINDOWS\SYSTEM32\WINHTTP.dll
0x00007ffa93c00000 - 0x00007ffa93c69000 	C:\WINDOWS\system32\mswsock.dll
0x00007ffa82cb0000 - 0x00007ffa82cc6000 	C:\Program Files\Zulu\zulu-19\bin\nio.dll
0x00007ffa82c70000 - 0x00007ffa82c88000 	C:\Program Files\Zulu\zulu-19\bin\zip.dll

dbghelp: loaded successfully - version: 4.0.5 - missing functions: none
symbol engine: initialized successfully - sym options: 0x614 - pdb path: .;C:\Program Files\Zulu\zulu-19\bin;C:\WINDOWS\SYSTEM32;C:\WINDOWS\WinSxS\amd64_microsoft.windows.common-controls_6595b64144ccf1df_6.0.22621.608_none_a9444ca7c10bb01d;C:\Program Files\Zulu\zulu-19\bin\server

VM Arguments:
jvm_args: -Dant.home=C:\Program Files\NetBeans-17\netbeans\extide\ant\bin\.. 
java_command: org.apache.tools.ant.launch.Launcher -f C:\Users\ulise\Desktop\TEC\Algoritmos y estructura de datos I\BuscaMinas\ventana busca minas\build.xml -Dant.rerun 1 jfx-project-build
java_class_path (initial): C:\Program Files\NetBeans-17\netbeans\extide\ant\bin\..\lib\ant-launcher.jar
Launcher Type: SUN_STANDARD

[Global flags]
     intx CICompilerCount                          = 4                                         {product} {ergonomic}
     uint ConcGCThreads                            = 3                                         {product} {ergonomic}
     uint G1ConcRefinementThreads                  = 10                                        {product} {ergonomic}
   size_t G1HeapRegionSize                         = 1048576                                   {product} {ergonomic}
    uintx GCDrainStackTargetSize                   = 64                                        {product} {ergonomic}
   size_t InitialHeapSize                          = 134217728                                 {product} {ergonomic}
   size_t MarkStackSize                            = 4194304                                   {product} {ergonomic}
   size_t MaxHeapSize                              = 2124414976                                {product} {ergonomic}
   size_t MaxNewSize                               = 1274019840                                {product} {ergonomic}
   size_t MinHeapDeltaBytes                        = 1048576                                   {product} {ergonomic}
   size_t MinHeapSize                              = 8388608                                   {product} {ergonomic}
    uintx NonNMethodCodeHeapSize                   = 5839372                                {pd product} {ergonomic}
    uintx NonProfiledCodeHeapSize                  = 122909434                              {pd product} {ergonomic}
    uintx ProfiledCodeHeapSize                     = 122909434                              {pd product} {ergonomic}
    uintx ReservedCodeCacheSize                    = 251658240                              {pd product} {ergonomic}
     bool SegmentedCodeCache                       = true                                      {product} {ergonomic}
   size_t SoftMaxHeapSize                          = 2124414976                             {manageable} {ergonomic}
     bool UseCompressedClassPointers               = true                           {product lp64_product} {ergonomic}
     bool UseCompressedOops                        = true                           {product lp64_product} {ergonomic}
     bool UseG1GC                                  = true                                      {product} {ergonomic}
     bool UseLargePagesIndividualAllocation        = false                                  {pd product} {ergonomic}

Logging:
Log output configuration:
 #0: stdout all=warning uptime,level,tags foldmultilines=false
 #1: stderr all=off uptime,level,tags foldmultilines=false

Environment Variables:
PATH=C:\Program Files\Zulu\zulu-19\bin\;C:\Program Files\Common Files\Oracle\Java\javapath;C:\Program Files (x86)\Common Files\Oracle\Java\javapath;C:\Windows\system32;C:\Windows;C:\Windows\System32\Wbem;C:\Windows\System32\WindowsPowerShell\v1.0\;C:\Windows\System32\OpenSSH\;C:\Program Files (x86)\NVIDIA Corporation\PhysX\Common;C:\Program Files\NVIDIA Corporation\NVIDIA NvDLISR;C:\WINDOWS\system32;C:\WINDOWS;C:\WINDOWS\System32\Wbem;C:\WINDOWS\System32\WindowsPowerShell\v1.0\;C:\WINDOWS\System32\OpenSSH\;C:\Program Files\nodejs\;C:\Program Files\Git\cmd;C:\Users\ulise\AppData\Local\Microsoft\WindowsApps;C:\Users\ulise\AppData\Local\Programs\Microsoft VS Code\bin;C:\Users\ulise\AppData\Roaming\npm;C:\Users\ulise\AppData\Local\GitHubDesktop\bin
USERNAME=ulise
OS=Windows_NT
PROCESSOR_IDENTIFIER=Intel64 Family 6 Model 165 Stepping 2, GenuineIntel
TMP=C:\Users\ulise\AppData\Local\Temp
TEMP=C:\Users\ulise\AppData\Local\Temp



---------------  S Y S T E M  ---------------

OS:
 Windows 11 , 64 bit Build 22621 (10.0.22621.1485)
OS uptime: 6 days 11:10 hours

CPU: total 12 (initial active 12) (6 cores per cpu, 2 threads per core) family 6 model 165 stepping 2 microcode 0xe2, cx8, cmov, fxsr, ht, mmx, 3dnowpref, sse, sse2, sse3, ssse3, sse4.1, sse4.2, popcnt, lzcnt, tsc, tscinvbit, avx, avx2, aes, erms, clmul, bmi1, bmi2, adx, fma, vzeroupper, clflush, clflushopt, rdtscp

Memory: 4k page, system-wide physical 8099M (1469M free)
TotalPageFile size 12195M (AvailPageFile size 5M)
current process WorkingSet (physical memory assigned to process): 89M, peak: 89M
current process commit charge ("private bytes"): 237M, peak: 237M

vm_info: OpenJDK 64-Bit Server VM (19.0.2+7) for windows-amd64 JRE (19.0.2+7) (Zulu19.32+15-CA), built on Dec 28 2022 19:25:40 by "zulu_re" with MS VC++ 16.10 / 16.11 (VS2019)

END.
