#
# There is insufficient memory for the Java Runtime Environment to continue.
# Native memory allocation (malloc) failed to allocate 262160 bytes for Chunk::new
# Possible reasons:
#   The system is out of physical RAM or swap space
#   The process is running with CompressedOops enabled, and the Java Heap may be blocking the growth of the native heap
# Possible solutions:
#   Reduce memory load on the system
#   Increase physical memory or swap space
#   Check if swap backing store is full
#   Decrease Java heap size (-Xmx/-Xms)
#   Decrease number of Java threads
#   Decrease Java thread stack sizes (-Xss)
#   Set larger code cache with -XX:ReservedCodeCacheSize=
#   JVM is running with Unscaled Compressed Oops mode in which the Java heap is
#     placed in the first 4GB address space. The Java Heap base address is the
#     maximum limit for the native heap growth. Please use -XX:HeapBaseMinAddress
#     to set the Java Heap base and to place the Java Heap above 4GB virtual address.
# This output file may be truncated or incomplete.
#
#  Out of Memory Error (arena.cpp:184), pid=21080, tid=17452
#
# JRE version: OpenJDK Runtime Environment Zulu19.32+15-CA (19.0.2+7) (build 19.0.2+7)
# Java VM: OpenJDK 64-Bit Server VM Zulu19.32+15-CA (19.0.2+7, mixed mode, sharing, tiered, compressed oops, compressed class ptrs, g1 gc, windows-amd64)
# No core dump will be written. Minidumps are not enabled by default on client versions of Windows
#

---------------  S U M M A R Y ------------

Command Line: -Dapplication.home=C:\Program Files\Zulu\zulu-19 --add-modules=ALL-DEFAULT -Xms8m -Djdk.module.main=jdk.compiler jdk.compiler/com.sun.tools.javac.Main -d C:\Users\ulise\Desktop\TEC\Algoritmos y estructura de datos I\BuscaMinas\ventana busca minas\build\classes -classpath C:\Users\ulise\Desktop\TEC\Algoritmos y estructura de datos I\BuscaMinas\ventana busca minas\build\classes;C:\Users\ulise\Desktop\TEC\Algoritmos y estructura de datos I\BuscaMinas\ventana busca minas\lib\rxtx-2.1-7r2;C:\Users\ulise\Downloads\RXTXcomm.jar;C:\Users\ulise\Downloads\jSerialComm-2.9.3.zip;C:\Users\ulise\Downloads\jSerialComm-2.9.3.jar -sourcepath C:\Users\ulise\Desktop\TEC\Algoritmos y estructura de datos I\BuscaMinas\ventana busca minas\src -target 19 -encoding UTF-8 -g -processorpath C:\Users\ulise\Desktop\TEC\Algoritmos y estructura de datos I\BuscaMinas\ventana busca minas\lib\rxtx-2.1-7r2;C:\Users\ulise\Downloads\RXTXcomm.jar;C:\Users\ulise\Downloads\jSerialComm-2.9.3.zip;C:\Users\ulise\Downloads\jSerialComm-2.9.3.jar;C:\Users\ulise\Desktop\TEC\Algoritmos y estructura de datos I\BuscaMinas\jar_files\firmata4j-2.3.5.jar;C:\Users\ulise\Desktop\TEC\Algoritmos y estructura de datos I\BuscaMinas\jar_files\jssc-2.8.0.jar;C:\Users\ulise\Desktop\TEC\Algoritmos y estructura de datos I\BuscaMinas\jar_files\jssc-2.9.4.jar;C:\Users\ulise\Desktop\TEC\Algoritmos y estructura de datos I\BuscaMinas\jar_files\slf4j-api-1.7.25.jar;C:\Users\ulise\Desktop\TEC\Algoritmos y estructura de datos I\BuscaMinas\jar_files\slf4j-api-1.7.3.jar;C:\Users\ulise\Desktop\TEC\Algoritmos y estructura de datos I\BuscaMinas\jar_files\slf4j-simple-1.6.1.jar;C:\Users\ulise\Desktop\TEC\Algoritmos y estructura de datos I\BuscaMinas\ventana busca minas\build\empty -s C:\Users\ulise\Desktop\TEC\Algoritmos y estructura de datos I\BuscaMinas\ventana busca minas\build\generated-sources\ap-source-output -source 19 C:\Users\ulise\Desktop\TEC\Algoritmos y estructura de datos I\BuscaMinas\ventana busca minas\src\GameMenuDemo.java

Host: Intel(R) Core(TM) i7-10750H CPU @ 2.60GHz, 12 cores, 7G,  Windows 11 , 64 bit Build 22621 (10.0.22621.1485)
Time: Sat Apr  8 23:06:14 2023 Hora estándar, América Central elapsed time: 0.468863 seconds (0d 0h 0m 0s)

---------------  T H R E A D  ---------------

Current thread (0x0000016da2265260):  JavaThread "C2 CompilerThread0" daemon [_thread_in_native, id=17452, stack(0x0000004052500000,0x0000004052600000)]


Current CompileTask:
C2:    468 1368   !   4       com.sun.tools.javac.jvm.ClassReader::classSigToType (497 bytes)

Stack: [0x0000004052500000,0x0000004052600000]
Native frames: (J=compiled Java code, j=interpreted, Vv=VM code, C=native code)
V  [jvm.dll+0x6eab2a]
V  [jvm.dll+0x8a4a20]
V  [jvm.dll+0x8a640e]
V  [jvm.dll+0x8a6ac3]
V  [jvm.dll+0x27c1ef]
V  [jvm.dll+0xc245f]
V  [jvm.dll+0xc27d5]
V  [jvm.dll+0xc257b]
V  [jvm.dll+0x6c7d5c]
V  [jvm.dll+0x24cf29]
V  [jvm.dll+0x70fce7]
V  [jvm.dll+0x2449a3]
V  [jvm.dll+0x1cf9a1]
V  [jvm.dll+0x254799]
V  [jvm.dll+0x2529a8]
V  [jvm.dll+0x854e98]
V  [jvm.dll+0x84ec7a]
V  [jvm.dll+0x6e981b]
C  [ucrtbase.dll+0x29363]
C  [KERNEL32.DLL+0x1269d]
C  [ntdll.dll+0x5a9f8]


---------------  P R O C E S S  ---------------

Threads class SMR info:
_java_thread_list=0x0000016da714e920, length=13, elements={
0x0000016d82aaf400, 0x0000016da225c560, 0x0000016da225ce90, 0x0000016da2260a60,
0x0000016da2261390, 0x0000016da2261cc0, 0x0000016da22625f0, 0x0000016da2265260,
0x0000016da2265bd0, 0x0000016da2266540, 0x0000016d82b4fa50, 0x0000016da6d30850,
0x0000016da7284180
}

Java Threads: ( => current thread )
  0x0000016d82aaf400 JavaThread "main" [_thread_in_vm, id=21912, stack(0x0000004051800000,0x0000004051900000)]
  0x0000016da225c560 JavaThread "Reference Handler" daemon [_thread_blocked, id=4172, stack(0x0000004051f00000,0x0000004052000000)]
  0x0000016da225ce90 JavaThread "Finalizer" daemon [_thread_blocked, id=17444, stack(0x0000004052000000,0x0000004052100000)]
  0x0000016da2260a60 JavaThread "Signal Dispatcher" daemon [_thread_blocked, id=2932, stack(0x0000004052100000,0x0000004052200000)]
  0x0000016da2261390 JavaThread "Attach Listener" daemon [_thread_blocked, id=14156, stack(0x0000004052200000,0x0000004052300000)]
  0x0000016da2261cc0 JavaThread "Service Thread" daemon [_thread_blocked, id=17464, stack(0x0000004052300000,0x0000004052400000)]
  0x0000016da22625f0 JavaThread "Monitor Deflation Thread" daemon [_thread_blocked, id=13508, stack(0x0000004052400000,0x0000004052500000)]
=>0x0000016da2265260 JavaThread "C2 CompilerThread0" daemon [_thread_in_native, id=17452, stack(0x0000004052500000,0x0000004052600000)]
  0x0000016da2265bd0 JavaThread "C1 CompilerThread0" daemon [_thread_blocked, id=9608, stack(0x0000004052600000,0x0000004052700000)]
  0x0000016da2266540 JavaThread "Sweeper thread" daemon [_thread_blocked, id=21852, stack(0x0000004052700000,0x0000004052800000)]
  0x0000016d82b4fa50 JavaThread "Common-Cleaner" daemon [_thread_blocked, id=2512, stack(0x0000004052800000,0x0000004052900000)]
  0x0000016da6d30850 JavaThread "Notification Thread" daemon [_thread_blocked, id=18984, stack(0x0000004052900000,0x0000004052a00000)]
  0x0000016da7284180 JavaThread "C2 CompilerThread1" daemon [_thread_in_native, id=10000, stack(0x0000004053000000,0x0000004053100000)]

Other Threads:
  0x0000016d82b60a40 VMThread "VM Thread" [stack: 0x0000004051e00000,0x0000004051f00000] [id=22560]
  0x0000016da6d311a0 WatcherThread "VM Periodic Task Thread" [stack: 0x0000004052a00000,0x0000004052b00000] [id=4496]
  0x0000016d82b0f5e0 WorkerThread "GC Thread#0" [stack: 0x0000004051900000,0x0000004051a00000] [id=2544]
  0x0000016d82aafe90 WorkerThread "GC Thread#1" [stack: 0x0000004052b00000,0x0000004052c00000] [id=4372]
  0x0000016da6f5efb0 WorkerThread "GC Thread#2" [stack: 0x0000004052c00000,0x0000004052d00000] [id=7816]
  0x0000016da6f9b320 WorkerThread "GC Thread#3" [stack: 0x0000004052d00000,0x0000004052e00000] [id=13960]
  0x0000016da70bdd40 WorkerThread "GC Thread#4" [stack: 0x0000004052e00000,0x0000004052f00000] [id=12320]
  0x0000016da70be2e0 WorkerThread "GC Thread#5" [stack: 0x0000004052f00000,0x0000004053000000] [id=12544]
  0x0000016da70be010 WorkerThread "GC Thread#6" [stack: 0x0000004053100000,0x0000004053200000] [id=1636]
  0x0000016d82b20390 ConcurrentGCThread "G1 Main Marker" [stack: 0x0000004051a00000,0x0000004051b00000] [id=8720]
  0x0000016d82b21370 WorkerThread "G1 Conc#0" [stack: 0x0000004051b00000,0x0000004051c00000] [id=20004]
  0x0000016d82b354f0 ConcurrentGCThread "G1 Refine#0" [stack: 0x0000004051c00000,0x0000004051d00000] [id=22508]
  0x0000016d82b36cf0 ConcurrentGCThread "G1 Service" [stack: 0x0000004051d00000,0x0000004051e00000] [id=3560]

Threads with active compile tasks:
C2 CompilerThread0      478 1368   !   4       com.sun.tools.javac.jvm.ClassReader::classSigToType (497 bytes)
C2 CompilerThread1      478 1319       4       jdk.internal.jimage.ImageLocation::getFullName (109 bytes)

VM state: not at safepoint (normal execution)

VM Mutex/Monitor currently owned by a thread: None

Heap address: 0x0000000081600000, size: 2026 MB, Compressed Oops mode: 32-bit

CDS archive(s) mapped at: [0x0000000800000000-0x0000000800c40000-0x0000000800c40000), size 12845056, SharedBaseAddress: 0x0000000800000000, ArchiveRelocationMode: 0.
Compressed class space mapped at: 0x0000000801000000-0x0000000841000000, reserved size: 1073741824
Narrow klass base: 0x0000000800000000, Narrow klass shift: 0, Narrow klass range: 0x100000000

GC Precious Log:
 CardTable entry size: 512
 Card Set container configuration: InlinePtr #cards 5 size 8 Array Of Cards #cards 12 size 40 Howl #buckets 4 coarsen threshold 1843 Howl Bitmap #cards 512 size 80 coarsen threshold 460 Card regions per heap region 1 cards per card region 2048
 CPUs: 12 total, 12 available
 Memory: 8099M
 Large Page Support: Disabled
 NUMA Support: Disabled
 Compressed Oops: Enabled (32-bit)
 Heap Region Size: 1M
 Heap Min Capacity: 8M
 Heap Initial Capacity: 8M
 Heap Max Capacity: 2026M
 Pre-touch: Disabled
 Parallel Workers: 10
 Concurrent Workers: 3
 Concurrent Refinement Workers: 10
 Periodic GC: Disabled

Heap:
 garbage-first heap   total 19456K, used 11113K [0x0000000081600000, 0x0000000100000000)
  region size 1024K, 6 young (6144K), 1 survivors (1024K)
 Metaspace       used 9295K, committed 9472K, reserved 1114112K
  class space    used 1035K, committed 1088K, reserved 1048576K

Heap Regions: E=young(eden), S=young(survivor), O=old, HS=humongous(starts), HC=humongous(continues), CS=collection set, F=free, OA=open archive, CA=closed archive, TAMS=top-at-mark-start (previous, next)
|   0|0x0000000081600000, 0x0000000081700000, 0x0000000081700000|100%| O|  |TAMS 0x0000000081600000, 0x0000000081600000| Untracked 
|   1|0x0000000081700000, 0x0000000081800000, 0x0000000081800000|100%| O|  |TAMS 0x0000000081700000, 0x0000000081700000| Untracked 
|   2|0x0000000081800000, 0x0000000081900000, 0x0000000081900000|100%| O|  |TAMS 0x0000000081800000, 0x0000000081800000| Untracked 
|   3|0x0000000081900000, 0x0000000081a00000, 0x0000000081a00000|100%| O|  |TAMS 0x0000000081900000, 0x0000000081900000| Untracked 
|   4|0x0000000081a00000, 0x0000000081b00000, 0x0000000081b00000|100%| O|  |TAMS 0x0000000081a00000, 0x0000000081a00000| Untracked 
|   5|0x0000000081b00000, 0x0000000081bda400, 0x0000000081c00000| 85%| O|  |TAMS 0x0000000081b00000, 0x0000000081b00000| Untracked 
|   6|0x0000000081c00000, 0x0000000081c00000, 0x0000000081d00000|  0%| F|  |TAMS 0x0000000081c00000, 0x0000000081c00000| Untracked 
|   7|0x0000000081d00000, 0x0000000081d00000, 0x0000000081e00000|  0%| F|  |TAMS 0x0000000081d00000, 0x0000000081d00000| Untracked 
|   8|0x0000000081e00000, 0x0000000081e00000, 0x0000000081f00000|  0%| F|  |TAMS 0x0000000081e00000, 0x0000000081e00000| Untracked 
|   9|0x0000000081f00000, 0x0000000081f00000, 0x0000000082000000|  0%| F|  |TAMS 0x0000000081f00000, 0x0000000081f00000| Untracked 
|  10|0x0000000082000000, 0x0000000082000000, 0x0000000082100000|  0%| F|  |TAMS 0x0000000082000000, 0x0000000082000000| Untracked 
|  11|0x0000000082100000, 0x0000000082200000, 0x0000000082200000|100%| S|CS|TAMS 0x0000000082100000, 0x0000000082100000| Complete 
|  12|0x0000000082200000, 0x0000000082200000, 0x0000000082300000|  0%| F|  |TAMS 0x0000000082200000, 0x0000000082200000| Untracked 
|  13|0x0000000082300000, 0x0000000082300000, 0x0000000082400000|  0%| F|  |TAMS 0x0000000082300000, 0x0000000082300000| Untracked 
|  14|0x0000000082400000, 0x000000008241e6c0, 0x0000000082500000| 11%| E|  |TAMS 0x0000000082400000, 0x0000000082400000| Complete 
|  15|0x0000000082500000, 0x0000000082600000, 0x0000000082600000|100%| E|CS|TAMS 0x0000000082500000, 0x0000000082500000| Complete 
|  16|0x0000000082600000, 0x0000000082700000, 0x0000000082700000|100%| E|CS|TAMS 0x0000000082600000, 0x0000000082600000| Complete 
|  17|0x0000000082700000, 0x0000000082800000, 0x0000000082800000|100%| E|CS|TAMS 0x0000000082700000, 0x0000000082700000| Complete 
|  18|0x0000000082800000, 0x0000000082900000, 0x0000000082900000|100%| E|CS|TAMS 0x0000000082800000, 0x0000000082800000| Complete 

Card table byte_map: [0x0000016d9b660000,0x0000016d9ba60000] _byte_map_base: 0x0000016d9b255000

Marking Bits (Prev, Next): (CMBitMap*) 0x0000016d82b0fa20, (CMBitMap*) 0x0000016d82b0fa60
 Prev Bits: [0x0000016d9be60000, 0x0000016d9de08000)
 Next Bits: [0x0000016d9de10000, 0x0000016d9fdb8000)

Polling page: 0x0000016d80a40000

Metaspace:

Usage:
  Non-class:      8.08 MB used.
      Class:      1.01 MB used.
       Both:      9.09 MB used.

Virtual space:
  Non-class space:       64.00 MB reserved,       8.19 MB ( 13%) committed,  1 nodes.
      Class space:        1.00 GB reserved,       1.06 MB ( <1%) committed,  1 nodes.
             Both:        1.06 GB reserved,       9.25 MB ( <1%) committed. 

Chunk freelists:
   Non-Class:  1.84 MB
       Class:  2.89 MB
        Both:  4.73 MB

MaxMetaspaceSize: unlimited
CompressedClassSpaceSize: 1.00 GB
Initial GC threshold: 21.00 MB
Current GC threshold: 21.00 MB
CDS: on
MetaspaceReclaimPolicy: balanced
 - commit_granule_bytes: 65536.
 - commit_granule_words: 8192.
 - virtual_space_node_default_size: 8388608.
 - enlarge_chunks_in_place: 1.
 - new_chunks_are_fully_committed: 0.
 - uncommit_free_chunks: 1.
 - use_allocation_guard: 0.


Internal statistics:

num_allocs_failed_limit: 0.
num_arena_births: 74.
num_arena_deaths: 0.
num_vsnodes_births: 2.
num_vsnodes_deaths: 0.
num_space_committed: 148.
num_space_uncommitted: 0.
num_chunks_returned_to_freelist: 0.
num_chunks_taken_from_freelist: 374.
num_chunk_merges: 0.
num_chunk_splits: 270.
num_chunks_enlarged: 216.
num_inconsistent_stats: 0.

CodeHeap 'non-profiled nmethods': size=120000Kb used=428Kb max_used=428Kb free=119571Kb
 bounds [0x0000016d937e0000, 0x0000016d93a50000, 0x0000016d9ad10000]
CodeHeap 'profiled nmethods': size=120000Kb used=2563Kb max_used=2563Kb free=117437Kb
 bounds [0x0000016d8bd10000, 0x0000016d8bfa0000, 0x0000016d93240000]
CodeHeap 'non-nmethods': size=5760Kb used=1243Kb max_used=1274Kb free=4516Kb
 bounds [0x0000016d93240000, 0x0000016d934b0000, 0x0000016d937e0000]
 total_blobs=1887 nmethods=1434 adapters=363
 compilation: enabled
              stopped_count=0, restarted_count=0
 full_count=0

Compilation events (20 events):
Event: 0.461 Thread 0x0000016da2265bd0 1426       3       com.sun.tools.javac.code.Scope$ScopeImpl::dble (147 bytes)
Event: 0.462 Thread 0x0000016da2265bd0 nmethod 1426 0x0000016d8bf82910 code [0x0000016d8bf82b60, 0x0000016d8bf83708]
Event: 0.462 Thread 0x0000016da2265bd0 1427   !   3       com.sun.tools.javac.jvm.ClassReader$11::read (243 bytes)
Event: 0.463 Thread 0x0000016da2265bd0 nmethod 1427 0x0000016d8bf83b10 code [0x0000016d8bf84000, 0x0000016d8bf86b68]
Event: 0.463 Thread 0x0000016da2265bd0 1429       3       com.sun.tools.javac.code.Type$MethodType::asMethodType (2 bytes)
Event: 0.463 Thread 0x0000016da2265bd0 nmethod 1429 0x0000016d8bf87d90 code [0x0000016d8bf87f20, 0x0000016d8bf88038]
Event: 0.464 Thread 0x0000016da2265bd0 1430       3       java.lang.invoke.InnerClassLambdaMetafactory::getLoadOpcode (26 bytes)
Event: 0.465 Thread 0x0000016da2265bd0 nmethod 1430 0x0000016d8bf88110 code [0x0000016d8bf882e0, 0x0000016d8bf88518]
Event: 0.465 Thread 0x0000016da2265bd0 1431       3       java.lang.invoke.InnerClassLambdaMetafactory::getParameterSize (27 bytes)
Event: 0.465 Thread 0x0000016da2265bd0 nmethod 1431 0x0000016d8bf88610 code [0x0000016d8bf887c0, 0x0000016d8bf889d8]
Event: 0.465 Thread 0x0000016da2265bd0 1432       3       jdk.internal.org.objectweb.asm.MethodVisitor::visitVarInsn (17 bytes)
Event: 0.465 Thread 0x0000016da2265bd0 nmethod 1432 0x0000016d8bf88a90 code [0x0000016d8bf88c40, 0x0000016d8bf88e48]
Event: 0.465 Thread 0x0000016da2265bd0 1433       3       jdk.internal.org.objectweb.asm.Type::getDescriptor (93 bytes)
Event: 0.465 Thread 0x0000016da2265bd0 nmethod 1433 0x0000016d8bf88f10 code [0x0000016d8bf89160, 0x0000016d8bf89838]
Event: 0.465 Thread 0x0000016da2265bd0 1435       3       jdk.internal.org.objectweb.asm.Frame::pop (46 bytes)
Event: 0.465 Thread 0x0000016da2265bd0 nmethod 1435 0x0000016d8bf89b10 code [0x0000016d8bf89cc0, 0x0000016d8bf89e78]
Event: 0.466 Thread 0x0000016da2265bd0 1436       3       java.lang.invoke.DirectMethodHandle::preparedLambdaForm (31 bytes)
Event: 0.466 Thread 0x0000016da2265bd0 nmethod 1436 0x0000016d8bf89f10 code [0x0000016d8bf8a100, 0x0000016d8bf8a5a8]
Event: 0.467 Thread 0x0000016da2265bd0 1437       3       java.lang.invoke.MemberName::isMethod (8 bytes)
Event: 0.467 Thread 0x0000016da2265bd0 nmethod 1437 0x0000016d8bf8a790 code [0x0000016d8bf8a940, 0x0000016d8bf8ab78]

GC Heap History (20 events):
Event: 0.173 GC heap before
{Heap before GC invocations=1 (full 0):
 garbage-first heap   total 8192K, used 2208K [0x0000000081600000, 0x0000000100000000)
  region size 1024K, 2 young (2048K), 1 survivors (1024K)
 Metaspace       used 4193K, committed 4416K, reserved 1114112K
  class space    used 508K, committed 640K, reserved 1048576K
}
Event: 0.175 GC heap after
{Heap after GC invocations=2 (full 0):
 garbage-first heap   total 8192K, used 1795K [0x0000000081600000, 0x0000000100000000)
  region size 1024K, 1 young (1024K), 1 survivors (1024K)
 Metaspace       used 4193K, committed 4416K, reserved 1114112K
  class space    used 508K, committed 640K, reserved 1048576K
}
Event: 0.221 GC heap before
{Heap before GC invocations=2 (full 0):
 garbage-first heap   total 8192K, used 2819K [0x0000000081600000, 0x0000000100000000)
  region size 1024K, 2 young (2048K), 1 survivors (1024K)
 Metaspace       used 6216K, committed 6336K, reserved 1114112K
  class space    used 707K, committed 768K, reserved 1048576K
}
Event: 0.222 GC heap after
{Heap after GC invocations=3 (full 0):
 garbage-first heap   total 8192K, used 2119K [0x0000000081600000, 0x0000000100000000)
  region size 1024K, 1 young (1024K), 1 survivors (1024K)
 Metaspace       used 6216K, committed 6336K, reserved 1114112K
  class space    used 707K, committed 768K, reserved 1048576K
}
Event: 0.272 GC heap before
{Heap before GC invocations=3 (full 0):
 garbage-first heap   total 8192K, used 3143K [0x0000000081600000, 0x0000000100000000)
  region size 1024K, 2 young (2048K), 1 survivors (1024K)
 Metaspace       used 7782K, committed 7936K, reserved 1114112K
  class space    used 867K, committed 960K, reserved 1048576K
}
Event: 0.273 GC heap after
{Heap after GC invocations=4 (full 0):
 garbage-first heap   total 8192K, used 2434K [0x0000000081600000, 0x0000000100000000)
  region size 1024K, 1 young (1024K), 1 survivors (1024K)
 Metaspace       used 7782K, committed 7936K, reserved 1114112K
  class space    used 867K, committed 960K, reserved 1048576K
}
Event: 0.294 GC heap before
{Heap before GC invocations=4 (full 0):
 garbage-first heap   total 8192K, used 3458K [0x0000000081600000, 0x0000000100000000)
  region size 1024K, 2 young (2048K), 1 survivors (1024K)
 Metaspace       used 8061K, committed 8256K, reserved 1114112K
  class space    used 898K, committed 1024K, reserved 1048576K
}
Event: 0.295 GC heap after
{Heap after GC invocations=5 (full 0):
 garbage-first heap   total 10240K, used 2747K [0x0000000081600000, 0x0000000100000000)
  region size 1024K, 1 young (1024K), 1 survivors (1024K)
 Metaspace       used 8061K, committed 8256K, reserved 1114112K
  class space    used 898K, committed 1024K, reserved 1048576K
}
Event: 0.341 GC heap before
{Heap before GC invocations=5 (full 0):
 garbage-first heap   total 10240K, used 4795K [0x0000000081600000, 0x0000000100000000)
  region size 1024K, 3 young (3072K), 1 survivors (1024K)
 Metaspace       used 8613K, committed 8768K, reserved 1114112K
  class space    used 968K, committed 1024K, reserved 1048576K
}
Event: 0.343 GC heap after
{Heap after GC invocations=6 (full 0):
 garbage-first heap   total 10240K, used 3775K [0x0000000081600000, 0x0000000100000000)
  region size 1024K, 1 young (1024K), 1 survivors (1024K)
 Metaspace       used 8613K, committed 8768K, reserved 1114112K
  class space    used 968K, committed 1024K, reserved 1048576K
}
Event: 0.370 GC heap before
{Heap before GC invocations=6 (full 0):
 garbage-first heap   total 10240K, used 5823K [0x0000000081600000, 0x0000000100000000)
  region size 1024K, 3 young (3072K), 1 survivors (1024K)
 Metaspace       used 8816K, committed 8960K, reserved 1114112K
  class space    used 991K, committed 1024K, reserved 1048576K
}
Event: 0.372 GC heap after
{Heap after GC invocations=7 (full 0):
 garbage-first heap   total 10240K, used 4228K [0x0000000081600000, 0x0000000100000000)
  region size 1024K, 1 young (1024K), 1 survivors (1024K)
 Metaspace       used 8816K, committed 8960K, reserved 1114112K
  class space    used 991K, committed 1024K, reserved 1048576K
}
Event: 0.377 GC heap before
{Heap before GC invocations=7 (full 0):
 garbage-first heap   total 10240K, used 5252K [0x0000000081600000, 0x0000000100000000)
  region size 1024K, 2 young (2048K), 1 survivors (1024K)
 Metaspace       used 8831K, committed 8960K, reserved 1114112K
  class space    used 991K, committed 1024K, reserved 1048576K
}
Event: 0.377 GC heap after
{Heap after GC invocations=8 (full 0):
 garbage-first heap   total 10240K, used 4265K [0x0000000081600000, 0x0000000100000000)
  region size 1024K, 1 young (1024K), 1 survivors (1024K)
 Metaspace       used 8831K, committed 8960K, reserved 1114112K
  class space    used 991K, committed 1024K, reserved 1048576K
}
Event: 0.389 GC heap before
{Heap before GC invocations=8 (full 0):
 garbage-first heap   total 10240K, used 5289K [0x0000000081600000, 0x0000000100000000)
  region size 1024K, 2 young (2048K), 1 survivors (1024K)
 Metaspace       used 8911K, committed 9088K, reserved 1114112K
  class space    used 999K, committed 1088K, reserved 1048576K
}
Event: 0.390 GC heap after
{Heap after GC invocations=9 (full 0):
 garbage-first heap   total 19456K, used 4364K [0x0000000081600000, 0x0000000100000000)
  region size 1024K, 1 young (1024K), 1 survivors (1024K)
 Metaspace       used 8911K, committed 9088K, reserved 1114112K
  class space    used 999K, committed 1088K, reserved 1048576K
}
Event: 0.424 GC heap before
{Heap before GC invocations=9 (full 0):
 garbage-first heap   total 19456K, used 10508K [0x0000000081600000, 0x0000000100000000)
  region size 1024K, 7 young (7168K), 1 survivors (1024K)
 Metaspace       used 9051K, committed 9216K, reserved 1114112K
  class space    used 1013K, committed 1088K, reserved 1048576K
}
Event: 0.427 GC heap after
{Heap after GC invocations=10 (full 0):
 garbage-first heap   total 19456K, used 5237K [0x0000000081600000, 0x0000000100000000)
  region size 1024K, 1 young (1024K), 1 survivors (1024K)
 Metaspace       used 9051K, committed 9216K, reserved 1114112K
  class space    used 1013K, committed 1088K, reserved 1048576K
}
Event: 0.448 GC heap before
{Heap before GC invocations=10 (full 0):
 garbage-first heap   total 19456K, used 10357K [0x0000000081600000, 0x0000000100000000)
  region size 1024K, 7 young (7168K), 1 survivors (1024K)
 Metaspace       used 9120K, committed 9280K, reserved 1114112K
  class space    used 1015K, committed 1088K, reserved 1048576K
}
Event: 0.452 GC heap after
{Heap after GC invocations=11 (full 0):
 garbage-first heap   total 19456K, used 7017K [0x0000000081600000, 0x0000000100000000)
  region size 1024K, 1 young (1024K), 1 survivors (1024K)
 Metaspace       used 9120K, committed 9280K, reserved 1114112K
  class space    used 1015K, committed 1088K, reserved 1048576K
}

Dll operation events (6 events):
Event: 0.004 Loaded shared library C:\Program Files\Zulu\zulu-19\bin\java.dll
Event: 0.010 Loaded shared library C:\Program Files\Zulu\zulu-19\bin\jsvml.dll
Event: 0.045 Loaded shared library C:\Program Files\Zulu\zulu-19\bin\jimage.dll
Event: 0.094 Loaded shared library C:\Program Files\Zulu\zulu-19\bin\net.dll
Event: 0.095 Loaded shared library C:\Program Files\Zulu\zulu-19\bin\nio.dll
Event: 0.116 Loaded shared library C:\Program Files\Zulu\zulu-19\bin\zip.dll

Deoptimization events (20 events):
Event: 0.343 Thread 0x0000016da225c560 DEOPT PACKING pc=0x0000016d93829234 sp=0x0000004051fff3b0
Event: 0.343 Thread 0x0000016da225c560 DEOPT UNPACKING pc=0x0000016d932a6da3 sp=0x0000004051fff340 mode 2
Event: 0.344 Thread 0x0000016d82aaf400 Uncommon trap: trap_request=0xffffffde fr.pc=0x0000016d93827a50 relative=0x0000000000000290
Event: 0.344 Thread 0x0000016d82aaf400 Uncommon trap: reason=class_check action=maybe_recompile pc=0x0000016d93827a50 method=java.util.HashMap.getNode(Ljava/lang/Object;)Ljava/util/HashMap$Node; @ 128 c2
Event: 0.344 Thread 0x0000016d82aaf400 DEOPT PACKING pc=0x0000016d93827a50 sp=0x00000040518fdd10
Event: 0.344 Thread 0x0000016d82aaf400 DEOPT UNPACKING pc=0x0000016d932a6da3 sp=0x00000040518fdc78 mode 2
Event: 0.350 Thread 0x0000016d82aaf400 Uncommon trap: trap_request=0xffffffde fr.pc=0x0000016d93826694 relative=0x0000000000000b54
Event: 0.350 Thread 0x0000016d82aaf400 Uncommon trap: reason=class_check action=maybe_recompile pc=0x0000016d93826694 method=java.util.HashMap.putVal(ILjava/lang/Object;Ljava/lang/Object;ZZ)Ljava/lang/Object; @ 203 c2
Event: 0.350 Thread 0x0000016d82aaf400 DEOPT PACKING pc=0x0000016d93826694 sp=0x00000040518fe270
Event: 0.350 Thread 0x0000016d82aaf400 DEOPT UNPACKING pc=0x0000016d932a6da3 sp=0x00000040518fe1b8 mode 2
Event: 0.395 Thread 0x0000016d82aaf400 Uncommon trap: trap_request=0xffffff45 fr.pc=0x0000016d93820580 relative=0x0000000000000060
Event: 0.395 Thread 0x0000016d82aaf400 Uncommon trap: reason=unstable_if action=reinterpret pc=0x0000016d93820580 method=com.sun.tools.javac.jvm.PoolReader.sizeof(I)I @ 1 c2
Event: 0.395 Thread 0x0000016d82aaf400 DEOPT PACKING pc=0x0000016d93820580 sp=0x00000040518fdf00
Event: 0.395 Thread 0x0000016d82aaf400 DEOPT UNPACKING pc=0x0000016d932a6da3 sp=0x00000040518fde90 mode 2
Event: 0.403 Thread 0x0000016d82aaf400 DEOPT PACKING pc=0x0000016d8becb810 sp=0x00000040518fd960
Event: 0.403 Thread 0x0000016d82aaf400 DEOPT UNPACKING pc=0x0000016d932a7543 sp=0x00000040518fce50 mode 0
Event: 0.435 Thread 0x0000016d82aaf400 Uncommon trap: trap_request=0xffffff45 fr.pc=0x0000016d93843684 relative=0x0000000000000a44
Event: 0.435 Thread 0x0000016d82aaf400 Uncommon trap: reason=unstable_if action=reinterpret pc=0x0000016d93843684 method=com.sun.tools.javac.util.ArrayUtils.ensureCapacity([BI)[B @ 3 c2
Event: 0.435 Thread 0x0000016d82aaf400 DEOPT PACKING pc=0x0000016d93843684 sp=0x00000040518fdaf0
Event: 0.435 Thread 0x0000016d82aaf400 DEOPT UNPACKING pc=0x0000016d932a6da3 sp=0x00000040518fda18 mode 2

Classes loaded (20 events):
Event: 0.352 Loading class sun/nio/fs/WindowsDirectoryStream$WindowsDirectoryIterator
Event: 0.352 Loading class sun/nio/fs/WindowsDirectoryStream$WindowsDirectoryIterator done
Event: 0.353 Loading class java/nio/file/Files$2
Event: 0.353 Loading class java/nio/file/Files$2 done
Event: 0.353 Loading class java/util/ImmutableCollections$Access
Event: 0.353 Loading class java/util/ImmutableCollections$Access done
Event: 0.353 Loading class java/util/ImmutableCollections$Access$1
Event: 0.353 Loading class jdk/internal/access/JavaUtilCollectionAccess
Event: 0.353 Loading class jdk/internal/access/JavaUtilCollectionAccess done
Event: 0.353 Loading class java/util/ImmutableCollections$Access$1 done
Event: 0.354 Loading class java/util/stream/Nodes$SpinedNodeBuilder
Event: 0.354 Loading class java/util/stream/Nodes$SpinedNodeBuilder done
Event: 0.354 Loading class sun/nio/fs/WindowsPath$WindowsPathWithAttributes
Event: 0.354 Loading class sun/nio/fs/WindowsPath$WindowsPathWithAttributes done
Event: 0.356 Loading class java/nio/file/FileTreeWalker$1
Event: 0.356 Loading class java/nio/file/FileTreeWalker$1 done
Event: 0.396 Loading class java/lang/invoke/MethodHandle$1
Event: 0.396 Loading class java/lang/invoke/MethodHandle$1 done
Event: 0.455 Loading class java/util/LinkedList$Node
Event: 0.455 Loading class java/util/LinkedList$Node done

Classes unloaded (0 events):
No events

Classes redefined (0 events):
No events

Internal exceptions (20 events):
Event: 0.351 Thread 0x0000016d82aaf400 Exception <a 'java/lang/NoSuchMethodError'{0x0000000081f3adf0}: 'void java.lang.invoke.DirectMethodHandle$Holder.invokeStatic(java.lang.Object, java.lang.Object)'> (0x0000000081f3adf0) 
thrown [s\src\hotspot\share\interpreter\linkResolver.cpp, line 774]
Event: 0.352 Thread 0x0000016d82aaf400 Exception <a 'sun/nio/fs/WindowsException'{0x0000000081f44b80}> (0x0000000081f44b80) 
thrown [s\src\hotspot\share\prims\jni.cpp, line 517]
Event: 0.355 Thread 0x0000016d82aaf400 Exception <a 'sun/nio/fs/WindowsException'{0x0000000081f56da8}> (0x0000000081f56da8) 
thrown [s\src\hotspot\share\prims\jni.cpp, line 517]
Event: 0.358 Thread 0x0000016d82aaf400 Exception <a 'sun/nio/fs/WindowsException'{0x0000000081f64f30}> (0x0000000081f64f30) 
thrown [s\src\hotspot\share\prims\jni.cpp, line 517]
Event: 0.386 Thread 0x0000016d82aaf400 Exception <a 'java/lang/NoSuchMethodError'{0x0000000081fb99c0}: 'int java.lang.invoke.DirectMethodHandle$Holder.invokeSpecial(java.lang.Object, java.lang.Object, java.lang.Object)'> (0x0000000081fb99c0) 
thrown [s\src\hotspot\share\interpreter\linkResolver.cpp, line 774]
Event: 0.388 Thread 0x0000016d82aaf400 Exception <a 'sun/nio/fs/WindowsException'{0x0000000081fc4330}> (0x0000000081fc4330) 
thrown [s\src\hotspot\share\prims\jni.cpp, line 517]
Event: 0.388 Thread 0x0000016d82aaf400 Exception <a 'sun/nio/fs/WindowsException'{0x0000000081fc4700}> (0x0000000081fc4700) 
thrown [s\src\hotspot\share\prims\jni.cpp, line 517]
Event: 0.388 Thread 0x0000016d82aaf400 Exception <a 'sun/nio/fs/WindowsException'{0x0000000081fc56d8}> (0x0000000081fc56d8) 
thrown [s\src\hotspot\share\prims\jni.cpp, line 517]
Event: 0.388 Thread 0x0000016d82aaf400 Exception <a 'sun/nio/fs/WindowsException'{0x0000000081fc5ab8}> (0x0000000081fc5ab8) 
thrown [s\src\hotspot\share\prims\jni.cpp, line 517]
Event: 0.388 Thread 0x0000016d82aaf400 Exception <a 'sun/nio/fs/WindowsException'{0x0000000081fc6bc0}> (0x0000000081fc6bc0) 
thrown [s\src\hotspot\share\prims\jni.cpp, line 517]
Event: 0.388 Thread 0x0000016d82aaf400 Exception <a 'sun/nio/fs/WindowsException'{0x0000000081fc6f50}> (0x0000000081fc6f50) 
thrown [s\src\hotspot\share\prims\jni.cpp, line 517]
Event: 0.395 Thread 0x0000016d82aaf400 Exception <a 'java/lang/NoSuchMethodError'{0x00000000828f7358}: 'java.lang.Object java.lang.invoke.DirectMethodHandle$Holder.invokeStatic(java.lang.Object, java.lang.Object, int, int)'> (0x00000000828f7358) 
thrown [s\src\hotspot\share\interpreter\linkResolver.cpp, line 774]
Event: 0.414 Thread 0x0000016d82aaf400 Exception <a 'sun/nio/fs/WindowsException'{0x00000000825df8a8}> (0x00000000825df8a8) 
thrown [s\src\hotspot\share\prims\jni.cpp, line 517]
Event: 0.414 Thread 0x0000016d82aaf400 Exception <a 'sun/nio/fs/WindowsException'{0x00000000825dfc88}> (0x00000000825dfc88) 
thrown [s\src\hotspot\share\prims\jni.cpp, line 517]
Event: 0.414 Thread 0x0000016d82aaf400 Exception <a 'sun/nio/fs/WindowsException'{0x00000000825e0c60}> (0x00000000825e0c60) 
thrown [s\src\hotspot\share\prims\jni.cpp, line 517]
Event: 0.414 Thread 0x0000016d82aaf400 Exception <a 'sun/nio/fs/WindowsException'{0x00000000825e1050}> (0x00000000825e1050) 
thrown [s\src\hotspot\share\prims\jni.cpp, line 517]
Event: 0.414 Thread 0x0000016d82aaf400 Exception <a 'sun/nio/fs/WindowsException'{0x00000000825e2158}> (0x00000000825e2158) 
thrown [s\src\hotspot\share\prims\jni.cpp, line 517]
Event: 0.414 Thread 0x0000016d82aaf400 Exception <a 'sun/nio/fs/WindowsException'{0x00000000825e24f8}> (0x00000000825e24f8) 
thrown [s\src\hotspot\share\prims\jni.cpp, line 517]
Event: 0.465 Thread 0x0000016d82aaf400 Exception <a 'java/lang/NoSuchMethodError'{0x000000008263bce0}: 'java.lang.Object java.lang.invoke.DirectMethodHandle$Holder.invokeInterface(java.lang.Object, java.lang.Object)'> (0x000000008263bce0) 
thrown [s\src\hotspot\share\interpreter\linkResolver.cpp, line 774]
Event: 0.467 Thread 0x0000016d82aaf400 Exception <a 'java/lang/NoSuchMethodError'{0x000000008264f530}: 'void java.lang.invoke.DirectMethodHandle$Holder.invokeSpecial(java.lang.Object, java.lang.Object, java.lang.Object, java.lang.Object, java.lang.Object)'> (0x000000008264f530) 
thrown [s\src\hotspot\share\interpreter\linkResolver.cpp, line 774]

VM Operations (20 events):
Event: 0.271 Executing VM operation: HandshakeAllThreads
Event: 0.271 Executing VM operation: HandshakeAllThreads done
Event: 0.271 Executing VM operation: G1CollectForAllocation
Event: 0.273 Executing VM operation: G1CollectForAllocation done
Event: 0.294 Executing VM operation: G1CollectForAllocation
Event: 0.295 Executing VM operation: G1CollectForAllocation done
Event: 0.341 Executing VM operation: G1CollectForAllocation
Event: 0.343 Executing VM operation: G1CollectForAllocation done
Event: 0.354 Executing VM operation: HandshakeAllThreads
Event: 0.354 Executing VM operation: HandshakeAllThreads done
Event: 0.370 Executing VM operation: G1CollectForAllocation
Event: 0.372 Executing VM operation: G1CollectForAllocation done
Event: 0.376 Executing VM operation: G1CollectForAllocation
Event: 0.377 Executing VM operation: G1CollectForAllocation done
Event: 0.389 Executing VM operation: G1CollectForAllocation
Event: 0.390 Executing VM operation: G1CollectForAllocation done
Event: 0.424 Executing VM operation: G1CollectForAllocation
Event: 0.427 Executing VM operation: G1CollectForAllocation done
Event: 0.448 Executing VM operation: G1CollectForAllocation
Event: 0.452 Executing VM operation: G1CollectForAllocation done

Events (13 events):
Event: 0.010 Thread 0x0000016d82aaf400 Thread added: 0x0000016d82aaf400
Event: 0.018 Thread 0x0000016da225c560 Thread added: 0x0000016da225c560
Event: 0.018 Thread 0x0000016da225ce90 Thread added: 0x0000016da225ce90
Event: 0.018 Thread 0x0000016da2260a60 Thread added: 0x0000016da2260a60
Event: 0.018 Thread 0x0000016da2261390 Thread added: 0x0000016da2261390
Event: 0.018 Thread 0x0000016da2261cc0 Thread added: 0x0000016da2261cc0
Event: 0.018 Thread 0x0000016da22625f0 Thread added: 0x0000016da22625f0
Event: 0.018 Thread 0x0000016da2265260 Thread added: 0x0000016da2265260
Event: 0.018 Thread 0x0000016da2265bd0 Thread added: 0x0000016da2265bd0
Event: 0.018 Thread 0x0000016da2266540 Thread added: 0x0000016da2266540
Event: 0.030 Thread 0x0000016d82b4fa50 Thread added: 0x0000016d82b4fa50
Event: 0.043 Thread 0x0000016da6d30850 Thread added: 0x0000016da6d30850
Event: 0.302 Thread 0x0000016da7284180 Thread added: 0x0000016da7284180


Dynamic libraries:
0x00007ff771d60000 - 0x00007ff771d68000 	C:\Program Files\Zulu\zulu-19\bin\javac.exe
0x00007ffa972f0000 - 0x00007ffa97504000 	C:\WINDOWS\SYSTEM32\ntdll.dll
0x00007ffa96a30000 - 0x00007ffa96af2000 	C:\WINDOWS\System32\KERNEL32.DLL
0x00007ffa94a90000 - 0x00007ffa94e2c000 	C:\WINDOWS\System32\KERNELBASE.dll
0x00007ffa94730000 - 0x00007ffa94841000 	C:\WINDOWS\System32\ucrtbase.dll
0x00007ffa8dd20000 - 0x00007ffa8dd37000 	C:\Program Files\Zulu\zulu-19\bin\jli.dll
0x00007ffa8dc30000 - 0x00007ffa8dc4b000 	C:\Program Files\Zulu\zulu-19\bin\VCRUNTIME140.dll
0x00007ffa95ee0000 - 0x00007ffa9608b000 	C:\WINDOWS\System32\USER32.dll
0x00007ffa94a60000 - 0x00007ffa94a86000 	C:\WINDOWS\System32\win32u.dll
0x00007ffa7c330000 - 0x00007ffa7c5be000 	C:\WINDOWS\WinSxS\amd64_microsoft.windows.common-controls_6595b64144ccf1df_6.0.22621.608_none_a9444ca7c10bb01d\COMCTL32.dll
0x00007ffa97200000 - 0x00007ffa972a7000 	C:\WINDOWS\System32\msvcrt.dll
0x00007ffa97050000 - 0x00007ffa97079000 	C:\WINDOWS\System32\GDI32.dll
0x00007ffa94f70000 - 0x00007ffa95083000 	C:\WINDOWS\System32\gdi32full.dll
0x00007ffa949c0000 - 0x00007ffa94a5a000 	C:\WINDOWS\System32\msvcp_win.dll
0x00007ffa95ea0000 - 0x00007ffa95ed1000 	C:\WINDOWS\System32\IMM32.DLL
0x00007ffa913b0000 - 0x00007ffa913bc000 	C:\Program Files\Zulu\zulu-19\bin\vcruntime140_1.dll
0x00007ffa828e0000 - 0x00007ffa8296d000 	C:\Program Files\Zulu\zulu-19\bin\msvcp140.dll
0x00007ffa333b0000 - 0x00007ffa340b7000 	C:\Program Files\Zulu\zulu-19\bin\server\jvm.dll
0x00007ffa970d0000 - 0x00007ffa9717e000 	C:\WINDOWS\System32\ADVAPI32.dll
0x00007ffa95d60000 - 0x00007ffa95e04000 	C:\WINDOWS\System32\sechost.dll
0x00007ffa95c20000 - 0x00007ffa95d35000 	C:\WINDOWS\System32\RPCRT4.dll
0x00007ffa8df80000 - 0x00007ffa8df89000 	C:\WINDOWS\SYSTEM32\WSOCK32.dll
0x00007ffa8ce90000 - 0x00007ffa8cec4000 	C:\WINDOWS\SYSTEM32\WINMM.dll
0x00007ffa8ce00000 - 0x00007ffa8ce0a000 	C:\WINDOWS\SYSTEM32\VERSION.dll
0x00007ffa95620000 - 0x00007ffa95691000 	C:\WINDOWS\System32\WS2_32.dll
0x00007ffa93790000 - 0x00007ffa937a8000 	C:\WINDOWS\SYSTEM32\kernel.appcore.dll
0x00007ffa8f920000 - 0x00007ffa8f92a000 	C:\Program Files\Zulu\zulu-19\bin\jimage.dll
0x00007ffa920e0000 - 0x00007ffa9230e000 	C:\WINDOWS\SYSTEM32\DBGHELP.DLL
0x00007ffa95790000 - 0x00007ffa95b19000 	C:\WINDOWS\System32\combase.dll
0x00007ffa95160000 - 0x00007ffa95237000 	C:\WINDOWS\System32\OLEAUT32.dll
0x00007ffa764d0000 - 0x00007ffa76502000 	C:\WINDOWS\SYSTEM32\dbgcore.DLL
0x00007ffa94e30000 - 0x00007ffa94eab000 	C:\WINDOWS\System32\bcryptPrimitives.dll
0x00007ffa82ee0000 - 0x00007ffa82f06000 	C:\Program Files\Zulu\zulu-19\bin\java.dll
0x00007ffa493f0000 - 0x00007ffa494c7000 	C:\Program Files\Zulu\zulu-19\bin\jsvml.dll
0x00007ffa960a0000 - 0x00007ffa96890000 	C:\WINDOWS\System32\SHELL32.dll
0x00007ffa92750000 - 0x00007ffa9301d000 	C:\WINDOWS\SYSTEM32\windows.storage.dll
0x00007ffa92610000 - 0x00007ffa9274e000 	C:\WINDOWS\SYSTEM32\wintypes.dll
0x00007ffa95360000 - 0x00007ffa95451000 	C:\WINDOWS\System32\SHCORE.dll
0x00007ffa956b0000 - 0x00007ffa9570e000 	C:\WINDOWS\System32\shlwapi.dll
0x00007ffa94660000 - 0x00007ffa94681000 	C:\WINDOWS\SYSTEM32\profapi.dll
0x00007ffa82e30000 - 0x00007ffa82e43000 	C:\Program Files\Zulu\zulu-19\bin\net.dll
0x00007ffa8d990000 - 0x00007ffa8dac7000 	C:\WINDOWS\SYSTEM32\WINHTTP.dll
0x00007ffa93c00000 - 0x00007ffa93c69000 	C:\WINDOWS\system32\mswsock.dll
0x00007ffa82d90000 - 0x00007ffa82da6000 	C:\Program Files\Zulu\zulu-19\bin\nio.dll
0x00007ffa82cb0000 - 0x00007ffa82cc8000 	C:\Program Files\Zulu\zulu-19\bin\zip.dll

dbghelp: loaded successfully - version: 4.0.5 - missing functions: none
symbol engine: initialized successfully - sym options: 0x614 - pdb path: .;C:\Program Files\Zulu\zulu-19\bin;C:\WINDOWS\SYSTEM32;C:\WINDOWS\WinSxS\amd64_microsoft.windows.common-controls_6595b64144ccf1df_6.0.22621.608_none_a9444ca7c10bb01d;C:\Program Files\Zulu\zulu-19\bin\server

VM Arguments:
jvm_args: -Dapplication.home=C:\Program Files\Zulu\zulu-19 --add-modules=ALL-DEFAULT -Xms8m -Djdk.module.main=jdk.compiler 
java_command: jdk.compiler/com.sun.tools.javac.Main -d C:\Users\ulise\Desktop\TEC\Algoritmos y estructura de datos I\BuscaMinas\ventana busca minas\build\classes -classpath C:\Users\ulise\Desktop\TEC\Algoritmos y estructura de datos I\BuscaMinas\ventana busca minas\build\classes;C:\Users\ulise\Desktop\TEC\Algoritmos y estructura de datos I\BuscaMinas\ventana busca minas\lib\rxtx-2.1-7r2;C:\Users\ulise\Downloads\RXTXcomm.jar;C:\Users\ulise\Downloads\jSerialComm-2.9.3.zip;C:\Users\ulise\Downloads\jSerialComm-2.9.3.jar -sourcepath C:\Users\ulise\Desktop\TEC\Algoritmos y estructura de datos I\BuscaMinas\ventana busca minas\src -target 19 -encoding UTF-8 -g -processorpath C:\Users\ulise\Desktop\TEC\Algoritmos y estructura de datos I\BuscaMinas\ventana busca minas\lib\rxtx-2.1-7r2;C:\Users\ulise\Downloads\RXTXcomm.jar;C:\Users\ulise\Downloads\jSerialComm-2.9.3.zip;C:\Users\ulise\Downloads\jSerialComm-2.9.3.jar;C:\Users\ulise\Desktop\TEC\Algoritmos y estructura de datos I\BuscaMinas\jar_files\firmata4j-2.3.5.jar;C:\Users\ulise\Desktop\TEC\Algoritmos y estructura de datos I\BuscaMinas\jar_files\jssc-2.8.0.jar;C:\Users\ulise\Desktop\TEC\Algoritmos y estructura de datos I\BuscaMinas\jar_files\jssc-2.9.4.jar;C:\Users\ulise\Desktop\TEC\Algoritmos y estructura de datos I\BuscaMinas\jar_files\slf4j-api-1.7.25.jar;C:\Users\ulise\Desktop\TEC\Algoritmos y estructura de datos I\BuscaMinas\jar_files\slf4j-api-1.7.3.jar;C:\Users\ulise\Desktop\TEC\Algoritmos y estructura de datos I\BuscaMinas\jar_files\slf4j-simple-1.6.1.jar;C:\Users\ulise\Desktop\TEC\Algoritmos y estructura de datos I\BuscaMinas\ventana busca minas\build\empty -s C:\Users\ulise\Desktop\TEC\Algoritmos y estructura de datos I\BuscaMinas\ventana busca minas\build\generated-sources\ap-source-output -source 19 C:\Users\ulise\Desktop\TEC\Algoritmos y estructura de datos I\BuscaMinas\ventana busca minas\src\GameMenuDemo.java
java_class_path (initial): <not set>
Launcher Type: SUN_STANDARD

[Global flags]
     intx CICompilerCount                          = 4                                         {product} {ergonomic}
     uint ConcGCThreads                            = 3                                         {product} {ergonomic}
     uint G1ConcRefinementThreads                  = 10                                        {product} {ergonomic}
   size_t G1HeapRegionSize                         = 1048576                                   {product} {ergonomic}
    uintx GCDrainStackTargetSize                   = 64                                        {product} {ergonomic}
   size_t InitialHeapSize                          = 8388608                                   {product} {command line}
   size_t MarkStackSize                            = 4194304                                   {product} {ergonomic}
   size_t MaxHeapSize                              = 2124414976                                {product} {ergonomic}
   size_t MaxNewSize                               = 1274019840                                {product} {ergonomic}
   size_t MinHeapDeltaBytes                        = 1048576                                   {product} {ergonomic}
   size_t MinHeapSize                              = 8388608                                   {product} {command line}
    uintx NonNMethodCodeHeapSize                   = 5839372                                {pd product} {ergonomic}
    uintx NonProfiledCodeHeapSize                  = 122909434                              {pd product} {ergonomic}
    uintx ProfiledCodeHeapSize                     = 122909434                              {pd product} {ergonomic}
    uintx ReservedCodeCacheSize                    = 251658240                              {pd product} {ergonomic}
     bool SegmentedCodeCache                       = true                                      {product} {ergonomic}
   size_t SoftMaxHeapSize                          = 2124414976                             {manageable} {ergonomic}
     bool UseCompressedClassPointers               = true                           {product lp64_product} {ergonomic}
     bool UseCompressedOops                        = true                           {product lp64_product} {ergonomic}
     bool UseG1GC                                  = true                                      {product} {ergonomic}
     bool UseLargePagesIndividualAllocation        = false                                  {pd product} {ergonomic}

Logging:
Log output configuration:
 #0: stdout all=warning uptime,level,tags foldmultilines=false
 #1: stderr all=off uptime,level,tags foldmultilines=false

Environment Variables:
PATH=C:\Program Files\Zulu\zulu-19\bin\;C:\Program Files\Common Files\Oracle\Java\javapath;C:\Program Files (x86)\Common Files\Oracle\Java\javapath;C:\Windows\system32;C:\Windows;C:\Windows\System32\Wbem;C:\Windows\System32\WindowsPowerShell\v1.0\;C:\Windows\System32\OpenSSH\;C:\Program Files (x86)\NVIDIA Corporation\PhysX\Common;C:\Program Files\NVIDIA Corporation\NVIDIA NvDLISR;C:\WINDOWS\system32;C:\WINDOWS;C:\WINDOWS\System32\Wbem;C:\WINDOWS\System32\WindowsPowerShell\v1.0\;C:\WINDOWS\System32\OpenSSH\;C:\Program Files\nodejs\;C:\Program Files\Git\cmd;C:\Users\ulise\AppData\Local\Microsoft\WindowsApps;C:\Users\ulise\AppData\Local\Programs\Microsoft VS Code\bin;C:\Users\ulise\AppData\Roaming\npm;C:\Users\ulise\AppData\Local\GitHubDesktop\bin
USERNAME=ulise
OS=Windows_NT
PROCESSOR_IDENTIFIER=Intel64 Family 6 Model 165 Stepping 2, GenuineIntel
TMP=C:\Users\ulise\AppData\Local\Temp
TEMP=C:\Users\ulise\AppData\Local\Temp



---------------  S Y S T E M  ---------------

OS:
 Windows 11 , 64 bit Build 22621 (10.0.22621.1485)
OS uptime: 6 days 9:19 hours

CPU: total 12 (initial active 12) (6 cores per cpu, 2 threads per core) family 6 model 165 stepping 2 microcode 0xe2, cx8, cmov, fxsr, ht, mmx, 3dnowpref, sse, sse2, sse3, ssse3, sse4.1, sse4.2, popcnt, lzcnt, tsc, tscinvbit, avx, avx2, aes, erms, clmul, bmi1, bmi2, adx, fma, vzeroupper, clflush, clflushopt, rdtscp

Memory: 4k page, system-wide physical 8099M (580M free)
TotalPageFile size 12195M (AvailPageFile size 5M)
current process WorkingSet (physical memory assigned to process): 89M, peak: 89M
current process commit charge ("private bytes"): 130M, peak: 131M

vm_info: OpenJDK 64-Bit Server VM (19.0.2+7) for windows-amd64 JRE (19.0.2+7) (Zulu19.32+15-CA), built on Dec 28 2022 19:25:40 by "zulu_re" with MS VC++ 16.10 / 16.11 (VS2019)

END.
