#
# There is insufficient memory for the Java Runtime Environment to continue.
# Native memory allocation (mmap) failed to map 134217728 bytes for G1 virtual space
# Possible reasons:
#   The system is out of physical RAM or swap space
#   The process is running with CompressedOops enabled, and the Java Heap may be blocking the growth of the native heap
# Possible solutions:
#   Reduce memory load on the system
#   Increase physical memory or swap space
#   Check if swap backing store is full
#   Decrease Java heap size (-Xmx/-Xms)
#   Decrease number of Java threads
#   Decrease Java thread stack sizes (-Xss)
#   Set larger code cache with -XX:ReservedCodeCacheSize=
#   JVM is running with Unscaled Compressed Oops mode in which the Java heap is
#     placed in the first 4GB address space. The Java Heap base address is the
#     maximum limit for the native heap growth. Please use -XX:HeapBaseMinAddress
#     to set the Java Heap base and to place the Java Heap above 4GB virtual address.
# This output file may be truncated or incomplete.
#
#  Out of Memory Error (os_windows.cpp:3536), pid=16660, tid=5372
#
# JRE version: OpenJDK Runtime Environment Zulu19.32+15-CA (19.0.2+7) (build 19.0.2+7)
# Java VM: OpenJDK 64-Bit Server VM Zulu19.32+15-CA (19.0.2+7, mixed mode, sharing, tiered, compressed oops, compressed class ptrs, g1 gc, windows-amd64)
# No core dump will be written. Minidumps are not enabled by default on client versions of Windows
#

---------------  S U M M A R Y ------------

Command Line: -Dfile.encoding=UTF-8 GameMenuDemo

Host: Intel(R) Core(TM) i7-10750H CPU @ 2.60GHz, 12 cores, 7G,  Windows 11 , 64 bit Build 22621 (10.0.22621.1485)
Time: Mon Apr 10 15:29:24 2023 Hora estándar, América Central elapsed time: 3.876866 seconds (0d 0h 0m 3s)

---------------  T H R E A D  ---------------

Current thread (0x000002789c2e2740):  VMThread "VM Thread" [stack: 0x0000008399900000,0x0000008399a00000] [id=5372]

Stack: [0x0000008399900000,0x0000008399a00000]
Native frames: (J=compiled Java code, j=interpreted, Vv=VM code, C=native code)
V  [jvm.dll+0x6eab2a]
V  [jvm.dll+0x8a4a20]
V  [jvm.dll+0x8a640e]
V  [jvm.dll+0x8a6ac3]
V  [jvm.dll+0x27c1ef]
V  [jvm.dll+0x6e7929]
V  [jvm.dll+0x6dc3da]
V  [jvm.dll+0x3528ab]
V  [jvm.dll+0x35a266]
V  [jvm.dll+0x3b0a2e]
V  [jvm.dll+0x3b0c5f]
V  [jvm.dll+0x327e9a]
V  [jvm.dll+0x327f47]
V  [jvm.dll+0x370442]
V  [jvm.dll+0x36e8e4]
V  [jvm.dll+0x327660]
V  [jvm.dll+0x36de7b]
V  [jvm.dll+0x8abc13]
V  [jvm.dll+0x8ac9d9]
V  [jvm.dll+0x8acf0d]
V  [jvm.dll+0x8ad39b]
V  [jvm.dll+0x8ad457]
V  [jvm.dll+0x84ec7a]
V  [jvm.dll+0x6e981b]
C  [ucrtbase.dll+0x29363]
C  [KERNEL32.DLL+0x1269d]
C  [ntdll.dll+0x5a9f8]

VM_Operation (0x000000839b69f3f0): G1CollectForAllocation, mode: safepoint, requested by thread 0x00000278a179fd00


---------------  P R O C E S S  ---------------

Threads class SMR info:
_java_thread_list=0x00000278ab1e90a0, length=23, elements={
0x00000278fc357d50, 0x000002789c2fb150, 0x000002789c2fba80, 0x000002789c302660,
0x000002789c302f90, 0x000002789c3038c0, 0x000002789c3041f0, 0x000002789c308960,
0x000002789c3092d0, 0x000002789c316090, 0x00000278a06566b0, 0x00000278a0659130,
0x00000278a0655c10, 0x00000278a0656c00, 0x00000278a0658690, 0x00000278a0657bf0,
0x00000278a0658140, 0x00000278a0658be0, 0x00000278aad1d880, 0x00000278a179fd00,
0x00000278a17a5200, 0x00000278a17a5750, 0x00000278ab700340
}

Java Threads: ( => current thread )
  0x00000278fc357d50 JavaThread "main" [_thread_blocked, id=14044, stack(0x0000008399300000,0x0000008399400000)]
  0x000002789c2fb150 JavaThread "Reference Handler" daemon [_thread_blocked, id=18120, stack(0x0000008399a00000,0x0000008399b00000)]
  0x000002789c2fba80 JavaThread "Finalizer" daemon [_thread_blocked, id=20028, stack(0x0000008399b00000,0x0000008399c00000)]
  0x000002789c302660 JavaThread "Signal Dispatcher" daemon [_thread_blocked, id=17468, stack(0x0000008399c00000,0x0000008399d00000)]
  0x000002789c302f90 JavaThread "Attach Listener" daemon [_thread_blocked, id=11428, stack(0x0000008399d00000,0x0000008399e00000)]
  0x000002789c3038c0 JavaThread "Service Thread" daemon [_thread_blocked, id=16760, stack(0x0000008399e00000,0x0000008399f00000)]
  0x000002789c3041f0 JavaThread "Monitor Deflation Thread" daemon [_thread_blocked, id=9140, stack(0x0000008399f00000,0x000000839a000000)]
  0x000002789c308960 JavaThread "C2 CompilerThread0" daemon [_thread_in_native, id=21772, stack(0x000000839a000000,0x000000839a100000)]
  0x000002789c3092d0 JavaThread "C1 CompilerThread0" daemon [_thread_blocked, id=7808, stack(0x000000839a100000,0x000000839a200000)]
  0x000002789c316090 JavaThread "Sweeper thread" daemon [_thread_blocked, id=23064, stack(0x000000839a200000,0x000000839a300000)]
  0x00000278a06566b0 JavaThread "Notification Thread" daemon [_thread_blocked, id=13384, stack(0x000000839a300000,0x000000839a400000)]
  0x00000278a0659130 JavaThread "Common-Cleaner" daemon [_thread_blocked, id=21612, stack(0x000000839a500000,0x000000839a600000)]
  0x00000278a0655c10 JavaThread "QuantumRenderer-0" daemon [_thread_blocked, id=14296, stack(0x000000839a600000,0x000000839a700000)]
  0x00000278a0656c00 JavaThread "InvokeLaterDispatcher" daemon [_thread_blocked, id=6244, stack(0x000000839a800000,0x000000839a900000)]
  0x00000278a0658690 JavaThread "JavaFX Application Thread" [_thread_blocked, id=17596, stack(0x000000839a900000,0x000000839aa00000)]
  0x00000278a0657bf0 JavaThread "JavaFX-Launcher" [_thread_blocked, id=21584, stack(0x000000839ac00000,0x000000839ad00000)]
  0x00000278a0658140 JavaThread "Thread-2" daemon [_thread_blocked, id=16228, stack(0x000000839ab00000,0x000000839ac00000)]
  0x00000278a0658be0 JavaThread "Prism Font Disposer" daemon [_thread_blocked, id=8888, stack(0x000000839ad00000,0x000000839ae00000)]
  0x00000278aad1d880 JavaThread "C2 CompilerThread1" daemon [_thread_blocked, id=24104, stack(0x000000839b4a0000,0x000000839b5a0000)]
  0x00000278a179fd00 JavaThread "Thread-7" daemon [_thread_blocked, id=17604, stack(0x000000839b5a0000,0x000000839b6a0000)]
  0x00000278a17a5200 JavaThread "Thread-8" daemon [_thread_blocked, id=8936, stack(0x000000839b6a0000,0x000000839b7a0000)]
  0x00000278a17a5750 JavaThread "Timer-0" [_thread_blocked, id=14628, stack(0x000000839b7a0000,0x000000839b8a0000)]
  0x00000278ab700340 JavaThread "C2 CompilerThread2" daemon [_thread_blocked, id=14168, stack(0x000000839c1a0000,0x000000839c2a0000)]

Other Threads:
=>0x000002789c2e2740 VMThread "VM Thread" [stack: 0x0000008399900000,0x0000008399a00000] [id=5372]
  0x00000278a0659bd0 WatcherThread "VM Periodic Task Thread" [stack: 0x000000839a400000,0x000000839a500000] [id=22672]
  0x00000278fc3ba630 WorkerThread "GC Thread#0" [stack: 0x0000008399400000,0x0000008399500000] [id=8064]
  0x00000278a17217f0 WorkerThread "GC Thread#1" [stack: 0x000000839b8a0000,0x000000839b9a0000] [id=15640]
  0x00000278a1723410 WorkerThread "GC Thread#2" [stack: 0x000000839b9a0000,0x000000839baa0000] [id=23484]
  0x00000278a1721ac0 WorkerThread "GC Thread#3" [stack: 0x000000839baa0000,0x000000839bba0000] [id=2088]
  0x00000278a1723140 WorkerThread "GC Thread#4" [stack: 0x000000839bba0000,0x000000839bca0000] [id=6976]
  0x00000278a1721d90 WorkerThread "GC Thread#5" [stack: 0x000000839bca0000,0x000000839bda0000] [id=9984]
  0x00000278a1722e70 WorkerThread "GC Thread#6" [stack: 0x000000839bda0000,0x000000839bea0000] [id=1892]
  0x00000278a1722330 WorkerThread "GC Thread#7" [stack: 0x000000839bea0000,0x000000839bfa0000] [id=21944]
  0x00000278a1722600 WorkerThread "GC Thread#8" [stack: 0x000000839bfa0000,0x000000839c0a0000] [id=19024]
  0x00000278a17228d0 WorkerThread "GC Thread#9" [stack: 0x000000839c0a0000,0x000000839c1a0000] [id=13600]
  0x00000278fc3cb4d0 ConcurrentGCThread "G1 Main Marker" [stack: 0x0000008399500000,0x0000008399600000] [id=14536]
  0x00000278fc3cc5a0 WorkerThread "G1 Conc#0" [stack: 0x0000008399600000,0x0000008399700000] [id=6000]
  0x00000278fc41e3f0 ConcurrentGCThread "G1 Refine#0" [stack: 0x0000008399700000,0x0000008399800000] [id=22420]
  0x000002789c19a520 ConcurrentGCThread "G1 Service" [stack: 0x0000008399800000,0x0000008399900000] [id=7708]

Threads with active compile tasks:
C2 CompilerThread0     3889 1808   !   4       com.sun.javafx.css.ParsedValueImpl::readBinary (688 bytes)
C2 CompilerThread1     3889 2029 %     4       com.sun.javafx.image.impl.BaseByteToByteConverter$FourByteReorderer::doConvert @ 27 (138 bytes)
C2 CompilerThread2     3889 2100       4       java.util.HashMap::putVal (300 bytes)

VM state: at safepoint (normal execution)

VM Mutex/Monitor currently owned by a thread:  ([mutex/lock_event])
[0x00000278fc352b90] Threads_lock - owner thread: 0x000002789c2e2740
[0x00000278fc3528c0] Heap_lock - owner thread: 0x00000278a179fd00

Heap address: 0x0000000081600000, size: 2026 MB, Compressed Oops mode: 32-bit

CDS archive(s) mapped at: [0x0000000800000000-0x0000000800c40000-0x0000000800c40000), size 12845056, SharedBaseAddress: 0x0000000800000000, ArchiveRelocationMode: 0.
Compressed class space mapped at: 0x0000000801000000-0x0000000841000000, reserved size: 1073741824
Narrow klass base: 0x0000000800000000, Narrow klass shift: 0, Narrow klass range: 0x100000000

GC Precious Log:
 CardTable entry size: 512
 Card Set container configuration: InlinePtr #cards 5 size 8 Array Of Cards #cards 12 size 40 Howl #buckets 4 coarsen threshold 1843 Howl Bitmap #cards 512 size 80 coarsen threshold 460 Card regions per heap region 1 cards per card region 2048
 CPUs: 12 total, 12 available
 Memory: 8099M
 Large Page Support: Disabled
 NUMA Support: Disabled
 Compressed Oops: Enabled (32-bit)
 Heap Region Size: 1M
 Heap Min Capacity: 8M
 Heap Initial Capacity: 128M
 Heap Max Capacity: 2026M
 Pre-touch: Disabled
 Parallel Workers: 10
 Concurrent Workers: 3
 Concurrent Refinement Workers: 10
 Periodic GC: Disabled

Heap:
 garbage-first heap   total 131072K, used 16260K [0x0000000081600000, 0x0000000100000000)
  region size 1024K, 2 young (2048K), 2 survivors (2048K)
 Metaspace       used 12211K, committed 12416K, reserved 1114112K
  class space    used 1681K, committed 1792K, reserved 1048576K

Heap Regions: E=young(eden), S=young(survivor), O=old, HS=humongous(starts), HC=humongous(continues), CS=collection set, F=free, OA=open archive, CA=closed archive, TAMS=top-at-mark-start (previous, next)
|   0|0x0000000081600000, 0x0000000081700000, 0x0000000081700000|100%|HS|  |TAMS 0x0000000081600000, 0x0000000081600000| Complete 
|   1|0x0000000081700000, 0x0000000081800000, 0x0000000081800000|100%|HC|  |TAMS 0x0000000081700000, 0x0000000081700000| Complete 
|   2|0x0000000081800000, 0x0000000081900000, 0x0000000081900000|100%|HC|  |TAMS 0x0000000081800000, 0x0000000081800000| Complete 
|   3|0x0000000081900000, 0x0000000081a00000, 0x0000000081a00000|100%|HC|  |TAMS 0x0000000081900000, 0x0000000081900000| Complete 
|   4|0x0000000081a00000, 0x0000000081b00000, 0x0000000081b00000|100%|HC|  |TAMS 0x0000000081a00000, 0x0000000081a00000| Complete 
|   5|0x0000000081b00000, 0x0000000081c00000, 0x0000000081c00000|100%|HC|  |TAMS 0x0000000081b00000, 0x0000000081b00000| Complete 
|   6|0x0000000081c00000, 0x0000000081d00000, 0x0000000081d00000|100%|HC|  |TAMS 0x0000000081c00000, 0x0000000081c00000| Complete 
|   7|0x0000000081d00000, 0x0000000081e00000, 0x0000000081e00000|100%|HC|  |TAMS 0x0000000081d00000, 0x0000000081d00000| Complete 
|   8|0x0000000081e00000, 0x0000000081f00000, 0x0000000081f00000|100%| O|  |TAMS 0x0000000081e00000, 0x0000000081e00000| Untracked 
|   9|0x0000000081f00000, 0x0000000082000000, 0x0000000082000000|100%| O|  |TAMS 0x0000000081f00000, 0x0000000081f00000| Untracked 
|  10|0x0000000082000000, 0x0000000082100000, 0x0000000082100000|100%| O|  |TAMS 0x0000000082000000, 0x0000000082000000| Untracked 
|  11|0x0000000082100000, 0x0000000082200000, 0x0000000082200000|100%| O|  |TAMS 0x0000000082100000, 0x0000000082100000| Untracked 
|  12|0x0000000082200000, 0x0000000082300000, 0x0000000082300000|100%| O|  |TAMS 0x0000000082200000, 0x0000000082200000| Untracked 
|  13|0x0000000082300000, 0x000000008231ae00, 0x0000000082400000| 10%| O|  |TAMS 0x0000000082300000, 0x0000000082300000| Untracked 
|  14|0x0000000082400000, 0x0000000082500000, 0x0000000082500000|100%|HS|  |TAMS 0x0000000082400000, 0x0000000082400000| Complete 
|  15|0x0000000082500000, 0x0000000082500000, 0x0000000082600000|  0%| F|  |TAMS 0x0000000082500000, 0x0000000082500000| Untracked 
|  16|0x0000000082600000, 0x0000000082600000, 0x0000000082700000|  0%| F|  |TAMS 0x0000000082600000, 0x0000000082600000| Untracked 
|  17|0x0000000082700000, 0x0000000082700000, 0x0000000082800000|  0%| F|  |TAMS 0x0000000082700000, 0x0000000082700000| Untracked 
|  18|0x0000000082800000, 0x0000000082800000, 0x0000000082900000|  0%| F|  |TAMS 0x0000000082800000, 0x0000000082800000| Untracked 
|  19|0x0000000082900000, 0x0000000082900000, 0x0000000082a00000|  0%| F|  |TAMS 0x0000000082900000, 0x0000000082900000| Untracked 
|  20|0x0000000082a00000, 0x0000000082a00000, 0x0000000082b00000|  0%| F|  |TAMS 0x0000000082a00000, 0x0000000082a00000| Untracked 
|  21|0x0000000082b00000, 0x0000000082b00000, 0x0000000082c00000|  0%| F|  |TAMS 0x0000000082b00000, 0x0000000082b00000| Untracked 
|  22|0x0000000082c00000, 0x0000000082c00000, 0x0000000082d00000|  0%| F|  |TAMS 0x0000000082c00000, 0x0000000082c00000| Untracked 
|  23|0x0000000082d00000, 0x0000000082d00000, 0x0000000082e00000|  0%| F|  |TAMS 0x0000000082d00000, 0x0000000082d00000| Untracked 
|  24|0x0000000082e00000, 0x0000000082e00000, 0x0000000082f00000|  0%| F|  |TAMS 0x0000000082e00000, 0x0000000082e00000| Untracked 
|  25|0x0000000082f00000, 0x0000000082f00000, 0x0000000083000000|  0%| F|  |TAMS 0x0000000082f00000, 0x0000000082f00000| Untracked 
|  26|0x0000000083000000, 0x0000000083000000, 0x0000000083100000|  0%| F|  |TAMS 0x0000000083000000, 0x0000000083000000| Untracked 
|  27|0x0000000083100000, 0x0000000083100000, 0x0000000083200000|  0%| F|  |TAMS 0x0000000083100000, 0x0000000083100000| Untracked 
|  28|0x0000000083200000, 0x0000000083200000, 0x0000000083300000|  0%| F|  |TAMS 0x0000000083200000, 0x0000000083200000| Untracked 
|  29|0x0000000083300000, 0x0000000083300000, 0x0000000083400000|  0%| F|  |TAMS 0x0000000083300000, 0x0000000083300000| Untracked 
|  30|0x0000000083400000, 0x0000000083400000, 0x0000000083500000|  0%| F|  |TAMS 0x0000000083400000, 0x0000000083400000| Untracked 
|  31|0x0000000083500000, 0x0000000083500000, 0x0000000083600000|  0%| F|  |TAMS 0x0000000083500000, 0x0000000083500000| Untracked 
|  32|0x0000000083600000, 0x0000000083600000, 0x0000000083700000|  0%| F|  |TAMS 0x0000000083600000, 0x0000000083600000| Untracked 
|  33|0x0000000083700000, 0x0000000083700000, 0x0000000083800000|  0%| F|  |TAMS 0x0000000083700000, 0x0000000083700000| Untracked 
|  34|0x0000000083800000, 0x0000000083800000, 0x0000000083900000|  0%| F|  |TAMS 0x0000000083800000, 0x0000000083800000| Untracked 
|  35|0x0000000083900000, 0x0000000083900000, 0x0000000083a00000|  0%| F|  |TAMS 0x0000000083900000, 0x0000000083900000| Untracked 
|  36|0x0000000083a00000, 0x0000000083a00000, 0x0000000083b00000|  0%| F|  |TAMS 0x0000000083a00000, 0x0000000083a00000| Untracked 
|  37|0x0000000083b00000, 0x0000000083b00000, 0x0000000083c00000|  0%| F|  |TAMS 0x0000000083b00000, 0x0000000083b00000| Untracked 
|  38|0x0000000083c00000, 0x0000000083c00000, 0x0000000083d00000|  0%| F|  |TAMS 0x0000000083c00000, 0x0000000083c00000| Untracked 
|  39|0x0000000083d00000, 0x0000000083d00000, 0x0000000083e00000|  0%| F|  |TAMS 0x0000000083d00000, 0x0000000083d00000| Untracked 
|  40|0x0000000083e00000, 0x0000000083e00000, 0x0000000083f00000|  0%| F|  |TAMS 0x0000000083e00000, 0x0000000083e00000| Untracked 
|  41|0x0000000083f00000, 0x0000000083f00000, 0x0000000084000000|  0%| F|  |TAMS 0x0000000083f00000, 0x0000000083f00000| Untracked 
|  42|0x0000000084000000, 0x0000000084000000, 0x0000000084100000|  0%| F|  |TAMS 0x0000000084000000, 0x0000000084000000| Untracked 
|  43|0x0000000084100000, 0x0000000084100000, 0x0000000084200000|  0%| F|  |TAMS 0x0000000084100000, 0x0000000084100000| Untracked 
|  44|0x0000000084200000, 0x0000000084200000, 0x0000000084300000|  0%| F|  |TAMS 0x0000000084200000, 0x0000000084200000| Untracked 
|  45|0x0000000084300000, 0x0000000084300000, 0x0000000084400000|  0%| F|  |TAMS 0x0000000084300000, 0x0000000084300000| Untracked 
|  46|0x0000000084400000, 0x0000000084400000, 0x0000000084500000|  0%| F|  |TAMS 0x0000000084400000, 0x0000000084400000| Untracked 
|  47|0x0000000084500000, 0x0000000084500000, 0x0000000084600000|  0%| F|  |TAMS 0x0000000084500000, 0x0000000084500000| Untracked 
|  48|0x0000000084600000, 0x0000000084600000, 0x0000000084700000|  0%| F|  |TAMS 0x0000000084600000, 0x0000000084600000| Untracked 
|  49|0x0000000084700000, 0x0000000084700000, 0x0000000084800000|  0%| F|  |TAMS 0x0000000084700000, 0x0000000084700000| Untracked 
|  50|0x0000000084800000, 0x0000000084800000, 0x0000000084900000|  0%| F|  |TAMS 0x0000000084800000, 0x0000000084800000| Untracked 
|  51|0x0000000084900000, 0x0000000084900000, 0x0000000084a00000|  0%| F|  |TAMS 0x0000000084900000, 0x0000000084900000| Untracked 
|  52|0x0000000084a00000, 0x0000000084ac65c0, 0x0000000084b00000| 77%| S|CS|TAMS 0x0000000084a00000, 0x0000000084a00000| Complete 
|  53|0x0000000084b00000, 0x0000000084c00000, 0x0000000084c00000|100%| S|CS|TAMS 0x0000000084b00000, 0x0000000084b00000| Complete 
|  54|0x0000000084c00000, 0x0000000084c00000, 0x0000000084d00000|  0%| F|  |TAMS 0x0000000084c00000, 0x0000000084c00000| Untracked 
|  55|0x0000000084d00000, 0x0000000084d00000, 0x0000000084e00000|  0%| F|  |TAMS 0x0000000084d00000, 0x0000000084d00000| Untracked 
|  56|0x0000000084e00000, 0x0000000084e00000, 0x0000000084f00000|  0%| F|  |TAMS 0x0000000084e00000, 0x0000000084e00000| Untracked 
|  57|0x0000000084f00000, 0x0000000084f00000, 0x0000000085000000|  0%| F|  |TAMS 0x0000000084f00000, 0x0000000084f00000| Untracked 
|  58|0x0000000085000000, 0x0000000085000000, 0x0000000085100000|  0%| F|  |TAMS 0x0000000085000000, 0x0000000085000000| Untracked 
|  59|0x0000000085100000, 0x0000000085100000, 0x0000000085200000|  0%| F|  |TAMS 0x0000000085100000, 0x0000000085100000| Untracked 
|  60|0x0000000085200000, 0x0000000085200000, 0x0000000085300000|  0%| F|  |TAMS 0x0000000085200000, 0x0000000085200000| Untracked 
|  61|0x0000000085300000, 0x0000000085300000, 0x0000000085400000|  0%| F|  |TAMS 0x0000000085300000, 0x0000000085300000| Untracked 
|  62|0x0000000085400000, 0x0000000085400000, 0x0000000085500000|  0%| F|  |TAMS 0x0000000085400000, 0x0000000085400000| Untracked 
|  63|0x0000000085500000, 0x0000000085500000, 0x0000000085600000|  0%| F|  |TAMS 0x0000000085500000, 0x0000000085500000| Untracked 
|  64|0x0000000085600000, 0x0000000085600000, 0x0000000085700000|  0%| F|  |TAMS 0x0000000085600000, 0x0000000085600000| Untracked 
|  65|0x0000000085700000, 0x0000000085700000, 0x0000000085800000|  0%| F|  |TAMS 0x0000000085700000, 0x0000000085700000| Untracked 
|  66|0x0000000085800000, 0x0000000085800000, 0x0000000085900000|  0%| F|  |TAMS 0x0000000085800000, 0x0000000085800000| Untracked 
|  67|0x0000000085900000, 0x0000000085900000, 0x0000000085a00000|  0%| F|  |TAMS 0x0000000085900000, 0x0000000085900000| Untracked 
|  68|0x0000000085a00000, 0x0000000085a00000, 0x0000000085b00000|  0%| F|  |TAMS 0x0000000085a00000, 0x0000000085a00000| Untracked 
|  69|0x0000000085b00000, 0x0000000085b00000, 0x0000000085c00000|  0%| F|  |TAMS 0x0000000085b00000, 0x0000000085b00000| Untracked 
|  70|0x0000000085c00000, 0x0000000085c00000, 0x0000000085d00000|  0%| F|  |TAMS 0x0000000085c00000, 0x0000000085c00000| Untracked 
|  71|0x0000000085d00000, 0x0000000085d00000, 0x0000000085e00000|  0%| F|  |TAMS 0x0000000085d00000, 0x0000000085d00000| Untracked 
|  72|0x0000000085e00000, 0x0000000085e00000, 0x0000000085f00000|  0%| F|  |TAMS 0x0000000085e00000, 0x0000000085e00000| Untracked 
|  73|0x0000000085f00000, 0x0000000085f00000, 0x0000000086000000|  0%| F|  |TAMS 0x0000000085f00000, 0x0000000085f00000| Untracked 
|  74|0x0000000086000000, 0x0000000086000000, 0x0000000086100000|  0%| F|  |TAMS 0x0000000086000000, 0x0000000086000000| Untracked 
|  75|0x0000000086100000, 0x0000000086100000, 0x0000000086200000|  0%| F|  |TAMS 0x0000000086100000, 0x0000000086100000| Untracked 
|  76|0x0000000086200000, 0x0000000086200000, 0x0000000086300000|  0%| F|  |TAMS 0x0000000086200000, 0x0000000086200000| Untracked 
|  77|0x0000000086300000, 0x0000000086300000, 0x0000000086400000|  0%| F|  |TAMS 0x0000000086300000, 0x0000000086300000| Untracked 
|  78|0x0000000086400000, 0x0000000086400000, 0x0000000086500000|  0%| F|  |TAMS 0x0000000086400000, 0x0000000086400000| Untracked 
|  79|0x0000000086500000, 0x0000000086500000, 0x0000000086600000|  0%| F|  |TAMS 0x0000000086500000, 0x0000000086500000| Untracked 
|  80|0x0000000086600000, 0x0000000086600000, 0x0000000086700000|  0%| F|  |TAMS 0x0000000086600000, 0x0000000086600000| Untracked 
|  81|0x0000000086700000, 0x0000000086700000, 0x0000000086800000|  0%| F|  |TAMS 0x0000000086700000, 0x0000000086700000| Untracked 
|  82|0x0000000086800000, 0x0000000086800000, 0x0000000086900000|  0%| F|  |TAMS 0x0000000086800000, 0x0000000086800000| Untracked 
|  83|0x0000000086900000, 0x0000000086900000, 0x0000000086a00000|  0%| F|  |TAMS 0x0000000086900000, 0x0000000086900000| Untracked 
|  84|0x0000000086a00000, 0x0000000086a00000, 0x0000000086b00000|  0%| F|  |TAMS 0x0000000086a00000, 0x0000000086a00000| Untracked 
|  85|0x0000000086b00000, 0x0000000086b00000, 0x0000000086c00000|  0%| F|  |TAMS 0x0000000086b00000, 0x0000000086b00000| Untracked 
|  86|0x0000000086c00000, 0x0000000086c00000, 0x0000000086d00000|  0%| F|  |TAMS 0x0000000086c00000, 0x0000000086c00000| Untracked 
|  87|0x0000000086d00000, 0x0000000086d00000, 0x0000000086e00000|  0%| F|  |TAMS 0x0000000086d00000, 0x0000000086d00000| Untracked 
|  88|0x0000000086e00000, 0x0000000086e00000, 0x0000000086f00000|  0%| F|  |TAMS 0x0000000086e00000, 0x0000000086e00000| Untracked 
|  89|0x0000000086f00000, 0x0000000086f00000, 0x0000000087000000|  0%| F|  |TAMS 0x0000000086f00000, 0x0000000086f00000| Untracked 
|  90|0x0000000087000000, 0x0000000087000000, 0x0000000087100000|  0%| F|  |TAMS 0x0000000087000000, 0x0000000087000000| Untracked 
|  91|0x0000000087100000, 0x0000000087100000, 0x0000000087200000|  0%| F|  |TAMS 0x0000000087100000, 0x0000000087100000| Untracked 
|  92|0x0000000087200000, 0x0000000087200000, 0x0000000087300000|  0%| F|  |TAMS 0x0000000087200000, 0x0000000087200000| Untracked 
|  93|0x0000000087300000, 0x0000000087300000, 0x0000000087400000|  0%| F|  |TAMS 0x0000000087300000, 0x0000000087300000| Untracked 
|  94|0x0000000087400000, 0x0000000087400000, 0x0000000087500000|  0%| F|  |TAMS 0x0000000087400000, 0x0000000087400000| Untracked 
|  95|0x0000000087500000, 0x0000000087500000, 0x0000000087600000|  0%| F|  |TAMS 0x0000000087500000, 0x0000000087500000| Untracked 
|  96|0x0000000087600000, 0x0000000087600000, 0x0000000087700000|  0%| F|  |TAMS 0x0000000087600000, 0x0000000087600000| Untracked 
|  97|0x0000000087700000, 0x0000000087700000, 0x0000000087800000|  0%| F|  |TAMS 0x0000000087700000, 0x0000000087700000| Untracked 
|  98|0x0000000087800000, 0x0000000087800000, 0x0000000087900000|  0%| F|  |TAMS 0x0000000087800000, 0x0000000087800000| Untracked 
|  99|0x0000000087900000, 0x0000000087900000, 0x0000000087a00000|  0%| F|  |TAMS 0x0000000087900000, 0x0000000087900000| Untracked 
| 100|0x0000000087a00000, 0x0000000087a00000, 0x0000000087b00000|  0%| F|  |TAMS 0x0000000087a00000, 0x0000000087a00000| Untracked 
| 101|0x0000000087b00000, 0x0000000087b00000, 0x0000000087c00000|  0%| F|  |TAMS 0x0000000087b00000, 0x0000000087b00000| Untracked 
| 102|0x0000000087c00000, 0x0000000087c00000, 0x0000000087d00000|  0%| F|  |TAMS 0x0000000087c00000, 0x0000000087c00000| Untracked 
| 103|0x0000000087d00000, 0x0000000087d00000, 0x0000000087e00000|  0%| F|  |TAMS 0x0000000087d00000, 0x0000000087d00000| Untracked 
| 104|0x0000000087e00000, 0x0000000087e00000, 0x0000000087f00000|  0%| F|  |TAMS 0x0000000087e00000, 0x0000000087e00000| Untracked 
| 105|0x0000000087f00000, 0x0000000087f00000, 0x0000000088000000|  0%| F|  |TAMS 0x0000000087f00000, 0x0000000087f00000| Untracked 
| 106|0x0000000088000000, 0x0000000088000000, 0x0000000088100000|  0%| F|  |TAMS 0x0000000088000000, 0x0000000088000000| Untracked 
| 107|0x0000000088100000, 0x0000000088100000, 0x0000000088200000|  0%| F|  |TAMS 0x0000000088100000, 0x0000000088100000| Untracked 
| 108|0x0000000088200000, 0x0000000088200000, 0x0000000088300000|  0%| F|  |TAMS 0x0000000088200000, 0x0000000088200000| Untracked 
| 109|0x0000000088300000, 0x0000000088300000, 0x0000000088400000|  0%| F|  |TAMS 0x0000000088300000, 0x0000000088300000| Untracked 
| 110|0x0000000088400000, 0x0000000088400000, 0x0000000088500000|  0%| F|  |TAMS 0x0000000088400000, 0x0000000088400000| Untracked 
| 111|0x0000000088500000, 0x0000000088500000, 0x0000000088600000|  0%| F|  |TAMS 0x0000000088500000, 0x0000000088500000| Untracked 
| 112|0x0000000088600000, 0x0000000088600000, 0x0000000088700000|  0%| F|  |TAMS 0x0000000088600000, 0x0000000088600000| Untracked 
| 113|0x0000000088700000, 0x0000000088700000, 0x0000000088800000|  0%| F|  |TAMS 0x0000000088700000, 0x0000000088700000| Untracked 
| 114|0x0000000088800000, 0x0000000088800000, 0x0000000088900000|  0%| F|  |TAMS 0x0000000088800000, 0x0000000088800000| Untracked 
| 115|0x0000000088900000, 0x0000000088900000, 0x0000000088a00000|  0%| F|  |TAMS 0x0000000088900000, 0x0000000088900000| Untracked 
| 116|0x0000000088a00000, 0x0000000088a00000, 0x0000000088b00000|  0%| F|  |TAMS 0x0000000088a00000, 0x0000000088a00000| Untracked 
| 117|0x0000000088b00000, 0x0000000088b00000, 0x0000000088c00000|  0%| F|  |TAMS 0x0000000088b00000, 0x0000000088b00000| Untracked 
| 118|0x0000000088c00000, 0x0000000088c00000, 0x0000000088d00000|  0%| F|  |TAMS 0x0000000088c00000, 0x0000000088c00000| Untracked 
| 119|0x0000000088d00000, 0x0000000088d00000, 0x0000000088e00000|  0%| F|  |TAMS 0x0000000088d00000, 0x0000000088d00000| Untracked 
| 120|0x0000000088e00000, 0x0000000088e00000, 0x0000000088f00000|  0%| F|  |TAMS 0x0000000088e00000, 0x0000000088e00000| Untracked 
| 121|0x0000000088f00000, 0x0000000088f00000, 0x0000000089000000|  0%| F|  |TAMS 0x0000000088f00000, 0x0000000088f00000| Untracked 
| 122|0x0000000089000000, 0x0000000089000000, 0x0000000089100000|  0%| F|  |TAMS 0x0000000089000000, 0x0000000089000000| Untracked 
| 123|0x0000000089100000, 0x0000000089100000, 0x0000000089200000|  0%| F|  |TAMS 0x0000000089100000, 0x0000000089100000| Untracked 
| 124|0x0000000089200000, 0x0000000089200000, 0x0000000089300000|  0%| F|  |TAMS 0x0000000089200000, 0x0000000089200000| Untracked 
| 125|0x0000000089300000, 0x0000000089300000, 0x0000000089400000|  0%| F|  |TAMS 0x0000000089300000, 0x0000000089300000| Untracked 
| 126|0x0000000089400000, 0x0000000089400000, 0x0000000089500000|  0%| F|  |TAMS 0x0000000089400000, 0x0000000089400000| Untracked 
| 127|0x0000000089500000, 0x0000000089500000, 0x0000000089600000|  0%| F|  |TAMS 0x0000000089500000, 0x0000000089500000| Untracked 

Card table byte_map: [0x00000278fcd70000,0x00000278fd170000] _byte_map_base: 0x00000278fc965000

Marking Bits (Prev, Next): (CMBitMap*) 0x00000278fc3bab60, (CMBitMap*) 0x00000278fc3baba0
 Prev Bits: [0x00000278fd570000, 0x00000278ff518000)
 Next Bits: [0x00000278981a0000, 0x000002789a148000)

Polling page: 0x00000278fa2c0000

Metaspace:

Usage:
  Non-class:     10.28 MB used.
      Class:      1.64 MB used.
       Both:     11.93 MB used.

Virtual space:
  Non-class space:       64.00 MB reserved,      10.38 MB ( 16%) committed,  1 nodes.
      Class space:        1.00 GB reserved,       1.75 MB ( <1%) committed,  1 nodes.
             Both:        1.06 GB reserved,      12.12 MB (  1%) committed. 

Chunk freelists:
   Non-Class:  3.88 MB
       Class:  2.22 MB
        Both:  6.09 MB

MaxMetaspaceSize: unlimited
CompressedClassSpaceSize: 1.00 GB
Initial GC threshold: 21.00 MB
Current GC threshold: 21.00 MB
CDS: on
MetaspaceReclaimPolicy: balanced
 - commit_granule_bytes: 65536.
 - commit_granule_words: 8192.
 - virtual_space_node_default_size: 8388608.
 - enlarge_chunks_in_place: 1.
 - new_chunks_are_fully_committed: 0.
 - uncommit_free_chunks: 1.
 - use_allocation_guard: 0.


Internal statistics:

num_allocs_failed_limit: 0.
num_arena_births: 244.
num_arena_deaths: 0.
num_vsnodes_births: 2.
num_vsnodes_deaths: 0.
num_space_committed: 194.
num_space_uncommitted: 0.
num_chunks_returned_to_freelist: 0.
num_chunks_taken_from_freelist: 683.
num_chunk_merges: 0.
num_chunk_splits: 483.
num_chunks_enlarged: 368.
num_inconsistent_stats: 0.

CodeHeap 'non-profiled nmethods': size=120000Kb used=608Kb max_used=608Kb free=119391Kb
 bounds [0x0000027890c70000, 0x0000027890ee0000, 0x00000278981a0000]
CodeHeap 'profiled nmethods': size=120000Kb used=3931Kb max_used=3931Kb free=116069Kb
 bounds [0x00000278891a0000, 0x0000027889580000, 0x00000278906d0000]
CodeHeap 'non-nmethods': size=5760Kb used=1502Kb max_used=1518Kb free=4257Kb
 bounds [0x00000278906d0000, 0x0000027890940000, 0x0000027890c70000]
 total_blobs=2897 nmethods=2120 adapters=687
 compilation: enabled
              stopped_count=0, restarted_count=0
 full_count=0

Compilation events (20 events):
Event: 3.867 Thread 0x00000278ab700340 2100       4       java.util.HashMap::putVal (300 bytes)
Event: 3.868 Thread 0x000002789c3092d0 nmethod 2119 0x0000027889572690 code [0x00000278895729c0, 0x0000027889574488]
Event: 3.868 Thread 0x000002789c3092d0 2120       1       com.sun.javafx.css.StyleCache$Key::getStyleMapIds (5 bytes)
Event: 3.868 Thread 0x000002789c3092d0 nmethod 2120 0x0000027890d07a90 code [0x0000027890d07c20, 0x0000027890d07cd8]
Event: 3.868 Thread 0x000002789c3092d0 2121       1       javafx.css.Style::getDeclaration (5 bytes)
Event: 3.868 Thread 0x000002789c3092d0 nmethod 2121 0x0000027890d07d90 code [0x0000027890d07f20, 0x0000027890d07fd8]
Event: 3.868 Thread 0x000002789c3092d0 2122       1       javafx.css.Declaration::getProperty (5 bytes)
Event: 3.868 Thread 0x000002789c3092d0 nmethod 2122 0x0000027890d08090 code [0x0000027890d08220, 0x0000027890d082d8]
Event: 3.868 Thread 0x000002789c3092d0 2124       3       java.lang.String::compareTo (63 bytes)
Event: 3.869 Thread 0x000002789c3092d0 nmethod 2124 0x0000027889574a90 code [0x0000027889574ca0, 0x0000027889575138]
Event: 3.869 Thread 0x000002789c3092d0 2123       3       com.sun.javafx.css.CascadingStyle::getProperty (11 bytes)
Event: 3.869 Thread 0x000002789c3092d0 nmethod 2123 0x0000027889575310 code [0x00000278895754c0, 0x0000027889575618]
Event: 3.869 Thread 0x000002789c3092d0 2125       3       java.lang.StringLatin1::compareTo (14 bytes)
Event: 3.869 Thread 0x000002789c3092d0 nmethod 2125 0x0000027889575710 code [0x00000278895758c0, 0x00000278895759e8]
Event: 3.871 Thread 0x000002789c3092d0 2127       3       java.util.HashMap::isEmpty (13 bytes)
Event: 3.871 Thread 0x000002789c3092d0 nmethod 2127 0x0000027889575b10 code [0x0000027889575ca0, 0x0000027889575e18]
Event: 3.872 Thread 0x000002789c3092d0 2128       3       javafx.css.StyleableObjectProperty::<init> (11 bytes)
Event: 3.872 Thread 0x000002789c3092d0 nmethod 2128 0x0000027889575e90 code [0x0000027889576060, 0x0000027889576458]
Event: 3.872 Thread 0x000002789c3092d0 2129       3       com.sun.javafx.css.StyleMap::isEmpty (36 bytes)
Event: 3.872 Thread 0x000002789c3092d0 nmethod 2129 0x0000027889576590 code [0x0000027889576760, 0x0000027889576ad8]

GC Heap History (11 events):
Event: 3.768 GC heap before
{Heap before GC invocations=0 (full 0):
 garbage-first heap   total 131072K, used 30720K [0x0000000081600000, 0x0000000100000000)
  region size 1024K, 23 young (23552K), 0 survivors (0K)
 Metaspace       used 11658K, committed 11904K, reserved 1114112K
  class space    used 1603K, committed 1728K, reserved 1048576K
}
Event: 3.774 GC heap after
{Heap after GC invocations=1 (full 0):
 garbage-first heap   total 131072K, used 13533K [0x0000000081600000, 0x0000000100000000)
  region size 1024K, 3 young (3072K), 3 survivors (3072K)
 Metaspace       used 11658K, committed 11904K, reserved 1114112K
  class space    used 1603K, committed 1728K, reserved 1048576K
}
Event: 3.783 GC heap before
{Heap before GC invocations=1 (full 0):
 garbage-first heap   total 131072K, used 41181K [0x0000000081600000, 0x0000000100000000)
  region size 1024K, 31 young (31744K), 3 survivors (3072K)
 Metaspace       used 11725K, committed 11968K, reserved 1114112K
  class space    used 1626K, committed 1728K, reserved 1048576K
}
Event: 3.786 GC heap after
{Heap after GC invocations=2 (full 0):
 garbage-first heap   total 131072K, used 14185K [0x0000000081600000, 0x0000000100000000)
  region size 1024K, 1 young (1024K), 1 survivors (1024K)
 Metaspace       used 11725K, committed 11968K, reserved 1114112K
  class space    used 1626K, committed 1728K, reserved 1048576K
}
Event: 3.813 GC heap before
{Heap before GC invocations=2 (full 0):
 garbage-first heap   total 131072K, used 90985K [0x0000000081600000, 0x0000000100000000)
  region size 1024K, 76 young (77824K), 1 survivors (1024K)
 Metaspace       used 11750K, committed 11968K, reserved 1114112K
  class space    used 1626K, committed 1728K, reserved 1048576K
}
Event: 3.814 GC heap after
{Heap after GC invocations=3 (full 0):
 garbage-first heap   total 131072K, used 15936K [0x0000000081600000, 0x0000000100000000)
  region size 1024K, 2 young (2048K), 2 survivors (2048K)
 Metaspace       used 11750K, committed 11968K, reserved 1114112K
  class space    used 1626K, committed 1728K, reserved 1048576K
}
Event: 3.835 GC heap before
{Heap before GC invocations=3 (full 0):
 garbage-first heap   total 131072K, used 91712K [0x0000000081600000, 0x0000000100000000)
  region size 1024K, 76 young (77824K), 2 survivors (2048K)
 Metaspace       used 11927K, committed 12160K, reserved 1114112K
  class space    used 1645K, committed 1728K, reserved 1048576K
}
Event: 3.836 GC heap after
{Heap after GC invocations=4 (full 0):
 garbage-first heap   total 131072K, used 15700K [0x0000000081600000, 0x0000000100000000)
  region size 1024K, 2 young (2048K), 2 survivors (2048K)
 Metaspace       used 11927K, committed 12160K, reserved 1114112K
  class space    used 1645K, committed 1728K, reserved 1048576K
}
Event: 3.853 GC heap before
{Heap before GC invocations=4 (full 0):
 garbage-first heap   total 131072K, used 91476K [0x0000000081600000, 0x0000000100000000)
  region size 1024K, 76 young (77824K), 2 survivors (2048K)
 Metaspace       used 12130K, committed 12352K, reserved 1114112K
  class space    used 1675K, committed 1792K, reserved 1048576K
}
Event: 3.854 GC heap after
{Heap after GC invocations=5 (full 0):
 garbage-first heap   total 131072K, used 15986K [0x0000000081600000, 0x0000000100000000)
  region size 1024K, 2 young (2048K), 2 survivors (2048K)
 Metaspace       used 12130K, committed 12352K, reserved 1114112K
  class space    used 1675K, committed 1792K, reserved 1048576K
}
Event: 3.874 GC heap before
{Heap before GC invocations=5 (full 0):
 garbage-first heap   total 131072K, used 91762K [0x0000000081600000, 0x0000000100000000)
  region size 1024K, 76 young (77824K), 2 survivors (2048K)
 Metaspace       used 12211K, committed 12416K, reserved 1114112K
  class space    used 1681K, committed 1792K, reserved 1048576K
}

Dll operation events (20 events):
Event: 0.130 Loaded shared library C:\Program Files\Zulu\zulu-19\bin\api-ms-win-crt-process-l1-1-0.dll
Event: 0.131 Loaded shared library C:\Program Files\Zulu\zulu-19\bin\api-ms-win-crt-runtime-l1-1-0.dll
Event: 0.132 Loaded shared library C:\Program Files\Zulu\zulu-19\bin\api-ms-win-crt-stdio-l1-1-0.dll
Event: 0.134 Loaded shared library C:\Program Files\Zulu\zulu-19\bin\api-ms-win-crt-string-l1-1-0.dll
Event: 0.135 Loaded shared library C:\Program Files\Zulu\zulu-19\bin\api-ms-win-crt-time-l1-1-0.dll
Event: 0.136 Loaded shared library C:\Program Files\Zulu\zulu-19\bin\api-ms-win-crt-utility-l1-1-0.dll
Event: 0.137 Loaded shared library C:\Program Files\Zulu\zulu-19\bin\ucrtbase.dll
Event: 0.138 Loaded shared library C:\Program Files\Zulu\zulu-19\bin\vcruntime140.dll
Event: 0.138 Loaded shared library C:\Program Files\Zulu\zulu-19\bin\vcruntime140_1.dll
Event: 0.139 Loaded shared library C:\Program Files\Zulu\zulu-19\bin\msvcp140.dll
Event: 0.140 Loaded shared library C:\Program Files\Zulu\zulu-19\bin\msvcp140_1.dll
Event: 0.140 Loaded shared library C:\Program Files\Zulu\zulu-19\bin\msvcp140_2.dll
Event: 0.162 Loaded shared library C:\Program Files\Zulu\zulu-19\bin\prism_d3d.dll
Event: 0.204 Loaded shared library C:\Program Files\Zulu\zulu-19\bin\glass.dll
Event: 0.316 Loaded shared library C:\Program Files\Zulu\zulu-19\bin\javafx_iio.dll
Event: 0.376 Loaded shared library C:\Program Files\Zulu\zulu-19\bin\javafx_font.dll
Event: 3.698 Loaded shared library C:\Program Files\Zulu\zulu-19\bin\glib-lite.dll
Event: 3.702 Loaded shared library C:\Program Files\Zulu\zulu-19\bin\gstreamer-lite.dll
Event: 3.704 Loaded shared library C:\Program Files\Zulu\zulu-19\bin\jfxmedia.dll
Event: 3.760 Loaded shared library C:\Users\ulise\AppData\Local\Temp\jSerialComm\2.9.3\jSerialComm.dll

Deoptimization events (20 events):
Event: 3.807 Thread 0x00000278a0658690 DEOPT PACKING pc=0x000002788952d1a2 sp=0x000000839a9fcf40
Event: 3.807 Thread 0x00000278a0658690 DEOPT UNPACKING pc=0x0000027890737543 sp=0x000000839a9fc3f8 mode 0
Event: 3.820 Thread 0x00000278a179fd00 DEOPT PACKING pc=0x0000027889530ce4 sp=0x000000839b69f610
Event: 3.820 Thread 0x00000278a179fd00 DEOPT UNPACKING pc=0x0000027890737543 sp=0x000000839b69eb08 mode 0
Event: 3.858 Thread 0x00000278a0658690 Uncommon trap: trap_request=0xffffff45 fr.pc=0x0000027890ce00a4 relative=0x00000000000000e4
Event: 3.858 Thread 0x00000278a0658690 Uncommon trap: reason=unstable_if action=reinterpret pc=0x0000027890ce00a4 method=java.lang.StrictMath.floorOrCeil(DDDD)D @ 38 c2
Event: 3.858 Thread 0x00000278a0658690 DEOPT PACKING pc=0x0000027890ce00a4 sp=0x000000839a9fd250
Event: 3.858 Thread 0x00000278a0658690 DEOPT UNPACKING pc=0x0000027890736da3 sp=0x000000839a9fd170 mode 2
Event: 3.869 Thread 0x00000278a0658690 Uncommon trap: trap_request=0xffffffde fr.pc=0x0000027890c96e44 relative=0x00000000000001a4
Event: 3.869 Thread 0x00000278a0658690 Uncommon trap: reason=class_check action=maybe_recompile pc=0x0000027890c96e44 method=java.lang.String.equals(Ljava/lang/Object;)Z @ 8 c2
Event: 3.869 Thread 0x00000278a0658690 DEOPT PACKING pc=0x0000027890c96e44 sp=0x000000839a9fcc00
Event: 3.869 Thread 0x00000278a0658690 DEOPT UNPACKING pc=0x0000027890736da3 sp=0x000000839a9fcba8 mode 2
Event: 3.869 Thread 0x00000278a0658690 Uncommon trap: trap_request=0xffffffde fr.pc=0x0000027890c96e44 relative=0x00000000000001a4
Event: 3.869 Thread 0x00000278a0658690 Uncommon trap: reason=class_check action=maybe_recompile pc=0x0000027890c96e44 method=java.lang.String.equals(Ljava/lang/Object;)Z @ 8 c2
Event: 3.869 Thread 0x00000278a0658690 DEOPT PACKING pc=0x0000027890c96e44 sp=0x000000839a9fcb10
Event: 3.869 Thread 0x00000278a0658690 DEOPT UNPACKING pc=0x0000027890736da3 sp=0x000000839a9fcab8 mode 2
Event: 3.869 Thread 0x00000278a0658690 Uncommon trap: trap_request=0xffffffde fr.pc=0x0000027890c96e44 relative=0x00000000000001a4
Event: 3.869 Thread 0x00000278a0658690 Uncommon trap: reason=class_check action=maybe_recompile pc=0x0000027890c96e44 method=java.lang.String.equals(Ljava/lang/Object;)Z @ 8 c2
Event: 3.869 Thread 0x00000278a0658690 DEOPT PACKING pc=0x0000027890c96e44 sp=0x000000839a9fcb10
Event: 3.869 Thread 0x00000278a0658690 DEOPT UNPACKING pc=0x0000027890736da3 sp=0x000000839a9fcab8 mode 2

Classes loaded (20 events):
Event: 3.748 Loading class java/nio/HeapByteBufferR
Event: 3.748 Loading class java/nio/HeapByteBufferR done
Event: 3.748 Loading class java/util/ArrayList$ListItr
Event: 3.748 Loading class java/util/ArrayList$ListItr done
Event: 3.764 Loading class java/util/Timer
Event: 3.764 Loading class java/util/Timer done
Event: 3.764 Loading class jdk/internal/event/ThreadSleepEvent
Event: 3.764 Loading class java/util/TaskQueue
Event: 3.764 Loading class jdk/internal/event/Event
Event: 3.764 Loading class java/util/TaskQueue done
Event: 3.764 Loading class jdk/internal/event/Event done
Event: 3.764 Loading class jdk/internal/event/ThreadSleepEvent done
Event: 3.764 Loading class java/util/TimerThread
Event: 3.764 Loading class java/util/TimerThread done
Event: 3.765 Loading class java/util/Timer$ThreadReaper
Event: 3.765 Loading class java/util/Timer$ThreadReaper done
Event: 3.834 Loading class java/io/BufferedReader
Event: 3.834 Loading class java/io/BufferedReader done
Event: 3.834 Loading class java/io/CharArrayReader
Event: 3.834 Loading class java/io/CharArrayReader done

Classes unloaded (0 events):
No events

Classes redefined (0 events):
No events

Internal exceptions (20 events):
Event: 0.501 Thread 0x00000278a0658690 Exception <a 'java/lang/NoSuchMethodError'{0x0000000088d820f8}: 'int java.lang.invoke.DirectMethodHandle$Holder.invokeSpecial(java.lang.Object, java.lang.Object, java.lang.Object)'> (0x0000000088d820f8) 
thrown [s\src\hotspot\share\interpreter\linkResolver.cpp, line 774]
Event: 0.506 Thread 0x00000278a0658690 Exception <a 'java/lang/NoSuchMethodError'{0x0000000088d9ad78}: 'java.lang.Object java.lang.invoke.DirectMethodHandle$Holder.newInvokeSpecial(java.lang.Object, java.lang.Object, int)'> (0x0000000088d9ad78) 
thrown [s\src\hotspot\share\interpreter\linkResolver.cpp, line 774]
Event: 0.522 Thread 0x00000278a0655c10 Exception <a 'java/lang/NoSuchMethodError'{0x00000000892aa8e0}: 'int java.lang.invoke.DirectMethodHandle$Holder.invokeStaticInit(java.lang.Object, java.lang.Object)'> (0x00000000892aa8e0) 
thrown [s\src\hotspot\share\interpreter\linkResolver.cpp, line 774]
Event: 0.539 Thread 0x00000278a0655c10 Exception <a 'java/lang/NoSuchMethodError'{0x0000000088deeaf8}: 'java.lang.Object java.lang.invoke.Invokers$Holder.invokeExact_MT(java.lang.Object, java.lang.Object, java.lang.Object, java.lang.Object, java.lang.Object)'> (0x0000000088deeaf8) 
thrown [s\src\hotspot\share\interpreter\linkResolver.cpp, line 774]
Event: 0.548 Thread 0x00000278a0655c10 Exception <a 'java/lang/NoSuchMethodError'{0x0000000088dff828}: 'java.lang.Object java.lang.invoke.DirectMethodHandle$Holder.invokeStaticInit(java.lang.Object, int)'> (0x0000000088dff828) 
thrown [s\src\hotspot\share\interpreter\linkResolver.cpp, line 774]
Event: 2.094 Thread 0x00000278a0658690 Exception <a 'java/lang/NoSuchMethodError'{0x0000000088dea2c0}: 'long java.lang.invoke.DirectMethodHandle$Holder.invokeStatic(java.lang.Object, java.lang.Object, java.lang.Object)'> (0x0000000088dea2c0) 
thrown [s\src\hotspot\share\interpreter\linkResolver.cpp, line 774]
Event: 2.095 Thread 0x00000278a0658690 Exception <a 'java/lang/NoSuchMethodError'{0x0000000088b01de0}: 'long java.lang.invoke.DirectMethodHandle$Holder.invokeStaticInit(java.lang.Object, java.lang.Object, java.lang.Object)'> (0x0000000088b01de0) 
thrown [s\src\hotspot\share\interpreter\linkResolver.cpp, line 774]
Event: 2.097 Thread 0x00000278a0658690 Exception <a 'java/lang/NoSuchMethodError'{0x0000000088b1a280}: 'java.lang.Object java.lang.invoke.DirectMethodHandle$Holder.newInvokeSpecial(java.lang.Object, java.lang.Object, long)'> (0x0000000088b1a280) 
thrown [s\src\hotspot\share\interpreter\linkResolver.cpp, line 774]
Event: 2.097 Thread 0x00000278a0658690 Exception <a 'java/lang/NoSuchMethodError'{0x0000000088b1de08}: 'java.lang.Object java.lang.invoke.Invokers$Holder.linkToTargetMethod(java.lang.Object, long, java.lang.Object)'> (0x0000000088b1de08) 
thrown [s\src\hotspot\share\interpreter\linkResolver.cpp, line 774]
Event: 3.661 Thread 0x00000278a0658690 Exception <a 'java/lang/ClassNotFoundException'{0x0000000088818da8}: com/sun/glass/ui/win/themes> (0x0000000088818da8) 
thrown [s\src\hotspot\share\prims\jni.cpp, line 536]
Event: 3.661 Thread 0x00000278a0658690 Exception <a 'java/lang/ClassNotFoundException'{0x0000000088820a70}: com/sun/glass/ui/win/themes_es> (0x0000000088820a70) 
thrown [s\src\hotspot\share\prims\jni.cpp, line 536]
Event: 3.661 Thread 0x00000278a0658690 Exception <a 'java/lang/ClassNotFoundException'{0x0000000088828810}: com/sun/glass/ui/win/themes_es_CR> (0x0000000088828810) 
thrown [s\src\hotspot\share\prims\jni.cpp, line 536]
Event: 3.689 Thread 0x00000278a0658690 Implicit null exception at 0x0000027890cf0fac to 0x0000027890cf1238
Event: 3.690 Thread 0x00000278a0658690 Implicit null exception at 0x0000027890cef02c to 0x0000027890cef2b8
Event: 3.692 Thread 0x00000278a0658690 Exception <a 'java/lang/NoSuchMethodError'{0x0000000088680a38}: 'void java.lang.invoke.DirectMethodHandle$Holder.invokeStaticInit(java.lang.Object, java.lang.Object)'> (0x0000000088680a38) 
thrown [s\src\hotspot\share\interpreter\linkResolver.cpp, line 774]
Event: 3.708 Thread 0x00000278a0658690 Exception <a 'java/lang/NoSuchMethodError'{0x00000000886b8a98}: 'long java.lang.invoke.DirectMethodHandle$Holder.invokeVirtual(java.lang.Object, java.lang.Object)'> (0x00000000886b8a98) 
thrown [s\src\hotspot\share\interpreter\linkResolver.cpp, line 774]
Event: 3.709 Thread 0x00000278a0658690 Exception <a 'java/lang/NoSuchMethodError'{0x00000000886bc4c0}: 'long java.lang.invoke.DelegatingMethodHandle$Holder.reinvoke_L(java.lang.Object, java.lang.Object)'> (0x00000000886bc4c0) 
thrown [s\src\hotspot\share\interpreter\linkResolver.cpp, line 774]
Event: 3.711 Thread 0x00000278a0658690 Implicit null exception at 0x0000027890c9e372 to 0x0000027890c9e884
Event: 3.711 Thread 0x00000278a0658690 Implicit null exception at 0x0000027890c9bf72 to 0x0000027890c9c47c
Event: 3.820 Thread 0x00000278a0658690 Exception <a 'java/lang/NoSuchMethodError'{0x0000000088b8b068}: 'java.lang.Object java.lang.invoke.DirectMethodHandle$Holder.newInvokeSpecial(java.lang.Object, java.lang.Object, java.lang.Object, java.lang.Object, java.lang.Object, java.lang.Object, java.lang.Object)'> (0x0000000088b8b068) 
thrown [s\src\hotspot\share\interpreter\linkResolver.cpp, line 774]

VM Operations (20 events):
Event: 3.665 Executing VM operation: HandshakeAllThreads done
Event: 3.742 Executing VM operation: HandshakeAllThreads
Event: 3.742 Executing VM operation: HandshakeAllThreads done
Event: 3.748 Executing VM operation: HandshakeAllThreads
Event: 3.748 Executing VM operation: HandshakeAllThreads done
Event: 3.749 Executing VM operation: HandshakeAllThreads
Event: 3.749 Executing VM operation: HandshakeAllThreads done
Event: 3.756 Executing VM operation: HandshakeAllThreads
Event: 3.756 Executing VM operation: HandshakeAllThreads done
Event: 3.767 Executing VM operation: G1CollectForAllocation
Event: 3.774 Executing VM operation: G1CollectForAllocation done
Event: 3.783 Executing VM operation: G1CollectForAllocation
Event: 3.786 Executing VM operation: G1CollectForAllocation done
Event: 3.813 Executing VM operation: G1CollectForAllocation
Event: 3.814 Executing VM operation: G1CollectForAllocation done
Event: 3.834 Executing VM operation: G1CollectForAllocation
Event: 3.836 Executing VM operation: G1CollectForAllocation done
Event: 3.853 Executing VM operation: G1CollectForAllocation
Event: 3.854 Executing VM operation: G1CollectForAllocation done
Event: 3.874 Executing VM operation: G1CollectForAllocation

Events (20 events):
Event: 0.018 Thread 0x000002789c308960 Thread added: 0x000002789c308960
Event: 0.018 Thread 0x000002789c3092d0 Thread added: 0x000002789c3092d0
Event: 0.018 Thread 0x000002789c316090 Thread added: 0x000002789c316090
Event: 0.031 Thread 0x00000278a06566b0 Thread added: 0x00000278a06566b0
Event: 0.034 Thread 0x00000278a0659130 Thread added: 0x00000278a0659130
Event: 0.158 Thread 0x00000278a0655c10 Thread added: 0x00000278a0655c10
Event: 0.205 Thread 0x00000278a0656c00 Thread added: 0x00000278a0656c00
Event: 0.208 Thread 0x00000278a0658690 Thread added: 0x00000278a0658690
Event: 0.309 Thread 0x00000278a0657bf0 Thread added: 0x00000278a0657bf0
Event: 0.318 Thread 0x00000278a0658140 Thread added: 0x00000278a0658140
Event: 0.395 Thread 0x00000278a0658be0 Thread added: 0x00000278a0658be0
Event: 3.674 Thread 0x00000278aad1d880 Thread added: 0x00000278aad1d880
Event: 3.743 Thread 0x00000278a17a2cd0 Thread added: 0x00000278a17a2cd0
Event: 3.745 Thread 0x00000278a17a1790 Thread added: 0x00000278a17a1790
Event: 3.749 Thread 0x00000278a17a1790 Thread exited: 0x00000278a17a1790
Event: 3.749 Thread 0x00000278a17a2cd0 Thread exited: 0x00000278a17a2cd0
Event: 3.764 Thread 0x00000278a179fd00 Thread added: 0x00000278a179fd00
Event: 3.764 Thread 0x00000278a17a5200 Thread added: 0x00000278a17a5200
Event: 3.765 Thread 0x00000278a17a5750 Thread added: 0x00000278a17a5750
Event: 3.867 Thread 0x00000278ab700340 Thread added: 0x00000278ab700340


Dynamic libraries:
0x00007ff64a580000 - 0x00007ff64a58e000 	C:\Program Files\Zulu\zulu-19\bin\java.exe
0x00007ffa972f0000 - 0x00007ffa97504000 	C:\WINDOWS\SYSTEM32\ntdll.dll
0x00007ffa96a30000 - 0x00007ffa96af2000 	C:\WINDOWS\System32\KERNEL32.DLL
0x00007ffa94a90000 - 0x00007ffa94e2c000 	C:\WINDOWS\System32\KERNELBASE.dll
0x00007ffa94730000 - 0x00007ffa94841000 	C:\WINDOWS\System32\ucrtbase.dll
0x00007ffa82f00000 - 0x00007ffa82f17000 	C:\Program Files\Zulu\zulu-19\bin\jli.dll
0x00007ffa82c40000 - 0x00007ffa82c5b000 	C:\Program Files\Zulu\zulu-19\bin\VCRUNTIME140.dll
0x00007ffa95ee0000 - 0x00007ffa9608b000 	C:\WINDOWS\System32\USER32.dll
0x00007ffa94a60000 - 0x00007ffa94a86000 	C:\WINDOWS\System32\win32u.dll
0x00007ffa7c330000 - 0x00007ffa7c5be000 	C:\WINDOWS\WinSxS\amd64_microsoft.windows.common-controls_6595b64144ccf1df_6.0.22621.608_none_a9444ca7c10bb01d\COMCTL32.dll
0x00007ffa97050000 - 0x00007ffa97079000 	C:\WINDOWS\System32\GDI32.dll
0x00007ffa97200000 - 0x00007ffa972a7000 	C:\WINDOWS\System32\msvcrt.dll
0x00007ffa94f70000 - 0x00007ffa95083000 	C:\WINDOWS\System32\gdi32full.dll
0x00007ffa949c0000 - 0x00007ffa94a5a000 	C:\WINDOWS\System32\msvcp_win.dll
0x00007ffa95ea0000 - 0x00007ffa95ed1000 	C:\WINDOWS\System32\IMM32.DLL
0x00007ffa8e1a0000 - 0x00007ffa8e1ac000 	C:\Program Files\Zulu\zulu-19\bin\vcruntime140_1.dll
0x00007ffa81ef0000 - 0x00007ffa81f7d000 	C:\Program Files\Zulu\zulu-19\bin\msvcp140.dll
0x00007ffa35440000 - 0x00007ffa36147000 	C:\Program Files\Zulu\zulu-19\bin\server\jvm.dll
0x00007ffa970d0000 - 0x00007ffa9717e000 	C:\WINDOWS\System32\ADVAPI32.dll
0x00007ffa95d60000 - 0x00007ffa95e04000 	C:\WINDOWS\System32\sechost.dll
0x00007ffa95c20000 - 0x00007ffa95d35000 	C:\WINDOWS\System32\RPCRT4.dll
0x00007ffa8ce00000 - 0x00007ffa8ce0a000 	C:\WINDOWS\SYSTEM32\VERSION.dll
0x00007ffa8ce90000 - 0x00007ffa8cec4000 	C:\WINDOWS\SYSTEM32\WINMM.dll
0x00007ffa8df80000 - 0x00007ffa8df89000 	C:\WINDOWS\SYSTEM32\WSOCK32.dll
0x00007ffa95620000 - 0x00007ffa95691000 	C:\WINDOWS\System32\WS2_32.dll
0x00007ffa93790000 - 0x00007ffa937a8000 	C:\WINDOWS\SYSTEM32\kernel.appcore.dll
0x00007ffa8dc90000 - 0x00007ffa8dc9a000 	C:\Program Files\Zulu\zulu-19\bin\jimage.dll
0x00007ffa920e0000 - 0x00007ffa9230e000 	C:\WINDOWS\SYSTEM32\DBGHELP.DLL
0x00007ffa95790000 - 0x00007ffa95b19000 	C:\WINDOWS\System32\combase.dll
0x00007ffa95160000 - 0x00007ffa95237000 	C:\WINDOWS\System32\OLEAUT32.dll
0x00007ffa764d0000 - 0x00007ffa76502000 	C:\WINDOWS\SYSTEM32\dbgcore.DLL
0x00007ffa94e30000 - 0x00007ffa94eab000 	C:\WINDOWS\System32\bcryptPrimitives.dll
0x00007ffa81e80000 - 0x00007ffa81ea6000 	C:\Program Files\Zulu\zulu-19\bin\java.dll
0x00007ffa6a9f0000 - 0x00007ffa6aac7000 	C:\Program Files\Zulu\zulu-19\bin\jsvml.dll
0x00007ffa960a0000 - 0x00007ffa96890000 	C:\WINDOWS\System32\SHELL32.dll
0x00007ffa92750000 - 0x00007ffa9301d000 	C:\WINDOWS\SYSTEM32\windows.storage.dll
0x00007ffa92610000 - 0x00007ffa9274e000 	C:\WINDOWS\SYSTEM32\wintypes.dll
0x00007ffa95360000 - 0x00007ffa95451000 	C:\WINDOWS\System32\SHCORE.dll
0x00007ffa956b0000 - 0x00007ffa9570e000 	C:\WINDOWS\System32\shlwapi.dll
0x00007ffa94660000 - 0x00007ffa94681000 	C:\WINDOWS\SYSTEM32\profapi.dll
0x00007ffa82a60000 - 0x00007ffa82a73000 	C:\Program Files\Zulu\zulu-19\bin\net.dll
0x00007ffa8d990000 - 0x00007ffa8dac7000 	C:\WINDOWS\SYSTEM32\WINHTTP.dll
0x00007ffa93c00000 - 0x00007ffa93c69000 	C:\WINDOWS\system32\mswsock.dll
0x00007ffa82870000 - 0x00007ffa82886000 	C:\Program Files\Zulu\zulu-19\bin\nio.dll
0x00007ffa81e60000 - 0x00007ffa81e78000 	C:\Program Files\Zulu\zulu-19\bin\zip.dll
0x000002789c360000 - 0x000002789c364000 	C:\Program Files\Zulu\zulu-19\bin\api-ms-win-core-console-l1-1-0.dll
0x000002789c370000 - 0x000002789c374000 	C:\Program Files\Zulu\zulu-19\bin\api-ms-win-core-console-l1-2-0.dll
0x000002789c380000 - 0x000002789c384000 	C:\Program Files\Zulu\zulu-19\bin\api-ms-win-core-datetime-l1-1-0.dll
0x000002789c390000 - 0x000002789c394000 	C:\Program Files\Zulu\zulu-19\bin\api-ms-win-core-debug-l1-1-0.dll
0x000002789c3a0000 - 0x000002789c3a4000 	C:\Program Files\Zulu\zulu-19\bin\api-ms-win-core-errorhandling-l1-1-0.dll
0x000002789c3b0000 - 0x000002789c3b5000 	C:\Program Files\Zulu\zulu-19\bin\api-ms-win-core-file-l1-1-0.dll
0x000002789c3c0000 - 0x000002789c3c4000 	C:\Program Files\Zulu\zulu-19\bin\api-ms-win-core-file-l1-2-0.dll
0x000002789c3d0000 - 0x000002789c3d4000 	C:\Program Files\Zulu\zulu-19\bin\api-ms-win-core-file-l2-1-0.dll
0x000002789c3e0000 - 0x000002789c3e4000 	C:\Program Files\Zulu\zulu-19\bin\api-ms-win-core-handle-l1-1-0.dll
0x000002789c3f0000 - 0x000002789c3f4000 	C:\Program Files\Zulu\zulu-19\bin\api-ms-win-core-heap-l1-1-0.dll
0x00000278a0930000 - 0x00000278a0934000 	C:\Program Files\Zulu\zulu-19\bin\api-ms-win-core-interlocked-l1-1-0.dll
0x00000278a0940000 - 0x00000278a0944000 	C:\Program Files\Zulu\zulu-19\bin\api-ms-win-core-libraryloader-l1-1-0.dll
0x00000278a0950000 - 0x00000278a0954000 	C:\Program Files\Zulu\zulu-19\bin\api-ms-win-core-localization-l1-2-0.dll
0x00000278a0960000 - 0x00000278a0964000 	C:\Program Files\Zulu\zulu-19\bin\api-ms-win-core-memory-l1-1-0.dll
0x00000278a0970000 - 0x00000278a0974000 	C:\Program Files\Zulu\zulu-19\bin\api-ms-win-core-namedpipe-l1-1-0.dll
0x00000278a0980000 - 0x00000278a0984000 	C:\Program Files\Zulu\zulu-19\bin\api-ms-win-core-processenvironment-l1-1-0.dll
0x00000278a0990000 - 0x00000278a0994000 	C:\Program Files\Zulu\zulu-19\bin\api-ms-win-core-processthreads-l1-1-0.dll
0x00000278a09a0000 - 0x00000278a09a4000 	C:\Program Files\Zulu\zulu-19\bin\api-ms-win-core-processthreads-l1-1-1.dll
0x00000278a09b0000 - 0x00000278a09b4000 	C:\Program Files\Zulu\zulu-19\bin\api-ms-win-core-profile-l1-1-0.dll
0x00000278a09c0000 - 0x00000278a09c4000 	C:\Program Files\Zulu\zulu-19\bin\api-ms-win-core-rtlsupport-l1-1-0.dll
0x00000278a09d0000 - 0x00000278a09d4000 	C:\Program Files\Zulu\zulu-19\bin\api-ms-win-core-string-l1-1-0.dll
0x00000278a09e0000 - 0x00000278a09e4000 	C:\Program Files\Zulu\zulu-19\bin\api-ms-win-core-synch-l1-1-0.dll
0x00000278a09f0000 - 0x00000278a09f4000 	C:\Program Files\Zulu\zulu-19\bin\api-ms-win-core-synch-l1-2-0.dll
0x00000278a0a00000 - 0x00000278a0a04000 	C:\Program Files\Zulu\zulu-19\bin\api-ms-win-core-sysinfo-l1-1-0.dll
0x00000278a0a10000 - 0x00000278a0a14000 	C:\Program Files\Zulu\zulu-19\bin\api-ms-win-core-timezone-l1-1-0.dll
0x00000278a0a20000 - 0x00000278a0a24000 	C:\Program Files\Zulu\zulu-19\bin\api-ms-win-core-util-l1-1-0.dll
0x00000278a0a30000 - 0x00000278a0a34000 	C:\Program Files\Zulu\zulu-19\bin\api-ms-win-crt-conio-l1-1-0.dll
0x00000278a0a40000 - 0x00000278a0a45000 	C:\Program Files\Zulu\zulu-19\bin\api-ms-win-crt-convert-l1-1-0.dll
0x00000278a0a50000 - 0x00000278a0a54000 	C:\Program Files\Zulu\zulu-19\bin\api-ms-win-crt-environment-l1-1-0.dll
0x00000278a0a60000 - 0x00000278a0a64000 	C:\Program Files\Zulu\zulu-19\bin\api-ms-win-crt-filesystem-l1-1-0.dll
0x00000278a0a70000 - 0x00000278a0a74000 	C:\Program Files\Zulu\zulu-19\bin\api-ms-win-crt-heap-l1-1-0.dll
0x00000278a0a80000 - 0x00000278a0a84000 	C:\Program Files\Zulu\zulu-19\bin\api-ms-win-crt-locale-l1-1-0.dll
0x00000278a0a90000 - 0x00000278a0a96000 	C:\Program Files\Zulu\zulu-19\bin\api-ms-win-crt-math-l1-1-0.dll
0x00000278a0aa0000 - 0x00000278a0aa6000 	C:\Program Files\Zulu\zulu-19\bin\api-ms-win-crt-multibyte-l1-1-0.dll
0x00000278a0ab0000 - 0x00000278a0ac1000 	C:\Program Files\Zulu\zulu-19\bin\api-ms-win-crt-private-l1-1-0.dll
0x00000278a0ad0000 - 0x00000278a0ad4000 	C:\Program Files\Zulu\zulu-19\bin\api-ms-win-crt-process-l1-1-0.dll
0x00000278a0ae0000 - 0x00000278a0ae5000 	C:\Program Files\Zulu\zulu-19\bin\api-ms-win-crt-runtime-l1-1-0.dll
0x00000278a0af0000 - 0x00000278a0af5000 	C:\Program Files\Zulu\zulu-19\bin\api-ms-win-crt-stdio-l1-1-0.dll
0x00000278a0b00000 - 0x00000278a0b05000 	C:\Program Files\Zulu\zulu-19\bin\api-ms-win-crt-string-l1-1-0.dll
0x00000278a0b10000 - 0x00000278a0b14000 	C:\Program Files\Zulu\zulu-19\bin\api-ms-win-crt-time-l1-1-0.dll
0x00000278a0b20000 - 0x00000278a0b24000 	C:\Program Files\Zulu\zulu-19\bin\api-ms-win-crt-utility-l1-1-0.dll
0x00007ffa4c070000 - 0x00007ffa4c180000 	C:\Program Files\Zulu\zulu-19\bin\ucrtbase.dll
0x00007ffa82eb0000 - 0x00007ffa82eb9000 	C:\Program Files\Zulu\zulu-19\bin\msvcp140_1.dll
0x00007ffa7beb0000 - 0x00007ffa7bedf000 	C:\Program Files\Zulu\zulu-19\bin\msvcp140_2.dll
0x00007ffa7be80000 - 0x00007ffa7beac000 	C:\Program Files\Zulu\zulu-19\bin\prism_d3d.dll
0x00007ffa85410000 - 0x00007ffa855b9000 	C:\WINDOWS\system32\d3d9.dll
0x00007ffa91cd0000 - 0x00007ffa91cfb000 	C:\WINDOWS\SYSTEM32\dwmapi.dll
0x00007ffa91a90000 - 0x00007ffa91ac6000 	C:\WINDOWS\SYSTEM32\dxcore.dll
0x00007ffa91990000 - 0x00007ffa91a3b000 	C:\WINDOWS\system32\uxtheme.dll
0x00007ffa83fa0000 - 0x00007ffa840b7000 	C:\WINDOWS\System32\DriverStore\FileRepository\nvlt.inf_amd64_7947c31fc944635c\nvldumdx.dll
0x00007ffa943d0000 - 0x00007ffa943e2000 	C:\WINDOWS\SYSTEM32\msasn1.dll
0x00007ffa8c0c0000 - 0x00007ffa8c0f2000 	C:\WINDOWS\SYSTEM32\cryptnet.dll
0x00007ffa94850000 - 0x00007ffa949b6000 	C:\WINDOWS\System32\CRYPT32.dll
0x00007ffa8bf20000 - 0x00007ffa8c078000 	C:\WINDOWS\SYSTEM32\drvstore.dll
0x00007ffa943f0000 - 0x00007ffa9441c000 	C:\WINDOWS\SYSTEM32\devobj.dll
0x00007ffa94420000 - 0x00007ffa9446e000 	C:\WINDOWS\SYSTEM32\cfgmgr32.dll
0x00007ffa93f70000 - 0x00007ffa93fb8000 	C:\WINDOWS\SYSTEM32\wldp.dll
0x00007ffa93ee0000 - 0x00007ffa93eec000 	C:\WINDOWS\SYSTEM32\cryptbase.dll
0x00007ffa95090000 - 0x00007ffa950fb000 	C:\WINDOWS\System32\WINTRUST.DLL
0x00007ffa95d40000 - 0x00007ffa95d5f000 	C:\WINDOWS\System32\imagehlp.dll
0x00007ffa93ec0000 - 0x00007ffa93edb000 	C:\WINDOWS\SYSTEM32\CRYPTSP.dll
0x00007ffa93700000 - 0x00007ffa93735000 	C:\WINDOWS\system32\rsaenh.dll
0x00007ffa94090000 - 0x00007ffa940b8000 	C:\WINDOWS\SYSTEM32\bcrypt.dll
0x00007ffa28210000 - 0x00007ffa29a1a000 	C:\WINDOWS\System32\DriverStore\FileRepository\nvlt.inf_amd64_7947c31fc944635c\nvd3dumx.dll
0x00007ffa8d750000 - 0x00007ffa8d798000 	C:\WINDOWS\SYSTEM32\directxdatabasehelper.dll
0x00007ffa6a920000 - 0x00007ffa6a962000 	C:\Program Files\Zulu\zulu-19\bin\glass.dll
0x00007ffa95b20000 - 0x00007ffa95c17000 	C:\WINDOWS\System32\COMDLG32.dll
0x00007ffa96890000 - 0x00007ffa96a2c000 	C:\WINDOWS\System32\ole32.dll
0x00007ffa95240000 - 0x00007ffa9535e000 	C:\WINDOWS\System32\MSCTF.dll
0x00007ffa4c6b0000 - 0x00007ffa4c967000 	C:\WINDOWS\system32\nvspcap64.dll
0x00007ffa937b0000 - 0x00007ffa937e4000 	C:\WINDOWS\SYSTEM32\ntmarta.dll
0x00007ffa93c90000 - 0x00007ffa93cb6000 	C:\WINDOWS\SYSTEM32\gpapi.dll
0x00007ffa7b1a0000 - 0x00007ffa7b1cd000 	C:\Program Files\Zulu\zulu-19\bin\javafx_iio.dll
0x00007ffa7b080000 - 0x00007ffa7b094000 	C:\Program Files\Zulu\zulu-19\bin\javafx_font.dll
0x00007ffa902b0000 - 0x00007ffa90517000 	C:\WINDOWS\SYSTEM32\dwrite.dll
0x00007ffa96f90000 - 0x00007ffa97040000 	C:\WINDOWS\System32\clbcatq.dll
0x00007ffa8fd10000 - 0x00007ffa8fec0000 	C:\WINDOWS\SYSTEM32\WindowsCodecs.dll
0x00007ffa62ac0000 - 0x00007ffa62b1e000 	C:\WINDOWS\system32\dataexchange.dll
0x00007ffa84f80000 - 0x00007ffa851ea000 	C:\WINDOWS\system32\twinapi.appcore.dll
0x00007ffa6a9b0000 - 0x00007ffa6a9e2000 	C:\Program Files\Common Files\Microsoft Shared\Ink\rtscom.dll
0x00007ffa83e70000 - 0x00007ffa83f9e000 	C:\WINDOWS\SYSTEM32\textinputframework.dll
0x00007ffa913d0000 - 0x00007ffa91503000 	C:\WINDOWS\SYSTEM32\CoreMessaging.dll
0x00007ffa8c9f0000 - 0x00007ffa8cd5c000 	C:\WINDOWS\SYSTEM32\CoreUIComponents.dll

dbghelp: loaded successfully - version: 4.0.5 - missing functions: none
symbol engine: initialized successfully - sym options: 0x614 - pdb path: .;C:\Program Files\Zulu\zulu-19\bin;C:\WINDOWS\SYSTEM32;C:\WINDOWS\WinSxS\amd64_microsoft.windows.common-controls_6595b64144ccf1df_6.0.22621.608_none_a9444ca7c10bb01d;C:\Program Files\Zulu\zulu-19\bin\server;C:\WINDOWS\System32\DriverStore\FileRepository\nvlt.inf_amd64_7947c31fc944635c;C:\Program Files\Common Files\Microsoft Shared\Ink;C:\Users\ulise\AppData\Local\Temp\jSerialComm\2.9.3

VM Arguments:
jvm_args: -Dfile.encoding=UTF-8 
java_command: GameMenuDemo
java_class_path (initial): C:\Users\ulise\Desktop\TEC\Algoritmos y estructura de datos I\BuscaMinas\ventana busca minas\lib\rxtx-2.1-7r2;C:\Users\ulise\Downloads\RXTXcomm.jar;C:\Users\ulise\Downloads\jSerialComm-2.9.3.zip;C:\Users\ulise\Downloads\jSerialComm-2.9.3.jar;C:\Users\ulise\Desktop\TEC\Algoritmos y estructura de datos I\BuscaMinas\ventana busca minas\build\classes
Launcher Type: SUN_STANDARD

[Global flags]
     intx CICompilerCount                          = 4                                         {product} {ergonomic}
     uint ConcGCThreads                            = 3                                         {product} {ergonomic}
     uint G1ConcRefinementThreads                  = 10                                        {product} {ergonomic}
   size_t G1HeapRegionSize                         = 1048576                                   {product} {ergonomic}
    uintx GCDrainStackTargetSize                   = 64                                        {product} {ergonomic}
   size_t InitialHeapSize                          = 134217728                                 {product} {ergonomic}
   size_t MarkStackSize                            = 4194304                                   {product} {ergonomic}
   size_t MaxHeapSize                              = 2124414976                                {product} {ergonomic}
   size_t MaxNewSize                               = 1274019840                                {product} {ergonomic}
   size_t MinHeapDeltaBytes                        = 1048576                                   {product} {ergonomic}
   size_t MinHeapSize                              = 8388608                                   {product} {ergonomic}
    uintx NonNMethodCodeHeapSize                   = 5839372                                {pd product} {ergonomic}
    uintx NonProfiledCodeHeapSize                  = 122909434                              {pd product} {ergonomic}
    uintx ProfiledCodeHeapSize                     = 122909434                              {pd product} {ergonomic}
    uintx ReservedCodeCacheSize                    = 251658240                              {pd product} {ergonomic}
     bool SegmentedCodeCache                       = true                                      {product} {ergonomic}
   size_t SoftMaxHeapSize                          = 2124414976                             {manageable} {ergonomic}
     bool UseCompressedClassPointers               = true                           {product lp64_product} {ergonomic}
     bool UseCompressedOops                        = true                           {product lp64_product} {ergonomic}
     bool UseG1GC                                  = true                                      {product} {ergonomic}
     bool UseLargePagesIndividualAllocation        = false                                  {pd product} {ergonomic}

Logging:
Log output configuration:
 #0: stdout all=warning uptime,level,tags foldmultilines=false
 #1: stderr all=off uptime,level,tags foldmultilines=false

Environment Variables:
PATH=C:\Program Files\Zulu\zulu-19\bin\;C:\Program Files\Common Files\Oracle\Java\javapath;C:\Program Files (x86)\Common Files\Oracle\Java\javapath;C:\Windows\system32;C:\Windows;C:\Windows\System32\Wbem;C:\Windows\System32\WindowsPowerShell\v1.0\;C:\Windows\System32\OpenSSH\;C:\Program Files (x86)\NVIDIA Corporation\PhysX\Common;C:\Program Files\NVIDIA Corporation\NVIDIA NvDLISR;C:\WINDOWS\system32;C:\WINDOWS;C:\WINDOWS\System32\Wbem;C:\WINDOWS\System32\WindowsPowerShell\v1.0\;C:\WINDOWS\System32\OpenSSH\;C:\Program Files\nodejs\;C:\Program Files\Git\cmd;C:\Users\ulise\AppData\Local\Microsoft\WindowsApps;C:\Users\ulise\AppData\Local\Programs\Microsoft VS Code\bin;C:\Users\ulise\AppData\Roaming\npm;C:\Users\ulise\AppData\Local\GitHubDesktop\bin
USERNAME=ulise
OS=Windows_NT
PROCESSOR_IDENTIFIER=Intel64 Family 6 Model 165 Stepping 2, GenuineIntel
TMP=C:\Users\ulise\AppData\Local\Temp
TEMP=C:\Users\ulise\AppData\Local\Temp



---------------  S Y S T E M  ---------------

OS:
 Windows 11 , 64 bit Build 22621 (10.0.22621.1485)
OS uptime: 8 days 1:42 hours

CPU: total 12 (initial active 12) (6 cores per cpu, 2 threads per core) family 6 model 165 stepping 2 microcode 0xe2, cx8, cmov, fxsr, ht, mmx, 3dnowpref, sse, sse2, sse3, ssse3, sse4.1, sse4.2, popcnt, lzcnt, tsc, tscinvbit, avx, avx2, aes, erms, clmul, bmi1, bmi2, adx, fma, vzeroupper, clflush, clflushopt, rdtscp

Memory: 4k page, system-wide physical 8099M (729M free)
TotalPageFile size 12195M (AvailPageFile size 85M)
current process WorkingSet (physical memory assigned to process): 225M, peak: 225M
current process commit charge ("private bytes"): 320M, peak: 443M

vm_info: OpenJDK 64-Bit Server VM (19.0.2+7) for windows-amd64 JRE (19.0.2+7) (Zulu19.32+15-CA), built on Dec 28 2022 19:25:40 by "zulu_re" with MS VC++ 16.10 / 16.11 (VS2019)

END.
