#
# There is insufficient memory for the Java Runtime Environment to continue.
# Native memory allocation (malloc) failed to allocate 1588176 bytes for Chunk::new
# Possible reasons:
#   The system is out of physical RAM or swap space
#   The process is running with CompressedOops enabled, and the Java Heap may be blocking the growth of the native heap
# Possible solutions:
#   Reduce memory load on the system
#   Increase physical memory or swap space
#   Check if swap backing store is full
#   Decrease Java heap size (-Xmx/-Xms)
#   Decrease number of Java threads
#   Decrease Java thread stack sizes (-Xss)
#   Set larger code cache with -XX:ReservedCodeCacheSize=
#   JVM is running with Unscaled Compressed Oops mode in which the Java heap is
#     placed in the first 4GB address space. The Java Heap base address is the
#     maximum limit for the native heap growth. Please use -XX:HeapBaseMinAddress
#     to set the Java Heap base and to place the Java Heap above 4GB virtual address.
# This output file may be truncated or incomplete.
#
#  Out of Memory Error (arena.cpp:184), pid=23068, tid=20720
#
# JRE version: OpenJDK Runtime Environment Zulu19.32+15-CA (19.0.2+7) (build 19.0.2+7)
# Java VM: OpenJDK 64-Bit Server VM Zulu19.32+15-CA (19.0.2+7, mixed mode, sharing, tiered, compressed oops, compressed class ptrs, g1 gc, windows-amd64)
# No core dump will be written. Minidumps are not enabled by default on client versions of Windows
#

---------------  S U M M A R Y ------------

Command Line: -Dapplication.home=C:\Program Files\Zulu\zulu-19 --add-modules=ALL-DEFAULT -Xms8m -Djdk.module.main=jdk.compiler jdk.compiler/com.sun.tools.javac.Main -d C:\Users\ulise\Desktop\TEC\Algoritmos y estructura de datos I\BuscaMinas\ventana busca minas\build\classes -classpath C:\Users\ulise\Desktop\TEC\Algoritmos y estructura de datos I\BuscaMinas\ventana busca minas\build\classes;C:\Users\ulise\Desktop\TEC\Algoritmos y estructura de datos I\BuscaMinas\ventana busca minas\lib\rxtx-2.1-7r2;C:\Users\ulise\Downloads\RXTXcomm.jar;C:\Users\ulise\Downloads\jSerialComm-2.9.3.zip;C:\Users\ulise\Downloads\jSerialComm-2.9.3.jar -sourcepath C:\Users\ulise\Desktop\TEC\Algoritmos y estructura de datos I\BuscaMinas\ventana busca minas\src -target 19 -encoding UTF-8 -g -processorpath C:\Users\ulise\Desktop\TEC\Algoritmos y estructura de datos I\BuscaMinas\ventana busca minas\lib\rxtx-2.1-7r2;C:\Users\ulise\Downloads\RXTXcomm.jar;C:\Users\ulise\Downloads\jSerialComm-2.9.3.zip;C:\Users\ulise\Downloads\jSerialComm-2.9.3.jar;C:\Users\ulise\Desktop\TEC\Algoritmos y estructura de datos I\BuscaMinas\jar_files\firmata4j-2.3.5.jar;C:\Users\ulise\Desktop\TEC\Algoritmos y estructura de datos I\BuscaMinas\jar_files\jssc-2.8.0.jar;C:\Users\ulise\Desktop\TEC\Algoritmos y estructura de datos I\BuscaMinas\jar_files\jssc-2.9.4.jar;C:\Users\ulise\Desktop\TEC\Algoritmos y estructura de datos I\BuscaMinas\jar_files\slf4j-api-1.7.25.jar;C:\Users\ulise\Desktop\TEC\Algoritmos y estructura de datos I\BuscaMinas\jar_files\slf4j-api-1.7.3.jar;C:\Users\ulise\Desktop\TEC\Algoritmos y estructura de datos I\BuscaMinas\jar_files\slf4j-simple-1.6.1.jar;C:\Users\ulise\Desktop\TEC\Algoritmos y estructura de datos I\BuscaMinas\ventana busca minas\build\empty -s C:\Users\ulise\Desktop\TEC\Algoritmos y estructura de datos I\BuscaMinas\ventana busca minas\build\generated-sources\ap-source-output -source 19 C:\Users\ulise\Desktop\TEC\Algoritmos y estructura de datos I\BuscaMinas\ventana busca minas\src\GameMenuDemo.java

Host: Intel(R) Core(TM) i7-10750H CPU @ 2.60GHz, 12 cores, 7G,  Windows 11 , 64 bit Build 22621 (10.0.22621.1485)
Time: Mon Apr  3 01:22:51 2023 Hora estándar, América Central elapsed time: 0.713552 seconds (0d 0h 0m 0s)

---------------  T H R E A D  ---------------

Current thread (0x000001fbfe73e070):  JavaThread "C2 CompilerThread1" daemon [_thread_in_native, id=20720, stack(0x000000ca43700000,0x000000ca43800000)]


Current CompileTask:
C2:    713 1829       4       com.sun.tools.javac.code.Symtab::enterClass (71 bytes)

Stack: [0x000000ca43700000,0x000000ca43800000]
Native frames: (J=compiled Java code, j=interpreted, Vv=VM code, C=native code)
V  [jvm.dll+0x6eab2a]
V  [jvm.dll+0x8a4a20]
V  [jvm.dll+0x8a640e]
V  [jvm.dll+0x8a6ac3]
V  [jvm.dll+0x27c1ef]
V  [jvm.dll+0xc245f]
V  [jvm.dll+0xc27d5]
V  [jvm.dll+0x3b8071]
V  [jvm.dll+0x381701]
V  [jvm.dll+0x380b8a]
V  [jvm.dll+0x2458db]
V  [jvm.dll+0x244c71]
V  [jvm.dll+0x1cf9a1]
V  [jvm.dll+0x254799]
V  [jvm.dll+0x2529a8]
V  [jvm.dll+0x854e98]
V  [jvm.dll+0x84ec7a]
V  [jvm.dll+0x6e981b]
C  [ucrtbase.dll+0x29363]
C  [KERNEL32.DLL+0x1269d]
C  [ntdll.dll+0x5a9f8]


---------------  P R O C E S S  ---------------

Threads class SMR info:
_java_thread_list=0x000001fbff01d160, length=14, elements={
0x000001fbed5ef0a0, 0x000001fbfe0d9ba0, 0x000001fbfe0da4d0, 0x000001fbfe0de0a0,
0x000001fbfe0de9d0, 0x000001fbfe0df300, 0x000001fbfe0e1c40, 0x000001fbfe0e35e0,
0x000001fbfe0f1870, 0x000001fbfe0f41f0, 0x000001fbfe780ff0, 0x000001fbfe73e070,
0x000001fbfe8402f0, 0x000001fbfee59ef0
}

Java Threads: ( => current thread )
  0x000001fbed5ef0a0 JavaThread "main" [_thread_in_Java, id=16156, stack(0x000000ca42600000,0x000000ca42700000)]
  0x000001fbfe0d9ba0 JavaThread "Reference Handler" daemon [_thread_blocked, id=17088, stack(0x000000ca42d00000,0x000000ca42e00000)]
  0x000001fbfe0da4d0 JavaThread "Finalizer" daemon [_thread_blocked, id=20172, stack(0x000000ca42e00000,0x000000ca42f00000)]
  0x000001fbfe0de0a0 JavaThread "Signal Dispatcher" daemon [_thread_blocked, id=2788, stack(0x000000ca42f00000,0x000000ca43000000)]
  0x000001fbfe0de9d0 JavaThread "Attach Listener" daemon [_thread_blocked, id=18184, stack(0x000000ca43000000,0x000000ca43100000)]
  0x000001fbfe0df300 JavaThread "Service Thread" daemon [_thread_blocked, id=21712, stack(0x000000ca43100000,0x000000ca43200000)]
  0x000001fbfe0e1c40 JavaThread "Monitor Deflation Thread" daemon [_thread_blocked, id=5124, stack(0x000000ca43200000,0x000000ca43300000)]
  0x000001fbfe0e35e0 JavaThread "C2 CompilerThread0" daemon [_thread_in_vm, id=21352, stack(0x000000ca43300000,0x000000ca43400000)]
  0x000001fbfe0f1870 JavaThread "C1 CompilerThread0" daemon [_thread_in_vm, id=8804, stack(0x000000ca43400000,0x000000ca43500000)]
  0x000001fbfe0f41f0 JavaThread "Sweeper thread" daemon [_thread_blocked, id=12260, stack(0x000000ca43500000,0x000000ca43600000)]
  0x000001fbfe780ff0 JavaThread "Common-Cleaner" daemon [_thread_blocked, id=4888, stack(0x000000ca43600000,0x000000ca43700000)]
=>0x000001fbfe73e070 JavaThread "C2 CompilerThread1" daemon [_thread_in_native, id=20720, stack(0x000000ca43700000,0x000000ca43800000)]
  0x000001fbfe8402f0 JavaThread "Notification Thread" daemon [_thread_blocked, id=13224, stack(0x000000ca43800000,0x000000ca43900000)]
  0x000001fbfee59ef0 JavaThread "C2 CompilerThread2" daemon [_thread_in_native, id=20348, stack(0x000000ca44000000,0x000000ca44100000)]

Other Threads:
  0x000001fbfe0c1ec0 VMThread "VM Thread" [stack: 0x000000ca42c00000,0x000000ca42d00000] [id=2436]
  0x000001fbfe840e40 WatcherThread "VM Periodic Task Thread" [stack: 0x000000ca43900000,0x000000ca43a00000] [id=15096]
  0x000001fbed64eea0 WorkerThread "GC Thread#0" [stack: 0x000000ca42700000,0x000000ca42800000] [id=3588]
  0x000001fbed5f0040 WorkerThread "GC Thread#1" [stack: 0x000000ca43a00000,0x000000ca43b00000] [id=16084]
  0x000001fbfea661d0 WorkerThread "GC Thread#2" [stack: 0x000000ca43b00000,0x000000ca43c00000] [id=3504]
  0x000001fbfea664a0 WorkerThread "GC Thread#3" [stack: 0x000000ca43c00000,0x000000ca43d00000] [id=6064]
  0x000001fbfeaca010 WorkerThread "GC Thread#4" [stack: 0x000000ca43d00000,0x000000ca43e00000] [id=9840]
  0x000001fbfebc3050 WorkerThread "GC Thread#5" [stack: 0x000000ca43e00000,0x000000ca43f00000] [id=21260]
  0x000001fbfebc4130 WorkerThread "GC Thread#6" [stack: 0x000000ca43f00000,0x000000ca44000000] [id=4840]
  0x000001fbed69d010 ConcurrentGCThread "G1 Main Marker" [stack: 0x000000ca42800000,0x000000ca42900000] [id=19680]
  0x000001fbed69e0e0 WorkerThread "G1 Conc#0" [stack: 0x000000ca42900000,0x000000ca42a00000] [id=13092]
  0x000001fbfdf79680 ConcurrentGCThread "G1 Refine#0" [stack: 0x000000ca42a00000,0x000000ca42b00000] [id=14624]
  0x000001fbfdf7af70 ConcurrentGCThread "G1 Service" [stack: 0x000000ca42b00000,0x000000ca42c00000] [id=22752]

Threads with active compile tasks:
C2 CompilerThread0      723 2251       4       com.sun.tools.javac.code.Types$16::visitClassType (122 bytes)
C1 CompilerThread0      723 2267       3       java.util.Spliterators$ArraySpliterator::forEachRemaining (68 bytes)
C2 CompilerThread1      723 1829       4       com.sun.tools.javac.code.Symtab::enterClass (71 bytes)
C2 CompilerThread2      723 2223       4       com.sun.tools.javac.code.Types$12::visitClassType (10 bytes)

VM state: not at safepoint (normal execution)

VM Mutex/Monitor currently owned by a thread: None

Heap address: 0x0000000081600000, size: 2026 MB, Compressed Oops mode: 32-bit

CDS archive(s) mapped at: [0x0000000800000000-0x0000000800c40000-0x0000000800c40000), size 12845056, SharedBaseAddress: 0x0000000800000000, ArchiveRelocationMode: 0.
Compressed class space mapped at: 0x0000000801000000-0x0000000841000000, reserved size: 1073741824
Narrow klass base: 0x0000000800000000, Narrow klass shift: 0, Narrow klass range: 0x100000000

GC Precious Log:
 CardTable entry size: 512
 Card Set container configuration: InlinePtr #cards 5 size 8 Array Of Cards #cards 12 size 40 Howl #buckets 4 coarsen threshold 1843 Howl Bitmap #cards 512 size 80 coarsen threshold 460 Card regions per heap region 1 cards per card region 2048
 CPUs: 12 total, 12 available
 Memory: 8099M
 Large Page Support: Disabled
 NUMA Support: Disabled
 Compressed Oops: Enabled (32-bit)
 Heap Region Size: 1M
 Heap Min Capacity: 8M
 Heap Initial Capacity: 8M
 Heap Max Capacity: 2026M
 Pre-touch: Disabled
 Parallel Workers: 10
 Concurrent Workers: 3
 Concurrent Refinement Workers: 10
 Periodic GC: Disabled

Heap:
 garbage-first heap   total 45056K, used 20603K [0x0000000081600000, 0x0000000100000000)
  region size 1024K, 12 young (12288K), 1 survivors (1024K)
 Metaspace       used 11203K, committed 11456K, reserved 1114112K
  class space    used 1220K, committed 1344K, reserved 1048576K

Heap Regions: E=young(eden), S=young(survivor), O=old, HS=humongous(starts), HC=humongous(continues), CS=collection set, F=free, OA=open archive, CA=closed archive, TAMS=top-at-mark-start (previous, next)
|   0|0x0000000081600000, 0x0000000081700000, 0x0000000081700000|100%| O|  |TAMS 0x0000000081600000, 0x0000000081600000| Untracked 
|   1|0x0000000081700000, 0x0000000081800000, 0x0000000081800000|100%| O|  |TAMS 0x0000000081700000, 0x0000000081700000| Untracked 
|   2|0x0000000081800000, 0x0000000081900000, 0x0000000081900000|100%| O|  |TAMS 0x0000000081800000, 0x0000000081800000| Untracked 
|   3|0x0000000081900000, 0x0000000081a00000, 0x0000000081a00000|100%| O|  |TAMS 0x0000000081900000, 0x0000000081900000| Untracked 
|   4|0x0000000081a00000, 0x0000000081b00000, 0x0000000081b00000|100%| O|  |TAMS 0x0000000081a00000, 0x0000000081a00000| Untracked 
|   5|0x0000000081b00000, 0x0000000081c00000, 0x0000000081c00000|100%| O|  |TAMS 0x0000000081b00000, 0x0000000081b00000| Untracked 
|   6|0x0000000081c00000, 0x0000000081d00000, 0x0000000081d00000|100%| O|  |TAMS 0x0000000081c00000, 0x0000000081c00000| Untracked 
|   7|0x0000000081d00000, 0x0000000081e00000, 0x0000000081e00000|100%| O|  |TAMS 0x0000000081d00000, 0x0000000081d00000| Untracked 
|   8|0x0000000081e00000, 0x0000000081f00000, 0x0000000081f00000|100%|HS|  |TAMS 0x0000000081e00000, 0x0000000081e00000| Complete 
|   9|0x0000000081f00000, 0x0000000081f1ee00, 0x0000000082000000| 12%| O|  |TAMS 0x0000000081f00000, 0x0000000081f00000| Untracked 
|  10|0x0000000082000000, 0x0000000082000000, 0x0000000082100000|  0%| F|  |TAMS 0x0000000082000000, 0x0000000082000000| Untracked 
|  11|0x0000000082100000, 0x0000000082100000, 0x0000000082200000|  0%| F|  |TAMS 0x0000000082100000, 0x0000000082100000| Untracked 
|  12|0x0000000082200000, 0x0000000082200000, 0x0000000082300000|  0%| F|  |TAMS 0x0000000082200000, 0x0000000082200000| Untracked 
|  13|0x0000000082300000, 0x0000000082300000, 0x0000000082400000|  0%| F|  |TAMS 0x0000000082300000, 0x0000000082300000| Untracked 
|  14|0x0000000082400000, 0x0000000082500000, 0x0000000082500000|100%| S|CS|TAMS 0x0000000082400000, 0x0000000082400000| Complete 
|  15|0x0000000082500000, 0x0000000082500000, 0x0000000082600000|  0%| F|  |TAMS 0x0000000082500000, 0x0000000082500000| Untracked 
|  16|0x0000000082600000, 0x0000000082600000, 0x0000000082700000|  0%| F|  |TAMS 0x0000000082600000, 0x0000000082600000| Untracked 
|  17|0x0000000082700000, 0x0000000082700000, 0x0000000082800000|  0%| F|  |TAMS 0x0000000082700000, 0x0000000082700000| Untracked 
|  18|0x0000000082800000, 0x0000000082800000, 0x0000000082900000|  0%| F|  |TAMS 0x0000000082800000, 0x0000000082800000| Untracked 
|  19|0x0000000082900000, 0x0000000082900000, 0x0000000082a00000|  0%| F|  |TAMS 0x0000000082900000, 0x0000000082900000| Untracked 
|  20|0x0000000082a00000, 0x0000000082a00000, 0x0000000082b00000|  0%| F|  |TAMS 0x0000000082a00000, 0x0000000082a00000| Untracked 
|  21|0x0000000082b00000, 0x0000000082b00000, 0x0000000082c00000|  0%| F|  |TAMS 0x0000000082b00000, 0x0000000082b00000| Untracked 
|  22|0x0000000082c00000, 0x0000000082c00000, 0x0000000082d00000|  0%| F|  |TAMS 0x0000000082c00000, 0x0000000082c00000| Untracked 
|  23|0x0000000082d00000, 0x0000000082d00000, 0x0000000082e00000|  0%| F|  |TAMS 0x0000000082d00000, 0x0000000082d00000| Untracked 
|  24|0x0000000082e00000, 0x0000000082e00000, 0x0000000082f00000|  0%| F|  |TAMS 0x0000000082e00000, 0x0000000082e00000| Untracked 
|  25|0x0000000082f00000, 0x0000000082f00000, 0x0000000083000000|  0%| F|  |TAMS 0x0000000082f00000, 0x0000000082f00000| Untracked 
|  26|0x0000000083000000, 0x0000000083000000, 0x0000000083100000|  0%| F|  |TAMS 0x0000000083000000, 0x0000000083000000| Untracked 
|  27|0x0000000083100000, 0x0000000083100000, 0x0000000083200000|  0%| F|  |TAMS 0x0000000083100000, 0x0000000083100000| Untracked 
|  28|0x0000000083200000, 0x0000000083200000, 0x0000000083300000|  0%| F|  |TAMS 0x0000000083200000, 0x0000000083200000| Untracked 
|  29|0x0000000083300000, 0x0000000083300000, 0x0000000083400000|  0%| F|  |TAMS 0x0000000083300000, 0x0000000083300000| Untracked 
|  30|0x0000000083400000, 0x0000000083400000, 0x0000000083500000|  0%| F|  |TAMS 0x0000000083400000, 0x0000000083400000| Untracked 
|  31|0x0000000083500000, 0x0000000083500000, 0x0000000083600000|  0%| F|  |TAMS 0x0000000083500000, 0x0000000083500000| Untracked 
|  32|0x0000000083600000, 0x0000000083600000, 0x0000000083700000|  0%| F|  |TAMS 0x0000000083600000, 0x0000000083600000| Untracked 
|  33|0x0000000083700000, 0x00000000837d4b38, 0x0000000083800000| 83%| E|  |TAMS 0x0000000083700000, 0x0000000083700000| Complete 
|  34|0x0000000083800000, 0x0000000083900000, 0x0000000083900000|100%| E|CS|TAMS 0x0000000083800000, 0x0000000083800000| Complete 
|  35|0x0000000083900000, 0x0000000083a00000, 0x0000000083a00000|100%| E|CS|TAMS 0x0000000083900000, 0x0000000083900000| Complete 
|  36|0x0000000083a00000, 0x0000000083b00000, 0x0000000083b00000|100%| E|CS|TAMS 0x0000000083a00000, 0x0000000083a00000| Complete 
|  37|0x0000000083b00000, 0x0000000083c00000, 0x0000000083c00000|100%| E|CS|TAMS 0x0000000083b00000, 0x0000000083b00000| Complete 
|  38|0x0000000083c00000, 0x0000000083d00000, 0x0000000083d00000|100%| E|CS|TAMS 0x0000000083c00000, 0x0000000083c00000| Complete 
|  39|0x0000000083d00000, 0x0000000083e00000, 0x0000000083e00000|100%| E|CS|TAMS 0x0000000083d00000, 0x0000000083d00000| Complete 
|  40|0x0000000083e00000, 0x0000000083f00000, 0x0000000083f00000|100%| E|CS|TAMS 0x0000000083e00000, 0x0000000083e00000| Complete 
|  41|0x0000000083f00000, 0x0000000084000000, 0x0000000084000000|100%| E|CS|TAMS 0x0000000083f00000, 0x0000000083f00000| Complete 
|  42|0x0000000084000000, 0x0000000084100000, 0x0000000084100000|100%| E|CS|TAMS 0x0000000084000000, 0x0000000084000000| Complete 
|  43|0x0000000084100000, 0x0000000084200000, 0x0000000084200000|100%| E|CS|TAMS 0x0000000084100000, 0x0000000084100000| Complete 

Card table byte_map: [0x000001fbf71a0000,0x000001fbf75a0000] _byte_map_base: 0x000001fbf6d95000

Marking Bits (Prev, Next): (CMBitMap*) 0x000001fbed64f3d0, (CMBitMap*) 0x000001fbed64f410
 Prev Bits: [0x000001fbf79a0000, 0x000001fbf9948000)
 Next Bits: [0x000001fbf9950000, 0x000001fbfb8f8000)

Polling page: 0x000001fbeb5c0000

Metaspace:

Usage:
  Non-class:      9.76 MB used.
      Class:      1.19 MB used.
       Both:     10.95 MB used.

Virtual space:
  Non-class space:       64.00 MB reserved,       9.88 MB ( 15%) committed,  1 nodes.
      Class space:        1.00 GB reserved,       1.31 MB ( <1%) committed,  1 nodes.
             Both:        1.06 GB reserved,      11.19 MB (  1%) committed. 

Chunk freelists:
   Non-Class:  352.00 KB
       Class:  2.70 MB
        Both:  3.05 MB

MaxMetaspaceSize: unlimited
CompressedClassSpaceSize: 1.00 GB
Initial GC threshold: 21.00 MB
Current GC threshold: 21.00 MB
CDS: on
MetaspaceReclaimPolicy: balanced
 - commit_granule_bytes: 65536.
 - commit_granule_words: 8192.
 - virtual_space_node_default_size: 8388608.
 - enlarge_chunks_in_place: 1.
 - new_chunks_are_fully_committed: 0.
 - uncommit_free_chunks: 1.
 - use_allocation_guard: 0.


Internal statistics:

num_allocs_failed_limit: 0.
num_arena_births: 146.
num_arena_deaths: 0.
num_vsnodes_births: 2.
num_vsnodes_deaths: 0.
num_space_committed: 179.
num_space_uncommitted: 0.
num_chunks_returned_to_freelist: 0.
num_chunks_taken_from_freelist: 515.
num_chunk_merges: 0.
num_chunk_splits: 371.
num_chunks_enlarged: 297.
num_inconsistent_stats: 0.

CodeHeap 'non-profiled nmethods': size=120000Kb used=793Kb max_used=793Kb free=119206Kb
 bounds [0x000001fb87ad0000, 0x000001fb87d40000, 0x000001fb8f000000]
CodeHeap 'profiled nmethods': size=120000Kb used=4568Kb max_used=4568Kb free=115431Kb
 bounds [0x000001fb80000000, 0x000001fb80480000, 0x000001fb87530000]
CodeHeap 'non-nmethods': size=5760Kb used=1250Kb max_used=1313Kb free=4509Kb
 bounds [0x000001fb87530000, 0x000001fb877a0000, 0x000001fb87ad0000]
 total_blobs=2719 nmethods=2262 adapters=367
 compilation: enabled
              stopped_count=0, restarted_count=0
 full_count=0

Compilation events (20 events):
Event: 0.710 Thread 0x000001fbfe0f1870 2203       3       com.sun.tools.javac.code.Scope$ScopeListenerList::add (20 bytes)
Event: 0.710 Thread 0x000001fbfe0f1870 nmethod 2203 0x000001fb80451390 code [0x000001fb80451580, 0x000001fb80451cd8]
Event: 0.710 Thread 0x000001fbfe0e35e0 nmethod 2198 0x000001fb87b92e10 code [0x000001fb87b92fc0, 0x000001fb87b932d8]
Event: 0.710 Thread 0x000001fbfe0f1870 2204       3       com.sun.tools.javac.code.Types$$Lambda$56/0x00000008010c8a68::test (12 bytes)
Event: 0.710 Thread 0x000001fbfe0f1870 nmethod 2204 0x000001fb80451f10 code [0x000001fb804520c0, 0x000001fb80452498]
Event: 0.710 Thread 0x000001fbfee59ef0 nmethod 2201 0x000001fb87b93590 code [0x000001fb87b93720, 0x000001fb87b93948]
Event: 0.710 Thread 0x000001fbfe0f1870 2205       3       com.sun.tools.javac.code.Types::lambda$new$4 (17 bytes)
Event: 0.710 Thread 0x000001fbfe0f1870 nmethod 2205 0x000001fb80452610 code [0x000001fb804527a0, 0x000001fb804528f8]
Event: 0.710 Thread 0x000001fbfe0f1870 2206       3       com.sun.tools.javac.comp.AttrContext::dup (167 bytes)
Event: 0.710 Thread 0x000001fbfe0e35e0 2209       4       com.sun.tools.javac.jvm.ClassFile::internalize (51 bytes)
Event: 0.710 Thread 0x000001fbfe0f1870 nmethod 2206 0x000001fb80452a10 code [0x000001fb80452be0, 0x000001fb80453168]
Event: 0.710 Thread 0x000001fbfe0f1870 2207       3       com.sun.tools.javac.jvm.ClassFile$Version::MAX (4 bytes)
Event: 0.711 Thread 0x000001fbfe0f1870 nmethod 2207 0x000001fb80453210 code [0x000001fb804533a0, 0x000001fb80453498]
Event: 0.711 Thread 0x000001fbfe0f1870 2208       3       com.sun.tools.javac.jvm.ClassFile$Version::MIN (4 bytes)
Event: 0.711 Thread 0x000001fbfe0f1870 nmethod 2208 0x000001fb80453510 code [0x000001fb804536a0, 0x000001fb80453798]
Event: 0.711 Thread 0x000001fbfe0f1870 2210       3       com.sun.tools.javac.code.Types$ImplementationCache::get (159 bytes)
Event: 0.711 Thread 0x000001fbfee59ef0 2211       4       java.util.HashMap::afterNodeAccess (1 bytes)
Event: 0.711 Thread 0x000001fbfee59ef0 nmethod 2211 0x000001fb87b93b90 code [0x000001fb87b93d00, 0x000001fb87b93d78]
Event: 0.711 Thread 0x000001fbfe0f1870 nmethod 2210 0x000001fb80453810 code [0x000001fb80453b00, 0x000001fb80454f08]
Event: 0.711 Thread 0x000001fbfe0f1870 2212       3       com.sun.tools.javac.comp.Resolve::rawInstantiate (508 bytes)

GC Heap History (20 events):
Event: 0.271 GC heap before
{Heap before GC invocations=3 (full 0):
 garbage-first heap   total 8192K, used 3151K [0x0000000081600000, 0x0000000100000000)
  region size 1024K, 2 young (2048K), 1 survivors (1024K)
 Metaspace       used 7782K, committed 7936K, reserved 1114112K
  class space    used 867K, committed 960K, reserved 1048576K
}
Event: 0.272 GC heap after
{Heap after GC invocations=4 (full 0):
 garbage-first heap   total 8192K, used 2443K [0x0000000081600000, 0x0000000100000000)
  region size 1024K, 1 young (1024K), 1 survivors (1024K)
 Metaspace       used 7782K, committed 7936K, reserved 1114112K
  class space    used 867K, committed 960K, reserved 1048576K
}
Event: 0.294 GC heap before
{Heap before GC invocations=4 (full 0):
 garbage-first heap   total 8192K, used 3467K [0x0000000081600000, 0x0000000100000000)
  region size 1024K, 2 young (2048K), 1 survivors (1024K)
 Metaspace       used 8066K, committed 8320K, reserved 1114112K
  class space    used 898K, committed 1024K, reserved 1048576K
}
Event: 0.296 GC heap after
{Heap after GC invocations=5 (full 0):
 garbage-first heap   total 11264K, used 2782K [0x0000000081600000, 0x0000000100000000)
  region size 1024K, 1 young (1024K), 1 survivors (1024K)
 Metaspace       used 8066K, committed 8320K, reserved 1114112K
  class space    used 898K, committed 1024K, reserved 1048576K
}
Event: 0.332 GC heap before
{Heap before GC invocations=5 (full 0):
 garbage-first heap   total 11264K, used 4830K [0x0000000081600000, 0x0000000100000000)
  region size 1024K, 3 young (3072K), 1 survivors (1024K)
 Metaspace       used 8610K, committed 8768K, reserved 1114112K
  class space    used 967K, committed 1024K, reserved 1048576K
}
Event: 0.334 GC heap after
{Heap after GC invocations=6 (full 0):
 garbage-first heap   total 11264K, used 3791K [0x0000000081600000, 0x0000000100000000)
  region size 1024K, 1 young (1024K), 1 survivors (1024K)
 Metaspace       used 8610K, committed 8768K, reserved 1114112K
  class space    used 967K, committed 1024K, reserved 1048576K
}
Event: 0.360 GC heap before
{Heap before GC invocations=6 (full 0):
 garbage-first heap   total 11264K, used 5839K [0x0000000081600000, 0x0000000100000000)
  region size 1024K, 3 young (3072K), 1 survivors (1024K)
 Metaspace       used 8808K, committed 8960K, reserved 1114112K
  class space    used 990K, committed 1024K, reserved 1048576K
}
Event: 0.362 GC heap after
{Heap after GC invocations=7 (full 0):
 garbage-first heap   total 11264K, used 4263K [0x0000000081600000, 0x0000000100000000)
  region size 1024K, 1 young (1024K), 1 survivors (1024K)
 Metaspace       used 8808K, committed 8960K, reserved 1114112K
  class space    used 990K, committed 1024K, reserved 1048576K
}
Event: 0.367 GC heap before
{Heap before GC invocations=7 (full 0):
 garbage-first heap   total 11264K, used 5287K [0x0000000081600000, 0x0000000100000000)
  region size 1024K, 2 young (2048K), 1 survivors (1024K)
 Metaspace       used 8815K, committed 8960K, reserved 1114112K
  class space    used 990K, committed 1024K, reserved 1048576K
}
Event: 0.368 GC heap after
{Heap after GC invocations=8 (full 0):
 garbage-first heap   total 11264K, used 4255K [0x0000000081600000, 0x0000000100000000)
  region size 1024K, 1 young (1024K), 1 survivors (1024K)
 Metaspace       used 8815K, committed 8960K, reserved 1114112K
  class space    used 990K, committed 1024K, reserved 1048576K
}
Event: 0.381 GC heap before
{Heap before GC invocations=8 (full 0):
 garbage-first heap   total 11264K, used 5279K [0x0000000081600000, 0x0000000100000000)
  region size 1024K, 2 young (2048K), 1 survivors (1024K)
 Metaspace       used 8904K, committed 9088K, reserved 1114112K
  class space    used 998K, committed 1088K, reserved 1048576K
}
Event: 0.383 GC heap after
{Heap after GC invocations=9 (full 0):
 garbage-first heap   total 22528K, used 4423K [0x0000000081600000, 0x0000000100000000)
  region size 1024K, 1 young (1024K), 1 survivors (1024K)
 Metaspace       used 8904K, committed 9088K, reserved 1114112K
  class space    used 998K, committed 1088K, reserved 1048576K
}
Event: 0.415 GC heap before
{Heap before GC invocations=9 (full 0):
 garbage-first heap   total 22528K, used 12615K [0x0000000081600000, 0x0000000100000000)
  region size 1024K, 9 young (9216K), 1 survivors (1024K)
 Metaspace       used 9037K, committed 9216K, reserved 1114112K
  class space    used 1012K, committed 1088K, reserved 1048576K
}
Event: 0.418 GC heap after
{Heap after GC invocations=10 (full 0):
 garbage-first heap   total 22528K, used 5527K [0x0000000081600000, 0x0000000100000000)
  region size 1024K, 2 young (2048K), 2 survivors (2048K)
 Metaspace       used 9037K, committed 9216K, reserved 1114112K
  class space    used 1012K, committed 1088K, reserved 1048576K
}
Event: 0.465 GC heap before
{Heap before GC invocations=10 (full 0):
 garbage-first heap   total 22528K, used 11671K [0x0000000081600000, 0x0000000100000000)
  region size 1024K, 9 young (9216K), 2 survivors (2048K)
 Metaspace       used 9273K, committed 9472K, reserved 1114112K
  class space    used 1020K, committed 1088K, reserved 1048576K
}
Event: 0.468 GC heap after
{Heap after GC invocations=11 (full 0):
 garbage-first heap   total 22528K, used 7380K [0x0000000081600000, 0x0000000100000000)
  region size 1024K, 2 young (2048K), 2 survivors (2048K)
 Metaspace       used 9273K, committed 9472K, reserved 1114112K
  class space    used 1020K, committed 1088K, reserved 1048576K
}
Event: 0.478 GC heap before
{Heap before GC invocations=11 (full 0):
 garbage-first heap   total 22528K, used 13524K [0x0000000081600000, 0x0000000100000000)
  region size 1024K, 8 young (8192K), 2 survivors (2048K)
 Metaspace       used 9289K, committed 9472K, reserved 1114112K
  class space    used 1020K, committed 1088K, reserved 1048576K
}
Event: 0.481 GC heap after
{Heap after GC invocations=12 (full 0):
 garbage-first heap   total 22528K, used 8380K [0x0000000081600000, 0x0000000100000000)
  region size 1024K, 1 young (1024K), 1 survivors (1024K)
 Metaspace       used 9289K, committed 9472K, reserved 1114112K
  class space    used 1020K, committed 1088K, reserved 1048576K
}
Event: 0.498 GC heap before
{Heap before GC invocations=12 (full 0):
 garbage-first heap   total 22528K, used 15548K [0x0000000081600000, 0x0000000100000000)
  region size 1024K, 7 young (7168K), 1 survivors (1024K)
 Metaspace       used 9355K, committed 9536K, reserved 1114112K
  class space    used 1022K, committed 1088K, reserved 1048576K
}
Event: 0.500 GC heap after
{Heap after GC invocations=13 (full 0):
 garbage-first heap   total 45056K, used 10363K [0x0000000081600000, 0x0000000100000000)
  region size 1024K, 1 young (1024K), 1 survivors (1024K)
 Metaspace       used 9355K, committed 9536K, reserved 1114112K
  class space    used 1022K, committed 1088K, reserved 1048576K
}

Dll operation events (6 events):
Event: 0.004 Loaded shared library C:\Program Files\Zulu\zulu-19\bin\java.dll
Event: 0.009 Loaded shared library C:\Program Files\Zulu\zulu-19\bin\jsvml.dll
Event: 0.047 Loaded shared library C:\Program Files\Zulu\zulu-19\bin\jimage.dll
Event: 0.093 Loaded shared library C:\Program Files\Zulu\zulu-19\bin\net.dll
Event: 0.093 Loaded shared library C:\Program Files\Zulu\zulu-19\bin\nio.dll
Event: 0.114 Loaded shared library C:\Program Files\Zulu\zulu-19\bin\zip.dll

Deoptimization events (20 events):
Event: 0.679 Thread 0x000001fbed5ef0a0 Uncommon trap: trap_request=0xffffffde fr.pc=0x000001fb87b75368 relative=0x00000000000001c8
Event: 0.679 Thread 0x000001fbed5ef0a0 Uncommon trap: reason=class_check action=maybe_recompile pc=0x000001fb87b75368 method=com.sun.tools.javac.code.Scope$ScopeListenerList.walkReferences(Lcom/sun/tools/javac/code/Symbol;Lcom/sun/tools/javac/code/Scope;Z)V @ 20 c2
Event: 0.679 Thread 0x000001fbed5ef0a0 DEOPT PACKING pc=0x000001fb87b75368 sp=0x000000ca426febe0
Event: 0.679 Thread 0x000001fbed5ef0a0 DEOPT UNPACKING pc=0x000001fb87596da3 sp=0x000000ca426feb80 mode 2
Event: 0.679 Thread 0x000001fbed5ef0a0 Uncommon trap: trap_request=0xffffffde fr.pc=0x000001fb87b75368 relative=0x00000000000001c8
Event: 0.679 Thread 0x000001fbed5ef0a0 Uncommon trap: reason=class_check action=maybe_recompile pc=0x000001fb87b75368 method=com.sun.tools.javac.code.Scope$ScopeListenerList.walkReferences(Lcom/sun/tools/javac/code/Symbol;Lcom/sun/tools/javac/code/Scope;Z)V @ 20 c2
Event: 0.679 Thread 0x000001fbed5ef0a0 DEOPT PACKING pc=0x000001fb87b75368 sp=0x000000ca426febe0
Event: 0.679 Thread 0x000001fbed5ef0a0 DEOPT UNPACKING pc=0x000001fb87596da3 sp=0x000000ca426feb80 mode 2
Event: 0.679 Thread 0x000001fbed5ef0a0 Uncommon trap: trap_request=0xffffffde fr.pc=0x000001fb87b75368 relative=0x00000000000001c8
Event: 0.679 Thread 0x000001fbed5ef0a0 Uncommon trap: reason=class_check action=maybe_recompile pc=0x000001fb87b75368 method=com.sun.tools.javac.code.Scope$ScopeListenerList.walkReferences(Lcom/sun/tools/javac/code/Symbol;Lcom/sun/tools/javac/code/Scope;Z)V @ 20 c2
Event: 0.679 Thread 0x000001fbed5ef0a0 DEOPT PACKING pc=0x000001fb87b75368 sp=0x000000ca426febe0
Event: 0.679 Thread 0x000001fbed5ef0a0 DEOPT UNPACKING pc=0x000001fb87596da3 sp=0x000000ca426feb80 mode 2
Event: 0.679 Thread 0x000001fbed5ef0a0 Uncommon trap: trap_request=0xffffffde fr.pc=0x000001fb87b75368 relative=0x00000000000001c8
Event: 0.679 Thread 0x000001fbed5ef0a0 Uncommon trap: reason=class_check action=maybe_recompile pc=0x000001fb87b75368 method=com.sun.tools.javac.code.Scope$ScopeListenerList.walkReferences(Lcom/sun/tools/javac/code/Symbol;Lcom/sun/tools/javac/code/Scope;Z)V @ 20 c2
Event: 0.679 Thread 0x000001fbed5ef0a0 DEOPT PACKING pc=0x000001fb87b75368 sp=0x000000ca426febe0
Event: 0.679 Thread 0x000001fbed5ef0a0 DEOPT UNPACKING pc=0x000001fb87596da3 sp=0x000000ca426feb80 mode 2
Event: 0.682 Thread 0x000001fbed5ef0a0 Uncommon trap: trap_request=0xffffff45 fr.pc=0x000001fb87b7afb0 relative=0x0000000000000090
Event: 0.682 Thread 0x000001fbed5ef0a0 Uncommon trap: reason=unstable_if action=reinterpret pc=0x000001fb87b7afb0 method=com.sun.tools.javac.code.Scope$ScopeImpl$2.hasNext()Z @ 69 c2
Event: 0.682 Thread 0x000001fbed5ef0a0 DEOPT PACKING pc=0x000001fb87b7afb0 sp=0x000000ca426feec0
Event: 0.682 Thread 0x000001fbed5ef0a0 DEOPT UNPACKING pc=0x000001fb87596da3 sp=0x000000ca426fee58 mode 2

Classes loaded (20 events):
Event: 0.661 Loading class java/lang/runtime/ObjectMethods
Event: 0.661 Loading class java/lang/runtime/ObjectMethods done
Event: 0.665 Loading class java/lang/invoke/MethodHandleImpl$Makers
Event: 0.665 Loading class java/lang/invoke/MethodHandleImpl$Makers done
Event: 0.665 Loading class java/lang/invoke/MethodHandleImpl$Makers$1
Event: 0.665 Loading class java/lang/invoke/MethodHandleImpl$Makers$1 done
Event: 0.665 Loading class java/lang/invoke/MethodHandleImpl$Makers$2
Event: 0.665 Loading class java/lang/invoke/MethodHandleImpl$Makers$2 done
Event: 0.665 Loading class java/lang/invoke/MethodHandleImpl$Makers$3
Event: 0.665 Loading class java/lang/invoke/MethodHandleImpl$Makers$3 done
Event: 0.671 Loading class java/lang/runtime/ObjectMethods$1
Event: 0.671 Loading class java/lang/runtime/ObjectMethods$1 done
Event: 0.674 Loading class java/lang/invoke/DirectMethodHandle$1
Event: 0.674 Loading class java/lang/invoke/DirectMethodHandle$1 done
Event: 0.684 Loading class java/util/function/ToIntBiFunction
Event: 0.684 Loading class java/util/function/ToIntBiFunction done
Event: 0.687 Loading class java/io/DataOutputStream
Event: 0.687 Loading class java/io/DataOutputStream done
Event: 0.695 Loading class sun/nio/ch/ChannelOutputStream
Event: 0.695 Loading class sun/nio/ch/ChannelOutputStream done

Classes unloaded (0 events):
No events

Classes redefined (0 events):
No events

Internal exceptions (20 events):
Event: 0.509 Thread 0x000001fbed5ef0a0 Exception <a 'sun/nio/fs/WindowsException'{0x00000000841a66b8}> (0x00000000841a66b8) 
thrown [s\src\hotspot\share\prims\jni.cpp, line 517]
Event: 0.510 Thread 0x000001fbed5ef0a0 Exception <a 'sun/nio/fs/WindowsException'{0x00000000841b66a0}> (0x00000000841b66a0) 
thrown [s\src\hotspot\share\prims\jni.cpp, line 517]
Event: 0.510 Thread 0x000001fbed5ef0a0 Exception <a 'sun/nio/fs/WindowsException'{0x00000000841b6ab0}> (0x00000000841b6ab0) 
thrown [s\src\hotspot\share\prims\jni.cpp, line 517]
Event: 0.553 Thread 0x000001fbed5ef0a0 Exception <a 'java/lang/NoSuchMethodError'{0x0000000083d45b28}: 'int java.lang.invoke.DirectMethodHandle$Holder.invokeStatic(java.lang.Object, java.lang.Object, java.lang.Object, java.lang.Object)'> (0x0000000083d45b28) 
thrown [s\src\hotspot\share\interpreter\linkResolver.cpp, line 774]
Event: 0.566 Thread 0x000001fbed5ef0a0 Exception <a 'java/lang/NoSuchMethodError'{0x0000000083dbe0f8}: 'void java.lang.invoke.DirectMethodHandle$Holder.invokeVirtual(java.lang.Object, java.lang.Object)'> (0x0000000083dbe0f8) 
thrown [s\src\hotspot\share\interpreter\linkResolver.cpp, line 774]
Event: 0.651 Thread 0x000001fbed5ef0a0 Implicit null exception at 0x000001fb87b209ec to 0x000001fb87b20be4
Event: 0.651 Thread 0x000001fbed5ef0a0 Implicit null exception at 0x000001fb87b1bf91 to 0x000001fb87b1c1c0
Event: 0.651 Thread 0x000001fbed5ef0a0 Implicit null exception at 0x000001fb87b11a2f to 0x000001fb87b11aa9
Event: 0.662 Thread 0x000001fbed5ef0a0 Exception <a 'java/lang/NoSuchMethodError'{0x00000000839b0b38}: 'java.lang.Object java.lang.invoke.DirectMethodHandle$Holder.invokeStaticInit(java.lang.Object, java.lang.Object, java.lang.Object, java.lang.Object, java.lang.Object, java.lang.Object, java.lang.Object)'> (0x00000000839b0b38) 
thrown [s\src\hotspot\share\interpreter\linkResolver.cpp, line 774]
Event: 0.664 Thread 0x000001fbed5ef0a0 Exception <a 'java/lang/NoSuchMethodError'{0x00000000839baba0}: 'java.lang.Object java.lang.invoke.Invokers$Holder.invoke_MT(java.lang.Object, java.lang.Object, java.lang.Object, java.lang.Object, java.lang.Object, java.lang.Object, java.lang.Object, java.lang.Object, java.lang.Object, java.lang.Object)'> (0x00000000839baba0) 
thrown [s\src\hotspot\share\interpreter\linkResolver.cpp, line 774]
Event: 0.666 Thread 0x000001fbed5ef0a0 Exception <a 'java/lang/NoSuchMethodError'{0x00000000839c20d0}: 'java.lang.Object java.lang.invoke.DirectMethodHandle$Holder.invokeStatic(java.lang.Object, java.lang.Object, int)'> (0x00000000839c20d0) 
thrown [s\src\hotspot\share\interpreter\linkResolver.cpp, line 774]
Event: 0.668 Thread 0x000001fbed5ef0a0 Exception <a 'java/lang/NoSuchMethodError'{0x00000000839d8a00}: 'void java.lang.invoke.DelegatingMethodHandle$Holder.delegate(java.lang.Object, java.lang.Object, int, java.lang.Object)'> (0x00000000839d8a00) 
thrown [s\src\hotspot\share\interpreter\linkResolver.cpp, line 774]
Event: 0.671 Thread 0x000001fbed5ef0a0 Exception <a 'java/lang/NoSuchMethodError'{0x00000000839fb460}: 'int java.lang.invoke.DirectMethodHandle$Holder.invokeStaticInit(java.lang.Object, java.lang.Object, java.lang.Object)'> (0x00000000839fb460) 
thrown [s\src\hotspot\share\interpreter\linkResolver.cpp, line 774]
Event: 0.672 Thread 0x000001fbed5ef0a0 Exception <a 'java/lang/NoSuchMethodError'{0x00000000839ff308}: 'int java.lang.invoke.DirectMethodHandle$Holder.invokeStaticInit(java.lang.Object, int, int)'> (0x00000000839ff308) 
thrown [s\src\hotspot\share\interpreter\linkResolver.cpp, line 774]
Event: 0.672 Thread 0x000001fbed5ef0a0 Exception <a 'java/lang/NoSuchMethodError'{0x00000000838078e8}: 'int java.lang.invoke.DirectMethodHandle$Holder.invokeStaticInit(java.lang.Object, long, long)'> (0x00000000838078e8) 
thrown [s\src\hotspot\share\interpreter\linkResolver.cpp, line 774]
Event: 0.672 Thread 0x000001fbed5ef0a0 Exception <a 'java/lang/NoSuchMethodError'{0x000000008380ecb0}: 'int java.lang.invoke.DirectMethodHandle$Holder.invokeStaticInit(java.lang.Object, float, float)'> (0x000000008380ecb0) 
thrown [s\src\hotspot\share\interpreter\linkResolver.cpp, line 774]
Event: 0.673 Thread 0x000001fbed5ef0a0 Exception <a 'java/lang/NoSuchMethodError'{0x0000000083816070}: 'int java.lang.invoke.DirectMethodHandle$Holder.invokeStaticInit(java.lang.Object, double, double)'> (0x0000000083816070) 
thrown [s\src\hotspot\share\interpreter\linkResolver.cpp, line 774]
Event: 0.673 Thread 0x000001fbed5ef0a0 Exception <a 'java/lang/NoSuchMethodError'{0x000000008381ad40}: 'int java.lang.invoke.DirectMethodHandle$Holder.invokeStatic(java.lang.Object, long)'> (0x000000008381ad40) 
thrown [s\src\hotspot\share\interpreter\linkResolver.cpp, line 774]
Event: 0.676 Thread 0x000001fbed5ef0a0 Exception <a 'java/lang/NoSuchMethodError'{0x000000008383f098}: 'int java.lang.invoke.Invokers$Holder.linkToTargetMethod(java.lang.Object, java.lang.Object)'> (0x000000008383f098) 
thrown [s\src\hotspot\share\interpreter\linkResolver.cpp, line 774]
Event: 0.703 Thread 0x000001fbed5ef0a0 Exception <a 'sun/nio/fs/WindowsException'{0x00000000838d4108}> (0x00000000838d4108) 
thrown [s\src\hotspot\share\prims\jni.cpp, line 517]

VM Operations (20 events):
Event: 0.465 Executing VM operation: G1CollectForAllocation
Event: 0.468 Executing VM operation: G1CollectForAllocation done
Event: 0.478 Executing VM operation: G1CollectForAllocation
Event: 0.481 Executing VM operation: G1CollectForAllocation done
Event: 0.498 Executing VM operation: G1CollectForAllocation
Event: 0.500 Executing VM operation: G1CollectForAllocation done
Event: 0.514 Executing VM operation: HandshakeAllThreads
Event: 0.514 Executing VM operation: HandshakeAllThreads done
Event: 0.535 Executing VM operation: HandshakeAllThreads
Event: 0.535 Executing VM operation: HandshakeAllThreads done
Event: 0.569 Executing VM operation: ICBufferFull
Event: 0.569 Executing VM operation: ICBufferFull done
Event: 0.607 Executing VM operation: ICBufferFull
Event: 0.607 Executing VM operation: ICBufferFull done
Event: 0.646 Executing VM operation: HandshakeAllThreads
Event: 0.646 Executing VM operation: HandshakeAllThreads done
Event: 0.658 Executing VM operation: ICBufferFull
Event: 0.659 Executing VM operation: ICBufferFull done
Event: 0.665 Executing VM operation: HandshakeAllThreads
Event: 0.665 Executing VM operation: HandshakeAllThreads done

Events (14 events):
Event: 0.010 Thread 0x000001fbed5ef0a0 Thread added: 0x000001fbed5ef0a0
Event: 0.018 Thread 0x000001fbfe0d9ba0 Thread added: 0x000001fbfe0d9ba0
Event: 0.018 Thread 0x000001fbfe0da4d0 Thread added: 0x000001fbfe0da4d0
Event: 0.018 Thread 0x000001fbfe0de0a0 Thread added: 0x000001fbfe0de0a0
Event: 0.018 Thread 0x000001fbfe0de9d0 Thread added: 0x000001fbfe0de9d0
Event: 0.018 Thread 0x000001fbfe0df300 Thread added: 0x000001fbfe0df300
Event: 0.018 Thread 0x000001fbfe0e1c40 Thread added: 0x000001fbfe0e1c40
Event: 0.018 Thread 0x000001fbfe0e35e0 Thread added: 0x000001fbfe0e35e0
Event: 0.018 Thread 0x000001fbfe0f1870 Thread added: 0x000001fbfe0f1870
Event: 0.018 Thread 0x000001fbfe0f41f0 Thread added: 0x000001fbfe0f41f0
Event: 0.032 Thread 0x000001fbfe780ff0 Thread added: 0x000001fbfe780ff0
Event: 0.042 Thread 0x000001fbfe73e070 Thread added: 0x000001fbfe73e070
Event: 0.045 Thread 0x000001fbfe8402f0 Thread added: 0x000001fbfe8402f0
Event: 0.367 Thread 0x000001fbfee59ef0 Thread added: 0x000001fbfee59ef0


Dynamic libraries:
0x00007ff71d3b0000 - 0x00007ff71d3b8000 	C:\Program Files\Zulu\zulu-19\bin\javac.exe
0x00007ffa972f0000 - 0x00007ffa97504000 	C:\WINDOWS\SYSTEM32\ntdll.dll
0x00007ffa96a30000 - 0x00007ffa96af2000 	C:\WINDOWS\System32\KERNEL32.DLL
0x00007ffa94a90000 - 0x00007ffa94e2c000 	C:\WINDOWS\System32\KERNELBASE.dll
0x00007ffa94730000 - 0x00007ffa94841000 	C:\WINDOWS\System32\ucrtbase.dll
0x00007ffa8dd20000 - 0x00007ffa8dd37000 	C:\Program Files\Zulu\zulu-19\bin\jli.dll
0x00007ffa78be0000 - 0x00007ffa78bfb000 	C:\Program Files\Zulu\zulu-19\bin\VCRUNTIME140.dll
0x00007ffa95ee0000 - 0x00007ffa9608b000 	C:\WINDOWS\System32\USER32.dll
0x00007ffa94a60000 - 0x00007ffa94a86000 	C:\WINDOWS\System32\win32u.dll
0x00007ffa7c330000 - 0x00007ffa7c5be000 	C:\WINDOWS\WinSxS\amd64_microsoft.windows.common-controls_6595b64144ccf1df_6.0.22621.608_none_a9444ca7c10bb01d\COMCTL32.dll
0x00007ffa97050000 - 0x00007ffa97079000 	C:\WINDOWS\System32\GDI32.dll
0x00007ffa97200000 - 0x00007ffa972a7000 	C:\WINDOWS\System32\msvcrt.dll
0x00007ffa94f70000 - 0x00007ffa95083000 	C:\WINDOWS\System32\gdi32full.dll
0x00007ffa949c0000 - 0x00007ffa94a5a000 	C:\WINDOWS\System32\msvcp_win.dll
0x00007ffa95ea0000 - 0x00007ffa95ed1000 	C:\WINDOWS\System32\IMM32.DLL
0x00007ffa8e210000 - 0x00007ffa8e21c000 	C:\Program Files\Zulu\zulu-19\bin\vcruntime140_1.dll
0x00007ffa43e00000 - 0x00007ffa43e8d000 	C:\Program Files\Zulu\zulu-19\bin\msvcp140.dll
0x00007ffa36e30000 - 0x00007ffa37b37000 	C:\Program Files\Zulu\zulu-19\bin\server\jvm.dll
0x00007ffa970d0000 - 0x00007ffa9717e000 	C:\WINDOWS\System32\ADVAPI32.dll
0x00007ffa95d60000 - 0x00007ffa95e04000 	C:\WINDOWS\System32\sechost.dll
0x00007ffa95c20000 - 0x00007ffa95d35000 	C:\WINDOWS\System32\RPCRT4.dll
0x00007ffa8ce90000 - 0x00007ffa8cec4000 	C:\WINDOWS\SYSTEM32\WINMM.dll
0x00007ffa8f920000 - 0x00007ffa8f929000 	C:\WINDOWS\SYSTEM32\WSOCK32.dll
0x00007ffa8ce00000 - 0x00007ffa8ce0a000 	C:\WINDOWS\SYSTEM32\VERSION.dll
0x00007ffa95620000 - 0x00007ffa95691000 	C:\WINDOWS\System32\WS2_32.dll
0x00007ffa93790000 - 0x00007ffa937a8000 	C:\WINDOWS\SYSTEM32\kernel.appcore.dll
0x00007ffa8e190000 - 0x00007ffa8e19a000 	C:\Program Files\Zulu\zulu-19\bin\jimage.dll
0x00007ffa920e0000 - 0x00007ffa9230e000 	C:\WINDOWS\SYSTEM32\DBGHELP.DLL
0x00007ffa95790000 - 0x00007ffa95b19000 	C:\WINDOWS\System32\combase.dll
0x00007ffa95160000 - 0x00007ffa95237000 	C:\WINDOWS\System32\OLEAUT32.dll
0x00007ffa764d0000 - 0x00007ffa76502000 	C:\WINDOWS\SYSTEM32\dbgcore.DLL
0x00007ffa94e30000 - 0x00007ffa94eab000 	C:\WINDOWS\System32\bcryptPrimitives.dll
0x00007ffa766b0000 - 0x00007ffa766d6000 	C:\Program Files\Zulu\zulu-19\bin\java.dll
0x00007ffa43d20000 - 0x00007ffa43df7000 	C:\Program Files\Zulu\zulu-19\bin\jsvml.dll
0x00007ffa960a0000 - 0x00007ffa96890000 	C:\WINDOWS\System32\SHELL32.dll
0x00007ffa92750000 - 0x00007ffa9301d000 	C:\WINDOWS\SYSTEM32\windows.storage.dll
0x00007ffa92610000 - 0x00007ffa9274e000 	C:\WINDOWS\SYSTEM32\wintypes.dll
0x00007ffa95360000 - 0x00007ffa95451000 	C:\WINDOWS\System32\SHCORE.dll
0x00007ffa956b0000 - 0x00007ffa9570e000 	C:\WINDOWS\System32\shlwapi.dll
0x00007ffa94660000 - 0x00007ffa94681000 	C:\WINDOWS\SYSTEM32\profapi.dll
0x00007ffa78bc0000 - 0x00007ffa78bd3000 	C:\Program Files\Zulu\zulu-19\bin\net.dll
0x00007ffa8d990000 - 0x00007ffa8dac7000 	C:\WINDOWS\SYSTEM32\WINHTTP.dll
0x00007ffa93c00000 - 0x00007ffa93c69000 	C:\WINDOWS\system32\mswsock.dll
0x00007ffa76720000 - 0x00007ffa76736000 	C:\Program Files\Zulu\zulu-19\bin\nio.dll
0x00007ffa6e8a0000 - 0x00007ffa6e8b8000 	C:\Program Files\Zulu\zulu-19\bin\zip.dll

dbghelp: loaded successfully - version: 4.0.5 - missing functions: none
symbol engine: initialized successfully - sym options: 0x614 - pdb path: .;C:\Program Files\Zulu\zulu-19\bin;C:\WINDOWS\SYSTEM32;C:\WINDOWS\WinSxS\amd64_microsoft.windows.common-controls_6595b64144ccf1df_6.0.22621.608_none_a9444ca7c10bb01d;C:\Program Files\Zulu\zulu-19\bin\server

VM Arguments:
jvm_args: -Dapplication.home=C:\Program Files\Zulu\zulu-19 --add-modules=ALL-DEFAULT -Xms8m -Djdk.module.main=jdk.compiler 
java_command: jdk.compiler/com.sun.tools.javac.Main -d C:\Users\ulise\Desktop\TEC\Algoritmos y estructura de datos I\BuscaMinas\ventana busca minas\build\classes -classpath C:\Users\ulise\Desktop\TEC\Algoritmos y estructura de datos I\BuscaMinas\ventana busca minas\build\classes;C:\Users\ulise\Desktop\TEC\Algoritmos y estructura de datos I\BuscaMinas\ventana busca minas\lib\rxtx-2.1-7r2;C:\Users\ulise\Downloads\RXTXcomm.jar;C:\Users\ulise\Downloads\jSerialComm-2.9.3.zip;C:\Users\ulise\Downloads\jSerialComm-2.9.3.jar -sourcepath C:\Users\ulise\Desktop\TEC\Algoritmos y estructura de datos I\BuscaMinas\ventana busca minas\src -target 19 -encoding UTF-8 -g -processorpath C:\Users\ulise\Desktop\TEC\Algoritmos y estructura de datos I\BuscaMinas\ventana busca minas\lib\rxtx-2.1-7r2;C:\Users\ulise\Downloads\RXTXcomm.jar;C:\Users\ulise\Downloads\jSerialComm-2.9.3.zip;C:\Users\ulise\Downloads\jSerialComm-2.9.3.jar;C:\Users\ulise\Desktop\TEC\Algoritmos y estructura de datos I\BuscaMinas\jar_files\firmata4j-2.3.5.jar;C:\Users\ulise\Desktop\TEC\Algoritmos y estructura de datos I\BuscaMinas\jar_files\jssc-2.8.0.jar;C:\Users\ulise\Desktop\TEC\Algoritmos y estructura de datos I\BuscaMinas\jar_files\jssc-2.9.4.jar;C:\Users\ulise\Desktop\TEC\Algoritmos y estructura de datos I\BuscaMinas\jar_files\slf4j-api-1.7.25.jar;C:\Users\ulise\Desktop\TEC\Algoritmos y estructura de datos I\BuscaMinas\jar_files\slf4j-api-1.7.3.jar;C:\Users\ulise\Desktop\TEC\Algoritmos y estructura de datos I\BuscaMinas\jar_files\slf4j-simple-1.6.1.jar;C:\Users\ulise\Desktop\TEC\Algoritmos y estructura de datos I\BuscaMinas\ventana busca minas\build\empty -s C:\Users\ulise\Desktop\TEC\Algoritmos y estructura de datos I\BuscaMinas\ventana busca minas\build\generated-sources\ap-source-output -source 19 C:\Users\ulise\Desktop\TEC\Algoritmos y estructura de datos I\BuscaMinas\ventana busca minas\src\GameMenuDemo.java
java_class_path (initial): <not set>
Launcher Type: SUN_STANDARD

[Global flags]
     intx CICompilerCount                          = 4                                         {product} {ergonomic}
     uint ConcGCThreads                            = 3                                         {product} {ergonomic}
     uint G1ConcRefinementThreads                  = 10                                        {product} {ergonomic}
   size_t G1HeapRegionSize                         = 1048576                                   {product} {ergonomic}
    uintx GCDrainStackTargetSize                   = 64                                        {product} {ergonomic}
   size_t InitialHeapSize                          = 8388608                                   {product} {command line}
   size_t MarkStackSize                            = 4194304                                   {product} {ergonomic}
   size_t MaxHeapSize                              = 2124414976                                {product} {ergonomic}
   size_t MaxNewSize                               = 1274019840                                {product} {ergonomic}
   size_t MinHeapDeltaBytes                        = 1048576                                   {product} {ergonomic}
   size_t MinHeapSize                              = 8388608                                   {product} {command line}
    uintx NonNMethodCodeHeapSize                   = 5839372                                {pd product} {ergonomic}
    uintx NonProfiledCodeHeapSize                  = 122909434                              {pd product} {ergonomic}
    uintx ProfiledCodeHeapSize                     = 122909434                              {pd product} {ergonomic}
    uintx ReservedCodeCacheSize                    = 251658240                              {pd product} {ergonomic}
     bool SegmentedCodeCache                       = true                                      {product} {ergonomic}
   size_t SoftMaxHeapSize                          = 2124414976                             {manageable} {ergonomic}
     bool UseCompressedClassPointers               = true                           {product lp64_product} {ergonomic}
     bool UseCompressedOops                        = true                           {product lp64_product} {ergonomic}
     bool UseG1GC                                  = true                                      {product} {ergonomic}
     bool UseLargePagesIndividualAllocation        = false                                  {pd product} {ergonomic}

Logging:
Log output configuration:
 #0: stdout all=warning uptime,level,tags foldmultilines=false
 #1: stderr all=off uptime,level,tags foldmultilines=false

Environment Variables:
PATH=C:\Program Files\Zulu\zulu-19\bin\;C:\Program Files\Common Files\Oracle\Java\javapath;C:\Program Files (x86)\Common Files\Oracle\Java\javapath;C:\Windows\system32;C:\Windows;C:\Windows\System32\Wbem;C:\Windows\System32\WindowsPowerShell\v1.0\;C:\Windows\System32\OpenSSH\;C:\Program Files (x86)\NVIDIA Corporation\PhysX\Common;C:\Program Files\NVIDIA Corporation\NVIDIA NvDLISR;C:\WINDOWS\system32;C:\WINDOWS;C:\WINDOWS\System32\Wbem;C:\WINDOWS\System32\WindowsPowerShell\v1.0\;C:\WINDOWS\System32\OpenSSH\;C:\Program Files\nodejs\;C:\Program Files\Git\cmd;C:\Users\ulise\AppData\Local\Microsoft\WindowsApps;C:\Users\ulise\AppData\Local\Programs\Microsoft VS Code\bin;C:\Users\ulise\AppData\Roaming\npm;C:\Users\ulise\AppData\Local\GitHubDesktop\bin
USERNAME=ulise
OS=Windows_NT
PROCESSOR_IDENTIFIER=Intel64 Family 6 Model 165 Stepping 2, GenuineIntel
TMP=C:\Users\ulise\AppData\Local\Temp
TEMP=C:\Users\ulise\AppData\Local\Temp



---------------  S Y S T E M  ---------------

OS:
 Windows 11 , 64 bit Build 22621 (10.0.22621.1485)
OS uptime: 0 days 11:36 hours

CPU: total 12 (initial active 12) (6 cores per cpu, 2 threads per core) family 6 model 165 stepping 2 microcode 0xe2, cx8, cmov, fxsr, ht, mmx, 3dnowpref, sse, sse2, sse3, ssse3, sse4.1, sse4.2, popcnt, lzcnt, tsc, tscinvbit, avx, avx2, aes, erms, clmul, bmi1, bmi2, adx, fma, vzeroupper, clflush, clflushopt, rdtscp

Memory: 4k page, system-wide physical 8099M (892M free)
TotalPageFile size 12195M (AvailPageFile size 6M)
current process WorkingSet (physical memory assigned to process): 115M, peak: 115M
current process commit charge ("private bytes"): 166M, peak: 166M

vm_info: OpenJDK 64-Bit Server VM (19.0.2+7) for windows-amd64 JRE (19.0.2+7) (Zulu19.32+15-CA), built on Dec 28 2022 19:25:40 by "zulu_re" with MS VC++ 16.10 / 16.11 (VS2019)

END.
