#
# There is insufficient memory for the Java Runtime Environment to continue.
# Native memory allocation (mmap) failed to map 65536 bytes for Failed to commit metaspace.
# Possible reasons:
#   The system is out of physical RAM or swap space
#   The process is running with CompressedOops enabled, and the Java Heap may be blocking the growth of the native heap
# Possible solutions:
#   Reduce memory load on the system
#   Increase physical memory or swap space
#   Check if swap backing store is full
#   Decrease Java heap size (-Xmx/-Xms)
#   Decrease number of Java threads
#   Decrease Java thread stack sizes (-Xss)
#   Set larger code cache with -XX:ReservedCodeCacheSize=
#   JVM is running with Unscaled Compressed Oops mode in which the Java heap is
#     placed in the first 4GB address space. The Java Heap base address is the
#     maximum limit for the native heap growth. Please use -XX:HeapBaseMinAddress
#     to set the Java Heap base and to place the Java Heap above 4GB virtual address.
# This output file may be truncated or incomplete.
#
#  Out of Memory Error (virtualSpaceNode.cpp:110), pid=12588, tid=19768
#
# JRE version: OpenJDK Runtime Environment Zulu19.32+15-CA (19.0.2+7) (build 19.0.2+7)
# Java VM: OpenJDK 64-Bit Server VM Zulu19.32+15-CA (19.0.2+7, mixed mode, sharing, tiered, compressed oops, compressed class ptrs, g1 gc, windows-amd64)
# No core dump will be written. Minidumps are not enabled by default on client versions of Windows
#

---------------  S U M M A R Y ------------

Command Line: -Dfile.encoding=UTF-8 GameMenuDemo

Host: Intel(R) Core(TM) i7-10750H CPU @ 2.60GHz, 12 cores, 7G,  Windows 11 , 64 bit Build 22621 (10.0.22621.1344)
Time: Fri Mar 31 13:38:09 2023 Hora estándar, América Central elapsed time: 5.029967 seconds (0d 0h 0m 5s)

---------------  T H R E A D  ---------------

Current thread (0x00000157022d2670):  JavaThread "C1 CompilerThread0" daemon [_thread_in_vm, id=19768, stack(0x000000102ef00000,0x000000102f000000)]


Current CompileTask:
C1:   5030 2311       3       com.sun.prism.impl.ps.BaseShaderContext::updatePaintShader (165 bytes)

Stack: [0x000000102ef00000,0x000000102f000000]
Native frames: (J=compiled Java code, j=interpreted, Vv=VM code, C=native code)
V  [jvm.dll+0x6eab2a]
V  [jvm.dll+0x8a4a20]
V  [jvm.dll+0x8a640e]
V  [jvm.dll+0x8a6ac3]
V  [jvm.dll+0x27c1ef]
V  [jvm.dll+0x8a05eb]
V  [jvm.dll+0x68e236]
V  [jvm.dll+0x1eb78e]
V  [jvm.dll+0x690c4b]
V  [jvm.dll+0x690a4e]
V  [jvm.dll+0x68ec3e]
V  [jvm.dll+0x6a05ba]
V  [jvm.dll+0x69945a]
V  [jvm.dll+0x1f9340]
V  [jvm.dll+0x1f9528]
V  [jvm.dll+0x16bf11]
V  [jvm.dll+0x16bd55]
V  [jvm.dll+0x1632bc]
V  [jvm.dll+0x165859]
V  [jvm.dll+0x163b44]
V  [jvm.dll+0x15d8a7]
V  [jvm.dll+0x16d986]
V  [jvm.dll+0x158f30]
V  [jvm.dll+0x1592a3]
V  [jvm.dll+0x159586]
V  [jvm.dll+0x1589ef]
V  [jvm.dll+0x15a6e1]
V  [jvm.dll+0x254799]
V  [jvm.dll+0x2529a8]
V  [jvm.dll+0x854e98]
V  [jvm.dll+0x84ec7a]
V  [jvm.dll+0x6e981b]
C  [ucrtbase.dll+0x29363]
C  [KERNEL32.DLL+0x126bd]
C  [ntdll.dll+0x5a9f8]


---------------  P R O C E S S  ---------------

Threads class SMR info:
_java_thread_list=0x00000157111a0b10, length=21, elements={
0x0000015762395d70, 0x00000157022b6c60, 0x00000157022b7930, 0x00000157022c06c0,
0x00000157022c0ff0, 0x00000157022c1ac0, 0x00000157022cc790, 0x00000157022ceb40,
0x00000157022d2670, 0x00000157022d6510, 0x00000157022d4a80, 0x00000157022d3a90,
0x00000157022d4fd0, 0x00000157022d4530, 0x00000157022d6a60, 0x00000157022d3fe0,
0x00000157022d5fc0, 0x00000157074aeac0, 0x000001571031ae20, 0x00000157074abaf0,
0x00000157074af560
}

Java Threads: ( => current thread )
  0x0000015762395d70 JavaThread "main" [_thread_blocked, id=16428, stack(0x000000102e100000,0x000000102e200000)]
  0x00000157022b6c60 JavaThread "Reference Handler" daemon [_thread_blocked, id=16044, stack(0x000000102e800000,0x000000102e900000)]
  0x00000157022b7930 JavaThread "Finalizer" daemon [_thread_blocked, id=15416, stack(0x000000102e900000,0x000000102ea00000)]
  0x00000157022c06c0 JavaThread "Signal Dispatcher" daemon [_thread_blocked, id=12956, stack(0x000000102ea00000,0x000000102eb00000)]
  0x00000157022c0ff0 JavaThread "Attach Listener" daemon [_thread_blocked, id=15932, stack(0x000000102eb00000,0x000000102ec00000)]
  0x00000157022c1ac0 JavaThread "Service Thread" daemon [_thread_blocked, id=7496, stack(0x000000102ec00000,0x000000102ed00000)]
  0x00000157022cc790 JavaThread "Monitor Deflation Thread" daemon [_thread_blocked, id=18680, stack(0x000000102ed00000,0x000000102ee00000)]
  0x00000157022ceb40 JavaThread "C2 CompilerThread0" daemon [_thread_blocked, id=20580, stack(0x000000102ee00000,0x000000102ef00000)]
=>0x00000157022d2670 JavaThread "C1 CompilerThread0" daemon [_thread_in_vm, id=19768, stack(0x000000102ef00000,0x000000102f000000)]
  0x00000157022d6510 JavaThread "Sweeper thread" daemon [_thread_blocked, id=11592, stack(0x000000102f000000,0x000000102f100000)]
  0x00000157022d4a80 JavaThread "Notification Thread" daemon [_thread_blocked, id=16556, stack(0x000000102f100000,0x000000102f200000)]
  0x00000157022d3a90 JavaThread "Common-Cleaner" daemon [_thread_blocked, id=17332, stack(0x000000102f300000,0x000000102f400000)]
  0x00000157022d4fd0 JavaThread "QuantumRenderer-0" daemon [_thread_blocked, id=17524, stack(0x000000102f400000,0x000000102f500000)]
  0x00000157022d4530 JavaThread "InvokeLaterDispatcher" daemon [_thread_blocked, id=15160, stack(0x000000102f600000,0x000000102f700000)]
  0x00000157022d6a60 JavaThread "JavaFX Application Thread" [_thread_blocked, id=2116, stack(0x000000102f700000,0x000000102f800000)]
  0x00000157022d3fe0 JavaThread "JavaFX-Launcher" [_thread_blocked, id=1472, stack(0x000000102fb00000,0x000000102fc00000)]
  0x00000157022d5fc0 JavaThread "Thread-2" daemon [_thread_in_native, id=20056, stack(0x000000102fa00000,0x000000102fb00000)]
  0x00000157074aeac0 JavaThread "Prism Font Disposer" daemon [_thread_blocked, id=4568, stack(0x000000102fc00000,0x000000102fd00000)]
  0x000001571031ae20 JavaThread "C2 CompilerThread1" daemon [_thread_in_native, id=7088, stack(0x0000001030300000,0x0000001030400000)]
  0x00000157074abaf0 JavaThread "Timer-0" [_thread_blocked, id=2688, stack(0x0000001030400000,0x0000001030500000)]
  0x00000157074af560 JavaThread "Cleaner-0" daemon [_thread_blocked, id=8928, stack(0x0000001030500000,0x0000001030600000)]

Other Threads:
  0x00000157022a01a0 VMThread "VM Thread" [stack: 0x000000102e700000,0x000000102e800000] [id=18560]
  0x000001570663d810 WatcherThread "VM Periodic Task Thread" [stack: 0x000000102f200000,0x000000102f300000] [id=8704]
  0x00000157623f66e0 WorkerThread "GC Thread#0" [stack: 0x000000102e200000,0x000000102e300000] [id=5796]
  0x0000015710a25390 WorkerThread "GC Thread#1" [stack: 0x0000001030600000,0x0000001030700000] [id=14676]
  0x0000015710a21e20 WorkerThread "GC Thread#2" [stack: 0x0000001030700000,0x0000001030800000] [id=14868]
  0x0000015710a250c0 WorkerThread "GC Thread#3" [stack: 0x0000001030800000,0x0000001030900000] [id=8764]
  0x0000015710a24b20 WorkerThread "GC Thread#4" [stack: 0x0000001030900000,0x0000001030a00000] [id=12604]
  0x0000015710a24df0 WorkerThread "GC Thread#5" [stack: 0x0000001030a00000,0x0000001030b00000] [id=8756]
  0x0000015710a24580 WorkerThread "GC Thread#6" [stack: 0x0000001030b00000,0x0000001030c00000] [id=5488]
  0x0000015710a25660 WorkerThread "GC Thread#7" [stack: 0x0000001030c00000,0x0000001030d00000] [id=13248]
  0x0000015710a223c0 WorkerThread "GC Thread#8" [stack: 0x0000001030d00000,0x0000001030e00000] [id=15184]
  0x0000015710a234a0 WorkerThread "GC Thread#9" [stack: 0x0000001030e00000,0x0000001030f00000] [id=3536]
  0x0000015762407540 ConcurrentGCThread "G1 Main Marker" [stack: 0x000000102e300000,0x000000102e400000] [id=6744]
  0x0000015762407f70 WorkerThread "G1 Conc#0" [stack: 0x000000102e400000,0x000000102e500000] [id=7444]
  0x000001570215a520 ConcurrentGCThread "G1 Refine#0" [stack: 0x000000102e500000,0x000000102e600000] [id=2616]
  0x000001570215bd20 ConcurrentGCThread "G1 Service" [stack: 0x000000102e600000,0x000000102e700000] [id=9084]

Threads with active compile tasks:
C1 CompilerThread0     5051 2311       3       com.sun.prism.impl.ps.BaseShaderContext::updatePaintShader (165 bytes)
C2 CompilerThread1     5051 1906 %     4       com.sun.marlin.Renderer::_endRendering @ 235 (2473 bytes)

VM state: not at safepoint (normal execution)

VM Mutex/Monitor currently owned by a thread:  ([mutex/lock_event])
[0x000001576002bb70] Metaspace_lock - owner thread: 0x00000157022d2670
[0x0000015762391e40] MethodData_lock - owner thread: 0x00000157022d2670

Heap address: 0x0000000082000000, size: 2016 MB, Compressed Oops mode: 32-bit

CDS archive(s) mapped at: [0x0000000800000000-0x0000000800c40000-0x0000000800c40000), size 12845056, SharedBaseAddress: 0x0000000800000000, ArchiveRelocationMode: 0.
Compressed class space mapped at: 0x0000000801000000-0x0000000841000000, reserved size: 1073741824
Narrow klass base: 0x0000000800000000, Narrow klass shift: 0, Narrow klass range: 0x100000000

GC Precious Log:
 CardTable entry size: 512
 Card Set container configuration: InlinePtr #cards 5 size 8 Array Of Cards #cards 12 size 40 Howl #buckets 4 coarsen threshold 1843 Howl Bitmap #cards 512 size 80 coarsen threshold 460 Card regions per heap region 1 cards per card region 2048
 CPUs: 12 total, 12 available
 Memory: 8059M
 Large Page Support: Disabled
 NUMA Support: Disabled
 Compressed Oops: Enabled (32-bit)
 Heap Region Size: 1M
 Heap Min Capacity: 8M
 Heap Initial Capacity: 126M
 Heap Max Capacity: 2016M
 Pre-touch: Disabled
 Parallel Workers: 10
 Concurrent Workers: 3
 Concurrent Refinement Workers: 10
 Periodic GC: Disabled

Heap:
 garbage-first heap   total 129024K, used 11002K [0x0000000082000000, 0x0000000100000000)
  region size 1024K, 4 young (4096K), 3 survivors (3072K)
 Metaspace       used 12667K, committed 12864K, reserved 1114112K
  class space    used 1748K, committed 1856K, reserved 1048576K

Heap Regions: E=young(eden), S=young(survivor), O=old, HS=humongous(starts), HC=humongous(continues), CS=collection set, F=free, OA=open archive, CA=closed archive, TAMS=top-at-mark-start (previous, next)
|   0|0x0000000082000000, 0x0000000082100000, 0x0000000082100000|100%|HS|  |TAMS 0x0000000082000000, 0x0000000082000000| Complete 
|   1|0x0000000082100000, 0x0000000082200000, 0x0000000082200000|100%|HS|  |TAMS 0x0000000082100000, 0x0000000082100000| Complete 
|   2|0x0000000082200000, 0x0000000082300000, 0x0000000082300000|100%|HC|  |TAMS 0x0000000082200000, 0x0000000082200000| Complete 
|   3|0x0000000082300000, 0x0000000082400000, 0x0000000082400000|100%| O|  |TAMS 0x0000000082300000, 0x0000000082300000| Untracked 
|   4|0x0000000082400000, 0x0000000082500000, 0x0000000082500000|100%| O|  |TAMS 0x0000000082400000, 0x0000000082400000| Untracked 
|   5|0x0000000082500000, 0x0000000082600000, 0x0000000082600000|100%| O|  |TAMS 0x0000000082500000, 0x0000000082500000| Untracked 
|   6|0x0000000082600000, 0x0000000082700000, 0x0000000082700000|100%| O|  |TAMS 0x0000000082600000, 0x0000000082600000| Untracked 
|   7|0x0000000082700000, 0x00000000827bea00, 0x0000000082800000| 74%| O|  |TAMS 0x0000000082700000, 0x0000000082700000| Untracked 
|   8|0x0000000082800000, 0x0000000082800000, 0x0000000082900000|  0%| F|  |TAMS 0x0000000082800000, 0x0000000082800000| Untracked 
|   9|0x0000000082900000, 0x0000000082900000, 0x0000000082a00000|  0%| F|  |TAMS 0x0000000082900000, 0x0000000082900000| Untracked 
|  10|0x0000000082a00000, 0x0000000082a00000, 0x0000000082b00000|  0%| F|  |TAMS 0x0000000082a00000, 0x0000000082a00000| Untracked 
|  11|0x0000000082b00000, 0x0000000082b00000, 0x0000000082c00000|  0%| F|  |TAMS 0x0000000082b00000, 0x0000000082b00000| Untracked 
|  12|0x0000000082c00000, 0x0000000082c00000, 0x0000000082d00000|  0%| F|  |TAMS 0x0000000082c00000, 0x0000000082c00000| Untracked 
|  13|0x0000000082d00000, 0x0000000082d00000, 0x0000000082e00000|  0%| F|  |TAMS 0x0000000082d00000, 0x0000000082d00000| Untracked 
|  14|0x0000000082e00000, 0x0000000082e00000, 0x0000000082f00000|  0%| F|  |TAMS 0x0000000082e00000, 0x0000000082e00000| Untracked 
|  15|0x0000000082f00000, 0x0000000082f00000, 0x0000000083000000|  0%| F|  |TAMS 0x0000000082f00000, 0x0000000082f00000| Untracked 
|  16|0x0000000083000000, 0x0000000083000000, 0x0000000083100000|  0%| F|  |TAMS 0x0000000083000000, 0x0000000083000000| Untracked 
|  17|0x0000000083100000, 0x0000000083100000, 0x0000000083200000|  0%| F|  |TAMS 0x0000000083100000, 0x0000000083100000| Untracked 
|  18|0x0000000083200000, 0x0000000083200000, 0x0000000083300000|  0%| F|  |TAMS 0x0000000083200000, 0x0000000083200000| Untracked 
|  19|0x0000000083300000, 0x0000000083300000, 0x0000000083400000|  0%| F|  |TAMS 0x0000000083300000, 0x0000000083300000| Untracked 
|  20|0x0000000083400000, 0x0000000083400000, 0x0000000083500000|  0%| F|  |TAMS 0x0000000083400000, 0x0000000083400000| Untracked 
|  21|0x0000000083500000, 0x0000000083500000, 0x0000000083600000|  0%| F|  |TAMS 0x0000000083500000, 0x0000000083500000| Untracked 
|  22|0x0000000083600000, 0x0000000083600000, 0x0000000083700000|  0%| F|  |TAMS 0x0000000083600000, 0x0000000083600000| Untracked 
|  23|0x0000000083700000, 0x0000000083700000, 0x0000000083800000|  0%| F|  |TAMS 0x0000000083700000, 0x0000000083700000| Untracked 
|  24|0x0000000083800000, 0x0000000083800000, 0x0000000083900000|  0%| F|  |TAMS 0x0000000083800000, 0x0000000083800000| Untracked 
|  25|0x0000000083900000, 0x0000000083900000, 0x0000000083a00000|  0%| F|  |TAMS 0x0000000083900000, 0x0000000083900000| Untracked 
|  26|0x0000000083a00000, 0x0000000083a00000, 0x0000000083b00000|  0%| F|  |TAMS 0x0000000083a00000, 0x0000000083a00000| Untracked 
|  27|0x0000000083b00000, 0x0000000083b00000, 0x0000000083c00000|  0%| F|  |TAMS 0x0000000083b00000, 0x0000000083b00000| Untracked 
|  28|0x0000000083c00000, 0x0000000083c00000, 0x0000000083d00000|  0%| F|  |TAMS 0x0000000083c00000, 0x0000000083c00000| Untracked 
|  29|0x0000000083d00000, 0x0000000083d00000, 0x0000000083e00000|  0%| F|  |TAMS 0x0000000083d00000, 0x0000000083d00000| Untracked 
|  30|0x0000000083e00000, 0x0000000083e00000, 0x0000000083f00000|  0%| F|  |TAMS 0x0000000083e00000, 0x0000000083e00000| Untracked 
|  31|0x0000000083f00000, 0x0000000083f00000, 0x0000000084000000|  0%| F|  |TAMS 0x0000000083f00000, 0x0000000083f00000| Untracked 
|  32|0x0000000084000000, 0x0000000084000000, 0x0000000084100000|  0%| F|  |TAMS 0x0000000084000000, 0x0000000084000000| Untracked 
|  33|0x0000000084100000, 0x0000000084100000, 0x0000000084200000|  0%| F|  |TAMS 0x0000000084100000, 0x0000000084100000| Untracked 
|  34|0x0000000084200000, 0x0000000084200000, 0x0000000084300000|  0%| F|  |TAMS 0x0000000084200000, 0x0000000084200000| Untracked 
|  35|0x0000000084300000, 0x0000000084300000, 0x0000000084400000|  0%| F|  |TAMS 0x0000000084300000, 0x0000000084300000| Untracked 
|  36|0x0000000084400000, 0x0000000084400000, 0x0000000084500000|  0%| F|  |TAMS 0x0000000084400000, 0x0000000084400000| Untracked 
|  37|0x0000000084500000, 0x0000000084500000, 0x0000000084600000|  0%| F|  |TAMS 0x0000000084500000, 0x0000000084500000| Untracked 
|  38|0x0000000084600000, 0x0000000084600000, 0x0000000084700000|  0%| F|  |TAMS 0x0000000084600000, 0x0000000084600000| Untracked 
|  39|0x0000000084700000, 0x0000000084700000, 0x0000000084800000|  0%| F|  |TAMS 0x0000000084700000, 0x0000000084700000| Untracked 
|  40|0x0000000084800000, 0x0000000084800000, 0x0000000084900000|  0%| F|  |TAMS 0x0000000084800000, 0x0000000084800000| Untracked 
|  41|0x0000000084900000, 0x0000000084900000, 0x0000000084a00000|  0%| F|  |TAMS 0x0000000084900000, 0x0000000084900000| Untracked 
|  42|0x0000000084a00000, 0x0000000084a00000, 0x0000000084b00000|  0%| F|  |TAMS 0x0000000084a00000, 0x0000000084a00000| Untracked 
|  43|0x0000000084b00000, 0x0000000084b00000, 0x0000000084c00000|  0%| F|  |TAMS 0x0000000084b00000, 0x0000000084b00000| Untracked 
|  44|0x0000000084c00000, 0x0000000084c00000, 0x0000000084d00000|  0%| F|  |TAMS 0x0000000084c00000, 0x0000000084c00000| Untracked 
|  45|0x0000000084d00000, 0x0000000084d00000, 0x0000000084e00000|  0%| F|  |TAMS 0x0000000084d00000, 0x0000000084d00000| Untracked 
|  46|0x0000000084e00000, 0x0000000084e00000, 0x0000000084f00000|  0%| F|  |TAMS 0x0000000084e00000, 0x0000000084e00000| Untracked 
|  47|0x0000000084f00000, 0x0000000084f00000, 0x0000000085000000|  0%| F|  |TAMS 0x0000000084f00000, 0x0000000084f00000| Untracked 
|  48|0x0000000085000000, 0x0000000085000000, 0x0000000085100000|  0%| F|  |TAMS 0x0000000085000000, 0x0000000085000000| Untracked 
|  49|0x0000000085100000, 0x0000000085100000, 0x0000000085200000|  0%| F|  |TAMS 0x0000000085100000, 0x0000000085100000| Untracked 
|  50|0x0000000085200000, 0x0000000085200000, 0x0000000085300000|  0%| F|  |TAMS 0x0000000085200000, 0x0000000085200000| Untracked 
|  51|0x0000000085300000, 0x0000000085300000, 0x0000000085400000|  0%| F|  |TAMS 0x0000000085300000, 0x0000000085300000| Untracked 
|  52|0x0000000085400000, 0x0000000085400000, 0x0000000085500000|  0%| F|  |TAMS 0x0000000085400000, 0x0000000085400000| Untracked 
|  53|0x0000000085500000, 0x0000000085500000, 0x0000000085600000|  0%| F|  |TAMS 0x0000000085500000, 0x0000000085500000| Untracked 
|  54|0x0000000085600000, 0x0000000085600000, 0x0000000085700000|  0%| F|  |TAMS 0x0000000085600000, 0x0000000085600000| Untracked 
|  55|0x0000000085700000, 0x0000000085700000, 0x0000000085800000|  0%| F|  |TAMS 0x0000000085700000, 0x0000000085700000| Untracked 
|  56|0x0000000085800000, 0x0000000085800000, 0x0000000085900000|  0%| F|  |TAMS 0x0000000085800000, 0x0000000085800000| Untracked 
|  57|0x0000000085900000, 0x0000000085900000, 0x0000000085a00000|  0%| F|  |TAMS 0x0000000085900000, 0x0000000085900000| Untracked 
|  58|0x0000000085a00000, 0x0000000085a00000, 0x0000000085b00000|  0%| F|  |TAMS 0x0000000085a00000, 0x0000000085a00000| Untracked 
|  59|0x0000000085b00000, 0x0000000085b00000, 0x0000000085c00000|  0%| F|  |TAMS 0x0000000085b00000, 0x0000000085b00000| Untracked 
|  60|0x0000000085c00000, 0x0000000085c00000, 0x0000000085d00000|  0%| F|  |TAMS 0x0000000085c00000, 0x0000000085c00000| Untracked 
|  61|0x0000000085d00000, 0x0000000085d00000, 0x0000000085e00000|  0%| F|  |TAMS 0x0000000085d00000, 0x0000000085d00000| Untracked 
|  62|0x0000000085e00000, 0x0000000085e00000, 0x0000000085f00000|  0%| F|  |TAMS 0x0000000085e00000, 0x0000000085e00000| Untracked 
|  63|0x0000000085f00000, 0x0000000085f00000, 0x0000000086000000|  0%| F|  |TAMS 0x0000000085f00000, 0x0000000085f00000| Untracked 
|  64|0x0000000086000000, 0x0000000086000000, 0x0000000086100000|  0%| F|  |TAMS 0x0000000086000000, 0x0000000086000000| Untracked 
|  65|0x0000000086100000, 0x0000000086100000, 0x0000000086200000|  0%| F|  |TAMS 0x0000000086100000, 0x0000000086100000| Untracked 
|  66|0x0000000086200000, 0x0000000086200000, 0x0000000086300000|  0%| F|  |TAMS 0x0000000086200000, 0x0000000086200000| Untracked 
|  67|0x0000000086300000, 0x0000000086300000, 0x0000000086400000|  0%| F|  |TAMS 0x0000000086300000, 0x0000000086300000| Untracked 
|  68|0x0000000086400000, 0x0000000086400000, 0x0000000086500000|  0%| F|  |TAMS 0x0000000086400000, 0x0000000086400000| Untracked 
|  69|0x0000000086500000, 0x0000000086500000, 0x0000000086600000|  0%| F|  |TAMS 0x0000000086500000, 0x0000000086500000| Untracked 
|  70|0x0000000086600000, 0x0000000086600000, 0x0000000086700000|  0%| F|  |TAMS 0x0000000086600000, 0x0000000086600000| Untracked 
|  71|0x0000000086700000, 0x0000000086700000, 0x0000000086800000|  0%| F|  |TAMS 0x0000000086700000, 0x0000000086700000| Untracked 
|  72|0x0000000086800000, 0x0000000086800000, 0x0000000086900000|  0%| F|  |TAMS 0x0000000086800000, 0x0000000086800000| Untracked 
|  73|0x0000000086900000, 0x0000000086900000, 0x0000000086a00000|  0%| F|  |TAMS 0x0000000086900000, 0x0000000086900000| Untracked 
|  74|0x0000000086a00000, 0x0000000086a00000, 0x0000000086b00000|  0%| F|  |TAMS 0x0000000086a00000, 0x0000000086a00000| Untracked 
|  75|0x0000000086b00000, 0x0000000086b00000, 0x0000000086c00000|  0%| F|  |TAMS 0x0000000086b00000, 0x0000000086b00000| Untracked 
|  76|0x0000000086c00000, 0x0000000086c00000, 0x0000000086d00000|  0%| F|  |TAMS 0x0000000086c00000, 0x0000000086c00000| Untracked 
|  77|0x0000000086d00000, 0x0000000086d00000, 0x0000000086e00000|  0%| F|  |TAMS 0x0000000086d00000, 0x0000000086d00000| Untracked 
|  78|0x0000000086e00000, 0x0000000086e00000, 0x0000000086f00000|  0%| F|  |TAMS 0x0000000086e00000, 0x0000000086e00000| Untracked 
|  79|0x0000000086f00000, 0x0000000086f00000, 0x0000000087000000|  0%| F|  |TAMS 0x0000000086f00000, 0x0000000086f00000| Untracked 
|  80|0x0000000087000000, 0x0000000087000000, 0x0000000087100000|  0%| F|  |TAMS 0x0000000087000000, 0x0000000087000000| Untracked 
|  81|0x0000000087100000, 0x0000000087100000, 0x0000000087200000|  0%| F|  |TAMS 0x0000000087100000, 0x0000000087100000| Untracked 
|  82|0x0000000087200000, 0x0000000087200000, 0x0000000087300000|  0%| F|  |TAMS 0x0000000087200000, 0x0000000087200000| Untracked 
|  83|0x0000000087300000, 0x0000000087300000, 0x0000000087400000|  0%| F|  |TAMS 0x0000000087300000, 0x0000000087300000| Untracked 
|  84|0x0000000087400000, 0x0000000087400000, 0x0000000087500000|  0%| F|  |TAMS 0x0000000087400000, 0x0000000087400000| Untracked 
|  85|0x0000000087500000, 0x0000000087500000, 0x0000000087600000|  0%| F|  |TAMS 0x0000000087500000, 0x0000000087500000| Untracked 
|  86|0x0000000087600000, 0x0000000087600000, 0x0000000087700000|  0%| F|  |TAMS 0x0000000087600000, 0x0000000087600000| Untracked 
|  87|0x0000000087700000, 0x0000000087700000, 0x0000000087800000|  0%| F|  |TAMS 0x0000000087700000, 0x0000000087700000| Untracked 
|  88|0x0000000087800000, 0x0000000087800000, 0x0000000087900000|  0%| F|  |TAMS 0x0000000087800000, 0x0000000087800000| Untracked 
|  89|0x0000000087900000, 0x0000000087900000, 0x0000000087a00000|  0%| F|  |TAMS 0x0000000087900000, 0x0000000087900000| Untracked 
|  90|0x0000000087a00000, 0x0000000087a00000, 0x0000000087b00000|  0%| F|  |TAMS 0x0000000087a00000, 0x0000000087a00000| Untracked 
|  91|0x0000000087b00000, 0x0000000087b00000, 0x0000000087c00000|  0%| F|  |TAMS 0x0000000087b00000, 0x0000000087b00000| Untracked 
|  92|0x0000000087c00000, 0x0000000087c00000, 0x0000000087d00000|  0%| F|  |TAMS 0x0000000087c00000, 0x0000000087c00000| Untracked 
|  93|0x0000000087d00000, 0x0000000087d00000, 0x0000000087e00000|  0%| F|  |TAMS 0x0000000087d00000, 0x0000000087d00000| Untracked 
|  94|0x0000000087e00000, 0x0000000087e00000, 0x0000000087f00000|  0%| F|  |TAMS 0x0000000087e00000, 0x0000000087e00000| Untracked 
|  95|0x0000000087f00000, 0x0000000087f00000, 0x0000000088000000|  0%| F|  |TAMS 0x0000000087f00000, 0x0000000087f00000| Untracked 
|  96|0x0000000088000000, 0x0000000088000000, 0x0000000088100000|  0%| F|  |TAMS 0x0000000088000000, 0x0000000088000000| Untracked 
|  97|0x0000000088100000, 0x0000000088100000, 0x0000000088200000|  0%| F|  |TAMS 0x0000000088100000, 0x0000000088100000| Untracked 
|  98|0x0000000088200000, 0x0000000088200000, 0x0000000088300000|  0%| F|  |TAMS 0x0000000088200000, 0x0000000088200000| Untracked 
|  99|0x0000000088300000, 0x0000000088300000, 0x0000000088400000|  0%| F|  |TAMS 0x0000000088300000, 0x0000000088300000| Untracked 
| 100|0x0000000088400000, 0x0000000088500000, 0x0000000088500000|100%| S|CS|TAMS 0x0000000088400000, 0x0000000088400000| Complete 
| 101|0x0000000088500000, 0x0000000088600000, 0x0000000088600000|100%| S|CS|TAMS 0x0000000088500000, 0x0000000088500000| Complete 
| 102|0x0000000088600000, 0x0000000088700000, 0x0000000088700000|100%| S|CS|TAMS 0x0000000088600000, 0x0000000088600000| Complete 
| 103|0x0000000088700000, 0x0000000088700000, 0x0000000088800000|  0%| F|  |TAMS 0x0000000088700000, 0x0000000088700000| Untracked 
| 104|0x0000000088800000, 0x0000000088800000, 0x0000000088900000|  0%| F|  |TAMS 0x0000000088800000, 0x0000000088800000| Untracked 
| 105|0x0000000088900000, 0x0000000088900000, 0x0000000088a00000|  0%| F|  |TAMS 0x0000000088900000, 0x0000000088900000| Untracked 
| 106|0x0000000088a00000, 0x0000000088a00000, 0x0000000088b00000|  0%| F|  |TAMS 0x0000000088a00000, 0x0000000088a00000| Untracked 
| 107|0x0000000088b00000, 0x0000000088b00000, 0x0000000088c00000|  0%| F|  |TAMS 0x0000000088b00000, 0x0000000088b00000| Untracked 
| 108|0x0000000088c00000, 0x0000000088c00000, 0x0000000088d00000|  0%| F|  |TAMS 0x0000000088c00000, 0x0000000088c00000| Untracked 
| 109|0x0000000088d00000, 0x0000000088d00000, 0x0000000088e00000|  0%| F|  |TAMS 0x0000000088d00000, 0x0000000088d00000| Untracked 
| 110|0x0000000088e00000, 0x0000000088e00000, 0x0000000088f00000|  0%| F|  |TAMS 0x0000000088e00000, 0x0000000088e00000| Untracked 
| 111|0x0000000088f00000, 0x0000000088f00000, 0x0000000089000000|  0%| F|  |TAMS 0x0000000088f00000, 0x0000000088f00000| Untracked 
| 112|0x0000000089000000, 0x0000000089000000, 0x0000000089100000|  0%| F|  |TAMS 0x0000000089000000, 0x0000000089000000| Untracked 
| 113|0x0000000089100000, 0x0000000089100000, 0x0000000089200000|  0%| F|  |TAMS 0x0000000089100000, 0x0000000089100000| Untracked 
| 114|0x0000000089200000, 0x0000000089200000, 0x0000000089300000|  0%| F|  |TAMS 0x0000000089200000, 0x0000000089200000| Untracked 
| 115|0x0000000089300000, 0x0000000089300000, 0x0000000089400000|  0%| F|  |TAMS 0x0000000089300000, 0x0000000089300000| Untracked 
| 116|0x0000000089400000, 0x0000000089400000, 0x0000000089500000|  0%| F|  |TAMS 0x0000000089400000, 0x0000000089400000| Untracked 
| 117|0x0000000089500000, 0x0000000089500000, 0x0000000089600000|  0%| F|  |TAMS 0x0000000089500000, 0x0000000089500000| Untracked 
| 118|0x0000000089600000, 0x0000000089600000, 0x0000000089700000|  0%| F|  |TAMS 0x0000000089600000, 0x0000000089600000| Untracked 
| 119|0x0000000089700000, 0x0000000089700000, 0x0000000089800000|  0%| F|  |TAMS 0x0000000089700000, 0x0000000089700000| Untracked 
| 120|0x0000000089800000, 0x0000000089800000, 0x0000000089900000|  0%| F|  |TAMS 0x0000000089800000, 0x0000000089800000| Untracked 
| 121|0x0000000089900000, 0x0000000089900000, 0x0000000089a00000|  0%| F|  |TAMS 0x0000000089900000, 0x0000000089900000| Untracked 
| 122|0x0000000089a00000, 0x0000000089a00000, 0x0000000089b00000|  0%| F|  |TAMS 0x0000000089a00000, 0x0000000089a00000| Untracked 
| 123|0x0000000089b00000, 0x0000000089b00000, 0x0000000089c00000|  0%| F|  |TAMS 0x0000000089b00000, 0x0000000089b00000| Untracked 
| 124|0x0000000089c00000, 0x0000000089c00000, 0x0000000089d00000|  0%| F|  |TAMS 0x0000000089c00000, 0x0000000089c00000| Untracked 
| 125|0x0000000089d00000, 0x0000000089de7808, 0x0000000089e00000| 90%| E|  |TAMS 0x0000000089d00000, 0x0000000089d00000| Complete 

Card table byte_map: [0x000001577af40000,0x000001577b330000] _byte_map_base: 0x000001577ab30000

Marking Bits (Prev, Next): (CMBitMap*) 0x00000157623f6d10, (CMBitMap*) 0x00000157623f6d50
 Prev Bits: [0x000001577b720000, 0x000001577d6a0000)
 Next Bits: [0x000001577d6a0000, 0x000001577f620000)

Polling page: 0x00000157602d0000

Metaspace:

Usage:
  Non-class:     10.66 MB used.
      Class:      1.71 MB used.
       Both:     12.37 MB used.

Virtual space:
  Non-class space:       64.00 MB reserved,      10.75 MB ( 17%) committed,  1 nodes.
      Class space:        1.00 GB reserved,       1.81 MB ( <1%) committed,  1 nodes.
             Both:        1.06 GB reserved,      12.56 MB (  1%) committed. 

Chunk freelists:
   Non-Class:  3.36 MB
       Class:  2.14 MB
        Both:  5.50 MB

MaxMetaspaceSize: unlimited
CompressedClassSpaceSize: 1.00 GB
Initial GC threshold: 21.00 MB
Current GC threshold: 21.00 MB
CDS: on
MetaspaceReclaimPolicy: balanced
 - commit_granule_bytes: 65536.
 - commit_granule_words: 8192.
 - virtual_space_node_default_size: 8388608.
 - enlarge_chunks_in_place: 1.
 - new_chunks_are_fully_committed: 0.
 - uncommit_free_chunks: 1.
 - use_allocation_guard: 0.


Internal statistics:

num_allocs_failed_limit: 0.
num_arena_births: 230.
num_arena_deaths: 0.
num_vsnodes_births: 2.
num_vsnodes_deaths: 0.
num_space_committed: 201.
num_space_uncommitted: 0.
num_chunks_returned_to_freelist: 0.
num_chunks_taken_from_freelist: 702.
num_chunk_merges: 0.
num_chunk_splits: 484.
num_chunks_enlarged: 374.
num_inconsistent_stats: 0.

CodeHeap 'non-profiled nmethods': size=120000Kb used=769Kb max_used=769Kb free=119230Kb
 bounds [0x00000157730d0000, 0x0000015773340000, 0x000001577a600000]
CodeHeap 'profiled nmethods': size=120000Kb used=4090Kb max_used=4090Kb free=115909Kb
 bounds [0x000001576b600000, 0x000001576ba00000, 0x0000015772b30000]
CodeHeap 'non-nmethods': size=5760Kb used=1511Kb max_used=1553Kb free=4248Kb
 bounds [0x0000015772b30000, 0x0000015772da0000, 0x00000157730d0000]
 total_blobs=3093 nmethods=2304 adapters=699
 compilation: enabled
              stopped_count=0, restarted_count=0
 full_count=0

Compilation events (20 events):
Event: 5.024 Thread 0x00000157022d2670 2299       3       com.sun.javafx.geom.transform.AffineBase::calculateType (598 bytes)
Event: 5.024 Thread 0x00000157022ceb40 nmethod 2297 0x000001577318ef10 code [0x000001577318f0c0, 0x000001577318f1b8]
Event: 5.024 Thread 0x00000157022ceb40 2298  s    4       java.util.Vector::removeAllElements (43 bytes)
Event: 5.024 Thread 0x00000157022d2670 nmethod 2299 0x000001576b9f8210 code [0x000001576b9f84c0, 0x000001576b9f9568]
Event: 5.024 Thread 0x00000157022d2670 2301       3       com.sun.prism.d3d.D3DTexture::update (216 bytes)
Event: 5.025 Thread 0x00000157022d2670 nmethod 2301 0x000001576b9f9690 code [0x000001576b9f9ae0, 0x000001576b9fc448]
Event: 5.025 Thread 0x00000157022d2670 2302       3       javafx.scene.paint.Paint$1::getPlatformPaint (5 bytes)
Event: 5.025 Thread 0x00000157022ceb40 nmethod 2298 0x000001577318f690 code [0x000001577318f820, 0x000001577318fab8]
Event: 5.025 Thread 0x00000157022d2670 nmethod 2302 0x000001576b9fd090 code [0x000001576b9fd240, 0x000001576b9fd408]
Event: 5.025 Thread 0x00000157022d2670 2303       3       javafx.scene.paint.Color::acc_getPlatformPaint (23 bytes)
Event: 5.025 Thread 0x00000157022d2670 nmethod 2303 0x000001576b9fd510 code [0x000001576b9fd6c0, 0x000001576b9fd958]
Event: 5.025 Thread 0x00000157022d2670 2304       3       com.sun.scenario.effect.Effect::getDefaultedInput (18 bytes)
Event: 5.026 Thread 0x00000157022d2670 nmethod 2304 0x000001576b9fda90 code [0x000001576b9fdc60, 0x000001576b9fdfe8]
Event: 5.026 Thread 0x00000157022d2670 2305       3       com.sun.scenario.effect.Effect::getDefaultedInput (10 bytes)
Event: 5.026 Thread 0x00000157022d2670 nmethod 2305 0x000001576b9fe110 code [0x000001576b9fe2a0, 0x000001576b9fe3d8]
Event: 5.027 Thread 0x00000157022d2670 2306       3       com.sun.javafx.sg.prism.NGRectangle::isRounded (30 bytes)
Event: 5.027 Thread 0x00000157022ceb40 2310       4       com.sun.javafx.geom.AreaOp$NZWindOp::classify (40 bytes)
Event: 5.027 Thread 0x00000157022d2670 nmethod 2306 0x000001576b9fe490 code [0x000001576b9fe640, 0x000001576b9fe838]
Event: 5.027 Thread 0x00000157022d2670 2311       3       com.sun.prism.impl.ps.BaseShaderContext::updatePaintShader (165 bytes)
Event: 5.028 Thread 0x00000157022ceb40 nmethod 2310 0x000001577318fb90 code [0x000001577318fd20, 0x000001577318fdd8]

GC Heap History (2 events):
Event: 5.006 GC heap before
{Heap before GC invocations=0 (full 0):
 garbage-first heap   total 129024K, used 25600K [0x0000000082000000, 0x0000000100000000)
  region size 1024K, 23 young (23552K), 0 survivors (0K)
 Metaspace       used 12604K, committed 12864K, reserved 1114112K
  class space    used 1747K, committed 1856K, reserved 1048576K
}
Event: 5.015 GC heap after
{Heap after GC invocations=1 (full 0):
 garbage-first heap   total 129024K, used 11002K [0x0000000082000000, 0x0000000100000000)
  region size 1024K, 3 young (3072K), 3 survivors (3072K)
 Metaspace       used 12604K, committed 12864K, reserved 1114112K
  class space    used 1747K, committed 1856K, reserved 1048576K
}

Dll operation events (20 events):
Event: 0.111 Loaded shared library C:\Program Files\Zulu\zulu-19\bin\api-ms-win-crt-locale-l1-1-0.dll
Event: 0.112 Loaded shared library C:\Program Files\Zulu\zulu-19\bin\api-ms-win-crt-math-l1-1-0.dll
Event: 0.113 Loaded shared library C:\Program Files\Zulu\zulu-19\bin\api-ms-win-crt-multibyte-l1-1-0.dll
Event: 0.114 Loaded shared library C:\Program Files\Zulu\zulu-19\bin\api-ms-win-crt-private-l1-1-0.dll
Event: 0.115 Loaded shared library C:\Program Files\Zulu\zulu-19\bin\api-ms-win-crt-process-l1-1-0.dll
Event: 0.116 Loaded shared library C:\Program Files\Zulu\zulu-19\bin\api-ms-win-crt-runtime-l1-1-0.dll
Event: 0.117 Loaded shared library C:\Program Files\Zulu\zulu-19\bin\api-ms-win-crt-stdio-l1-1-0.dll
Event: 0.118 Loaded shared library C:\Program Files\Zulu\zulu-19\bin\api-ms-win-crt-string-l1-1-0.dll
Event: 0.119 Loaded shared library C:\Program Files\Zulu\zulu-19\bin\api-ms-win-crt-time-l1-1-0.dll
Event: 0.120 Loaded shared library C:\Program Files\Zulu\zulu-19\bin\api-ms-win-crt-utility-l1-1-0.dll
Event: 0.121 Loaded shared library C:\Program Files\Zulu\zulu-19\bin\ucrtbase.dll
Event: 0.122 Loaded shared library C:\Program Files\Zulu\zulu-19\bin\vcruntime140.dll
Event: 0.122 Loaded shared library C:\Program Files\Zulu\zulu-19\bin\vcruntime140_1.dll
Event: 0.123 Loaded shared library C:\Program Files\Zulu\zulu-19\bin\msvcp140.dll
Event: 0.123 Loaded shared library C:\Program Files\Zulu\zulu-19\bin\msvcp140_1.dll
Event: 0.124 Loaded shared library C:\Program Files\Zulu\zulu-19\bin\msvcp140_2.dll
Event: 0.142 Loaded shared library C:\Program Files\Zulu\zulu-19\bin\prism_d3d.dll
Event: 0.193 Loaded shared library C:\Program Files\Zulu\zulu-19\bin\glass.dll
Event: 0.360 Loaded shared library C:\Program Files\Zulu\zulu-19\bin\zip.dll
Event: 0.383 Loaded shared library C:\Program Files\Zulu\zulu-19\bin\javafx_font.dll

Deoptimization events (20 events):
Event: 4.789 Thread 0x00000157022d6a60 DEOPT PACKING pc=0x0000015773150c4c sp=0x000000102f7fc670
Event: 4.789 Thread 0x00000157022d6a60 DEOPT UNPACKING pc=0x0000015772b96da3 sp=0x000000102f7fc610 mode 2
Event: 4.789 Thread 0x00000157022d6a60 Uncommon trap: trap_request=0xffffffde fr.pc=0x0000015773150c4c relative=0x00000000000000ac
Event: 4.789 Thread 0x00000157022d6a60 Uncommon trap: reason=class_check action=maybe_recompile pc=0x0000015773150c4c method=com.sun.javafx.css.StyleMap.isEmpty()Z @ 11 c2
Event: 4.789 Thread 0x00000157022d6a60 DEOPT PACKING pc=0x0000015773150c4c sp=0x000000102f7fc670
Event: 4.789 Thread 0x00000157022d6a60 DEOPT UNPACKING pc=0x0000015772b96da3 sp=0x000000102f7fc610 mode 2
Event: 4.789 Thread 0x00000157022d6a60 Uncommon trap: trap_request=0xffffffde fr.pc=0x0000015773150c4c relative=0x00000000000000ac
Event: 4.789 Thread 0x00000157022d6a60 Uncommon trap: reason=class_check action=maybe_recompile pc=0x0000015773150c4c method=com.sun.javafx.css.StyleMap.isEmpty()Z @ 11 c2
Event: 4.789 Thread 0x00000157022d6a60 DEOPT PACKING pc=0x0000015773150c4c sp=0x000000102f7fc670
Event: 4.789 Thread 0x00000157022d6a60 DEOPT UNPACKING pc=0x0000015772b96da3 sp=0x000000102f7fc610 mode 2
Event: 4.878 Thread 0x00000157022d4fd0 DEOPT PACKING pc=0x000001576b901e7b sp=0x000000102f4fd5e0
Event: 4.878 Thread 0x00000157022d4fd0 DEOPT UNPACKING pc=0x0000015772b97543 sp=0x000000102f4fc9a8 mode 0
Event: 4.881 Thread 0x00000157022d4fd0 DEOPT PACKING pc=0x000001576b901e7b sp=0x000000102f4fd770
Event: 4.881 Thread 0x00000157022d4fd0 DEOPT UNPACKING pc=0x0000015772b97543 sp=0x000000102f4fcb38 mode 0
Event: 4.883 Thread 0x00000157022d4fd0 DEOPT PACKING pc=0x000001576b900842 sp=0x000000102f4fd8b0
Event: 4.883 Thread 0x00000157022d4fd0 DEOPT UNPACKING pc=0x0000015772b97543 sp=0x000000102f4fcd60 mode 0
Event: 5.015 Thread 0x00000157022d4fd0 Uncommon trap: trap_request=0xffffff45 fr.pc=0x000001577318a090 relative=0x00000000000000f0
Event: 5.015 Thread 0x00000157022d4fd0 Uncommon trap: reason=unstable_if action=reinterpret pc=0x000001577318a090 method=java.lang.ref.SoftReference.get()Ljava/lang/Object; @ 17 c2
Event: 5.015 Thread 0x00000157022d4fd0 DEOPT PACKING pc=0x000001577318a090 sp=0x000000102f4fda70
Event: 5.015 Thread 0x00000157022d4fd0 DEOPT UNPACKING pc=0x0000015772b96da3 sp=0x000000102f4fda20 mode 2

Classes loaded (20 events):
Event: 4.663 Loading class java/util/TaskQueue
Event: 4.663 Loading class java/util/TaskQueue done
Event: 4.663 Loading class java/util/TimerThread
Event: 4.663 Loading class java/util/TimerThread done
Event: 4.663 Loading class java/util/Timer$ThreadReaper
Event: 4.664 Loading class java/util/Timer$ThreadReaper done
Event: 4.666 Loading class java/util/Collections$SingletonList
Event: 4.666 Loading class java/util/Collections$SingletonList done
Event: 4.698 Loading class java/io/CharArrayReader
Event: 4.698 Loading class java/io/CharArrayReader done
Event: 4.698 Loading class java/io/BufferedReader
Event: 4.698 Loading class java/io/BufferedReader done
Event: 4.816 Loading class java/lang/ArrayIndexOutOfBoundsException
Event: 4.816 Loading class java/lang/ArrayIndexOutOfBoundsException done
Event: 4.827 Loading class jdk/internal/ref/CleanerImpl$InnocuousThreadFactory
Event: 4.827 Loading class jdk/internal/ref/CleanerImpl$InnocuousThreadFactory done
Event: 4.834 Loading class sun/misc/Unsafe
Event: 4.834 Loading class sun/misc/Unsafe done
Event: 4.835 Loading class java/lang/invoke/DirectMethodHandle$StaticAccessor
Event: 4.836 Loading class java/lang/invoke/DirectMethodHandle$StaticAccessor done

Classes unloaded (0 events):
No events

Classes redefined (0 events):
No events

Internal exceptions (20 events):
Event: 0.475 Thread 0x00000157022d6a60 Exception <a 'java/lang/NoSuchMethodError'{0x000000008942cc20}: 'java.lang.Object java.lang.invoke.DirectMethodHandle$Holder.invokeStatic(java.lang.Object, java.lang.Object, java.lang.Object, java.lang.Object, int)'> (0x000000008942cc20) 
thrown [s\src\hotspot\share\interpreter\linkResolver.cpp, line 774]
Event: 0.476 Thread 0x00000157022d6a60 Exception <a 'java/lang/NoSuchMethodError'{0x0000000089435488}: 'int java.lang.invoke.DirectMethodHandle$Holder.invokeSpecial(java.lang.Object, java.lang.Object, java.lang.Object)'> (0x0000000089435488) 
thrown [s\src\hotspot\share\interpreter\linkResolver.cpp, line 774]
Event: 0.481 Thread 0x00000157022d6a60 Exception <a 'java/lang/NoSuchMethodError'{0x0000000089459fd8}: 'java.lang.Object java.lang.invoke.DirectMethodHandle$Holder.newInvokeSpecial(java.lang.Object, java.lang.Object, int)'> (0x0000000089459fd8) 
thrown [s\src\hotspot\share\interpreter\linkResolver.cpp, line 774]
Event: 0.500 Thread 0x00000157022d4fd0 Exception <a 'java/lang/NoSuchMethodError'{0x0000000089aaa8d8}: 'int java.lang.invoke.DirectMethodHandle$Holder.invokeStaticInit(java.lang.Object, java.lang.Object)'> (0x0000000089aaa8d8) 
thrown [s\src\hotspot\share\interpreter\linkResolver.cpp, line 774]
Event: 0.513 Thread 0x00000157022d4fd0 Exception <a 'java/lang/NoSuchMethodError'{0x0000000089aeb838}: 'java.lang.Object java.lang.invoke.Invokers$Holder.invokeExact_MT(java.lang.Object, java.lang.Object, java.lang.Object, java.lang.Object, java.lang.Object)'> (0x0000000089aeb838) 
thrown [s\src\hotspot\share\interpreter\linkResolver.cpp, line 774]
Event: 0.522 Thread 0x00000157022d4fd0 Exception <a 'java/lang/NoSuchMethodError'{0x0000000089499d38}: 'java.lang.Object java.lang.invoke.DirectMethodHandle$Holder.invokeStaticInit(java.lang.Object, int)'> (0x0000000089499d38) 
thrown [s\src\hotspot\share\interpreter\linkResolver.cpp, line 774]
Event: 4.392 Thread 0x00000157022d6a60 Exception <a 'java/lang/NoSuchMethodError'{0x00000000893af158}: 'long java.lang.invoke.DirectMethodHandle$Holder.invokeStatic(java.lang.Object, java.lang.Object, java.lang.Object)'> (0x00000000893af158) 
thrown [s\src\hotspot\share\interpreter\linkResolver.cpp, line 774]
Event: 4.392 Thread 0x00000157022d6a60 Exception <a 'java/lang/NoSuchMethodError'{0x00000000893b27d0}: 'long java.lang.invoke.DirectMethodHandle$Holder.invokeStaticInit(java.lang.Object, java.lang.Object, java.lang.Object)'> (0x00000000893b27d0) 
thrown [s\src\hotspot\share\interpreter\linkResolver.cpp, line 774]
Event: 4.393 Thread 0x00000157022d6a60 Exception <a 'java/lang/NoSuchMethodError'{0x00000000893cac70}: 'java.lang.Object java.lang.invoke.DirectMethodHandle$Holder.newInvokeSpecial(java.lang.Object, java.lang.Object, long)'> (0x00000000893cac70) 
thrown [s\src\hotspot\share\interpreter\linkResolver.cpp, line 774]
Event: 4.394 Thread 0x00000157022d6a60 Exception <a 'java/lang/NoSuchMethodError'{0x00000000893ce7f8}: 'java.lang.Object java.lang.invoke.Invokers$Holder.linkToTargetMethod(java.lang.Object, long, java.lang.Object)'> (0x00000000893ce7f8) 
thrown [s\src\hotspot\share\interpreter\linkResolver.cpp, line 774]
Event: 4.604 Thread 0x00000157022d6a60 Exception <a 'java/lang/ClassNotFoundException'{0x00000000893ef3c8}: com/sun/glass/ui/win/themes> (0x00000000893ef3c8) 
thrown [s\src\hotspot\share\prims\jni.cpp, line 536]
Event: 4.604 Thread 0x00000157022d6a60 Exception <a 'java/lang/ClassNotFoundException'{0x00000000893f7090}: com/sun/glass/ui/win/themes_es> (0x00000000893f7090) 
thrown [s\src\hotspot\share\prims\jni.cpp, line 536]
Event: 4.604 Thread 0x00000157022d6a60 Exception <a 'java/lang/ClassNotFoundException'{0x00000000893ff090}: com/sun/glass/ui/win/themes_es_CR> (0x00000000893ff090) 
thrown [s\src\hotspot\share\prims\jni.cpp, line 536]
Event: 4.633 Thread 0x00000157022d6a60 Implicit null exception at 0x00000157731273ac to 0x000001577312763c
Event: 4.634 Thread 0x00000157022d6a60 Implicit null exception at 0x00000157731244ac to 0x0000015773124750
Event: 4.634 Thread 0x00000157022d6a60 Exception <a 'java/lang/NoSuchMethodError'{0x0000000089056fb0}: 'void java.lang.invoke.DirectMethodHandle$Holder.invokeStaticInit(java.lang.Object, java.lang.Object)'> (0x0000000089056fb0) 
thrown [s\src\hotspot\share\interpreter\linkResolver.cpp, line 774]
Event: 4.689 Thread 0x00000157022d6a60 Exception <a 'java/lang/NoSuchMethodError'{0x0000000088f29bd0}: 'void java.lang.invoke.DirectMethodHandle$Holder.invokeSpecial(java.lang.Object, java.lang.Object, java.lang.Object, java.lang.Object, java.lang.Object, java.lang.Object)'> (0x0000000088f29bd0) 
thrown [s\src\hotspot\share\interpreter\linkResolver.cpp, line 774]
Event: 4.735 Thread 0x00000157022d6a60 Exception <a 'java/lang/NoSuchMethodError'{0x0000000088dd5c40}: 'java.lang.Object java.lang.invoke.DirectMethodHandle$Holder.invokeInterface(java.lang.Object, java.lang.Object, java.lang.Object)'> (0x0000000088dd5c40) 
thrown [s\src\hotspot\share\interpreter\linkResolver.cpp, line 774]
Event: 4.735 Thread 0x00000157022d6a60 Exception <a 'java/lang/IncompatibleClassChangeError'{0x0000000088dd9920}: Found class java.lang.Object, but interface was expected> (0x0000000088dd9920) 
thrown [s\src\hotspot\share\interpreter\linkResolver.cpp, line 841]
Event: 4.782 Thread 0x00000157022d6a60 Implicit null exception at 0x0000015773151320 to 0x0000015773151650

VM Operations (20 events):
Event: 0.190 Executing VM operation: HandshakeAllThreads
Event: 0.190 Executing VM operation: HandshakeAllThreads done
Event: 0.430 Executing VM operation: HandshakeAllThreads
Event: 0.430 Executing VM operation: HandshakeAllThreads done
Event: 1.429 Executing VM operation: Cleanup
Event: 1.430 Executing VM operation: Cleanup done
Event: 2.431 Executing VM operation: Cleanup
Event: 2.431 Executing VM operation: Cleanup done
Event: 4.432 Executing VM operation: Cleanup
Event: 4.432 Executing VM operation: Cleanup done
Event: 4.607 Executing VM operation: HandshakeAllThreads
Event: 4.607 Executing VM operation: HandshakeAllThreads done
Event: 4.749 Executing VM operation: ICBufferFull
Event: 4.749 Executing VM operation: ICBufferFull done
Event: 4.813 Executing VM operation: ICBufferFull
Event: 4.813 Executing VM operation: ICBufferFull done
Event: 5.006 Executing VM operation: ICBufferFull
Event: 5.006 Executing VM operation: ICBufferFull done
Event: 5.006 Executing VM operation: G1CollectForAllocation
Event: 5.015 Executing VM operation: G1CollectForAllocation done

Events (20 events):
Event: 0.019 Thread 0x00000157022b6c60 Thread added: 0x00000157022b6c60
Event: 0.019 Thread 0x00000157022b7930 Thread added: 0x00000157022b7930
Event: 0.020 Thread 0x00000157022c06c0 Thread added: 0x00000157022c06c0
Event: 0.020 Thread 0x00000157022c0ff0 Thread added: 0x00000157022c0ff0
Event: 0.020 Thread 0x00000157022c1ac0 Thread added: 0x00000157022c1ac0
Event: 0.020 Thread 0x00000157022cc790 Thread added: 0x00000157022cc790
Event: 0.020 Thread 0x00000157022ceb40 Thread added: 0x00000157022ceb40
Event: 0.020 Thread 0x00000157022d2670 Thread added: 0x00000157022d2670
Event: 0.020 Thread 0x00000157022d6510 Thread added: 0x00000157022d6510
Event: 0.030 Thread 0x00000157022d4a80 Thread added: 0x00000157022d4a80
Event: 0.033 Thread 0x00000157022d3a90 Thread added: 0x00000157022d3a90
Event: 0.138 Thread 0x00000157022d4fd0 Thread added: 0x00000157022d4fd0
Event: 0.194 Thread 0x00000157022d4530 Thread added: 0x00000157022d4530
Event: 0.196 Thread 0x00000157022d6a60 Thread added: 0x00000157022d6a60
Event: 0.333 Thread 0x00000157022d3fe0 Thread added: 0x00000157022d3fe0
Event: 0.343 Thread 0x00000157022d5fc0 Thread added: 0x00000157022d5fc0
Event: 0.395 Thread 0x00000157074aeac0 Thread added: 0x00000157074aeac0
Event: 4.618 Thread 0x000001571031ae20 Thread added: 0x000001571031ae20
Event: 4.664 Thread 0x00000157074abaf0 Thread added: 0x00000157074abaf0
Event: 4.828 Thread 0x00000157074af560 Thread added: 0x00000157074af560


Dynamic libraries:
0x00007ff6dacf0000 - 0x00007ff6dacfe000 	C:\Program Files\Zulu\zulu-19\bin\java.exe
0x00007ffdc7e50000 - 0x00007ffdc8064000 	C:\WINDOWS\SYSTEM32\ntdll.dll
0x00007ffdc6fa0000 - 0x00007ffdc7063000 	C:\WINDOWS\System32\KERNEL32.DLL
0x00007ffdc5290000 - 0x00007ffdc562c000 	C:\WINDOWS\System32\KERNELBASE.dll
0x00007ffdc58c0000 - 0x00007ffdc59d1000 	C:\WINDOWS\System32\ucrtbase.dll
0x00007ffdbe710000 - 0x00007ffdbe72b000 	C:\Program Files\Zulu\zulu-19\bin\VCRUNTIME140.dll
0x00007ffdad180000 - 0x00007ffdad197000 	C:\Program Files\Zulu\zulu-19\bin\jli.dll
0x00007ffdc7c60000 - 0x00007ffdc7e0d000 	C:\WINDOWS\System32\USER32.dll
0x00007ffdc5810000 - 0x00007ffdc5836000 	C:\WINDOWS\System32\win32u.dll
0x00007ffdadfa0000 - 0x00007ffdae22e000 	C:\WINDOWS\WinSxS\amd64_microsoft.windows.common-controls_6595b64144ccf1df_6.0.22621.608_none_a9444ca7c10bb01d\COMCTL32.dll
0x00007ffdc5d30000 - 0x00007ffdc5d59000 	C:\WINDOWS\System32\GDI32.dll
0x00007ffdc7070000 - 0x00007ffdc7117000 	C:\WINDOWS\System32\msvcrt.dll
0x00007ffdc56f0000 - 0x00007ffdc5803000 	C:\WINDOWS\System32\gdi32full.dll
0x00007ffdc59e0000 - 0x00007ffdc5a7a000 	C:\WINDOWS\System32\msvcp_win.dll
0x00007ffdc7b40000 - 0x00007ffdc7b71000 	C:\WINDOWS\System32\IMM32.DLL
0x00007ffdbe670000 - 0x00007ffdbe67c000 	C:\Program Files\Zulu\zulu-19\bin\vcruntime140_1.dll
0x00007ffd68ab0000 - 0x00007ffd68b3d000 	C:\Program Files\Zulu\zulu-19\bin\msvcp140.dll
0x00007ffd3e980000 - 0x00007ffd3f687000 	C:\Program Files\Zulu\zulu-19\bin\server\jvm.dll
0x00007ffdc6ef0000 - 0x00007ffdc6f9e000 	C:\WINDOWS\System32\ADVAPI32.dll
0x00007ffdc6630000 - 0x00007ffdc66d4000 	C:\WINDOWS\System32\sechost.dll
0x00007ffdc7230000 - 0x00007ffdc7345000 	C:\WINDOWS\System32\RPCRT4.dll
0x00007ffdbdbb0000 - 0x00007ffdbdbe4000 	C:\WINDOWS\SYSTEM32\WINMM.dll
0x00007ffdbe600000 - 0x00007ffdbe609000 	C:\WINDOWS\SYSTEM32\WSOCK32.dll
0x00007ffdbd470000 - 0x00007ffdbd47a000 	C:\WINDOWS\SYSTEM32\VERSION.dll
0x00007ffdc7b80000 - 0x00007ffdc7bf1000 	C:\WINDOWS\System32\WS2_32.dll
0x00007ffdc43d0000 - 0x00007ffdc43e8000 	C:\WINDOWS\SYSTEM32\kernel.appcore.dll
0x00007ffdad030000 - 0x00007ffdad03a000 	C:\Program Files\Zulu\zulu-19\bin\jimage.dll
0x00007ffdc2a10000 - 0x00007ffdc2c3e000 	C:\WINDOWS\SYSTEM32\DBGHELP.DLL
0x00007ffdc6240000 - 0x00007ffdc65c9000 	C:\WINDOWS\System32\combase.dll
0x00007ffdc6c90000 - 0x00007ffdc6d67000 	C:\WINDOWS\System32\OLEAUT32.dll
0x00007ffda7070000 - 0x00007ffda70a2000 	C:\WINDOWS\SYSTEM32\dbgcore.DLL
0x00007ffdc5840000 - 0x00007ffdc58bb000 	C:\WINDOWS\System32\bcryptPrimitives.dll
0x00007ffda8b90000 - 0x00007ffda8bb6000 	C:\Program Files\Zulu\zulu-19\bin\java.dll
0x00007ffd65420000 - 0x00007ffd654f7000 	C:\Program Files\Zulu\zulu-19\bin\jsvml.dll
0x00007ffdc7350000 - 0x00007ffdc7b40000 	C:\WINDOWS\System32\SHELL32.dll
0x00007ffdc32b0000 - 0x00007ffdc3b7e000 	C:\WINDOWS\SYSTEM32\windows.storage.dll
0x00007ffdc3170000 - 0x00007ffdc32ae000 	C:\WINDOWS\SYSTEM32\wintypes.dll
0x00007ffdc6700000 - 0x00007ffdc67f1000 	C:\WINDOWS\System32\SHCORE.dll
0x00007ffdc7c00000 - 0x00007ffdc7c5e000 	C:\WINDOWS\System32\shlwapi.dll
0x00007ffdc51c0000 - 0x00007ffdc51e1000 	C:\WINDOWS\SYSTEM32\profapi.dll
0x0000015702320000 - 0x0000015702324000 	C:\Program Files\Zulu\zulu-19\bin\api-ms-win-core-console-l1-1-0.dll
0x0000015702330000 - 0x0000015702334000 	C:\Program Files\Zulu\zulu-19\bin\api-ms-win-core-console-l1-2-0.dll
0x0000015702340000 - 0x0000015702344000 	C:\Program Files\Zulu\zulu-19\bin\api-ms-win-core-datetime-l1-1-0.dll
0x0000015702350000 - 0x0000015702354000 	C:\Program Files\Zulu\zulu-19\bin\api-ms-win-core-debug-l1-1-0.dll
0x0000015702360000 - 0x0000015702364000 	C:\Program Files\Zulu\zulu-19\bin\api-ms-win-core-errorhandling-l1-1-0.dll
0x0000015702370000 - 0x0000015702375000 	C:\Program Files\Zulu\zulu-19\bin\api-ms-win-core-file-l1-1-0.dll
0x0000015702380000 - 0x0000015702384000 	C:\Program Files\Zulu\zulu-19\bin\api-ms-win-core-file-l1-2-0.dll
0x0000015702390000 - 0x0000015702394000 	C:\Program Files\Zulu\zulu-19\bin\api-ms-win-core-file-l2-1-0.dll
0x00000157023a0000 - 0x00000157023a4000 	C:\Program Files\Zulu\zulu-19\bin\api-ms-win-core-handle-l1-1-0.dll
0x00000157023b0000 - 0x00000157023b4000 	C:\Program Files\Zulu\zulu-19\bin\api-ms-win-core-heap-l1-1-0.dll
0x00000157023c0000 - 0x00000157023c4000 	C:\Program Files\Zulu\zulu-19\bin\api-ms-win-core-interlocked-l1-1-0.dll
0x00000157023d0000 - 0x00000157023d4000 	C:\Program Files\Zulu\zulu-19\bin\api-ms-win-core-libraryloader-l1-1-0.dll
0x00000157023e0000 - 0x00000157023e4000 	C:\Program Files\Zulu\zulu-19\bin\api-ms-win-core-localization-l1-2-0.dll
0x00000157023f0000 - 0x00000157023f4000 	C:\Program Files\Zulu\zulu-19\bin\api-ms-win-core-memory-l1-1-0.dll
0x0000015706930000 - 0x0000015706934000 	C:\Program Files\Zulu\zulu-19\bin\api-ms-win-core-namedpipe-l1-1-0.dll
0x0000015706940000 - 0x0000015706944000 	C:\Program Files\Zulu\zulu-19\bin\api-ms-win-core-processenvironment-l1-1-0.dll
0x0000015706950000 - 0x0000015706954000 	C:\Program Files\Zulu\zulu-19\bin\api-ms-win-core-processthreads-l1-1-0.dll
0x0000015706960000 - 0x0000015706964000 	C:\Program Files\Zulu\zulu-19\bin\api-ms-win-core-processthreads-l1-1-1.dll
0x0000015706970000 - 0x0000015706974000 	C:\Program Files\Zulu\zulu-19\bin\api-ms-win-core-profile-l1-1-0.dll
0x0000015706980000 - 0x0000015706984000 	C:\Program Files\Zulu\zulu-19\bin\api-ms-win-core-rtlsupport-l1-1-0.dll
0x0000015706990000 - 0x0000015706994000 	C:\Program Files\Zulu\zulu-19\bin\api-ms-win-core-string-l1-1-0.dll
0x00000157069a0000 - 0x00000157069a4000 	C:\Program Files\Zulu\zulu-19\bin\api-ms-win-core-synch-l1-1-0.dll
0x00000157069b0000 - 0x00000157069b4000 	C:\Program Files\Zulu\zulu-19\bin\api-ms-win-core-synch-l1-2-0.dll
0x00000157069c0000 - 0x00000157069c4000 	C:\Program Files\Zulu\zulu-19\bin\api-ms-win-core-sysinfo-l1-1-0.dll
0x00000157069d0000 - 0x00000157069d4000 	C:\Program Files\Zulu\zulu-19\bin\api-ms-win-core-timezone-l1-1-0.dll
0x00000157069e0000 - 0x00000157069e4000 	C:\Program Files\Zulu\zulu-19\bin\api-ms-win-core-util-l1-1-0.dll
0x00000157069f0000 - 0x00000157069f4000 	C:\Program Files\Zulu\zulu-19\bin\api-ms-win-crt-conio-l1-1-0.dll
0x0000015706a00000 - 0x0000015706a05000 	C:\Program Files\Zulu\zulu-19\bin\api-ms-win-crt-convert-l1-1-0.dll
0x0000015706a10000 - 0x0000015706a14000 	C:\Program Files\Zulu\zulu-19\bin\api-ms-win-crt-environment-l1-1-0.dll
0x0000015706a20000 - 0x0000015706a24000 	C:\Program Files\Zulu\zulu-19\bin\api-ms-win-crt-filesystem-l1-1-0.dll
0x0000015706a30000 - 0x0000015706a34000 	C:\Program Files\Zulu\zulu-19\bin\api-ms-win-crt-heap-l1-1-0.dll
0x0000015706a40000 - 0x0000015706a44000 	C:\Program Files\Zulu\zulu-19\bin\api-ms-win-crt-locale-l1-1-0.dll
0x0000015706a50000 - 0x0000015706a56000 	C:\Program Files\Zulu\zulu-19\bin\api-ms-win-crt-math-l1-1-0.dll
0x0000015706a60000 - 0x0000015706a66000 	C:\Program Files\Zulu\zulu-19\bin\api-ms-win-crt-multibyte-l1-1-0.dll
0x0000015706a70000 - 0x0000015706a81000 	C:\Program Files\Zulu\zulu-19\bin\api-ms-win-crt-private-l1-1-0.dll
0x0000015706a90000 - 0x0000015706a94000 	C:\Program Files\Zulu\zulu-19\bin\api-ms-win-crt-process-l1-1-0.dll
0x0000015706aa0000 - 0x0000015706aa5000 	C:\Program Files\Zulu\zulu-19\bin\api-ms-win-crt-runtime-l1-1-0.dll
0x0000015706ab0000 - 0x0000015706ab5000 	C:\Program Files\Zulu\zulu-19\bin\api-ms-win-crt-stdio-l1-1-0.dll
0x0000015706ac0000 - 0x0000015706ac5000 	C:\Program Files\Zulu\zulu-19\bin\api-ms-win-crt-string-l1-1-0.dll
0x0000015706ad0000 - 0x0000015706ad4000 	C:\Program Files\Zulu\zulu-19\bin\api-ms-win-crt-time-l1-1-0.dll
0x0000015706ae0000 - 0x0000015706ae4000 	C:\Program Files\Zulu\zulu-19\bin\api-ms-win-crt-utility-l1-1-0.dll
0x00007ffd65310000 - 0x00007ffd65420000 	C:\Program Files\Zulu\zulu-19\bin\ucrtbase.dll
0x00007ffdacfd0000 - 0x00007ffdacfd9000 	C:\Program Files\Zulu\zulu-19\bin\msvcp140_1.dll
0x00007ffda8b60000 - 0x00007ffda8b8f000 	C:\Program Files\Zulu\zulu-19\bin\msvcp140_2.dll
0x00007ffda8160000 - 0x00007ffda818c000 	C:\Program Files\Zulu\zulu-19\bin\prism_d3d.dll
0x00007ffdb6f50000 - 0x00007ffdb70f9000 	C:\WINDOWS\system32\d3d9.dll
0x00007ffdc2690000 - 0x00007ffdc26bb000 	C:\WINDOWS\SYSTEM32\dwmapi.dll
0x00007ffdc2700000 - 0x00007ffdc2736000 	C:\WINDOWS\SYSTEM32\dxcore.dll
0x00007ffdc2400000 - 0x00007ffdc24ab000 	C:\WINDOWS\system32\uxtheme.dll
0x00007ffdbb730000 - 0x00007ffdbb779000 	C:\WINDOWS\SYSTEM32\directxdatabasehelper.dll
0x00007ffdc4f30000 - 0x00007ffdc4f42000 	C:\WINDOWS\SYSTEM32\msasn1.dll
0x00007ffdbd430000 - 0x00007ffdbd462000 	C:\WINDOWS\SYSTEM32\cryptnet.dll
0x00007ffdc5af0000 - 0x00007ffdc5c56000 	C:\WINDOWS\System32\CRYPT32.dll
0x00007ffdc4ac0000 - 0x00007ffdc4acc000 	C:\WINDOWS\SYSTEM32\cryptbase.dll
0x00007ffdc5a80000 - 0x00007ffdc5aeb000 	C:\WINDOWS\System32\WINTRUST.DLL
0x00007ffdc66e0000 - 0x00007ffdc66ff000 	C:\WINDOWS\System32\imagehlp.dll
0x00007ffdc4aa0000 - 0x00007ffdc4abb000 	C:\WINDOWS\SYSTEM32\CRYPTSP.dll
0x00007ffdc4340000 - 0x00007ffdc4375000 	C:\WINDOWS\system32\rsaenh.dll
0x00007ffdc4c40000 - 0x00007ffdc4c68000 	C:\WINDOWS\SYSTEM32\bcrypt.dll
0x00007ffda4bb0000 - 0x00007ffda4bf2000 	C:\Program Files\Zulu\zulu-19\bin\glass.dll
0x00007ffdc7130000 - 0x00007ffdc7227000 	C:\WINDOWS\System32\COMDLG32.dll
0x00007ffdc60a0000 - 0x00007ffdc623c000 	C:\WINDOWS\System32\ole32.dll
0x00007ffdc6d70000 - 0x00007ffdc6e8e000 	C:\WINDOWS\System32\MSCTF.dll
0x00007ffd7fd40000 - 0x00007ffd7fe57000 	C:\WINDOWS\System32\DriverStore\FileRepository\nvlt.inf_amd64_7947c31fc944635c\nvldumdx.dll
0x00007ffdbd190000 - 0x00007ffdbd2e8000 	C:\WINDOWS\SYSTEM32\drvstore.dll
0x00007ffdc4f50000 - 0x00007ffdc4f7c000 	C:\WINDOWS\SYSTEM32\devobj.dll
0x00007ffdc4f80000 - 0x00007ffdc4fce000 	C:\WINDOWS\SYSTEM32\cfgmgr32.dll
0x00007ffdc4b50000 - 0x00007ffdc4b98000 	C:\WINDOWS\SYSTEM32\wldp.dll
0x00007ffd3a6a0000 - 0x00007ffd3beaa000 	C:\WINDOWS\System32\DriverStore\FileRepository\nvlt.inf_amd64_7947c31fc944635c\nvd3dumx.dll
0x00007ffd6bfd0000 - 0x00007ffd6c287000 	C:\WINDOWS\system32\nvspcap64.dll
0x00007ffdc43f0000 - 0x00007ffdc4424000 	C:\WINDOWS\SYSTEM32\ntmarta.dll
0x00007ffdc48d0000 - 0x00007ffdc48f6000 	C:\WINDOWS\SYSTEM32\gpapi.dll
0x00007ffd62e20000 - 0x00007ffd62f85000 	C:\WINDOWS\System32\DriverStore\FileRepository\iigd_dch.inf_amd64_a953cebc2f0daf9c\igdumdim64.dll
0x00007ffd32220000 - 0x00007ffd35eab000 	C:\WINDOWS\System32\DriverStore\FileRepository\iigd_dch.inf_amd64_a953cebc2f0daf9c\igd9dxva64.dll
0x00007ffdc6800000 - 0x00007ffdc6c74000 	C:\WINDOWS\System32\SETUPAPI.dll
0x00007ffdb5580000 - 0x00007ffdb58b6000 	C:\WINDOWS\System32\DriverStore\FileRepository\iigd_dch.inf_amd64_a953cebc2f0daf9c\igdgmm64.dll
0x00007ffd4c230000 - 0x00007ffd4c257000 	C:\WINDOWS\System32\DriverStore\FileRepository\iigd_dch.inf_amd64_a953cebc2f0daf9c\igdinfo64.dll
0x00007ffdb2460000 - 0x00007ffdb51ef000 	C:\WINDOWS\System32\DriverStore\FileRepository\iigd_dch.inf_amd64_a953cebc2f0daf9c\igc64.dll
0x00007ffdacd10000 - 0x00007ffdacd28000 	C:\Program Files\Zulu\zulu-19\bin\zip.dll
0x00007ffdabf30000 - 0x00007ffdabf44000 	C:\Program Files\Zulu\zulu-19\bin\javafx_font.dll
0x00007ffdc0470000 - 0x00007ffdc06d7000 	C:\WINDOWS\SYSTEM32\dwrite.dll
0x00007ffdc5e20000 - 0x00007ffdc5ed0000 	C:\WINDOWS\System32\clbcatq.dll
0x00007ffdc02c0000 - 0x00007ffdc0470000 	C:\WINDOWS\SYSTEM32\WindowsCodecs.dll
0x00007ffd84a80000 - 0x00007ffd84ade000 	C:\WINDOWS\system32\dataexchange.dll
0x00007ffdbcd00000 - 0x00007ffdbcf6a000 	C:\WINDOWS\system32\twinapi.appcore.dll
0x00007ffda0e10000 - 0x00007ffda0e42000 	C:\Program Files\Common Files\Microsoft Shared\Ink\rtscom.dll
0x00007ffdafdb0000 - 0x00007ffdafede000 	C:\WINDOWS\SYSTEM32\textinputframework.dll
0x00007ffdc1740000 - 0x00007ffdc1873000 	C:\WINDOWS\SYSTEM32\CoreMessaging.dll

dbghelp: loaded successfully - version: 4.0.5 - missing functions: none
symbol engine: initialized successfully - sym options: 0x614 - pdb path: .;C:\Program Files\Zulu\zulu-19\bin;C:\WINDOWS\SYSTEM32;C:\WINDOWS\WinSxS\amd64_microsoft.windows.common-controls_6595b64144ccf1df_6.0.22621.608_none_a9444ca7c10bb01d;C:\Program Files\Zulu\zulu-19\bin\server;C:\WINDOWS\System32\DriverStore\FileRepository\nvlt.inf_amd64_7947c31fc944635c;C:\WINDOWS\System32\DriverStore\FileRepository\iigd_dch.inf_amd64_a953cebc2f0daf9c;C:\Program Files\Common Files\Microsoft Shared\Ink

VM Arguments:
jvm_args: -Dfile.encoding=UTF-8 
java_command: GameMenuDemo
java_class_path (initial): C:\Users\ulise\Desktop\TEC\Algoritmos y estructura de datos I\BuscaMinas\ventana busca minas\build\classes
Launcher Type: SUN_STANDARD

[Global flags]
     intx CICompilerCount                          = 4                                         {product} {ergonomic}
     uint ConcGCThreads                            = 3                                         {product} {ergonomic}
     uint G1ConcRefinementThreads                  = 10                                        {product} {ergonomic}
   size_t G1HeapRegionSize                         = 1048576                                   {product} {ergonomic}
    uintx GCDrainStackTargetSize                   = 64                                        {product} {ergonomic}
   size_t InitialHeapSize                          = 132120576                                 {product} {ergonomic}
   size_t MarkStackSize                            = 4194304                                   {product} {ergonomic}
   size_t MaxHeapSize                              = 2113929216                                {product} {ergonomic}
   size_t MaxNewSize                               = 1267728384                                {product} {ergonomic}
   size_t MinHeapDeltaBytes                        = 1048576                                   {product} {ergonomic}
   size_t MinHeapSize                              = 8388608                                   {product} {ergonomic}
    uintx NonNMethodCodeHeapSize                   = 5839372                                {pd product} {ergonomic}
    uintx NonProfiledCodeHeapSize                  = 122909434                              {pd product} {ergonomic}
    uintx ProfiledCodeHeapSize                     = 122909434                              {pd product} {ergonomic}
    uintx ReservedCodeCacheSize                    = 251658240                              {pd product} {ergonomic}
     bool SegmentedCodeCache                       = true                                      {product} {ergonomic}
   size_t SoftMaxHeapSize                          = 2113929216                             {manageable} {ergonomic}
     bool UseCompressedClassPointers               = true                           {product lp64_product} {ergonomic}
     bool UseCompressedOops                        = true                           {product lp64_product} {ergonomic}
     bool UseG1GC                                  = true                                      {product} {ergonomic}
     bool UseLargePagesIndividualAllocation        = false                                  {pd product} {ergonomic}

Logging:
Log output configuration:
 #0: stdout all=warning uptime,level,tags foldmultilines=false
 #1: stderr all=off uptime,level,tags foldmultilines=false

Environment Variables:
PATH=C:\Program Files\Zulu\zulu-19\bin\;C:\Program Files\Common Files\Oracle\Java\javapath;C:\Program Files (x86)\Common Files\Oracle\Java\javapath;C:\Windows\system32;C:\Windows;C:\Windows\System32\Wbem;C:\Windows\System32\WindowsPowerShell\v1.0\;C:\Windows\System32\OpenSSH\;C:\Program Files (x86)\NVIDIA Corporation\PhysX\Common;C:\Program Files\NVIDIA Corporation\NVIDIA NvDLISR;C:\WINDOWS\system32;C:\WINDOWS;C:\WINDOWS\System32\Wbem;C:\WINDOWS\System32\WindowsPowerShell\v1.0\;C:\WINDOWS\System32\OpenSSH\;C:\Program Files\nodejs\;C:\Program Files\Git\cmd;C:\Users\ulise\AppData\Local\Microsoft\WindowsApps;C:\Users\ulise\AppData\Local\Programs\Microsoft VS Code\bin;C:\Users\ulise\AppData\Roaming\npm;C:\Users\ulise\AppData\Local\GitHubDesktop\bin
USERNAME=ulise
OS=Windows_NT
PROCESSOR_IDENTIFIER=Intel64 Family 6 Model 165 Stepping 2, GenuineIntel
TMP=C:\Users\ulise\AppData\Local\Temp
TEMP=C:\Users\ulise\AppData\Local\Temp



---------------  S Y S T E M  ---------------

OS:
 Windows 11 , 64 bit Build 22621 (10.0.22621.1344)
OS uptime: 3 days 20:30 hours

CPU: total 12 (initial active 12) (6 cores per cpu, 2 threads per core) family 6 model 165 stepping 2 microcode 0xe2, cx8, cmov, fxsr, ht, mmx, 3dnowpref, sse, sse2, sse3, ssse3, sse4.1, sse4.2, popcnt, lzcnt, tsc, tscinvbit, avx, avx2, aes, erms, clmul, bmi1, bmi2, adx, fma, vzeroupper, clflush, clflushopt, rdtscp

Memory: 4k page, system-wide physical 8059M (418M free)
TotalPageFile size 12155M (AvailPageFile size 7M)
current process WorkingSet (physical memory assigned to process): 149M, peak: 151M
current process commit charge ("private bytes"): 302M, peak: 303M

vm_info: OpenJDK 64-Bit Server VM (19.0.2+7) for windows-amd64 JRE (19.0.2+7) (Zulu19.32+15-CA), built on Dec 28 2022 19:25:40 by "zulu_re" with MS VC++ 16.10 / 16.11 (VS2019)

END.
