#
# There is insufficient memory for the Java Runtime Environment to continue.
# Native memory allocation (mmap) failed to map 65536 bytes for Failed to commit metaspace.
# Possible reasons:
#   The system is out of physical RAM or swap space
#   The process is running with CompressedOops enabled, and the Java Heap may be blocking the growth of the native heap
# Possible solutions:
#   Reduce memory load on the system
#   Increase physical memory or swap space
#   Check if swap backing store is full
#   Decrease Java heap size (-Xmx/-Xms)
#   Decrease number of Java threads
#   Decrease Java thread stack sizes (-Xss)
#   Set larger code cache with -XX:ReservedCodeCacheSize=
#   JVM is running with Unscaled Compressed Oops mode in which the Java heap is
#     placed in the first 4GB address space. The Java Heap base address is the
#     maximum limit for the native heap growth. Please use -XX:HeapBaseMinAddress
#     to set the Java Heap base and to place the Java Heap above 4GB virtual address.
# This output file may be truncated or incomplete.
#
#  Out of Memory Error (virtualSpaceNode.cpp:110), pid=14148, tid=16604
#
# JRE version: OpenJDK Runtime Environment Zulu19.32+15-CA (19.0.2+7) (build 19.0.2+7)
# Java VM: OpenJDK 64-Bit Server VM Zulu19.32+15-CA (19.0.2+7, mixed mode, sharing, tiered, compressed oops, compressed class ptrs, g1 gc, windows-amd64)
# No core dump will be written. Minidumps are not enabled by default on client versions of Windows
#

---------------  S U M M A R Y ------------

Command Line: -Dapplication.home=C:\Program Files\Zulu\zulu-19 --add-modules=ALL-DEFAULT -Xms8m -Djdk.module.main=jdk.compiler jdk.compiler/com.sun.tools.javac.Main -d C:\Users\ulise\Desktop\TEC\Algoritmos y estructura de datos I\BuscaMinas\ventana busca minas\build\classes -classpath C:\Users\ulise\Desktop\TEC\Algoritmos y estructura de datos I\BuscaMinas\ventana busca minas\build\classes -sourcepath C:\Users\ulise\Desktop\TEC\Algoritmos y estructura de datos I\BuscaMinas\ventana busca minas\src -target 19 -encoding UTF-8 -g -processorpath C:\Users\ulise\Desktop\TEC\Algoritmos y estructura de datos I\BuscaMinas\ventana busca minas\build\empty -s C:\Users\ulise\Desktop\TEC\Algoritmos y estructura de datos I\BuscaMinas\ventana busca minas\build\generated-sources\ap-source-output -source 19 C:\Users\ulise\Desktop\TEC\Algoritmos y estructura de datos I\BuscaMinas\ventana busca minas\src\BuscaminasFX.java

Host: Intel(R) Core(TM) i7-10750H CPU @ 2.60GHz, 12 cores, 7G,  Windows 11 , 64 bit Build 22621 (10.0.22621.1344)
Time: Tue Mar 21 00:48:06 2023 Hora estándar, América Central elapsed time: 0.211056 seconds (0d 0h 0m 0s)

---------------  T H R E A D  ---------------

Current thread (0x0000022dab77a480):  JavaThread "main" [_thread_in_vm, id=16604, stack(0x000000309b800000,0x000000309b900000)]

Stack: [0x000000309b800000,0x000000309b900000]
Native frames: (J=compiled Java code, j=interpreted, Vv=VM code, C=native code)
V  [jvm.dll+0x6eab2a]
V  [jvm.dll+0x8a4a20]
V  [jvm.dll+0x8a640e]
V  [jvm.dll+0x8a6ac3]
V  [jvm.dll+0x27c1ef]
V  [jvm.dll+0x8a05eb]
V  [jvm.dll+0x68e236]
V  [jvm.dll+0x1eb78e]
V  [jvm.dll+0x690c4b]
V  [jvm.dll+0x690a4e]
V  [jvm.dll+0x68ec3e]
V  [jvm.dll+0x26731f]
V  [jvm.dll+0x699245]
V  [jvm.dll+0x2173c3]
V  [jvm.dll+0x2178f5]
V  [jvm.dll+0x218358]
V  [jvm.dll+0x20d781]
V  [jvm.dll+0x5a4c95]
V  [jvm.dll+0x81a863]
V  [jvm.dll+0x81a944]
V  [jvm.dll+0x465d94]
V  [jvm.dll+0x46b38f]
C  [java.dll+0x1971]

Java frames: (J=compiled Java code, j=interpreted, Vv=VM code)
J 510  java.lang.ClassLoader.defineClass2(Ljava/lang/ClassLoader;Ljava/lang/String;Ljava/nio/ByteBuffer;IILjava/security/ProtectionDomain;Ljava/lang/String;)Ljava/lang/Class; java.base@19.0.2 (0 bytes) @ 0x0000022dbc4d9e83 [0x0000022dbc4d9dc0+0x00000000000000c3]
J 504 c1 java.lang.ClassLoader.defineClass(Ljava/lang/String;Ljava/nio/ByteBuffer;Ljava/security/ProtectionDomain;)Ljava/lang/Class; java.base@19.0.2 (108 bytes) @ 0x0000022db4a8f824 [0x0000022db4a8f080+0x00000000000007a4]
J 483 c1 java.security.SecureClassLoader.defineClass(Ljava/lang/String;Ljava/nio/ByteBuffer;Ljava/security/CodeSource;)Ljava/lang/Class; java.base@19.0.2 (12 bytes) @ 0x0000022db4a80f7c [0x0000022db4a80ec0+0x00000000000000bc]
J 446 c1 jdk.internal.loader.BuiltinClassLoader.defineClass(Ljava/lang/String;Ljdk/internal/loader/BuiltinClassLoader$LoadedModule;)Ljava/lang/Class; java.base@19.0.2 (162 bytes) @ 0x0000022db4a6fc34 [0x0000022db4a6e660+0x00000000000015d4]
J 301 c1 jdk.internal.loader.BuiltinClassLoader.loadClassOrNull(Ljava/lang/String;Z)Ljava/lang/Class; java.base@19.0.2 (143 bytes) @ 0x0000022db4a3322c [0x0000022db4a32ce0+0x000000000000054c]
J 323 c1 jdk.internal.loader.ClassLoaders$AppClassLoader.loadClass(Ljava/lang/String;Z)Ljava/lang/Class; java.base@19.0.2 (40 bytes) @ 0x0000022db4a3df44 [0x0000022db4a3dd60+0x00000000000001e4]
J 312 c1 java.lang.ClassLoader.loadClass(Ljava/lang/String;)Ljava/lang/Class; java.base@19.0.2 (7 bytes) @ 0x0000022db4a37ccc [0x0000022db4a37bc0+0x000000000000010c]
v  ~StubRoutines::call_stub 0x0000022dbbf1100e
j  com.sun.tools.javac.jvm.Code$StackMapFormat.<clinit>()V+20 jdk.compiler@19.0.2
v  ~StubRoutines::call_stub 0x0000022dbbf1100e
j  com.sun.tools.javac.jvm.Gen.<init>(Lcom/sun/tools/javac/util/Context;)V+286 jdk.compiler@19.0.2
j  com.sun.tools.javac.jvm.Gen.instance(Lcom/sun/tools/javac/util/Context;)Lcom/sun/tools/javac/jvm/Gen;+20 jdk.compiler@19.0.2
j  com.sun.tools.javac.jvm.ClassWriter.<init>(Lcom/sun/tools/javac/util/Context;)V+136 jdk.compiler@19.0.2
j  com.sun.tools.javac.jvm.ClassWriter.instance(Lcom/sun/tools/javac/util/Context;)Lcom/sun/tools/javac/jvm/ClassWriter;+20 jdk.compiler@19.0.2
j  com.sun.tools.javac.comp.Modules.<init>(Lcom/sun/tools/javac/util/Context;)V+260 jdk.compiler@19.0.2
j  com.sun.tools.javac.comp.Modules.instance(Lcom/sun/tools/javac/util/Context;)Lcom/sun/tools/javac/comp/Modules;+19 jdk.compiler@19.0.2
j  com.sun.tools.javac.code.Symtab.<init>(Lcom/sun/tools/javac/util/Context;)V+1041 jdk.compiler@19.0.2
j  com.sun.tools.javac.code.Symtab.instance(Lcom/sun/tools/javac/util/Context;)Lcom/sun/tools/javac/code/Symtab;+20 jdk.compiler@19.0.2
j  com.sun.tools.javac.comp.Attr.<init>(Lcom/sun/tools/javac/util/Context;)V+89 jdk.compiler@19.0.2
j  com.sun.tools.javac.comp.Attr.instance(Lcom/sun/tools/javac/util/Context;)Lcom/sun/tools/javac/comp/Attr;+20 jdk.compiler@19.0.2
j  com.sun.tools.javac.comp.Annotate.<init>(Lcom/sun/tools/javac/util/Context;)V+80 jdk.compiler@19.0.2
j  com.sun.tools.javac.comp.Annotate.instance(Lcom/sun/tools/javac/util/Context;)Lcom/sun/tools/javac/comp/Annotate;+20 jdk.compiler@19.0.2
j  com.sun.tools.javac.jvm.ClassReader.<init>(Lcom/sun/tools/javac/util/Context;)V+152 jdk.compiler@19.0.2
j  com.sun.tools.javac.jvm.ClassReader.instance(Lcom/sun/tools/javac/util/Context;)Lcom/sun/tools/javac/jvm/ClassReader;+20 jdk.compiler@19.0.2
j  com.sun.tools.javac.code.ClassFinder.<init>(Lcom/sun/tools/javac/util/Context;)V+46 jdk.compiler@19.0.2
j  com.sun.tools.javac.code.ClassFinder.instance(Lcom/sun/tools/javac/util/Context;)Lcom/sun/tools/javac/code/ClassFinder;+20 jdk.compiler@19.0.2
j  com.sun.tools.javac.main.JavaCompiler.<init>(Lcom/sun/tools/javac/util/Context;)V+130 jdk.compiler@19.0.2
j  com.sun.tools.javac.main.JavaCompiler.instance(Lcom/sun/tools/javac/util/Context;)Lcom/sun/tools/javac/main/JavaCompiler;+20 jdk.compiler@19.0.2
j  com.sun.tools.javac.processing.JavacProcessingEnvironment.<init>(Lcom/sun/tools/javac/util/Context;)V+125 jdk.compiler@19.0.2
j  com.sun.tools.javac.processing.JavacProcessingEnvironment.instance(Lcom/sun/tools/javac/util/Context;)Lcom/sun/tools/javac/processing/JavacProcessingEnvironment;+19 jdk.compiler@19.0.2
j  com.sun.tools.javac.api.BasicJavacTask.initPlugins(Ljava/util/Set;)V+148 jdk.compiler@19.0.2
j  com.sun.tools.javac.main.Main.compile([Ljava/lang/String;Lcom/sun/tools/javac/util/Context;)Lcom/sun/tools/javac/main/Main$Result;+475 jdk.compiler@19.0.2
j  com.sun.tools.javac.main.Main.compile([Ljava/lang/String;)Lcom/sun/tools/javac/main/Main$Result;+15 jdk.compiler@19.0.2
j  com.sun.tools.javac.Main.compile([Ljava/lang/String;)I+12 jdk.compiler@19.0.2
j  com.sun.tools.javac.Main.main([Ljava/lang/String;)V+1 jdk.compiler@19.0.2
v  ~StubRoutines::call_stub 0x0000022dbbf1100e

Compiled method (n/a)     220  510     n 0       java.lang.ClassLoader::defineClass2 (native)
 total in heap  [0x0000022dbc4d9c10,0x0000022dbc4da268] = 1624
 relocation     [0x0000022dbc4d9d70,0x0000022dbc4d9da8] = 56
 main code      [0x0000022dbc4d9dc0,0x0000022dbc4da262] = 1186
 stub code      [0x0000022dbc4da262,0x0000022dbc4da268] = 6

[Constant Pool (empty)]

[MachCode]
[Entry Point]
  # {method} {0x0000000800434c98} 'defineClass2' '(Ljava/lang/ClassLoader;Ljava/lang/String;Ljava/nio/ByteBuffer;IILjava/security/ProtectionDomain;Ljava/lang/String;)Ljava/lang/Class;' in 'java/lang/ClassLoader'
  # parm0:    rdx:rdx   = 'java/lang/ClassLoader'
  # parm1:    r8:r8     = 'java/lang/String'
  # parm2:    r9:r9     = 'java/nio/ByteBuffer'
  # parm3:    rdi       = int
  # parm4:    rsi       = int
  # parm5:    rcx:rcx   = 'java/security/ProtectionDomain'
  # parm6:    [sp+0xa0]   = 'java/lang/String'  (sp of caller)
  0x0000022dbc4d9dc0: 448b 5208 | 49bb 0000 | 0000 0800 | 0000 4d03 | d349 3bc2 | 0f84 0600 

  0x0000022dbc4d9dd8: ;   {runtime_call ic_miss_stub}
  0x0000022dbc4d9dd8: 0000 e9a1 | 79a9 ff90 
[Verified Entry Point]
  0x0000022dbc4d9de0: 8984 2400 | 90ff ff55 | 488b ec48 | 81ec 9000 | 0000 4881 | 7d10 0000 | 0000 488d | 4510 480f 
  0x0000022dbc4d9e00: 4445 1048 | 8944 2440 | 4889 4c24 | 7048 83f9 | 0048 8d44 | 2470 480f | 4444 2470 | 4889 4424 
  0x0000022dbc4d9e20: 3848 8974 | 2430 4889 | 7c24 284c | 894c 2458 | 4983 f900 | 488d 4424 | 5848 0f44 | 4424 5848 
  0x0000022dbc4d9e40: 8944 2420 | 4c89 4424 | 5049 83f8 | 004c 8d4c | 2450 4c0f | 444c 2450 | 4889 5424 | 4848 83fa 
  0x0000022dbc4d9e60: 004c 8d44 | 2448 4c0f | 4444 2448 

  0x0000022dbc4d9e6c: ;   {oop(a 'java/lang/Class'{0x000000008206c848} = 'java/lang/ClassLoader')}
  0x0000022dbc4d9e6c: 49be 48c8 | 0682 0000 | 0000 4c89 | 7424 784c | 8d74 2478 | 498b d6c5 

  0x0000022dbc4d9e84: ;   {internal_word}
  0x0000022dbc4d9e84: f877 49ba | 839e 4dbc | 2d02 0000 | 4d89 97c8 | 0200 0049 | 89a7 c002 

  0x0000022dbc4d9e9c: ;   {external_word}
  0x0000022dbc4d9e9c: 0000 49ba | c5fa 8374 | fd7f 0000 | 4180 3a00 | 0f84 5000 | 0000 5241 

  0x0000022dbc4d9eb4: ;   {metadata({method} {0x0000000800434c98} 'defineClass2' '(Ljava/lang/ClassLoader;Ljava/lang/String;Ljava/nio/ByteBuffer;IILjava/security/ProtectionDomain;Ljava/lang/String;)Ljava/lang/Class;' in 'java/lang/ClassLoader')}
  0x0000022dbc4d9eb4: 5041 5148 | ba90 4c43 | 0008 0000 | 0049 8bcf | 4883 ec20 | 40f6 c40f | 0f84 1a00 | 0000 4883 
  0x0000022dbc4d9ed4: ;   {runtime_call}
  0x0000022dbc4d9ed4: ec08 49ba | 60f2 3674 | fd7f 0000 | 41ff d248 | 83c4 08e9 | 0d00 0000 

  0x0000022dbc4d9eec: ;   {runtime_call}
  0x0000022dbc4d9eec: 49ba 60f2 | 3674 fd7f | 0000 41ff | d248 83c4 | 2041 5941 | 585a 498d | 8fe0 0200 | 0041 c787 
  0x0000022dbc4d9f0c: 7403 0000 | 0400 0000 

  0x0000022dbc4d9f14: ;   {runtime_call}
  0x0000022dbc4d9f14: 49ba 5c18 | bfba fd7f | 0000 41ff | d2c5 f877 | 41c7 8774 | 0300 0005 | 0000 00f0 | 8344 24c0 
  0x0000022dbc4d9f34: 0049 3baf | 7803 0000 | 0f87 1100 | 0000 4181 | bf70 0300 | 0000 0000 | 000f 842c | 0000 00c5 
  0x0000022dbc4d9f54: f877 4889 | 45f8 498b | cf4c 8be4 | 4883 ec20 | 4883 e4f0 

  0x0000022dbc4d9f68: ;   {runtime_call}
  0x0000022dbc4d9f68: 49ba 20ef | 4674 fd7f | 0000 41ff | d249 8be4 | 4d33 e448 | 8b45 f841 | c787 7403 | 0000 0800 
  0x0000022dbc4d9f88: 0000 4181 | bfe8 0300 | 0002 0000 | 000f 8499 

  0x0000022dbc4d9f98: ;   {external_word}
  0x0000022dbc4d9f98: 0200 0049 | bac5 fa83 | 74fd 7f00 | 0041 803a | 000f 844e | 0000 0048 

  0x0000022dbc4d9fb0: ;   {metadata({method} {0x0000000800434c98} 'defineClass2' '(Ljava/lang/ClassLoader;Ljava/lang/String;Ljava/nio/ByteBuffer;IILjava/security/ProtectionDomain;Ljava/lang/String;)Ljava/lang/Class;' in 'java/lang/ClassLoader')}
  0x0000022dbc4d9fb0: 8945 f848 | ba90 4c43 | 0008 0000 | 0049 8bcf | 4883 ec20 | 40f6 c40f | 0f84 1a00 | 0000 4883 
  0x0000022dbc4d9fd0: ;   {runtime_call}
  0x0000022dbc4d9fd0: ec08 49ba | 60f2 3674 | fd7f 0000 | 41ff d248 | 83c4 08e9 | 0d00 0000 

  0x0000022dbc4d9fe8: ;   {runtime_call}
  0x0000022dbc4d9fe8: 49ba 60f2 | 3674 fd7f | 0000 41ff | d248 83c4 | 2048 8b45 | f849 c787 | c002 0000 | 0000 0000 
  0x0000022dbc4da008: 49c7 87c8 | 0200 0000 | 0000 00c5 | f877 4885 | c00f 84ef | 0100 00a8 | 010f 84e4 | 0100 0048 
  0x0000022dbc4da028: 8b40 ff41 | 807f 4000 | 0f84 d001 | 0000 4883 | f800 0f84 | c601 0000 | 498b 4f28 | 4883 f900 
  0x0000022dbc4da048: 0f84 1400 | 0000 4883 | e908 4989 | 4f28 4903 | 4f38 4889 | 01e9 a401 | 0000 4881 | ecd0 0000 
  0x0000022dbc4da068: 0048 8904 | 2448 894c | 2408 4889 | 5424 1048 | 8974 2418 | 4889 7c24 | 204c 8944 | 2428 4c89 
  0x0000022dbc4da088: 4c24 304c | 8954 2438 | 4c89 5c24 | 40c5 fb11 | 4424 50c5 | fb11 4c24 | 58c5 fb11 | 5424 60c5 
  0x0000022dbc4da0a8: fb11 5c24 | 68c5 fb11 | 6424 70c5 | fb11 6c24 | 78c5 fb11 | b424 8000 | 0000 c5fb | 11bc 2488 
  0x0000022dbc4da0c8: 0000 00c5 | 7b11 8424 | 9000 0000 | c57b 118c | 2498 0000 | 00c5 7b11 | 9424 a000 | 0000 c57b 
  0x0000022dbc4da0e8: 119c 24a8 | 0000 00c5 | 7b11 a424 | b000 0000 | c57b 11ac | 24b8 0000 | 00c5 7b11 | b424 c000 
  0x0000022dbc4da108: 0000 c57b | 11bc 24c8 | 0000 0049 | 8bd7 488b | c848 83ec | 2040 f6c4 | 0f0f 841a | 0000 0048 
  0x0000022dbc4da128: ;   {runtime_call}
  0x0000022dbc4da128: 83ec 0849 | ba60 d3f3 | 73fd 7f00 | 0041 ffd2 | 4883 c408 | e90d 0000 

  0x0000022dbc4da140: ;   {runtime_call}
  0x0000022dbc4da140: 0049 ba60 | d3f3 73fd | 7f00 0041 | ffd2 4883 | c420 c57b | 10bc 24c8 | 0000 00c5 | 7b10 b424 
  0x0000022dbc4da160: c000 0000 | c57b 10ac | 24b8 0000 | 00c5 7b10 | a424 b000 | 0000 c57b | 109c 24a8 | 0000 00c5 
  0x0000022dbc4da180: 7b10 9424 | a000 0000 | c57b 108c | 2498 0000 | 00c5 7b10 | 8424 9000 | 0000 c5fb | 10bc 2488 
  0x0000022dbc4da1a0: 0000 00c5 | fb10 b424 | 8000 0000 | c5fb 106c | 2478 c5fb | 1064 2470 | c5fb 105c | 2468 c5fb 
  0x0000022dbc4da1c0: 1054 2460 | c5fb 104c | 2458 c5fb | 1044 2450 | 4c8b 5c24 | 404c 8b54 | 2438 4c8b | 4c24 304c 
  0x0000022dbc4da1e0: 8b44 2428 | 488b 7c24 | 2048 8b74 | 2418 488b | 5424 1048 | 8b4c 2408 | 488b 0424 | 4881 c4d0 
  0x0000022dbc4da200: 0000 00c5 | f877 e903 | 0000 0048 | 8b00 498b | 8f50 0300 | 00c7 8100 | 0100 0000 | 0000 00c9 
  0x0000022dbc4da220: 4981 7f08 | 0000 0000 | 0f85 0100 

  0x0000022dbc4da22c: ;   {runtime_call StubRoutines (1)}
  0x0000022dbc4da22c: 0000 c3e9 | cc6c a3ff | c5f8 7748 | 8945 f84c | 8be4 4883 | ec20 4883 

  0x0000022dbc4da244: ;   {runtime_call}
  0x0000022dbc4da244: e4f0 49ba | c026 3774 | fd7f 0000 | 41ff d249 | 8be4 4d33 | e448 8b45 | f8e9 39fd | ffff f4f4 
  0x0000022dbc4da264: f4f4 f4f4 
[/MachCode]


Compiled method (c1)     226  504       3       java.lang.ClassLoader::defineClass (108 bytes)
 total in heap  [0x0000022db4a8ed90,0x0000022db4a90640] = 6320
 relocation     [0x0000022db4a8eef0,0x0000022db4a8f078] = 392
 main code      [0x0000022db4a8f080,0x0000022db4a8ffa0] = 3872
 stub code      [0x0000022db4a8ffa0,0x0000022db4a90098] = 248
 metadata       [0x0000022db4a90098,0x0000022db4a900f8] = 96
 scopes data    [0x0000022db4a900f8,0x0000022db4a90380] = 648
 scopes pcs     [0x0000022db4a90380,0x0000022db4a905f0] = 624
 dependencies   [0x0000022db4a905f0,0x0000022db4a90600] = 16
 nul chk table  [0x0000022db4a90600,0x0000022db4a90640] = 64

[Constant Pool (empty)]

[MachCode]
[Entry Point]
  # {method} {0x00000008004350d8} 'defineClass' '(Ljava/lang/String;Ljava/nio/ByteBuffer;Ljava/security/ProtectionDomain;)Ljava/lang/Class;' in 'java/lang/ClassLoader'
  # this:     rdx:rdx   = 'java/lang/ClassLoader'
  # parm0:    r8:r8     = 'java/lang/String'
  # parm1:    r9:r9     = 'java/nio/ByteBuffer'
  # parm2:    rdi:rdi   = 'java/security/ProtectionDomain'
  #           [sp+0x100]  (sp of caller)
  0x0000022db4a8f080: 448b 5208 | 49bb 0000 | 0000 0800 | 0000 4d03 | d34c 3bd0 

  0x0000022db4a8f094: ;   {runtime_call ic_miss_stub}
  0x0000022db4a8f094: 0f85 e626 | 4e07 660f | 1f44 0000 
[Verified Entry Point]
  0x0000022db4a8f0a0: 8984 2400 | 90ff ff55 | 4881 ecf0 | 0000 0048 | 8994 2480 | 0000 004c | 8984 2488 | 0000 004c 
  0x0000022db4a8f0c0: 894c 2478 | 4889 bc24 | 9000 0000 

  0x0000022db4a8f0cc: ;   {metadata(method data for {method} {0x00000008004350d8} 'defineClass' '(Ljava/lang/String;Ljava/nio/ByteBuffer;Ljava/security/ProtectionDomain;)Ljava/lang/Class;' in 'java/lang/ClassLoader')}
  0x0000022db4a8f0cc: 48be 20d7 | 8ccb 2d02 | 0000 8b9e | cc00 0000 | 83c3 0289 | 9ecc 0000 | 0081 e3fe | 0700 0083 
  0x0000022db4a8f0ec: fb00 0f84 | 4d0c 0000 

  0x0000022db4a8f0f4: ; implicit exception: dispatches to 0x0000022db4a8fd62
  0x0000022db4a8f0f4: 493b 0149 

  0x0000022db4a8f0f8: ;   {metadata(method data for {method} {0x00000008004350d8} 'defineClass' '(Ljava/lang/String;Ljava/nio/ByteBuffer;Ljava/security/ProtectionDomain;)Ljava/lang/Class;' in 'java/lang/ClassLoader')}
  0x0000022db4a8f0f8: 8bf1 48bb | 20d7 8ccb | 2d02 0000 | 4883 8310 | 0100 0001 

  0x0000022db4a8f10c: ;   {metadata(method data for {method} {0x00000008000715d0} 'remaining' '()I' in 'java/nio/Buffer')}
  0x0000022db4a8f10c: 48be b0ed | 8ccb 2d02 | 0000 8b9e | cc00 0000 | 83c3 0289 | 9ecc 0000 | 0081 e3fe | ff1f 0083 
  0x0000022db4a8f12c: fb00 0f84 | 330c 0000 | 418b 711c | 418b 5918 | 2bf3 83fe 

  0x0000022db4a8f140: ;   {metadata(method data for {method} {0x00000008000715d0} 'remaining' '()I' in 'java/nio/Buffer')}
  0x0000022db4a8f140: 0048 bbb0 | ed8c cb2d | 0200 0048 | b810 0100 | 0000 0000 | 000f 8e0a | 0000 0048 | b820 0100 
  0x0000022db4a8f160: 0000 0000 | 0048 8b0c | 0348 8d49 | 0148 890c | 030f 8e15 

  0x0000022db4a8f174: ;   {metadata(method data for {method} {0x00000008000715d0} 'remaining' '()I' in 'java/nio/Buffer')}
  0x0000022db4a8f174: 0000 0048 | bbb0 ed8c | cb2d 0200 | 00ff 8330 | 0100 00e9 | 0500 0000 | be00 0000 | 0089 b424 
  0x0000022db4a8f194: 9800 0000 

  0x0000022db4a8f198: ;   {metadata(method data for {method} {0x00000008004350d8} 'defineClass' '(Ljava/lang/String;Ljava/nio/ByteBuffer;Ljava/security/ProtectionDomain;)Ljava/lang/Class;' in 'java/lang/ClassLoader')}
  0x0000022db4a8f198: 498b d948 | b820 d78c | cb2d 0200 | 008b 5b08 | 49ba 0000 | 0000 0800 | 0000 4903 | da48 3b98 
  0x0000022db4a8f1b8: 5801 0000 | 750d 4883 | 8060 0100 | 0001 e966 | 0000 0048 | 3b98 6801 | 0000 750d | 4883 8070 
  0x0000022db4a8f1d8: 0100 0001 | e950 0000 | 0048 81b8 | 5801 0000 | 0000 0000 | 7517 4889 | 9858 0100 | 0048 c780 
  0x0000022db4a8f1f8: 6001 0000 | 0100 0000 | e92c 0000 | 0048 81b8 | 6801 0000 | 0000 0000 | 7517 4889 | 9868 0100 
  0x0000022db4a8f218: 0048 c780 | 7001 0000 | 0100 0000 | e908 0000 | 0048 8380 | 4801 0000 | 0149 8bd1 | 9048 b860 
  0x0000022db4a8f238: 5527 0008 

  0x0000022db4a8f23c: ;   {virtual_call}
  0x0000022db4a8f23c: 0000 00e8 

  0x0000022db4a8f240: ; ImmutableOopMap {[120]=Oop [128]=Oop [136]=Oop [144]=Oop }
                      ;*invokevirtual isDirect {reexecute=0 rethrow=0 return_oop=0}
                      ; - java.lang.ClassLoader::defineClass@7 (line 1089)
  0x0000022db4a8f240: dc7d a307 

  0x0000022db4a8f244: ;   {metadata(method data for {method} {0x00000008004350d8} 'defineClass' '(Ljava/lang/String;Ljava/nio/ByteBuffer;Ljava/security/ProtectionDomain;)Ljava/lang/Class;' in 'java/lang/ClassLoader')}
  0x0000022db4a8f244: 83f8 0049 | b820 d78c | cb2d 0200 | 0049 b980 | 0100 0000 | 0000 000f | 850a 0000 | 0049 b990 
  0x0000022db4a8f264: 0100 0000 | 0000 004b | 8b14 0848 | 8d52 014b | 8914 080f | 85b7 0200 | 004c 8b4c | 2478 4d8b 
  0x0000022db4a8f284: ;   {metadata(method data for {method} {0x00000008004350d8} 'defineClass' '(Ljava/lang/String;Ljava/nio/ByteBuffer;Ljava/security/ProtectionDomain;)Ljava/lang/Class;' in 'java/lang/ClassLoader')}
  0x0000022db4a8f284: c148 ba20 | d78c cb2d | 0200 0048 | 8382 a001 

  0x0000022db4a8f294: ;   {metadata(method data for {method} {0x00000008000e85c0} 'hasArray' '()Z' in 'java/nio/ByteBuffer')}
  0x0000022db4a8f294: 0000 0149 | b8c0 198d | cb2d 0200 | 0041 8b90 | cc00 0000 | 83c2 0241 | 8990 cc00 | 0000 81e2 
  0x0000022db4a8f2b4: feff 1f00 | 83fa 000f | 84c7 0a00 | 0041 8b71 | 3048 89b4 | 24c0 0000 | 0048 83fe 

  0x0000022db4a8f2d0: ;   {metadata(method data for {method} {0x00000008000e85c0} 'hasArray' '()Z' in 'java/nio/ByteBuffer')}
  0x0000022db4a8f2d0: 0049 b8c0 | 198d cb2d | 0200 0048 | ba10 0100 | 0000 0000 | 000f 840a | 0000 0048 | ba20 0100 
  0x0000022db4a8f2f0: 0000 0000 | 0049 8b3c | 1048 8d7f | 0149 893c | 100f 843f | 0000 0045 | 0fbe 412c | 4183 f800 
  0x0000022db4a8f310: ;   {metadata(method data for {method} {0x00000008000e85c0} 'hasArray' '()Z' in 'java/nio/ByteBuffer')}
  0x0000022db4a8f310: 49b8 c019 | 8dcb 2d02 | 0000 48ba | 4001 0000 | 0000 0000 | 0f84 0a00 | 0000 48ba | 3001 0000 
  0x0000022db4a8f330: 0000 0000 | 498b 3c10 | 488d 7f01 | 4989 3c10 | 0f84 0b00 | 0000 41b8 | 0000 0000 | e917 0000 
  0x0000022db4a8f350: ;   {metadata(method data for {method} {0x00000008000e85c0} 'hasArray' '()Z' in 'java/nio/ByteBuffer')}
  0x0000022db4a8f350: 0049 b8c0 | 198d cb2d | 0200 0041 | ff80 5001 | 0000 41b8 | 0100 0000 | 4183 e001 | 4183 f800 
  0x0000022db4a8f370: ;   {metadata(method data for {method} {0x00000008004350d8} 'defineClass' '(Ljava/lang/String;Ljava/nio/ByteBuffer;Ljava/security/ProtectionDomain;)Ljava/lang/Class;' in 'java/lang/ClassLoader')}
  0x0000022db4a8f370: 49b8 20d7 | 8ccb 2d02 | 0000 48ba | d801 0000 | 0000 0000 | 0f84 0a00 | 0000 48ba | e801 0000 
  0x0000022db4a8f390: 0000 0000 | 498b 3c10 | 488d 7f01 | 4989 3c10 | 0f84 4405 | 0000 4d8b 

  0x0000022db4a8f3a8: ;   {metadata(method data for {method} {0x00000008004350d8} 'defineClass' '(Ljava/lang/String;Ljava/nio/ByteBuffer;Ljava/security/ProtectionDomain;)Ljava/lang/Class;' in 'java/lang/ClassLoader')}
  0x0000022db4a8f3a8: c148 ba20 | d78c cb2d | 0200 0048 | 8382 f801 

  0x0000022db4a8f3b8: ;   {metadata(method data for {method} {0x00000008000e9fe0} 'array' '()[B' in 'java/nio/ByteBuffer')}
  0x0000022db4a8f3b8: 0000 0149 | b868 1b8d | cb2d 0200 | 0041 8b90 | cc00 0000 | 83c2 0241 | 8990 cc00 | 0000 81e2 
  0x0000022db4a8f3d8: feff 1f00 | 83fa 000f | 84c4 0900 | 0048 83fe 

  0x0000022db4a8f3e8: ;   {metadata(method data for {method} {0x00000008000e9fe0} 'array' '()[B' in 'java/nio/ByteBuffer')}
  0x0000022db4a8f3e8: 0049 b868 | 1b8d cb2d | 0200 0048 | ba20 0100 | 0000 0000 | 000f 840a | 0000 0048 | ba10 0100 
  0x0000022db4a8f408: 0000 0000 | 0049 8b3c | 1048 8d7f | 0149 893c | 100f 8482 | 0800 0045 | 0fbe 412c | 4183 f800 
  0x0000022db4a8f428: ;   {metadata(method data for {method} {0x00000008000e9fe0} 'array' '()[B' in 'java/nio/ByteBuffer')}
  0x0000022db4a8f428: 48ba 681b | 8dcb 2d02 | 0000 48bf | 5001 0000 | 0000 0000 | 0f85 0a00 | 0000 48bf | 4001 0000 
  0x0000022db4a8f448: 0000 0000 | 488b 1c3a | 488d 5b01 | 4889 1c3a | 0f85 fb07 | 0000 498b 

  0x0000022db4a8f460: ;   {metadata(method data for {method} {0x00000008004350d8} 'defineClass' '(Ljava/lang/String;Ljava/nio/ByteBuffer;Ljava/security/ProtectionDomain;)Ljava/lang/Class;' in 'java/lang/ClassLoader')}
  0x0000022db4a8f460: d148 bf20 | d78c cb2d | 0200 0048 | 8387 3002 | 0000 0141 | 8b79 1889 | bc24 9c00 | 0000 498b 
  0x0000022db4a8f480: ;   {metadata(method data for {method} {0x00000008004350d8} 'defineClass' '(Ljava/lang/String;Ljava/nio/ByteBuffer;Ljava/security/ProtectionDomain;)Ljava/lang/Class;' in 'java/lang/ClassLoader')}
  0x0000022db4a8f480: d148 bb20 | d78c cb2d | 0200 0048 | 8383 6802 

  0x0000022db4a8f490: ;   {metadata(method data for {method} {0x00000008000e8670} 'arrayOffset' '()I' in 'java/nio/ByteBuffer')}
  0x0000022db4a8f490: 0000 0148 | ba18 1d8d | cb2d 0200 | 008b 9acc | 0000 0083 | c302 899a | cc00 0000 | 81e3 feff 
  0x0000022db4a8f4b0: 1f00 83fb | 000f 840f | 0900 0048 

  0x0000022db4a8f4bc: ;   {metadata(method data for {method} {0x00000008000e8670} 'arrayOffset' '()I' in 'java/nio/ByteBuffer')}
  0x0000022db4a8f4bc: 83fe 0048 | ba18 1d8d | cb2d 0200 | 0048 bb20 | 0100 0000 | 0000 000f | 840a 0000 | 0048 bb10 
  0x0000022db4a8f4dc: 0100 0000 | 0000 0048 | 8b04 1a48 | 8d40 0148 | 8904 1a0f | 84c4 0600 | 0041 83f8 

  0x0000022db4a8f4f8: ;   {metadata(method data for {method} {0x00000008000e8670} 'arrayOffset' '()I' in 'java/nio/ByteBuffer')}
  0x0000022db4a8f4f8: 0049 b818 | 1d8d cb2d | 0200 0048 | ba40 0100 | 0000 0000 | 000f 840a | 0000 0048 | ba50 0100 
  0x0000022db4a8f518: 0000 0000 | 0049 8b1c | 1048 8d5b | 0149 891c | 100f 8453 | 0300 00e9 | 3e06 0000 | 488b 9424 
  0x0000022db4a8f538: 8000 0000 

  0x0000022db4a8f53c: ;   {metadata(method data for {method} {0x00000008004350d8} 'defineClass' '(Ljava/lang/String;Ljava/nio/ByteBuffer;Ljava/security/ProtectionDomain;)Ljava/lang/Class;' in 'java/lang/ClassLoader')}
  0x0000022db4a8f53c: 49b8 20d7 | 8ccb 2d02 | 0000 4983 | 8048 0300 | 0001 4c8b | 8424 8800 | 0000 4c8b | 8c24 9000 
  0x0000022db4a8f55c: 0000 488b | 9424 8000 

  0x0000022db4a8f564: ;   {optimized virtual_call}
  0x0000022db4a8f564: 0000 90e8 

  0x0000022db4a8f568: ; ImmutableOopMap {[120]=Oop [128]=Oop [136]=Oop }
                      ;*invokevirtual preDefineClass {reexecute=0 rethrow=0 return_oop=0}
                      ; - java.lang.ClassLoader::defineClass@70 (line 1102)
  0x0000022db4a8f568: 1445 ffff | 4889 8424 | a000 0000 | 488b 9424 | 8000 0000 

  0x0000022db4a8f57c: ;   {metadata(method data for {method} {0x00000008004350d8} 'defineClass' '(Ljava/lang/String;Ljava/nio/ByteBuffer;Ljava/security/ProtectionDomain;)Ljava/lang/Class;' in 'java/lang/ClassLoader')}
  0x0000022db4a8f57c: 49b8 20d7 | 8ccb 2d02 | 0000 4983 | 8080 0300 

  0x0000022db4a8f58c: ;   {metadata(method data for {method} {0x0000000800434dc0} 'defineClassSourceLocation' '(Ljava/security/ProtectionDomain;)Ljava/lang/String;' in 'java/lang/ClassLoader')}
  0x0000022db4a8f58c: 0001 49b8 | 90f8 8ccb | 2d02 0000 | 418b 90cc | 0000 0083 | c202 4189 | 90cc 0000 | 0081 e2fe 
  0x0000022db4a8f5ac: ff1f 0083 | fa00 0f84 | 3308 0000 

  0x0000022db4a8f5b8: ; implicit exception: dispatches to 0x0000022db4a8fe0c
  0x0000022db4a8f5b8: 483b 004c 

  0x0000022db4a8f5bc: ;   {metadata(method data for {method} {0x0000000800434dc0} 'defineClassSourceLocation' '(Ljava/security/ProtectionDomain;)Ljava/lang/String;' in 'java/lang/ClassLoader')}
  0x0000022db4a8f5bc: 8bc0 48ba | 90f8 8ccb | 2d02 0000 | 4883 8210 | 0100 0001 | 448b 4010 | 4983 f800 

  0x0000022db4a8f5d8: ;   {metadata(method data for {method} {0x0000000800434dc0} 'defineClassSourceLocation' '(Ljava/security/ProtectionDomain;)Ljava/lang/String;' in 'java/lang/ClassLoader')}
  0x0000022db4a8f5d8: 48ba 90f8 | 8ccb 2d02 | 0000 48be | 5801 0000 | 0000 0000 | 0f85 0a00 | 0000 48be | 4801 0000 
  0x0000022db4a8f5f8: 0000 0000 | 488b 3c32 | 488d 7f01 | 4889 3c32 | 0f85 0f00 

  0x0000022db4a8f60c: ;   {oop(NULL)}
  0x0000022db4a8f60c: 0000 48bb | 0000 0000 | 0000 0000 | e9aa 0100 | 0049 3b00 

  0x0000022db4a8f620: ;   {metadata(method data for {method} {0x0000000800434dc0} 'defineClassSourceLocation' '(Ljava/security/ProtectionDomain;)Ljava/lang/String;' in 'java/lang/ClassLoader')}
  0x0000022db4a8f620: 498b d048 | be90 f88c | cb2d 0200 | 0048 8386 | 6801 0000 | 0141 8b50 | 0c48 83fa 

  0x0000022db4a8f63c: ;   {metadata(method data for {method} {0x0000000800434dc0} 'defineClassSourceLocation' '(Ljava/security/ProtectionDomain;)Ljava/lang/String;' in 'java/lang/ClassLoader')}
  0x0000022db4a8f63c: 0048 be90 | f88c cb2d | 0200 0048 | bfb0 0100 | 0000 0000 | 000f 850a | 0000 0048 | bfa0 0100 
  0x0000022db4a8f65c: 0000 0000 | 0048 8b1c | 3e48 8d5b | 0148 891c | 3e0f 850f 

  0x0000022db4a8f670: ;   {oop(NULL)}
  0x0000022db4a8f670: 0000 0048 | bb00 0000 | 0000 0000 | 00e9 4501 

  0x0000022db4a8f680: ;   {metadata(method data for {method} {0x0000000800434dc0} 'defineClassSourceLocation' '(Ljava/security/ProtectionDomain;)Ljava/lang/String;' in 'java/lang/ClassLoader')}
  0x0000022db4a8f680: 0000 48be | 90f8 8ccb | 2d02 0000 | 4883 86c0 | 0100 0001 

  0x0000022db4a8f694: ; implicit exception: dispatches to 0x0000022db4a8fe16
  0x0000022db4a8f694: 483b 024c 

  0x0000022db4a8f698: ;   {metadata(method data for {method} {0x0000000800434dc0} 'defineClassSourceLocation' '(Ljava/security/ProtectionDomain;)Ljava/lang/String;' in 'java/lang/ClassLoader')}
  0x0000022db4a8f698: 8bc2 48be | 90f8 8ccb | 2d02 0000 | 4883 86f8 | 0100 0001 

  0x0000022db4a8f6ac: ;   {metadata(method data for {method} {0x0000000800068628} 'toString' '()Ljava/lang/String;' in 'java/net/URL')}
  0x0000022db4a8f6ac: 49b8 08fb | 8ccb 2d02 | 0000 418b | b0cc 0000 | 0083 c602 | 4189 b0cc | 0000 0081 | e6fe ff1f 
  0x0000022db4a8f6cc: 0083 fe00 | 0f84 4507 | 0000 4c8b 

  0x0000022db4a8f6d8: ;   {metadata(method data for {method} {0x0000000800068628} 'toString' '()Ljava/lang/String;' in 'java/net/URL')}
  0x0000022db4a8f6d8: c248 be08 | fb8c cb2d | 0200 0048 | 8386 1001 

  0x0000022db4a8f6e8: ;   {metadata(method data for {method} {0x0000000800068ec0} 'toExternalForm' '()Ljava/lang/String;' in 'java/net/URL')}
  0x0000022db4a8f6e8: 0000 0149 | b890 fc8c | cb2d 0200 | 0041 8bb0 | cc00 0000 | 83c6 0241 | 89b0 cc00 | 0000 81e6 
  0x0000022db4a8f708: feff 1f00 | 83fe 000f | 8427 0700 | 008b 7238 

  0x0000022db4a8f718: ; implicit exception: dispatches to 0x0000022db4a8fe5d
  0x0000022db4a8f718: 483b 064c 

  0x0000022db4a8f71c: ;   {metadata(method data for {method} {0x0000000800068ec0} 'toExternalForm' '()Ljava/lang/String;' in 'java/net/URL')}
  0x0000022db4a8f71c: 8bc6 48bf | 90fc 8ccb | 2d02 0000 | 458b 4008 | 49ba 0000 | 0000 0800 | 0000 4d03 | c24c 3b87 
  0x0000022db4a8f73c: 2001 0000 | 750d 4883 | 8728 0100 | 0001 e966 | 0000 004c | 3b87 3001 | 0000 750d | 4883 8738 
  0x0000022db4a8f75c: 0100 0001 | e950 0000 | 0048 81bf | 2001 0000 | 0000 0000 | 7517 4c89 | 8720 0100 | 0048 c787 
  0x0000022db4a8f77c: 2801 0000 | 0100 0000 | e92c 0000 | 0048 81bf | 3001 0000 | 0000 0000 | 7517 4c89 | 8730 0100 
  0x0000022db4a8f79c: 0048 c787 | 3801 0000 | 0100 0000 | e908 0000 | 0048 8387 | 1001 0000 | 014c 8bc2 | 488b d60f 
  0x0000022db4a8f7bc: ;   {optimized virtual_call}
  0x0000022db4a8f7bc: 1f40 00e8 

  0x0000022db4a8f7c0: ; ImmutableOopMap {[120]=Oop [128]=Oop [136]=Oop [160]=Oop }
                      ;*invokevirtual toExternalForm {reexecute=0 rethrow=0 return_oop=0}
                      ; - java.net.URL::toExternalForm@5 (line 1040)
                      ; - java.net.URL::toString@1 (line 1026)
                      ; - java.lang.ClassLoader::defineClassSourceLocation@22 (line 913)
                      ; - java.lang.ClassLoader::defineClass@76 (line 1103)
  0x0000022db4a8f7c0: bc22 0000 | 488b d848 | 8b84 24a0 | 0000 004c | 8b4c 2478 

  0x0000022db4a8f7d4: ;   {metadata(method data for {method} {0x00000008004350d8} 'defineClass' '(Ljava/lang/String;Ljava/nio/ByteBuffer;Ljava/security/ProtectionDomain;)Ljava/lang/Class;' in 'java/lang/ClassLoader')}
  0x0000022db4a8f7d4: 498b d149 | b820 d78c | cb2d 0200 | 0049 8380 | b803 0000 | 0141 8b79 

  0x0000022db4a8f7ec: ;   {metadata(method data for {method} {0x00000008004350d8} 'defineClass' '(Ljava/lang/String;Ljava/nio/ByteBuffer;Ljava/security/ProtectionDomain;)Ljava/lang/Class;' in 'java/lang/ClassLoader')}
  0x0000022db4a8f7ec: 1848 ba20 | d78c cb2d | 0200 0048 | 8382 f003 | 0000 0148 | 8b94 2480 | 0000 004c | 8b84 2488 
  0x0000022db4a8f80c: 0000 008b | b424 9800 | 0000 488b | c848 891c 

  0x0000022db4a8f81c: ;   {static_call}
  0x0000022db4a8f81c: 2466 90e8 

  0x0000022db4a8f820: ; ImmutableOopMap {[128]=Oop [160]=Oop }
                      ;*invokestatic defineClass2 {reexecute=0 rethrow=0 return_oop=0}
                      ; - java.lang.ClassLoader::defineClass@93 (line 1104)
  0x0000022db4a8f820: bca5 a407 | 488b 9424 | 8000 0000 

  0x0000022db4a8f82c: ;   {metadata(method data for {method} {0x00000008004350d8} 'defineClass' '(Ljava/lang/String;Ljava/nio/ByteBuffer;Ljava/security/ProtectionDomain;)Ljava/lang/Class;' in 'java/lang/ClassLoader')}
  0x0000022db4a8f82c: 49b8 20d7 | 8ccb 2d02 | 0000 4983 | 8000 0400 | 0001 4c8b | c04c 8b8c | 24a0 0000 | 0048 8b94 
  0x0000022db4a8f84c: 2480 0000 | 0048 8984 | 24a8 0000 | 0066 0f1f 

  0x0000022db4a8f85c: ;   {optimized virtual_call}
  0x0000022db4a8f85c: 4400 00e8 

  0x0000022db4a8f860: ; ImmutableOopMap {[168]=Oop }
                      ;*invokevirtual postDefineClass {reexecute=0 rethrow=0 return_oop=0}
                      ; - java.lang.ClassLoader::defineClass@102 (line 1105)
  0x0000022db4a8f860: bc63 0000 | 488b 8424 | a800 0000 | 4881 c4f0 | 0000 005d 

  0x0000022db4a8f874: ;   {poll_return}
  0x0000022db4a8f874: 493b a778 | 0300 000f | 87e1 0500 | 00c3 458b | 4128 488b | 9424 8000 

  0x0000022db4a8f88c: ;   {metadata(method data for {method} {0x00000008004350d8} 'defineClass' '(Ljava/lang/String;Ljava/nio/ByteBuffer;Ljava/security/ProtectionDomain;)Ljava/lang/Class;' in 'java/lang/ClassLoader')}
  0x0000022db4a8f88c: 0000 49b9 | 20d7 8ccb | 2d02 0000 | 4983 81a0 | 0200 0001 | 498b c803 | cf4c 8b84 | 2488 0000 
  0x0000022db4a8f8ac: 004c 8bce | 488b f98b | b424 9800 | 0000 488b | 8c24 9000 | 0000 488b | 9424 8000 | 0000 0f1f 
  0x0000022db4a8f8cc: ;   {optimized virtual_call}
  0x0000022db4a8f8cc: 4400 00e8 

  0x0000022db4a8f8d0: ; ImmutableOopMap {}
                      ;*invokevirtual defineClass {reexecute=0 rethrow=0 return_oop=0}
                      ; - java.lang.ClassLoader::defineClass@38 (line 1091)
  0x0000022db4a8f8d0: ac21 4e07 | 4881 c4f0 | 0000 005d 

  0x0000022db4a8f8dc: ;   {poll_return}
  0x0000022db4a8f8dc: 493b a778 | 0300 000f | 878f 0500 | 00c3 8b9c | 2498 0000 

  0x0000022db4a8f8f0: ;   {metadata({type array byte})}
  0x0000022db4a8f8f0: 0048 baf0 | 2100 0008 | 0000 0048 | 63db 488b | fb48 81fb | ffff ff00 | 0f87 8005 | 0000 48be 
  0x0000022db4a8f910: 1700 0000 | 0000 0000 | 488d 341e | 4883 e6f8 | 498b 87f8 | 0000 0048 | 8d34 3049 | 3bb7 0801 
  0x0000022db4a8f930: 0000 0f87 | 5605 0000 | 4989 b7f8 | 0000 0048 | 2bf0 48c7 | 0001 0000 | 0048 8bca | 49ba 0000 
  0x0000022db4a8f950: 0000 0800 | 0000 492b | ca89 4808 | 8958 0c48 | 83ee 100f | 841a 0000 | 0048 85f6 | 0f84 1100 
  0x0000022db4a8f970: 0000 4833 | db48 c1ee | 0348 895c | f008 48ff | ce75 f64d 

  0x0000022db4a8f984: ;   {metadata(method data for {method} {0x00000008004350d8} 'defineClass' '(Ljava/lang/String;Ljava/nio/ByteBuffer;Ljava/security/ProtectionDomain;)Ljava/lang/Class;' in 'java/lang/ClassLoader')}
  0x0000022db4a8f984: 8bc1 48bf | 20d7 8ccb | 2d02 0000 | 458b 4008 | 49ba 0000 | 0000 0800 | 0000 4d03 | c24c 3b87 
  0x0000022db4a8f9a4: e802 0000 | 750d 4883 | 87f0 0200 | 0001 e966 | 0000 004c | 3b87 f802 | 0000 750d | 4883 8700 
  0x0000022db4a8f9c4: 0300 0001 | e950 0000 | 0048 81bf | e802 0000 | 0000 0000 | 7517 4c89 | 87e8 0200 | 0048 c787 
  0x0000022db4a8f9e4: f002 0000 | 0100 0000 | e92c 0000 | 0048 81bf | f802 0000 | 0000 0000 | 7517 4c89 | 87f8 0200 
  0x0000022db4a8fa04: 0048 c787 | 0003 0000 | 0100 0000 | e908 0000 | 0048 8387 | d802 0000 

  0x0000022db4a8fa1c: ;   {metadata(method data for {method} {0x00000008000e8930} 'get' '([B)Ljava/nio/ByteBuffer;' in 'java/nio/ByteBuffer')}
  0x0000022db4a8fa1c: 0149 b850 | bc8c cb2d | 0200 0041 | 8bb8 cc00 | 0000 83c7 | 0241 89b8 | cc00 0000 | 81e7 feff 
  0x0000022db4a8fa3c: 1f00 83ff | 000f 8451 | 0400 008b | 780c 4d8b 

  0x0000022db4a8fa4c: ;   {metadata(method data for {method} {0x00000008000e8930} 'get' '([B)Ljava/nio/ByteBuffer;' in 'java/nio/ByteBuffer')}
  0x0000022db4a8fa4c: c148 ba50 | bc8c cb2d | 0200 0045 | 8b40 0849 | ba00 0000 | 0008 0000 | 004d 03c2 | 4c3b 8220 
  0x0000022db4a8fa6c: 0100 0075 | 0d48 8382 | 2801 0000 | 01e9 6600 | 0000 4c3b | 8230 0100 | 0075 0d48 | 8382 3801 
  0x0000022db4a8fa8c: 0000 01e9 | 5000 0000 | 4881 ba20 | 0100 0000 | 0000 0075 | 174c 8982 | 2001 0000 | 48c7 8228 
  0x0000022db4a8faac: 0100 0001 | 0000 00e9 | 2c00 0000 | 4881 ba30 | 0100 0000 | 0000 0075 | 174c 8982 | 3001 0000 
  0x0000022db4a8facc: 48c7 8238 | 0100 0001 | 0000 00e9 | 0800 0000 | 4883 8210 | 0100 0001 | 4c8b c049 | 8bf1 41b9 
  0x0000022db4a8faec: 0000 0000 | 488b d648 | 8984 24b0 | 0000 0066 | 9048 b8ff | ffff ffff 

  0x0000022db4a8fb04: ;   {virtual_call}
  0x0000022db4a8fb04: ffff ffe8 

  0x0000022db4a8fb08: ; ImmutableOopMap {[128]=Oop [136]=Oop [144]=Oop [176]=Oop }
                      ;*invokevirtual get {reexecute=0 rethrow=0 return_oop=0}
                      ; - java.nio.ByteBuffer::get@5 (line 836)
                      ; - java.lang.ClassLoader::defineClass@51 (line 1097)
  0x0000022db4a8fb08: 7422 4e07 | 488b 9424 | 8000 0000 

  0x0000022db4a8fb14: ;   {metadata(method data for {method} {0x00000008004350d8} 'defineClass' '(Ljava/lang/String;Ljava/nio/ByteBuffer;Ljava/security/ProtectionDomain;)Ljava/lang/Class;' in 'java/lang/ClassLoader')}
  0x0000022db4a8fb14: 49b8 20d7 | 8ccb 2d02 | 0000 4983 | 8010 0300 | 0001 4c8b | 8424 8800 | 0000 4c8b | 8c24 b000 
  0x0000022db4a8fb34: 0000 bf00 | 0000 008b | b424 9800 | 0000 488b | 8c24 9000 | 0000 488b | 9424 8000 | 0000 0f1f 
  0x0000022db4a8fb54: ;   {optimized virtual_call}
  0x0000022db4a8fb54: 4400 00e8 

  0x0000022db4a8fb58: ; ImmutableOopMap {}
                      ;*invokevirtual defineClass {reexecute=0 rethrow=0 return_oop=0}
                      ; - java.lang.ClassLoader::defineClass@63 (line 1098)
  0x0000022db4a8fb58: 241f 4e07 | 4881 c4f0 | 0000 005d 

  0x0000022db4a8fb64: ;   {poll_return}
  0x0000022db4a8fb64: 493b a778 | 0300 000f | 8748 0300 | 00c3 660f | 1f44 0000 

  0x0000022db4a8fb78: ;   {no_reloc}
  0x0000022db4a8fb78: e961 0300 | 0000 0000 | 0000 e961 | 0300 0048 

  0x0000022db4a8fb88: ;   {metadata(method data for {method} {0x00000008000e8670} 'arrayOffset' '()I' in 'java/nio/ByteBuffer')}
  0x0000022db4a8fb88: 8bd0 48bb | 181d 8dcb | 2d02 0000 | 4883 8360 | 0100 0001 | 488b d048 | 8984 24b8 

  0x0000022db4a8fba4: ;   {optimized virtual_call}
  0x0000022db4a8fba4: 0000 00e8 

  0x0000022db4a8fba8: ; ImmutableOopMap {[128]=Oop [136]=Oop [144]=Oop [184]=Oop [192]=Oop }
                      ;*invokespecial <init> {reexecute=0 rethrow=0 return_oop=0}
                      ; - java.nio.ByteBuffer::arrayOffset@26 (line 1511)
                      ; - java.lang.ClassLoader::defineClass@31 (line 1092)
  0x0000022db4a8fba8: d41e 4e07 | 488b 8424 | b800 0000 | e9d5 0300 | 000f 1f80 | 0000 0000 

  0x0000022db4a8fbc0: ;   {no_reloc}
  0x0000022db4a8fbc0: e93f 0300 | 0000 0000 | 0000 80ba | 2301 0000 | 040f 853c | 0300 0049 | 8b87 f800 | 0000 488d 
  0x0000022db4a8fbe0: 7828 493b | bf08 0100 | 000f 8724 | 0300 0049 | 89bf f800 | 0000 48c7 | 0001 0000 | 0048 8bca 
  0x0000022db4a8fc00: 49ba 0000 | 0000 0800 | 0000 492b | ca89 4808 | 4833 c989 | 480c 4833 | c948 8948 | 1048 8948 
  0x0000022db4a8fc20: 1848 8948 | 2048 8bd0 

  0x0000022db4a8fc28: ;   {metadata(method data for {method} {0x00000008000e8670} 'arrayOffset' '()I' in 'java/nio/ByteBuffer')}
  0x0000022db4a8fc28: 48be 181d | 8dcb 2d02 | 0000 4883 | 8630 0100 | 0001 488b | d048 8984 | 24c8 0000 

  0x0000022db4a8fc44: ;   {optimized virtual_call}
  0x0000022db4a8fc44: 0066 90e8 

  0x0000022db4a8fc48: ; ImmutableOopMap {[128]=Oop [136]=Oop [144]=Oop [192]=Oop [200]=Oop }
                      ;*invokespecial <init> {reexecute=0 rethrow=0 return_oop=0}
                      ; - java.nio.ByteBuffer::arrayOffset@11 (line 1509)
                      ; - java.lang.ClassLoader::defineClass@31 (line 1092)
  0x0000022db4a8fc48: 341e 4e07 | 488b 8424 | c800 0000 | e935 0300 | 000f 1f80 | 0000 0000 

  0x0000022db4a8fc60: ;   {no_reloc}
  0x0000022db4a8fc60: e9ca 0200 | 0000 0000 | 0000 e9ca | 0200 0048 

  0x0000022db4a8fc70: ;   {metadata(method data for {method} {0x00000008000e9fe0} 'array' '()[B' in 'java/nio/ByteBuffer')}
  0x0000022db4a8fc70: 8bd0 48be | 681b 8dcb | 2d02 0000 | 4883 8660 | 0100 0001 | 488b d048 | 8984 24d0 

  0x0000022db4a8fc8c: ;   {optimized virtual_call}
  0x0000022db4a8fc8c: 0000 00e8 

  0x0000022db4a8fc90: ; ImmutableOopMap {[120]=Oop [128]=Oop [136]=Oop [144]=Oop [208]=Oop }
                      ;*invokespecial <init> {reexecute=0 rethrow=0 return_oop=0}
                      ; - java.nio.ByteBuffer::array@26 (line 1483)
                      ; - java.lang.ClassLoader::defineClass@23 (line 1091)
  0x0000022db4a8fc90: ec1d 4e07 | 488b 8424 | d000 0000 | e9ed 0200 | 000f 1f80 | 0000 0000 

  0x0000022db4a8fca8: ;   {no_reloc}
  0x0000022db4a8fca8: e9a8 0200 | 0000 0000 | 0000 80ba | 2301 0000 | 040f 85a5 | 0200 0049 | 8b87 f800 | 0000 488d 
  0x0000022db4a8fcc8: 7828 493b | bf08 0100 | 000f 878d | 0200 0049 | 89bf f800 | 0000 48c7 | 0001 0000 | 0048 8bca 
  0x0000022db4a8fce8: 49ba 0000 | 0000 0800 | 0000 492b | ca89 4808 | 4833 c989 | 480c 4833 | c948 8948 | 1048 8948 
  0x0000022db4a8fd08: 1848 8948 | 2048 8bd0 

  0x0000022db4a8fd10: ;   {metadata(method data for {method} {0x00000008000e9fe0} 'array' '()[B' in 'java/nio/ByteBuffer')}
  0x0000022db4a8fd10: 48be 681b | 8dcb 2d02 | 0000 4883 | 8630 0100 | 0001 488b | d048 8984 | 24d8 0000 

  0x0000022db4a8fd2c: ;   {optimized virtual_call}
  0x0000022db4a8fd2c: 0066 90e8 

  0x0000022db4a8fd30: ; ImmutableOopMap {[120]=Oop [128]=Oop [136]=Oop [144]=Oop [216]=Oop }
                      ;*invokespecial <init> {reexecute=0 rethrow=0 return_oop=0}
                      ; - java.nio.ByteBuffer::array@11 (line 1481)
                      ; - java.lang.ClassLoader::defineClass@23 (line 1091)
  0x0000022db4a8fd30: 4c1d 4e07 | 488b 8424 | d800 0000 | e94d 0200 

  0x0000022db4a8fd40: ;   {metadata({method} {0x00000008004350d8} 'defineClass' '(Ljava/lang/String;Ljava/nio/ByteBuffer;Ljava/security/ProtectionDomain;)Ljava/lang/Class;' in 'java/lang/ClassLoader')}
  0x0000022db4a8fd40: 0049 bad0 | 5043 0008 | 0000 004c | 8954 2408 | 48c7 0424 | ffff ffff 

  0x0000022db4a8fd58: ;   {runtime_call counter_overflow Runtime1 stub}
  0x0000022db4a8fd58: e8a3 1459 

  0x0000022db4a8fd5c: ; ImmutableOopMap {rdx=Oop r8=Oop r9=Oop rdi=Oop [120]=Oop [128]=Oop [136]=Oop [144]=Oop }
                      ;*synchronization entry
                      ; - java.lang.ClassLoader::defineClass@-1 (line 1086)
  0x0000022db4a8fd5c: 07e9 92f3 

  0x0000022db4a8fd60: ;   {runtime_call throw_null_pointer_exception Runtime1 stub}
  0x0000022db4a8fd60: ffff e8b9 

  0x0000022db4a8fd64: ; ImmutableOopMap {rdx=Oop r8=Oop r9=Oop rdi=Oop [120]=Oop [128]=Oop [136]=Oop [144]=Oop }
                      ;*invokevirtual remaining {reexecute=0 rethrow=0 return_oop=0}
                      ; - java.lang.ClassLoader::defineClass@1 (line 1086)
                      ;   {metadata({method} {0x00000008000715d0} 'remaining' '()I' in 'java/nio/Buffer')}
  0x0000022db4a8fd64: ab58 0749 | bac8 1507 | 0008 0000 | 004c 8954 | 2408 48c7 | 0424 ffff 

  0x0000022db4a8fd7c: ;   {runtime_call counter_overflow Runtime1 stub}
  0x0000022db4a8fd7c: ffff e87d 

  0x0000022db4a8fd80: ; ImmutableOopMap {rdx=Oop r8=Oop r9=Oop rdi=Oop [120]=Oop [128]=Oop [136]=Oop [144]=Oop }
                      ;*synchronization entry
                      ; - java.nio.Buffer::remaining@-1 (line 510)
                      ; - java.lang.ClassLoader::defineClass@1 (line 1086)
  0x0000022db4a8fd80: 1459 07e9 | acf3 ffff 

  0x0000022db4a8fd88: ;   {metadata({method} {0x00000008000e85c0} 'hasArray' '()Z' in 'java/nio/ByteBuffer')}
  0x0000022db4a8fd88: 49ba b885 | 0e00 0800 | 0000 4c89 | 5424 0848 | c704 24ff 

  0x0000022db4a8fd9c: ;   {runtime_call counter_overflow Runtime1 stub}
  0x0000022db4a8fd9c: ffff ffe8 

  0x0000022db4a8fda0: ; ImmutableOopMap {r9=Oop [120]=Oop [128]=Oop [136]=Oop [144]=Oop }
                      ;*synchronization entry
                      ; - java.nio.ByteBuffer::hasArray@-1 (line 1457)
                      ; - java.lang.ClassLoader::defineClass@14 (line 1090)
  0x0000022db4a8fda0: 5c14 5907 | e918 f5ff 

  0x0000022db4a8fda8: ;   {metadata({method} {0x00000008000e9fe0} 'array' '()[B' in 'java/nio/ByteBuffer')}
  0x0000022db4a8fda8: ff49 bad8 | 9f0e 0008 | 0000 004c | 8954 2408 | 48c7 0424 | ffff ffff 

  0x0000022db4a8fdc0: ;   {runtime_call counter_overflow Runtime1 stub}
  0x0000022db4a8fdc0: e83b 1459 

  0x0000022db4a8fdc4: ; ImmutableOopMap {r9=Oop rsi=Oop [120]=Oop [128]=Oop [136]=Oop [144]=Oop [192]=Oop }
                      ;*synchronization entry
                      ; - java.nio.ByteBuffer::array@-1 (line 1480)
                      ; - java.lang.ClassLoader::defineClass@23 (line 1091)
  0x0000022db4a8fdc4: 07e9 1bf6 

  0x0000022db4a8fdc8: ;   {metadata({method} {0x00000008000e8670} 'arrayOffset' '()I' in 'java/nio/ByteBuffer')}
  0x0000022db4a8fdc8: ffff 49ba | 6886 0e00 | 0800 0000 | 4c89 5424 | 0848 c704 | 24ff ffff 

  0x0000022db4a8fde0: ;   {runtime_call counter_overflow Runtime1 stub}
  0x0000022db4a8fde0: ffe8 1a14 

  0x0000022db4a8fde4: ; ImmutableOopMap {r9=Oop rsi=Oop [120]=Oop [128]=Oop [136]=Oop [144]=Oop [192]=Oop }
                      ;*synchronization entry
                      ; - java.nio.ByteBuffer::arrayOffset@-1 (line 1508)
                      ; - java.lang.ClassLoader::defineClass@31 (line 1092)
  0x0000022db4a8fde4: 5907 e9d0 

  0x0000022db4a8fde8: ;   {metadata({method} {0x0000000800434dc0} 'defineClassSourceLocation' '(Ljava/security/ProtectionDomain;)Ljava/lang/String;' in 'java/lang/ClassLoader')}
  0x0000022db4a8fde8: f6ff ff49 | bab8 4d43 | 0008 0000 | 004c 8954 | 2408 48c7 | 0424 ffff 

  0x0000022db4a8fe00: ;   {runtime_call counter_overflow Runtime1 stub}
  0x0000022db4a8fe00: ffff e8f9 

  0x0000022db4a8fe04: ; ImmutableOopMap {rax=Oop [120]=Oop [128]=Oop [136]=Oop [160]=Oop }
                      ;*synchronization entry
                      ; - java.lang.ClassLoader::defineClassSourceLocation@-1 (line 910)
                      ; - java.lang.ClassLoader::defineClass@76 (line 1103)
  0x0000022db4a8fe04: 1359 07e9 | acf7 ffff 

  0x0000022db4a8fe0c: ;   {runtime_call throw_null_pointer_exception Runtime1 stub}
  0x0000022db4a8fe0c: e80f ab58 

  0x0000022db4a8fe10: ; ImmutableOopMap {rax=Oop [120]=Oop [128]=Oop [136]=Oop [160]=Oop }
                      ;*invokevirtual getCodeSource {reexecute=0 rethrow=0 return_oop=0}
                      ; - java.lang.ClassLoader::defineClassSourceLocation@1 (line 910)
                      ; - java.lang.ClassLoader::defineClass@76 (line 1103)
                      ;   {runtime_call throw_null_pointer_exception Runtime1 stub}
  0x0000022db4a8fe10: 07e8 0aab 

  0x0000022db4a8fe14: ; ImmutableOopMap {rax=Oop r8=Oop [120]=Oop [128]=Oop [136]=Oop [160]=Oop }
                      ;*invokevirtual getLocation {reexecute=0 rethrow=0 return_oop=0}
                      ; - java.lang.ClassLoader::defineClassSourceLocation@12 (line 912)
                      ; - java.lang.ClassLoader::defineClass@76 (line 1103)
                      ;   {runtime_call throw_null_pointer_exception Runtime1 stub}
  0x0000022db4a8fe14: 5807 e805 

  0x0000022db4a8fe18: ; ImmutableOopMap {rdx=Oop [120]=Oop [128]=Oop [136]=Oop [160]=Oop }
                      ;*invokevirtual toString {reexecute=0 rethrow=0 return_oop=0}
                      ; - java.lang.ClassLoader::defineClassSourceLocation@22 (line 913)
                      ; - java.lang.ClassLoader::defineClass@76 (line 1103)
                      ;   {metadata({method} {0x0000000800068628} 'toString' '()Ljava/lang/String;' in 'java/net/URL')}
  0x0000022db4a8fe18: ab58 0749 | ba20 8606 | 0008 0000 | 004c 8954 | 2408 48c7 | 0424 ffff 

  0x0000022db4a8fe30: ;   {runtime_call counter_overflow Runtime1 stub}
  0x0000022db4a8fe30: ffff e8c9 

  0x0000022db4a8fe34: ; ImmutableOopMap {rdx=Oop [120]=Oop [128]=Oop [136]=Oop [160]=Oop }
                      ;*synchronization entry
                      ; - java.net.URL::toString@-1 (line 1026)
                      ; - java.lang.ClassLoader::defineClassSourceLocation@22 (line 913)
                      ; - java.lang.ClassLoader::defineClass@76 (line 1103)
  0x0000022db4a8fe34: 1359 07e9 | 9af8 ffff 

  0x0000022db4a8fe3c: ;   {metadata({method} {0x0000000800068ec0} 'toExternalForm' '()Ljava/lang/String;' in 'java/net/URL')}
  0x0000022db4a8fe3c: 49ba b88e | 0600 0800 | 0000 4c89 | 5424 0848 | c704 24ff 

  0x0000022db4a8fe50: ;   {runtime_call counter_overflow Runtime1 stub}
  0x0000022db4a8fe50: ffff ffe8 

  0x0000022db4a8fe54: ; ImmutableOopMap {rdx=Oop [120]=Oop [128]=Oop [136]=Oop [160]=Oop }
                      ;*synchronization entry
                      ; - java.net.URL::toExternalForm@-1 (line 1040)
                      ; - java.net.URL::toString@1 (line 1026)
                      ; - java.lang.ClassLoader::defineClassSourceLocation@22 (line 913)
                      ; - java.lang.ClassLoader::defineClass@76 (line 1103)
  0x0000022db4a8fe54: a813 5907 | e9b8 f8ff 

  0x0000022db4a8fe5c: ;   {runtime_call throw_null_pointer_exception Runtime1 stub}
  0x0000022db4a8fe5c: ffe8 beaa 

  0x0000022db4a8fe60: ; ImmutableOopMap {rdx=Oop rsi=Oop [120]=Oop [128]=Oop [136]=Oop [160]=Oop }
                      ;*invokevirtual toExternalForm {reexecute=0 rethrow=0 return_oop=0}
                      ; - java.net.URL::toExternalForm@5 (line 1040)
                      ; - java.net.URL::toString@1 (line 1026)
                      ; - java.lang.ClassLoader::defineClassSourceLocation@22 (line 913)
                      ; - java.lang.ClassLoader::defineClass@76 (line 1103)
                      ;   {internal_word}
  0x0000022db4a8fe60: 5807 49ba | 74f8 a8b4 | 2d02 0000 | 4d89 9790 

  0x0000022db4a8fe70: ;   {runtime_call SafepointBlob}
  0x0000022db4a8fe70: 0300 00e9 | 887f 4e07 

  0x0000022db4a8fe78: ;   {internal_word}
  0x0000022db4a8fe78: 49ba dcf8 | a8b4 2d02 | 0000 4d89 | 9790 0300 

  0x0000022db4a8fe88: ;   {runtime_call SafepointBlob}
  0x0000022db4a8fe88: 00e9 727f 

  0x0000022db4a8fe8c: ;   {runtime_call new_type_array Runtime1 stub}
  0x0000022db4a8fe8c: 4e07 e86d 

  0x0000022db4a8fe90: ; ImmutableOopMap {r9=Oop [120]=Oop [128]=Oop [136]=Oop [144]=Oop }
                      ;*newarray {reexecute=0 rethrow=0 return_oop=0}
                      ; - java.lang.ClassLoader::defineClass@44 (line 1096)
  0x0000022db4a8fe90: c258 07e9 | ebfa ffff 

  0x0000022db4a8fe98: ;   {metadata({method} {0x00000008000e8930} 'get' '([B)Ljava/nio/ByteBuffer;' in 'java/nio/ByteBuffer')}
  0x0000022db4a8fe98: 49ba 2889 | 0e00 0800 | 0000 4c89 | 5424 0848 | c704 24ff 

  0x0000022db4a8feac: ;   {runtime_call counter_overflow Runtime1 stub}
  0x0000022db4a8feac: ffff ffe8 

  0x0000022db4a8feb0: ; ImmutableOopMap {r9=Oop rax=Oop [120]=Oop [128]=Oop [136]=Oop [144]=Oop }
                      ;*synchronization entry
                      ; - java.nio.ByteBuffer::get@-1 (line 836)
                      ; - java.lang.ClassLoader::defineClass@51 (line 1097)
  0x0000022db4a8feb0: 4c13 5907 | e98e fbff 

  0x0000022db4a8feb8: ;   {internal_word}
  0x0000022db4a8feb8: ff49 ba64 | fba8 b42d | 0200 004d | 8997 9003 

  0x0000022db4a8fec8: ;   {runtime_call SafepointBlob}
  0x0000022db4a8fec8: 0000 e931 

  0x0000022db4a8fecc: ;   {metadata(NULL)}
  0x0000022db4a8fecc: 7f4e 0748 | ba00 0000 | 0000 0000 | 00b8 000f 

  0x0000022db4a8fedc: ;   {runtime_call load_klass_patching Runtime1 stub}
  0x0000022db4a8fedc: 050a e89d 

  0x0000022db4a8fee0: ; ImmutableOopMap {[128]=Oop [136]=Oop [144]=Oop [192]=Oop }
                      ;*new {reexecute=1 rethrow=0 return_oop=0}
                      ; - (reexecute) java.nio.ByteBuffer::arrayOffset@22 (line 1511)
                      ; - java.lang.ClassLoader::defineClass@31 (line 1092)
  0x0000022db4a8fee0: 0259 07e9 | 90fc ffff 

  0x0000022db4a8fee8: ;   {runtime_call new_instance Runtime1 stub}
  0x0000022db4a8fee8: 488b d2e8 

  0x0000022db4a8feec: ; ImmutableOopMap {[128]=Oop [136]=Oop [144]=Oop [192]=Oop }
                      ;*new {reexecute=0 rethrow=0 return_oop=0}
                      ; - java.nio.ByteBuffer::arrayOffset@22 (line 1511)
                      ; - java.lang.ClassLoader::defineClass@31 (line 1092)
  0x0000022db4a8feec: 10b3 5807 | e992 fcff 

  0x0000022db4a8fef4: ;   {metadata(NULL)}
  0x0000022db4a8fef4: ff48 ba00 | 0000 0000 | 0000 00b8 | 000f 050a 

  0x0000022db4a8ff04: ;   {runtime_call load_klass_patching Runtime1 stub}
  0x0000022db4a8ff04: e877 0259 

  0x0000022db4a8ff08: ; ImmutableOopMap {[128]=Oop [136]=Oop [144]=Oop [192]=Oop }
                      ;*new {reexecute=1 rethrow=0 return_oop=0}
                      ; - (reexecute) java.nio.ByteBuffer::arrayOffset@7 (line 1509)
                      ; - java.lang.ClassLoader::defineClass@31 (line 1092)
  0x0000022db4a8ff08: 07e9 b2fc 

  0x0000022db4a8ff0c: ;   {runtime_call throw_null_pointer_exception Runtime1 stub}
  0x0000022db4a8ff0c: ffff e80d 

  0x0000022db4a8ff10: ; ImmutableOopMap {[128]=Oop [136]=Oop [144]=Oop [192]=Oop }
                      ;*new {reexecute=0 rethrow=0 return_oop=0}
                      ; - java.nio.ByteBuffer::arrayOffset@7 (line 1509)
                      ; - java.lang.ClassLoader::defineClass@31 (line 1092)
  0x0000022db4a8ff10: aa58 0748 

  0x0000022db4a8ff14: ;   {runtime_call fast_new_instance_init_check Runtime1 stub}
  0x0000022db4a8ff14: 8bd2 e8e5 

  0x0000022db4a8ff18: ; ImmutableOopMap {[128]=Oop [136]=Oop [144]=Oop [192]=Oop }
                      ;*new {reexecute=0 rethrow=0 return_oop=0}
                      ; - java.nio.ByteBuffer::arrayOffset@7 (line 1509)
                      ; - java.lang.ClassLoader::defineClass@31 (line 1092)
  0x0000022db4a8ff18: be58 07e9 | 05fd ffff 

  0x0000022db4a8ff20: ;   {metadata(NULL)}
  0x0000022db4a8ff20: 48ba 0000 | 0000 0000 | 0000 b800 

  0x0000022db4a8ff2c: ;   {runtime_call load_klass_patching Runtime1 stub}
  0x0000022db4a8ff2c: 0f05 0ae8 

  0x0000022db4a8ff30: ; ImmutableOopMap {[120]=Oop [128]=Oop [136]=Oop [144]=Oop }
                      ;*new {reexecute=1 rethrow=0 return_oop=0}
                      ; - (reexecute) java.nio.ByteBuffer::array@22 (line 1483)
                      ; - java.lang.ClassLoader::defineClass@23 (line 1091)
  0x0000022db4a8ff30: 4c02 5907 | e927 fdff | ff48 8bd2 

  0x0000022db4a8ff3c: ;   {runtime_call new_instance Runtime1 stub}
  0x0000022db4a8ff3c: e8bf b258 

  0x0000022db4a8ff40: ; ImmutableOopMap {[120]=Oop [128]=Oop [136]=Oop [144]=Oop }
                      ;*new {reexecute=0 rethrow=0 return_oop=0}
                      ; - java.nio.ByteBuffer::array@22 (line 1483)
                      ; - java.lang.ClassLoader::defineClass@23 (line 1091)
  0x0000022db4a8ff40: 07e9 29fd 

  0x0000022db4a8ff44: ;   {metadata(NULL)}
  0x0000022db4a8ff44: ffff 48ba | 0000 0000 | 0000 0000 | b800 0f05 

  0x0000022db4a8ff54: ;   {runtime_call load_klass_patching Runtime1 stub}
  0x0000022db4a8ff54: 0ae8 2602 

  0x0000022db4a8ff58: ; ImmutableOopMap {[120]=Oop [128]=Oop [136]=Oop [144]=Oop }
                      ;*new {reexecute=1 rethrow=0 return_oop=0}
                      ; - (reexecute) java.nio.ByteBuffer::array@7 (line 1481)
                      ; - java.lang.ClassLoader::defineClass@23 (line 1091)
  0x0000022db4a8ff58: 5907 e949 

  0x0000022db4a8ff5c: ;   {runtime_call throw_null_pointer_exception Runtime1 stub}
  0x0000022db4a8ff5c: fdff ffe8 

  0x0000022db4a8ff60: ; ImmutableOopMap {[120]=Oop [128]=Oop [136]=Oop [144]=Oop }
                      ;*new {reexecute=0 rethrow=0 return_oop=0}
                      ; - java.nio.ByteBuffer::array@7 (line 1481)
                      ; - java.lang.ClassLoader::defineClass@23 (line 1091)
  0x0000022db4a8ff60: bca9 5807 

  0x0000022db4a8ff64: ;   {runtime_call fast_new_instance_init_check Runtime1 stub}
  0x0000022db4a8ff64: 488b d2e8 

  0x0000022db4a8ff68: ; ImmutableOopMap {[120]=Oop [128]=Oop [136]=Oop [144]=Oop }
                      ;*new {reexecute=0 rethrow=0 return_oop=0}
                      ; - java.nio.ByteBuffer::array@7 (line 1481)
                      ; - java.lang.ClassLoader::defineClass@23 (line 1091)
  0x0000022db4a8ff68: 94be 5807 | e99c fdff | ff49 8b87 | 2004 0000 | 49c7 8720 | 0400 0000 | 0000 0049 | c787 2804 
  0x0000022db4a8ff88: 0000 0000 | 0000 4881 | c4f0 0000 

  0x0000022db4a8ff94: ;   {runtime_call unwind_exception Runtime1 stub}
  0x0000022db4a8ff94: 005d e965 | 8e58 07f4 | f4f4 f4f4 
[Stub Code]
  0x0000022db4a8ffa0: ;   {no_reloc}
  0x0000022db4a8ffa0: 0f1f 4400 

  0x0000022db4a8ffa4: ;   {static_stub}
  0x0000022db4a8ffa4: 0048 bb00 | 0000 0000 

  0x0000022db4a8ffac: ;   {runtime_call}
  0x0000022db4a8ffac: 0000 00e9 | fbff ffff 

  0x0000022db4a8ffb4: ;   {static_stub}
  0x0000022db4a8ffb4: 9048 bb00 | 0000 0000 

  0x0000022db4a8ffbc: ;   {runtime_call}
  0x0000022db4a8ffbc: 0000 00e9 | fbff ffff 

  0x0000022db4a8ffc4: ;   {static_stub}
  0x0000022db4a8ffc4: 9048 bb00 | 1219 0008 

  0x0000022db4a8ffcc: ;   {runtime_call I2C/C2I adapters}
  0x0000022db4a8ffcc: 0000 00e9 | 896a 4e07 

  0x0000022db4a8ffd4: ;   {static_stub}
  0x0000022db4a8ffd4: 9048 bb90 | 4c43 0008 

  0x0000022db4a8ffdc: ;   {runtime_call I2C/C2I adapters}
  0x0000022db4a8ffdc: 0000 00e9 | 1495 4d07 

  0x0000022db4a8ffe4: ;   {static_stub}
  0x0000022db4a8ffe4: 9048 bbf8 | 4c43 0008 

  0x0000022db4a8ffec: ;   {runtime_call I2C/C2I adapters}
  0x0000022db4a8ffec: 0000 00e9 | ede2 4d07 

  0x0000022db4a8fff4: ;   {static_stub}
  0x0000022db4a8fff4: 9048 bb00 | 0000 0000 

  0x0000022db4a8fffc: ;   {runtime_call}
  0x0000022db4a8fffc: 0000 00e9 | fbff ffff 

  0x0000022db4a90004: ;   {static_stub}
  0x0000022db4a90004: 9048 bb00 | 0000 0000 

  0x0000022db4a9000c: ;   {runtime_call}
  0x0000022db4a9000c: 0000 00e9 | fbff ffff 

  0x0000022db4a90014: ;   {static_stub}
  0x0000022db4a90014: 9048 bb00 | 0000 0000 

  0x0000022db4a9001c: ;   {runtime_call}
  0x0000022db4a9001c: 0000 00e9 | fbff ffff 

  0x0000022db4a90024: ;   {static_stub}
  0x0000022db4a90024: 9048 bb00 | 0000 0000 

  0x0000022db4a9002c: ;   {runtime_call}
  0x0000022db4a9002c: 0000 00e9 | fbff ffff 

  0x0000022db4a90034: ;   {static_stub}
  0x0000022db4a90034: 9048 bb00 | 0000 0000 

  0x0000022db4a9003c: ;   {runtime_call}
  0x0000022db4a9003c: 0000 00e9 | fbff ffff 

  0x0000022db4a90044: ;   {static_stub}
  0x0000022db4a90044: 9048 bb00 | 0000 0000 

  0x0000022db4a9004c: ;   {runtime_call}
  0x0000022db4a9004c: 0000 00e9 | fbff ffff 

  0x0000022db4a90054: ;   {static_stub}
  0x0000022db4a90054: 9048 bb00 | 0000 0000 

  0x0000022db4a9005c: ;   {runtime_call}
  0x0000022db4a9005c: 0000 00e9 | fbff ffff 
[Exception Handler]
  0x0000022db4a90064: ;   {runtime_call handle_exception_from_callee Runtime1 stub}
  0x0000022db4a90064: e897 d858 

  0x0000022db4a90068: ;   {external_word}
  0x0000022db4a90068: 0748 b920 | ca5c 74fd | 7f00 0048 

  0x0000022db4a90074: ;   {runtime_call}
  0x0000022db4a90074: 83e4 f049 | ba70 a623 | 74fd 7f00 | 0041 ffd2 

  0x0000022db4a90084: ;   {section_word}
  0x0000022db4a90084: f449 ba85 | 00a9 b42d | 0200 0041 

  0x0000022db4a90090: ;   {runtime_call DeoptimizationBlob}
  0x0000022db4a90090: 52e9 0a70 | 4e07 f4f4 
[/MachCode]


Compiled method (c1)     251  483       3       java.security.SecureClassLoader::defineClass (12 bytes)
 total in heap  [0x0000022db4a80d10,0x0000022db4a810f0] = 992
 relocation     [0x0000022db4a80e70,0x0000022db4a80eb8] = 72
 main code      [0x0000022db4a80ec0,0x0000022db4a81000] = 320
 stub code      [0x0000022db4a81000,0x0000022db4a81058] = 88
 metadata       [0x0000022db4a81058,0x0000022db4a81060] = 8
 scopes data    [0x0000022db4a81060,0x0000022db4a81098] = 56
 scopes pcs     [0x0000022db4a81098,0x0000022db4a810e8] = 80
 dependencies   [0x0000022db4a810e8,0x0000022db4a810f0] = 8

[Constant Pool (empty)]

[MachCode]
[Entry Point]
  # {method} {0x0000000800066ac0} 'defineClass' '(Ljava/lang/String;Ljava/nio/ByteBuffer;Ljava/security/CodeSource;)Ljava/lang/Class;' in 'java/security/SecureClassLoader'
  # this:     rdx:rdx   = 'java/security/SecureClassLoader'
  # parm0:    r8:r8     = 'java/lang/String'
  # parm1:    r9:r9     = 'java/nio/ByteBuffer'
  # parm2:    rdi:rdi   = 'java/security/CodeSource'
  #           [sp+0x60]  (sp of caller)
  0x0000022db4a80ec0: 448b 5208 | 49bb 0000 | 0000 0800 | 0000 4d03 | d34c 3bd0 

  0x0000022db4a80ed4: ;   {runtime_call ic_miss_stub}
  0x0000022db4a80ed4: 0f85 a608 | 4f07 660f | 1f44 0000 
[Verified Entry Point]
  0x0000022db4a80ee0: 8984 2400 | 90ff ff55 | 4883 ec50 

  0x0000022db4a80eec: ;   {metadata(method data for {method} {0x0000000800066ac0} 'defineClass' '(Ljava/lang/String;Ljava/nio/ByteBuffer;Ljava/security/CodeSource;)Ljava/lang/Class;' in 'java/security/SecureClassLoader')}
  0x0000022db4a80eec: 48be a079 | 8ccb 2d02 | 0000 8b9e | cc00 0000 | 83c3 0289 | 9ecc 0000 | 0081 e3fe | 0700 0083 
  0x0000022db4a80f0c: fb00 0f84 | 7b00 0000 | 4c89 4c24 | 404c 8944 | 2438 488b 

  0x0000022db4a80f20: ;   {metadata(method data for {method} {0x0000000800066ac0} 'defineClass' '(Ljava/lang/String;Ljava/nio/ByteBuffer;Ljava/security/CodeSource;)Ljava/lang/Class;' in 'java/security/SecureClassLoader')}
  0x0000022db4a80f20: f248 bba0 | 798c cb2d | 0200 0048 | 8383 1001 | 0000 014c | 8bc7 488b | fa48 8bd7 | 4889 7c24 
  0x0000022db4a80f40: 3066 0f1f 

  0x0000022db4a80f44: ;   {optimized virtual_call}
  0x0000022db4a80f44: 4400 00e8 

  0x0000022db4a80f48: ; ImmutableOopMap {[48]=Oop [56]=Oop [64]=Oop }
                      ;*invokevirtual getProtectionDomain {reexecute=0 rethrow=0 return_oop=0}
                      ; - java.security.SecureClassLoader::defineClass@5 (line 182)
  0x0000022db4a80f48: d4d5 0000 | 488b 5424 

  0x0000022db4a80f50: ;   {metadata(method data for {method} {0x0000000800066ac0} 'defineClass' '(Ljava/lang/String;Ljava/nio/ByteBuffer;Ljava/security/CodeSource;)Ljava/lang/Class;' in 'java/security/SecureClassLoader')}
  0x0000022db4a80f50: 3049 b8a0 | 798c cb2d | 0200 0049 | 8380 4801 | 0000 014c | 8b44 2438 | 4c8b 4c24 | 4048 8bf8 
  0x0000022db4a80f70: 488b 5424 

  0x0000022db4a80f74: ;   {optimized virtual_call}
  0x0000022db4a80f74: 3066 90e8 

  0x0000022db4a80f78: ; ImmutableOopMap {}
                      ;*invokevirtual defineClass {reexecute=0 rethrow=0 return_oop=0}
                      ; - java.security.SecureClassLoader::defineClass@8 (line 182)
  0x0000022db4a80f78: 24e1 0000 | 4883 c450 

  0x0000022db4a80f80: ;   {poll_return}
  0x0000022db4a80f80: 5d49 3ba7 | 7803 0000 | 0f87 2200 

  0x0000022db4a80f8c: ;   {metadata({method} {0x0000000800066ac0} 'defineClass' '(Ljava/lang/String;Ljava/nio/ByteBuffer;Ljava/security/CodeSource;)Ljava/lang/Class;' in 'java/security/SecureClassLoader')}
  0x0000022db4a80f8c: 0000 c349 | bab8 6a06 | 0008 0000 | 004c 8954 | 2408 48c7 | 0424 ffff 

  0x0000022db4a80fa4: ;   {runtime_call counter_overflow Runtime1 stub}
  0x0000022db4a80fa4: ffff e855 

  0x0000022db4a80fa8: ; ImmutableOopMap {rdx=Oop r8=Oop r9=Oop rdi=Oop }
                      ;*synchronization entry
                      ; - java.security.SecureClassLoader::defineClass@-1 (line 182)
  0x0000022db4a80fa8: 025a 07e9 | 64ff ffff 

  0x0000022db4a80fb0: ;   {internal_word}
  0x0000022db4a80fb0: 49ba 810f | a8b4 2d02 | 0000 4d89 | 9790 0300 

  0x0000022db4a80fc0: ;   {runtime_call SafepointBlob}
  0x0000022db4a80fc0: 00e9 3a6e | 4f07 498b | 8720 0400 | 0049 c787 | 2004 0000 | 0000 0000 | 49c7 8728 | 0400 0000 
  0x0000022db4a80fe0: 0000 0048 | 83c4 505d 

  0x0000022db4a80fe8: ;   {runtime_call unwind_exception Runtime1 stub}
  0x0000022db4a80fe8: e913 7e59 | 07f4 f4f4 | f4f4 f4f4 | f4f4 f4f4 | f4f4 f4f4 | f4f4 f4f4 
[Stub Code]
  0x0000022db4a81000: ;   {no_reloc}
  0x0000022db4a81000: 0f1f 4400 

  0x0000022db4a81004: ;   {static_stub}
  0x0000022db4a81004: 0048 bb60 | 6a06 0008 

  0x0000022db4a8100c: ;   {runtime_call I2C/C2I adapters}
  0x0000022db4a8100c: 0000 00e9 | 495a 4f07 

  0x0000022db4a81014: ;   {static_stub}
  0x0000022db4a81014: 9048 bbd0 | 5043 0008 

  0x0000022db4a8101c: ;   {runtime_call I2C/C2I adapters}
  0x0000022db4a8101c: 0000 00e9 | c175 4e07 
[Exception Handler]
  0x0000022db4a81024: ;   {runtime_call handle_exception_from_callee Runtime1 stub}
  0x0000022db4a81024: e8d7 c859 

  0x0000022db4a81028: ;   {external_word}
  0x0000022db4a81028: 0748 b920 | ca5c 74fd | 7f00 0048 

  0x0000022db4a81034: ;   {runtime_call}
  0x0000022db4a81034: 83e4 f049 | ba70 a623 | 74fd 7f00 | 0041 ffd2 

  0x0000022db4a81044: ;   {section_word}
  0x0000022db4a81044: f449 ba45 | 10a8 b42d | 0200 0041 

  0x0000022db4a81050: ;   {runtime_call DeoptimizationBlob}
  0x0000022db4a81050: 52e9 4a60 | 4f07 f4f4 
[/MachCode]


---------------  P R O C E S S  ---------------

Threads class SMR info:
_java_thread_list=0x0000022dcf8b3890, length=13, elements={
0x0000022dab77a480, 0x0000022dcb606500, 0x0000022dcb607640, 0x0000022dcb60e730,
0x0000022dcb60f060, 0x0000022dcb60f990, 0x0000022dcb610ae0, 0x0000022dcb614760,
0x0000022dcb6185d0, 0x0000022dcb618f40, 0x0000022dcb5dbe10, 0x0000022dcf8a7710,
0x0000022dcf913e60
}

Java Threads: ( => current thread )
=>0x0000022dab77a480 JavaThread "main" [_thread_in_vm, id=16604, stack(0x000000309b800000,0x000000309b900000)]
  0x0000022dcb606500 JavaThread "Reference Handler" daemon [_thread_blocked, id=8884, stack(0x000000309bf00000,0x000000309c000000)]
  0x0000022dcb607640 JavaThread "Finalizer" daemon [_thread_blocked, id=6872, stack(0x000000309c000000,0x000000309c100000)]
  0x0000022dcb60e730 JavaThread "Signal Dispatcher" daemon [_thread_blocked, id=13708, stack(0x000000309c100000,0x000000309c200000)]
  0x0000022dcb60f060 JavaThread "Attach Listener" daemon [_thread_blocked, id=2700, stack(0x000000309c200000,0x000000309c300000)]
  0x0000022dcb60f990 JavaThread "Service Thread" daemon [_thread_blocked, id=17152, stack(0x000000309c300000,0x000000309c400000)]
  0x0000022dcb610ae0 JavaThread "Monitor Deflation Thread" daemon [_thread_blocked, id=13468, stack(0x000000309c400000,0x000000309c500000)]
  0x0000022dcb614760 JavaThread "C2 CompilerThread0" daemon [_thread_blocked, id=5572, stack(0x000000309c500000,0x000000309c600000)]
  0x0000022dcb6185d0 JavaThread "C1 CompilerThread0" daemon [_thread_blocked, id=13416, stack(0x000000309c600000,0x000000309c700000)]
  0x0000022dcb618f40 JavaThread "Sweeper thread" daemon [_thread_blocked, id=11620, stack(0x000000309c700000,0x000000309c800000)]
  0x0000022dcb5dbe10 JavaThread "Common-Cleaner" daemon [_thread_blocked, id=17664, stack(0x000000309c800000,0x000000309c900000)]
  0x0000022dcf8a7710 JavaThread "C2 CompilerThread1" daemon [_thread_blocked, id=16076, stack(0x000000309c900000,0x000000309ca00000)]
  0x0000022dcf913e60 JavaThread "Notification Thread" daemon [_thread_blocked, id=3868, stack(0x000000309ca00000,0x000000309cb00000)]

Other Threads:
  0x0000022dcb5ed240 VMThread "VM Thread" [stack: 0x000000309be00000,0x000000309bf00000] [id=17964]
  0x0000022dcf9143a0 WatcherThread "VM Periodic Task Thread" [stack: 0x000000309cb00000,0x000000309cc00000] [id=18948]
  0x0000022dab7d9f00 WorkerThread "GC Thread#0" [stack: 0x000000309b900000,0x000000309ba00000] [id=19528]
  0x0000022dcfab9a40 WorkerThread "GC Thread#1" [stack: 0x000000309cc00000,0x000000309cd00000] [id=11132]
  0x0000022dcfb4ac90 WorkerThread "GC Thread#2" [stack: 0x000000309cd00000,0x000000309ce00000] [id=11676]
  0x0000022dcfb4ef70 WorkerThread "GC Thread#3" [stack: 0x000000309ce00000,0x000000309cf00000] [id=2332]
  0x0000022dcfc43ca0 WorkerThread "GC Thread#4" [stack: 0x000000309cf00000,0x000000309d000000] [id=4956]
  0x0000022dab7ead60 ConcurrentGCThread "G1 Main Marker" [stack: 0x000000309ba00000,0x000000309bb00000] [id=19460]
  0x0000022dab7ebf30 WorkerThread "G1 Conc#0" [stack: 0x000000309bb00000,0x000000309bc00000] [id=3904]
  0x0000022dab821ec0 ConcurrentGCThread "G1 Refine#0" [stack: 0x000000309bc00000,0x000000309bd00000] [id=13016]
  0x0000022dab8238b0 ConcurrentGCThread "G1 Service" [stack: 0x000000309bd00000,0x000000309be00000] [id=14824]

Threads with active compile tasks:

VM state: not at safepoint (normal execution)

VM Mutex/Monitor currently owned by a thread:  ([mutex/lock_event])
[0x0000022dab7756c0] Metaspace_lock - owner thread: 0x0000022dab77a480

Heap address: 0x0000000082000000, size: 2016 MB, Compressed Oops mode: 32-bit

CDS archive(s) mapped at: [0x0000000800000000-0x0000000800c40000-0x0000000800c40000), size 12845056, SharedBaseAddress: 0x0000000800000000, ArchiveRelocationMode: 0.
Compressed class space mapped at: 0x0000000801000000-0x0000000841000000, reserved size: 1073741824
Narrow klass base: 0x0000000800000000, Narrow klass shift: 0, Narrow klass range: 0x100000000

GC Precious Log:
 CardTable entry size: 512
 Card Set container configuration: InlinePtr #cards 5 size 8 Array Of Cards #cards 12 size 40 Howl #buckets 4 coarsen threshold 1843 Howl Bitmap #cards 512 size 80 coarsen threshold 460 Card regions per heap region 1 cards per card region 2048
 CPUs: 12 total, 12 available
 Memory: 8059M
 Large Page Support: Disabled
 NUMA Support: Disabled
 Compressed Oops: Enabled (32-bit)
 Heap Region Size: 1M
 Heap Min Capacity: 8M
 Heap Initial Capacity: 8M
 Heap Max Capacity: 2016M
 Pre-touch: Disabled
 Parallel Workers: 10
 Concurrent Workers: 3
 Concurrent Refinement Workers: 10
 Periodic GC: Disabled

Heap:
 garbage-first heap   total 8192K, used 1852K [0x0000000082000000, 0x0000000100000000)
  region size 1024K, 2 young (2048K), 1 survivors (1024K)
 Metaspace       used 5905K, committed 6080K, reserved 1114112K
  class space    used 683K, committed 768K, reserved 1048576K

Heap Regions: E=young(eden), S=young(survivor), O=old, HS=humongous(starts), HC=humongous(continues), CS=collection set, F=free, OA=open archive, CA=closed archive, TAMS=top-at-mark-start (previous, next)
|   0|0x0000000082000000, 0x0000000082100000, 0x0000000082100000|100%| O|  |TAMS 0x0000000082000000, 0x0000000082000000| Untracked 
|   1|0x0000000082100000, 0x0000000082128c00, 0x0000000082200000| 15%| O|  |TAMS 0x0000000082100000, 0x0000000082100000| Untracked 
|   2|0x0000000082200000, 0x0000000082200000, 0x0000000082300000|  0%| F|  |TAMS 0x0000000082200000, 0x0000000082200000| Untracked 
|   3|0x0000000082300000, 0x0000000082300000, 0x0000000082400000|  0%| F|  |TAMS 0x0000000082300000, 0x0000000082300000| Untracked 
|   4|0x0000000082400000, 0x0000000082400000, 0x0000000082500000|  0%| F|  |TAMS 0x0000000082400000, 0x0000000082400000| Untracked 
|   5|0x0000000082500000, 0x0000000082500000, 0x0000000082600000|  0%| F|  |TAMS 0x0000000082500000, 0x0000000082500000| Untracked 
|   6|0x0000000082600000, 0x00000000826a65e0, 0x0000000082700000| 64%| S|CS|TAMS 0x0000000082600000, 0x0000000082600000| Complete 
|   7|0x0000000082700000, 0x00000000827b4e28, 0x0000000082800000| 70%| E|  |TAMS 0x0000000082700000, 0x0000000082700000| Complete 

Card table byte_map: [0x0000022dc4330000,0x0000022dc4720000] _byte_map_base: 0x0000022dc3f20000

Marking Bits (Prev, Next): (CMBitMap*) 0x0000022dab7da530, (CMBitMap*) 0x0000022dab7da570
 Prev Bits: [0x0000022dc4b10000, 0x0000022dc6a90000)
 Next Bits: [0x0000022dc6a90000, 0x0000022dc8a10000)

Polling page: 0x0000022da9710000

Metaspace:

Usage:
  Non-class:      5.10 MB used.
      Class:    683.43 KB used.
       Both:      5.77 MB used.

Virtual space:
  Non-class space:       64.00 MB reserved,       5.19 MB (  8%) committed,  1 nodes.
      Class space:        1.00 GB reserved,     768.00 KB ( <1%) committed,  1 nodes.
             Both:        1.06 GB reserved,       5.94 MB ( <1%) committed. 

Chunk freelists:
   Non-Class:  3.73 MB
       Class:  3.13 MB
        Both:  6.86 MB

MaxMetaspaceSize: unlimited
CompressedClassSpaceSize: 1.00 GB
Initial GC threshold: 21.00 MB
Current GC threshold: 21.00 MB
CDS: on
MetaspaceReclaimPolicy: balanced
 - commit_granule_bytes: 65536.
 - commit_granule_words: 8192.
 - virtual_space_node_default_size: 8388608.
 - enlarge_chunks_in_place: 1.
 - new_chunks_are_fully_committed: 0.
 - uncommit_free_chunks: 1.
 - use_allocation_guard: 0.


Internal statistics:

num_allocs_failed_limit: 0.
num_arena_births: 50.
num_arena_deaths: 0.
num_vsnodes_births: 2.
num_vsnodes_deaths: 0.
num_space_committed: 95.
num_space_uncommitted: 0.
num_chunks_returned_to_freelist: 0.
num_chunks_taken_from_freelist: 250.
num_chunk_merges: 0.
num_chunk_splits: 187.
num_chunks_enlarged: 148.
num_inconsistent_stats: 0.

CodeHeap 'non-profiled nmethods': size=120000Kb used=182Kb max_used=182Kb free=119817Kb
 bounds [0x0000022dbc4b0000, 0x0000022dbc720000, 0x0000022dc39e0000]
CodeHeap 'profiled nmethods': size=120000Kb used=812Kb max_used=812Kb free=119187Kb
 bounds [0x0000022db49e0000, 0x0000022db4c50000, 0x0000022dbbf10000]
CodeHeap 'non-nmethods': size=5760Kb used=1214Kb max_used=1234Kb free=4545Kb
 bounds [0x0000022dbbf10000, 0x0000022dbc180000, 0x0000022dbc4b0000]
 total_blobs=974 nmethods=559 adapters=326
 compilation: enabled
              stopped_count=0, restarted_count=0
 full_count=0

Compilation events (20 events):
Event: 0.206 Thread 0x0000022dcb6185d0  547       1       java.lang.invoke.LambdaForm$Name::type (5 bytes)
Event: 0.206 Thread 0x0000022dcb6185d0 nmethod 547 0x0000022dbc4dc610 code [0x0000022dbc4dc7a0, 0x0000022dbc4dc858]
Event: 0.206 Thread 0x0000022dcb6185d0  548       3       sun.invoke.util.VerifyType::isNullConversion (157 bytes)
Event: 0.207 Thread 0x0000022dcb6185d0 nmethod 548 0x0000022db4aa2c10 code [0x0000022db4aa2f40, 0x0000022db4aa4528]
Event: 0.207 Thread 0x0000022dcb6185d0  549       3       java.lang.invoke.MethodTypeForm::cachedLambdaForm (23 bytes)
Event: 0.207 Thread 0x0000022dcb6185d0 nmethod 549 0x0000022db4aa4a10 code [0x0000022db4aa4be0, 0x0000022db4aa4f48]
Event: 0.207 Thread 0x0000022dcb6185d0  552       3       java.lang.Class::descriptorString (170 bytes)
Event: 0.207 Thread 0x0000022dcb614760  557       4       java.lang.invoke.MethodType::parameterCount (6 bytes)
Event: 0.207 Thread 0x0000022dcb6185d0 nmethod 552 0x0000022db4aa5090 code [0x0000022db4aa5500, 0x0000022db4aa6e68]
Event: 0.207 Thread 0x0000022dcb6185d0  551       3       java.lang.invoke.LambdaForm$NamedFunction::methodType (23 bytes)
Event: 0.207 Thread 0x0000022dcb6185d0 nmethod 551 0x0000022db4aa7890 code [0x0000022db4aa7a40, 0x0000022db4aa7c88]
Event: 0.207 Thread 0x0000022dcb6185d0  553       3       java.lang.invoke.MethodHandles$Lookup::isClassAccessible (53 bytes)
Event: 0.208 Thread 0x0000022dcb614760 nmethod 557 0x0000022dbc4dd590 code [0x0000022dbc4dd720, 0x0000022dbc4dd7b8]
Event: 0.208 Thread 0x0000022dcb6185d0 nmethod 553 0x0000022db4aa7d90 code [0x0000022db4aa7fa0, 0x0000022db4aa8578]
Event: 0.208 Thread 0x0000022dcb6185d0  559       3       java.lang.invoke.MethodType::genericMethodType (95 bytes)
Event: 0.208 Thread 0x0000022dcb6185d0 nmethod 559 0x0000022db4aa8790 code [0x0000022db4aa8a20, 0x0000022db4aa9708]
Event: 0.208 Thread 0x0000022dcb6185d0  554       3       java.lang.invoke.MethodType$ConcurrentWeakInternSet::add (66 bytes)
Event: 0.209 Thread 0x0000022dcb6185d0 nmethod 554 0x0000022db4aa9b10 code [0x0000022db4aa9d80, 0x0000022db4aaaa08]
Event: 0.209 Thread 0x0000022dcb6185d0  558       3       java.lang.invoke.MethodType::toMethodDescriptorString (28 bytes)
Event: 0.209 Thread 0x0000022dcb6185d0 nmethod 558 0x0000022db4aaae90 code [0x0000022db4aab040, 0x0000022db4aab228]

GC Heap History (4 events):
Event: 0.128 GC heap before
{Heap before GC invocations=0 (full 0):
 garbage-first heap   total 8192K, used 3072K [0x0000000082000000, 0x0000000100000000)
  region size 1024K, 3 young (3072K), 0 survivors (0K)
 Metaspace       used 2594K, committed 2816K, reserved 1114112K
  class space    used 328K, committed 448K, reserved 1048576K
}
Event: 0.131 GC heap after
{Heap after GC invocations=1 (full 0):
 garbage-first heap   total 8192K, used 1184K [0x0000000082000000, 0x0000000100000000)
  region size 1024K, 1 young (1024K), 1 survivors (1024K)
 Metaspace       used 2594K, committed 2816K, reserved 1114112K
  class space    used 328K, committed 448K, reserved 1048576K
}
Event: 0.184 GC heap before
{Heap before GC invocations=1 (full 0):
 garbage-first heap   total 8192K, used 2208K [0x0000000082000000, 0x0000000100000000)
  region size 1024K, 2 young (2048K), 1 survivors (1024K)
 Metaspace       used 4969K, committed 5184K, reserved 1114112K
  class space    used 598K, committed 704K, reserved 1048576K
}
Event: 0.186 GC heap after
{Heap after GC invocations=2 (full 0):
 garbage-first heap   total 8192K, used 1852K [0x0000000082000000, 0x0000000100000000)
  region size 1024K, 1 young (1024K), 1 survivors (1024K)
 Metaspace       used 4969K, committed 5184K, reserved 1114112K
  class space    used 598K, committed 704K, reserved 1048576K
}

Dll operation events (5 events):
Event: 0.004 Loaded shared library C:\Program Files\Zulu\zulu-19\bin\java.dll
Event: 0.009 Loaded shared library C:\Program Files\Zulu\zulu-19\bin\jsvml.dll
Event: 0.048 Loaded shared library C:\Program Files\Zulu\zulu-19\bin\jimage.dll
Event: 0.093 Loaded shared library C:\Program Files\Zulu\zulu-19\bin\net.dll
Event: 0.094 Loaded shared library C:\Program Files\Zulu\zulu-19\bin\nio.dll

Deoptimization events (20 events):
Event: 0.086 Thread 0x0000022dab77a480 Uncommon trap: trap_request=0xffffffc6 fr.pc=0x0000022dbc4be344 relative=0x0000000000000924
Event: 0.086 Thread 0x0000022dab77a480 Uncommon trap: reason=bimorphic_or_optimized_type_check action=maybe_recompile pc=0x0000022dbc4be344 method=java.util.HashMap.putVal(ILjava/lang/Object;Ljava/lang/Object;ZZ)Ljava/lang/Object; @ 56 c2
Event: 0.086 Thread 0x0000022dab77a480 DEOPT PACKING pc=0x0000022dbc4be344 sp=0x000000309b8fe670
Event: 0.086 Thread 0x0000022dab77a480 DEOPT UNPACKING pc=0x0000022dbbf76da3 sp=0x000000309b8fe5f8 mode 2
Event: 0.086 Thread 0x0000022dab77a480 Uncommon trap: trap_request=0xffffffc6 fr.pc=0x0000022dbc4be344 relative=0x0000000000000924
Event: 0.086 Thread 0x0000022dab77a480 Uncommon trap: reason=bimorphic_or_optimized_type_check action=maybe_recompile pc=0x0000022dbc4be344 method=java.util.HashMap.putVal(ILjava/lang/Object;Ljava/lang/Object;ZZ)Ljava/lang/Object; @ 56 c2
Event: 0.086 Thread 0x0000022dab77a480 DEOPT PACKING pc=0x0000022dbc4be344 sp=0x000000309b8fe670
Event: 0.086 Thread 0x0000022dab77a480 DEOPT UNPACKING pc=0x0000022dbbf76da3 sp=0x000000309b8fe5f8 mode 2
Event: 0.086 Thread 0x0000022dab77a480 Uncommon trap: trap_request=0xffffffc6 fr.pc=0x0000022dbc4be344 relative=0x0000000000000924
Event: 0.086 Thread 0x0000022dab77a480 Uncommon trap: reason=bimorphic_or_optimized_type_check action=maybe_recompile pc=0x0000022dbc4be344 method=java.util.HashMap.putVal(ILjava/lang/Object;Ljava/lang/Object;ZZ)Ljava/lang/Object; @ 56 c2
Event: 0.086 Thread 0x0000022dab77a480 DEOPT PACKING pc=0x0000022dbc4be344 sp=0x000000309b8fe670
Event: 0.086 Thread 0x0000022dab77a480 DEOPT UNPACKING pc=0x0000022dbbf76da3 sp=0x000000309b8fe5f8 mode 2
Event: 0.123 Thread 0x0000022dab77a480 DEOPT PACKING pc=0x0000022db4a09d67 sp=0x000000309b8f95a0
Event: 0.123 Thread 0x0000022dab77a480 DEOPT UNPACKING pc=0x0000022dbbf77543 sp=0x000000309b8f89c0 mode 0
Event: 0.132 Thread 0x0000022dab77a480 DEOPT PACKING pc=0x0000022db4a090d1 sp=0x000000309b8faf70
Event: 0.132 Thread 0x0000022dab77a480 DEOPT UNPACKING pc=0x0000022dbbf77543 sp=0x000000309b8fa3e8 mode 0
Event: 0.208 Thread 0x0000022dab77a480 Uncommon trap: trap_request=0xffffff45 fr.pc=0x0000022dbc4c9d58 relative=0x00000000000008d8
Event: 0.208 Thread 0x0000022dab77a480 Uncommon trap: reason=unstable_if action=reinterpret pc=0x0000022dbc4c9d58 method=java.util.HashMap.putVal(ILjava/lang/Object;Ljava/lang/Object;ZZ)Ljava/lang/Object; @ 181 c2
Event: 0.208 Thread 0x0000022dab77a480 DEOPT PACKING pc=0x0000022dbc4c9d58 sp=0x000000309b8fe740
Event: 0.208 Thread 0x0000022dab77a480 DEOPT UNPACKING pc=0x0000022dbbf76da3 sp=0x000000309b8fe6e0 mode 2

Classes loaded (20 events):
Event: 0.109 Loading class sun/nio/fs/WindowsException
Event: 0.109 Loading class sun/nio/fs/WindowsException done
Event: 0.109 Loading class sun/nio/fs/WindowsDirectoryStream
Event: 0.109 Loading class java/nio/file/DirectoryStream
Event: 0.109 Loading class java/nio/file/DirectoryStream done
Event: 0.109 Loading class sun/nio/fs/WindowsDirectoryStream done
Event: 0.121 Loading class java/io/StringWriter
Event: 0.121 Loading class java/io/StringWriter done
Event: 0.131 Loading class java/util/concurrent/locks/AbstractQueuedSynchronizer$ExclusiveNode
Event: 0.132 Loading class java/util/concurrent/locks/AbstractQueuedSynchronizer$ExclusiveNode done
Event: 0.142 Loading class java/nio/file/ClosedFileSystemException
Event: 0.142 Loading class java/nio/file/ClosedFileSystemException done
Event: 0.142 Loading class java/lang/ArrayIndexOutOfBoundsException
Event: 0.142 Loading class java/lang/ArrayIndexOutOfBoundsException done
Event: 0.189 Loading class java/util/LinkedList
Event: 0.189 Loading class java/util/AbstractSequentialList
Event: 0.189 Loading class java/util/AbstractSequentialList done
Event: 0.189 Loading class java/util/LinkedList done
Event: 0.190 Loading class java/lang/CloneNotSupportedException
Event: 0.190 Loading class java/lang/CloneNotSupportedException done

Classes unloaded (0 events):
No events

Classes redefined (0 events):
No events

Internal exceptions (14 events):
Event: 0.084 Thread 0x0000022dab77a480 Exception <a 'java/lang/NoSuchMethodError'{0x000000008251f0c8}: 'void java.lang.invoke.DirectMethodHandle$Holder.invokeSpecial(java.lang.Object, java.lang.Object, java.lang.Object)'> (0x000000008251f0c8) 
thrown [s\src\hotspot\share\interpreter\linkResolver.cpp, line 774]
Event: 0.106 Thread 0x0000022dab77a480 Exception <a 'java/lang/NoSuchMethodError'{0x0000000082577a10}: 'java.lang.Object java.lang.invoke.DirectMethodHandle$Holder.invokeVirtual(java.lang.Object, java.lang.Object, java.lang.Object)'> (0x0000000082577a10) 
thrown [s\src\hotspot\share\interpreter\linkResolver.cpp, line 774]
Event: 0.107 Thread 0x0000022dab77a480 Exception <a 'java/lang/NoSuchMethodError'{0x0000000082583488}: 'int java.lang.invoke.DirectMethodHandle$Holder.invokeInterface(java.lang.Object, java.lang.Object)'> (0x0000000082583488) 
thrown [s\src\hotspot\share\interpreter\linkResolver.cpp, line 774]
Event: 0.109 Thread 0x0000022dab77a480 Exception <a 'sun/nio/fs/WindowsException'{0x000000008258de60}> (0x000000008258de60) 
thrown [s\src\hotspot\share\prims\jni.cpp, line 517]
Event: 0.109 Thread 0x0000022dab77a480 Exception <a 'sun/nio/fs/WindowsException'{0x000000008258e848}> (0x000000008258e848) 
thrown [s\src\hotspot\share\prims\jni.cpp, line 517]
Event: 0.109 Thread 0x0000022dab77a480 Exception <a 'sun/nio/fs/WindowsException'{0x000000008258f670}> (0x000000008258f670) 
thrown [s\src\hotspot\share\prims\jni.cpp, line 517]
Event: 0.110 Thread 0x0000022dab77a480 Exception <a 'sun/nio/fs/WindowsException'{0x000000008258fa60}> (0x000000008258fa60) 
thrown [s\src\hotspot\share\prims\jni.cpp, line 517]
Event: 0.110 Thread 0x0000022dab77a480 Exception <a 'java/lang/NoSuchMethodError'{0x0000000082594940}: 'int java.lang.invoke.DirectMethodHandle$Holder.invokeVirtual(java.lang.Object, java.lang.Object, java.lang.Object)'> (0x0000000082594940) 
thrown [s\src\hotspot\share\interpreter\linkResolver.cpp, line 774]
Event: 0.111 Thread 0x0000022dab77a480 Exception <a 'java/lang/NoSuchMethodError'{0x000000008259b178}: 'void java.lang.invoke.DirectMethodHandle$Holder.invokeInterface(java.lang.Object, java.lang.Object, java.lang.Object)'> (0x000000008259b178) 
thrown [s\src\hotspot\share\interpreter\linkResolver.cpp, line 774]
Event: 0.118 Thread 0x0000022dab77a480 Exception <a 'java/lang/NoSuchMethodError'{0x00000000825c9618}: 'java.lang.Object java.lang.invoke.DirectMethodHandle$Holder.invokeStaticInit(java.lang.Object)'> (0x00000000825c9618) 
thrown [s\src\hotspot\share\interpreter\linkResolver.cpp, line 774]
Event: 0.163 Thread 0x0000022dab77a480 Exception <a 'java/lang/NoSuchMethodError'{0x00000000827beb20}: 'int java.lang.invoke.DirectMethodHandle$Holder.invokeStaticInit(java.lang.Object, java.lang.Object)'> (0x00000000827beb20) 
thrown [s\src\hotspot\share\interpreter\linkResolver.cpp, line 774]
Event: 0.203 Thread 0x0000022dab77a480 Exception <a 'java/lang/NoSuchMethodError'{0x00000000827603c0}: 'int java.lang.invoke.DirectMethodHandle$Holder.invokeVirtual(java.lang.Object, java.lang.Object)'> (0x00000000827603c0) 
thrown [s\src\hotspot\share\interpreter\linkResolver.cpp, line 774]
Event: 0.206 Thread 0x0000022dab77a480 Exception <a 'java/lang/NoSuchMethodError'{0x0000000082788ad8}: 'java.lang.Object java.lang.invoke.DirectMethodHandle$Holder.newInvokeSpecial(java.lang.Object, java.lang.Object, java.lang.Object, java.lang.Object, java.lang.Object)'> (0x0000000082788ad8) 
thrown [s\src\hotspot\share\interpreter\linkResolver.cpp, line 774]
Event: 0.207 Thread 0x0000022dab77a480 Exception <a 'java/lang/NoSuchMethodError'{0x00000000827975e0}: 'java.lang.Object java.lang.invoke.DirectMethodHandle$Holder.newInvokeSpecial(java.lang.Object, java.lang.Object, java.lang.Object, java.lang.Object, java.lang.Object, java.lang.Object)'> (0x00000000827975e0) 
thrown [s\src\hotspot\share\interpreter\linkResolver.cpp, line 774]

VM Operations (10 events):
Event: 0.037 Executing VM operation: HandshakeAllThreads
Event: 0.037 Executing VM operation: HandshakeAllThreads done
Event: 0.086 Executing VM operation: HandshakeAllThreads
Event: 0.086 Executing VM operation: HandshakeAllThreads done
Event: 0.105 Executing VM operation: HandshakeAllThreads
Event: 0.105 Executing VM operation: HandshakeAllThreads done
Event: 0.128 Executing VM operation: G1CollectForAllocation
Event: 0.131 Executing VM operation: G1CollectForAllocation done
Event: 0.184 Executing VM operation: G1CollectForAllocation
Event: 0.186 Executing VM operation: G1CollectForAllocation done

Events (13 events):
Event: 0.009 Thread 0x0000022dab77a480 Thread added: 0x0000022dab77a480
Event: 0.018 Thread 0x0000022dcb606500 Thread added: 0x0000022dcb606500
Event: 0.018 Thread 0x0000022dcb607640 Thread added: 0x0000022dcb607640
Event: 0.018 Thread 0x0000022dcb60e730 Thread added: 0x0000022dcb60e730
Event: 0.019 Thread 0x0000022dcb60f060 Thread added: 0x0000022dcb60f060
Event: 0.019 Thread 0x0000022dcb60f990 Thread added: 0x0000022dcb60f990
Event: 0.019 Thread 0x0000022dcb610ae0 Thread added: 0x0000022dcb610ae0
Event: 0.019 Thread 0x0000022dcb614760 Thread added: 0x0000022dcb614760
Event: 0.019 Thread 0x0000022dcb6185d0 Thread added: 0x0000022dcb6185d0
Event: 0.019 Thread 0x0000022dcb618f40 Thread added: 0x0000022dcb618f40
Event: 0.032 Thread 0x0000022dcb5dbe10 Thread added: 0x0000022dcb5dbe10
Event: 0.041 Thread 0x0000022dcf8a7710 Thread added: 0x0000022dcf8a7710
Event: 0.044 Thread 0x0000022dcf913e60 Thread added: 0x0000022dcf913e60


Dynamic libraries:
0x00007ff621fc0000 - 0x00007ff621fc8000 	C:\Program Files\Zulu\zulu-19\bin\javac.exe
0x00007ffde4b30000 - 0x00007ffde4d44000 	C:\WINDOWS\SYSTEM32\ntdll.dll
0x00007ffde48b0000 - 0x00007ffde4973000 	C:\WINDOWS\System32\KERNEL32.DLL
0x00007ffde20b0000 - 0x00007ffde244c000 	C:\WINDOWS\System32\KERNELBASE.dll
0x00007ffde24c0000 - 0x00007ffde25d1000 	C:\WINDOWS\System32\ucrtbase.dll
0x00007ffdc5320000 - 0x00007ffdc5337000 	C:\Program Files\Zulu\zulu-19\bin\jli.dll
0x00007ffdc6f30000 - 0x00007ffdc6f4b000 	C:\Program Files\Zulu\zulu-19\bin\VCRUNTIME140.dll
0x00007ffde3c90000 - 0x00007ffde3e3d000 	C:\WINDOWS\System32\USER32.dll
0x00007ffde2680000 - 0x00007ffde26a6000 	C:\WINDOWS\System32\win32u.dll
0x00007ffdcd690000 - 0x00007ffdcd91e000 	C:\WINDOWS\WinSxS\amd64_microsoft.windows.common-controls_6595b64144ccf1df_6.0.22621.608_none_a9444ca7c10bb01d\COMCTL32.dll
0x00007ffde4a40000 - 0x00007ffde4ae7000 	C:\WINDOWS\System32\msvcrt.dll
0x00007ffde2e30000 - 0x00007ffde2e59000 	C:\WINDOWS\System32\GDI32.dll
0x00007ffde2820000 - 0x00007ffde2933000 	C:\WINDOWS\System32\gdi32full.dll
0x00007ffde25e0000 - 0x00007ffde267a000 	C:\WINDOWS\System32\msvcp_win.dll
0x00007ffde3bf0000 - 0x00007ffde3c21000 	C:\WINDOWS\System32\IMM32.DLL
0x00007ffddb780000 - 0x00007ffddb78c000 	C:\Program Files\Zulu\zulu-19\bin\vcruntime140_1.dll
0x00007ffda6ce0000 - 0x00007ffda6d6d000 	C:\Program Files\Zulu\zulu-19\bin\msvcp140.dll
0x00007ffd73c20000 - 0x00007ffd74927000 	C:\Program Files\Zulu\zulu-19\bin\server\jvm.dll
0x00007ffde2e90000 - 0x00007ffde2f3e000 	C:\WINDOWS\System32\ADVAPI32.dll
0x00007ffde2940000 - 0x00007ffde29e4000 	C:\WINDOWS\System32\sechost.dll
0x00007ffde2f60000 - 0x00007ffde3075000 	C:\WINDOWS\System32\RPCRT4.dll
0x00007ffddaab0000 - 0x00007ffddaae4000 	C:\WINDOWS\SYSTEM32\WINMM.dll
0x00007ffddc170000 - 0x00007ffddc179000 	C:\WINDOWS\SYSTEM32\WSOCK32.dll
0x00007ffdda430000 - 0x00007ffdda43a000 	C:\WINDOWS\SYSTEM32\VERSION.dll
0x00007ffde29f0000 - 0x00007ffde2a61000 	C:\WINDOWS\System32\WS2_32.dll
0x00007ffde10b0000 - 0x00007ffde10c8000 	C:\WINDOWS\SYSTEM32\kernel.appcore.dll
0x00007ffdcbae0000 - 0x00007ffdcbaea000 	C:\Program Files\Zulu\zulu-19\bin\jimage.dll
0x00007ffddf750000 - 0x00007ffddf97e000 	C:\WINDOWS\SYSTEM32\DBGHELP.DLL
0x00007ffde3f40000 - 0x00007ffde42c9000 	C:\WINDOWS\System32\combase.dll
0x00007ffde3080000 - 0x00007ffde3157000 	C:\WINDOWS\System32\OLEAUT32.dll
0x00007ffdc6fc0000 - 0x00007ffdc6ff2000 	C:\WINDOWS\SYSTEM32\dbgcore.DLL
0x00007ffde2030000 - 0x00007ffde20ab000 	C:\WINDOWS\System32\bcryptPrimitives.dll
0x00007ffdbabf0000 - 0x00007ffdbac16000 	C:\Program Files\Zulu\zulu-19\bin\java.dll
0x00007ffd94950000 - 0x00007ffd94a27000 	C:\Program Files\Zulu\zulu-19\bin\jsvml.dll
0x00007ffde3380000 - 0x00007ffde3b70000 	C:\WINDOWS\System32\SHELL32.dll
0x00007ffddff90000 - 0x00007ffde085e000 	C:\WINDOWS\SYSTEM32\windows.storage.dll
0x00007ffddfce0000 - 0x00007ffddfe1e000 	C:\WINDOWS\SYSTEM32\wintypes.dll
0x00007ffde2d30000 - 0x00007ffde2e21000 	C:\WINDOWS\System32\SHCORE.dll
0x00007ffde3c30000 - 0x00007ffde3c8e000 	C:\WINDOWS\System32\shlwapi.dll
0x00007ffde1ea0000 - 0x00007ffde1ec1000 	C:\WINDOWS\SYSTEM32\profapi.dll
0x00007ffdc7860000 - 0x00007ffdc7873000 	C:\Program Files\Zulu\zulu-19\bin\net.dll
0x00007ffddb520000 - 0x00007ffddb64f000 	C:\WINDOWS\SYSTEM32\WINHTTP.dll
0x00007ffde1520000 - 0x00007ffde1589000 	C:\WINDOWS\system32\mswsock.dll
0x00007ffdc7020000 - 0x00007ffdc7036000 	C:\Program Files\Zulu\zulu-19\bin\nio.dll

dbghelp: loaded successfully - version: 4.0.5 - missing functions: none
symbol engine: initialized successfully - sym options: 0x614 - pdb path: .;C:\Program Files\Zulu\zulu-19\bin;C:\WINDOWS\SYSTEM32;C:\WINDOWS\WinSxS\amd64_microsoft.windows.common-controls_6595b64144ccf1df_6.0.22621.608_none_a9444ca7c10bb01d;C:\Program Files\Zulu\zulu-19\bin\server

VM Arguments:
jvm_args: -Dapplication.home=C:\Program Files\Zulu\zulu-19 --add-modules=ALL-DEFAULT -Xms8m -Djdk.module.main=jdk.compiler 
java_command: jdk.compiler/com.sun.tools.javac.Main -d C:\Users\ulise\Desktop\TEC\Algoritmos y estructura de datos I\BuscaMinas\ventana busca minas\build\classes -classpath C:\Users\ulise\Desktop\TEC\Algoritmos y estructura de datos I\BuscaMinas\ventana busca minas\build\classes -sourcepath C:\Users\ulise\Desktop\TEC\Algoritmos y estructura de datos I\BuscaMinas\ventana busca minas\src -target 19 -encoding UTF-8 -g -processorpath C:\Users\ulise\Desktop\TEC\Algoritmos y estructura de datos I\BuscaMinas\ventana busca minas\build\empty -s C:\Users\ulise\Desktop\TEC\Algoritmos y estructura de datos I\BuscaMinas\ventana busca minas\build\generated-sources\ap-source-output -source 19 C:\Users\ulise\Desktop\TEC\Algoritmos y estructura de datos I\BuscaMinas\ventana busca minas\src\BuscaminasFX.java
java_class_path (initial): <not set>
Launcher Type: SUN_STANDARD

[Global flags]
     intx CICompilerCount                          = 4                                         {product} {ergonomic}
     uint ConcGCThreads                            = 3                                         {product} {ergonomic}
     uint G1ConcRefinementThreads                  = 10                                        {product} {ergonomic}
   size_t G1HeapRegionSize                         = 1048576                                   {product} {ergonomic}
    uintx GCDrainStackTargetSize                   = 64                                        {product} {ergonomic}
   size_t InitialHeapSize                          = 8388608                                   {product} {command line}
   size_t MarkStackSize                            = 4194304                                   {product} {ergonomic}
   size_t MaxHeapSize                              = 2113929216                                {product} {ergonomic}
   size_t MaxNewSize                               = 1267728384                                {product} {ergonomic}
   size_t MinHeapDeltaBytes                        = 1048576                                   {product} {ergonomic}
   size_t MinHeapSize                              = 8388608                                   {product} {command line}
    uintx NonNMethodCodeHeapSize                   = 5839372                                {pd product} {ergonomic}
    uintx NonProfiledCodeHeapSize                  = 122909434                              {pd product} {ergonomic}
    uintx ProfiledCodeHeapSize                     = 122909434                              {pd product} {ergonomic}
    uintx ReservedCodeCacheSize                    = 251658240                              {pd product} {ergonomic}
     bool SegmentedCodeCache                       = true                                      {product} {ergonomic}
   size_t SoftMaxHeapSize                          = 2113929216                             {manageable} {ergonomic}
     bool UseCompressedClassPointers               = true                           {product lp64_product} {ergonomic}
     bool UseCompressedOops                        = true                           {product lp64_product} {ergonomic}
     bool UseG1GC                                  = true                                      {product} {ergonomic}
     bool UseLargePagesIndividualAllocation        = false                                  {pd product} {ergonomic}

Logging:
Log output configuration:
 #0: stdout all=warning uptime,level,tags foldmultilines=false
 #1: stderr all=off uptime,level,tags foldmultilines=false

Environment Variables:
PATH=C:\Program Files\Zulu\zulu-19\bin\;C:\Program Files\Common Files\Oracle\Java\javapath;C:\Program Files (x86)\Common Files\Oracle\Java\javapath;C:\Windows\system32;C:\Windows;C:\Windows\System32\Wbem;C:\Windows\System32\WindowsPowerShell\v1.0\;C:\Windows\System32\OpenSSH\;C:\Program Files (x86)\NVIDIA Corporation\PhysX\Common;C:\Program Files\NVIDIA Corporation\NVIDIA NvDLISR;C:\WINDOWS\system32;C:\WINDOWS;C:\WINDOWS\System32\Wbem;C:\WINDOWS\System32\WindowsPowerShell\v1.0\;C:\WINDOWS\System32\OpenSSH\;C:\Program Files\nodejs\;C:\Program Files\Git\cmd;C:\Users\ulise\AppData\Local\Microsoft\WindowsApps;C:\Users\ulise\AppData\Local\Programs\Microsoft VS Code\bin;C:\Users\ulise\AppData\Roaming\npm;C:\Users\ulise\AppData\Local\GitHubDesktop\bin
USERNAME=ulise
OS=Windows_NT
PROCESSOR_IDENTIFIER=Intel64 Family 6 Model 165 Stepping 2, GenuineIntel
TMP=C:\Users\ulise\AppData\Local\Temp
TEMP=C:\Users\ulise\AppData\Local\Temp



---------------  S Y S T E M  ---------------

OS:
 Windows 11 , 64 bit Build 22621 (10.0.22621.1344)
OS uptime: 0 days 14:53 hours

CPU: total 12 (initial active 12) (6 cores per cpu, 2 threads per core) family 6 model 165 stepping 2 microcode 0xe2, cx8, cmov, fxsr, ht, mmx, 3dnowpref, sse, sse2, sse3, ssse3, sse4.1, sse4.2, popcnt, lzcnt, tsc, tscinvbit, avx, avx2, aes, erms, clmul, bmi1, bmi2, adx, fma, vzeroupper, clflush, clflushopt, rdtscp

Memory: 4k page, system-wide physical 8059M (1136M free)
TotalPageFile size 12155M (AvailPageFile size 4M)
current process WorkingSet (physical memory assigned to process): 52M, peak: 52M
current process commit charge ("private bytes"): 99M, peak: 99M

vm_info: OpenJDK 64-Bit Server VM (19.0.2+7) for windows-amd64 JRE (19.0.2+7) (Zulu19.32+15-CA), built on Dec 28 2022 19:25:40 by "zulu_re" with MS VC++ 16.10 / 16.11 (VS2019)

END.
