#
# There is insufficient memory for the Java Runtime Environment to continue.
# Native memory allocation (mmap) failed to map 2097152 bytes for G1 virtual space
# Possible reasons:
#   The system is out of physical RAM or swap space
#   The process is running with CompressedOops enabled, and the Java Heap may be blocking the growth of the native heap
# Possible solutions:
#   Reduce memory load on the system
#   Increase physical memory or swap space
#   Check if swap backing store is full
#   Decrease Java heap size (-Xmx/-Xms)
#   Decrease number of Java threads
#   Decrease Java thread stack sizes (-Xss)
#   Set larger code cache with -XX:ReservedCodeCacheSize=
#   JVM is running with Unscaled Compressed Oops mode in which the Java heap is
#     placed in the first 4GB address space. The Java Heap base address is the
#     maximum limit for the native heap growth. Please use -XX:HeapBaseMinAddress
#     to set the Java Heap base and to place the Java Heap above 4GB virtual address.
# This output file may be truncated or incomplete.
#
#  Out of Memory Error (os_windows.cpp:3536), pid=10080, tid=23216
#
# JRE version: OpenJDK Runtime Environment Zulu19.32+15-CA (19.0.2+7) (build 19.0.2+7)
# Java VM: OpenJDK 64-Bit Server VM Zulu19.32+15-CA (19.0.2+7, mixed mode, sharing, tiered, compressed oops, compressed class ptrs, g1 gc, windows-amd64)
# No core dump will be written. Minidumps are not enabled by default on client versions of Windows
#

---------------  S U M M A R Y ------------

Command Line: -Dapplication.home=C:\Program Files\Zulu\zulu-19 --add-modules=ALL-DEFAULT -Xms8m -Djdk.module.main=jdk.compiler jdk.compiler/com.sun.tools.javac.Main -d C:\Users\ulise\Desktop\TEC\Algoritmos y estructura de datos I\BuscaMinas\ventana busca minas\build\classes -classpath C:\Users\ulise\Desktop\TEC\Algoritmos y estructura de datos I\BuscaMinas\ventana busca minas\build\classes;C:\Users\ulise\Desktop\TEC\Algoritmos y estructura de datos I\BuscaMinas\ventana busca minas\lib\rxtx-2.1-7r2;C:\Users\ulise\Downloads\RXTXcomm.jar;C:\Users\ulise\Downloads\jSerialComm-2.9.3.zip;C:\Users\ulise\Downloads\jSerialComm-2.9.3.jar -sourcepath C:\Users\ulise\Desktop\TEC\Algoritmos y estructura de datos I\BuscaMinas\ventana busca minas\src -target 19 -encoding UTF-8 -g -processorpath C:\Users\ulise\Desktop\TEC\Algoritmos y estructura de datos I\BuscaMinas\ventana busca minas\lib\rxtx-2.1-7r2;C:\Users\ulise\Downloads\RXTXcomm.jar;C:\Users\ulise\Downloads\jSerialComm-2.9.3.zip;C:\Users\ulise\Downloads\jSerialComm-2.9.3.jar;C:\Users\ulise\Desktop\TEC\Algoritmos y estructura de datos I\BuscaMinas\jar_files\firmata4j-2.3.5.jar;C:\Users\ulise\Desktop\TEC\Algoritmos y estructura de datos I\BuscaMinas\jar_files\jssc-2.8.0.jar;C:\Users\ulise\Desktop\TEC\Algoritmos y estructura de datos I\BuscaMinas\jar_files\jssc-2.9.4.jar;C:\Users\ulise\Desktop\TEC\Algoritmos y estructura de datos I\BuscaMinas\jar_files\slf4j-api-1.7.25.jar;C:\Users\ulise\Desktop\TEC\Algoritmos y estructura de datos I\BuscaMinas\jar_files\slf4j-api-1.7.3.jar;C:\Users\ulise\Desktop\TEC\Algoritmos y estructura de datos I\BuscaMinas\jar_files\slf4j-simple-1.6.1.jar;C:\Users\ulise\Desktop\TEC\Algoritmos y estructura de datos I\BuscaMinas\ventana busca minas\build\empty -s C:\Users\ulise\Desktop\TEC\Algoritmos y estructura de datos I\BuscaMinas\ventana busca minas\build\generated-sources\ap-source-output -source 19 C:\Users\ulise\Desktop\TEC\Algoritmos y estructura de datos I\BuscaMinas\ventana busca minas\src\GameMenuDemo.java

Host: Intel(R) Core(TM) i7-10750H CPU @ 2.60GHz, 12 cores, 7G,  Windows 11 , 64 bit Build 22621 (10.0.22621.1485)
Time: Sat Apr  8 23:05:51 2023 Hora estándar, América Central elapsed time: 0.310425 seconds (0d 0h 0m 0s)

---------------  T H R E A D  ---------------

Current thread (0x000001ffdeaab1f0):  VMThread "VM Thread" [stack: 0x0000000c9fc00000,0x0000000c9fd00000] [id=23216]

Stack: [0x0000000c9fc00000,0x0000000c9fd00000]
Native frames: (J=compiled Java code, j=interpreted, Vv=VM code, C=native code)
V  [jvm.dll+0x6eab2a]
V  [jvm.dll+0x8a4a20]
V  [jvm.dll+0x8a640e]
V  [jvm.dll+0x8a6ac3]
V  [jvm.dll+0x27c1ef]
V  [jvm.dll+0x6e7929]
V  [jvm.dll+0x6dc3da]
V  [jvm.dll+0x3528ab]
V  [jvm.dll+0x35a266]
V  [jvm.dll+0x3b0a2e]
V  [jvm.dll+0x3b0c5f]
V  [jvm.dll+0x327e9a]
V  [jvm.dll+0x327f47]
V  [jvm.dll+0x370442]
V  [jvm.dll+0x36e8e4]
V  [jvm.dll+0x327660]
V  [jvm.dll+0x36de7b]
V  [jvm.dll+0x8abc13]
V  [jvm.dll+0x8ac9d9]
V  [jvm.dll+0x8acf0d]
V  [jvm.dll+0x8ad39b]
V  [jvm.dll+0x8ad457]
V  [jvm.dll+0x84ec7a]
V  [jvm.dll+0x6e981b]
C  [ucrtbase.dll+0x29363]
C  [KERNEL32.DLL+0x1269d]
C  [ntdll.dll+0x5a9f8]

VM_Operation (0x0000000c9f6fd4a0): G1CollectForAllocation, mode: safepoint, requested by thread 0x000001ffbebae8d0


---------------  P R O C E S S  ---------------

Threads class SMR info:
_java_thread_list=0x000001ffe2e40ff0, length=12, elements={
0x000001ffbebae8d0, 0x000001ffdeac2230, 0x000001ffdeac2b60, 0x000001ffdeac94c0,
0x000001ffdeac9df0, 0x000001ffdeace730, 0x000001ffdeaf2570, 0x000001ffdeaf8e30,
0x000001ffdeafbbc0, 0x000001ffdeafc530, 0x000001ffe2dc6260, 0x000001ffe2e334a0
}

Java Threads: ( => current thread )
  0x000001ffbebae8d0 JavaThread "main" [_thread_blocked, id=22008, stack(0x0000000c9f600000,0x0000000c9f700000)]
  0x000001ffdeac2230 JavaThread "Reference Handler" daemon [_thread_blocked, id=24544, stack(0x0000000c9fd00000,0x0000000c9fe00000)]
  0x000001ffdeac2b60 JavaThread "Finalizer" daemon [_thread_blocked, id=22388, stack(0x0000000c9fe00000,0x0000000c9ff00000)]
  0x000001ffdeac94c0 JavaThread "Signal Dispatcher" daemon [_thread_blocked, id=17512, stack(0x0000000c9ff00000,0x0000000ca0000000)]
  0x000001ffdeac9df0 JavaThread "Attach Listener" daemon [_thread_blocked, id=20332, stack(0x0000000ca0000000,0x0000000ca0100000)]
  0x000001ffdeace730 JavaThread "Service Thread" daemon [_thread_blocked, id=7112, stack(0x0000000ca0100000,0x0000000ca0200000)]
  0x000001ffdeaf2570 JavaThread "Monitor Deflation Thread" daemon [_thread_blocked, id=16076, stack(0x0000000ca0200000,0x0000000ca0300000)]
  0x000001ffdeaf8e30 JavaThread "C2 CompilerThread0" daemon [_thread_blocked, id=24468, stack(0x0000000ca0300000,0x0000000ca0400000)]
  0x000001ffdeafbbc0 JavaThread "C1 CompilerThread0" daemon [_thread_blocked, id=6504, stack(0x0000000ca0400000,0x0000000ca0500000)]
  0x000001ffdeafc530 JavaThread "Sweeper thread" daemon [_thread_blocked, id=4616, stack(0x0000000ca0500000,0x0000000ca0600000)]
  0x000001ffe2dc6260 JavaThread "Common-Cleaner" daemon [_thread_blocked, id=12012, stack(0x0000000ca0600000,0x0000000ca0700000)]
  0x000001ffe2e334a0 JavaThread "Notification Thread" daemon [_thread_blocked, id=20776, stack(0x0000000ca0700000,0x0000000ca0800000)]

Other Threads:
=>0x000001ffdeaab1f0 VMThread "VM Thread" [stack: 0x0000000c9fc00000,0x0000000c9fd00000] [id=23216]
  0x000001ffe2e339e0 WatcherThread "VM Periodic Task Thread" [stack: 0x0000000ca0800000,0x0000000ca0900000] [id=20992]
  0x000001ffbec0eb70 WorkerThread "GC Thread#0" [stack: 0x0000000c9f700000,0x0000000c9f800000] [id=11332]
  0x000001ffe2f8b220 WorkerThread "GC Thread#1" [stack: 0x0000000ca0900000,0x0000000ca0a00000] [id=16416]
  0x000001ffe30af970 WorkerThread "GC Thread#2" [stack: 0x0000000ca0a00000,0x0000000ca0b00000] [id=21988]
  0x000001ffe30afc40 WorkerThread "GC Thread#3" [stack: 0x0000000ca0b00000,0x0000000ca0c00000] [id=2788]
  0x000001ffe31703a0 WorkerThread "GC Thread#4" [stack: 0x0000000ca0c00000,0x0000000ca0d00000] [id=19996]
  0x000001ffe3206930 WorkerThread "GC Thread#5" [stack: 0x0000000ca0d00000,0x0000000ca0e00000] [id=22612]
  0x000001ffbec1fa10 ConcurrentGCThread "G1 Main Marker" [stack: 0x0000000c9f800000,0x0000000c9f900000] [id=22424]
  0x000001ffbec20ae0 WorkerThread "G1 Conc#0" [stack: 0x0000000c9f900000,0x0000000c9fa00000] [id=14208]
  0x000001ffde964da0 ConcurrentGCThread "G1 Refine#0" [stack: 0x0000000c9fa00000,0x0000000c9fb00000] [id=20608]
  0x000001ffde9665a0 ConcurrentGCThread "G1 Service" [stack: 0x0000000c9fb00000,0x0000000c9fc00000] [id=23948]

Threads with active compile tasks:
C1 CompilerThread0      326  808   !   3       java.lang.invoke.MethodHandle::setVarargs (25 bytes)

VM state: at safepoint (normal execution)

VM Mutex/Monitor currently owned by a thread:  ([mutex/lock_event])
[0x000001ffbebab360] Threads_lock - owner thread: 0x000001ffdeaab1f0
[0x000001ffbebaa0d0] Heap_lock - owner thread: 0x000001ffbebae8d0

Heap address: 0x0000000081600000, size: 2026 MB, Compressed Oops mode: 32-bit

CDS archive(s) mapped at: [0x0000000800000000-0x0000000800c40000-0x0000000800c40000), size 12845056, SharedBaseAddress: 0x0000000800000000, ArchiveRelocationMode: 0.
Compressed class space mapped at: 0x0000000801000000-0x0000000841000000, reserved size: 1073741824
Narrow klass base: 0x0000000800000000, Narrow klass shift: 0, Narrow klass range: 0x100000000

GC Precious Log:
 CardTable entry size: 512
 Card Set container configuration: InlinePtr #cards 5 size 8 Array Of Cards #cards 12 size 40 Howl #buckets 4 coarsen threshold 1843 Howl Bitmap #cards 512 size 80 coarsen threshold 460 Card regions per heap region 1 cards per card region 2048
 CPUs: 12 total, 12 available
 Memory: 8099M
 Large Page Support: Disabled
 NUMA Support: Disabled
 Compressed Oops: Enabled (32-bit)
 Heap Region Size: 1M
 Heap Min Capacity: 8M
 Heap Initial Capacity: 8M
 Heap Max Capacity: 2026M
 Pre-touch: Disabled
 Parallel Workers: 10
 Concurrent Workers: 3
 Concurrent Refinement Workers: 10
 Periodic GC: Disabled

Heap:
 garbage-first heap   total 8192K, used 2780K [0x0000000081600000, 0x0000000100000000)
  region size 1024K, 1 young (1024K), 1 survivors (1024K)
 Metaspace       used 8055K, committed 8256K, reserved 1114112K
  class space    used 895K, committed 1024K, reserved 1048576K

Heap Regions: E=young(eden), S=young(survivor), O=old, HS=humongous(starts), HC=humongous(continues), CS=collection set, F=free, OA=open archive, CA=closed archive, TAMS=top-at-mark-start (previous, next)
|   0|0x0000000081600000, 0x0000000081700000, 0x0000000081700000|100%| O|  |TAMS 0x0000000081600000, 0x0000000081600000| Untracked 
|   1|0x0000000081700000, 0x0000000081800000, 0x0000000081800000|100%| O|  |TAMS 0x0000000081700000, 0x0000000081700000| Untracked 
|   2|0x0000000081800000, 0x0000000081826e00, 0x0000000081900000| 15%| O|  |TAMS 0x0000000081800000, 0x0000000081800000| Untracked 
|   3|0x0000000081900000, 0x0000000081900000, 0x0000000081a00000|  0%| F|  |TAMS 0x0000000081900000, 0x0000000081900000| Untracked 
|   4|0x0000000081a00000, 0x0000000081a00000, 0x0000000081b00000|  0%| F|  |TAMS 0x0000000081a00000, 0x0000000081a00000| Untracked 
|   5|0x0000000081b00000, 0x0000000081b90588, 0x0000000081c00000| 56%| S|CS|TAMS 0x0000000081b00000, 0x0000000081b00000| Complete 
|   6|0x0000000081c00000, 0x0000000081c00000, 0x0000000081d00000|  0%| F|  |TAMS 0x0000000081c00000, 0x0000000081c00000| Untracked 
|   7|0x0000000081d00000, 0x0000000081d00000, 0x0000000081e00000|  0%| F|  |TAMS 0x0000000081d00000, 0x0000000081d00000| Untracked 

Card table byte_map: [0x000001ffd7760000,0x000001ffd7b60000] _byte_map_base: 0x000001ffd7355000

Marking Bits (Prev, Next): (CMBitMap*) 0x000001ffbec0f0a0, (CMBitMap*) 0x000001ffbec0f0e0
 Prev Bits: [0x000001ffd7f60000, 0x000001ffd9f08000)
 Next Bits: [0x000001ffd9f10000, 0x000001ffdbeb8000)

Polling page: 0x000001ffbcb90000

Metaspace:

Usage:
  Non-class:      6.99 MB used.
      Class:    895.92 KB used.
       Both:      7.87 MB used.

Virtual space:
  Non-class space:       64.00 MB reserved,       7.06 MB ( 11%) committed,  1 nodes.
      Class space:        1.00 GB reserved,       1.00 MB ( <1%) committed,  1 nodes.
             Both:        1.06 GB reserved,       8.06 MB ( <1%) committed. 

Chunk freelists:
   Non-Class:  2.50 MB
       Class:  2.98 MB
        Both:  5.48 MB

MaxMetaspaceSize: unlimited
CompressedClassSpaceSize: 1.00 GB
Initial GC threshold: 21.00 MB
Current GC threshold: 21.00 MB
CDS: on
MetaspaceReclaimPolicy: balanced
 - commit_granule_bytes: 65536.
 - commit_granule_words: 8192.
 - virtual_space_node_default_size: 8388608.
 - enlarge_chunks_in_place: 1.
 - new_chunks_are_fully_committed: 0.
 - uncommit_free_chunks: 1.
 - use_allocation_guard: 0.


Internal statistics:

num_allocs_failed_limit: 0.
num_arena_births: 58.
num_arena_deaths: 0.
num_vsnodes_births: 2.
num_vsnodes_deaths: 0.
num_space_committed: 129.
num_space_uncommitted: 0.
num_chunks_returned_to_freelist: 0.
num_chunks_taken_from_freelist: 315.
num_chunk_merges: 0.
num_chunk_splits: 234.
num_chunks_enlarged: 192.
num_inconsistent_stats: 0.

CodeHeap 'non-profiled nmethods': size=120000Kb used=255Kb max_used=255Kb free=119744Kb
 bounds [0x000001ffcf8e0000, 0x000001ffcfb50000, 0x000001ffd6e10000]
CodeHeap 'profiled nmethods': size=120000Kb used=1285Kb max_used=1285Kb free=118714Kb
 bounds [0x000001ffc7e10000, 0x000001ffc8080000, 0x000001ffcf340000]
CodeHeap 'non-nmethods': size=5760Kb used=1228Kb max_used=1244Kb free=4531Kb
 bounds [0x000001ffcf340000, 0x000001ffcf5b0000, 0x000001ffcf8e0000]
 total_blobs=1241 nmethods=808 adapters=344
 compilation: enabled
              stopped_count=0, restarted_count=0
 full_count=0

Compilation events (20 events):
Event: 0.304 Thread 0x000001ffdeafbbc0 nmethod 799 0x000001ffc7f4bc90 code [0x000001ffc7f4be80, 0x000001ffc7f4c2a8]
Event: 0.304 Thread 0x000001ffdeafbbc0  797       3       java.lang.invoke.MethodHandles$Lookup::checkSecurityManager (97 bytes)
Event: 0.304 Thread 0x000001ffdeaf8e30  802       4       com.sun.tools.javac.util.Name$Table::hashValue (36 bytes)
Event: 0.304 Thread 0x000001ffdeafbbc0 nmethod 797 0x000001ffc7f4c410 code [0x000001ffc7f4c600, 0x000001ffc7f4cb18]
Event: 0.304 Thread 0x000001ffdeafbbc0  801       3       com.sun.tools.javac.util.Name::lastIndexOf (42 bytes)
Event: 0.304 Thread 0x000001ffdeafbbc0 nmethod 801 0x000001ffc7f4cd10 code [0x000001ffc7f4cee0, 0x000001ffc7f4d2b8]
Event: 0.304 Thread 0x000001ffdeafbbc0  800       3       java.lang.invoke.DirectMethodHandle::preparedLambdaForm (6 bytes)
Event: 0.304 Thread 0x000001ffdeafbbc0 nmethod 800 0x000001ffc7f4d490 code [0x000001ffc7f4d640, 0x000001ffc7f4d768]
Event: 0.305 Thread 0x000001ffdeafbbc0  804       3       jdk.internal.org.objectweb.asm.SymbolTable::addType (81 bytes)
Event: 0.305 Thread 0x000001ffdeafbbc0 nmethod 804 0x000001ffc7f4d810 code [0x000001ffc7f4da20, 0x000001ffc7f4df78]
Event: 0.305 Thread 0x000001ffdeafbbc0  805       3       java.lang.invoke.MethodHandles$Lookup::in (283 bytes)
Event: 0.306 Thread 0x000001ffdeaf8e30 nmethod 802 0x000001ffcf91f810 code [0x000001ffcf91f9a0, 0x000001ffcf91fb78]
Event: 0.306 Thread 0x000001ffdeafbbc0 nmethod 805 0x000001ffc7f4e210 code [0x000001ffc7f4e620, 0x000001ffc7f50008]
Event: 0.306 Thread 0x000001ffdeafbbc0  806       3       java.lang.invoke.MemberName::getType (19 bytes)
Event: 0.306 Thread 0x000001ffdeaf8e30  809       4       java.lang.AbstractStringBuilder::isLatin1 (19 bytes)
Event: 0.306 Thread 0x000001ffdeafbbc0 nmethod 806 0x000001ffc7f50910 code [0x000001ffc7f50b00, 0x000001ffc7f50eb8]
Event: 0.307 Thread 0x000001ffdeafbbc0  807       3       java.lang.invoke.MemberName::isCallerSensitive (8 bytes)
Event: 0.307 Thread 0x000001ffdeaf8e30 nmethod 809 0x000001ffcf91fc90 code [0x000001ffcf91fe20, 0x000001ffcf91feb8]
Event: 0.307 Thread 0x000001ffdeafbbc0 nmethod 807 0x000001ffc7f51010 code [0x000001ffc7f511c0, 0x000001ffc7f513f8]
Event: 0.307 Thread 0x000001ffdeafbbc0  808   !   3       java.lang.invoke.MethodHandle::setVarargs (25 bytes)

GC Heap History (9 events):
Event: 0.139 GC heap before
{Heap before GC invocations=0 (full 0):
 garbage-first heap   total 8192K, used 3072K [0x0000000081600000, 0x0000000100000000)
  region size 1024K, 3 young (3072K), 0 survivors (0K)
 Metaspace       used 2393K, committed 2624K, reserved 1114112K
  class space    used 258K, committed 384K, reserved 1048576K
}
Event: 0.141 GC heap after
{Heap after GC invocations=1 (full 0):
 garbage-first heap   total 8192K, used 1189K [0x0000000081600000, 0x0000000100000000)
  region size 1024K, 1 young (1024K), 1 survivors (1024K)
 Metaspace       used 2393K, committed 2624K, reserved 1114112K
  class space    used 258K, committed 384K, reserved 1048576K
}
Event: 0.185 GC heap before
{Heap before GC invocations=1 (full 0):
 garbage-first heap   total 8192K, used 2213K [0x0000000081600000, 0x0000000100000000)
  region size 1024K, 2 young (2048K), 1 survivors (1024K)
 Metaspace       used 4306K, committed 4480K, reserved 1114112K
  class space    used 509K, committed 640K, reserved 1048576K
}
Event: 0.187 GC heap after
{Heap after GC invocations=2 (full 0):
 garbage-first heap   total 8192K, used 1780K [0x0000000081600000, 0x0000000100000000)
  region size 1024K, 1 young (1024K), 1 survivors (1024K)
 Metaspace       used 4306K, committed 4480K, reserved 1114112K
  class space    used 509K, committed 640K, reserved 1048576K
}
Event: 0.232 GC heap before
{Heap before GC invocations=2 (full 0):
 garbage-first heap   total 8192K, used 2804K [0x0000000081600000, 0x0000000100000000)
  region size 1024K, 2 young (2048K), 1 survivors (1024K)
 Metaspace       used 6213K, committed 6336K, reserved 1114112K
  class space    used 705K, committed 768K, reserved 1048576K
}
Event: 0.233 GC heap after
{Heap after GC invocations=3 (full 0):
 garbage-first heap   total 8192K, used 2195K [0x0000000081600000, 0x0000000100000000)
  region size 1024K, 1 young (1024K), 1 survivors (1024K)
 Metaspace       used 6213K, committed 6336K, reserved 1114112K
  class space    used 705K, committed 768K, reserved 1048576K
}
Event: 0.283 GC heap before
{Heap before GC invocations=3 (full 0):
 garbage-first heap   total 8192K, used 3219K [0x0000000081600000, 0x0000000100000000)
  region size 1024K, 2 young (2048K), 1 survivors (1024K)
 Metaspace       used 7779K, committed 7872K, reserved 1114112K
  class space    used 864K, committed 896K, reserved 1048576K
}
Event: 0.285 GC heap after
{Heap after GC invocations=4 (full 0):
 garbage-first heap   total 8192K, used 2495K [0x0000000081600000, 0x0000000100000000)
  region size 1024K, 1 young (1024K), 1 survivors (1024K)
 Metaspace       used 7779K, committed 7872K, reserved 1114112K
  class space    used 864K, committed 896K, reserved 1048576K
}
Event: 0.307 GC heap before
{Heap before GC invocations=4 (full 0):
 garbage-first heap   total 8192K, used 3519K [0x0000000081600000, 0x0000000100000000)
  region size 1024K, 2 young (2048K), 1 survivors (1024K)
 Metaspace       used 8055K, committed 8256K, reserved 1114112K
  class space    used 895K, committed 1024K, reserved 1048576K
}

Dll operation events (6 events):
Event: 0.006 Loaded shared library C:\Program Files\Zulu\zulu-19\bin\java.dll
Event: 0.011 Loaded shared library C:\Program Files\Zulu\zulu-19\bin\jsvml.dll
Event: 0.053 Loaded shared library C:\Program Files\Zulu\zulu-19\bin\jimage.dll
Event: 0.103 Loaded shared library C:\Program Files\Zulu\zulu-19\bin\net.dll
Event: 0.104 Loaded shared library C:\Program Files\Zulu\zulu-19\bin\nio.dll
Event: 0.125 Loaded shared library C:\Program Files\Zulu\zulu-19\bin\zip.dll

Deoptimization events (20 events):
Event: 0.094 Thread 0x000001ffbebae8d0 DEOPT PACKING pc=0x000001ffcf8edac8 sp=0x0000000c9f6fe560
Event: 0.094 Thread 0x000001ffbebae8d0 DEOPT UNPACKING pc=0x000001ffcf3a6da3 sp=0x0000000c9f6fe4e8 mode 2
Event: 0.094 Thread 0x000001ffbebae8d0 Uncommon trap: trap_request=0xffffffc6 fr.pc=0x000001ffcf8edac8 relative=0x0000000000000928
Event: 0.094 Thread 0x000001ffbebae8d0 Uncommon trap: reason=bimorphic_or_optimized_type_check action=maybe_recompile pc=0x000001ffcf8edac8 method=java.util.HashMap.putVal(ILjava/lang/Object;Ljava/lang/Object;ZZ)Ljava/lang/Object; @ 56 c2
Event: 0.094 Thread 0x000001ffbebae8d0 DEOPT PACKING pc=0x000001ffcf8edac8 sp=0x0000000c9f6fe560
Event: 0.094 Thread 0x000001ffbebae8d0 DEOPT UNPACKING pc=0x000001ffcf3a6da3 sp=0x0000000c9f6fe4e8 mode 2
Event: 0.128 Thread 0x000001ffbebae8d0 DEOPT PACKING pc=0x000001ffc7e3b167 sp=0x0000000c9f6feaf0
Event: 0.128 Thread 0x000001ffbebae8d0 DEOPT UNPACKING pc=0x000001ffcf3a7543 sp=0x0000000c9f6fdf10 mode 0
Event: 0.228 Thread 0x000001ffbebae8d0 Uncommon trap: trap_request=0xffffff45 fr.pc=0x000001ffcf8f9808 relative=0x0000000000000988
Event: 0.228 Thread 0x000001ffbebae8d0 Uncommon trap: reason=unstable_if action=reinterpret pc=0x000001ffcf8f9808 method=java.util.HashMap.putVal(ILjava/lang/Object;Ljava/lang/Object;ZZ)Ljava/lang/Object; @ 181 c2
Event: 0.228 Thread 0x000001ffbebae8d0 DEOPT PACKING pc=0x000001ffcf8f9808 sp=0x0000000c9f6fe630
Event: 0.228 Thread 0x000001ffbebae8d0 DEOPT UNPACKING pc=0x000001ffcf3a6da3 sp=0x0000000c9f6fe5d0 mode 2
Event: 0.252 Thread 0x000001ffbebae8d0 Uncommon trap: trap_request=0xffffff45 fr.pc=0x000001ffcf909db0 relative=0x00000000000004f0
Event: 0.252 Thread 0x000001ffbebae8d0 Uncommon trap: reason=unstable_if action=reinterpret pc=0x000001ffcf909db0 method=java.lang.StringLatin1.replace([BCC)Ljava/lang/String; @ 19 c2
Event: 0.252 Thread 0x000001ffbebae8d0 DEOPT PACKING pc=0x000001ffcf909db0 sp=0x0000000c9f6feeb0
Event: 0.253 Thread 0x000001ffbebae8d0 DEOPT UNPACKING pc=0x000001ffcf3a6da3 sp=0x0000000c9f6fee30 mode 2
Event: 0.280 Thread 0x000001ffbebae8d0 Uncommon trap: trap_request=0xffffff45 fr.pc=0x000001ffcf9181e8 relative=0x00000000000000c8
Event: 0.280 Thread 0x000001ffbebae8d0 Uncommon trap: reason=unstable_if action=reinterpret pc=0x000001ffcf9181e8 method=com.sun.tools.javac.parser.UnicodeReader.nextCodeUnit()V @ 15 c2
Event: 0.280 Thread 0x000001ffbebae8d0 DEOPT PACKING pc=0x000001ffcf9181e8 sp=0x0000000c9f6feb80
Event: 0.280 Thread 0x000001ffbebae8d0 DEOPT UNPACKING pc=0x000001ffcf3a6da3 sp=0x0000000c9f6fe9e8 mode 2

Classes loaded (20 events):
Event: 0.288 Loading class java/util/Collections$SingletonList
Event: 0.288 Loading class java/util/Collections$SingletonList done
Event: 0.292 Loading class java/util/LinkedHashMap$LinkedValues
Event: 0.292 Loading class java/util/LinkedHashMap$LinkedValues done
Event: 0.293 Loading class java/util/LinkedHashMap$LinkedValueIterator
Event: 0.293 Loading class java/util/LinkedHashMap$LinkedValueIterator done
Event: 0.293 Loading class java/util/regex/Pattern$Bound
Event: 0.293 Loading class java/util/regex/Pattern$Bound done
Event: 0.302 Loading class java/util/BitSet
Event: 0.302 Loading class java/util/BitSet done
Event: 0.306 Loading class java/util/stream/MatchOps$MatchKind
Event: 0.306 Loading class java/util/stream/MatchOps$MatchKind done
Event: 0.306 Loading class java/util/stream/MatchOps
Event: 0.306 Loading class java/util/stream/MatchOps done
Event: 0.306 Loading class java/util/stream/MatchOps$MatchOp
Event: 0.306 Loading class java/util/stream/MatchOps$MatchOp done
Event: 0.306 Loading class java/util/stream/MatchOps$BooleanTerminalSink
Event: 0.306 Loading class java/util/stream/MatchOps$BooleanTerminalSink done
Event: 0.307 Loading class java/util/stream/MatchOps$1MatchSink
Event: 0.307 Loading class java/util/stream/MatchOps$1MatchSink done

Classes unloaded (0 events):
No events

Classes redefined (0 events):
No events

Internal exceptions (20 events):
Event: 0.132 Thread 0x000001ffbebae8d0 Exception <a 'sun/nio/fs/WindowsException'{0x0000000081bc7ea8}> (0x0000000081bc7ea8) 
thrown [s\src\hotspot\share\prims\jni.cpp, line 517]
Event: 0.133 Thread 0x000001ffbebae8d0 Exception <a 'sun/nio/fs/WindowsException'{0x0000000081bc8810}> (0x0000000081bc8810) 
thrown [s\src\hotspot\share\prims\jni.cpp, line 517]
Event: 0.133 Thread 0x000001ffbebae8d0 Exception <a 'sun/nio/fs/WindowsException'{0x0000000081bc9638}> (0x0000000081bc9638) 
thrown [s\src\hotspot\share\prims\jni.cpp, line 517]
Event: 0.133 Thread 0x000001ffbebae8d0 Exception <a 'sun/nio/fs/WindowsException'{0x0000000081bc9a28}> (0x0000000081bc9a28) 
thrown [s\src\hotspot\share\prims\jni.cpp, line 517]
Event: 0.134 Thread 0x000001ffbebae8d0 Exception <a 'java/lang/NoSuchMethodError'{0x0000000081bcea40}: 'int java.lang.invoke.DirectMethodHandle$Holder.invokeVirtual(java.lang.Object, java.lang.Object, java.lang.Object)'> (0x0000000081bcea40) 
thrown [s\src\hotspot\share\interpreter\linkResolver.cpp, line 774]
Event: 0.134 Thread 0x000001ffbebae8d0 Exception <a 'java/lang/NoSuchMethodError'{0x0000000081bd5368}: 'void java.lang.invoke.DirectMethodHandle$Holder.invokeInterface(java.lang.Object, java.lang.Object, java.lang.Object)'> (0x0000000081bd5368) 
thrown [s\src\hotspot\share\interpreter\linkResolver.cpp, line 774]
Event: 0.142 Thread 0x000001ffbebae8d0 Exception <a 'java/lang/NoSuchMethodError'{0x0000000081d08a20}: 'java.lang.Object java.lang.invoke.DirectMethodHandle$Holder.invokeStaticInit(java.lang.Object)'> (0x0000000081d08a20) 
thrown [s\src\hotspot\share\interpreter\linkResolver.cpp, line 774]
Event: 0.183 Thread 0x000001ffbebae8d0 Exception <a 'java/lang/NoSuchMethodError'{0x0000000081df9130}: 'int java.lang.invoke.DirectMethodHandle$Holder.invokeStaticInit(java.lang.Object, java.lang.Object)'> (0x0000000081df9130) 
thrown [s\src\hotspot\share\interpreter\linkResolver.cpp, line 774]
Event: 0.222 Thread 0x000001ffbebae8d0 Exception <a 'java/lang/NoSuchMethodError'{0x0000000081d9b8e0}: 'int java.lang.invoke.DirectMethodHandle$Holder.invokeVirtual(java.lang.Object, java.lang.Object)'> (0x0000000081d9b8e0) 
thrown [s\src\hotspot\share\interpreter\linkResolver.cpp, line 774]
Event: 0.225 Thread 0x000001ffbebae8d0 Exception <a 'java/lang/NoSuchMethodError'{0x0000000081dc4090}: 'java.lang.Object java.lang.invoke.DirectMethodHandle$Holder.newInvokeSpecial(java.lang.Object, java.lang.Object, java.lang.Object, java.lang.Object, java.lang.Object)'> (0x0000000081dc4090) 
thrown [s\src\hotspot\share\interpreter\linkResolver.cpp, line 774]
Event: 0.226 Thread 0x000001ffbebae8d0 Exception <a 'java/lang/NoSuchMethodError'{0x0000000081dd2a60}: 'java.lang.Object java.lang.invoke.DirectMethodHandle$Holder.newInvokeSpecial(java.lang.Object, java.lang.Object, java.lang.Object, java.lang.Object, java.lang.Object, java.lang.Object)'> (0x0000000081dd2a60) 
thrown [s\src\hotspot\share\interpreter\linkResolver.cpp, line 774]
Event: 0.239 Thread 0x000001ffbebae8d0 Exception <a 'sun/nio/fs/WindowsException'{0x0000000081d1ef60}> (0x0000000081d1ef60) 
thrown [s\src\hotspot\share\prims\jni.cpp, line 517]
Event: 0.239 Thread 0x000001ffbebae8d0 Exception <a 'sun/nio/fs/WindowsException'{0x0000000081d1f198}> (0x0000000081d1f198) 
thrown [s\src\hotspot\share\prims\jni.cpp, line 517]
Event: 0.282 Thread 0x000001ffbebae8d0 Exception <a 'sun/nio/fs/WindowsException'{0x0000000081df2948}> (0x0000000081df2948) 
thrown [s\src\hotspot\share\prims\jni.cpp, line 517]
Event: 0.282 Thread 0x000001ffbebae8d0 Exception <a 'sun/nio/fs/WindowsException'{0x0000000081df2d28}> (0x0000000081df2d28) 
thrown [s\src\hotspot\share\prims\jni.cpp, line 517]
Event: 0.282 Thread 0x000001ffbebae8d0 Exception <a 'sun/nio/fs/WindowsException'{0x0000000081df3cf0}> (0x0000000081df3cf0) 
thrown [s\src\hotspot\share\prims\jni.cpp, line 517]
Event: 0.282 Thread 0x000001ffbebae8d0 Exception <a 'sun/nio/fs/WindowsException'{0x0000000081df4110}> (0x0000000081df4110) 
thrown [s\src\hotspot\share\prims\jni.cpp, line 517]
Event: 0.303 Thread 0x000001ffbebae8d0 Exception <a 'java/lang/NoSuchMethodError'{0x0000000081dd9ab8}: 'java.lang.Object java.lang.invoke.DirectMethodHandle$Holder.invokeVirtual(java.lang.Object, java.lang.Object, java.lang.Object, int, int)'> (0x0000000081dd9ab8) 
thrown [s\src\hotspot\share\interpreter\linkResolver.cpp, line 774]
Event: 0.303 Thread 0x000001ffbebae8d0 Exception <a 'java/lang/NoSuchMethodError'{0x0000000081de0948}: 'java.lang.Object java.lang.invoke.DirectMethodHandle$Holder.invokeVirtual(java.lang.Object, java.lang.Object, int)'> (0x0000000081de0948) 
thrown [s\src\hotspot\share\interpreter\linkResolver.cpp, line 774]
Event: 0.305 Thread 0x000001ffbebae8d0 Exception <a 'java/lang/NoSuchMethodError'{0x0000000081de9858}: 'java.lang.Object java.lang.invoke.DirectMethodHandle$Holder.invokeSpecial(java.lang.Object, java.lang.Object, java.lang.Object, int, int)'> (0x0000000081de9858) 
thrown [s\src\hotspot\share\interpreter\linkResolver.cpp, line 774]

VM Operations (19 events):
Event: 0.042 Executing VM operation: HandshakeAllThreads
Event: 0.042 Executing VM operation: HandshakeAllThreads done
Event: 0.093 Executing VM operation: HandshakeAllThreads
Event: 0.093 Executing VM operation: HandshakeAllThreads done
Event: 0.115 Executing VM operation: HandshakeAllThreads
Event: 0.115 Executing VM operation: HandshakeAllThreads done
Event: 0.119 Executing VM operation: HandshakeAllThreads
Event: 0.119 Executing VM operation: HandshakeAllThreads done
Event: 0.138 Executing VM operation: G1CollectForAllocation
Event: 0.141 Executing VM operation: G1CollectForAllocation done
Event: 0.185 Executing VM operation: G1CollectForAllocation
Event: 0.187 Executing VM operation: G1CollectForAllocation done
Event: 0.232 Executing VM operation: G1CollectForAllocation
Event: 0.233 Executing VM operation: G1CollectForAllocation done
Event: 0.283 Executing VM operation: HandshakeAllThreads
Event: 0.283 Executing VM operation: HandshakeAllThreads done
Event: 0.283 Executing VM operation: G1CollectForAllocation
Event: 0.285 Executing VM operation: G1CollectForAllocation done
Event: 0.307 Executing VM operation: G1CollectForAllocation

Events (12 events):
Event: 0.012 Thread 0x000001ffbebae8d0 Thread added: 0x000001ffbebae8d0
Event: 0.021 Thread 0x000001ffdeac2230 Thread added: 0x000001ffdeac2230
Event: 0.021 Thread 0x000001ffdeac2b60 Thread added: 0x000001ffdeac2b60
Event: 0.022 Thread 0x000001ffdeac94c0 Thread added: 0x000001ffdeac94c0
Event: 0.022 Thread 0x000001ffdeac9df0 Thread added: 0x000001ffdeac9df0
Event: 0.022 Thread 0x000001ffdeace730 Thread added: 0x000001ffdeace730
Event: 0.022 Thread 0x000001ffdeaf2570 Thread added: 0x000001ffdeaf2570
Event: 0.022 Thread 0x000001ffdeaf8e30 Thread added: 0x000001ffdeaf8e30
Event: 0.022 Thread 0x000001ffdeafbbc0 Thread added: 0x000001ffdeafbbc0
Event: 0.022 Thread 0x000001ffdeafc530 Thread added: 0x000001ffdeafc530
Event: 0.036 Thread 0x000001ffe2dc6260 Thread added: 0x000001ffe2dc6260
Event: 0.051 Thread 0x000001ffe2e334a0 Thread added: 0x000001ffe2e334a0


Dynamic libraries:
0x00007ff771d60000 - 0x00007ff771d68000 	C:\Program Files\Zulu\zulu-19\bin\javac.exe
0x00007ffa972f0000 - 0x00007ffa97504000 	C:\WINDOWS\SYSTEM32\ntdll.dll
0x00007ffa96a30000 - 0x00007ffa96af2000 	C:\WINDOWS\System32\KERNEL32.DLL
0x00007ffa94a90000 - 0x00007ffa94e2c000 	C:\WINDOWS\System32\KERNELBASE.dll
0x00007ffa94730000 - 0x00007ffa94841000 	C:\WINDOWS\System32\ucrtbase.dll
0x00007ffa8dc30000 - 0x00007ffa8dc4b000 	C:\Program Files\Zulu\zulu-19\bin\VCRUNTIME140.dll
0x00007ffa8dd20000 - 0x00007ffa8dd37000 	C:\Program Files\Zulu\zulu-19\bin\jli.dll
0x00007ffa95ee0000 - 0x00007ffa9608b000 	C:\WINDOWS\System32\USER32.dll
0x00007ffa94a60000 - 0x00007ffa94a86000 	C:\WINDOWS\System32\win32u.dll
0x00007ffa7c330000 - 0x00007ffa7c5be000 	C:\WINDOWS\WinSxS\amd64_microsoft.windows.common-controls_6595b64144ccf1df_6.0.22621.608_none_a9444ca7c10bb01d\COMCTL32.dll
0x00007ffa97200000 - 0x00007ffa972a7000 	C:\WINDOWS\System32\msvcrt.dll
0x00007ffa97050000 - 0x00007ffa97079000 	C:\WINDOWS\System32\GDI32.dll
0x00007ffa94f70000 - 0x00007ffa95083000 	C:\WINDOWS\System32\gdi32full.dll
0x00007ffa949c0000 - 0x00007ffa94a5a000 	C:\WINDOWS\System32\msvcp_win.dll
0x00007ffa95ea0000 - 0x00007ffa95ed1000 	C:\WINDOWS\System32\IMM32.DLL
0x00007ffa913b0000 - 0x00007ffa913bc000 	C:\Program Files\Zulu\zulu-19\bin\vcruntime140_1.dll
0x00007ffa828e0000 - 0x00007ffa8296d000 	C:\Program Files\Zulu\zulu-19\bin\msvcp140.dll
0x00007ffa333b0000 - 0x00007ffa340b7000 	C:\Program Files\Zulu\zulu-19\bin\server\jvm.dll
0x00007ffa970d0000 - 0x00007ffa9717e000 	C:\WINDOWS\System32\ADVAPI32.dll
0x00007ffa95d60000 - 0x00007ffa95e04000 	C:\WINDOWS\System32\sechost.dll
0x00007ffa95c20000 - 0x00007ffa95d35000 	C:\WINDOWS\System32\RPCRT4.dll
0x00007ffa8ce90000 - 0x00007ffa8cec4000 	C:\WINDOWS\SYSTEM32\WINMM.dll
0x00007ffa8df80000 - 0x00007ffa8df89000 	C:\WINDOWS\SYSTEM32\WSOCK32.dll
0x00007ffa8ce00000 - 0x00007ffa8ce0a000 	C:\WINDOWS\SYSTEM32\VERSION.dll
0x00007ffa95620000 - 0x00007ffa95691000 	C:\WINDOWS\System32\WS2_32.dll
0x00007ffa93790000 - 0x00007ffa937a8000 	C:\WINDOWS\SYSTEM32\kernel.appcore.dll
0x00007ffa8f920000 - 0x00007ffa8f92a000 	C:\Program Files\Zulu\zulu-19\bin\jimage.dll
0x00007ffa920e0000 - 0x00007ffa9230e000 	C:\WINDOWS\SYSTEM32\DBGHELP.DLL
0x00007ffa95790000 - 0x00007ffa95b19000 	C:\WINDOWS\System32\combase.dll
0x00007ffa95160000 - 0x00007ffa95237000 	C:\WINDOWS\System32\OLEAUT32.dll
0x00007ffa764d0000 - 0x00007ffa76502000 	C:\WINDOWS\SYSTEM32\dbgcore.DLL
0x00007ffa94e30000 - 0x00007ffa94eab000 	C:\WINDOWS\System32\bcryptPrimitives.dll
0x00007ffa82ee0000 - 0x00007ffa82f06000 	C:\Program Files\Zulu\zulu-19\bin\java.dll
0x00007ffa493f0000 - 0x00007ffa494c7000 	C:\Program Files\Zulu\zulu-19\bin\jsvml.dll
0x00007ffa960a0000 - 0x00007ffa96890000 	C:\WINDOWS\System32\SHELL32.dll
0x00007ffa92750000 - 0x00007ffa9301d000 	C:\WINDOWS\SYSTEM32\windows.storage.dll
0x00007ffa92610000 - 0x00007ffa9274e000 	C:\WINDOWS\SYSTEM32\wintypes.dll
0x00007ffa95360000 - 0x00007ffa95451000 	C:\WINDOWS\System32\SHCORE.dll
0x00007ffa956b0000 - 0x00007ffa9570e000 	C:\WINDOWS\System32\shlwapi.dll
0x00007ffa94660000 - 0x00007ffa94681000 	C:\WINDOWS\SYSTEM32\profapi.dll
0x00007ffa82e30000 - 0x00007ffa82e43000 	C:\Program Files\Zulu\zulu-19\bin\net.dll
0x00007ffa8d990000 - 0x00007ffa8dac7000 	C:\WINDOWS\SYSTEM32\WINHTTP.dll
0x00007ffa93c00000 - 0x00007ffa93c69000 	C:\WINDOWS\system32\mswsock.dll
0x00007ffa82d90000 - 0x00007ffa82da6000 	C:\Program Files\Zulu\zulu-19\bin\nio.dll
0x00007ffa82cb0000 - 0x00007ffa82cc8000 	C:\Program Files\Zulu\zulu-19\bin\zip.dll

dbghelp: loaded successfully - version: 4.0.5 - missing functions: none
symbol engine: initialized successfully - sym options: 0x614 - pdb path: .;C:\Program Files\Zulu\zulu-19\bin;C:\WINDOWS\SYSTEM32;C:\WINDOWS\WinSxS\amd64_microsoft.windows.common-controls_6595b64144ccf1df_6.0.22621.608_none_a9444ca7c10bb01d;C:\Program Files\Zulu\zulu-19\bin\server

VM Arguments:
jvm_args: -Dapplication.home=C:\Program Files\Zulu\zulu-19 --add-modules=ALL-DEFAULT -Xms8m -Djdk.module.main=jdk.compiler 
java_command: jdk.compiler/com.sun.tools.javac.Main -d C:\Users\ulise\Desktop\TEC\Algoritmos y estructura de datos I\BuscaMinas\ventana busca minas\build\classes -classpath C:\Users\ulise\Desktop\TEC\Algoritmos y estructura de datos I\BuscaMinas\ventana busca minas\build\classes;C:\Users\ulise\Desktop\TEC\Algoritmos y estructura de datos I\BuscaMinas\ventana busca minas\lib\rxtx-2.1-7r2;C:\Users\ulise\Downloads\RXTXcomm.jar;C:\Users\ulise\Downloads\jSerialComm-2.9.3.zip;C:\Users\ulise\Downloads\jSerialComm-2.9.3.jar -sourcepath C:\Users\ulise\Desktop\TEC\Algoritmos y estructura de datos I\BuscaMinas\ventana busca minas\src -target 19 -encoding UTF-8 -g -processorpath C:\Users\ulise\Desktop\TEC\Algoritmos y estructura de datos I\BuscaMinas\ventana busca minas\lib\rxtx-2.1-7r2;C:\Users\ulise\Downloads\RXTXcomm.jar;C:\Users\ulise\Downloads\jSerialComm-2.9.3.zip;C:\Users\ulise\Downloads\jSerialComm-2.9.3.jar;C:\Users\ulise\Desktop\TEC\Algoritmos y estructura de datos I\BuscaMinas\jar_files\firmata4j-2.3.5.jar;C:\Users\ulise\Desktop\TEC\Algoritmos y estructura de datos I\BuscaMinas\jar_files\jssc-2.8.0.jar;C:\Users\ulise\Desktop\TEC\Algoritmos y estructura de datos I\BuscaMinas\jar_files\jssc-2.9.4.jar;C:\Users\ulise\Desktop\TEC\Algoritmos y estructura de datos I\BuscaMinas\jar_files\slf4j-api-1.7.25.jar;C:\Users\ulise\Desktop\TEC\Algoritmos y estructura de datos I\BuscaMinas\jar_files\slf4j-api-1.7.3.jar;C:\Users\ulise\Desktop\TEC\Algoritmos y estructura de datos I\BuscaMinas\jar_files\slf4j-simple-1.6.1.jar;C:\Users\ulise\Desktop\TEC\Algoritmos y estructura de datos I\BuscaMinas\ventana busca minas\build\empty -s C:\Users\ulise\Desktop\TEC\Algoritmos y estructura de datos I\BuscaMinas\ventana busca minas\build\generated-sources\ap-source-output -source 19 C:\Users\ulise\Desktop\TEC\Algoritmos y estructura de datos I\BuscaMinas\ventana busca minas\src\GameMenuDemo.java
java_class_path (initial): <not set>
Launcher Type: SUN_STANDARD

[Global flags]
     intx CICompilerCount                          = 4                                         {product} {ergonomic}
     uint ConcGCThreads                            = 3                                         {product} {ergonomic}
     uint G1ConcRefinementThreads                  = 10                                        {product} {ergonomic}
   size_t G1HeapRegionSize                         = 1048576                                   {product} {ergonomic}
    uintx GCDrainStackTargetSize                   = 64                                        {product} {ergonomic}
   size_t InitialHeapSize                          = 8388608                                   {product} {command line}
   size_t MarkStackSize                            = 4194304                                   {product} {ergonomic}
   size_t MaxHeapSize                              = 2124414976                                {product} {ergonomic}
   size_t MaxNewSize                               = 1274019840                                {product} {ergonomic}
   size_t MinHeapDeltaBytes                        = 1048576                                   {product} {ergonomic}
   size_t MinHeapSize                              = 8388608                                   {product} {command line}
    uintx NonNMethodCodeHeapSize                   = 5839372                                {pd product} {ergonomic}
    uintx NonProfiledCodeHeapSize                  = 122909434                              {pd product} {ergonomic}
    uintx ProfiledCodeHeapSize                     = 122909434                              {pd product} {ergonomic}
    uintx ReservedCodeCacheSize                    = 251658240                              {pd product} {ergonomic}
     bool SegmentedCodeCache                       = true                                      {product} {ergonomic}
   size_t SoftMaxHeapSize                          = 2124414976                             {manageable} {ergonomic}
     bool UseCompressedClassPointers               = true                           {product lp64_product} {ergonomic}
     bool UseCompressedOops                        = true                           {product lp64_product} {ergonomic}
     bool UseG1GC                                  = true                                      {product} {ergonomic}
     bool UseLargePagesIndividualAllocation        = false                                  {pd product} {ergonomic}

Logging:
Log output configuration:
 #0: stdout all=warning uptime,level,tags foldmultilines=false
 #1: stderr all=off uptime,level,tags foldmultilines=false

Environment Variables:
PATH=C:\Program Files\Zulu\zulu-19\bin\;C:\Program Files\Common Files\Oracle\Java\javapath;C:\Program Files (x86)\Common Files\Oracle\Java\javapath;C:\Windows\system32;C:\Windows;C:\Windows\System32\Wbem;C:\Windows\System32\WindowsPowerShell\v1.0\;C:\Windows\System32\OpenSSH\;C:\Program Files (x86)\NVIDIA Corporation\PhysX\Common;C:\Program Files\NVIDIA Corporation\NVIDIA NvDLISR;C:\WINDOWS\system32;C:\WINDOWS;C:\WINDOWS\System32\Wbem;C:\WINDOWS\System32\WindowsPowerShell\v1.0\;C:\WINDOWS\System32\OpenSSH\;C:\Program Files\nodejs\;C:\Program Files\Git\cmd;C:\Users\ulise\AppData\Local\Microsoft\WindowsApps;C:\Users\ulise\AppData\Local\Programs\Microsoft VS Code\bin;C:\Users\ulise\AppData\Roaming\npm;C:\Users\ulise\AppData\Local\GitHubDesktop\bin
USERNAME=ulise
OS=Windows_NT
PROCESSOR_IDENTIFIER=Intel64 Family 6 Model 165 Stepping 2, GenuineIntel
TMP=C:\Users\ulise\AppData\Local\Temp
TEMP=C:\Users\ulise\AppData\Local\Temp



---------------  S Y S T E M  ---------------

OS:
 Windows 11 , 64 bit Build 22621 (10.0.22621.1485)
OS uptime: 6 days 9:19 hours

CPU: total 12 (initial active 12) (6 cores per cpu, 2 threads per core) family 6 model 165 stepping 2 microcode 0xe2, cx8, cmov, fxsr, ht, mmx, 3dnowpref, sse, sse2, sse3, ssse3, sse4.1, sse4.2, popcnt, lzcnt, tsc, tscinvbit, avx, avx2, aes, erms, clmul, bmi1, bmi2, adx, fma, vzeroupper, clflush, clflushopt, rdtscp

Memory: 4k page, system-wide physical 8099M (552M free)
TotalPageFile size 12195M (AvailPageFile size 5M)
current process WorkingSet (physical memory assigned to process): 61M, peak: 61M
current process commit charge ("private bytes"): 105M, peak: 107M

vm_info: OpenJDK 64-Bit Server VM (19.0.2+7) for windows-amd64 JRE (19.0.2+7) (Zulu19.32+15-CA), built on Dec 28 2022 19:25:40 by "zulu_re" with MS VC++ 16.10 / 16.11 (VS2019)

END.
