#
# There is insufficient memory for the Java Runtime Environment to continue.
# Native memory allocation (malloc) failed to allocate 83856 bytes for Chunk::new
# Possible reasons:
#   The system is out of physical RAM or swap space
#   The process is running with CompressedOops enabled, and the Java Heap may be blocking the growth of the native heap
# Possible solutions:
#   Reduce memory load on the system
#   Increase physical memory or swap space
#   Check if swap backing store is full
#   Decrease Java heap size (-Xmx/-Xms)
#   Decrease number of Java threads
#   Decrease Java thread stack sizes (-Xss)
#   Set larger code cache with -XX:ReservedCodeCacheSize=
#   JVM is running with Unscaled Compressed Oops mode in which the Java heap is
#     placed in the first 4GB address space. The Java Heap base address is the
#     maximum limit for the native heap growth. Please use -XX:HeapBaseMinAddress
#     to set the Java Heap base and to place the Java Heap above 4GB virtual address.
# This output file may be truncated or incomplete.
#
#  Out of Memory Error (arena.cpp:184), pid=23196, tid=9984
#
# JRE version: OpenJDK Runtime Environment Zulu19.32+15-CA (19.0.2+7) (build 19.0.2+7)
# Java VM: OpenJDK 64-Bit Server VM Zulu19.32+15-CA (19.0.2+7, mixed mode, sharing, tiered, compressed oops, compressed class ptrs, g1 gc, windows-amd64)
# No core dump will be written. Minidumps are not enabled by default on client versions of Windows
#

---------------  S U M M A R Y ------------

Command Line: -Dfile.encoding=UTF-8 GameMenuDemo

Host: Intel(R) Core(TM) i7-10750H CPU @ 2.60GHz, 12 cores, 7G,  Windows 11 , 64 bit Build 22621 (10.0.22621.1485)
Time: Mon Apr 10 15:27:36 2023 Hora estándar, América Central elapsed time: 35.206585 seconds (0d 0h 0m 35s)

---------------  T H R E A D  ---------------

Current thread (0x0000017472b87b50):  JavaThread "C2 CompilerThread0" daemon [_thread_in_native, id=9984, stack(0x0000006b56e00000,0x0000006b56f00000)]


Current CompileTask:
C2:  35206 3059   !   4       com.sun.scenario.effect.impl.prism.PrEffectHelper::render (625 bytes)

Stack: [0x0000006b56e00000,0x0000006b56f00000]
Native frames: (J=compiled Java code, j=interpreted, Vv=VM code, C=native code)
V  [jvm.dll+0x6eab2a]
V  [jvm.dll+0x8a4a20]
V  [jvm.dll+0x8a640e]
V  [jvm.dll+0x8a6ac3]
V  [jvm.dll+0x27c1ef]
V  [jvm.dll+0xc245f]
V  [jvm.dll+0xc27d5]
V  [jvm.dll+0x5cbda0]
V  [jvm.dll+0x381730]
V  [jvm.dll+0x380b8a]
V  [jvm.dll+0x2458db]
V  [jvm.dll+0x244c71]
V  [jvm.dll+0x1cf9a1]
V  [jvm.dll+0x254799]
V  [jvm.dll+0x2529a8]
V  [jvm.dll+0x854e98]
V  [jvm.dll+0x84ec7a]
V  [jvm.dll+0x6e981b]
C  [ucrtbase.dll+0x29363]
C  [KERNEL32.DLL+0x1269d]
C  [ntdll.dll+0x5a9f8]


---------------  P R O C E S S  ---------------

Threads class SMR info:
_java_thread_list=0x0000017477e89630, length=18, elements={
0x0000017450c49720, 0x0000017472b7c050, 0x0000017472b7cb80, 0x0000017472b82940,
0x0000017472b83270, 0x0000017472b83ba0, 0x0000017472b864e0, 0x0000017472b87b50,
0x0000017472b9c250, 0x0000017472b9ebd0, 0x0000017476e48f70, 0x0000017476e4e6f0,
0x00000174770bc640, 0x00000174777e68e0, 0x00000174777f2270, 0x00000174779e59d0,
0x00000174779e5f20, 0x00000174779e6470
}

Java Threads: ( => current thread )
  0x0000017450c49720 JavaThread "main" [_thread_blocked, id=20544, stack(0x0000006b56100000,0x0000006b56200000)]
  0x0000017472b7c050 JavaThread "Reference Handler" daemon [_thread_blocked, id=20500, stack(0x0000006b56800000,0x0000006b56900000)]
  0x0000017472b7cb80 JavaThread "Finalizer" daemon [_thread_blocked, id=14752, stack(0x0000006b56900000,0x0000006b56a00000)]
  0x0000017472b82940 JavaThread "Signal Dispatcher" daemon [_thread_blocked, id=17320, stack(0x0000006b56a00000,0x0000006b56b00000)]
  0x0000017472b83270 JavaThread "Attach Listener" daemon [_thread_blocked, id=8468, stack(0x0000006b56b00000,0x0000006b56c00000)]
  0x0000017472b83ba0 JavaThread "Service Thread" daemon [_thread_blocked, id=8308, stack(0x0000006b56c00000,0x0000006b56d00000)]
  0x0000017472b864e0 JavaThread "Monitor Deflation Thread" daemon [_thread_blocked, id=18096, stack(0x0000006b56d00000,0x0000006b56e00000)]
=>0x0000017472b87b50 JavaThread "C2 CompilerThread0" daemon [_thread_in_native, id=9984, stack(0x0000006b56e00000,0x0000006b56f00000)]
  0x0000017472b9c250 JavaThread "C1 CompilerThread0" daemon [_thread_blocked, id=23788, stack(0x0000006b56f00000,0x0000006b57000000)]
  0x0000017472b9ebd0 JavaThread "Sweeper thread" daemon [_thread_blocked, id=19944, stack(0x0000006b57000000,0x0000006b57100000)]
  0x0000017476e48f70 JavaThread "Notification Thread" daemon [_thread_blocked, id=12640, stack(0x0000006b57100000,0x0000006b57200000)]
  0x0000017476e4e6f0 JavaThread "Common-Cleaner" daemon [_thread_blocked, id=16264, stack(0x0000006b57300000,0x0000006b57400000)]
  0x00000174770bc640 JavaThread "QuantumRenderer-0" daemon [_thread_in_native, id=8060, stack(0x0000006b57400000,0x0000006b57500000)]
  0x00000174777e68e0 JavaThread "InvokeLaterDispatcher" daemon [_thread_blocked, id=7572, stack(0x0000006b57600000,0x0000006b57700000)]
  0x00000174777f2270 JavaThread "JavaFX Application Thread" [_thread_blocked, id=1204, stack(0x0000006b57700000,0x0000006b57800000)]
  0x00000174779e59d0 JavaThread "JavaFX-Launcher" [_thread_blocked, id=23948, stack(0x0000006b57a00000,0x0000006b57b00000)]
  0x00000174779e5f20 JavaThread "Thread-2" daemon [_thread_in_native, id=11196, stack(0x0000006b57900000,0x0000006b57a00000)]
  0x00000174779e6470 JavaThread "Prism Font Disposer" daemon [_thread_blocked, id=21200, stack(0x0000006b57b00000,0x0000006b57c00000)]

Other Threads:
  0x0000017472b60fc0 VMThread "VM Thread" [stack: 0x0000006b56700000,0x0000006b56800000] [id=9008]
  0x0000017476e498c0 WatcherThread "VM Periodic Task Thread" [stack: 0x0000006b57200000,0x0000006b57300000] [id=20148]
  0x0000017450ca9060 WorkerThread "GC Thread#0" [stack: 0x0000006b56200000,0x0000006b56300000] [id=9748]
  0x0000017402ca3d30 WorkerThread "GC Thread#1" [stack: 0x0000006b58320000,0x0000006b58420000] [id=20128]
  0x0000017402ca2c50 WorkerThread "GC Thread#2" [stack: 0x0000006b58430000,0x0000006b58530000] [id=10432]
  0x0000017402ca23e0 WorkerThread "GC Thread#3" [stack: 0x0000006b58530000,0x0000006b58630000] [id=4176]
  0x0000017402ca2980 WorkerThread "GC Thread#4" [stack: 0x0000006b58630000,0x0000006b58730000] [id=17088]
  0x0000017402ca50e0 WorkerThread "GC Thread#5" [stack: 0x0000006b58730000,0x0000006b58830000] [id=17604]
  0x0000017402ca1e40 WorkerThread "GC Thread#6" [stack: 0x0000006b58830000,0x0000006b58930000] [id=8936]
  0x0000017402ca31f0 WorkerThread "GC Thread#7" [stack: 0x0000006b58930000,0x0000006b58a30000] [id=14628]
  0x0000017450cb9f10 ConcurrentGCThread "G1 Main Marker" [stack: 0x0000006b56300000,0x0000006b56400000] [id=18660]
  0x0000017450cbb700 WorkerThread "G1 Conc#0" [stack: 0x0000006b56400000,0x0000006b56500000] [id=23328]
  0x0000017472a1c530 ConcurrentGCThread "G1 Refine#0" [stack: 0x0000006b56500000,0x0000006b56600000] [id=13156]
  0x0000017472a1ce20 ConcurrentGCThread "G1 Service" [stack: 0x0000006b56600000,0x0000006b56700000] [id=6944]

Threads with active compile tasks:
C2 CompilerThread0    35217 3059   !   4       com.sun.scenario.effect.impl.prism.PrEffectHelper::render (625 bytes)

VM state: not at safepoint (normal execution)

VM Mutex/Monitor currently owned by a thread: None

Heap address: 0x0000000081600000, size: 2026 MB, Compressed Oops mode: 32-bit

CDS archive(s) mapped at: [0x0000000800000000-0x0000000800c40000-0x0000000800c40000), size 12845056, SharedBaseAddress: 0x0000000800000000, ArchiveRelocationMode: 0.
Compressed class space mapped at: 0x0000000801000000-0x0000000841000000, reserved size: 1073741824
Narrow klass base: 0x0000000800000000, Narrow klass shift: 0, Narrow klass range: 0x100000000

GC Precious Log:
 CardTable entry size: 512
 Card Set container configuration: InlinePtr #cards 5 size 8 Array Of Cards #cards 12 size 40 Howl #buckets 4 coarsen threshold 1843 Howl Bitmap #cards 512 size 80 coarsen threshold 460 Card regions per heap region 1 cards per card region 2048
 CPUs: 12 total, 12 available
 Memory: 8099M
 Large Page Support: Disabled
 NUMA Support: Disabled
 Compressed Oops: Enabled (32-bit)
 Heap Region Size: 1M
 Heap Min Capacity: 8M
 Heap Initial Capacity: 128M
 Heap Max Capacity: 2026M
 Pre-touch: Disabled
 Parallel Workers: 10
 Concurrent Workers: 3
 Concurrent Refinement Workers: 10
 Periodic GC: Disabled

Heap:
 garbage-first heap   total 131072K, used 64867K [0x0000000081600000, 0x0000000100000000)
  region size 1024K, 9 young (9216K), 1 survivors (1024K)
 Metaspace       used 11208K, committed 11520K, reserved 1114112K
  class space    used 1426K, committed 1600K, reserved 1048576K

Heap Regions: E=young(eden), S=young(survivor), O=old, HS=humongous(starts), HC=humongous(continues), CS=collection set, F=free, OA=open archive, CA=closed archive, TAMS=top-at-mark-start (previous, next)
|   0|0x0000000081600000, 0x0000000081700000, 0x0000000081700000|100%|HS|  |TAMS 0x0000000081600000, 0x0000000081700000| Complete 
|   1|0x0000000081700000, 0x0000000081800000, 0x0000000081800000|100%|HC|  |TAMS 0x0000000081700000, 0x0000000081800000| Complete 
|   2|0x0000000081800000, 0x0000000081900000, 0x0000000081900000|100%|HC|  |TAMS 0x0000000081800000, 0x0000000081900000| Complete 
|   3|0x0000000081900000, 0x0000000081a00000, 0x0000000081a00000|100%|HC|  |TAMS 0x0000000081900000, 0x0000000081a00000| Complete 
|   4|0x0000000081a00000, 0x0000000081b00000, 0x0000000081b00000|100%|HC|  |TAMS 0x0000000081a00000, 0x0000000081b00000| Complete 
|   5|0x0000000081b00000, 0x0000000081c00000, 0x0000000081c00000|100%|HC|  |TAMS 0x0000000081b00000, 0x0000000081c00000| Complete 
|   6|0x0000000081c00000, 0x0000000081d00000, 0x0000000081d00000|100%|HC|  |TAMS 0x0000000081c00000, 0x0000000081d00000| Complete 
|   7|0x0000000081d00000, 0x0000000081e00000, 0x0000000081e00000|100%|HC|  |TAMS 0x0000000081d00000, 0x0000000081e00000| Complete 
|   8|0x0000000081e00000, 0x0000000081f00000, 0x0000000081f00000|100%|HS|  |TAMS 0x0000000081e00000, 0x0000000081f00000| Complete 
|   9|0x0000000081f00000, 0x0000000082000000, 0x0000000082000000|100%|HS|  |TAMS 0x0000000081f00000, 0x0000000082000000| Complete 
|  10|0x0000000082000000, 0x0000000082100000, 0x0000000082100000|100%|HS|  |TAMS 0x0000000082000000, 0x0000000082100000| Complete 
|  11|0x0000000082100000, 0x0000000082200000, 0x0000000082200000|100%|HS|  |TAMS 0x0000000082100000, 0x0000000082200000| Complete 
|  12|0x0000000082200000, 0x0000000082300000, 0x0000000082300000|100%|HS|  |TAMS 0x0000000082200000, 0x0000000082300000| Complete 
|  13|0x0000000082300000, 0x0000000082300000, 0x0000000082400000|  0%| F|  |TAMS 0x0000000082300000, 0x0000000082300000| Untracked 
|  14|0x0000000082400000, 0x0000000082400000, 0x0000000082500000|  0%| F|  |TAMS 0x0000000082400000, 0x0000000082400000| Untracked 
|  15|0x0000000082500000, 0x0000000082500000, 0x0000000082600000|  0%| F|  |TAMS 0x0000000082500000, 0x0000000082500000| Untracked 
|  16|0x0000000082600000, 0x0000000082600000, 0x0000000082700000|  0%| F|  |TAMS 0x0000000082600000, 0x0000000082600000| Untracked 
|  17|0x0000000082700000, 0x0000000082800000, 0x0000000082800000|100%|HS|  |TAMS 0x0000000082700000, 0x0000000082800000| Complete 
|  18|0x0000000082800000, 0x0000000082900000, 0x0000000082900000|100%|HS|  |TAMS 0x0000000082800000, 0x0000000082900000| Complete 
|  19|0x0000000082900000, 0x0000000082a00000, 0x0000000082a00000|100%|HS|  |TAMS 0x0000000082900000, 0x0000000082a00000| Complete 
|  20|0x0000000082a00000, 0x0000000082b00000, 0x0000000082b00000|100%|HS|  |TAMS 0x0000000082a00000, 0x0000000082b00000| Complete 
|  21|0x0000000082b00000, 0x0000000082c00000, 0x0000000082c00000|100%|HS|  |TAMS 0x0000000082b00000, 0x0000000082c00000| Complete 
|  22|0x0000000082c00000, 0x0000000082d00000, 0x0000000082d00000|100%|HS|  |TAMS 0x0000000082c00000, 0x0000000082d00000| Complete 
|  23|0x0000000082d00000, 0x0000000082e00000, 0x0000000082e00000|100%|HS|  |TAMS 0x0000000082d00000, 0x0000000082e00000| Complete 
|  24|0x0000000082e00000, 0x0000000082f00000, 0x0000000082f00000|100%|HS|  |TAMS 0x0000000082e00000, 0x0000000082f00000| Complete 
|  25|0x0000000082f00000, 0x0000000082f00000, 0x0000000083000000|  0%| F|  |TAMS 0x0000000082f00000, 0x0000000082f00000| Untracked 
|  26|0x0000000083000000, 0x0000000083100000, 0x0000000083100000|100%|HS|  |TAMS 0x0000000083000000, 0x0000000083100000| Complete 
|  27|0x0000000083100000, 0x0000000083200000, 0x0000000083200000|100%|HS|  |TAMS 0x0000000083100000, 0x0000000083200000| Complete 
|  28|0x0000000083200000, 0x0000000083300000, 0x0000000083300000|100%|HS|  |TAMS 0x0000000083200000, 0x0000000083300000| Complete 
|  29|0x0000000083300000, 0x0000000083400000, 0x0000000083400000|100%|HS|  |TAMS 0x0000000083300000, 0x0000000083400000| Complete 
|  30|0x0000000083400000, 0x0000000083500000, 0x0000000083500000|100%|HS|  |TAMS 0x0000000083400000, 0x0000000083500000| Complete 
|  31|0x0000000083500000, 0x0000000083600000, 0x0000000083600000|100%|HS|  |TAMS 0x0000000083500000, 0x0000000083600000| Complete 
|  32|0x0000000083600000, 0x0000000083700000, 0x0000000083700000|100%|HS|  |TAMS 0x0000000083600000, 0x0000000083700000| Complete 
|  33|0x0000000083700000, 0x0000000083800000, 0x0000000083800000|100%|HS|  |TAMS 0x0000000083700000, 0x0000000083800000| Complete 
|  34|0x0000000083800000, 0x0000000083900000, 0x0000000083900000|100%|HS|  |TAMS 0x0000000083800000, 0x0000000083900000| Complete 
|  35|0x0000000083900000, 0x0000000083a00000, 0x0000000083a00000|100%|HS|  |TAMS 0x0000000083900000, 0x0000000083a00000| Complete 
|  36|0x0000000083a00000, 0x0000000083b00000, 0x0000000083b00000|100%|HS|  |TAMS 0x0000000083a00000, 0x0000000083b00000| Complete 
|  37|0x0000000083b00000, 0x0000000083c00000, 0x0000000083c00000|100%|HS|  |TAMS 0x0000000083b00000, 0x0000000083c00000| Complete 
|  38|0x0000000083c00000, 0x0000000083d00000, 0x0000000083d00000|100%|HS|  |TAMS 0x0000000083c00000, 0x0000000083d00000| Complete 
|  39|0x0000000083d00000, 0x0000000083e00000, 0x0000000083e00000|100%|HS|  |TAMS 0x0000000083d00000, 0x0000000083e00000| Complete 
|  40|0x0000000083e00000, 0x0000000083f00000, 0x0000000083f00000|100%|HS|  |TAMS 0x0000000083e00000, 0x0000000083f00000| Complete 
|  41|0x0000000083f00000, 0x0000000084000000, 0x0000000084000000|100%|HS|  |TAMS 0x0000000083f00000, 0x0000000084000000| Complete 
|  42|0x0000000084000000, 0x0000000084100000, 0x0000000084100000|100%|HS|  |TAMS 0x0000000084000000, 0x0000000084100000| Complete 
|  43|0x0000000084100000, 0x0000000084200000, 0x0000000084200000|100%|HS|  |TAMS 0x0000000084100000, 0x0000000084200000| Complete 
|  44|0x0000000084200000, 0x0000000084300000, 0x0000000084300000|100%|HS|  |TAMS 0x0000000084200000, 0x0000000084300000| Complete 
|  45|0x0000000084300000, 0x0000000084400000, 0x0000000084400000|100%|HS|  |TAMS 0x0000000084300000, 0x0000000084400000| Complete 
|  46|0x0000000084400000, 0x0000000084500000, 0x0000000084500000|100%|HS|  |TAMS 0x0000000084400000, 0x0000000084500000| Complete 
|  47|0x0000000084500000, 0x0000000084600000, 0x0000000084600000|100%|HS|  |TAMS 0x0000000084500000, 0x0000000084600000| Complete 
|  48|0x0000000084600000, 0x0000000084700000, 0x0000000084700000|100%| O|  |TAMS 0x0000000084600000, 0x0000000084607c00| Untracked 
|  49|0x0000000084700000, 0x0000000084800000, 0x0000000084800000|100%|HS|  |TAMS 0x0000000084700000, 0x0000000084800000| Complete 
|  50|0x0000000084800000, 0x0000000084900000, 0x0000000084900000|100%|HS|  |TAMS 0x0000000084800000, 0x0000000084900000| Complete 
|  51|0x0000000084900000, 0x0000000084a00000, 0x0000000084a00000|100%| O|  |TAMS 0x0000000084900000, 0x0000000084900000| Untracked 
|  52|0x0000000084a00000, 0x0000000084acbe00, 0x0000000084b00000| 79%| O|  |TAMS 0x0000000084a00000, 0x0000000084a00000| Untracked 
|  53|0x0000000084b00000, 0x0000000084c00000, 0x0000000084c00000|100%|HS|  |TAMS 0x0000000084b00000, 0x0000000084b00000| Complete 
|  54|0x0000000084c00000, 0x0000000084d00000, 0x0000000084d00000|100%|HC|  |TAMS 0x0000000084c00000, 0x0000000084c00000| Complete 
|  55|0x0000000084d00000, 0x0000000084e00000, 0x0000000084e00000|100%|HC|  |TAMS 0x0000000084d00000, 0x0000000084d00000| Complete 
|  56|0x0000000084e00000, 0x0000000084f00000, 0x0000000084f00000|100%|HC|  |TAMS 0x0000000084e00000, 0x0000000084e00000| Complete 
|  57|0x0000000084f00000, 0x0000000085000000, 0x0000000085000000|100%|HC|  |TAMS 0x0000000084f00000, 0x0000000084f00000| Complete 
|  58|0x0000000085000000, 0x0000000085100000, 0x0000000085100000|100%|HC|  |TAMS 0x0000000085000000, 0x0000000085000000| Complete 
|  59|0x0000000085100000, 0x0000000085200000, 0x0000000085200000|100%|HC|  |TAMS 0x0000000085100000, 0x0000000085100000| Complete 
|  60|0x0000000085200000, 0x0000000085300000, 0x0000000085300000|100%|HC|  |TAMS 0x0000000085200000, 0x0000000085200000| Complete 
|  61|0x0000000085300000, 0x0000000085300000, 0x0000000085400000|  0%| F|  |TAMS 0x0000000085300000, 0x0000000085300000| Untracked 
|  62|0x0000000085400000, 0x0000000085400000, 0x0000000085500000|  0%| F|  |TAMS 0x0000000085400000, 0x0000000085400000| Untracked 
|  63|0x0000000085500000, 0x0000000085500000, 0x0000000085600000|  0%| F|  |TAMS 0x0000000085500000, 0x0000000085500000| Untracked 
|  64|0x0000000085600000, 0x0000000085600000, 0x0000000085700000|  0%| F|  |TAMS 0x0000000085600000, 0x0000000085600000| Untracked 
|  65|0x0000000085700000, 0x0000000085700000, 0x0000000085800000|  0%| F|  |TAMS 0x0000000085700000, 0x0000000085700000| Untracked 
|  66|0x0000000085800000, 0x0000000085800000, 0x0000000085900000|  0%| F|  |TAMS 0x0000000085800000, 0x0000000085800000| Untracked 
|  67|0x0000000085900000, 0x0000000085900000, 0x0000000085a00000|  0%| F|  |TAMS 0x0000000085900000, 0x0000000085900000| Untracked 
|  68|0x0000000085a00000, 0x0000000085a00000, 0x0000000085b00000|  0%| F|  |TAMS 0x0000000085a00000, 0x0000000085a00000| Untracked 
|  69|0x0000000085b00000, 0x0000000085b00000, 0x0000000085c00000|  0%| F|  |TAMS 0x0000000085b00000, 0x0000000085b00000| Untracked 
|  70|0x0000000085c00000, 0x0000000085c00000, 0x0000000085d00000|  0%| F|  |TAMS 0x0000000085c00000, 0x0000000085c00000| Untracked 
|  71|0x0000000085d00000, 0x0000000085d00000, 0x0000000085e00000|  0%| F|  |TAMS 0x0000000085d00000, 0x0000000085d00000| Untracked 
|  72|0x0000000085e00000, 0x0000000085e00000, 0x0000000085f00000|  0%| F|  |TAMS 0x0000000085e00000, 0x0000000085e00000| Untracked 
|  73|0x0000000085f00000, 0x0000000085f00000, 0x0000000086000000|  0%| F|  |TAMS 0x0000000085f00000, 0x0000000085f00000| Untracked 
|  74|0x0000000086000000, 0x0000000086000000, 0x0000000086100000|  0%| F|  |TAMS 0x0000000086000000, 0x0000000086000000| Untracked 
|  75|0x0000000086100000, 0x0000000086100000, 0x0000000086200000|  0%| F|  |TAMS 0x0000000086100000, 0x0000000086100000| Untracked 
|  76|0x0000000086200000, 0x0000000086200000, 0x0000000086300000|  0%| F|  |TAMS 0x0000000086200000, 0x0000000086200000| Untracked 
|  77|0x0000000086300000, 0x0000000086300000, 0x0000000086400000|  0%| F|  |TAMS 0x0000000086300000, 0x0000000086300000| Untracked 
|  78|0x0000000086400000, 0x0000000086400000, 0x0000000086500000|  0%| F|  |TAMS 0x0000000086400000, 0x0000000086400000| Untracked 
|  79|0x0000000086500000, 0x0000000086500000, 0x0000000086600000|  0%| F|  |TAMS 0x0000000086500000, 0x0000000086500000| Untracked 
|  80|0x0000000086600000, 0x0000000086600000, 0x0000000086700000|  0%| F|  |TAMS 0x0000000086600000, 0x0000000086600000| Untracked 
|  81|0x0000000086700000, 0x0000000086700000, 0x0000000086800000|  0%| F|  |TAMS 0x0000000086700000, 0x0000000086700000| Untracked 
|  82|0x0000000086800000, 0x0000000086800000, 0x0000000086900000|  0%| F|  |TAMS 0x0000000086800000, 0x0000000086800000| Untracked 
|  83|0x0000000086900000, 0x0000000086900000, 0x0000000086a00000|  0%| F|  |TAMS 0x0000000086900000, 0x0000000086900000| Untracked 
|  84|0x0000000086a00000, 0x0000000086a00000, 0x0000000086b00000|  0%| F|  |TAMS 0x0000000086a00000, 0x0000000086a00000| Untracked 
|  85|0x0000000086b00000, 0x0000000086b00000, 0x0000000086c00000|  0%| F|  |TAMS 0x0000000086b00000, 0x0000000086b00000| Untracked 
|  86|0x0000000086c00000, 0x0000000086c00000, 0x0000000086d00000|  0%| F|  |TAMS 0x0000000086c00000, 0x0000000086c00000| Untracked 
|  87|0x0000000086d00000, 0x0000000086d00000, 0x0000000086e00000|  0%| F|  |TAMS 0x0000000086d00000, 0x0000000086d00000| Untracked 
|  88|0x0000000086e00000, 0x0000000086e00000, 0x0000000086f00000|  0%| F|  |TAMS 0x0000000086e00000, 0x0000000086e00000| Untracked 
|  89|0x0000000086f00000, 0x0000000086f00000, 0x0000000087000000|  0%| F|  |TAMS 0x0000000086f00000, 0x0000000086f00000| Untracked 
|  90|0x0000000087000000, 0x0000000087000000, 0x0000000087100000|  0%| F|  |TAMS 0x0000000087000000, 0x0000000087000000| Untracked 
|  91|0x0000000087100000, 0x0000000087100000, 0x0000000087200000|  0%| F|  |TAMS 0x0000000087100000, 0x0000000087100000| Untracked 
|  92|0x0000000087200000, 0x0000000087200000, 0x0000000087300000|  0%| F|  |TAMS 0x0000000087200000, 0x0000000087200000| Untracked 
|  93|0x0000000087300000, 0x0000000087300000, 0x0000000087400000|  0%| F|  |TAMS 0x0000000087300000, 0x0000000087300000| Untracked 
|  94|0x0000000087400000, 0x0000000087400000, 0x0000000087500000|  0%| F|  |TAMS 0x0000000087400000, 0x0000000087400000| Untracked 
|  95|0x0000000087500000, 0x0000000087500000, 0x0000000087600000|  0%| F|  |TAMS 0x0000000087500000, 0x0000000087500000| Untracked 
|  96|0x0000000087600000, 0x0000000087600000, 0x0000000087700000|  0%| F|  |TAMS 0x0000000087600000, 0x0000000087600000| Untracked 
|  97|0x0000000087700000, 0x0000000087700000, 0x0000000087800000|  0%| F|  |TAMS 0x0000000087700000, 0x0000000087700000| Untracked 
|  98|0x0000000087800000, 0x0000000087800000, 0x0000000087900000|  0%| F|  |TAMS 0x0000000087800000, 0x0000000087800000| Untracked 
|  99|0x0000000087900000, 0x0000000087900000, 0x0000000087a00000|  0%| F|  |TAMS 0x0000000087900000, 0x0000000087900000| Untracked 
| 100|0x0000000087a00000, 0x0000000087a00000, 0x0000000087b00000|  0%| F|  |TAMS 0x0000000087a00000, 0x0000000087a00000| Untracked 
| 101|0x0000000087b00000, 0x0000000087b00000, 0x0000000087c00000|  0%| F|  |TAMS 0x0000000087b00000, 0x0000000087b00000| Untracked 
| 102|0x0000000087c00000, 0x0000000087c00000, 0x0000000087d00000|  0%| F|  |TAMS 0x0000000087c00000, 0x0000000087c00000| Untracked 
| 103|0x0000000087d00000, 0x0000000087d00000, 0x0000000087e00000|  0%| F|  |TAMS 0x0000000087d00000, 0x0000000087d00000| Untracked 
| 104|0x0000000087e00000, 0x0000000087e00000, 0x0000000087f00000|  0%| F|  |TAMS 0x0000000087e00000, 0x0000000087e00000| Untracked 
| 105|0x0000000087f00000, 0x0000000087f00000, 0x0000000088000000|  0%| F|  |TAMS 0x0000000087f00000, 0x0000000087f00000| Untracked 
| 106|0x0000000088000000, 0x0000000088000000, 0x0000000088100000|  0%| F|  |TAMS 0x0000000088000000, 0x0000000088000000| Untracked 
| 107|0x0000000088100000, 0x0000000088100000, 0x0000000088200000|  0%| F|  |TAMS 0x0000000088100000, 0x0000000088100000| Untracked 
| 108|0x0000000088200000, 0x0000000088200000, 0x0000000088300000|  0%| F|  |TAMS 0x0000000088200000, 0x0000000088200000| Untracked 
| 109|0x0000000088300000, 0x0000000088300000, 0x0000000088400000|  0%| F|  |TAMS 0x0000000088300000, 0x0000000088300000| Untracked 
| 110|0x0000000088400000, 0x0000000088400000, 0x0000000088500000|  0%| F|  |TAMS 0x0000000088400000, 0x0000000088400000| Untracked 
| 111|0x0000000088500000, 0x0000000088500000, 0x0000000088600000|  0%| F|  |TAMS 0x0000000088500000, 0x0000000088500000| Untracked 
| 112|0x0000000088600000, 0x0000000088600000, 0x0000000088700000|  0%| F|  |TAMS 0x0000000088600000, 0x0000000088600000| Untracked 
| 113|0x0000000088700000, 0x0000000088700000, 0x0000000088800000|  0%| F|  |TAMS 0x0000000088700000, 0x0000000088700000| Untracked 
| 114|0x0000000088800000, 0x0000000088800000, 0x0000000088900000|  0%| F|  |TAMS 0x0000000088800000, 0x0000000088800000| Untracked 
| 115|0x0000000088900000, 0x000000008898cf18, 0x0000000088a00000| 55%| S|CS|TAMS 0x0000000088900000, 0x0000000088900000| Complete 
| 116|0x0000000088a00000, 0x0000000088a00000, 0x0000000088b00000|  0%| F|  |TAMS 0x0000000088a00000, 0x0000000088a00000| Untracked 
| 117|0x0000000088b00000, 0x0000000088b00000, 0x0000000088c00000|  0%| F|  |TAMS 0x0000000088b00000, 0x0000000088b00000| Untracked 
| 118|0x0000000088c00000, 0x0000000088c00000, 0x0000000088d00000|  0%| F|  |TAMS 0x0000000088c00000, 0x0000000088c00000| Untracked 
| 119|0x0000000088d00000, 0x0000000088d00000, 0x0000000088e00000|  0%| F|  |TAMS 0x0000000088d00000, 0x0000000088d00000| Untracked 
| 120|0x0000000088e00000, 0x0000000088e80800, 0x0000000088f00000| 50%| E|  |TAMS 0x0000000088e00000, 0x0000000088e00000| Complete 
| 121|0x0000000088f00000, 0x0000000089000000, 0x0000000089000000|100%| E|CS|TAMS 0x0000000088f00000, 0x0000000088f00000| Complete 
| 122|0x0000000089000000, 0x0000000089100000, 0x0000000089100000|100%| E|CS|TAMS 0x0000000089000000, 0x0000000089000000| Complete 
| 123|0x0000000089100000, 0x0000000089200000, 0x0000000089200000|100%| E|CS|TAMS 0x0000000089100000, 0x0000000089100000| Complete 
| 124|0x0000000089200000, 0x0000000089300000, 0x0000000089300000|100%| E|CS|TAMS 0x0000000089200000, 0x0000000089200000| Complete 
| 125|0x0000000089300000, 0x0000000089400000, 0x0000000089400000|100%| E|CS|TAMS 0x0000000089300000, 0x0000000089300000| Complete 
| 126|0x0000000089400000, 0x0000000089500000, 0x0000000089500000|100%| E|CS|TAMS 0x0000000089400000, 0x0000000089400000| Complete 
| 127|0x0000000089500000, 0x0000000089600000, 0x0000000089600000|100%| E|CS|TAMS 0x0000000089500000, 0x0000000089500000| Complete 

Card table byte_map: [0x000001746b730000,0x000001746bb30000] _byte_map_base: 0x000001746b325000

Marking Bits (Prev, Next): (CMBitMap*) 0x0000017450ca95a0, (CMBitMap*) 0x0000017450ca95e0
 Prev Bits: [0x000001746bf30000, 0x000001746ded8000)
 Next Bits: [0x000001746dee0000, 0x000001746fe88000)

Polling page: 0x0000017450d10000

Metaspace:

Usage:
  Non-class:      9.55 MB used.
      Class:      1.39 MB used.
       Both:     10.95 MB used.

Virtual space:
  Non-class space:       64.00 MB reserved,       9.69 MB ( 15%) committed,  1 nodes.
      Class space:        1.00 GB reserved,       1.56 MB ( <1%) committed,  1 nodes.
             Both:        1.06 GB reserved,      11.25 MB (  1%) committed. 

Chunk freelists:
   Non-Class:  288.00 KB
       Class:  2.44 MB
        Both:  2.72 MB

MaxMetaspaceSize: unlimited
CompressedClassSpaceSize: 1.00 GB
Initial GC threshold: 21.00 MB
Current GC threshold: 21.00 MB
CDS: on
MetaspaceReclaimPolicy: balanced
 - commit_granule_bytes: 65536.
 - commit_granule_words: 8192.
 - virtual_space_node_default_size: 8388608.
 - enlarge_chunks_in_place: 1.
 - new_chunks_are_fully_committed: 0.
 - uncommit_free_chunks: 1.
 - use_allocation_guard: 0.


Internal statistics:

num_allocs_failed_limit: 0.
num_arena_births: 228.
num_arena_deaths: 0.
num_vsnodes_births: 2.
num_vsnodes_deaths: 0.
num_space_committed: 180.
num_space_uncommitted: 0.
num_chunks_returned_to_freelist: 0.
num_chunks_taken_from_freelist: 629.
num_chunk_merges: 0.
num_chunk_splits: 453.
num_chunks_enlarged: 348.
num_inconsistent_stats: 0.

CodeHeap 'non-profiled nmethods': size=120000Kb used=1525Kb max_used=1525Kb free=118474Kb
 bounds [0x0000017463170000, 0x00000174633e0000, 0x000001746a6a0000]
CodeHeap 'profiled nmethods': size=120000Kb used=5796Kb max_used=5796Kb free=114203Kb
 bounds [0x000001745b6a0000, 0x000001745bc50000, 0x0000017462bd0000]
CodeHeap 'non-nmethods': size=5760Kb used=1483Kb max_used=1559Kb free=4276Kb
 bounds [0x0000017462bd0000, 0x0000017462e40000, 0x0000017463170000]
 total_blobs=3807 nmethods=3058 adapters=659
 compilation: enabled
              stopped_count=0, restarted_count=0
 full_count=0

Compilation events (20 events):
Event: 34.621 Thread 0x0000017472b87b50 nmethod 3049 0x00000174632e6c90 code [0x00000174632e6e20, 0x00000174632e6f18]
Event: 34.679 Thread 0x0000017472b87b50 3050       4       com.sun.scenario.effect.impl.prism.PrEffectHelper::getGraphicsClipNoClone (40 bytes)
Event: 34.680 Thread 0x0000017472b87b50 nmethod 3050 0x00000174632e7090 code [0x00000174632e7220, 0x00000174632e7358]
Event: 34.687 Thread 0x0000017472b87b50 3051       4       com.sun.scenario.effect.impl.state.GaussianBlurState::getRenderState (29 bytes)
Event: 34.688 Thread 0x0000017472b87b50 nmethod 3051 0x00000174632e7510 code [0x00000174632e76a0, 0x00000174632e7808]
Event: 34.704 Thread 0x0000017472b87b50 3052       4       java.util.WeakHashMap::get (75 bytes)
Event: 34.711 Thread 0x0000017472b87b50 nmethod 3052 0x00000174632e7910 code [0x00000174632e7b20, 0x00000174632e8490]
Event: 34.779 Thread 0x0000017472b87b50 3053       4       com.sun.javafx.geom.RectBounds::setBoundsAndSort (14 bytes)
Event: 34.779 Thread 0x0000017472b87b50 nmethod 3053 0x00000174632e8c10 code [0x00000174632e8da0, 0x00000174632e8e98]
Event: 34.786 Thread 0x0000017472b9c250 3054       3       javafx.animation.FadeTransition::startable (32 bytes)
Event: 34.786 Thread 0x0000017472b9c250 nmethod 3054 0x000001745bc48310 code [0x000001745bc48540, 0x000001745bc48f98]
Event: 34.940 Thread 0x0000017472b87b50 3055       4       com.sun.javafx.event.EventDispatchChainImpl::prepend (77 bytes)
Event: 34.945 Thread 0x0000017472b87b50 nmethod 3055 0x00000174632e8f90 code [0x00000174632e9140, 0x00000174632e9b18]
Event: 34.946 Thread 0x0000017472b87b50 3056 %     4       com.sun.prism.impl.BaseResourcePool::freeDisposalRequestedAndCheckResources @ 13 (156 bytes)
Event: 34.949 Thread 0x0000017472b87b50 nmethod 3056% 0x00000174632e9e90 code [0x00000174632ea040, 0x00000174632ea3b8]
Event: 34.955 Thread 0x0000017472b87b50 3057       4       com.sun.scenario.effect.impl.state.GaussianRenderState::getInputClip (107 bytes)
Event: 34.956 Thread 0x0000017472b87b50 nmethod 3057 0x00000174632ea690 code [0x00000174632ea840, 0x00000174632eaa68]
Event: 35.054 Thread 0x0000017472b87b50 3058       4       com.sun.prism.d3d.D3DContext::updateRenderTarget (362 bytes)
Event: 35.069 Thread 0x0000017472b87b50 nmethod 3058 0x00000174632eac90 code [0x00000174632eafc0, 0x00000174632ec4f0]
Event: 35.154 Thread 0x0000017472b87b50 3059   !   4       com.sun.scenario.effect.impl.prism.PrEffectHelper::render (625 bytes)

GC Heap History (4 events):
Event: 20.204 GC heap before
{Heap before GC invocations=0 (full 0):
 garbage-first heap   total 131072K, used 72704K [0x0000000081600000, 0x0000000100000000)
  region size 1024K, 23 young (23552K), 0 survivors (0K)
 Metaspace       used 11051K, committed 11392K, reserved 1114112K
  class space    used 1424K, committed 1600K, reserved 1048576K
}
Event: 20.208 GC heap after
{Heap after GC invocations=1 (full 0):
 garbage-first heap   total 131072K, used 35871K [0x0000000081600000, 0x0000000100000000)
  region size 1024K, 3 young (3072K), 3 survivors (3072K)
 Metaspace       used 11051K, committed 11392K, reserved 1114112K
  class space    used 1424K, committed 1600K, reserved 1048576K
}
Event: 31.258 GC heap before
{Heap before GC invocations=1 (full 0):
 garbage-first heap   total 131072K, used 65567K [0x0000000081600000, 0x0000000100000000)
  region size 1024K, 15 young (15360K), 3 survivors (3072K)
 Metaspace       used 11156K, committed 11456K, reserved 1114112K
  class space    used 1425K, committed 1600K, reserved 1048576K
}
Event: 31.262 GC heap after
{Heap after GC invocations=2 (full 0):
 garbage-first heap   total 131072K, used 49507K [0x0000000081600000, 0x0000000100000000)
  region size 1024K, 1 young (1024K), 1 survivors (1024K)
 Metaspace       used 11156K, committed 11456K, reserved 1114112K
  class space    used 1425K, committed 1600K, reserved 1048576K
}

Dll operation events (20 events):
Event: 0.110 Loaded shared library C:\Program Files\Zulu\zulu-19\bin\api-ms-win-crt-locale-l1-1-0.dll
Event: 0.111 Loaded shared library C:\Program Files\Zulu\zulu-19\bin\api-ms-win-crt-math-l1-1-0.dll
Event: 0.112 Loaded shared library C:\Program Files\Zulu\zulu-19\bin\api-ms-win-crt-multibyte-l1-1-0.dll
Event: 0.113 Loaded shared library C:\Program Files\Zulu\zulu-19\bin\api-ms-win-crt-private-l1-1-0.dll
Event: 0.114 Loaded shared library C:\Program Files\Zulu\zulu-19\bin\api-ms-win-crt-process-l1-1-0.dll
Event: 0.115 Loaded shared library C:\Program Files\Zulu\zulu-19\bin\api-ms-win-crt-runtime-l1-1-0.dll
Event: 0.116 Loaded shared library C:\Program Files\Zulu\zulu-19\bin\api-ms-win-crt-stdio-l1-1-0.dll
Event: 0.117 Loaded shared library C:\Program Files\Zulu\zulu-19\bin\api-ms-win-crt-string-l1-1-0.dll
Event: 0.118 Loaded shared library C:\Program Files\Zulu\zulu-19\bin\api-ms-win-crt-time-l1-1-0.dll
Event: 0.119 Loaded shared library C:\Program Files\Zulu\zulu-19\bin\api-ms-win-crt-utility-l1-1-0.dll
Event: 0.120 Loaded shared library C:\Program Files\Zulu\zulu-19\bin\ucrtbase.dll
Event: 0.120 Loaded shared library C:\Program Files\Zulu\zulu-19\bin\vcruntime140.dll
Event: 0.121 Loaded shared library C:\Program Files\Zulu\zulu-19\bin\vcruntime140_1.dll
Event: 0.121 Loaded shared library C:\Program Files\Zulu\zulu-19\bin\msvcp140.dll
Event: 0.122 Loaded shared library C:\Program Files\Zulu\zulu-19\bin\msvcp140_1.dll
Event: 0.123 Loaded shared library C:\Program Files\Zulu\zulu-19\bin\msvcp140_2.dll
Event: 0.142 Loaded shared library C:\Program Files\Zulu\zulu-19\bin\prism_d3d.dll
Event: 0.179 Loaded shared library C:\Program Files\Zulu\zulu-19\bin\glass.dll
Event: 0.286 Loaded shared library C:\Program Files\Zulu\zulu-19\bin\javafx_iio.dll
Event: 0.345 Loaded shared library C:\Program Files\Zulu\zulu-19\bin\javafx_font.dll

Deoptimization events (20 events):
Event: 32.155 Thread 0x00000174777f2270 Uncommon trap: trap_request=0xffffffde fr.pc=0x000001746327b06c relative=0x00000000000000ac
Event: 32.155 Thread 0x00000174777f2270 Uncommon trap: reason=class_check action=maybe_recompile pc=0x000001746327b06c method=com.sun.javafx.geom.transform.AffineBase.setToIdentity()V @ 31 c2
Event: 32.155 Thread 0x00000174777f2270 DEOPT PACKING pc=0x000001746327b06c sp=0x0000006b577fdf10
Event: 32.155 Thread 0x00000174777f2270 DEOPT UNPACKING pc=0x0000017462c36da3 sp=0x0000006b577fdeb0 mode 2
Event: 32.155 Thread 0x00000174777f2270 Uncommon trap: trap_request=0xffffffde fr.pc=0x000001746327b06c relative=0x00000000000000ac
Event: 32.155 Thread 0x00000174777f2270 Uncommon trap: reason=class_check action=maybe_recompile pc=0x000001746327b06c method=com.sun.javafx.geom.transform.AffineBase.setToIdentity()V @ 31 c2
Event: 32.155 Thread 0x00000174777f2270 DEOPT PACKING pc=0x000001746327b06c sp=0x0000006b577fdf10
Event: 32.155 Thread 0x00000174777f2270 DEOPT UNPACKING pc=0x0000017462c36da3 sp=0x0000006b577fdeb0 mode 2
Event: 32.156 Thread 0x00000174770bc640 Uncommon trap: trap_request=0xffffff45 fr.pc=0x000001746329a424 relative=0x0000000000000ce4
Event: 32.156 Thread 0x00000174770bc640 Uncommon trap: reason=unstable_if action=reinterpret pc=0x000001746329a424 method=com.sun.javafx.sg.prism.NGShape.renderContent2D(Lcom/sun/prism/Graphics;Z)V @ 43 c2
Event: 32.156 Thread 0x00000174770bc640 DEOPT PACKING pc=0x000001746329a424 sp=0x0000006b574fdb40
Event: 32.156 Thread 0x00000174770bc640 DEOPT UNPACKING pc=0x0000017462c36da3 sp=0x0000006b574fda28 mode 2
Event: 32.156 Thread 0x00000174770bc640 Uncommon trap: trap_request=0xffffff45 fr.pc=0x00000174632747cc relative=0x000000000000012c
Event: 32.156 Thread 0x00000174770bc640 Uncommon trap: reason=unstable_if action=reinterpret pc=0x00000174632747cc method=com.sun.javafx.text.TextRun.getPosX(I)F @ 29 c2
Event: 32.156 Thread 0x00000174770bc640 DEOPT PACKING pc=0x00000174632747cc sp=0x0000006b574fdb30
Event: 32.156 Thread 0x00000174770bc640 DEOPT UNPACKING pc=0x0000017462c36da3 sp=0x0000006b574fdab8 mode 2
Event: 32.156 Thread 0x00000174770bc640 Uncommon trap: trap_request=0xffffff45 fr.pc=0x0000017463273f50 relative=0x0000000000000130
Event: 32.156 Thread 0x00000174770bc640 Uncommon trap: reason=unstable_if action=reinterpret pc=0x0000017463273f50 method=com.sun.javafx.geom.transform.AffineBase.transform(Lcom/sun/javafx/geom/Point2D;Lcom/sun/javafx/geom/Point2D;)Lcom/sun/javafx/geom/Point2D; @ 32 c2
Event: 32.156 Thread 0x00000174770bc640 DEOPT PACKING pc=0x0000017463273f50 sp=0x0000006b574fd9a0
Event: 32.156 Thread 0x00000174770bc640 DEOPT UNPACKING pc=0x0000017462c36da3 sp=0x0000006b574fd930 mode 2

Classes loaded (20 events):
Event: 2.685 Loading class java/io/UnsupportedEncodingException
Event: 2.685 Loading class java/io/UnsupportedEncodingException done
Event: 2.689 Loading class java/util/AbstractList$RandomAccessSubList
Event: 2.689 Loading class java/util/AbstractList$SubList
Event: 2.689 Loading class java/util/AbstractList$SubList done
Event: 2.689 Loading class java/util/AbstractList$RandomAccessSubList done
Event: 2.689 Loading class java/util/AbstractList$SubList$1
Event: 2.689 Loading class java/util/AbstractList$SubList$1 done
Event: 2.689 Loading class java/util/AbstractList$ListItr
Event: 2.689 Loading class java/util/AbstractList$ListItr done
Event: 2.706 Loading class java/util/concurrent/ConcurrentLinkedQueue
Event: 2.706 Loading class java/util/concurrent/ConcurrentLinkedQueue done
Event: 2.706 Loading class java/util/concurrent/ConcurrentLinkedQueue$Node
Event: 2.706 Loading class java/util/concurrent/ConcurrentLinkedQueue$Node done
Event: 2.785 Loading class java/util/Collections$SingletonList
Event: 2.785 Loading class java/util/Collections$SingletonList done
Event: 18.487 Loading class java/lang/foreign/MemorySegment
Event: 18.488 Loading class java/lang/foreign/Addressable
Event: 18.488 Loading class java/lang/foreign/Addressable done
Event: 18.488 Loading class java/lang/foreign/MemorySegment done

Classes unloaded (0 events):
No events

Classes redefined (0 events):
No events

Internal exceptions (20 events):
Event: 0.279 Thread 0x0000017450c49720 Exception <a 'java/lang/NoSuchMethodError'{0x0000000089144078}: 'java.lang.Object java.lang.invoke.DirectMethodHandle$Holder.newInvokeSpecial(java.lang.Object, java.lang.Object, java.lang.Object, java.lang.Object, java.lang.Object)'> (0x0000000089144078) 
thrown [s\src\hotspot\share\interpreter\linkResolver.cpp, line 774]
Event: 0.323 Thread 0x00000174777f2270 Exception <a 'java/lang/NoSuchMethodError'{0x00000000890d0ea8}: 'java.lang.Object java.lang.invoke.DirectMethodHandle$Holder.invokeStaticInit(java.lang.Object, java.lang.Object, java.lang.Object, java.lang.Object)'> (0x00000000890d0ea8) 
thrown [s\src\hotspot\share\interpreter\linkResolver.cpp, line 774]
Event: 0.334 Thread 0x00000174777f2270 Exception <a 'java/lang/NullPointerException'{0x0000000088f1f1b8}> (0x0000000088f1f1b8) 
thrown [s\src\hotspot\share\interpreter\linkResolver.cpp, line 1374]
Event: 0.371 Thread 0x00000174777f2270 Exception <a 'java/lang/NoSuchMethodError'{0x0000000088fc5528}: 'java.lang.Object java.lang.invoke.DirectMethodHandle$Holder.newInvokeSpecial(java.lang.Object, java.lang.Object, java.lang.Object, int)'> (0x0000000088fc5528) 
thrown [s\src\hotspot\share\interpreter\linkResolver.cpp, line 774]
Event: 0.372 Thread 0x00000174777f2270 Exception <a 'java/lang/NoSuchMethodError'{0x0000000088fc9920}: 'java.lang.Object java.lang.invoke.DirectMethodHandle$Holder.invokeSpecial(java.lang.Object, java.lang.Object, java.lang.Object, java.lang.Object, int)'> (0x0000000088fc9920) 
thrown [s\src\hotspot\share\interpreter\linkResolver.cpp, line 774]
Event: 0.372 Thread 0x00000174777f2270 Exception <a 'java/lang/NoSuchMethodError'{0x0000000088fcd4f8}: 'java.lang.Object java.lang.invoke.Invokers$Holder.linkToTargetMethod(java.lang.Object, java.lang.Object, int, java.lang.Object)'> (0x0000000088fcd4f8) 
thrown [s\src\hotspot\share\interpreter\linkResolver.cpp, line 774]
Event: 0.379 Thread 0x00000174777f2270 Exception <a 'java/lang/NoSuchMethodError'{0x0000000088e1f738}: 'void java.lang.invoke.DirectMethodHandle$Holder.invokeSpecial(java.lang.Object, java.lang.Object, java.lang.Object, java.lang.Object, java.lang.Object, java.lang.Object)'> (0x0000000088e1f738) 
thrown [s\src\hotspot\share\interpreter\linkResolver.cpp, line 774]
Event: 0.456 Thread 0x00000174777f2270 Exception <a 'java/lang/NoSuchMethodError'{0x0000000088d5f9d0}: 'int java.lang.invoke.DirectMethodHandle$Holder.invokeSpecial(java.lang.Object, java.lang.Object, int)'> (0x0000000088d5f9d0) 
thrown [s\src\hotspot\share\interpreter\linkResolver.cpp, line 774]
Event: 0.456 Thread 0x00000174777f2270 Exception <a 'java/lang/NoSuchMethodError'{0x0000000088d67900}: 'int java.lang.invoke.DirectMethodHandle$Holder.invokeSpecial(java.lang.Object, java.lang.Object, java.lang.Object, int)'> (0x0000000088d67900) 
thrown [s\src\hotspot\share\interpreter\linkResolver.cpp, line 774]
Event: 0.457 Thread 0x00000174777f2270 Exception <a 'java/lang/NoSuchMethodError'{0x0000000088d79d40}: 'java.lang.Object java.lang.invoke.DirectMethodHandle$Holder.invokeStatic(java.lang.Object, java.lang.Object, java.lang.Object, java.lang.Object, int)'> (0x0000000088d79d40) 
thrown [s\src\hotspot\share\interpreter\linkResolver.cpp, line 774]
Event: 0.458 Thread 0x00000174777f2270 Exception <a 'java/lang/NoSuchMethodError'{0x0000000088d820e8}: 'int java.lang.invoke.DirectMethodHandle$Holder.invokeSpecial(java.lang.Object, java.lang.Object, java.lang.Object)'> (0x0000000088d820e8) 
thrown [s\src\hotspot\share\interpreter\linkResolver.cpp, line 774]
Event: 0.462 Thread 0x00000174777f2270 Exception <a 'java/lang/NoSuchMethodError'{0x0000000088d9ad68}: 'java.lang.Object java.lang.invoke.DirectMethodHandle$Holder.newInvokeSpecial(java.lang.Object, java.lang.Object, int)'> (0x0000000088d9ad68) 
thrown [s\src\hotspot\share\interpreter\linkResolver.cpp, line 774]
Event: 0.476 Thread 0x00000174770bc640 Exception <a 'java/lang/NoSuchMethodError'{0x00000000892aa8e0}: 'int java.lang.invoke.DirectMethodHandle$Holder.invokeStaticInit(java.lang.Object, java.lang.Object)'> (0x00000000892aa8e0) 
thrown [s\src\hotspot\share\interpreter\linkResolver.cpp, line 774]
Event: 0.492 Thread 0x00000174770bc640 Exception <a 'java/lang/NoSuchMethodError'{0x0000000088deeb10}: 'java.lang.Object java.lang.invoke.Invokers$Holder.invokeExact_MT(java.lang.Object, java.lang.Object, java.lang.Object, java.lang.Object, java.lang.Object)'> (0x0000000088deeb10) 
thrown [s\src\hotspot\share\interpreter\linkResolver.cpp, line 774]
Event: 0.501 Thread 0x00000174770bc640 Exception <a 'java/lang/NoSuchMethodError'{0x0000000088dff840}: 'java.lang.Object java.lang.invoke.DirectMethodHandle$Holder.invokeStaticInit(java.lang.Object, int)'> (0x0000000088dff840) 
thrown [s\src\hotspot\share\interpreter\linkResolver.cpp, line 774]
Event: 2.707 Thread 0x00000174777f2270 Exception <a 'java/lang/NoSuchMethodError'{0x0000000088b1e0e8}: 'long java.lang.invoke.DirectMethodHandle$Holder.invokeStatic(java.lang.Object, java.lang.Object, java.lang.Object)'> (0x0000000088b1e0e8) 
thrown [s\src\hotspot\share\interpreter\linkResolver.cpp, line 774]
Event: 2.707 Thread 0x00000174777f2270 Exception <a 'java/lang/NoSuchMethodError'{0x0000000088b21760}: 'long java.lang.invoke.DirectMethodHandle$Holder.invokeStaticInit(java.lang.Object, java.lang.Object, java.lang.Object)'> (0x0000000088b21760) 
thrown [s\src\hotspot\share\interpreter\linkResolver.cpp, line 774]
Event: 2.709 Thread 0x00000174777f2270 Exception <a 'java/lang/NoSuchMethodError'{0x0000000088b39c00}: 'java.lang.Object java.lang.invoke.DirectMethodHandle$Holder.newInvokeSpecial(java.lang.Object, java.lang.Object, long)'> (0x0000000088b39c00) 
thrown [s\src\hotspot\share\interpreter\linkResolver.cpp, line 774]
Event: 2.709 Thread 0x00000174777f2270 Exception <a 'java/lang/NoSuchMethodError'{0x0000000088b3d788}: 'java.lang.Object java.lang.invoke.Invokers$Holder.linkToTargetMethod(java.lang.Object, long, java.lang.Object)'> (0x0000000088b3d788) 
thrown [s\src\hotspot\share\interpreter\linkResolver.cpp, line 774]
Event: 32.156 Thread 0x00000174770bc640 Implicit null exception at 0x0000017463299879 to 0x000001746329a408

VM Operations (20 events):
Event: 24.208 Executing VM operation: Cleanup
Event: 24.208 Executing VM operation: Cleanup done
Event: 26.208 Executing VM operation: Cleanup
Event: 26.208 Executing VM operation: Cleanup done
Event: 27.209 Executing VM operation: Cleanup
Event: 27.209 Executing VM operation: Cleanup done
Event: 28.210 Executing VM operation: Cleanup
Event: 28.210 Executing VM operation: Cleanup done
Event: 29.210 Executing VM operation: Cleanup
Event: 29.210 Executing VM operation: Cleanup done
Event: 30.211 Executing VM operation: Cleanup
Event: 30.211 Executing VM operation: Cleanup done
Event: 31.212 Executing VM operation: Cleanup
Event: 31.212 Executing VM operation: Cleanup done
Event: 31.258 Executing VM operation: G1TryInitiateConcMark
Event: 31.262 Executing VM operation: G1TryInitiateConcMark done
Event: 33.262 Executing VM operation: Cleanup
Event: 33.262 Executing VM operation: Cleanup done
Event: 34.263 Executing VM operation: Cleanup
Event: 34.263 Executing VM operation: Cleanup done

Events (20 events):
Event: 0.018 Thread 0x0000017472b7cb80 Thread added: 0x0000017472b7cb80
Event: 0.018 Thread 0x0000017472b82940 Thread added: 0x0000017472b82940
Event: 0.019 Thread 0x0000017472b83270 Thread added: 0x0000017472b83270
Event: 0.019 Thread 0x0000017472b83ba0 Thread added: 0x0000017472b83ba0
Event: 0.019 Thread 0x0000017472b864e0 Thread added: 0x0000017472b864e0
Event: 0.019 Thread 0x0000017472b87b50 Thread added: 0x0000017472b87b50
Event: 0.019 Thread 0x0000017472b9c250 Thread added: 0x0000017472b9c250
Event: 0.019 Thread 0x0000017472b9ebd0 Thread added: 0x0000017472b9ebd0
Event: 0.030 Thread 0x0000017476e48f70 Thread added: 0x0000017476e48f70
Event: 0.033 Thread 0x0000017476e4e6f0 Thread added: 0x0000017476e4e6f0
Event: 0.139 Thread 0x00000174770bc640 Thread added: 0x00000174770bc640
Event: 0.180 Thread 0x00000174777e68e0 Thread added: 0x00000174777e68e0
Event: 0.183 Thread 0x00000174777f2270 Thread added: 0x00000174777f2270
Event: 0.280 Thread 0x00000174779e59d0 Thread added: 0x00000174779e59d0
Event: 0.290 Thread 0x00000174779e5f20 Thread added: 0x00000174779e5f20
Event: 0.364 Thread 0x00000174779e6470 Thread added: 0x00000174779e6470
Event: 2.786 Thread 0x0000017477eec1a0 Thread added: 0x0000017477eec1a0
Event: 3.122 Thread 0x0000017477eec1a0 Thread exited: 0x0000017477eec1a0
Event: 3.883 Thread 0x0000017477eea040 Thread added: 0x0000017477eea040
Event: 4.050 Thread 0x0000017477eea040 Thread exited: 0x0000017477eea040


Dynamic libraries:
0x00007ff64a580000 - 0x00007ff64a58e000 	C:\Program Files\Zulu\zulu-19\bin\java.exe
0x00007ffa972f0000 - 0x00007ffa97504000 	C:\WINDOWS\SYSTEM32\ntdll.dll
0x00007ffa96a30000 - 0x00007ffa96af2000 	C:\WINDOWS\System32\KERNEL32.DLL
0x00007ffa94a90000 - 0x00007ffa94e2c000 	C:\WINDOWS\System32\KERNELBASE.dll
0x00007ffa94730000 - 0x00007ffa94841000 	C:\WINDOWS\System32\ucrtbase.dll
0x00007ffa82f00000 - 0x00007ffa82f17000 	C:\Program Files\Zulu\zulu-19\bin\jli.dll
0x00007ffa8e1a0000 - 0x00007ffa8e1bb000 	C:\Program Files\Zulu\zulu-19\bin\VCRUNTIME140.dll
0x00007ffa95ee0000 - 0x00007ffa9608b000 	C:\WINDOWS\System32\USER32.dll
0x00007ffa94a60000 - 0x00007ffa94a86000 	C:\WINDOWS\System32\win32u.dll
0x00007ffa7c330000 - 0x00007ffa7c5be000 	C:\WINDOWS\WinSxS\amd64_microsoft.windows.common-controls_6595b64144ccf1df_6.0.22621.608_none_a9444ca7c10bb01d\COMCTL32.dll
0x00007ffa97050000 - 0x00007ffa97079000 	C:\WINDOWS\System32\GDI32.dll
0x00007ffa97200000 - 0x00007ffa972a7000 	C:\WINDOWS\System32\msvcrt.dll
0x00007ffa94f70000 - 0x00007ffa95083000 	C:\WINDOWS\System32\gdi32full.dll
0x00007ffa949c0000 - 0x00007ffa94a5a000 	C:\WINDOWS\System32\msvcp_win.dll
0x00007ffa95ea0000 - 0x00007ffa95ed1000 	C:\WINDOWS\System32\IMM32.DLL
0x00007ffa8dc90000 - 0x00007ffa8dc9c000 	C:\Program Files\Zulu\zulu-19\bin\vcruntime140_1.dll
0x00007ffa76a60000 - 0x00007ffa76aed000 	C:\Program Files\Zulu\zulu-19\bin\msvcp140.dll
0x00007ffa35440000 - 0x00007ffa36147000 	C:\Program Files\Zulu\zulu-19\bin\server\jvm.dll
0x00007ffa970d0000 - 0x00007ffa9717e000 	C:\WINDOWS\System32\ADVAPI32.dll
0x00007ffa95d60000 - 0x00007ffa95e04000 	C:\WINDOWS\System32\sechost.dll
0x00007ffa95c20000 - 0x00007ffa95d35000 	C:\WINDOWS\System32\RPCRT4.dll
0x00007ffa8ce90000 - 0x00007ffa8cec4000 	C:\WINDOWS\SYSTEM32\WINMM.dll
0x00007ffa8ce00000 - 0x00007ffa8ce0a000 	C:\WINDOWS\SYSTEM32\VERSION.dll
0x00007ffa8df80000 - 0x00007ffa8df89000 	C:\WINDOWS\SYSTEM32\WSOCK32.dll
0x00007ffa95620000 - 0x00007ffa95691000 	C:\WINDOWS\System32\WS2_32.dll
0x00007ffa93790000 - 0x00007ffa937a8000 	C:\WINDOWS\SYSTEM32\kernel.appcore.dll
0x00007ffa82eb0000 - 0x00007ffa82eba000 	C:\Program Files\Zulu\zulu-19\bin\jimage.dll
0x00007ffa920e0000 - 0x00007ffa9230e000 	C:\WINDOWS\SYSTEM32\DBGHELP.DLL
0x00007ffa95790000 - 0x00007ffa95b19000 	C:\WINDOWS\System32\combase.dll
0x00007ffa95160000 - 0x00007ffa95237000 	C:\WINDOWS\System32\OLEAUT32.dll
0x00007ffa764d0000 - 0x00007ffa76502000 	C:\WINDOWS\SYSTEM32\dbgcore.DLL
0x00007ffa94e30000 - 0x00007ffa94eab000 	C:\WINDOWS\System32\bcryptPrimitives.dll
0x00007ffa828a0000 - 0x00007ffa828c6000 	C:\Program Files\Zulu\zulu-19\bin\java.dll
0x00007ffa6a9f0000 - 0x00007ffa6aac7000 	C:\Program Files\Zulu\zulu-19\bin\jsvml.dll
0x00007ffa960a0000 - 0x00007ffa96890000 	C:\WINDOWS\System32\SHELL32.dll
0x00007ffa92750000 - 0x00007ffa9301d000 	C:\WINDOWS\SYSTEM32\windows.storage.dll
0x00007ffa92610000 - 0x00007ffa9274e000 	C:\WINDOWS\SYSTEM32\wintypes.dll
0x00007ffa95360000 - 0x00007ffa95451000 	C:\WINDOWS\System32\SHCORE.dll
0x00007ffa956b0000 - 0x00007ffa9570e000 	C:\WINDOWS\System32\shlwapi.dll
0x00007ffa94660000 - 0x00007ffa94681000 	C:\WINDOWS\SYSTEM32\profapi.dll
0x00007ffa82c40000 - 0x00007ffa82c53000 	C:\Program Files\Zulu\zulu-19\bin\net.dll
0x00007ffa8d990000 - 0x00007ffa8dac7000 	C:\WINDOWS\SYSTEM32\WINHTTP.dll
0x00007ffa93c00000 - 0x00007ffa93c69000 	C:\WINDOWS\system32\mswsock.dll
0x00007ffa82a60000 - 0x00007ffa82a76000 	C:\Program Files\Zulu\zulu-19\bin\nio.dll
0x00007ffa82880000 - 0x00007ffa82898000 	C:\Program Files\Zulu\zulu-19\bin\zip.dll
0x0000017472bd0000 - 0x0000017472bd4000 	C:\Program Files\Zulu\zulu-19\bin\api-ms-win-core-console-l1-1-0.dll
0x0000017472be0000 - 0x0000017472be4000 	C:\Program Files\Zulu\zulu-19\bin\api-ms-win-core-console-l1-2-0.dll
0x0000017472bf0000 - 0x0000017472bf4000 	C:\Program Files\Zulu\zulu-19\bin\api-ms-win-core-datetime-l1-1-0.dll
0x0000017477130000 - 0x0000017477134000 	C:\Program Files\Zulu\zulu-19\bin\api-ms-win-core-debug-l1-1-0.dll
0x0000017477140000 - 0x0000017477144000 	C:\Program Files\Zulu\zulu-19\bin\api-ms-win-core-errorhandling-l1-1-0.dll
0x0000017477150000 - 0x0000017477155000 	C:\Program Files\Zulu\zulu-19\bin\api-ms-win-core-file-l1-1-0.dll
0x0000017477160000 - 0x0000017477164000 	C:\Program Files\Zulu\zulu-19\bin\api-ms-win-core-file-l1-2-0.dll
0x0000017477170000 - 0x0000017477174000 	C:\Program Files\Zulu\zulu-19\bin\api-ms-win-core-file-l2-1-0.dll
0x0000017477180000 - 0x0000017477184000 	C:\Program Files\Zulu\zulu-19\bin\api-ms-win-core-handle-l1-1-0.dll
0x0000017477190000 - 0x0000017477194000 	C:\Program Files\Zulu\zulu-19\bin\api-ms-win-core-heap-l1-1-0.dll
0x00000174771a0000 - 0x00000174771a4000 	C:\Program Files\Zulu\zulu-19\bin\api-ms-win-core-interlocked-l1-1-0.dll
0x00000174771b0000 - 0x00000174771b4000 	C:\Program Files\Zulu\zulu-19\bin\api-ms-win-core-libraryloader-l1-1-0.dll
0x00000174771c0000 - 0x00000174771c4000 	C:\Program Files\Zulu\zulu-19\bin\api-ms-win-core-localization-l1-2-0.dll
0x00000174771d0000 - 0x00000174771d4000 	C:\Program Files\Zulu\zulu-19\bin\api-ms-win-core-memory-l1-1-0.dll
0x00000174771e0000 - 0x00000174771e4000 	C:\Program Files\Zulu\zulu-19\bin\api-ms-win-core-namedpipe-l1-1-0.dll
0x00000174771f0000 - 0x00000174771f4000 	C:\Program Files\Zulu\zulu-19\bin\api-ms-win-core-processenvironment-l1-1-0.dll
0x0000017477200000 - 0x0000017477204000 	C:\Program Files\Zulu\zulu-19\bin\api-ms-win-core-processthreads-l1-1-0.dll
0x0000017477210000 - 0x0000017477214000 	C:\Program Files\Zulu\zulu-19\bin\api-ms-win-core-processthreads-l1-1-1.dll
0x0000017477220000 - 0x0000017477224000 	C:\Program Files\Zulu\zulu-19\bin\api-ms-win-core-profile-l1-1-0.dll
0x0000017477230000 - 0x0000017477234000 	C:\Program Files\Zulu\zulu-19\bin\api-ms-win-core-rtlsupport-l1-1-0.dll
0x0000017477240000 - 0x0000017477244000 	C:\Program Files\Zulu\zulu-19\bin\api-ms-win-core-string-l1-1-0.dll
0x0000017477250000 - 0x0000017477254000 	C:\Program Files\Zulu\zulu-19\bin\api-ms-win-core-synch-l1-1-0.dll
0x0000017477260000 - 0x0000017477264000 	C:\Program Files\Zulu\zulu-19\bin\api-ms-win-core-synch-l1-2-0.dll
0x0000017477270000 - 0x0000017477274000 	C:\Program Files\Zulu\zulu-19\bin\api-ms-win-core-sysinfo-l1-1-0.dll
0x0000017477280000 - 0x0000017477284000 	C:\Program Files\Zulu\zulu-19\bin\api-ms-win-core-timezone-l1-1-0.dll
0x0000017477290000 - 0x0000017477294000 	C:\Program Files\Zulu\zulu-19\bin\api-ms-win-core-util-l1-1-0.dll
0x00000174772a0000 - 0x00000174772a4000 	C:\Program Files\Zulu\zulu-19\bin\api-ms-win-crt-conio-l1-1-0.dll
0x00000174772b0000 - 0x00000174772b5000 	C:\Program Files\Zulu\zulu-19\bin\api-ms-win-crt-convert-l1-1-0.dll
0x00000174772c0000 - 0x00000174772c4000 	C:\Program Files\Zulu\zulu-19\bin\api-ms-win-crt-environment-l1-1-0.dll
0x00000174772d0000 - 0x00000174772d4000 	C:\Program Files\Zulu\zulu-19\bin\api-ms-win-crt-filesystem-l1-1-0.dll
0x00000174772e0000 - 0x00000174772e4000 	C:\Program Files\Zulu\zulu-19\bin\api-ms-win-crt-heap-l1-1-0.dll
0x00000174772f0000 - 0x00000174772f4000 	C:\Program Files\Zulu\zulu-19\bin\api-ms-win-crt-locale-l1-1-0.dll
0x0000017477300000 - 0x0000017477306000 	C:\Program Files\Zulu\zulu-19\bin\api-ms-win-crt-math-l1-1-0.dll
0x0000017477310000 - 0x0000017477316000 	C:\Program Files\Zulu\zulu-19\bin\api-ms-win-crt-multibyte-l1-1-0.dll
0x0000017477320000 - 0x0000017477331000 	C:\Program Files\Zulu\zulu-19\bin\api-ms-win-crt-private-l1-1-0.dll
0x0000017477340000 - 0x0000017477344000 	C:\Program Files\Zulu\zulu-19\bin\api-ms-win-crt-process-l1-1-0.dll
0x0000017477350000 - 0x0000017477355000 	C:\Program Files\Zulu\zulu-19\bin\api-ms-win-crt-runtime-l1-1-0.dll
0x0000017477360000 - 0x0000017477365000 	C:\Program Files\Zulu\zulu-19\bin\api-ms-win-crt-stdio-l1-1-0.dll
0x0000017477370000 - 0x0000017477375000 	C:\Program Files\Zulu\zulu-19\bin\api-ms-win-crt-string-l1-1-0.dll
0x0000017477380000 - 0x0000017477384000 	C:\Program Files\Zulu\zulu-19\bin\api-ms-win-crt-time-l1-1-0.dll
0x0000017477390000 - 0x0000017477394000 	C:\Program Files\Zulu\zulu-19\bin\api-ms-win-crt-utility-l1-1-0.dll
0x00007ffa4c070000 - 0x00007ffa4c180000 	C:\Program Files\Zulu\zulu-19\bin\ucrtbase.dll
0x00007ffa82870000 - 0x00007ffa82879000 	C:\Program Files\Zulu\zulu-19\bin\msvcp140_1.dll
0x00007ffa81f50000 - 0x00007ffa81f7f000 	C:\Program Files\Zulu\zulu-19\bin\msvcp140_2.dll
0x00007ffa81e80000 - 0x00007ffa81eac000 	C:\Program Files\Zulu\zulu-19\bin\prism_d3d.dll
0x00007ffa85410000 - 0x00007ffa855b9000 	C:\WINDOWS\system32\d3d9.dll
0x00007ffa91cd0000 - 0x00007ffa91cfb000 	C:\WINDOWS\SYSTEM32\dwmapi.dll
0x00007ffa91a90000 - 0x00007ffa91ac6000 	C:\WINDOWS\SYSTEM32\dxcore.dll
0x00007ffa91990000 - 0x00007ffa91a3b000 	C:\WINDOWS\system32\uxtheme.dll
0x00007ffa83fa0000 - 0x00007ffa840b7000 	C:\WINDOWS\System32\DriverStore\FileRepository\nvlt.inf_amd64_7947c31fc944635c\nvldumdx.dll
0x00007ffa943d0000 - 0x00007ffa943e2000 	C:\WINDOWS\SYSTEM32\msasn1.dll
0x00007ffa8c0c0000 - 0x00007ffa8c0f2000 	C:\WINDOWS\SYSTEM32\cryptnet.dll
0x00007ffa94850000 - 0x00007ffa949b6000 	C:\WINDOWS\System32\CRYPT32.dll
0x00007ffa8bf20000 - 0x00007ffa8c078000 	C:\WINDOWS\SYSTEM32\drvstore.dll
0x00007ffa943f0000 - 0x00007ffa9441c000 	C:\WINDOWS\SYSTEM32\devobj.dll
0x00007ffa94420000 - 0x00007ffa9446e000 	C:\WINDOWS\SYSTEM32\cfgmgr32.dll
0x00007ffa93f70000 - 0x00007ffa93fb8000 	C:\WINDOWS\SYSTEM32\wldp.dll
0x00007ffa93ee0000 - 0x00007ffa93eec000 	C:\WINDOWS\SYSTEM32\cryptbase.dll
0x00007ffa95090000 - 0x00007ffa950fb000 	C:\WINDOWS\System32\WINTRUST.DLL
0x00007ffa95d40000 - 0x00007ffa95d5f000 	C:\WINDOWS\System32\imagehlp.dll
0x00007ffa93ec0000 - 0x00007ffa93edb000 	C:\WINDOWS\SYSTEM32\CRYPTSP.dll
0x00007ffa93700000 - 0x00007ffa93735000 	C:\WINDOWS\system32\rsaenh.dll
0x00007ffa94090000 - 0x00007ffa940b8000 	C:\WINDOWS\SYSTEM32\bcrypt.dll
0x00007ffa28210000 - 0x00007ffa29a1a000 	C:\WINDOWS\System32\DriverStore\FileRepository\nvlt.inf_amd64_7947c31fc944635c\nvd3dumx.dll
0x00007ffa8d750000 - 0x00007ffa8d798000 	C:\WINDOWS\SYSTEM32\directxdatabasehelper.dll
0x00007ffa7be90000 - 0x00007ffa7bed2000 	C:\Program Files\Zulu\zulu-19\bin\glass.dll
0x00007ffa95b20000 - 0x00007ffa95c17000 	C:\WINDOWS\System32\COMDLG32.dll
0x00007ffa96890000 - 0x00007ffa96a2c000 	C:\WINDOWS\System32\ole32.dll
0x00007ffa95240000 - 0x00007ffa9535e000 	C:\WINDOWS\System32\MSCTF.dll
0x00007ffa4c6b0000 - 0x00007ffa4c967000 	C:\WINDOWS\system32\nvspcap64.dll
0x00007ffa937b0000 - 0x00007ffa937e4000 	C:\WINDOWS\SYSTEM32\ntmarta.dll
0x00007ffa93c90000 - 0x00007ffa93cb6000 	C:\WINDOWS\SYSTEM32\gpapi.dll
0x00007ffa7b1a0000 - 0x00007ffa7b1cd000 	C:\Program Files\Zulu\zulu-19\bin\javafx_iio.dll
0x00007ffa81e60000 - 0x00007ffa81e74000 	C:\Program Files\Zulu\zulu-19\bin\javafx_font.dll
0x00007ffa902b0000 - 0x00007ffa90517000 	C:\WINDOWS\SYSTEM32\dwrite.dll
0x00007ffa96f90000 - 0x00007ffa97040000 	C:\WINDOWS\System32\clbcatq.dll
0x00007ffa8fd10000 - 0x00007ffa8fec0000 	C:\WINDOWS\SYSTEM32\WindowsCodecs.dll
0x00007ffa62ac0000 - 0x00007ffa62b1e000 	C:\WINDOWS\system32\dataexchange.dll
0x00007ffa84f80000 - 0x00007ffa851ea000 	C:\WINDOWS\system32\twinapi.appcore.dll
0x00007ffa6a9b0000 - 0x00007ffa6a9e2000 	C:\Program Files\Common Files\Microsoft Shared\Ink\rtscom.dll
0x00007ffa83e70000 - 0x00007ffa83f9e000 	C:\WINDOWS\SYSTEM32\textinputframework.dll
0x00007ffa913d0000 - 0x00007ffa91503000 	C:\WINDOWS\SYSTEM32\CoreMessaging.dll
0x00007ffa8c9f0000 - 0x00007ffa8cd5c000 	C:\WINDOWS\SYSTEM32\CoreUIComponents.dll

dbghelp: loaded successfully - version: 4.0.5 - missing functions: none
symbol engine: initialized successfully - sym options: 0x614 - pdb path: .;C:\Program Files\Zulu\zulu-19\bin;C:\WINDOWS\SYSTEM32;C:\WINDOWS\WinSxS\amd64_microsoft.windows.common-controls_6595b64144ccf1df_6.0.22621.608_none_a9444ca7c10bb01d;C:\Program Files\Zulu\zulu-19\bin\server;C:\WINDOWS\System32\DriverStore\FileRepository\nvlt.inf_amd64_7947c31fc944635c;C:\Program Files\Common Files\Microsoft Shared\Ink

VM Arguments:
jvm_args: -Dfile.encoding=UTF-8 
java_command: GameMenuDemo
java_class_path (initial): C:\Users\ulise\Desktop\TEC\Algoritmos y estructura de datos I\BuscaMinas\ventana busca minas\lib\rxtx-2.1-7r2;C:\Users\ulise\Downloads\RXTXcomm.jar;C:\Users\ulise\Downloads\jSerialComm-2.9.3.zip;C:\Users\ulise\Downloads\jSerialComm-2.9.3.jar;C:\Users\ulise\Desktop\TEC\Algoritmos y estructura de datos I\BuscaMinas\ventana busca minas\build\classes
Launcher Type: SUN_STANDARD

[Global flags]
     intx CICompilerCount                          = 4                                         {product} {ergonomic}
     uint ConcGCThreads                            = 3                                         {product} {ergonomic}
     uint G1ConcRefinementThreads                  = 10                                        {product} {ergonomic}
   size_t G1HeapRegionSize                         = 1048576                                   {product} {ergonomic}
    uintx GCDrainStackTargetSize                   = 64                                        {product} {ergonomic}
   size_t InitialHeapSize                          = 134217728                                 {product} {ergonomic}
   size_t MarkStackSize                            = 4194304                                   {product} {ergonomic}
   size_t MaxHeapSize                              = 2124414976                                {product} {ergonomic}
   size_t MaxNewSize                               = 1274019840                                {product} {ergonomic}
   size_t MinHeapDeltaBytes                        = 1048576                                   {product} {ergonomic}
   size_t MinHeapSize                              = 8388608                                   {product} {ergonomic}
    uintx NonNMethodCodeHeapSize                   = 5839372                                {pd product} {ergonomic}
    uintx NonProfiledCodeHeapSize                  = 122909434                              {pd product} {ergonomic}
    uintx ProfiledCodeHeapSize                     = 122909434                              {pd product} {ergonomic}
    uintx ReservedCodeCacheSize                    = 251658240                              {pd product} {ergonomic}
     bool SegmentedCodeCache                       = true                                      {product} {ergonomic}
   size_t SoftMaxHeapSize                          = 2124414976                             {manageable} {ergonomic}
     bool UseCompressedClassPointers               = true                           {product lp64_product} {ergonomic}
     bool UseCompressedOops                        = true                           {product lp64_product} {ergonomic}
     bool UseG1GC                                  = true                                      {product} {ergonomic}
     bool UseLargePagesIndividualAllocation        = false                                  {pd product} {ergonomic}

Logging:
Log output configuration:
 #0: stdout all=warning uptime,level,tags foldmultilines=false
 #1: stderr all=off uptime,level,tags foldmultilines=false

Environment Variables:
PATH=C:\Program Files\Zulu\zulu-19\bin\;C:\Program Files\Common Files\Oracle\Java\javapath;C:\Program Files (x86)\Common Files\Oracle\Java\javapath;C:\Windows\system32;C:\Windows;C:\Windows\System32\Wbem;C:\Windows\System32\WindowsPowerShell\v1.0\;C:\Windows\System32\OpenSSH\;C:\Program Files (x86)\NVIDIA Corporation\PhysX\Common;C:\Program Files\NVIDIA Corporation\NVIDIA NvDLISR;C:\WINDOWS\system32;C:\WINDOWS;C:\WINDOWS\System32\Wbem;C:\WINDOWS\System32\WindowsPowerShell\v1.0\;C:\WINDOWS\System32\OpenSSH\;C:\Program Files\nodejs\;C:\Program Files\Git\cmd;C:\Users\ulise\AppData\Local\Microsoft\WindowsApps;C:\Users\ulise\AppData\Local\Programs\Microsoft VS Code\bin;C:\Users\ulise\AppData\Roaming\npm;C:\Users\ulise\AppData\Local\GitHubDesktop\bin
USERNAME=ulise
OS=Windows_NT
PROCESSOR_IDENTIFIER=Intel64 Family 6 Model 165 Stepping 2, GenuineIntel
TMP=C:\Users\ulise\AppData\Local\Temp
TEMP=C:\Users\ulise\AppData\Local\Temp



---------------  S Y S T E M  ---------------

OS:
 Windows 11 , 64 bit Build 22621 (10.0.22621.1485)
OS uptime: 8 days 1:41 hours

CPU: total 12 (initial active 12) (6 cores per cpu, 2 threads per core) family 6 model 165 stepping 2 microcode 0xe2, cx8, cmov, fxsr, ht, mmx, 3dnowpref, sse, sse2, sse3, ssse3, sse4.1, sse4.2, popcnt, lzcnt, tsc, tscinvbit, avx, avx2, aes, erms, clmul, bmi1, bmi2, adx, fma, vzeroupper, clflush, clflushopt, rdtscp

Memory: 4k page, system-wide physical 8099M (812M free)
TotalPageFile size 12195M (AvailPageFile size 6M)
current process WorkingSet (physical memory assigned to process): 205M, peak: 208M
current process commit charge ("private bytes"): 370M, peak: 374M

vm_info: OpenJDK 64-Bit Server VM (19.0.2+7) for windows-amd64 JRE (19.0.2+7) (Zulu19.32+15-CA), built on Dec 28 2022 19:25:40 by "zulu_re" with MS VC++ 16.10 / 16.11 (VS2019)

END.
