#
# There is insufficient memory for the Java Runtime Environment to continue.
# Native memory allocation (mmap) failed to map 212860928 bytes for G1 virtual space
# Possible reasons:
#   The system is out of physical RAM or swap space
#   The process is running with CompressedOops enabled, and the Java Heap may be blocking the growth of the native heap
# Possible solutions:
#   Reduce memory load on the system
#   Increase physical memory or swap space
#   Check if swap backing store is full
#   Decrease Java heap size (-Xmx/-Xms)
#   Decrease number of Java threads
#   Decrease Java thread stack sizes (-Xss)
#   Set larger code cache with -XX:ReservedCodeCacheSize=
#   JVM is running with Unscaled Compressed Oops mode in which the Java heap is
#     placed in the first 4GB address space. The Java Heap base address is the
#     maximum limit for the native heap growth. Please use -XX:HeapBaseMinAddress
#     to set the Java Heap base and to place the Java Heap above 4GB virtual address.
# This output file may be truncated or incomplete.
#
#  Out of Memory Error (os_windows.cpp:3536), pid=19768, tid=7412
#
# JRE version: OpenJDK Runtime Environment Zulu19.32+15-CA (19.0.2+7) (build 19.0.2+7)
# Java VM: OpenJDK 64-Bit Server VM Zulu19.32+15-CA (19.0.2+7, mixed mode, sharing, tiered, compressed oops, compressed class ptrs, g1 gc, windows-amd64)
# No core dump will be written. Minidumps are not enabled by default on client versions of Windows
#

---------------  S U M M A R Y ------------

Command Line: -Dfile.encoding=UTF-8 GameMenuDemo

Host: Intel(R) Core(TM) i7-10750H CPU @ 2.60GHz, 12 cores, 7G,  Windows 11 , 64 bit Build 22621 (10.0.22621.1485)
Time: Mon Apr 10 18:46:17 2023 Hora estándar, América Central elapsed time: 12.371795 seconds (0d 0h 0m 12s)

---------------  T H R E A D  ---------------

Current thread (0x00000133d6d34f80):  VMThread "VM Thread" [stack: 0x000000058bf00000,0x000000058c000000] [id=7412]

Stack: [0x000000058bf00000,0x000000058c000000]
Native frames: (J=compiled Java code, j=interpreted, Vv=VM code, C=native code)
V  [jvm.dll+0x6eab2a]
V  [jvm.dll+0x8a4a20]
V  [jvm.dll+0x8a640e]
V  [jvm.dll+0x8a6ac3]
V  [jvm.dll+0x27c1ef]
V  [jvm.dll+0x6e7929]
V  [jvm.dll+0x6dc3da]
V  [jvm.dll+0x3528ab]
V  [jvm.dll+0x35a266]
V  [jvm.dll+0x3b0a2e]
V  [jvm.dll+0x3b0c5f]
V  [jvm.dll+0x327e9a]
V  [jvm.dll+0x327f47]
V  [jvm.dll+0x370442]
V  [jvm.dll+0x36e8e4]
V  [jvm.dll+0x327660]
V  [jvm.dll+0x36de7b]
V  [jvm.dll+0x8abc13]
V  [jvm.dll+0x8ac9d9]
V  [jvm.dll+0x8acf0d]
V  [jvm.dll+0x8ad39b]
V  [jvm.dll+0x8ad457]
V  [jvm.dll+0x84ec7a]
V  [jvm.dll+0x6e981b]
C  [ucrtbase.dll+0x29363]
C  [KERNEL32.DLL+0x1269d]
C  [ntdll.dll+0x5a9f8]

VM_Operation (0x000000059022f3f0): G1CollectForAllocation, mode: safepoint, requested by thread 0x00000133e5ae39e0


---------------  P R O C E S S  ---------------

Threads class SMR info:
_java_thread_list=0x00000133e777a4a0, length=36, elements={
0x00000133b6de7210, 0x00000133d6d48130, 0x00000133d6d48870, 0x00000133d6d4f340,
0x00000133d6d4fa80, 0x00000133d6d520d0, 0x00000133d6d52610, 0x00000133d6d6b570,
0x00000133d6d6f330, 0x00000133d6d71cd0, 0x00000133db1075a0, 0x00000133db112120,
0x00000133db382770, 0x00000133db9c49f0, 0x00000133db9c7540, 0x00000133dbb9f700,
0x00000133dbb9fc50, 0x00000133dbb9ec60, 0x00000133dbb9e710, 0x00000133dbb9f1b0,
0x00000133e5ae1a00, 0x00000133e5ae2f40, 0x00000133e5adfa20, 0x00000133e5ae6f00,
0x00000133e5ae0a10, 0x00000133e5ae5470, 0x00000133e5ae59c0, 0x00000133e5ae6460,
0x00000133e5ae04c0, 0x00000133e5adff70, 0x00000133e5ae39e0, 0x00000133e5ae4480,
0x00000133e5ae49d0, 0x00000133e5ae0f60, 0x00000133e62f5740, 0x00000133e62f5cd0
}

Java Threads: ( => current thread )
  0x00000133b6de7210 JavaThread "main" [_thread_blocked, id=14676, stack(0x000000058b900000,0x000000058ba00000)]
  0x00000133d6d48130 JavaThread "Reference Handler" daemon [_thread_blocked, id=13212, stack(0x000000058c000000,0x000000058c100000)]
  0x00000133d6d48870 JavaThread "Finalizer" daemon [_thread_blocked, id=10960, stack(0x000000058c100000,0x000000058c200000)]
  0x00000133d6d4f340 JavaThread "Signal Dispatcher" daemon [_thread_blocked, id=3696, stack(0x000000058c200000,0x000000058c300000)]
  0x00000133d6d4fa80 JavaThread "Attach Listener" daemon [_thread_blocked, id=22560, stack(0x000000058c300000,0x000000058c400000)]
  0x00000133d6d520d0 JavaThread "Service Thread" daemon [_thread_blocked, id=19480, stack(0x000000058c400000,0x000000058c500000)]
  0x00000133d6d52610 JavaThread "Monitor Deflation Thread" daemon [_thread_blocked, id=9552, stack(0x000000058c500000,0x000000058c600000)]
  0x00000133d6d6b570 JavaThread "C2 CompilerThread0" daemon [_thread_blocked, id=4208, stack(0x000000058c600000,0x000000058c700000)]
  0x00000133d6d6f330 JavaThread "C1 CompilerThread0" daemon [_thread_blocked, id=7948, stack(0x000000058c700000,0x000000058c800000)]
  0x00000133d6d71cd0 JavaThread "Sweeper thread" daemon [_thread_blocked, id=17388, stack(0x000000058c800000,0x000000058c900000)]
  0x00000133db1075a0 JavaThread "Notification Thread" daemon [_thread_blocked, id=14312, stack(0x000000058c900000,0x000000058ca00000)]
  0x00000133db112120 JavaThread "Common-Cleaner" daemon [_thread_blocked, id=9928, stack(0x000000058cb00000,0x000000058cc00000)]
  0x00000133db382770 JavaThread "QuantumRenderer-0" daemon [_thread_blocked, id=11720, stack(0x000000058cc00000,0x000000058cd00000)]
  0x00000133db9c49f0 JavaThread "InvokeLaterDispatcher" daemon [_thread_blocked, id=15260, stack(0x000000058ce00000,0x000000058cf00000)]
  0x00000133db9c7540 JavaThread "JavaFX Application Thread" [_thread_in_native, id=2268, stack(0x000000058cf00000,0x000000058d000000)]
  0x00000133dbb9f700 JavaThread "JavaFX-Launcher" [_thread_blocked, id=23884, stack(0x000000058d200000,0x000000058d300000)]
  0x00000133dbb9fc50 JavaThread "Thread-2" daemon [_thread_blocked, id=7452, stack(0x000000058d100000,0x000000058d200000)]
  0x00000133dbb9ec60 JavaThread "Prism Font Disposer" daemon [_thread_blocked, id=5432, stack(0x000000058d300000,0x000000058d400000)]
  0x00000133dbb9e710 JavaThread "JFXMedia Player EventQueueThread" daemon [_thread_blocked, id=7652, stack(0x000000058dc00000,0x000000058dd00000)]
  0x00000133dbb9f1b0 JavaThread "Media Resource Disposer" daemon [_thread_blocked, id=16076, stack(0x000000058e500000,0x000000058e600000)]
  0x00000133e5ae1a00 JavaThread "JFXMedia Player EventQueueThread" daemon [_thread_blocked, id=9252, stack(0x000000058e400000,0x000000058e500000)]
  0x00000133e5ae2f40 JavaThread "JFXMedia Player EventQueueThread" daemon [_thread_blocked, id=3844, stack(0x000000058f430000,0x000000058f530000)]
  0x00000133e5adfa20 JavaThread "JFXMedia Player EventQueueThread" daemon [_thread_blocked, id=11564, stack(0x000000058f930000,0x000000058fa30000)]
  0x00000133e5ae6f00 JavaThread "Thread-287" daemon [_thread_in_native, id=17416, stack(0x000000058ff30000,0x0000000590030000)]
  0x00000133e5ae0a10 JavaThread "Thread-288" daemon [_thread_blocked, id=22304, stack(0x0000000590030000,0x0000000590130000)]
  0x00000133e5ae5470 JavaThread "Timer-4" daemon [_thread_blocked, id=23352, stack(0x0000000590230000,0x0000000590330000)]
  0x00000133e5ae59c0 JavaThread "Cleaner-0" daemon [_thread_blocked, id=20212, stack(0x0000000590330000,0x0000000590430000)]
  0x00000133e5ae6460 JavaThread "JFXMedia Player EventQueueThread" daemon [_thread_blocked, id=9340, stack(0x0000000590530000,0x0000000590630000)]
  0x00000133e5ae04c0 JavaThread "JFXMedia Player EventQueueThread" daemon [_thread_blocked, id=12548, stack(0x000000058fe30000,0x000000058ff30000)]
  0x00000133e5adff70 JavaThread "Timer-6" daemon [_thread_blocked, id=22100, stack(0x0000000590d30000,0x0000000590e30000)]
  0x00000133e5ae39e0 JavaThread "Thread-669" daemon [_thread_blocked, id=19780, stack(0x0000000590130000,0x0000000590230000)]
  0x00000133e5ae4480 JavaThread "Thread-670" daemon [_thread_blocked, id=23068, stack(0x0000000590e30000,0x0000000590f30000)]
  0x00000133e5ae49d0 JavaThread "Thread-671" daemon [_thread_blocked, id=10544, stack(0x0000000590f30000,0x0000000591030000)]
  0x00000133e5ae0f60 JavaThread "Timer-7" [_thread_blocked, id=4500, stack(0x0000000591030000,0x0000000591130000)]
  0x00000133e62f5740 JavaThread "C2 CompilerThread1" daemon [_thread_blocked, id=11340, stack(0x0000000591130000,0x0000000591230000)]
  0x00000133e62f5cd0 JavaThread "C2 CompilerThread2" daemon [_thread_blocked, id=18288, stack(0x0000000591230000,0x0000000591330000)]

Other Threads:
=>0x00000133d6d34f80 VMThread "VM Thread" [stack: 0x000000058bf00000,0x000000058c000000] [id=7412]
  0x00000133db107ae0 WatcherThread "VM Periodic Task Thread" [stack: 0x000000058ca00000,0x000000058cb00000] [id=4524]
  0x00000133b6e47d60 WorkerThread "GC Thread#0" [stack: 0x000000058ba00000,0x000000058bb00000] [id=2172]
  0x00000133dbe33920 WorkerThread "GC Thread#1" [stack: 0x000000058e620000,0x000000058e720000] [id=9672]
  0x00000133dbe35270 WorkerThread "GC Thread#2" [stack: 0x000000058e720000,0x000000058e820000] [id=10528]
  0x00000133dbe35540 WorkerThread "GC Thread#3" [stack: 0x000000058e820000,0x000000058e920000] [id=21936]
  0x00000133e5adb030 WorkerThread "GC Thread#4" [stack: 0x000000058e920000,0x000000058ea20000] [id=3144]
  0x00000133e5adad60 WorkerThread "GC Thread#5" [stack: 0x000000058ea20000,0x000000058eb20000] [id=19016]
  0x00000133e5ad9f50 WorkerThread "GC Thread#6" [stack: 0x000000058eb20000,0x000000058ec20000] [id=17576]
  0x00000133e5ad99b0 WorkerThread "GC Thread#7" [stack: 0x000000058ec20000,0x000000058ed20000] [id=12068]
  0x00000133e5ada7c0 WorkerThread "GC Thread#8" [stack: 0x000000058ed20000,0x000000058ee20000] [id=17608]
  0x00000133e5ada4f0 WorkerThread "GC Thread#9" [stack: 0x000000058ee20000,0x000000058ef20000] [id=11820]
  0x00000133b6e58d00 ConcurrentGCThread "G1 Main Marker" [stack: 0x000000058bb00000,0x000000058bc00000] [id=5444]
  0x00000133b6e59730 WorkerThread "G1 Conc#0" [stack: 0x000000058bc00000,0x000000058bd00000] [id=23216]
  0x00000133b6eae8a0 ConcurrentGCThread "G1 Refine#0" [stack: 0x000000058bd00000,0x000000058be00000] [id=22796]
  0x00000133d6bf0540 ConcurrentGCThread "G1 Service" [stack: 0x000000058be00000,0x000000058bf00000] [id=13156]

Threads with active compile tasks:
C2 CompilerThread0    12386 4649       4       javafx.scene.CssStyleHelper::resolveLookups (463 bytes)

VM state: at safepoint (normal execution)

VM Mutex/Monitor currently owned by a thread:  ([mutex/lock_event])
[0x00000133b6de5920] Threads_lock - owner thread: 0x00000133d6d34f80
[0x00000133b6de4960] Heap_lock - owner thread: 0x00000133e5ae39e0

Heap address: 0x0000000081600000, size: 2026 MB, Compressed Oops mode: 32-bit

CDS archive(s) mapped at: [0x0000000800000000-0x0000000800c40000-0x0000000800c40000), size 12845056, SharedBaseAddress: 0x0000000800000000, ArchiveRelocationMode: 0.
Compressed class space mapped at: 0x0000000801000000-0x0000000841000000, reserved size: 1073741824
Narrow klass base: 0x0000000800000000, Narrow klass shift: 0, Narrow klass range: 0x100000000

GC Precious Log:
 CardTable entry size: 512
 Card Set container configuration: InlinePtr #cards 5 size 8 Array Of Cards #cards 12 size 40 Howl #buckets 4 coarsen threshold 1843 Howl Bitmap #cards 512 size 80 coarsen threshold 460 Card regions per heap region 1 cards per card region 2048
 CPUs: 12 total, 12 available
 Memory: 8099M
 Large Page Support: Disabled
 NUMA Support: Disabled
 Compressed Oops: Enabled (32-bit)
 Heap Region Size: 1M
 Heap Min Capacity: 8M
 Heap Initial Capacity: 128M
 Heap Max Capacity: 2026M
 Pre-touch: Disabled
 Parallel Workers: 10
 Concurrent Workers: 3
 Concurrent Refinement Workers: 10
 Periodic GC: Disabled

Heap:
 garbage-first heap   total 265216K, used 33910K [0x0000000081600000, 0x0000000100000000)
  region size 1024K, 5 young (5120K), 5 survivors (5120K)
 Metaspace       used 15334K, committed 15744K, reserved 1114112K
  class space    used 1976K, committed 2176K, reserved 1048576K

Heap Regions: E=young(eden), S=young(survivor), O=old, HS=humongous(starts), HC=humongous(continues), CS=collection set, F=free, OA=open archive, CA=closed archive, TAMS=top-at-mark-start (previous, next)
|   0|0x0000000081600000, 0x0000000081700000, 0x0000000081700000|100%|HS|  |TAMS 0x0000000081600000, 0x0000000081600000| Complete 
|   1|0x0000000081700000, 0x0000000081800000, 0x0000000081800000|100%|HC|  |TAMS 0x0000000081700000, 0x0000000081700000| Complete 
|   2|0x0000000081800000, 0x0000000081900000, 0x0000000081900000|100%|HC|  |TAMS 0x0000000081800000, 0x0000000081800000| Complete 
|   3|0x0000000081900000, 0x0000000081a00000, 0x0000000081a00000|100%|HC|  |TAMS 0x0000000081900000, 0x0000000081900000| Complete 
|   4|0x0000000081a00000, 0x0000000081b00000, 0x0000000081b00000|100%|HC|  |TAMS 0x0000000081a00000, 0x0000000081a00000| Complete 
|   5|0x0000000081b00000, 0x0000000081c00000, 0x0000000081c00000|100%|HC|  |TAMS 0x0000000081b00000, 0x0000000081b00000| Complete 
|   6|0x0000000081c00000, 0x0000000081d00000, 0x0000000081d00000|100%|HC|  |TAMS 0x0000000081c00000, 0x0000000081c00000| Complete 
|   7|0x0000000081d00000, 0x0000000081e00000, 0x0000000081e00000|100%|HC|  |TAMS 0x0000000081d00000, 0x0000000081d00000| Complete 
|   8|0x0000000081e00000, 0x0000000081f00000, 0x0000000081f00000|100%|HS|  |TAMS 0x0000000081e00000, 0x0000000081e00000| Complete 
|   9|0x0000000081f00000, 0x0000000082000000, 0x0000000082000000|100%| O|  |TAMS 0x0000000081f00000, 0x0000000081f00000| Untracked 
|  10|0x0000000082000000, 0x0000000082100000, 0x0000000082100000|100%|HS|  |TAMS 0x0000000082000000, 0x0000000082000000| Complete 
|  11|0x0000000082100000, 0x0000000082200000, 0x0000000082200000|100%|HC|  |TAMS 0x0000000082100000, 0x0000000082100000| Complete 
|  12|0x0000000082200000, 0x0000000082300000, 0x0000000082300000|100%|HC|  |TAMS 0x0000000082200000, 0x0000000082200000| Complete 
|  13|0x0000000082300000, 0x0000000082400000, 0x0000000082400000|100%|HC|  |TAMS 0x0000000082300000, 0x0000000082300000| Complete 
|  14|0x0000000082400000, 0x0000000082500000, 0x0000000082500000|100%|HC|  |TAMS 0x0000000082400000, 0x0000000082400000| Complete 
|  15|0x0000000082500000, 0x0000000082600000, 0x0000000082600000|100%|HC|  |TAMS 0x0000000082500000, 0x0000000082500000| Complete 
|  16|0x0000000082600000, 0x0000000082700000, 0x0000000082700000|100%|HC|  |TAMS 0x0000000082600000, 0x0000000082600000| Complete 
|  17|0x0000000082700000, 0x0000000082800000, 0x0000000082800000|100%|HC|  |TAMS 0x0000000082700000, 0x0000000082700000| Complete 
|  18|0x0000000082800000, 0x0000000082900000, 0x0000000082900000|100%|HS|  |TAMS 0x0000000082800000, 0x0000000082800000| Complete 
|  19|0x0000000082900000, 0x0000000082a00000, 0x0000000082a00000|100%| O|  |TAMS 0x0000000082900000, 0x0000000082900000| Untracked 
|  20|0x0000000082a00000, 0x0000000082b00000, 0x0000000082b00000|100%| O|  |TAMS 0x0000000082a00000, 0x0000000082a00000| Untracked 
|  21|0x0000000082b00000, 0x0000000082c00000, 0x0000000082c00000|100%| O|  |TAMS 0x0000000082b00000, 0x0000000082b00000| Untracked 
|  22|0x0000000082c00000, 0x0000000082d00000, 0x0000000082d00000|100%|HS|  |TAMS 0x0000000082c00000, 0x0000000082c00000| Complete 
|  23|0x0000000082d00000, 0x0000000082e00000, 0x0000000082e00000|100%|HC|  |TAMS 0x0000000082d00000, 0x0000000082d00000| Complete 
|  24|0x0000000082e00000, 0x0000000082f00000, 0x0000000082f00000|100%| O|  |TAMS 0x0000000082e00000, 0x0000000082e00000| Untracked 
|  25|0x0000000082f00000, 0x0000000083000000, 0x0000000083000000|100%| O|  |TAMS 0x0000000082f00000, 0x0000000082f00000| Untracked 
|  26|0x0000000083000000, 0x0000000083100000, 0x0000000083100000|100%| O|  |TAMS 0x0000000083000000, 0x0000000083000000| Untracked 
|  27|0x0000000083100000, 0x000000008313ee00, 0x0000000083200000| 24%| O|  |TAMS 0x0000000083100000, 0x0000000083100000| Untracked 
|  28|0x0000000083200000, 0x0000000083300000, 0x0000000083300000|100%|HS|  |TAMS 0x0000000083200000, 0x0000000083200000| Complete 
|  29|0x0000000083300000, 0x0000000083300000, 0x0000000083400000|  0%| F|  |TAMS 0x0000000083300000, 0x0000000083300000| Untracked 
|  30|0x0000000083400000, 0x0000000083400000, 0x0000000083500000|  0%| F|  |TAMS 0x0000000083400000, 0x0000000083400000| Untracked 
|  31|0x0000000083500000, 0x0000000083500000, 0x0000000083600000|  0%| F|  |TAMS 0x0000000083500000, 0x0000000083500000| Untracked 
|  32|0x0000000083600000, 0x0000000083600000, 0x0000000083700000|  0%| F|  |TAMS 0x0000000083600000, 0x0000000083600000| Untracked 
|  33|0x0000000083700000, 0x0000000083700000, 0x0000000083800000|  0%| F|  |TAMS 0x0000000083700000, 0x0000000083700000| Untracked 
|  34|0x0000000083800000, 0x0000000083800000, 0x0000000083900000|  0%| F|  |TAMS 0x0000000083800000, 0x0000000083800000| Untracked 
|  35|0x0000000083900000, 0x0000000083900000, 0x0000000083a00000|  0%| F|  |TAMS 0x0000000083900000, 0x0000000083900000| Untracked 
|  36|0x0000000083a00000, 0x0000000083a00000, 0x0000000083b00000|  0%| F|  |TAMS 0x0000000083a00000, 0x0000000083a00000| Untracked 
|  37|0x0000000083b00000, 0x0000000083b00000, 0x0000000083c00000|  0%| F|  |TAMS 0x0000000083b00000, 0x0000000083b00000| Untracked 
|  38|0x0000000083c00000, 0x0000000083c00000, 0x0000000083d00000|  0%| F|  |TAMS 0x0000000083c00000, 0x0000000083c00000| Untracked 
|  39|0x0000000083d00000, 0x0000000083d00000, 0x0000000083e00000|  0%| F|  |TAMS 0x0000000083d00000, 0x0000000083d00000| Untracked 
|  40|0x0000000083e00000, 0x0000000083e00000, 0x0000000083f00000|  0%| F|  |TAMS 0x0000000083e00000, 0x0000000083e00000| Untracked 
|  41|0x0000000083f00000, 0x0000000083f00000, 0x0000000084000000|  0%| F|  |TAMS 0x0000000083f00000, 0x0000000083f00000| Untracked 
|  42|0x0000000084000000, 0x0000000084000000, 0x0000000084100000|  0%| F|  |TAMS 0x0000000084000000, 0x0000000084000000| Untracked 
|  43|0x0000000084100000, 0x0000000084100000, 0x0000000084200000|  0%| F|  |TAMS 0x0000000084100000, 0x0000000084100000| Untracked 
|  44|0x0000000084200000, 0x0000000084200000, 0x0000000084300000|  0%| F|  |TAMS 0x0000000084200000, 0x0000000084200000| Untracked 
|  45|0x0000000084300000, 0x0000000084300000, 0x0000000084400000|  0%| F|  |TAMS 0x0000000084300000, 0x0000000084300000| Untracked 
|  46|0x0000000084400000, 0x0000000084400000, 0x0000000084500000|  0%| F|  |TAMS 0x0000000084400000, 0x0000000084400000| Untracked 
|  47|0x0000000084500000, 0x0000000084500000, 0x0000000084600000|  0%| F|  |TAMS 0x0000000084500000, 0x0000000084500000| Untracked 
|  48|0x0000000084600000, 0x0000000084600000, 0x0000000084700000|  0%| F|  |TAMS 0x0000000084600000, 0x0000000084600000| Untracked 
|  49|0x0000000084700000, 0x0000000084700000, 0x0000000084800000|  0%| F|  |TAMS 0x0000000084700000, 0x0000000084700000| Untracked 
|  50|0x0000000084800000, 0x0000000084800000, 0x0000000084900000|  0%| F|  |TAMS 0x0000000084800000, 0x0000000084800000| Untracked 
|  51|0x0000000084900000, 0x0000000084900000, 0x0000000084a00000|  0%| F|  |TAMS 0x0000000084900000, 0x0000000084900000| Untracked 
|  52|0x0000000084a00000, 0x0000000084a00000, 0x0000000084b00000|  0%| F|  |TAMS 0x0000000084a00000, 0x0000000084a00000| Untracked 
|  53|0x0000000084b00000, 0x0000000084b00000, 0x0000000084c00000|  0%| F|  |TAMS 0x0000000084b00000, 0x0000000084b00000| Untracked 
|  54|0x0000000084c00000, 0x0000000084c00000, 0x0000000084d00000|  0%| F|  |TAMS 0x0000000084c00000, 0x0000000084c00000| Untracked 
|  55|0x0000000084d00000, 0x0000000084d00000, 0x0000000084e00000|  0%| F|  |TAMS 0x0000000084d00000, 0x0000000084d00000| Untracked 
|  56|0x0000000084e00000, 0x0000000084e00000, 0x0000000084f00000|  0%| F|  |TAMS 0x0000000084e00000, 0x0000000084e00000| Untracked 
|  57|0x0000000084f00000, 0x0000000084f00000, 0x0000000085000000|  0%| F|  |TAMS 0x0000000084f00000, 0x0000000084f00000| Untracked 
|  58|0x0000000085000000, 0x0000000085000000, 0x0000000085100000|  0%| F|  |TAMS 0x0000000085000000, 0x0000000085000000| Untracked 
|  59|0x0000000085100000, 0x0000000085100000, 0x0000000085200000|  0%| F|  |TAMS 0x0000000085100000, 0x0000000085100000| Untracked 
|  60|0x0000000085200000, 0x0000000085200000, 0x0000000085300000|  0%| F|  |TAMS 0x0000000085200000, 0x0000000085200000| Untracked 
|  61|0x0000000085300000, 0x0000000085300000, 0x0000000085400000|  0%| F|  |TAMS 0x0000000085300000, 0x0000000085300000| Untracked 
|  62|0x0000000085400000, 0x0000000085400000, 0x0000000085500000|  0%| F|  |TAMS 0x0000000085400000, 0x0000000085400000| Untracked 
|  63|0x0000000085500000, 0x0000000085500000, 0x0000000085600000|  0%| F|  |TAMS 0x0000000085500000, 0x0000000085500000| Untracked 
|  64|0x0000000085600000, 0x0000000085600000, 0x0000000085700000|  0%| F|  |TAMS 0x0000000085600000, 0x0000000085600000| Untracked 
|  65|0x0000000085700000, 0x0000000085700000, 0x0000000085800000|  0%| F|  |TAMS 0x0000000085700000, 0x0000000085700000| Untracked 
|  66|0x0000000085800000, 0x0000000085800000, 0x0000000085900000|  0%| F|  |TAMS 0x0000000085800000, 0x0000000085800000| Untracked 
|  67|0x0000000085900000, 0x0000000085900000, 0x0000000085a00000|  0%| F|  |TAMS 0x0000000085900000, 0x0000000085900000| Untracked 
|  68|0x0000000085a00000, 0x0000000085a00000, 0x0000000085b00000|  0%| F|  |TAMS 0x0000000085a00000, 0x0000000085a00000| Untracked 
|  69|0x0000000085b00000, 0x0000000085b00000, 0x0000000085c00000|  0%| F|  |TAMS 0x0000000085b00000, 0x0000000085b00000| Untracked 
|  70|0x0000000085c00000, 0x0000000085c00000, 0x0000000085d00000|  0%| F|  |TAMS 0x0000000085c00000, 0x0000000085c00000| Untracked 
|  71|0x0000000085d00000, 0x0000000085d00000, 0x0000000085e00000|  0%| F|  |TAMS 0x0000000085d00000, 0x0000000085d00000| Untracked 
|  72|0x0000000085e00000, 0x0000000085e00000, 0x0000000085f00000|  0%| F|  |TAMS 0x0000000085e00000, 0x0000000085e00000| Untracked 
|  73|0x0000000085f00000, 0x0000000085f00000, 0x0000000086000000|  0%| F|  |TAMS 0x0000000085f00000, 0x0000000085f00000| Untracked 
|  74|0x0000000086000000, 0x0000000086000000, 0x0000000086100000|  0%| F|  |TAMS 0x0000000086000000, 0x0000000086000000| Untracked 
|  75|0x0000000086100000, 0x0000000086100000, 0x0000000086200000|  0%| F|  |TAMS 0x0000000086100000, 0x0000000086100000| Untracked 
|  76|0x0000000086200000, 0x0000000086200000, 0x0000000086300000|  0%| F|  |TAMS 0x0000000086200000, 0x0000000086200000| Untracked 
|  77|0x0000000086300000, 0x0000000086300000, 0x0000000086400000|  0%| F|  |TAMS 0x0000000086300000, 0x0000000086300000| Untracked 
|  78|0x0000000086400000, 0x0000000086400000, 0x0000000086500000|  0%| F|  |TAMS 0x0000000086400000, 0x0000000086400000| Untracked 
|  79|0x0000000086500000, 0x0000000086500000, 0x0000000086600000|  0%| F|  |TAMS 0x0000000086500000, 0x0000000086500000| Untracked 
|  80|0x0000000086600000, 0x0000000086600000, 0x0000000086700000|  0%| F|  |TAMS 0x0000000086600000, 0x0000000086600000| Untracked 
|  81|0x0000000086700000, 0x0000000086700000, 0x0000000086800000|  0%| F|  |TAMS 0x0000000086700000, 0x0000000086700000| Untracked 
|  82|0x0000000086800000, 0x0000000086800000, 0x0000000086900000|  0%| F|  |TAMS 0x0000000086800000, 0x0000000086800000| Untracked 
|  83|0x0000000086900000, 0x0000000086900000, 0x0000000086a00000|  0%| F|  |TAMS 0x0000000086900000, 0x0000000086900000| Untracked 
|  84|0x0000000086a00000, 0x0000000086a00000, 0x0000000086b00000|  0%| F|  |TAMS 0x0000000086a00000, 0x0000000086a00000| Untracked 
|  85|0x0000000086b00000, 0x0000000086b00000, 0x0000000086c00000|  0%| F|  |TAMS 0x0000000086b00000, 0x0000000086b00000| Untracked 
|  86|0x0000000086c00000, 0x0000000086c00000, 0x0000000086d00000|  0%| F|  |TAMS 0x0000000086c00000, 0x0000000086c00000| Untracked 
|  87|0x0000000086d00000, 0x0000000086d00000, 0x0000000086e00000|  0%| F|  |TAMS 0x0000000086d00000, 0x0000000086d00000| Untracked 
|  88|0x0000000086e00000, 0x0000000086e00000, 0x0000000086f00000|  0%| F|  |TAMS 0x0000000086e00000, 0x0000000086e00000| Untracked 
|  89|0x0000000086f00000, 0x0000000086f00000, 0x0000000087000000|  0%| F|  |TAMS 0x0000000086f00000, 0x0000000086f00000| Untracked 
|  90|0x0000000087000000, 0x0000000087000000, 0x0000000087100000|  0%| F|  |TAMS 0x0000000087000000, 0x0000000087000000| Untracked 
|  91|0x0000000087100000, 0x0000000087100000, 0x0000000087200000|  0%| F|  |TAMS 0x0000000087100000, 0x0000000087100000| Untracked 
|  92|0x0000000087200000, 0x0000000087200000, 0x0000000087300000|  0%| F|  |TAMS 0x0000000087200000, 0x0000000087200000| Untracked 
|  93|0x0000000087300000, 0x0000000087300000, 0x0000000087400000|  0%| F|  |TAMS 0x0000000087300000, 0x0000000087300000| Untracked 
|  94|0x0000000087400000, 0x0000000087400000, 0x0000000087500000|  0%| F|  |TAMS 0x0000000087400000, 0x0000000087400000| Untracked 
|  95|0x0000000087500000, 0x0000000087500000, 0x0000000087600000|  0%| F|  |TAMS 0x0000000087500000, 0x0000000087500000| Untracked 
|  96|0x0000000087600000, 0x0000000087600000, 0x0000000087700000|  0%| F|  |TAMS 0x0000000087600000, 0x0000000087600000| Untracked 
|  97|0x0000000087700000, 0x0000000087700000, 0x0000000087800000|  0%| F|  |TAMS 0x0000000087700000, 0x0000000087700000| Untracked 
|  98|0x0000000087800000, 0x0000000087800000, 0x0000000087900000|  0%| F|  |TAMS 0x0000000087800000, 0x0000000087800000| Untracked 
|  99|0x0000000087900000, 0x00000000879deba0, 0x0000000087a00000| 87%| S|CS|TAMS 0x0000000087900000, 0x0000000087900000| Complete 
| 100|0x0000000087a00000, 0x0000000087b00000, 0x0000000087b00000|100%| S|CS|TAMS 0x0000000087a00000, 0x0000000087a00000| Complete 
| 101|0x0000000087b00000, 0x0000000087c00000, 0x0000000087c00000|100%| S|CS|TAMS 0x0000000087b00000, 0x0000000087b00000| Complete 
| 102|0x0000000087c00000, 0x0000000087d00000, 0x0000000087d00000|100%| S|CS|TAMS 0x0000000087c00000, 0x0000000087c00000| Complete 
| 103|0x0000000087d00000, 0x0000000087e00000, 0x0000000087e00000|100%| S|CS|TAMS 0x0000000087d00000, 0x0000000087d00000| Complete 
| 104|0x0000000087e00000, 0x0000000087e00000, 0x0000000087f00000|  0%| F|  |TAMS 0x0000000087e00000, 0x0000000087e00000| Untracked 
| 105|0x0000000087f00000, 0x0000000087f00000, 0x0000000088000000|  0%| F|  |TAMS 0x0000000087f00000, 0x0000000087f00000| Untracked 
| 106|0x0000000088000000, 0x0000000088000000, 0x0000000088100000|  0%| F|  |TAMS 0x0000000088000000, 0x0000000088000000| Untracked 
| 107|0x0000000088100000, 0x0000000088100000, 0x0000000088200000|  0%| F|  |TAMS 0x0000000088100000, 0x0000000088100000| Untracked 
| 108|0x0000000088200000, 0x0000000088200000, 0x0000000088300000|  0%| F|  |TAMS 0x0000000088200000, 0x0000000088200000| Untracked 
| 109|0x0000000088300000, 0x0000000088300000, 0x0000000088400000|  0%| F|  |TAMS 0x0000000088300000, 0x0000000088300000| Untracked 
| 110|0x0000000088400000, 0x0000000088400000, 0x0000000088500000|  0%| F|  |TAMS 0x0000000088400000, 0x0000000088400000| Untracked 
| 111|0x0000000088500000, 0x0000000088500000, 0x0000000088600000|  0%| F|  |TAMS 0x0000000088500000, 0x0000000088500000| Untracked 
| 112|0x0000000088600000, 0x0000000088600000, 0x0000000088700000|  0%| F|  |TAMS 0x0000000088600000, 0x0000000088600000| Untracked 
| 113|0x0000000088700000, 0x0000000088700000, 0x0000000088800000|  0%| F|  |TAMS 0x0000000088700000, 0x0000000088700000| Untracked 
| 114|0x0000000088800000, 0x0000000088800000, 0x0000000088900000|  0%| F|  |TAMS 0x0000000088800000, 0x0000000088800000| Untracked 
| 115|0x0000000088900000, 0x0000000088900000, 0x0000000088a00000|  0%| F|  |TAMS 0x0000000088900000, 0x0000000088900000| Untracked 
| 116|0x0000000088a00000, 0x0000000088a00000, 0x0000000088b00000|  0%| F|  |TAMS 0x0000000088a00000, 0x0000000088a00000| Untracked 
| 117|0x0000000088b00000, 0x0000000088b00000, 0x0000000088c00000|  0%| F|  |TAMS 0x0000000088b00000, 0x0000000088b00000| Untracked 
| 118|0x0000000088c00000, 0x0000000088c00000, 0x0000000088d00000|  0%| F|  |TAMS 0x0000000088c00000, 0x0000000088c00000| Untracked 
| 119|0x0000000088d00000, 0x0000000088d00000, 0x0000000088e00000|  0%| F|  |TAMS 0x0000000088d00000, 0x0000000088d00000| Untracked 
| 120|0x0000000088e00000, 0x0000000088e00000, 0x0000000088f00000|  0%| F|  |TAMS 0x0000000088e00000, 0x0000000088e00000| Untracked 
| 121|0x0000000088f00000, 0x0000000088f00000, 0x0000000089000000|  0%| F|  |TAMS 0x0000000088f00000, 0x0000000088f00000| Untracked 
| 122|0x0000000089000000, 0x0000000089000000, 0x0000000089100000|  0%| F|  |TAMS 0x0000000089000000, 0x0000000089000000| Untracked 
| 123|0x0000000089100000, 0x0000000089100000, 0x0000000089200000|  0%| F|  |TAMS 0x0000000089100000, 0x0000000089100000| Untracked 
| 124|0x0000000089200000, 0x0000000089200000, 0x0000000089300000|  0%| F|  |TAMS 0x0000000089200000, 0x0000000089200000| Untracked 
| 125|0x0000000089300000, 0x0000000089300000, 0x0000000089400000|  0%| F|  |TAMS 0x0000000089300000, 0x0000000089300000| Untracked 
| 126|0x0000000089400000, 0x0000000089400000, 0x0000000089500000|  0%| F|  |TAMS 0x0000000089400000, 0x0000000089400000| Untracked 
| 127|0x0000000089500000, 0x0000000089500000, 0x0000000089600000|  0%| F|  |TAMS 0x0000000089500000, 0x0000000089500000| Untracked 
| 128|0x0000000089600000, 0x0000000089600000, 0x0000000089700000|  0%| F|  |TAMS 0x0000000089600000, 0x0000000089600000| Untracked 
| 129|0x0000000089700000, 0x0000000089700000, 0x0000000089800000|  0%| F|  |TAMS 0x0000000089700000, 0x0000000089700000| Untracked 
| 130|0x0000000089800000, 0x0000000089800000, 0x0000000089900000|  0%| F|  |TAMS 0x0000000089800000, 0x0000000089800000| Untracked 
| 131|0x0000000089900000, 0x0000000089900000, 0x0000000089a00000|  0%| F|  |TAMS 0x0000000089900000, 0x0000000089900000| Untracked 
| 132|0x0000000089a00000, 0x0000000089a00000, 0x0000000089b00000|  0%| F|  |TAMS 0x0000000089a00000, 0x0000000089a00000| Untracked 
| 133|0x0000000089b00000, 0x0000000089b00000, 0x0000000089c00000|  0%| F|  |TAMS 0x0000000089b00000, 0x0000000089b00000| Untracked 
| 134|0x0000000089c00000, 0x0000000089c00000, 0x0000000089d00000|  0%| F|  |TAMS 0x0000000089c00000, 0x0000000089c00000| Untracked 
| 135|0x0000000089d00000, 0x0000000089d00000, 0x0000000089e00000|  0%| F|  |TAMS 0x0000000089d00000, 0x0000000089d00000| Untracked 
| 136|0x0000000089e00000, 0x0000000089e00000, 0x0000000089f00000|  0%| F|  |TAMS 0x0000000089e00000, 0x0000000089e00000| Untracked 
| 137|0x0000000089f00000, 0x0000000089f00000, 0x000000008a000000|  0%| F|  |TAMS 0x0000000089f00000, 0x0000000089f00000| Untracked 
| 138|0x000000008a000000, 0x000000008a000000, 0x000000008a100000|  0%| F|  |TAMS 0x000000008a000000, 0x000000008a000000| Untracked 
| 139|0x000000008a100000, 0x000000008a100000, 0x000000008a200000|  0%| F|  |TAMS 0x000000008a100000, 0x000000008a100000| Untracked 
| 140|0x000000008a200000, 0x000000008a200000, 0x000000008a300000|  0%| F|  |TAMS 0x000000008a200000, 0x000000008a200000| Untracked 
| 141|0x000000008a300000, 0x000000008a300000, 0x000000008a400000|  0%| F|  |TAMS 0x000000008a300000, 0x000000008a300000| Untracked 
| 142|0x000000008a400000, 0x000000008a400000, 0x000000008a500000|  0%| F|  |TAMS 0x000000008a400000, 0x000000008a400000| Untracked 
| 143|0x000000008a500000, 0x000000008a500000, 0x000000008a600000|  0%| F|  |TAMS 0x000000008a500000, 0x000000008a500000| Untracked 
| 144|0x000000008a600000, 0x000000008a600000, 0x000000008a700000|  0%| F|  |TAMS 0x000000008a600000, 0x000000008a600000| Untracked 
| 145|0x000000008a700000, 0x000000008a700000, 0x000000008a800000|  0%| F|  |TAMS 0x000000008a700000, 0x000000008a700000| Untracked 
| 146|0x000000008a800000, 0x000000008a800000, 0x000000008a900000|  0%| F|  |TAMS 0x000000008a800000, 0x000000008a800000| Untracked 
| 147|0x000000008a900000, 0x000000008a900000, 0x000000008aa00000|  0%| F|  |TAMS 0x000000008a900000, 0x000000008a900000| Untracked 
| 148|0x000000008aa00000, 0x000000008aa00000, 0x000000008ab00000|  0%| F|  |TAMS 0x000000008aa00000, 0x000000008aa00000| Untracked 
| 149|0x000000008ab00000, 0x000000008ab00000, 0x000000008ac00000|  0%| F|  |TAMS 0x000000008ab00000, 0x000000008ab00000| Untracked 
| 150|0x000000008ac00000, 0x000000008ac00000, 0x000000008ad00000|  0%| F|  |TAMS 0x000000008ac00000, 0x000000008ac00000| Untracked 
| 151|0x000000008ad00000, 0x000000008ad00000, 0x000000008ae00000|  0%| F|  |TAMS 0x000000008ad00000, 0x000000008ad00000| Untracked 
| 152|0x000000008ae00000, 0x000000008ae00000, 0x000000008af00000|  0%| F|  |TAMS 0x000000008ae00000, 0x000000008ae00000| Untracked 
| 153|0x000000008af00000, 0x000000008af00000, 0x000000008b000000|  0%| F|  |TAMS 0x000000008af00000, 0x000000008af00000| Untracked 
| 154|0x000000008b000000, 0x000000008b000000, 0x000000008b100000|  0%| F|  |TAMS 0x000000008b000000, 0x000000008b000000| Untracked 
| 155|0x000000008b100000, 0x000000008b100000, 0x000000008b200000|  0%| F|  |TAMS 0x000000008b100000, 0x000000008b100000| Untracked 
| 156|0x000000008b200000, 0x000000008b200000, 0x000000008b300000|  0%| F|  |TAMS 0x000000008b200000, 0x000000008b200000| Untracked 
| 157|0x000000008b300000, 0x000000008b300000, 0x000000008b400000|  0%| F|  |TAMS 0x000000008b300000, 0x000000008b300000| Untracked 
| 158|0x000000008b400000, 0x000000008b400000, 0x000000008b500000|  0%| F|  |TAMS 0x000000008b400000, 0x000000008b400000| Untracked 
| 159|0x000000008b500000, 0x000000008b500000, 0x000000008b600000|  0%| F|  |TAMS 0x000000008b500000, 0x000000008b500000| Untracked 
| 160|0x000000008b600000, 0x000000008b600000, 0x000000008b700000|  0%| F|  |TAMS 0x000000008b600000, 0x000000008b600000| Untracked 
| 161|0x000000008b700000, 0x000000008b700000, 0x000000008b800000|  0%| F|  |TAMS 0x000000008b700000, 0x000000008b700000| Untracked 
| 162|0x000000008b800000, 0x000000008b800000, 0x000000008b900000|  0%| F|  |TAMS 0x000000008b800000, 0x000000008b800000| Untracked 
| 163|0x000000008b900000, 0x000000008b900000, 0x000000008ba00000|  0%| F|  |TAMS 0x000000008b900000, 0x000000008b900000| Untracked 
| 164|0x000000008ba00000, 0x000000008ba00000, 0x000000008bb00000|  0%| F|  |TAMS 0x000000008ba00000, 0x000000008ba00000| Untracked 
| 165|0x000000008bb00000, 0x000000008bb00000, 0x000000008bc00000|  0%| F|  |TAMS 0x000000008bb00000, 0x000000008bb00000| Untracked 
| 166|0x000000008bc00000, 0x000000008bc00000, 0x000000008bd00000|  0%| F|  |TAMS 0x000000008bc00000, 0x000000008bc00000| Untracked 
| 167|0x000000008bd00000, 0x000000008bd00000, 0x000000008be00000|  0%| F|  |TAMS 0x000000008bd00000, 0x000000008bd00000| Untracked 
| 168|0x000000008be00000, 0x000000008be00000, 0x000000008bf00000|  0%| F|  |TAMS 0x000000008be00000, 0x000000008be00000| Untracked 
| 169|0x000000008bf00000, 0x000000008bf00000, 0x000000008c000000|  0%| F|  |TAMS 0x000000008bf00000, 0x000000008bf00000| Untracked 
| 170|0x000000008c000000, 0x000000008c000000, 0x000000008c100000|  0%| F|  |TAMS 0x000000008c000000, 0x000000008c000000| Untracked 
| 171|0x000000008c100000, 0x000000008c100000, 0x000000008c200000|  0%| F|  |TAMS 0x000000008c100000, 0x000000008c100000| Untracked 
| 172|0x000000008c200000, 0x000000008c200000, 0x000000008c300000|  0%| F|  |TAMS 0x000000008c200000, 0x000000008c200000| Untracked 
| 173|0x000000008c300000, 0x000000008c300000, 0x000000008c400000|  0%| F|  |TAMS 0x000000008c300000, 0x000000008c300000| Untracked 
| 174|0x000000008c400000, 0x000000008c400000, 0x000000008c500000|  0%| F|  |TAMS 0x000000008c400000, 0x000000008c400000| Untracked 
| 175|0x000000008c500000, 0x000000008c500000, 0x000000008c600000|  0%| F|  |TAMS 0x000000008c500000, 0x000000008c500000| Untracked 
| 176|0x000000008c600000, 0x000000008c600000, 0x000000008c700000|  0%| F|  |TAMS 0x000000008c600000, 0x000000008c600000| Untracked 
| 177|0x000000008c700000, 0x000000008c700000, 0x000000008c800000|  0%| F|  |TAMS 0x000000008c700000, 0x000000008c700000| Untracked 
| 178|0x000000008c800000, 0x000000008c800000, 0x000000008c900000|  0%| F|  |TAMS 0x000000008c800000, 0x000000008c800000| Untracked 
| 179|0x000000008c900000, 0x000000008c900000, 0x000000008ca00000|  0%| F|  |TAMS 0x000000008c900000, 0x000000008c900000| Untracked 
| 180|0x000000008ca00000, 0x000000008ca00000, 0x000000008cb00000|  0%| F|  |TAMS 0x000000008ca00000, 0x000000008ca00000| Untracked 
| 181|0x000000008cb00000, 0x000000008cb00000, 0x000000008cc00000|  0%| F|  |TAMS 0x000000008cb00000, 0x000000008cb00000| Untracked 
| 182|0x000000008cc00000, 0x000000008cc00000, 0x000000008cd00000|  0%| F|  |TAMS 0x000000008cc00000, 0x000000008cc00000| Untracked 
| 183|0x000000008cd00000, 0x000000008cd00000, 0x000000008ce00000|  0%| F|  |TAMS 0x000000008cd00000, 0x000000008cd00000| Untracked 
| 184|0x000000008ce00000, 0x000000008ce00000, 0x000000008cf00000|  0%| F|  |TAMS 0x000000008ce00000, 0x000000008ce00000| Untracked 
| 185|0x000000008cf00000, 0x000000008cf00000, 0x000000008d000000|  0%| F|  |TAMS 0x000000008cf00000, 0x000000008cf00000| Untracked 
| 186|0x000000008d000000, 0x000000008d000000, 0x000000008d100000|  0%| F|  |TAMS 0x000000008d000000, 0x000000008d000000| Untracked 
| 187|0x000000008d100000, 0x000000008d100000, 0x000000008d200000|  0%| F|  |TAMS 0x000000008d100000, 0x000000008d100000| Untracked 
| 188|0x000000008d200000, 0x000000008d200000, 0x000000008d300000|  0%| F|  |TAMS 0x000000008d200000, 0x000000008d200000| Untracked 
| 189|0x000000008d300000, 0x000000008d300000, 0x000000008d400000|  0%| F|  |TAMS 0x000000008d300000, 0x000000008d300000| Untracked 
| 190|0x000000008d400000, 0x000000008d400000, 0x000000008d500000|  0%| F|  |TAMS 0x000000008d400000, 0x000000008d400000| Untracked 
| 191|0x000000008d500000, 0x000000008d500000, 0x000000008d600000|  0%| F|  |TAMS 0x000000008d500000, 0x000000008d500000| Untracked 
| 192|0x000000008d600000, 0x000000008d600000, 0x000000008d700000|  0%| F|  |TAMS 0x000000008d600000, 0x000000008d600000| Untracked 
| 193|0x000000008d700000, 0x000000008d700000, 0x000000008d800000|  0%| F|  |TAMS 0x000000008d700000, 0x000000008d700000| Untracked 
| 194|0x000000008d800000, 0x000000008d800000, 0x000000008d900000|  0%| F|  |TAMS 0x000000008d800000, 0x000000008d800000| Untracked 
| 195|0x000000008d900000, 0x000000008d900000, 0x000000008da00000|  0%| F|  |TAMS 0x000000008d900000, 0x000000008d900000| Untracked 
| 196|0x000000008da00000, 0x000000008da00000, 0x000000008db00000|  0%| F|  |TAMS 0x000000008da00000, 0x000000008da00000| Untracked 
| 197|0x000000008db00000, 0x000000008db00000, 0x000000008dc00000|  0%| F|  |TAMS 0x000000008db00000, 0x000000008db00000| Untracked 
| 198|0x000000008dc00000, 0x000000008dc00000, 0x000000008dd00000|  0%| F|  |TAMS 0x000000008dc00000, 0x000000008dc00000| Untracked 
| 199|0x000000008dd00000, 0x000000008dd00000, 0x000000008de00000|  0%| F|  |TAMS 0x000000008dd00000, 0x000000008dd00000| Untracked 
| 200|0x000000008de00000, 0x000000008de00000, 0x000000008df00000|  0%| F|  |TAMS 0x000000008de00000, 0x000000008de00000| Untracked 
| 201|0x000000008df00000, 0x000000008df00000, 0x000000008e000000|  0%| F|  |TAMS 0x000000008df00000, 0x000000008df00000| Untracked 
| 202|0x000000008e000000, 0x000000008e000000, 0x000000008e100000|  0%| F|  |TAMS 0x000000008e000000, 0x000000008e000000| Untracked 
| 203|0x000000008e100000, 0x000000008e100000, 0x000000008e200000|  0%| F|  |TAMS 0x000000008e100000, 0x000000008e100000| Untracked 
| 204|0x000000008e200000, 0x000000008e200000, 0x000000008e300000|  0%| F|  |TAMS 0x000000008e200000, 0x000000008e200000| Untracked 
| 205|0x000000008e300000, 0x000000008e300000, 0x000000008e400000|  0%| F|  |TAMS 0x000000008e300000, 0x000000008e300000| Untracked 
| 206|0x000000008e400000, 0x000000008e400000, 0x000000008e500000|  0%| F|  |TAMS 0x000000008e400000, 0x000000008e400000| Untracked 
| 207|0x000000008e500000, 0x000000008e500000, 0x000000008e600000|  0%| F|  |TAMS 0x000000008e500000, 0x000000008e500000| Untracked 
| 208|0x000000008e600000, 0x000000008e600000, 0x000000008e700000|  0%| F|  |TAMS 0x000000008e600000, 0x000000008e600000| Untracked 
| 209|0x000000008e700000, 0x000000008e700000, 0x000000008e800000|  0%| F|  |TAMS 0x000000008e700000, 0x000000008e700000| Untracked 
| 210|0x000000008e800000, 0x000000008e800000, 0x000000008e900000|  0%| F|  |TAMS 0x000000008e800000, 0x000000008e800000| Untracked 
| 211|0x000000008e900000, 0x000000008e900000, 0x000000008ea00000|  0%| F|  |TAMS 0x000000008e900000, 0x000000008e900000| Untracked 
| 212|0x000000008ea00000, 0x000000008ea00000, 0x000000008eb00000|  0%| F|  |TAMS 0x000000008ea00000, 0x000000008ea00000| Untracked 
| 213|0x000000008eb00000, 0x000000008eb00000, 0x000000008ec00000|  0%| F|  |TAMS 0x000000008eb00000, 0x000000008eb00000| Untracked 
| 214|0x000000008ec00000, 0x000000008ec00000, 0x000000008ed00000|  0%| F|  |TAMS 0x000000008ec00000, 0x000000008ec00000| Untracked 
| 215|0x000000008ed00000, 0x000000008ed00000, 0x000000008ee00000|  0%| F|  |TAMS 0x000000008ed00000, 0x000000008ed00000| Untracked 
| 216|0x000000008ee00000, 0x000000008ee00000, 0x000000008ef00000|  0%| F|  |TAMS 0x000000008ee00000, 0x000000008ee00000| Untracked 
| 217|0x000000008ef00000, 0x000000008ef00000, 0x000000008f000000|  0%| F|  |TAMS 0x000000008ef00000, 0x000000008ef00000| Untracked 
| 218|0x000000008f000000, 0x000000008f000000, 0x000000008f100000|  0%| F|  |TAMS 0x000000008f000000, 0x000000008f000000| Untracked 
| 219|0x000000008f100000, 0x000000008f100000, 0x000000008f200000|  0%| F|  |TAMS 0x000000008f100000, 0x000000008f100000| Untracked 
| 220|0x000000008f200000, 0x000000008f200000, 0x000000008f300000|  0%| F|  |TAMS 0x000000008f200000, 0x000000008f200000| Untracked 
| 221|0x000000008f300000, 0x000000008f300000, 0x000000008f400000|  0%| F|  |TAMS 0x000000008f300000, 0x000000008f300000| Untracked 
| 222|0x000000008f400000, 0x000000008f400000, 0x000000008f500000|  0%| F|  |TAMS 0x000000008f400000, 0x000000008f400000| Untracked 
| 223|0x000000008f500000, 0x000000008f500000, 0x000000008f600000|  0%| F|  |TAMS 0x000000008f500000, 0x000000008f500000| Untracked 
| 224|0x000000008f600000, 0x000000008f600000, 0x000000008f700000|  0%| F|  |TAMS 0x000000008f600000, 0x000000008f600000| Untracked 
| 225|0x000000008f700000, 0x000000008f700000, 0x000000008f800000|  0%| F|  |TAMS 0x000000008f700000, 0x000000008f700000| Untracked 
| 226|0x000000008f800000, 0x000000008f800000, 0x000000008f900000|  0%| F|  |TAMS 0x000000008f800000, 0x000000008f800000| Untracked 
| 227|0x000000008f900000, 0x000000008f900000, 0x000000008fa00000|  0%| F|  |TAMS 0x000000008f900000, 0x000000008f900000| Untracked 
| 228|0x000000008fa00000, 0x000000008fa00000, 0x000000008fb00000|  0%| F|  |TAMS 0x000000008fa00000, 0x000000008fa00000| Untracked 
| 229|0x000000008fb00000, 0x000000008fb00000, 0x000000008fc00000|  0%| F|  |TAMS 0x000000008fb00000, 0x000000008fb00000| Untracked 
| 230|0x000000008fc00000, 0x000000008fc00000, 0x000000008fd00000|  0%| F|  |TAMS 0x000000008fc00000, 0x000000008fc00000| Untracked 
| 231|0x000000008fd00000, 0x000000008fd00000, 0x000000008fe00000|  0%| F|  |TAMS 0x000000008fd00000, 0x000000008fd00000| Untracked 
| 232|0x000000008fe00000, 0x000000008fe00000, 0x000000008ff00000|  0%| F|  |TAMS 0x000000008fe00000, 0x000000008fe00000| Untracked 
| 233|0x000000008ff00000, 0x000000008ff00000, 0x0000000090000000|  0%| F|  |TAMS 0x000000008ff00000, 0x000000008ff00000| Untracked 
| 234|0x0000000090000000, 0x0000000090000000, 0x0000000090100000|  0%| F|  |TAMS 0x0000000090000000, 0x0000000090000000| Untracked 
| 235|0x0000000090100000, 0x0000000090100000, 0x0000000090200000|  0%| F|  |TAMS 0x0000000090100000, 0x0000000090100000| Untracked 
| 236|0x0000000090200000, 0x0000000090200000, 0x0000000090300000|  0%| F|  |TAMS 0x0000000090200000, 0x0000000090200000| Untracked 
| 237|0x0000000090300000, 0x0000000090300000, 0x0000000090400000|  0%| F|  |TAMS 0x0000000090300000, 0x0000000090300000| Untracked 
| 238|0x0000000090400000, 0x0000000090400000, 0x0000000090500000|  0%| F|  |TAMS 0x0000000090400000, 0x0000000090400000| Untracked 
| 239|0x0000000090500000, 0x0000000090500000, 0x0000000090600000|  0%| F|  |TAMS 0x0000000090500000, 0x0000000090500000| Untracked 
| 240|0x0000000090600000, 0x0000000090600000, 0x0000000090700000|  0%| F|  |TAMS 0x0000000090600000, 0x0000000090600000| Untracked 
| 241|0x0000000090700000, 0x0000000090700000, 0x0000000090800000|  0%| F|  |TAMS 0x0000000090700000, 0x0000000090700000| Untracked 
| 242|0x0000000090800000, 0x0000000090800000, 0x0000000090900000|  0%| F|  |TAMS 0x0000000090800000, 0x0000000090800000| Untracked 
| 243|0x0000000090900000, 0x0000000090900000, 0x0000000090a00000|  0%| F|  |TAMS 0x0000000090900000, 0x0000000090900000| Untracked 
| 244|0x0000000090a00000, 0x0000000090a00000, 0x0000000090b00000|  0%| F|  |TAMS 0x0000000090a00000, 0x0000000090a00000| Untracked 
| 245|0x0000000090b00000, 0x0000000090b00000, 0x0000000090c00000|  0%| F|  |TAMS 0x0000000090b00000, 0x0000000090b00000| Untracked 
| 246|0x0000000090c00000, 0x0000000090c00000, 0x0000000090d00000|  0%| F|  |TAMS 0x0000000090c00000, 0x0000000090c00000| Untracked 
| 247|0x0000000090d00000, 0x0000000090d00000, 0x0000000090e00000|  0%| F|  |TAMS 0x0000000090d00000, 0x0000000090d00000| Untracked 
| 248|0x0000000090e00000, 0x0000000090e00000, 0x0000000090f00000|  0%| F|  |TAMS 0x0000000090e00000, 0x0000000090e00000| Untracked 
| 249|0x0000000090f00000, 0x0000000090f00000, 0x0000000091000000|  0%| F|  |TAMS 0x0000000090f00000, 0x0000000090f00000| Untracked 
| 250|0x0000000091000000, 0x0000000091000000, 0x0000000091100000|  0%| F|  |TAMS 0x0000000091000000, 0x0000000091000000| Untracked 
| 251|0x0000000091100000, 0x0000000091100000, 0x0000000091200000|  0%| F|  |TAMS 0x0000000091100000, 0x0000000091100000| Untracked 
| 252|0x0000000091200000, 0x0000000091200000, 0x0000000091300000|  0%| F|  |TAMS 0x0000000091200000, 0x0000000091200000| Untracked 
| 253|0x0000000091300000, 0x0000000091300000, 0x0000000091400000|  0%| F|  |TAMS 0x0000000091300000, 0x0000000091300000| Untracked 
| 254|0x0000000091400000, 0x0000000091400000, 0x0000000091500000|  0%| F|  |TAMS 0x0000000091400000, 0x0000000091400000| Untracked 
| 255|0x0000000091500000, 0x0000000091500000, 0x0000000091600000|  0%| F|  |TAMS 0x0000000091500000, 0x0000000091500000| Untracked 
| 256|0x0000000091600000, 0x0000000091600000, 0x0000000091700000|  0%| F|  |TAMS 0x0000000091600000, 0x0000000091600000| Untracked 
| 257|0x0000000091700000, 0x0000000091700000, 0x0000000091800000|  0%| F|  |TAMS 0x0000000091700000, 0x0000000091700000| Untracked 
| 258|0x0000000091800000, 0x0000000091800000, 0x0000000091900000|  0%| F|  |TAMS 0x0000000091800000, 0x0000000091800000| Untracked 

Card table byte_map: [0x00000133cf9a0000,0x00000133cfda0000] _byte_map_base: 0x00000133cf595000

Marking Bits (Prev, Next): (CMBitMap*) 0x00000133b6e48390, (CMBitMap*) 0x00000133b6e483d0
 Prev Bits: [0x00000133d01a0000, 0x00000133d2148000)
 Next Bits: [0x00000133d2150000, 0x00000133d40f8000)

Polling page: 0x00000133b4d80000

Metaspace:

Usage:
  Non-class:     13.04 MB used.
      Class:      1.93 MB used.
       Both:     14.98 MB used.

Virtual space:
  Non-class space:       64.00 MB reserved,      13.25 MB ( 21%) committed,  1 nodes.
      Class space:        1.00 GB reserved,       2.12 MB ( <1%) committed,  1 nodes.
             Both:        1.06 GB reserved,      15.38 MB (  1%) committed. 

Chunk freelists:
   Non-Class:  1.55 MB
       Class:  1.91 MB
        Both:  3.45 MB

MaxMetaspaceSize: unlimited
CompressedClassSpaceSize: 1.00 GB
Initial GC threshold: 21.00 MB
Current GC threshold: 21.00 MB
CDS: on
MetaspaceReclaimPolicy: balanced
 - commit_granule_bytes: 65536.
 - commit_granule_words: 8192.
 - virtual_space_node_default_size: 8388608.
 - enlarge_chunks_in_place: 1.
 - new_chunks_are_fully_committed: 0.
 - uncommit_free_chunks: 1.
 - use_allocation_guard: 0.


Internal statistics:

num_allocs_failed_limit: 0.
num_arena_births: 332.
num_arena_deaths: 0.
num_vsnodes_births: 2.
num_vsnodes_deaths: 0.
num_space_committed: 246.
num_space_uncommitted: 0.
num_chunks_returned_to_freelist: 0.
num_chunks_taken_from_freelist: 885.
num_chunk_merges: 0.
num_chunk_splits: 624.
num_chunks_enlarged: 478.
num_inconsistent_stats: 0.

CodeHeap 'non-profiled nmethods': size=120000Kb used=2668Kb max_used=2668Kb free=117331Kb
 bounds [0x00000133c7b20000, 0x00000133c7dc0000, 0x00000133cf050000]
CodeHeap 'profiled nmethods': size=120000Kb used=9435Kb max_used=9435Kb free=110564Kb
 bounds [0x00000133c0050000, 0x00000133c0990000, 0x00000133c7580000]
CodeHeap 'non-nmethods': size=5760Kb used=1544Kb max_used=1601Kb free=4216Kb
 bounds [0x00000133c7580000, 0x00000133c77f0000, 0x00000133c7b20000]
 total_blobs=5508 nmethods=4675 adapters=743
 compilation: enabled
              stopped_count=0, restarted_count=0
 full_count=0

Compilation events (20 events):
Event: 12.215 Thread 0x00000133e62f5cd0 4670       4       com.sun.javafx.geom.RectBounds::makeEmpty (23 bytes)
Event: 12.216 Thread 0x00000133e62f5cd0 nmethod 4670 0x00000133c7db6d10 code [0x00000133c7db6e80, 0x00000133c7db6f18]
Event: 12.216 Thread 0x00000133e62f5cd0 4653       4       com.sun.javafx.css.ParsedValueImpl::convert (24 bytes)
Event: 12.216 Thread 0x00000133e62f5cd0 nmethod 4653 0x00000133c7db7010 code [0x00000133c7db71a0, 0x00000133c7db7258]
Event: 12.216 Thread 0x00000133e62f5cd0 4667   !   4       java.util.AbstractList$Itr::next (46 bytes)
Event: 12.218 Thread 0x00000133e62f5cd0 nmethod 4667 0x00000133c7db7310 code [0x00000133c7db74a0, 0x00000133c7db75e8]
Event: 12.224 Thread 0x00000133e62f5cd0 4673       4       com.sun.prism.paint.Color::isOpaque (15 bytes)
Event: 12.224 Thread 0x00000133e62f5cd0 nmethod 4673 0x00000133c7db7790 code [0x00000133c7db7940, 0x00000133c7db79d8]
Event: 12.263 Thread 0x00000133d6d6f330 nmethod 4665 0x00000133c0965490 code [0x00000133c0967280, 0x00000133c097dd78]
Event: 12.263 Thread 0x00000133d6d6f330 4674       3       javafx.scene.Node$NodeTransformation::translateXProperty (25 bytes)
Event: 12.264 Thread 0x00000133d6d6f330 nmethod 4674 0x00000133c0985e10 code [0x00000133c0985fe0, 0x00000133c0986388]
Event: 12.264 Thread 0x00000133d6d6f330 4661       3       javafx.scene.shape.Rectangle::setHeight (9 bytes)
Event: 12.264 Thread 0x00000133d6d6f330 nmethod 4661 0x00000133c0986510 code [0x00000133c09866c0, 0x00000133c09868a8]
Event: 12.264 Thread 0x00000133d6d6f330 4669       1       javafx.scene.layout.BorderStroke::getRadii (5 bytes)
Event: 12.264 Thread 0x00000133d6d6f330 nmethod 4669 0x00000133c7db7a90 code [0x00000133c7db7c20, 0x00000133c7db7cd8]
Event: 12.267 Thread 0x00000133e62f5740 nmethod 4657 0x00000133c7db7d90 code [0x00000133c7db80c0, 0x00000133c7db9b60]
Event: 12.271 Thread 0x00000133d6d6f330 4675       1       java.lang.Module::getName (5 bytes)
Event: 12.271 Thread 0x00000133d6d6f330 nmethod 4675 0x00000133c7dbaf10 code [0x00000133c7dbb0a0, 0x00000133c7dbb158]
Event: 12.271 Thread 0x00000133d6d6f330 4676       3       java.lang.String::valueOf (15 bytes)
Event: 12.272 Thread 0x00000133d6d6f330 nmethod 4676 0x00000133c0986990 code [0x00000133c0986b40, 0x00000133c0986d48]

GC Heap History (20 events):
Event: 10.424 GC heap after
{Heap after GC invocations=3 (full 0):
 garbage-first heap   total 131072K, used 30933K [0x0000000081600000, 0x0000000100000000)
  region size 1024K, 7 young (7168K), 7 survivors (7168K)
 Metaspace       used 15027K, committed 15360K, reserved 1114112K
  class space    used 1973K, committed 2176K, reserved 1048576K
}
Event: 12.075 GC heap before
{Heap before GC invocations=3 (full 0):
 garbage-first heap   total 131072K, used 100565K [0x0000000081600000, 0x0000000100000000)
  region size 1024K, 75 young (76800K), 7 survivors (7168K)
 Metaspace       used 15206K, committed 15616K, reserved 1114112K
  class space    used 1976K, committed 2176K, reserved 1048576K
}
Event: 12.080 GC heap after
{Heap after GC invocations=4 (full 0):
 garbage-first heap   total 131072K, used 31273K [0x0000000081600000, 0x0000000100000000)
  region size 1024K, 4 young (4096K), 4 survivors (4096K)
 Metaspace       used 15206K, committed 15616K, reserved 1114112K
  class space    used 1976K, committed 2176K, reserved 1048576K
}
Event: 12.094 GC heap before
{Heap before GC invocations=4 (full 0):
 garbage-first heap   total 131072K, used 103977K [0x0000000081600000, 0x0000000100000000)
  region size 1024K, 74 young (75776K), 4 survivors (4096K)
 Metaspace       used 15216K, committed 15616K, reserved 1114112K
  class space    used 1976K, committed 2176K, reserved 1048576K
}
Event: 12.096 GC heap after
{Heap after GC invocations=5 (full 0):
 garbage-first heap   total 131072K, used 33426K [0x0000000081600000, 0x0000000100000000)
  region size 1024K, 5 young (5120K), 5 survivors (5120K)
 Metaspace       used 15216K, committed 15616K, reserved 1114112K
  class space    used 1976K, committed 2176K, reserved 1048576K
}
Event: 12.113 GC heap before
{Heap before GC invocations=5 (full 0):
 garbage-first heap   total 131072K, used 105106K [0x0000000081600000, 0x0000000100000000)
  region size 1024K, 75 young (76800K), 5 survivors (5120K)
 Metaspace       used 15224K, committed 15616K, reserved 1114112K
  class space    used 1976K, committed 2176K, reserved 1048576K
}
Event: 12.116 GC heap after
{Heap after GC invocations=6 (full 0):
 garbage-first heap   total 131072K, used 32936K [0x0000000081600000, 0x0000000100000000)
  region size 1024K, 4 young (4096K), 4 survivors (4096K)
 Metaspace       used 15224K, committed 15616K, reserved 1114112K
  class space    used 1976K, committed 2176K, reserved 1048576K
}
Event: 12.131 GC heap before
{Heap before GC invocations=6 (full 0):
 garbage-first heap   total 131072K, used 106664K [0x0000000081600000, 0x0000000100000000)
  region size 1024K, 76 young (77824K), 4 survivors (4096K)
 Metaspace       used 15250K, committed 15616K, reserved 1114112K
  class space    used 1976K, committed 2176K, reserved 1048576K
}
Event: 12.134 GC heap after
{Heap after GC invocations=7 (full 0):
 garbage-first heap   total 131072K, used 33534K [0x0000000081600000, 0x0000000100000000)
  region size 1024K, 5 young (5120K), 5 survivors (5120K)
 Metaspace       used 15250K, committed 15616K, reserved 1114112K
  class space    used 1976K, committed 2176K, reserved 1048576K
}
Event: 12.150 GC heap before
{Heap before GC invocations=7 (full 0):
 garbage-first heap   total 131072K, used 106238K [0x0000000081600000, 0x0000000100000000)
  region size 1024K, 76 young (77824K), 5 survivors (5120K)
 Metaspace       used 15260K, committed 15616K, reserved 1114112K
  class space    used 1976K, committed 2176K, reserved 1048576K
}
Event: 12.153 GC heap after
{Heap after GC invocations=8 (full 0):
 garbage-first heap   total 131072K, used 33533K [0x0000000081600000, 0x0000000100000000)
  region size 1024K, 5 young (5120K), 5 survivors (5120K)
 Metaspace       used 15260K, committed 15616K, reserved 1114112K
  class space    used 1976K, committed 2176K, reserved 1048576K
}
Event: 12.170 GC heap before
{Heap before GC invocations=8 (full 0):
 garbage-first heap   total 131072K, used 105213K [0x0000000081600000, 0x0000000100000000)
  region size 1024K, 76 young (77824K), 5 survivors (5120K)
 Metaspace       used 15282K, committed 15680K, reserved 1114112K
  class space    used 1976K, committed 2176K, reserved 1048576K
}
Event: 12.173 GC heap after
{Heap after GC invocations=9 (full 0):
 garbage-first heap   total 265216K, used 33760K [0x0000000081600000, 0x0000000100000000)
  region size 1024K, 5 young (5120K), 5 survivors (5120K)
 Metaspace       used 15282K, committed 15680K, reserved 1114112K
  class space    used 1976K, committed 2176K, reserved 1048576K
}
Event: 12.239 GC heap before
{Heap before GC invocations=9 (full 0):
 garbage-first heap   total 265216K, used 187360K [0x0000000081600000, 0x0000000100000000)
  region size 1024K, 155 young (158720K), 5 survivors (5120K)
 Metaspace       used 15334K, committed 15744K, reserved 1114112K
  class space    used 1976K, committed 2176K, reserved 1048576K
}
Event: 12.242 GC heap after
{Heap after GC invocations=10 (full 0):
 garbage-first heap   total 265216K, used 34806K [0x0000000081600000, 0x0000000100000000)
  region size 1024K, 6 young (6144K), 6 survivors (6144K)
 Metaspace       used 15334K, committed 15744K, reserved 1114112K
  class space    used 1976K, committed 2176K, reserved 1048576K
}
Event: 12.281 GC heap before
{Heap before GC invocations=10 (full 0):
 garbage-first heap   total 265216K, used 187382K [0x0000000081600000, 0x0000000100000000)
  region size 1024K, 155 young (158720K), 6 survivors (6144K)
 Metaspace       used 15334K, committed 15744K, reserved 1114112K
  class space    used 1976K, committed 2176K, reserved 1048576K
}
Event: 12.284 GC heap after
{Heap after GC invocations=11 (full 0):
 garbage-first heap   total 265216K, used 34256K [0x0000000081600000, 0x0000000100000000)
  region size 1024K, 6 young (6144K), 6 survivors (6144K)
 Metaspace       used 15334K, committed 15744K, reserved 1114112K
  class space    used 1976K, committed 2176K, reserved 1048576K
}
Event: 12.326 GC heap before
{Heap before GC invocations=11 (full 0):
 garbage-first heap   total 265216K, used 185808K [0x0000000081600000, 0x0000000100000000)
  region size 1024K, 155 young (158720K), 6 survivors (6144K)
 Metaspace       used 15334K, committed 15744K, reserved 1114112K
  class space    used 1976K, committed 2176K, reserved 1048576K
}
Event: 12.329 GC heap after
{Heap after GC invocations=12 (full 0):
 garbage-first heap   total 265216K, used 33982K [0x0000000081600000, 0x0000000100000000)
  region size 1024K, 5 young (5120K), 5 survivors (5120K)
 Metaspace       used 15334K, committed 15744K, reserved 1114112K
  class space    used 1976K, committed 2176K, reserved 1048576K
}
Event: 12.368 GC heap before
{Heap before GC invocations=12 (full 0):
 garbage-first heap   total 265216K, used 187582K [0x0000000081600000, 0x0000000100000000)
  region size 1024K, 155 young (158720K), 5 survivors (5120K)
 Metaspace       used 15334K, committed 15744K, reserved 1114112K
  class space    used 1976K, committed 2176K, reserved 1048576K
}

Dll operation events (20 events):
Event: 0.133 Loaded shared library C:\Program Files\Zulu\zulu-19\bin\api-ms-win-crt-process-l1-1-0.dll
Event: 0.134 Loaded shared library C:\Program Files\Zulu\zulu-19\bin\api-ms-win-crt-runtime-l1-1-0.dll
Event: 0.135 Loaded shared library C:\Program Files\Zulu\zulu-19\bin\api-ms-win-crt-stdio-l1-1-0.dll
Event: 0.136 Loaded shared library C:\Program Files\Zulu\zulu-19\bin\api-ms-win-crt-string-l1-1-0.dll
Event: 0.138 Loaded shared library C:\Program Files\Zulu\zulu-19\bin\api-ms-win-crt-time-l1-1-0.dll
Event: 0.139 Loaded shared library C:\Program Files\Zulu\zulu-19\bin\api-ms-win-crt-utility-l1-1-0.dll
Event: 0.140 Loaded shared library C:\Program Files\Zulu\zulu-19\bin\ucrtbase.dll
Event: 0.140 Loaded shared library C:\Program Files\Zulu\zulu-19\bin\vcruntime140.dll
Event: 0.141 Loaded shared library C:\Program Files\Zulu\zulu-19\bin\vcruntime140_1.dll
Event: 0.141 Loaded shared library C:\Program Files\Zulu\zulu-19\bin\msvcp140.dll
Event: 0.142 Loaded shared library C:\Program Files\Zulu\zulu-19\bin\msvcp140_1.dll
Event: 0.143 Loaded shared library C:\Program Files\Zulu\zulu-19\bin\msvcp140_2.dll
Event: 0.162 Loaded shared library C:\Program Files\Zulu\zulu-19\bin\prism_d3d.dll
Event: 0.205 Loaded shared library C:\Program Files\Zulu\zulu-19\bin\glass.dll
Event: 0.317 Loaded shared library C:\Program Files\Zulu\zulu-19\bin\javafx_iio.dll
Event: 0.363 Loaded shared library C:\Program Files\Zulu\zulu-19\bin\glib-lite.dll
Event: 0.366 Loaded shared library C:\Program Files\Zulu\zulu-19\bin\gstreamer-lite.dll
Event: 0.368 Loaded shared library C:\Program Files\Zulu\zulu-19\bin\jfxmedia.dll
Event: 0.424 Loaded shared library C:\Program Files\Zulu\zulu-19\bin\javafx_font.dll
Event: 6.367 Loaded shared library C:\Users\ulise\AppData\Local\Temp\jSerialComm\2.9.3\jSerialComm.dll

Deoptimization events (20 events):
Event: 12.140 Thread 0x00000133db9c7540 Uncommon trap: trap_request=0xffffffd6 fr.pc=0x00000133c7da6b70 relative=0x00000000000002b0
Event: 12.140 Thread 0x00000133db9c7540 Uncommon trap: reason=array_check action=maybe_recompile pc=0x00000133c7da6b70 method=javafx.css.SimpleSelector.applies(Ljavafx/css/Styleable;[Ljava/util/Set;I)Z @ 37 c2
Event: 12.140 Thread 0x00000133db9c7540 DEOPT PACKING pc=0x00000133c7da6b70 sp=0x000000058cffc040
Event: 12.140 Thread 0x00000133db9c7540 DEOPT UNPACKING pc=0x00000133c75e6da3 sp=0x000000058cffbfe8 mode 2
Event: 12.140 Thread 0x00000133db9c7540 Uncommon trap: trap_request=0xffffffd6 fr.pc=0x00000133c7da6b70 relative=0x00000000000002b0
Event: 12.140 Thread 0x00000133db9c7540 Uncommon trap: reason=array_check action=maybe_recompile pc=0x00000133c7da6b70 method=javafx.css.SimpleSelector.applies(Ljavafx/css/Styleable;[Ljava/util/Set;I)Z @ 37 c2
Event: 12.140 Thread 0x00000133db9c7540 DEOPT PACKING pc=0x00000133c7da6b70 sp=0x000000058cffbf40
Event: 12.141 Thread 0x00000133db9c7540 DEOPT UNPACKING pc=0x00000133c75e6da3 sp=0x000000058cffbee8 mode 2
Event: 12.141 Thread 0x00000133db9c7540 Uncommon trap: trap_request=0xffffffd6 fr.pc=0x00000133c7da6b70 relative=0x00000000000002b0
Event: 12.141 Thread 0x00000133db9c7540 Uncommon trap: reason=array_check action=maybe_recompile pc=0x00000133c7da6b70 method=javafx.css.SimpleSelector.applies(Ljavafx/css/Styleable;[Ljava/util/Set;I)Z @ 37 c2
Event: 12.141 Thread 0x00000133db9c7540 DEOPT PACKING pc=0x00000133c7da6b70 sp=0x000000058cffbf40
Event: 12.141 Thread 0x00000133db9c7540 DEOPT UNPACKING pc=0x00000133c75e6da3 sp=0x000000058cffbee8 mode 2
Event: 12.141 Thread 0x00000133db9c7540 Uncommon trap: trap_request=0xffffffd6 fr.pc=0x00000133c7da6b70 relative=0x00000000000002b0
Event: 12.141 Thread 0x00000133db9c7540 Uncommon trap: reason=array_check action=maybe_recompile pc=0x00000133c7da6b70 method=javafx.css.SimpleSelector.applies(Ljavafx/css/Styleable;[Ljava/util/Set;I)Z @ 37 c2
Event: 12.141 Thread 0x00000133db9c7540 DEOPT PACKING pc=0x00000133c7da6b70 sp=0x000000058cffbf40
Event: 12.141 Thread 0x00000133db9c7540 DEOPT UNPACKING pc=0x00000133c75e6da3 sp=0x000000058cffbee8 mode 2
Event: 12.165 Thread 0x00000133db9c7540 Uncommon trap: trap_request=0xffffffbe fr.pc=0x00000133c7da5b40 relative=0x0000000000000b60
Event: 12.165 Thread 0x00000133db9c7540 Uncommon trap: reason=profile_predicate action=maybe_recompile pc=0x00000133c7da5b40 method=java.util.TimSort.binarySort([Ljava/lang/Object;IIILjava/util/Comparator;)V @ 73 c2
Event: 12.165 Thread 0x00000133db9c7540 DEOPT PACKING pc=0x00000133c7da5b40 sp=0x000000058cffbe50
Event: 12.165 Thread 0x00000133db9c7540 DEOPT UNPACKING pc=0x00000133c75e6da3 sp=0x000000058cffbe10 mode 2

Classes loaded (20 events):
Event: 10.095 Loading class java/lang/foreign/Addressable done
Event: 10.095 Loading class java/lang/foreign/MemorySegment done
Event: 10.099 Loading class jdk/internal/icu/impl/UCharacterProperty
Event: 10.099 Loading class jdk/internal/icu/impl/UCharacterProperty done
Event: 10.099 Loading class jdk/internal/icu/impl/UCharacterProperty$1
Event: 10.099 Loading class jdk/internal/icu/impl/UCharacterProperty$BiDiIntProperty
Event: 10.099 Loading class jdk/internal/icu/impl/UCharacterProperty$IntProperty
Event: 10.099 Loading class jdk/internal/icu/impl/UCharacterProperty$IntProperty done
Event: 10.099 Loading class jdk/internal/icu/impl/UCharacterProperty$BiDiIntProperty done
Event: 10.099 Loading class jdk/internal/icu/impl/UCharacterProperty$1 done
Event: 10.099 Loading class jdk/internal/icu/impl/UCharacterProperty$IsAcceptable
Event: 10.099 Loading class jdk/internal/icu/impl/UCharacterProperty$IsAcceptable done
Event: 10.099 Loading class jdk/internal/icu/util/VersionInfo
Event: 10.099 Loading class jdk/internal/icu/util/VersionInfo done
Event: 10.102 Loading class java/lang/CharacterData01
Event: 10.103 Loading class java/lang/CharacterData01 done
Event: 12.068 Loading class java/lang/Throwable$WrappedPrintStream
Event: 12.068 Loading class java/lang/Throwable$PrintStreamOrWriter
Event: 12.068 Loading class java/lang/Throwable$PrintStreamOrWriter done
Event: 12.068 Loading class java/lang/Throwable$WrappedPrintStream done

Classes unloaded (0 events):
No events

Classes redefined (0 events):
No events

Internal exceptions (20 events):
Event: 1.154 Thread 0x00000133db9c7540 Exception <a 'java/lang/NoSuchMethodError'{0x000000008892c1f8}: 'java.lang.Object java.lang.invoke.Invokers$Holder.linkToTargetMethod(java.lang.Object, long, java.lang.Object)'> (0x000000008892c1f8) 
thrown [s\src\hotspot\share\interpreter\linkResolver.cpp, line 774]
Event: 1.275 Thread 0x00000133db9c7540 Exception <a 'java/lang/NoSuchMethodError'{0x0000000088179c58}: 'void java.lang.invoke.DirectMethodHandle$Holder.invokeSpecial(java.lang.Object, java.lang.Object, double)'> (0x0000000088179c58) 
thrown [s\src\hotspot\share\interpreter\linkResolver.cpp, line 774]
Event: 1.276 Thread 0x00000133db9c7540 Exception <a 'java/lang/NoSuchMethodError'{0x00000000881800b0}: 'java.lang.Object java.lang.invoke.DirectMethodHandle$Holder.newInvokeSpecial(java.lang.Object, java.lang.Object, double)'> (0x00000000881800b0) 
thrown [s\src\hotspot\share\interpreter\linkResolver.cpp, line 774]
Event: 6.323 Thread 0x00000133db9c7540 Exception <a 'java/lang/ClassNotFoundException'{0x0000000087b49460}: com/sun/glass/ui/win/themes> (0x0000000087b49460) 
thrown [s\src\hotspot\share\prims\jni.cpp, line 536]
Event: 6.323 Thread 0x00000133db9c7540 Exception <a 'java/lang/ClassNotFoundException'{0x0000000087b51128}: com/sun/glass/ui/win/themes_es> (0x0000000087b51128) 
thrown [s\src\hotspot\share\prims\jni.cpp, line 536]
Event: 6.324 Thread 0x00000133db9c7540 Exception <a 'java/lang/ClassNotFoundException'{0x0000000087b58ec8}: com/sun/glass/ui/win/themes_es_CR> (0x0000000087b58ec8) 
thrown [s\src\hotspot\share\prims\jni.cpp, line 536]
Event: 6.351 Thread 0x00000133db9c7540 Implicit null exception at 0x00000133c7bd51ac to 0x00000133c7bd54c0
Event: 6.352 Thread 0x00000133db9c7540 Implicit null exception at 0x00000133c7bd69ac to 0x00000133c7bd6c64
Event: 6.352 Thread 0x00000133db9c7540 Exception <a 'java/lang/NoSuchMethodError'{0x0000000087833f98}: 'void java.lang.invoke.DirectMethodHandle$Holder.invokeStaticInit(java.lang.Object, java.lang.Object)'> (0x0000000087833f98) 
thrown [s\src\hotspot\share\interpreter\linkResolver.cpp, line 774]
Event: 6.441 Thread 0x00000133db9c7540 Exception <a 'java/lang/NoSuchMethodError'{0x0000000087556900}: 'java.lang.Object java.lang.invoke.DirectMethodHandle$Holder.invokeInterface(java.lang.Object, java.lang.Object, java.lang.Object)'> (0x0000000087556900) 
thrown [s\src\hotspot\share\interpreter\linkResolver.cpp, line 774]
Event: 6.441 Thread 0x00000133db9c7540 Exception <a 'java/lang/IncompatibleClassChangeError'{0x000000008755a5e0}: Found class java.lang.Object, but interface was expected> (0x000000008755a5e0) 
thrown [s\src\hotspot\share\interpreter\linkResolver.cpp, line 841]
Event: 6.498 Thread 0x00000133db9c7540 Implicit null exception at 0x00000133c7bf2ba0 to 0x00000133c7bf2ed8
Event: 7.777 Thread 0x00000133db9c7540 Implicit null exception at 0x00000133c7c3dc4e to 0x00000133c7c3ddb4
Event: 8.155 Thread 0x00000133db9c7540 Implicit null exception at 0x00000133c7c82e13 to 0x00000133c7c83254
Event: 8.156 Thread 0x00000133db9c7540 Implicit null exception at 0x00000133c7c47916 to 0x00000133c7c47f6c
Event: 10.104 Thread 0x00000133db9c7540 Exception <a 'java/io/FileNotFoundException'{0x0000000085e90ea8}> (0x0000000085e90ea8) 
thrown [s\src\hotspot\share\prims\jni.cpp, line 517]
Event: 10.104 Thread 0x00000133db9c7540 Exception <a 'java/io/FileNotFoundException'{0x0000000085e92558}> (0x0000000085e92558) 
thrown [s\src\hotspot\share\prims\jni.cpp, line 517]
Event: 10.104 Thread 0x00000133db9c7540 Exception <a 'java/io/FileNotFoundException'{0x0000000085e96720}> (0x0000000085e96720) 
thrown [s\src\hotspot\share\prims\jni.cpp, line 517]
Event: 10.104 Thread 0x00000133db9c7540 Exception <a 'java/io/FileNotFoundException'{0x0000000085e97840}> (0x0000000085e97840) 
thrown [s\src\hotspot\share\prims\jni.cpp, line 517]
Event: 12.068 Thread 0x00000133e5ae0a10 Exception <a 'java/lang/InterruptedException'{0x0000000088f812c0}: sleep interrupted> (0x0000000088f812c0) 
thrown [s\src\hotspot\share\prims\jvm.cpp, line 3111]

VM Operations (20 events):
Event: 10.424 Executing VM operation: G1CollectForAllocation done
Event: 12.075 Executing VM operation: G1CollectForAllocation
Event: 12.080 Executing VM operation: G1CollectForAllocation done
Event: 12.094 Executing VM operation: G1CollectForAllocation
Event: 12.096 Executing VM operation: G1CollectForAllocation done
Event: 12.113 Executing VM operation: G1CollectForAllocation
Event: 12.116 Executing VM operation: G1CollectForAllocation done
Event: 12.131 Executing VM operation: G1CollectForAllocation
Event: 12.134 Executing VM operation: G1CollectForAllocation done
Event: 12.150 Executing VM operation: G1CollectForAllocation
Event: 12.153 Executing VM operation: G1CollectForAllocation done
Event: 12.170 Executing VM operation: G1CollectForAllocation
Event: 12.173 Executing VM operation: G1CollectForAllocation done
Event: 12.239 Executing VM operation: G1CollectForAllocation
Event: 12.242 Executing VM operation: G1CollectForAllocation done
Event: 12.281 Executing VM operation: G1CollectForAllocation
Event: 12.285 Executing VM operation: G1CollectForAllocation done
Event: 12.326 Executing VM operation: G1CollectForAllocation
Event: 12.329 Executing VM operation: G1CollectForAllocation done
Event: 12.367 Executing VM operation: G1CollectForAllocation

Events (20 events):
Event: 11.457 Thread 0x00000133e5ae0f60 Thread added: 0x00000133e5ae0f60
Event: 11.457 Thread 0x00000133e5ae0f60 Thread exited: 0x00000133e5ae0f60
Event: 11.457 Thread 0x00000133e5ae24a0 Thread added: 0x00000133e5ae24a0
Event: 11.457 Thread 0x00000133e5ae24a0 Thread exited: 0x00000133e5ae24a0
Event: 11.507 Thread 0x00000133e5ae0f60 Thread added: 0x00000133e5ae0f60
Event: 11.507 Thread 0x00000133e5ae0f60 Thread exited: 0x00000133e5ae0f60
Event: 11.612 Thread 0x00000133e62f5cd0 Thread exited: 0x00000133e62f5cd0
Event: 12.068 Thread 0x00000133e62f5740 Thread exited: 0x00000133e62f5740
Event: 12.070 Thread 0x00000133e5ae24a0 Thread added: 0x00000133e5ae24a0
Event: 12.070 Thread 0x00000133e5ae24a0 Thread exited: 0x00000133e5ae24a0
Event: 12.070 Thread 0x00000133e5ae0f60 Thread added: 0x00000133e5ae0f60
Event: 12.071 Thread 0x00000133e5ae0f60 Thread exited: 0x00000133e5ae0f60
Event: 12.071 Thread 0x00000133e5ae39e0 Thread added: 0x00000133e5ae39e0
Event: 12.072 Thread 0x00000133e5ae4480 Thread added: 0x00000133e5ae4480
Event: 12.072 Thread 0x00000133e5ae49d0 Thread added: 0x00000133e5ae49d0
Event: 12.072 Thread 0x00000133e5ae0f60 Thread added: 0x00000133e5ae0f60
Event: 12.111 Thread 0x00000133e62f5740 Thread added: 0x00000133e62f5740
Event: 12.128 Thread 0x00000133e62f5cd0 Thread added: 0x00000133e62f5cd0
Event: 12.192 Thread 0x00000133e5ae14b0 Thread added: 0x00000133e5ae14b0
Event: 12.192 Thread 0x00000133e5ae14b0 Thread exited: 0x00000133e5ae14b0


Dynamic libraries:
0x00007ff6800d0000 - 0x00007ff6800de000 	C:\Program Files\Zulu\zulu-19\bin\java.exe
0x00007ffa972f0000 - 0x00007ffa97504000 	C:\WINDOWS\SYSTEM32\ntdll.dll
0x00007ffa96a30000 - 0x00007ffa96af2000 	C:\WINDOWS\System32\KERNEL32.DLL
0x00007ffa94a90000 - 0x00007ffa94e2c000 	C:\WINDOWS\System32\KERNELBASE.dll
0x00007ffa94730000 - 0x00007ffa94841000 	C:\WINDOWS\System32\ucrtbase.dll
0x00007ffa82b10000 - 0x00007ffa82b2b000 	C:\Program Files\Zulu\zulu-19\bin\VCRUNTIME140.dll
0x00007ffa823b0000 - 0x00007ffa823c7000 	C:\Program Files\Zulu\zulu-19\bin\jli.dll
0x00007ffa95ee0000 - 0x00007ffa9608b000 	C:\WINDOWS\System32\USER32.dll
0x00007ffa94a60000 - 0x00007ffa94a86000 	C:\WINDOWS\System32\win32u.dll
0x00007ffa7c330000 - 0x00007ffa7c5be000 	C:\WINDOWS\WinSxS\amd64_microsoft.windows.common-controls_6595b64144ccf1df_6.0.22621.608_none_a9444ca7c10bb01d\COMCTL32.dll
0x00007ffa97200000 - 0x00007ffa972a7000 	C:\WINDOWS\System32\msvcrt.dll
0x00007ffa97050000 - 0x00007ffa97079000 	C:\WINDOWS\System32\GDI32.dll
0x00007ffa94f70000 - 0x00007ffa95083000 	C:\WINDOWS\System32\gdi32full.dll
0x00007ffa949c0000 - 0x00007ffa94a5a000 	C:\WINDOWS\System32\msvcp_win.dll
0x00007ffa95ea0000 - 0x00007ffa95ed1000 	C:\WINDOWS\System32\IMM32.DLL
0x00007ffa8f920000 - 0x00007ffa8f92c000 	C:\Program Files\Zulu\zulu-19\bin\vcruntime140_1.dll
0x00007ffa81f10000 - 0x00007ffa81f9d000 	C:\Program Files\Zulu\zulu-19\bin\msvcp140.dll
0x00007ffa3d0a0000 - 0x00007ffa3dda7000 	C:\Program Files\Zulu\zulu-19\bin\server\jvm.dll
0x00007ffa970d0000 - 0x00007ffa9717e000 	C:\WINDOWS\System32\ADVAPI32.dll
0x00007ffa95d60000 - 0x00007ffa95e04000 	C:\WINDOWS\System32\sechost.dll
0x00007ffa95c20000 - 0x00007ffa95d35000 	C:\WINDOWS\System32\RPCRT4.dll
0x00007ffa8ce90000 - 0x00007ffa8cec4000 	C:\WINDOWS\SYSTEM32\WINMM.dll
0x00007ffa8df80000 - 0x00007ffa8df89000 	C:\WINDOWS\SYSTEM32\WSOCK32.dll
0x00007ffa8ce00000 - 0x00007ffa8ce0a000 	C:\WINDOWS\SYSTEM32\VERSION.dll
0x00007ffa95620000 - 0x00007ffa95691000 	C:\WINDOWS\System32\WS2_32.dll
0x00007ffa93790000 - 0x00007ffa937a8000 	C:\WINDOWS\SYSTEM32\kernel.appcore.dll
0x00007ffa8dc20000 - 0x00007ffa8dc2a000 	C:\Program Files\Zulu\zulu-19\bin\jimage.dll
0x00007ffa920e0000 - 0x00007ffa9230e000 	C:\WINDOWS\SYSTEM32\DBGHELP.DLL
0x00007ffa95790000 - 0x00007ffa95b19000 	C:\WINDOWS\System32\combase.dll
0x00007ffa95160000 - 0x00007ffa95237000 	C:\WINDOWS\System32\OLEAUT32.dll
0x00007ffa764d0000 - 0x00007ffa76502000 	C:\WINDOWS\SYSTEM32\dbgcore.DLL
0x00007ffa94e30000 - 0x00007ffa94eab000 	C:\WINDOWS\System32\bcryptPrimitives.dll
0x00007ffa81ee0000 - 0x00007ffa81f06000 	C:\Program Files\Zulu\zulu-19\bin\java.dll
0x00007ffa56320000 - 0x00007ffa563f7000 	C:\Program Files\Zulu\zulu-19\bin\jsvml.dll
0x00007ffa960a0000 - 0x00007ffa96890000 	C:\WINDOWS\System32\SHELL32.dll
0x00007ffa92750000 - 0x00007ffa9301d000 	C:\WINDOWS\SYSTEM32\windows.storage.dll
0x00007ffa92610000 - 0x00007ffa9274e000 	C:\WINDOWS\SYSTEM32\wintypes.dll
0x00007ffa95360000 - 0x00007ffa95451000 	C:\WINDOWS\System32\SHCORE.dll
0x00007ffa956b0000 - 0x00007ffa9570e000 	C:\WINDOWS\System32\shlwapi.dll
0x00007ffa94660000 - 0x00007ffa94681000 	C:\WINDOWS\SYSTEM32\profapi.dll
0x00007ffa820c0000 - 0x00007ffa820d3000 	C:\Program Files\Zulu\zulu-19\bin\net.dll
0x00007ffa8d990000 - 0x00007ffa8dac7000 	C:\WINDOWS\SYSTEM32\WINHTTP.dll
0x00007ffa93c00000 - 0x00007ffa93c69000 	C:\WINDOWS\system32\mswsock.dll
0x00007ffa81ec0000 - 0x00007ffa81ed6000 	C:\Program Files\Zulu\zulu-19\bin\nio.dll
0x00007ffa81e70000 - 0x00007ffa81e88000 	C:\Program Files\Zulu\zulu-19\bin\zip.dll
0x00000133b6da0000 - 0x00000133b6da4000 	C:\Program Files\Zulu\zulu-19\bin\api-ms-win-core-console-l1-1-0.dll
0x00000133d6ed0000 - 0x00000133d6ed4000 	C:\Program Files\Zulu\zulu-19\bin\api-ms-win-core-console-l1-2-0.dll
0x00000133d6ee0000 - 0x00000133d6ee4000 	C:\Program Files\Zulu\zulu-19\bin\api-ms-win-core-datetime-l1-1-0.dll
0x00000133d6ef0000 - 0x00000133d6ef4000 	C:\Program Files\Zulu\zulu-19\bin\api-ms-win-core-debug-l1-1-0.dll
0x00000133d6f00000 - 0x00000133d6f04000 	C:\Program Files\Zulu\zulu-19\bin\api-ms-win-core-errorhandling-l1-1-0.dll
0x00000133d6f10000 - 0x00000133d6f15000 	C:\Program Files\Zulu\zulu-19\bin\api-ms-win-core-file-l1-1-0.dll
0x00000133d6f20000 - 0x00000133d6f24000 	C:\Program Files\Zulu\zulu-19\bin\api-ms-win-core-file-l1-2-0.dll
0x00000133d6f30000 - 0x00000133d6f34000 	C:\Program Files\Zulu\zulu-19\bin\api-ms-win-core-file-l2-1-0.dll
0x00000133d6f40000 - 0x00000133d6f44000 	C:\Program Files\Zulu\zulu-19\bin\api-ms-win-core-handle-l1-1-0.dll
0x00000133d6f50000 - 0x00000133d6f54000 	C:\Program Files\Zulu\zulu-19\bin\api-ms-win-core-heap-l1-1-0.dll
0x00000133d6f60000 - 0x00000133d6f64000 	C:\Program Files\Zulu\zulu-19\bin\api-ms-win-core-interlocked-l1-1-0.dll
0x00000133d6f70000 - 0x00000133d6f74000 	C:\Program Files\Zulu\zulu-19\bin\api-ms-win-core-libraryloader-l1-1-0.dll
0x00000133d6f80000 - 0x00000133d6f84000 	C:\Program Files\Zulu\zulu-19\bin\api-ms-win-core-localization-l1-2-0.dll
0x00000133d6f90000 - 0x00000133d6f94000 	C:\Program Files\Zulu\zulu-19\bin\api-ms-win-core-memory-l1-1-0.dll
0x00000133d6fa0000 - 0x00000133d6fa4000 	C:\Program Files\Zulu\zulu-19\bin\api-ms-win-core-namedpipe-l1-1-0.dll
0x00000133d6fb0000 - 0x00000133d6fb4000 	C:\Program Files\Zulu\zulu-19\bin\api-ms-win-core-processenvironment-l1-1-0.dll
0x00000133d6fc0000 - 0x00000133d6fc4000 	C:\Program Files\Zulu\zulu-19\bin\api-ms-win-core-processthreads-l1-1-0.dll
0x00000133d6fd0000 - 0x00000133d6fd4000 	C:\Program Files\Zulu\zulu-19\bin\api-ms-win-core-processthreads-l1-1-1.dll
0x00000133d6fe0000 - 0x00000133d6fe4000 	C:\Program Files\Zulu\zulu-19\bin\api-ms-win-core-profile-l1-1-0.dll
0x00000133d6ff0000 - 0x00000133d6ff4000 	C:\Program Files\Zulu\zulu-19\bin\api-ms-win-core-rtlsupport-l1-1-0.dll
0x00000133db400000 - 0x00000133db404000 	C:\Program Files\Zulu\zulu-19\bin\api-ms-win-core-string-l1-1-0.dll
0x00000133db410000 - 0x00000133db414000 	C:\Program Files\Zulu\zulu-19\bin\api-ms-win-core-synch-l1-1-0.dll
0x00000133db420000 - 0x00000133db424000 	C:\Program Files\Zulu\zulu-19\bin\api-ms-win-core-synch-l1-2-0.dll
0x00000133db430000 - 0x00000133db434000 	C:\Program Files\Zulu\zulu-19\bin\api-ms-win-core-sysinfo-l1-1-0.dll
0x00000133db440000 - 0x00000133db444000 	C:\Program Files\Zulu\zulu-19\bin\api-ms-win-core-timezone-l1-1-0.dll
0x00000133db450000 - 0x00000133db454000 	C:\Program Files\Zulu\zulu-19\bin\api-ms-win-core-util-l1-1-0.dll
0x00000133db460000 - 0x00000133db464000 	C:\Program Files\Zulu\zulu-19\bin\api-ms-win-crt-conio-l1-1-0.dll
0x00000133db470000 - 0x00000133db475000 	C:\Program Files\Zulu\zulu-19\bin\api-ms-win-crt-convert-l1-1-0.dll
0x00000133db480000 - 0x00000133db484000 	C:\Program Files\Zulu\zulu-19\bin\api-ms-win-crt-environment-l1-1-0.dll
0x00000133db490000 - 0x00000133db494000 	C:\Program Files\Zulu\zulu-19\bin\api-ms-win-crt-filesystem-l1-1-0.dll
0x00000133db4a0000 - 0x00000133db4a4000 	C:\Program Files\Zulu\zulu-19\bin\api-ms-win-crt-heap-l1-1-0.dll
0x00000133db4b0000 - 0x00000133db4b4000 	C:\Program Files\Zulu\zulu-19\bin\api-ms-win-crt-locale-l1-1-0.dll
0x00000133db4c0000 - 0x00000133db4c6000 	C:\Program Files\Zulu\zulu-19\bin\api-ms-win-crt-math-l1-1-0.dll
0x00000133db4d0000 - 0x00000133db4d6000 	C:\Program Files\Zulu\zulu-19\bin\api-ms-win-crt-multibyte-l1-1-0.dll
0x00000133db4e0000 - 0x00000133db4f1000 	C:\Program Files\Zulu\zulu-19\bin\api-ms-win-crt-private-l1-1-0.dll
0x00000133db500000 - 0x00000133db504000 	C:\Program Files\Zulu\zulu-19\bin\api-ms-win-crt-process-l1-1-0.dll
0x00000133db510000 - 0x00000133db515000 	C:\Program Files\Zulu\zulu-19\bin\api-ms-win-crt-runtime-l1-1-0.dll
0x00000133db520000 - 0x00000133db525000 	C:\Program Files\Zulu\zulu-19\bin\api-ms-win-crt-stdio-l1-1-0.dll
0x00000133db530000 - 0x00000133db535000 	C:\Program Files\Zulu\zulu-19\bin\api-ms-win-crt-string-l1-1-0.dll
0x00000133db540000 - 0x00000133db544000 	C:\Program Files\Zulu\zulu-19\bin\api-ms-win-crt-time-l1-1-0.dll
0x00000133db550000 - 0x00000133db554000 	C:\Program Files\Zulu\zulu-19\bin\api-ms-win-crt-utility-l1-1-0.dll
0x00007ffa4b190000 - 0x00007ffa4b2a0000 	C:\Program Files\Zulu\zulu-19\bin\ucrtbase.dll
0x00007ffa8cee0000 - 0x00007ffa8cee9000 	C:\Program Files\Zulu\zulu-19\bin\msvcp140_1.dll
0x00007ffa7abc0000 - 0x00007ffa7abef000 	C:\Program Files\Zulu\zulu-19\bin\msvcp140_2.dll
0x00007ffa78c60000 - 0x00007ffa78c8c000 	C:\Program Files\Zulu\zulu-19\bin\prism_d3d.dll
0x00007ffa85410000 - 0x00007ffa855b9000 	C:\WINDOWS\system32\d3d9.dll
0x00007ffa91cd0000 - 0x00007ffa91cfb000 	C:\WINDOWS\SYSTEM32\dwmapi.dll
0x00007ffa91a90000 - 0x00007ffa91ac6000 	C:\WINDOWS\SYSTEM32\dxcore.dll
0x00007ffa91990000 - 0x00007ffa91a3b000 	C:\WINDOWS\system32\uxtheme.dll
0x00007ffa83fa0000 - 0x00007ffa840b7000 	C:\WINDOWS\System32\DriverStore\FileRepository\nvlt.inf_amd64_7947c31fc944635c\nvldumdx.dll
0x00007ffa943d0000 - 0x00007ffa943e2000 	C:\WINDOWS\SYSTEM32\msasn1.dll
0x00007ffa8c0c0000 - 0x00007ffa8c0f2000 	C:\WINDOWS\SYSTEM32\cryptnet.dll
0x00007ffa94850000 - 0x00007ffa949b6000 	C:\WINDOWS\System32\CRYPT32.dll
0x00007ffa8bf20000 - 0x00007ffa8c078000 	C:\WINDOWS\SYSTEM32\drvstore.dll
0x00007ffa943f0000 - 0x00007ffa9441c000 	C:\WINDOWS\SYSTEM32\devobj.dll
0x00007ffa94420000 - 0x00007ffa9446e000 	C:\WINDOWS\SYSTEM32\cfgmgr32.dll
0x00007ffa93f70000 - 0x00007ffa93fb8000 	C:\WINDOWS\SYSTEM32\wldp.dll
0x00007ffa93ee0000 - 0x00007ffa93eec000 	C:\WINDOWS\SYSTEM32\cryptbase.dll
0x00007ffa95090000 - 0x00007ffa950fb000 	C:\WINDOWS\System32\WINTRUST.DLL
0x00007ffa95d40000 - 0x00007ffa95d5f000 	C:\WINDOWS\System32\imagehlp.dll
0x00007ffa93ec0000 - 0x00007ffa93edb000 	C:\WINDOWS\SYSTEM32\CRYPTSP.dll
0x00007ffa93700000 - 0x00007ffa93735000 	C:\WINDOWS\system32\rsaenh.dll
0x00007ffa94090000 - 0x00007ffa940b8000 	C:\WINDOWS\SYSTEM32\bcrypt.dll
0x00007ffa33d10000 - 0x00007ffa3551a000 	C:\WINDOWS\System32\DriverStore\FileRepository\nvlt.inf_amd64_7947c31fc944635c\nvd3dumx.dll
0x00007ffa8d750000 - 0x00007ffa8d798000 	C:\WINDOWS\SYSTEM32\directxdatabasehelper.dll
0x00007ffa6ea00000 - 0x00007ffa6ea42000 	C:\Program Files\Zulu\zulu-19\bin\glass.dll
0x00007ffa95b20000 - 0x00007ffa95c17000 	C:\WINDOWS\System32\COMDLG32.dll
0x00007ffa96890000 - 0x00007ffa96a2c000 	C:\WINDOWS\System32\ole32.dll
0x00007ffa95240000 - 0x00007ffa9535e000 	C:\WINDOWS\System32\MSCTF.dll
0x00007ffa4c6b0000 - 0x00007ffa4c967000 	C:\WINDOWS\system32\nvspcap64.dll
0x00007ffa937b0000 - 0x00007ffa937e4000 	C:\WINDOWS\SYSTEM32\ntmarta.dll
0x00007ffa93c90000 - 0x00007ffa93cb6000 	C:\WINDOWS\SYSTEM32\gpapi.dll
0x00007ffa6eb40000 - 0x00007ffa6eb6d000 	C:\Program Files\Zulu\zulu-19\bin\javafx_iio.dll
0x00007ffa57c80000 - 0x00007ffa57d1f000 	C:\Program Files\Zulu\zulu-19\bin\glib-lite.dll
0x00007ffa497b0000 - 0x00007ffa4989e000 	C:\Program Files\Zulu\zulu-19\bin\gstreamer-lite.dll
0x00007ffa8db60000 - 0x00007ffa8dc02000 	C:\WINDOWS\SYSTEM32\DSOUND.dll
0x00007ffa940c0000 - 0x00007ffa9410d000 	C:\WINDOWS\SYSTEM32\powrprof.dll
0x00007ffa609c0000 - 0x00007ffa60a71000 	C:\WINDOWS\SYSTEM32\ResampleDmo.DLL
0x00007ffa7bdd0000 - 0x00007ffa7bdf9000 	C:\WINDOWS\SYSTEM32\winmmbase.dll
0x00007ffa8e470000 - 0x00007ffa8e47b000 	C:\WINDOWS\SYSTEM32\msdmo.dll
0x00007ffa94000000 - 0x00007ffa94013000 	C:\WINDOWS\SYSTEM32\UMPDC.dll
0x00007ffa6aa00000 - 0x00007ffa6aa24000 	C:\Program Files\Zulu\zulu-19\bin\jfxmedia.dll
0x00007ffa791d0000 - 0x00007ffa791e4000 	C:\Program Files\Zulu\zulu-19\bin\javafx_font.dll

dbghelp: loaded successfully - version: 4.0.5 - missing functions: none
symbol engine: initialized successfully - sym options: 0x614 - pdb path: .;C:\Program Files\Zulu\zulu-19\bin;C:\WINDOWS\SYSTEM32;C:\WINDOWS\WinSxS\amd64_microsoft.windows.common-controls_6595b64144ccf1df_6.0.22621.608_none_a9444ca7c10bb01d;C:\Program Files\Zulu\zulu-19\bin\server;C:\WINDOWS\System32\DriverStore\FileRepository\nvlt.inf_amd64_7947c31fc944635c;C:\Program Files\Common Files\Microsoft Shared\Ink;C:\Users\ulise\AppData\Local\Temp\jSerialComm\2.9.3

VM Arguments:
jvm_args: -Dfile.encoding=UTF-8 
java_command: GameMenuDemo
java_class_path (initial): C:\Users\ulise\Desktop\TEC\Algoritmos y estructura de datos I\BuscaMinas\ventana busca minas\lib\rxtx-2.1-7r2;C:\Users\ulise\Downloads\RXTXcomm.jar;C:\Users\ulise\Downloads\jSerialComm-2.9.3.zip;C:\Users\ulise\Downloads\jSerialComm-2.9.3.jar;C:\Users\ulise\Desktop\TEC\Algoritmos y estructura de datos I\BuscaMinas\ventana busca minas\build\classes
Launcher Type: SUN_STANDARD

[Global flags]
     intx CICompilerCount                          = 4                                         {product} {ergonomic}
     uint ConcGCThreads                            = 3                                         {product} {ergonomic}
     uint G1ConcRefinementThreads                  = 10                                        {product} {ergonomic}
   size_t G1HeapRegionSize                         = 1048576                                   {product} {ergonomic}
    uintx GCDrainStackTargetSize                   = 64                                        {product} {ergonomic}
   size_t InitialHeapSize                          = 134217728                                 {product} {ergonomic}
   size_t MarkStackSize                            = 4194304                                   {product} {ergonomic}
   size_t MaxHeapSize                              = 2124414976                                {product} {ergonomic}
   size_t MaxNewSize                               = 1274019840                                {product} {ergonomic}
   size_t MinHeapDeltaBytes                        = 1048576                                   {product} {ergonomic}
   size_t MinHeapSize                              = 8388608                                   {product} {ergonomic}
    uintx NonNMethodCodeHeapSize                   = 5839372                                {pd product} {ergonomic}
    uintx NonProfiledCodeHeapSize                  = 122909434                              {pd product} {ergonomic}
    uintx ProfiledCodeHeapSize                     = 122909434                              {pd product} {ergonomic}
    uintx ReservedCodeCacheSize                    = 251658240                              {pd product} {ergonomic}
     bool SegmentedCodeCache                       = true                                      {product} {ergonomic}
   size_t SoftMaxHeapSize                          = 2124414976                             {manageable} {ergonomic}
     bool UseCompressedClassPointers               = true                           {product lp64_product} {ergonomic}
     bool UseCompressedOops                        = true                           {product lp64_product} {ergonomic}
     bool UseG1GC                                  = true                                      {product} {ergonomic}
     bool UseLargePagesIndividualAllocation        = false                                  {pd product} {ergonomic}

Logging:
Log output configuration:
 #0: stdout all=warning uptime,level,tags foldmultilines=false
 #1: stderr all=off uptime,level,tags foldmultilines=false

Environment Variables:
PATH=C:\Program Files\Zulu\zulu-19\bin\;C:\Program Files\Common Files\Oracle\Java\javapath;C:\Program Files (x86)\Common Files\Oracle\Java\javapath;C:\Windows\system32;C:\Windows;C:\Windows\System32\Wbem;C:\Windows\System32\WindowsPowerShell\v1.0\;C:\Windows\System32\OpenSSH\;C:\Program Files (x86)\NVIDIA Corporation\PhysX\Common;C:\Program Files\NVIDIA Corporation\NVIDIA NvDLISR;C:\WINDOWS\system32;C:\WINDOWS;C:\WINDOWS\System32\Wbem;C:\WINDOWS\System32\WindowsPowerShell\v1.0\;C:\WINDOWS\System32\OpenSSH\;C:\Program Files\nodejs\;C:\Program Files\Git\cmd;C:\Users\ulise\AppData\Local\Microsoft\WindowsApps;C:\Users\ulise\AppData\Local\Programs\Microsoft VS Code\bin;C:\Users\ulise\AppData\Roaming\npm;C:\Users\ulise\AppData\Local\GitHubDesktop\bin
USERNAME=ulise
OS=Windows_NT
PROCESSOR_IDENTIFIER=Intel64 Family 6 Model 165 Stepping 2, GenuineIntel
TMP=C:\Users\ulise\AppData\Local\Temp
TEMP=C:\Users\ulise\AppData\Local\Temp



---------------  S Y S T E M  ---------------

OS:
 Windows 11 , 64 bit Build 22621 (10.0.22621.1485)
OS uptime: 8 days 4:59 hours

CPU: total 12 (initial active 12) (6 cores per cpu, 2 threads per core) family 6 model 165 stepping 2 microcode 0xe2, cx8, cmov, fxsr, ht, mmx, 3dnowpref, sse, sse2, sse3, ssse3, sse4.1, sse4.2, popcnt, lzcnt, tsc, tscinvbit, avx, avx2, aes, erms, clmul, bmi1, bmi2, adx, fma, vzeroupper, clflush, clflushopt, rdtscp

Memory: 4k page, system-wide physical 8099M (788M free)
TotalPageFile size 12195M (AvailPageFile size 106M)
current process WorkingSet (physical memory assigned to process): 396M, peak: 396M
current process commit charge ("private bytes"): 501M, peak: 704M

vm_info: OpenJDK 64-Bit Server VM (19.0.2+7) for windows-amd64 JRE (19.0.2+7) (Zulu19.32+15-CA), built on Dec 28 2022 19:25:40 by "zulu_re" with MS VC++ 16.10 / 16.11 (VS2019)

END.
