#
# There is insufficient memory for the Java Runtime Environment to continue.
# Native memory allocation (malloc) failed to allocate 640416 bytes for Chunk::new
# Possible reasons:
#   The system is out of physical RAM or swap space
#   The process is running with CompressedOops enabled, and the Java Heap may be blocking the growth of the native heap
# Possible solutions:
#   Reduce memory load on the system
#   Increase physical memory or swap space
#   Check if swap backing store is full
#   Decrease Java heap size (-Xmx/-Xms)
#   Decrease number of Java threads
#   Decrease Java thread stack sizes (-Xss)
#   Set larger code cache with -XX:ReservedCodeCacheSize=
#   JVM is running with Unscaled Compressed Oops mode in which the Java heap is
#     placed in the first 4GB address space. The Java Heap base address is the
#     maximum limit for the native heap growth. Please use -XX:HeapBaseMinAddress
#     to set the Java Heap base and to place the Java Heap above 4GB virtual address.
# This output file may be truncated or incomplete.
#
#  Out of Memory Error (arena.cpp:184), pid=7940, tid=14664
#
# JRE version: OpenJDK Runtime Environment Zulu19.32+15-CA (19.0.2+7) (build 19.0.2+7)
# Java VM: OpenJDK 64-Bit Server VM Zulu19.32+15-CA (19.0.2+7, mixed mode, sharing, tiered, compressed oops, compressed class ptrs, g1 gc, windows-amd64)
# No core dump will be written. Minidumps are not enabled by default on client versions of Windows
#

---------------  S U M M A R Y ------------

Command Line: -Dapplication.home=C:\Program Files\Zulu\zulu-19 --add-modules=ALL-DEFAULT -Xms8m -Djdk.module.main=jdk.compiler jdk.compiler/com.sun.tools.javac.Main -d C:\Users\ulise\Desktop\TEC\Algoritmos y estructura de datos I\BuscaMinas\ventana busca minas\build\classes -classpath C:\Users\ulise\Desktop\TEC\Algoritmos y estructura de datos I\BuscaMinas\ventana busca minas\build\classes -sourcepath C:\Users\ulise\Desktop\TEC\Algoritmos y estructura de datos I\BuscaMinas\ventana busca minas\src -target 19 -encoding UTF-8 -g -processorpath C:\Users\ulise\Desktop\TEC\Algoritmos y estructura de datos I\BuscaMinas\ventana busca minas\build\empty -s C:\Users\ulise\Desktop\TEC\Algoritmos y estructura de datos I\BuscaMinas\ventana busca minas\build\generated-sources\ap-source-output -source 19 C:\Users\ulise\Desktop\TEC\Algoritmos y estructura de datos I\BuscaMinas\ventana busca minas\src\BuscaminasFX.java

Host: Intel(R) Core(TM) i7-10750H CPU @ 2.60GHz, 12 cores, 7G,  Windows 11 , 64 bit Build 22621 (10.0.22621.1344)
Time: Tue Mar 21 00:47:26 2023 Hora estándar, América Central elapsed time: 0.402875 seconds (0d 0h 0m 0s)

---------------  T H R E A D  ---------------

Current thread (0x000002c839e8a930):  JavaThread "C2 CompilerThread2" daemon [_thread_in_native, id=14664, stack(0x000000fd5d200000,0x000000fd5d300000)]


Current CompileTask:
C2:    402 1061       4       jdk.internal.jimage.ImageLocation::getFullName (109 bytes)

Stack: [0x000000fd5d200000,0x000000fd5d300000]
Native frames: (J=compiled Java code, j=interpreted, Vv=VM code, C=native code)
V  [jvm.dll+0x6eab2a]
V  [jvm.dll+0x8a4a20]
V  [jvm.dll+0x8a640e]
V  [jvm.dll+0x8a6ac3]
V  [jvm.dll+0x27c1ef]
V  [jvm.dll+0xc245f]
V  [jvm.dll+0xc27d5]
V  [jvm.dll+0x2f30df]
V  [jvm.dll+0x5eb37e]
V  [jvm.dll+0x24ec4e]
V  [jvm.dll+0x2476ac]
V  [jvm.dll+0x244b65]
V  [jvm.dll+0x1cf9a1]
V  [jvm.dll+0x254799]
V  [jvm.dll+0x2529a8]
V  [jvm.dll+0x854e98]
V  [jvm.dll+0x84ec7a]
V  [jvm.dll+0x6e981b]
C  [ucrtbase.dll+0x29363]
C  [KERNEL32.DLL+0x126bd]
C  [ntdll.dll+0x5a9f8]


---------------  P R O C E S S  ---------------

Threads class SMR info:
_java_thread_list=0x000002c839fb84e0, length=14, elements={
0x000002c81343d400, 0x000002c8354e50c0, 0x000002c8354e5d90, 0x000002c8354ed220,
0x000002c8354edcf0, 0x000002c8354ee620, 0x000002c8354ef0f0, 0x000002c8354f7280,
0x000002c8354f7bf0, 0x000002c8354f9570, 0x000002c83985e100, 0x000002c83989d5d0,
0x000002c83991e0b0, 0x000002c839e8a930
}

Java Threads: ( => current thread )
  0x000002c81343d400 JavaThread "main" [_thread_in_Java, id=14348, stack(0x000000fd5b900000,0x000000fd5ba00000)]
  0x000002c8354e50c0 JavaThread "Reference Handler" daemon [_thread_blocked, id=10124, stack(0x000000fd5c000000,0x000000fd5c100000)]
  0x000002c8354e5d90 JavaThread "Finalizer" daemon [_thread_blocked, id=6412, stack(0x000000fd5c100000,0x000000fd5c200000)]
  0x000002c8354ed220 JavaThread "Signal Dispatcher" daemon [_thread_blocked, id=9760, stack(0x000000fd5c200000,0x000000fd5c300000)]
  0x000002c8354edcf0 JavaThread "Attach Listener" daemon [_thread_blocked, id=9280, stack(0x000000fd5c300000,0x000000fd5c400000)]
  0x000002c8354ee620 JavaThread "Service Thread" daemon [_thread_blocked, id=12900, stack(0x000000fd5c400000,0x000000fd5c500000)]
  0x000002c8354ef0f0 JavaThread "Monitor Deflation Thread" daemon [_thread_blocked, id=3308, stack(0x000000fd5c500000,0x000000fd5c600000)]
  0x000002c8354f7280 JavaThread "C2 CompilerThread0" daemon [_thread_in_native, id=4464, stack(0x000000fd5c600000,0x000000fd5c700000)]
  0x000002c8354f7bf0 JavaThread "C1 CompilerThread0" daemon [_thread_in_native, id=14652, stack(0x000000fd5c700000,0x000000fd5c800000)]
  0x000002c8354f9570 JavaThread "Sweeper thread" daemon [_thread_blocked, id=15024, stack(0x000000fd5c800000,0x000000fd5c900000)]
  0x000002c83985e100 JavaThread "Common-Cleaner" daemon [_thread_blocked, id=15060, stack(0x000000fd5c900000,0x000000fd5ca00000)]
  0x000002c83989d5d0 JavaThread "C2 CompilerThread1" daemon [_thread_in_native, id=9604, stack(0x000000fd5ca00000,0x000000fd5cb00000)]
  0x000002c83991e0b0 JavaThread "Notification Thread" daemon [_thread_blocked, id=4508, stack(0x000000fd5cb00000,0x000000fd5cc00000)]
=>0x000002c839e8a930 JavaThread "C2 CompilerThread2" daemon [_thread_in_native, id=14664, stack(0x000000fd5d200000,0x000000fd5d300000)]

Other Threads:
  0x000002c8354c8ef0 VMThread "VM Thread" [stack: 0x000000fd5bf00000,0x000000fd5c000000] [id=19472]
  0x000002c83989ff70 WatcherThread "VM Periodic Task Thread" [stack: 0x000000fd5cc00000,0x000000fd5cd00000] [id=14204]
  0x000002c8156d9ec0 WorkerThread "GC Thread#0" [stack: 0x000000fd5ba00000,0x000000fd5bb00000] [id=14136]
  0x000002c839a2abd0 WorkerThread "GC Thread#1" [stack: 0x000000fd5cd00000,0x000000fd5ce00000] [id=20252]
  0x000002c839b53cb0 WorkerThread "GC Thread#2" [stack: 0x000000fd5ce00000,0x000000fd5cf00000] [id=20384]
  0x000002c839b53f80 WorkerThread "GC Thread#3" [stack: 0x000000fd5cf00000,0x000000fd5d000000] [id=16032]
  0x000002c839b90b40 WorkerThread "GC Thread#4" [stack: 0x000000fd5d000000,0x000000fd5d100000] [id=9492]
  0x000002c839ca5100 WorkerThread "GC Thread#5" [stack: 0x000000fd5d100000,0x000000fd5d200000] [id=18180]
  0x000002c839ca53d0 WorkerThread "GC Thread#6" [stack: 0x000000fd5d300000,0x000000fd5d400000] [id=9984]
  0x000002c8156ead20 ConcurrentGCThread "G1 Main Marker" [stack: 0x000000fd5bb00000,0x000000fd5bc00000] [id=11792]
  0x000002c8156ecf00 WorkerThread "G1 Conc#0" [stack: 0x000000fd5bc00000,0x000000fd5bd00000] [id=15196]
  0x000002c815722220 ConcurrentGCThread "G1 Refine#0" [stack: 0x000000fd5bd00000,0x000000fd5be00000] [id=14708]
  0x000002c815723c10 ConcurrentGCThread "G1 Service" [stack: 0x000000fd5be00000,0x000000fd5bf00000] [id=11852]

Threads with active compile tasks:
C2 CompilerThread0      415 1156       4       java.util.regex.Pattern::compile (537 bytes)
C1 CompilerThread0      415 1171       3       com.sun.tools.javac.util.Convert::shortName (45 bytes)
C2 CompilerThread1      415 1154       4       java.util.regex.Pattern::atom (422 bytes)
C2 CompilerThread2      415 1061       4       jdk.internal.jimage.ImageLocation::getFullName (109 bytes)

VM state: not at safepoint (normal execution)

VM Mutex/Monitor currently owned by a thread: None

Heap address: 0x0000000082000000, size: 2016 MB, Compressed Oops mode: 32-bit

CDS archive(s) mapped at: [0x0000000800000000-0x0000000800c40000-0x0000000800c40000), size 12845056, SharedBaseAddress: 0x0000000800000000, ArchiveRelocationMode: 0.
Compressed class space mapped at: 0x0000000801000000-0x0000000841000000, reserved size: 1073741824
Narrow klass base: 0x0000000800000000, Narrow klass shift: 0, Narrow klass range: 0x100000000

GC Precious Log:
 CardTable entry size: 512
 Card Set container configuration: InlinePtr #cards 5 size 8 Array Of Cards #cards 12 size 40 Howl #buckets 4 coarsen threshold 1843 Howl Bitmap #cards 512 size 80 coarsen threshold 460 Card regions per heap region 1 cards per card region 2048
 CPUs: 12 total, 12 available
 Memory: 8059M
 Large Page Support: Disabled
 NUMA Support: Disabled
 Compressed Oops: Enabled (32-bit)
 Heap Region Size: 1M
 Heap Min Capacity: 8M
 Heap Initial Capacity: 8M
 Heap Max Capacity: 2016M
 Pre-touch: Disabled
 Parallel Workers: 10
 Concurrent Workers: 3
 Concurrent Refinement Workers: 10
 Periodic GC: Disabled

Heap:
 garbage-first heap   total 20480K, used 4916K [0x0000000082000000, 0x0000000100000000)
  region size 1024K, 3 young (3072K), 1 survivors (1024K)
 Metaspace       used 8493K, committed 8704K, reserved 1114112K
  class space    used 944K, committed 1024K, reserved 1048576K

Heap Regions: E=young(eden), S=young(survivor), O=old, HS=humongous(starts), HC=humongous(continues), CS=collection set, F=free, OA=open archive, CA=closed archive, TAMS=top-at-mark-start (previous, next)
|   0|0x0000000082000000, 0x0000000082100000, 0x0000000082100000|100%| O|  |TAMS 0x0000000082000000, 0x0000000082000000| Untracked 
|   1|0x0000000082100000, 0x0000000082200000, 0x0000000082200000|100%| O|  |TAMS 0x0000000082100000, 0x0000000082100000| Untracked 
|   2|0x0000000082200000, 0x0000000082300000, 0x0000000082300000|100%| O|  |TAMS 0x0000000082200000, 0x0000000082200000| Untracked 
|   3|0x0000000082300000, 0x00000000823cd200, 0x0000000082400000| 80%| O|  |TAMS 0x0000000082300000, 0x0000000082300000| Untracked 
|   4|0x0000000082400000, 0x0000000082400000, 0x0000000082500000|  0%| F|  |TAMS 0x0000000082400000, 0x0000000082400000| Untracked 
|   5|0x0000000082500000, 0x0000000082500000, 0x0000000082600000|  0%| F|  |TAMS 0x0000000082500000, 0x0000000082500000| Untracked 
|   6|0x0000000082600000, 0x0000000082600000, 0x0000000082700000|  0%| F|  |TAMS 0x0000000082600000, 0x0000000082600000| Untracked 
|   7|0x0000000082700000, 0x0000000082700000, 0x0000000082800000|  0%| F|  |TAMS 0x0000000082700000, 0x0000000082700000| Untracked 
|   8|0x0000000082800000, 0x0000000082800000, 0x0000000082900000|  0%| F|  |TAMS 0x0000000082800000, 0x0000000082800000| Untracked 
|   9|0x0000000082900000, 0x0000000082900000, 0x0000000082a00000|  0%| F|  |TAMS 0x0000000082900000, 0x0000000082900000| Untracked 
|  10|0x0000000082a00000, 0x0000000082a00000, 0x0000000082b00000|  0%| F|  |TAMS 0x0000000082a00000, 0x0000000082a00000| Untracked 
|  11|0x0000000082b00000, 0x0000000082b00000, 0x0000000082c00000|  0%| F|  |TAMS 0x0000000082b00000, 0x0000000082b00000| Untracked 
|  12|0x0000000082c00000, 0x0000000082d00000, 0x0000000082d00000|100%| S|CS|TAMS 0x0000000082c00000, 0x0000000082c00000| Complete 
|  13|0x0000000082d00000, 0x0000000082d00000, 0x0000000082e00000|  0%| F|  |TAMS 0x0000000082d00000, 0x0000000082d00000| Untracked 
|  14|0x0000000082e00000, 0x0000000082e00000, 0x0000000082f00000|  0%| F|  |TAMS 0x0000000082e00000, 0x0000000082e00000| Untracked 
|  15|0x0000000082f00000, 0x0000000082f00000, 0x0000000083000000|  0%| F|  |TAMS 0x0000000082f00000, 0x0000000082f00000| Untracked 
|  16|0x0000000083000000, 0x0000000083000000, 0x0000000083100000|  0%| F|  |TAMS 0x0000000083000000, 0x0000000083000000| Untracked 
|  17|0x0000000083100000, 0x0000000083100000, 0x0000000083200000|  0%| F|  |TAMS 0x0000000083100000, 0x0000000083100000| Untracked 
|  18|0x0000000083200000, 0x0000000083252be8, 0x0000000083300000| 32%| E|  |TAMS 0x0000000083200000, 0x0000000083200000| Complete 
|  19|0x0000000083300000, 0x0000000083400000, 0x0000000083400000|100%| E|  |TAMS 0x0000000083300000, 0x0000000083300000| Complete 

Card table byte_map: [0x000002c82e220000,0x000002c82e610000] _byte_map_base: 0x000002c82de10000

Marking Bits (Prev, Next): (CMBitMap*) 0x000002c8156da4f0, (CMBitMap*) 0x000002c8156da530
 Prev Bits: [0x000002c82ea00000, 0x000002c830980000)
 Next Bits: [0x000002c830980000, 0x000002c832900000)

Polling page: 0x000002c813670000

Metaspace:

Usage:
  Non-class:      7.37 MB used.
      Class:    944.84 KB used.
       Both:      8.30 MB used.

Virtual space:
  Non-class space:       64.00 MB reserved,       7.50 MB ( 12%) committed,  1 nodes.
      Class space:        1.00 GB reserved,       1.00 MB ( <1%) committed,  1 nodes.
             Both:        1.06 GB reserved,       8.50 MB ( <1%) committed. 

Chunk freelists:
   Non-Class:  2.23 MB
       Class:  2.94 MB
        Both:  5.17 MB

MaxMetaspaceSize: unlimited
CompressedClassSpaceSize: 1.00 GB
Initial GC threshold: 21.00 MB
Current GC threshold: 21.00 MB
CDS: on
MetaspaceReclaimPolicy: balanced
 - commit_granule_bytes: 65536.
 - commit_granule_words: 8192.
 - virtual_space_node_default_size: 8388608.
 - enlarge_chunks_in_place: 1.
 - new_chunks_are_fully_committed: 0.
 - uncommit_free_chunks: 1.
 - use_allocation_guard: 0.


Internal statistics:

num_allocs_failed_limit: 0.
num_arena_births: 68.
num_arena_deaths: 0.
num_vsnodes_births: 2.
num_vsnodes_deaths: 0.
num_space_committed: 136.
num_space_uncommitted: 0.
num_chunks_returned_to_freelist: 0.
num_chunks_taken_from_freelist: 345.
num_chunk_merges: 0.
num_chunk_splits: 251.
num_chunks_enlarged: 199.
num_inconsistent_stats: 0.

CodeHeap 'non-profiled nmethods': size=120000Kb used=364Kb max_used=364Kb free=119635Kb
 bounds [0x000002c8263b0000, 0x000002c826620000, 0x000002c82d8e0000]
CodeHeap 'profiled nmethods': size=120000Kb used=2060Kb max_used=2060Kb free=117939Kb
 bounds [0x000002c81e8e0000, 0x000002c81eb50000, 0x000002c825e10000]
CodeHeap 'non-nmethods': size=5760Kb used=1221Kb max_used=1251Kb free=4538Kb
 bounds [0x000002c825e10000, 0x000002c826080000, 0x000002c8263b0000]
 total_blobs=1588 nmethods=1164 adapters=335
 compilation: enabled
              stopped_count=0, restarted_count=0
 full_count=0

Compilation events (20 events):
Event: 0.394 Thread 0x000002c8354f7bf0 1143       3       com.sun.tools.javac.jvm.ClassReader::sigToType (893 bytes)
Event: 0.394 Thread 0x000002c83989d5d0 nmethod 1108 0x000002c826407910 code [0x000002c826407ac0, 0x000002c8264085b8]
Event: 0.395 Thread 0x000002c8354f7bf0 nmethod 1143 0x000002c81ead1b10 code [0x000002c81ead2060, 0x000002c81ead4d78]
Event: 0.395 Thread 0x000002c8354f7bf0 1144       3       com.sun.tools.javac.code.Type$ClassType::getTag (4 bytes)
Event: 0.395 Thread 0x000002c8354f7bf0 nmethod 1144 0x000002c81ead5b90 code [0x000002c81ead5d20, 0x000002c81ead5e38]
Event: 0.395 Thread 0x000002c8354f7bf0 1146       3       com.sun.tools.javac.code.Symtab::lookupPackage (259 bytes)
Event: 0.396 Thread 0x000002c83989d5d0 1149       4       com.sun.tools.javac.util.Convert::chars2utf (159 bytes)
Event: 0.398 Thread 0x000002c8354f7bf0 nmethod 1146 0x000002c81ead5f10 code [0x000002c81ead6460, 0x000002c81ead97c8]
Event: 0.398 Thread 0x000002c8354f7bf0 1145       3       com.sun.tools.javac.code.Symtab::enterClass (71 bytes)
Event: 0.398 Thread 0x000002c8354f7bf0 nmethod 1145 0x000002c81eada590 code [0x000002c81eada880, 0x000002c81eadb748]
Event: 0.398 Thread 0x000002c8354f7bf0 1150       3       java.util.stream.Nodes$SpinedNodeBuilder::accept (29 bytes)
Event: 0.398 Thread 0x000002c8354f7bf0 nmethod 1150 0x000002c81eadbd10 code [0x000002c81eadbec0, 0x000002c81eadc008]
Event: 0.398 Thread 0x000002c8354f7bf0 1148   !   3       com.sun.tools.javac.jvm.ClassReader$AttributeReader::accepts (214 bytes)
Event: 0.399 Thread 0x000002c83989d5d0 nmethod 1149 0x000002c826408a90 code [0x000002c826408c20, 0x000002c826408eb8]
Event: 0.399 Thread 0x000002c8354f7280 1151       4       jdk.internal.jrtfs.JrtPath::getFileSystem (5 bytes)
Event: 0.399 Thread 0x000002c8354f7bf0 nmethod 1148 0x000002c81eadc090 code [0x000002c81eadc320, 0x000002c81eadd378]
Event: 0.399 Thread 0x000002c8354f7280 nmethod 1151 0x000002c826409010 code [0x000002c826409180, 0x000002c8264091f8]
Event: 0.399 Thread 0x000002c8354f7bf0 1147       1       com.sun.tools.javac.code.Type::isPrimitive (2 bytes)
Event: 0.399 Thread 0x000002c8354f7280 1152       4       jdk.internal.jrtfs.JrtPath::getFileName (78 bytes)
Event: 0.399 Thread 0x000002c8354f7bf0 nmethod 1147 0x000002c826409310 code [0x000002c8264094a0, 0x000002c826409578]

GC Heap History (18 events):
Event: 0.130 GC heap before
{Heap before GC invocations=0 (full 0):
 garbage-first heap   total 8192K, used 3072K [0x0000000082000000, 0x0000000100000000)
  region size 1024K, 3 young (3072K), 0 survivors (0K)
 Metaspace       used 2598K, committed 2816K, reserved 1114112K
  class space    used 328K, committed 448K, reserved 1048576K
}
Event: 0.132 GC heap after
{Heap after GC invocations=1 (full 0):
 garbage-first heap   total 8192K, used 1184K [0x0000000082000000, 0x0000000100000000)
  region size 1024K, 1 young (1024K), 1 survivors (1024K)
 Metaspace       used 2598K, committed 2816K, reserved 1114112K
  class space    used 328K, committed 448K, reserved 1048576K
}
Event: 0.185 GC heap before
{Heap before GC invocations=1 (full 0):
 garbage-first heap   total 8192K, used 2208K [0x0000000082000000, 0x0000000100000000)
  region size 1024K, 2 young (2048K), 1 survivors (1024K)
 Metaspace       used 4972K, committed 5184K, reserved 1114112K
  class space    used 598K, committed 704K, reserved 1048576K
}
Event: 0.187 GC heap after
{Heap after GC invocations=2 (full 0):
 garbage-first heap   total 8192K, used 1852K [0x0000000082000000, 0x0000000100000000)
  region size 1024K, 1 young (1024K), 1 survivors (1024K)
 Metaspace       used 4972K, committed 5184K, reserved 1114112K
  class space    used 598K, committed 704K, reserved 1048576K
}
Event: 0.231 GC heap before
{Heap before GC invocations=2 (full 0):
 garbage-first heap   total 8192K, used 2876K [0x0000000082000000, 0x0000000100000000)
  region size 1024K, 2 young (2048K), 1 survivors (1024K)
 Metaspace       used 6509K, committed 6656K, reserved 1114112K
  class space    used 752K, committed 832K, reserved 1048576K
}
Event: 0.232 GC heap after
{Heap after GC invocations=3 (full 0):
 garbage-first heap   total 8192K, used 2177K [0x0000000082000000, 0x0000000100000000)
  region size 1024K, 1 young (1024K), 1 survivors (1024K)
 Metaspace       used 6509K, committed 6656K, reserved 1114112K
  class space    used 752K, committed 832K, reserved 1048576K
}
Event: 0.281 GC heap before
{Heap before GC invocations=3 (full 0):
 garbage-first heap   total 8192K, used 3201K [0x0000000082000000, 0x0000000100000000)
  region size 1024K, 2 young (2048K), 1 survivors (1024K)
 Metaspace       used 7778K, committed 8000K, reserved 1114112K
  class space    used 872K, committed 960K, reserved 1048576K
}
Event: 0.282 GC heap after
{Heap after GC invocations=4 (full 0):
 garbage-first heap   total 8192K, used 2453K [0x0000000082000000, 0x0000000100000000)
  region size 1024K, 1 young (1024K), 1 survivors (1024K)
 Metaspace       used 7778K, committed 8000K, reserved 1114112K
  class space    used 872K, committed 960K, reserved 1048576K
}
Event: 0.303 GC heap before
{Heap before GC invocations=4 (full 0):
 garbage-first heap   total 8192K, used 3477K [0x0000000082000000, 0x0000000100000000)
  region size 1024K, 2 young (2048K), 1 survivors (1024K)
 Metaspace       used 8020K, committed 8256K, reserved 1114112K
  class space    used 897K, committed 1024K, reserved 1048576K
}
Event: 0.305 GC heap after
{Heap after GC invocations=5 (full 0):
 garbage-first heap   total 10240K, used 2771K [0x0000000082000000, 0x0000000100000000)
  region size 1024K, 1 young (1024K), 1 survivors (1024K)
 Metaspace       used 8020K, committed 8256K, reserved 1114112K
  class space    used 897K, committed 1024K, reserved 1048576K
}
Event: 0.334 GC heap before
{Heap before GC invocations=5 (full 0):
 garbage-first heap   total 10240K, used 4819K [0x0000000082000000, 0x0000000100000000)
  region size 1024K, 3 young (3072K), 1 survivors (1024K)
 Metaspace       used 8216K, committed 8384K, reserved 1114112K
  class space    used 922K, committed 1024K, reserved 1048576K
}
Event: 0.335 GC heap after
{Heap after GC invocations=6 (full 0):
 garbage-first heap   total 10240K, used 3432K [0x0000000082000000, 0x0000000100000000)
  region size 1024K, 1 young (1024K), 1 survivors (1024K)
 Metaspace       used 8216K, committed 8384K, reserved 1114112K
  class space    used 922K, committed 1024K, reserved 1048576K
}
Event: 0.347 GC heap before
{Heap before GC invocations=6 (full 0):
 garbage-first heap   total 10240K, used 5480K [0x0000000082000000, 0x0000000100000000)
  region size 1024K, 3 young (3072K), 1 survivors (1024K)
 Metaspace       used 8268K, committed 8448K, reserved 1114112K
  class space    used 922K, committed 1024K, reserved 1048576K
}
Event: 0.349 GC heap after
{Heap after GC invocations=7 (full 0):
 garbage-first heap   total 10240K, used 3752K [0x0000000082000000, 0x0000000100000000)
  region size 1024K, 1 young (1024K), 1 survivors (1024K)
 Metaspace       used 8268K, committed 8448K, reserved 1114112K
  class space    used 922K, committed 1024K, reserved 1048576K
}
Event: 0.361 GC heap before
{Heap before GC invocations=7 (full 0):
 garbage-first heap   total 10240K, used 4776K [0x0000000082000000, 0x0000000100000000)
  region size 1024K, 2 young (2048K), 1 survivors (1024K)
 Metaspace       used 8341K, committed 8512K, reserved 1114112K
  class space    used 931K, committed 1024K, reserved 1048576K
}
Event: 0.362 GC heap after
{Heap after GC invocations=8 (full 0):
 garbage-first heap   total 10240K, used 3789K [0x0000000082000000, 0x0000000100000000)
  region size 1024K, 1 young (1024K), 1 survivors (1024K)
 Metaspace       used 8341K, committed 8512K, reserved 1114112K
  class space    used 931K, committed 1024K, reserved 1048576K
}
Event: 0.366 GC heap before
{Heap before GC invocations=8 (full 0):
 garbage-first heap   total 10240K, used 5837K [0x0000000082000000, 0x0000000100000000)
  region size 1024K, 3 young (3072K), 1 survivors (1024K)
 Metaspace       used 8362K, committed 8512K, reserved 1114112K
  class space    used 931K, committed 1024K, reserved 1048576K
}
Event: 0.367 GC heap after
{Heap after GC invocations=9 (full 0):
 garbage-first heap   total 20480K, used 4090K [0x0000000082000000, 0x0000000100000000)
  region size 1024K, 1 young (1024K), 1 survivors (1024K)
 Metaspace       used 8362K, committed 8512K, reserved 1114112K
  class space    used 931K, committed 1024K, reserved 1048576K
}

Dll operation events (5 events):
Event: 0.004 Loaded shared library C:\Program Files\Zulu\zulu-19\bin\java.dll
Event: 0.012 Loaded shared library C:\Program Files\Zulu\zulu-19\bin\jsvml.dll
Event: 0.048 Loaded shared library C:\Program Files\Zulu\zulu-19\bin\jimage.dll
Event: 0.097 Loaded shared library C:\Program Files\Zulu\zulu-19\bin\net.dll
Event: 0.098 Loaded shared library C:\Program Files\Zulu\zulu-19\bin\nio.dll

Deoptimization events (20 events):
Event: 0.269 Thread 0x000002c81343d400 Uncommon trap: trap_request=0xffffff45 fr.pc=0x000002c8263e2038 relative=0x0000000000000178
Event: 0.269 Thread 0x000002c81343d400 Uncommon trap: reason=unstable_if action=reinterpret pc=0x000002c8263e2038 method=com.sun.tools.javac.parser.UnicodeReader.nextCodeUnit()V @ 15 c2
Event: 0.269 Thread 0x000002c81343d400 DEOPT PACKING pc=0x000002c8263e2038 sp=0x000000fd5b9feb30
Event: 0.269 Thread 0x000002c81343d400 DEOPT UNPACKING pc=0x000002c825e76da3 sp=0x000000fd5b9fe9a0 mode 2
Event: 0.331 Thread 0x000002c81343d400 Uncommon trap: trap_request=0xffffffde fr.pc=0x000002c8263f63f0 relative=0x0000000000000310
Event: 0.331 Thread 0x000002c81343d400 Uncommon trap: reason=class_check action=maybe_recompile pc=0x000002c8263f63f0 method=java.util.HashMap.getNode(Ljava/lang/Object;)Ljava/util/HashMap$Node; @ 128 c2
Event: 0.331 Thread 0x000002c81343d400 DEOPT PACKING pc=0x000002c8263f63f0 sp=0x000000fd5b9fe530
Event: 0.331 Thread 0x000002c81343d400 DEOPT UNPACKING pc=0x000002c825e76da3 sp=0x000000fd5b9fe4a8 mode 2
Event: 0.379 Thread 0x000002c81343d400 Uncommon trap: trap_request=0xffffff45 fr.pc=0x000002c8263ecd80 relative=0x0000000000000060
Event: 0.379 Thread 0x000002c81343d400 Uncommon trap: reason=unstable_if action=reinterpret pc=0x000002c8263ecd80 method=com.sun.tools.javac.jvm.PoolReader.sizeof(I)I @ 1 c2
Event: 0.379 Thread 0x000002c81343d400 DEOPT PACKING pc=0x000002c8263ecd80 sp=0x000000fd5b9fe2f0
Event: 0.379 Thread 0x000002c81343d400 DEOPT UNPACKING pc=0x000002c825e76da3 sp=0x000000fd5b9fe280 mode 2
Event: 0.387 Thread 0x000002c81343d400 Uncommon trap: trap_request=0xffffffc6 fr.pc=0x000002c8263f7d48 relative=0x00000000000003c8
Event: 0.387 Thread 0x000002c81343d400 Uncommon trap: reason=bimorphic_or_optimized_type_check action=maybe_recompile pc=0x000002c8263f7d48 method=java.util.HashMap.getNode(Ljava/lang/Object;)Ljava/util/HashMap$Node; @ 63 c2
Event: 0.387 Thread 0x000002c81343d400 DEOPT PACKING pc=0x000002c8263f7d48 sp=0x000000fd5b9fe2e0
Event: 0.387 Thread 0x000002c81343d400 DEOPT UNPACKING pc=0x000002c825e76da3 sp=0x000000fd5b9fe1e8 mode 2
Event: 0.395 Thread 0x000002c81343d400 Uncommon trap: trap_request=0xffffffc6 fr.pc=0x000002c8263f7d48 relative=0x00000000000003c8
Event: 0.395 Thread 0x000002c81343d400 Uncommon trap: reason=bimorphic_or_optimized_type_check action=maybe_recompile pc=0x000002c8263f7d48 method=java.util.HashMap.getNode(Ljava/lang/Object;)Ljava/util/HashMap$Node; @ 63 c2
Event: 0.395 Thread 0x000002c81343d400 DEOPT PACKING pc=0x000002c8263f7d48 sp=0x000000fd5b9fe2e0
Event: 0.395 Thread 0x000002c81343d400 DEOPT UNPACKING pc=0x000002c825e76da3 sp=0x000000fd5b9fe1e8 mode 2

Classes loaded (20 events):
Event: 0.320 Loading class java/util/RegularEnumSet$EnumSetIterator
Event: 0.321 Loading class java/util/RegularEnumSet$EnumSetIterator done
Event: 0.323 Loading class java/nio/file/Files$AcceptAllFilter
Event: 0.323 Loading class java/nio/file/Files$AcceptAllFilter done
Event: 0.323 Loading class sun/nio/fs/WindowsDirectoryStream$WindowsDirectoryIterator
Event: 0.324 Loading class sun/nio/fs/WindowsDirectoryStream$WindowsDirectoryIterator done
Event: 0.324 Loading class java/nio/file/Files$2
Event: 0.324 Loading class java/nio/file/Files$2 done
Event: 0.324 Loading class java/util/ImmutableCollections$Access
Event: 0.324 Loading class java/util/ImmutableCollections$Access done
Event: 0.324 Loading class java/util/ImmutableCollections$Access$1
Event: 0.324 Loading class jdk/internal/access/JavaUtilCollectionAccess
Event: 0.324 Loading class jdk/internal/access/JavaUtilCollectionAccess done
Event: 0.324 Loading class java/util/ImmutableCollections$Access$1 done
Event: 0.325 Loading class java/util/stream/Nodes$SpinedNodeBuilder
Event: 0.325 Loading class java/util/stream/Nodes$SpinedNodeBuilder done
Event: 0.325 Loading class sun/nio/fs/WindowsPath$WindowsPathWithAttributes
Event: 0.325 Loading class sun/nio/fs/BasicFileAttributesHolder
Event: 0.325 Loading class sun/nio/fs/BasicFileAttributesHolder done
Event: 0.325 Loading class sun/nio/fs/WindowsPath$WindowsPathWithAttributes done

Classes unloaded (0 events):
No events

Classes redefined (0 events):
No events

Internal exceptions (20 events):
Event: 0.272 Thread 0x000002c81343d400 Exception <a 'sun/nio/fs/WindowsException'{0x00000000827b7538}> (0x00000000827b7538) 
thrown [s\src\hotspot\share\prims\jni.cpp, line 517]
Event: 0.272 Thread 0x000002c81343d400 Exception <a 'sun/nio/fs/WindowsException'{0x00000000827b7918}> (0x00000000827b7918) 
thrown [s\src\hotspot\share\prims\jni.cpp, line 517]
Event: 0.272 Thread 0x000002c81343d400 Exception <a 'sun/nio/fs/WindowsException'{0x00000000827b86a0}> (0x00000000827b86a0) 
thrown [s\src\hotspot\share\prims\jni.cpp, line 517]
Event: 0.272 Thread 0x000002c81343d400 Exception <a 'sun/nio/fs/WindowsException'{0x00000000827b8ac0}> (0x00000000827b8ac0) 
thrown [s\src\hotspot\share\prims\jni.cpp, line 517]
Event: 0.295 Thread 0x000002c81343d400 Exception <a 'java/lang/NoSuchMethodError'{0x000000008279e5e8}: 'java.lang.Object java.lang.invoke.DirectMethodHandle$Holder.invokeVirtual(java.lang.Object, java.lang.Object, java.lang.Object, int, int)'> (0x000000008279e5e8) 
thrown [s\src\hotspot\share\interpreter\linkResolver.cpp, line 774]
Event: 0.296 Thread 0x000002c81343d400 Exception <a 'java/lang/NoSuchMethodError'{0x00000000827a5410}: 'java.lang.Object java.lang.invoke.DirectMethodHandle$Holder.invokeVirtual(java.lang.Object, java.lang.Object, int)'> (0x00000000827a5410) 
thrown [s\src\hotspot\share\interpreter\linkResolver.cpp, line 774]
Event: 0.298 Thread 0x000002c81343d400 Exception <a 'java/lang/NoSuchMethodError'{0x00000000827bc968}: 'java.lang.Object java.lang.invoke.DirectMethodHandle$Holder.invokeSpecial(java.lang.Object, java.lang.Object, java.lang.Object, int, int)'> (0x00000000827bc968) 
thrown [s\src\hotspot\share\interpreter\linkResolver.cpp, line 774]
Event: 0.321 Thread 0x000002c81343d400 Exception <a 'java/lang/NoSuchMethodError'{0x00000000828325d8}: 'void java.lang.invoke.DirectMethodHandle$Holder.invokeStatic(java.lang.Object, java.lang.Object)'> (0x00000000828325d8) 
thrown [s\src\hotspot\share\interpreter\linkResolver.cpp, line 774]
Event: 0.322 Thread 0x000002c81343d400 Exception <a 'sun/nio/fs/WindowsException'{0x000000008283c730}> (0x000000008283c730) 
thrown [s\src\hotspot\share\prims\jni.cpp, line 517]
Event: 0.328 Thread 0x000002c81343d400 Exception <a 'sun/nio/fs/WindowsException'{0x0000000082856bc8}> (0x0000000082856bc8) 
thrown [s\src\hotspot\share\prims\jni.cpp, line 517]
Event: 0.359 Thread 0x000002c81343d400 Exception <a 'java/lang/NoSuchMethodError'{0x00000000829a4f10}: 'int java.lang.invoke.DirectMethodHandle$Holder.invokeSpecial(java.lang.Object, java.lang.Object, java.lang.Object)'> (0x00000000829a4f10) 
thrown [s\src\hotspot\share\interpreter\linkResolver.cpp, line 774]
Event: 0.360 Thread 0x000002c81343d400 Exception <a 'sun/nio/fs/WindowsException'{0x00000000829af838}> (0x00000000829af838) 
thrown [s\src\hotspot\share\prims\jni.cpp, line 517]
Event: 0.360 Thread 0x000002c81343d400 Exception <a 'sun/nio/fs/WindowsException'{0x00000000829afc08}> (0x00000000829afc08) 
thrown [s\src\hotspot\share\prims\jni.cpp, line 517]
Event: 0.360 Thread 0x000002c81343d400 Exception <a 'sun/nio/fs/WindowsException'{0x00000000829b0d10}> (0x00000000829b0d10) 
thrown [s\src\hotspot\share\prims\jni.cpp, line 517]
Event: 0.360 Thread 0x000002c81343d400 Exception <a 'sun/nio/fs/WindowsException'{0x00000000829b10a0}> (0x00000000829b10a0) 
thrown [s\src\hotspot\share\prims\jni.cpp, line 517]
Event: 0.379 Thread 0x000002c81343d400 Exception <a 'java/lang/NoSuchMethodError'{0x00000000830717f0}: 'java.lang.Object java.lang.invoke.DirectMethodHandle$Holder.invokeStatic(java.lang.Object, java.lang.Object, int, int)'> (0x00000000830717f0) 
thrown [s\src\hotspot\share\interpreter\linkResolver.cpp, line 774]
Event: 0.395 Thread 0x000002c81343d400 Exception <a 'sun/nio/fs/WindowsException'{0x0000000082f5e580}> (0x0000000082f5e580) 
thrown [s\src\hotspot\share\prims\jni.cpp, line 517]
Event: 0.395 Thread 0x000002c81343d400 Exception <a 'sun/nio/fs/WindowsException'{0x0000000082f5e960}> (0x0000000082f5e960) 
thrown [s\src\hotspot\share\prims\jni.cpp, line 517]
Event: 0.395 Thread 0x000002c81343d400 Exception <a 'sun/nio/fs/WindowsException'{0x0000000082f5fa68}> (0x0000000082f5fa68) 
thrown [s\src\hotspot\share\prims\jni.cpp, line 517]
Event: 0.395 Thread 0x000002c81343d400 Exception <a 'sun/nio/fs/WindowsException'{0x0000000082f5fe08}> (0x0000000082f5fe08) 
thrown [s\src\hotspot\share\prims\jni.cpp, line 517]

VM Operations (20 events):
Event: 0.231 Executing VM operation: G1CollectForAllocation
Event: 0.232 Executing VM operation: G1CollectForAllocation done
Event: 0.263 Executing VM operation: HandshakeAllThreads
Event: 0.263 Executing VM operation: HandshakeAllThreads done
Event: 0.276 Executing VM operation: HandshakeAllThreads
Event: 0.276 Executing VM operation: HandshakeAllThreads done
Event: 0.281 Executing VM operation: G1CollectForAllocation
Event: 0.282 Executing VM operation: G1CollectForAllocation done
Event: 0.303 Executing VM operation: G1CollectForAllocation
Event: 0.305 Executing VM operation: G1CollectForAllocation done
Event: 0.325 Executing VM operation: HandshakeAllThreads
Event: 0.325 Executing VM operation: HandshakeAllThreads done
Event: 0.334 Executing VM operation: G1CollectForAllocation
Event: 0.335 Executing VM operation: G1CollectForAllocation done
Event: 0.347 Executing VM operation: G1CollectForAllocation
Event: 0.349 Executing VM operation: G1CollectForAllocation done
Event: 0.361 Executing VM operation: G1CollectForAllocation
Event: 0.362 Executing VM operation: G1CollectForAllocation done
Event: 0.366 Executing VM operation: G1CollectForAllocation
Event: 0.367 Executing VM operation: G1CollectForAllocation done

Events (14 events):
Event: 0.012 Thread 0x000002c81343d400 Thread added: 0x000002c81343d400
Event: 0.019 Thread 0x000002c8354e50c0 Thread added: 0x000002c8354e50c0
Event: 0.019 Thread 0x000002c8354e5d90 Thread added: 0x000002c8354e5d90
Event: 0.020 Thread 0x000002c8354ed220 Thread added: 0x000002c8354ed220
Event: 0.020 Thread 0x000002c8354edcf0 Thread added: 0x000002c8354edcf0
Event: 0.020 Thread 0x000002c8354ee620 Thread added: 0x000002c8354ee620
Event: 0.020 Thread 0x000002c8354ef0f0 Thread added: 0x000002c8354ef0f0
Event: 0.020 Thread 0x000002c8354f7280 Thread added: 0x000002c8354f7280
Event: 0.020 Thread 0x000002c8354f7bf0 Thread added: 0x000002c8354f7bf0
Event: 0.020 Thread 0x000002c8354f9570 Thread added: 0x000002c8354f9570
Event: 0.032 Thread 0x000002c83985e100 Thread added: 0x000002c83985e100
Event: 0.044 Thread 0x000002c83989d5d0 Thread added: 0x000002c83989d5d0
Event: 0.046 Thread 0x000002c83991e0b0 Thread added: 0x000002c83991e0b0
Event: 0.343 Thread 0x000002c839e8a930 Thread added: 0x000002c839e8a930


Dynamic libraries:
0x00007ff621fc0000 - 0x00007ff621fc8000 	C:\Program Files\Zulu\zulu-19\bin\javac.exe
0x00007ffde4b30000 - 0x00007ffde4d44000 	C:\WINDOWS\SYSTEM32\ntdll.dll
0x00007ffde48b0000 - 0x00007ffde4973000 	C:\WINDOWS\System32\KERNEL32.DLL
0x00007ffde20b0000 - 0x00007ffde244c000 	C:\WINDOWS\System32\KERNELBASE.dll
0x00007ffde24c0000 - 0x00007ffde25d1000 	C:\WINDOWS\System32\ucrtbase.dll
0x00007ffdc5320000 - 0x00007ffdc5337000 	C:\Program Files\Zulu\zulu-19\bin\jli.dll
0x00007ffdc6f30000 - 0x00007ffdc6f4b000 	C:\Program Files\Zulu\zulu-19\bin\VCRUNTIME140.dll
0x00007ffde3c90000 - 0x00007ffde3e3d000 	C:\WINDOWS\System32\USER32.dll
0x00007ffde2680000 - 0x00007ffde26a6000 	C:\WINDOWS\System32\win32u.dll
0x00007ffdcd690000 - 0x00007ffdcd91e000 	C:\WINDOWS\WinSxS\amd64_microsoft.windows.common-controls_6595b64144ccf1df_6.0.22621.608_none_a9444ca7c10bb01d\COMCTL32.dll
0x00007ffde4a40000 - 0x00007ffde4ae7000 	C:\WINDOWS\System32\msvcrt.dll
0x00007ffde2e30000 - 0x00007ffde2e59000 	C:\WINDOWS\System32\GDI32.dll
0x00007ffde2820000 - 0x00007ffde2933000 	C:\WINDOWS\System32\gdi32full.dll
0x00007ffde25e0000 - 0x00007ffde267a000 	C:\WINDOWS\System32\msvcp_win.dll
0x00007ffde3bf0000 - 0x00007ffde3c21000 	C:\WINDOWS\System32\IMM32.DLL
0x00007ffddb780000 - 0x00007ffddb78c000 	C:\Program Files\Zulu\zulu-19\bin\vcruntime140_1.dll
0x00007ffda6ce0000 - 0x00007ffda6d6d000 	C:\Program Files\Zulu\zulu-19\bin\msvcp140.dll
0x00007ffd73c20000 - 0x00007ffd74927000 	C:\Program Files\Zulu\zulu-19\bin\server\jvm.dll
0x00007ffde2e90000 - 0x00007ffde2f3e000 	C:\WINDOWS\System32\ADVAPI32.dll
0x00007ffde2940000 - 0x00007ffde29e4000 	C:\WINDOWS\System32\sechost.dll
0x00007ffde2f60000 - 0x00007ffde3075000 	C:\WINDOWS\System32\RPCRT4.dll
0x00007ffddc170000 - 0x00007ffddc179000 	C:\WINDOWS\SYSTEM32\WSOCK32.dll
0x00007ffddaab0000 - 0x00007ffddaae4000 	C:\WINDOWS\SYSTEM32\WINMM.dll
0x00007ffdda430000 - 0x00007ffdda43a000 	C:\WINDOWS\SYSTEM32\VERSION.dll
0x00007ffde29f0000 - 0x00007ffde2a61000 	C:\WINDOWS\System32\WS2_32.dll
0x00007ffde10b0000 - 0x00007ffde10c8000 	C:\WINDOWS\SYSTEM32\kernel.appcore.dll
0x00007ffdcbae0000 - 0x00007ffdcbaea000 	C:\Program Files\Zulu\zulu-19\bin\jimage.dll
0x00007ffddf750000 - 0x00007ffddf97e000 	C:\WINDOWS\SYSTEM32\DBGHELP.DLL
0x00007ffde3f40000 - 0x00007ffde42c9000 	C:\WINDOWS\System32\combase.dll
0x00007ffde3080000 - 0x00007ffde3157000 	C:\WINDOWS\System32\OLEAUT32.dll
0x00007ffdc6fc0000 - 0x00007ffdc6ff2000 	C:\WINDOWS\SYSTEM32\dbgcore.DLL
0x00007ffde2030000 - 0x00007ffde20ab000 	C:\WINDOWS\System32\bcryptPrimitives.dll
0x00007ffdbabf0000 - 0x00007ffdbac16000 	C:\Program Files\Zulu\zulu-19\bin\java.dll
0x00007ffd94950000 - 0x00007ffd94a27000 	C:\Program Files\Zulu\zulu-19\bin\jsvml.dll
0x00007ffde3380000 - 0x00007ffde3b70000 	C:\WINDOWS\System32\SHELL32.dll
0x00007ffddff90000 - 0x00007ffde085e000 	C:\WINDOWS\SYSTEM32\windows.storage.dll
0x00007ffddfce0000 - 0x00007ffddfe1e000 	C:\WINDOWS\SYSTEM32\wintypes.dll
0x00007ffde2d30000 - 0x00007ffde2e21000 	C:\WINDOWS\System32\SHCORE.dll
0x00007ffde3c30000 - 0x00007ffde3c8e000 	C:\WINDOWS\System32\shlwapi.dll
0x00007ffde1ea0000 - 0x00007ffde1ec1000 	C:\WINDOWS\SYSTEM32\profapi.dll
0x00007ffdc7860000 - 0x00007ffdc7873000 	C:\Program Files\Zulu\zulu-19\bin\net.dll
0x00007ffddb520000 - 0x00007ffddb64f000 	C:\WINDOWS\SYSTEM32\WINHTTP.dll
0x00007ffde1520000 - 0x00007ffde1589000 	C:\WINDOWS\system32\mswsock.dll
0x00007ffdc7020000 - 0x00007ffdc7036000 	C:\Program Files\Zulu\zulu-19\bin\nio.dll

dbghelp: loaded successfully - version: 4.0.5 - missing functions: none
symbol engine: initialized successfully - sym options: 0x614 - pdb path: .;C:\Program Files\Zulu\zulu-19\bin;C:\WINDOWS\SYSTEM32;C:\WINDOWS\WinSxS\amd64_microsoft.windows.common-controls_6595b64144ccf1df_6.0.22621.608_none_a9444ca7c10bb01d;C:\Program Files\Zulu\zulu-19\bin\server

VM Arguments:
jvm_args: -Dapplication.home=C:\Program Files\Zulu\zulu-19 --add-modules=ALL-DEFAULT -Xms8m -Djdk.module.main=jdk.compiler 
java_command: jdk.compiler/com.sun.tools.javac.Main -d C:\Users\ulise\Desktop\TEC\Algoritmos y estructura de datos I\BuscaMinas\ventana busca minas\build\classes -classpath C:\Users\ulise\Desktop\TEC\Algoritmos y estructura de datos I\BuscaMinas\ventana busca minas\build\classes -sourcepath C:\Users\ulise\Desktop\TEC\Algoritmos y estructura de datos I\BuscaMinas\ventana busca minas\src -target 19 -encoding UTF-8 -g -processorpath C:\Users\ulise\Desktop\TEC\Algoritmos y estructura de datos I\BuscaMinas\ventana busca minas\build\empty -s C:\Users\ulise\Desktop\TEC\Algoritmos y estructura de datos I\BuscaMinas\ventana busca minas\build\generated-sources\ap-source-output -source 19 C:\Users\ulise\Desktop\TEC\Algoritmos y estructura de datos I\BuscaMinas\ventana busca minas\src\BuscaminasFX.java
java_class_path (initial): <not set>
Launcher Type: SUN_STANDARD

[Global flags]
     intx CICompilerCount                          = 4                                         {product} {ergonomic}
     uint ConcGCThreads                            = 3                                         {product} {ergonomic}
     uint G1ConcRefinementThreads                  = 10                                        {product} {ergonomic}
   size_t G1HeapRegionSize                         = 1048576                                   {product} {ergonomic}
    uintx GCDrainStackTargetSize                   = 64                                        {product} {ergonomic}
   size_t InitialHeapSize                          = 8388608                                   {product} {command line}
   size_t MarkStackSize                            = 4194304                                   {product} {ergonomic}
   size_t MaxHeapSize                              = 2113929216                                {product} {ergonomic}
   size_t MaxNewSize                               = 1267728384                                {product} {ergonomic}
   size_t MinHeapDeltaBytes                        = 1048576                                   {product} {ergonomic}
   size_t MinHeapSize                              = 8388608                                   {product} {command line}
    uintx NonNMethodCodeHeapSize                   = 5839372                                {pd product} {ergonomic}
    uintx NonProfiledCodeHeapSize                  = 122909434                              {pd product} {ergonomic}
    uintx ProfiledCodeHeapSize                     = 122909434                              {pd product} {ergonomic}
    uintx ReservedCodeCacheSize                    = 251658240                              {pd product} {ergonomic}
     bool SegmentedCodeCache                       = true                                      {product} {ergonomic}
   size_t SoftMaxHeapSize                          = 2113929216                             {manageable} {ergonomic}
     bool UseCompressedClassPointers               = true                           {product lp64_product} {ergonomic}
     bool UseCompressedOops                        = true                           {product lp64_product} {ergonomic}
     bool UseG1GC                                  = true                                      {product} {ergonomic}
     bool UseLargePagesIndividualAllocation        = false                                  {pd product} {ergonomic}

Logging:
Log output configuration:
 #0: stdout all=warning uptime,level,tags foldmultilines=false
 #1: stderr all=off uptime,level,tags foldmultilines=false

Environment Variables:
PATH=C:\Program Files\Zulu\zulu-19\bin\;C:\Program Files\Common Files\Oracle\Java\javapath;C:\Program Files (x86)\Common Files\Oracle\Java\javapath;C:\Windows\system32;C:\Windows;C:\Windows\System32\Wbem;C:\Windows\System32\WindowsPowerShell\v1.0\;C:\Windows\System32\OpenSSH\;C:\Program Files (x86)\NVIDIA Corporation\PhysX\Common;C:\Program Files\NVIDIA Corporation\NVIDIA NvDLISR;C:\WINDOWS\system32;C:\WINDOWS;C:\WINDOWS\System32\Wbem;C:\WINDOWS\System32\WindowsPowerShell\v1.0\;C:\WINDOWS\System32\OpenSSH\;C:\Program Files\nodejs\;C:\Program Files\Git\cmd;C:\Users\ulise\AppData\Local\Microsoft\WindowsApps;C:\Users\ulise\AppData\Local\Programs\Microsoft VS Code\bin;C:\Users\ulise\AppData\Roaming\npm;C:\Users\ulise\AppData\Local\GitHubDesktop\bin
USERNAME=ulise
OS=Windows_NT
PROCESSOR_IDENTIFIER=Intel64 Family 6 Model 165 Stepping 2, GenuineIntel
TMP=C:\Users\ulise\AppData\Local\Temp
TEMP=C:\Users\ulise\AppData\Local\Temp



---------------  S Y S T E M  ---------------

OS:
 Windows 11 , 64 bit Build 22621 (10.0.22621.1344)
OS uptime: 0 days 14:53 hours

CPU: total 12 (initial active 12) (6 cores per cpu, 2 threads per core) family 6 model 165 stepping 2 microcode 0xe2, cx8, cmov, fxsr, ht, mmx, 3dnowpref, sse, sse2, sse3, ssse3, sse4.1, sse4.2, popcnt, lzcnt, tsc, tscinvbit, avx, avx2, aes, erms, clmul, bmi1, bmi2, adx, fma, vzeroupper, clflush, clflushopt, rdtscp

Memory: 4k page, system-wide physical 8059M (1137M free)
TotalPageFile size 12155M (AvailPageFile size 5M)
current process WorkingSet (physical memory assigned to process): 78M, peak: 78M
current process commit charge ("private bytes"): 122M, peak: 122M

vm_info: OpenJDK 64-Bit Server VM (19.0.2+7) for windows-amd64 JRE (19.0.2+7) (Zulu19.32+15-CA), built on Dec 28 2022 19:25:40 by "zulu_re" with MS VC++ 16.10 / 16.11 (VS2019)

END.
