#
# There is insufficient memory for the Java Runtime Environment to continue.
# Native memory allocation (mmap) failed to map 34603008 bytes for G1 virtual space
# Possible reasons:
#   The system is out of physical RAM or swap space
#   The process is running with CompressedOops enabled, and the Java Heap may be blocking the growth of the native heap
# Possible solutions:
#   Reduce memory load on the system
#   Increase physical memory or swap space
#   Check if swap backing store is full
#   Decrease Java heap size (-Xmx/-Xms)
#   Decrease number of Java threads
#   Decrease Java thread stack sizes (-Xss)
#   Set larger code cache with -XX:ReservedCodeCacheSize=
#   JVM is running with Unscaled Compressed Oops mode in which the Java heap is
#     placed in the first 4GB address space. The Java Heap base address is the
#     maximum limit for the native heap growth. Please use -XX:HeapBaseMinAddress
#     to set the Java Heap base and to place the Java Heap above 4GB virtual address.
# This output file may be truncated or incomplete.
#
#  Out of Memory Error (os_windows.cpp:3536), pid=17536, tid=3468
#
# JRE version: OpenJDK Runtime Environment Zulu19.32+15-CA (19.0.2+7) (build 19.0.2+7)
# Java VM: OpenJDK 64-Bit Server VM Zulu19.32+15-CA (19.0.2+7, mixed mode, sharing, tiered, compressed oops, compressed class ptrs, g1 gc, windows-amd64)
# No core dump will be written. Minidumps are not enabled by default on client versions of Windows
#

---------------  S U M M A R Y ------------

Command Line: -Dapplication.home=C:\Program Files\Zulu\zulu-19 --add-modules=ALL-DEFAULT -Xms8m -Djdk.module.main=jdk.compiler jdk.compiler/com.sun.tools.javac.Main -d C:\Users\ulise\Desktop\TEC\Algoritmos y estructura de datos I\BuscaMinas\ventana busca minas\build\classes -classpath C:\Users\ulise\Desktop\TEC\Algoritmos y estructura de datos I\BuscaMinas\ventana busca minas\build\classes;C:\Users\ulise\Desktop\TEC\Algoritmos y estructura de datos I\BuscaMinas\ventana busca minas\lib\rxtx-2.1-7r2;C:\Users\ulise\Downloads\RXTXcomm.jar;C:\Users\ulise\Downloads\jSerialComm-2.9.3.zip;C:\Users\ulise\Downloads\jSerialComm-2.9.3.jar -sourcepath C:\Users\ulise\Desktop\TEC\Algoritmos y estructura de datos I\BuscaMinas\ventana busca minas\src -target 19 -encoding UTF-8 -g -processorpath C:\Users\ulise\Desktop\TEC\Algoritmos y estructura de datos I\BuscaMinas\ventana busca minas\lib\rxtx-2.1-7r2;C:\Users\ulise\Downloads\RXTXcomm.jar;C:\Users\ulise\Downloads\jSerialComm-2.9.3.zip;C:\Users\ulise\Downloads\jSerialComm-2.9.3.jar;C:\Users\ulise\Desktop\TEC\Algoritmos y estructura de datos I\BuscaMinas\jar_files\firmata4j-2.3.5.jar;C:\Users\ulise\Desktop\TEC\Algoritmos y estructura de datos I\BuscaMinas\jar_files\jssc-2.8.0.jar;C:\Users\ulise\Desktop\TEC\Algoritmos y estructura de datos I\BuscaMinas\jar_files\jssc-2.9.4.jar;C:\Users\ulise\Desktop\TEC\Algoritmos y estructura de datos I\BuscaMinas\jar_files\slf4j-api-1.7.25.jar;C:\Users\ulise\Desktop\TEC\Algoritmos y estructura de datos I\BuscaMinas\jar_files\slf4j-api-1.7.3.jar;C:\Users\ulise\Desktop\TEC\Algoritmos y estructura de datos I\BuscaMinas\jar_files\slf4j-simple-1.6.1.jar;C:\Users\ulise\Desktop\TEC\Algoritmos y estructura de datos I\BuscaMinas\ventana busca minas\build\empty -s C:\Users\ulise\Desktop\TEC\Algoritmos y estructura de datos I\BuscaMinas\ventana busca minas\build\generated-sources\ap-source-output -source 19 C:\Users\ulise\Desktop\TEC\Algoritmos y estructura de datos I\BuscaMinas\ventana busca minas\src\GameMenuDemo.java

Host: Intel(R) Core(TM) i7-10750H CPU @ 2.60GHz, 12 cores, 7G,  Windows 11 , 64 bit Build 22621 (10.0.22621.1485)
Time: Mon Apr 10 15:26:25 2023 Hora estándar, América Central elapsed time: 0.538525 seconds (0d 0h 0m 0s)

---------------  T H R E A D  ---------------

Current thread (0x00000278629c02d0):  VMThread "VM Thread" [stack: 0x000000826cd00000,0x000000826ce00000] [id=3468]

Stack: [0x000000826cd00000,0x000000826ce00000]
Native frames: (J=compiled Java code, j=interpreted, Vv=VM code, C=native code)
V  [jvm.dll+0x6eab2a]
V  [jvm.dll+0x8a4a20]
V  [jvm.dll+0x8a640e]
V  [jvm.dll+0x8a6ac3]
V  [jvm.dll+0x27c1ef]
V  [jvm.dll+0x6e7929]
V  [jvm.dll+0x6dc3da]
V  [jvm.dll+0x3528ab]
V  [jvm.dll+0x35a266]
V  [jvm.dll+0x3b0a2e]
V  [jvm.dll+0x3b0c5f]
V  [jvm.dll+0x327e9a]
V  [jvm.dll+0x327f47]
V  [jvm.dll+0x370442]
V  [jvm.dll+0x36e8e4]
V  [jvm.dll+0x327660]
V  [jvm.dll+0x36de7b]
V  [jvm.dll+0x8abc13]
V  [jvm.dll+0x8ac9d9]
V  [jvm.dll+0x8acf0d]
V  [jvm.dll+0x8ad39b]
V  [jvm.dll+0x8ad457]
V  [jvm.dll+0x84ec7a]
V  [jvm.dll+0x6e981b]
C  [ucrtbase.dll+0x29363]
C  [KERNEL32.DLL+0x1269d]
C  [ntdll.dll+0x5a9f8]

VM_Operation (0x000000826c7fc450): G1CollectForAllocation, mode: safepoint, requested by thread 0x0000027842aad230


---------------  P R O C E S S  ---------------

Threads class SMR info:
_java_thread_list=0x00000278672e0900, length=14, elements={
0x0000027842aad230, 0x00000278629d90b0, 0x00000278629dbbf0, 0x00000278629de5e0,
0x00000278629e0f20, 0x00000278629e2060, 0x00000278629e33c0, 0x00000278629f3e40,
0x0000027862a004a0, 0x0000027862a0b620, 0x0000027866c75af0, 0x0000027866c735c0,
0x00000278629ff980, 0x0000027862a00a30
}

Java Threads: ( => current thread )
  0x0000027842aad230 JavaThread "main" [_thread_blocked, id=14708, stack(0x000000826c700000,0x000000826c800000)]
  0x00000278629d90b0 JavaThread "Reference Handler" daemon [_thread_blocked, id=21748, stack(0x000000826ce00000,0x000000826cf00000)]
  0x00000278629dbbf0 JavaThread "Finalizer" daemon [_thread_blocked, id=6724, stack(0x000000826cf00000,0x000000826d000000)]
  0x00000278629de5e0 JavaThread "Signal Dispatcher" daemon [_thread_blocked, id=11992, stack(0x000000826d000000,0x000000826d100000)]
  0x00000278629e0f20 JavaThread "Attach Listener" daemon [_thread_blocked, id=4624, stack(0x000000826d100000,0x000000826d200000)]
  0x00000278629e2060 JavaThread "Service Thread" daemon [_thread_blocked, id=5492, stack(0x000000826d200000,0x000000826d300000)]
  0x00000278629e33c0 JavaThread "Monitor Deflation Thread" daemon [_thread_blocked, id=14668, stack(0x000000826d300000,0x000000826d400000)]
  0x00000278629f3e40 JavaThread "C2 CompilerThread0" daemon [_thread_in_native, id=11060, stack(0x000000826d400000,0x000000826d500000)]
  0x0000027862a004a0 JavaThread "C1 CompilerThread0" daemon [_thread_blocked, id=24332, stack(0x000000826d500000,0x000000826d600000)]
  0x0000027862a0b620 JavaThread "Sweeper thread" daemon [_thread_blocked, id=10584, stack(0x000000826d600000,0x000000826d700000)]
  0x0000027866c75af0 JavaThread "Common-Cleaner" daemon [_thread_blocked, id=24360, stack(0x000000826d700000,0x000000826d800000)]
  0x0000027866c735c0 JavaThread "Notification Thread" daemon [_thread_blocked, id=15468, stack(0x000000826d800000,0x000000826d900000)]
  0x00000278629ff980 JavaThread "C2 CompilerThread1" daemon [_thread_in_native, id=1728, stack(0x000000826df00000,0x000000826e000000)]
  0x0000027862a00a30 JavaThread "C2 CompilerThread2" daemon [_thread_blocked, id=13848, stack(0x000000826e100000,0x000000826e200000)]

Other Threads:
=>0x00000278629c02d0 VMThread "VM Thread" [stack: 0x000000826cd00000,0x000000826ce00000] [id=3468]
  0x0000027866d70b20 WatcherThread "VM Periodic Task Thread" [stack: 0x000000826d900000,0x000000826da00000] [id=9600]
  0x0000027842b0d960 WorkerThread "GC Thread#0" [stack: 0x000000826c800000,0x000000826c900000] [id=5232]
  0x0000027866e2ecb0 WorkerThread "GC Thread#1" [stack: 0x000000826da00000,0x000000826db00000] [id=19288]
  0x0000027866f402c0 WorkerThread "GC Thread#2" [stack: 0x000000826db00000,0x000000826dc00000] [id=7552]
  0x0000027866f40590 WorkerThread "GC Thread#3" [stack: 0x000000826dc00000,0x000000826dd00000] [id=17540]
  0x0000027867061880 WorkerThread "GC Thread#4" [stack: 0x000000826dd00000,0x000000826de00000] [id=13888]
  0x0000027866f074c0 WorkerThread "GC Thread#5" [stack: 0x000000826de00000,0x000000826df00000] [id=10396]
  0x0000027866f06f20 WorkerThread "GC Thread#6" [stack: 0x000000826e000000,0x000000826e100000] [id=22880]
  0x0000027842b1e810 ConcurrentGCThread "G1 Main Marker" [stack: 0x000000826c900000,0x000000826ca00000] [id=6628]
  0x0000027842b20000 WorkerThread "G1 Conc#0" [stack: 0x000000826ca00000,0x000000826cb00000] [id=6640]
  0x0000027866f07a60 WorkerThread "G1 Conc#1" [stack: 0x000000826e200000,0x000000826e300000] [id=22028]
  0x0000027866f06c50 WorkerThread "G1 Conc#2" [stack: 0x000000826e300000,0x000000826e400000] [id=22756]
  0x0000027842b5ab50 ConcurrentGCThread "G1 Refine#0" [stack: 0x000000826cb00000,0x000000826cc00000] [id=18240]
  0x0000027842b5b440 ConcurrentGCThread "G1 Service" [stack: 0x000000826cc00000,0x000000826cd00000] [id=12168]

Threads with active compile tasks:
C2 CompilerThread0      556 1361       4       jdk.internal.jimage.ImageLocation::getFullName (109 bytes)
C2 CompilerThread1      556 1401   !   4       com.sun.tools.javac.jvm.ClassReader::classSigToType (497 bytes)
C2 CompilerThread2      556 1550       4       java.lang.AbstractStringBuilder::append (77 bytes)

VM state: at safepoint (normal execution)

VM Mutex/Monitor currently owned by a thread:  ([mutex/lock_event])
[0x0000027842aa8d50] Threads_lock - owner thread: 0x00000278629c02d0
[0x0000027842aa7f40] Heap_lock - owner thread: 0x0000027842aad230

Heap address: 0x0000000081600000, size: 2026 MB, Compressed Oops mode: 32-bit

CDS archive(s) mapped at: [0x0000000800000000-0x0000000800c40000-0x0000000800c40000), size 12845056, SharedBaseAddress: 0x0000000800000000, ArchiveRelocationMode: 0.
Compressed class space mapped at: 0x0000000801000000-0x0000000841000000, reserved size: 1073741824
Narrow klass base: 0x0000000800000000, Narrow klass shift: 0, Narrow klass range: 0x100000000

GC Precious Log:
 CardTable entry size: 512
 Card Set container configuration: InlinePtr #cards 5 size 8 Array Of Cards #cards 12 size 40 Howl #buckets 4 coarsen threshold 1843 Howl Bitmap #cards 512 size 80 coarsen threshold 460 Card regions per heap region 1 cards per card region 2048
 CPUs: 12 total, 12 available
 Memory: 8099M
 Large Page Support: Disabled
 NUMA Support: Disabled
 Compressed Oops: Enabled (32-bit)
 Heap Region Size: 1M
 Heap Min Capacity: 8M
 Heap Initial Capacity: 8M
 Heap Max Capacity: 2026M
 Pre-touch: Disabled
 Parallel Workers: 10
 Concurrent Workers: 3
 Concurrent Refinement Workers: 10
 Periodic GC: Disabled

Heap:
 garbage-first heap   total 21504K, used 8140K [0x0000000081600000, 0x0000000100000000)
  region size 1024K, 1 young (1024K), 1 survivors (1024K)
 Metaspace       used 9307K, committed 9472K, reserved 1114112K
  class space    used 1020K, committed 1088K, reserved 1048576K

Heap Regions: E=young(eden), S=young(survivor), O=old, HS=humongous(starts), HC=humongous(continues), CS=collection set, F=free, OA=open archive, CA=closed archive, TAMS=top-at-mark-start (previous, next)
|   0|0x0000000081600000, 0x0000000081700000, 0x0000000081700000|100%| O|  |TAMS 0x0000000081700000, 0x0000000081600000| Untracked 
|   1|0x0000000081700000, 0x00000000817f3200, 0x0000000081800000| 94%| O|  |TAMS 0x0000000081700000, 0x0000000081700000| Untracked 
|   2|0x0000000081800000, 0x0000000081900000, 0x0000000081900000|100%| O|  |TAMS 0x0000000081900000, 0x0000000081800000| Untracked 
|   3|0x0000000081900000, 0x0000000081a00000, 0x0000000081a00000|100%| O|  |TAMS 0x0000000081a00000, 0x0000000081900000| Untracked 
|   4|0x0000000081a00000, 0x0000000081b00000, 0x0000000081b00000|100%| O|  |TAMS 0x0000000081a3a000, 0x0000000081a00000| Untracked 
|   5|0x0000000081b00000, 0x0000000081c00000, 0x0000000081c00000|100%| O|  |TAMS 0x0000000081b00000, 0x0000000081b00000| Untracked 
|   6|0x0000000081c00000, 0x0000000081d00000, 0x0000000081d00000|100%| O|  |TAMS 0x0000000081c00000, 0x0000000081c00000| Untracked 
|   7|0x0000000081d00000, 0x0000000081d00000, 0x0000000081e00000|  0%| F|  |TAMS 0x0000000081d00000, 0x0000000081d00000| Untracked 
|   8|0x0000000081e00000, 0x0000000081e00000, 0x0000000081f00000|  0%| F|  |TAMS 0x0000000081e00000, 0x0000000081e00000| Untracked 
|   9|0x0000000081f00000, 0x0000000081f00000, 0x0000000082000000|  0%| F|  |TAMS 0x0000000081f00000, 0x0000000081f00000| Untracked 
|  10|0x0000000082000000, 0x0000000082000000, 0x0000000082100000|  0%| F|  |TAMS 0x0000000082000000, 0x0000000082000000| Untracked 
|  11|0x0000000082100000, 0x0000000082100000, 0x0000000082200000|  0%| F|  |TAMS 0x0000000082100000, 0x0000000082100000| Untracked 
|  12|0x0000000082200000, 0x0000000082200000, 0x0000000082300000|  0%| F|  |TAMS 0x0000000082200000, 0x0000000082200000| Untracked 
|  13|0x0000000082300000, 0x0000000082300000, 0x0000000082400000|  0%| F|  |TAMS 0x0000000082300000, 0x0000000082300000| Untracked 
|  14|0x0000000082400000, 0x0000000082500000, 0x0000000082500000|100%| S|CS|TAMS 0x0000000082400000, 0x0000000082400000| Complete 
|  15|0x0000000082500000, 0x0000000082500000, 0x0000000082600000|  0%| F|  |TAMS 0x0000000082500000, 0x0000000082500000| Untracked 
|  16|0x0000000082600000, 0x0000000082600000, 0x0000000082700000|  0%| F|  |TAMS 0x0000000082600000, 0x0000000082600000| Untracked 
|  17|0x0000000082700000, 0x0000000082700000, 0x0000000082800000|  0%| F|  |TAMS 0x0000000082700000, 0x0000000082700000| Untracked 
|  18|0x0000000082800000, 0x0000000082800000, 0x0000000082900000|  0%| F|  |TAMS 0x0000000082800000, 0x0000000082800000| Untracked 
|  19|0x0000000082900000, 0x0000000082900000, 0x0000000082a00000|  0%| F|  |TAMS 0x0000000082900000, 0x0000000082900000| Untracked 
|  20|0x0000000082a00000, 0x0000000082a00000, 0x0000000082b00000|  0%| F|  |TAMS 0x0000000082a00000, 0x0000000082a00000| Untracked 

Card table byte_map: [0x000002785b660000,0x000002785ba60000] _byte_map_base: 0x000002785b255000

Marking Bits (Prev, Next): (CMBitMap*) 0x0000027842b0dee0, (CMBitMap*) 0x0000027842b0dea0
 Prev Bits: [0x000002785de10000, 0x000002785fdb8000)
 Next Bits: [0x000002785be60000, 0x000002785de08000)

Polling page: 0x0000027842270000

Metaspace:

Usage:
  Non-class:      8.09 MB used.
      Class:   1020.47 KB used.
       Both:      9.09 MB used.

Virtual space:
  Non-class space:       64.00 MB reserved,       8.19 MB ( 13%) committed,  1 nodes.
      Class space:        1.00 GB reserved,       1.06 MB ( <1%) committed,  1 nodes.
             Both:        1.06 GB reserved,       9.25 MB ( <1%) committed. 

Chunk freelists:
   Non-Class:  1.83 MB
       Class:  2.91 MB
        Both:  4.74 MB

MaxMetaspaceSize: unlimited
CompressedClassSpaceSize: 1.00 GB
Initial GC threshold: 21.00 MB
Current GC threshold: 21.00 MB
CDS: on
MetaspaceReclaimPolicy: balanced
 - commit_granule_bytes: 65536.
 - commit_granule_words: 8192.
 - virtual_space_node_default_size: 8388608.
 - enlarge_chunks_in_place: 1.
 - new_chunks_are_fully_committed: 0.
 - uncommit_free_chunks: 1.
 - use_allocation_guard: 0.


Internal statistics:

num_allocs_failed_limit: 0.
num_arena_births: 70.
num_arena_deaths: 0.
num_vsnodes_births: 2.
num_vsnodes_deaths: 0.
num_space_committed: 148.
num_space_uncommitted: 0.
num_chunks_returned_to_freelist: 0.
num_chunks_taken_from_freelist: 369.
num_chunk_merges: 0.
num_chunk_splits: 266.
num_chunks_enlarged: 214.
num_inconsistent_stats: 0.

CodeHeap 'non-profiled nmethods': size=120000Kb used=474Kb max_used=474Kb free=119525Kb
 bounds [0x00000278537e0000, 0x0000027853a50000, 0x000002785ad10000]
CodeHeap 'profiled nmethods': size=120000Kb used=2939Kb max_used=2939Kb free=117060Kb
 bounds [0x000002784bd10000, 0x000002784bff0000, 0x0000027853240000]
CodeHeap 'non-nmethods': size=5760Kb used=1248Kb max_used=1271Kb free=4512Kb
 bounds [0x0000027853240000, 0x00000278534b0000, 0x00000278537e0000]
 total_blobs=1995 nmethods=1543 adapters=362
 compilation: enabled
              stopped_count=0, restarted_count=0
 full_count=0

Compilation events (20 events):
Event: 0.527 Thread 0x0000027862a004a0 1548       3       java.lang.StringBuilder::toString (9 bytes)
Event: 0.528 Thread 0x0000027862a004a0 nmethod 1548 0x000002784bfed390 code [0x000002784bfed540, 0x000002784bfed748]
Event: 0.528 Thread 0x0000027862a004a0 1543       3       java.lang.StringUTF16::checkIndex (9 bytes)
Event: 0.528 Thread 0x0000027862a00a30 nmethod 1536 0x0000027853855610 code [0x00000278538557a0, 0x0000027853855838]
Event: 0.528 Thread 0x0000027862a00a30 1532       4       com.sun.tools.javac.parser.UnicodeReader::isAvailable (17 bytes)
Event: 0.528 Thread 0x0000027862a004a0 nmethod 1543 0x000002784bfed810 code [0x000002784bfed9c0, 0x000002784bfedbb8]
Event: 0.528 Thread 0x0000027862a004a0 1544       3       java.lang.StringUTF16::putCharSB (12 bytes)
Event: 0.528 Thread 0x0000027862a004a0 nmethod 1544 0x000002784bfedd10 code [0x000002784bfedec0, 0x000002784bfee118]
Event: 0.528 Thread 0x0000027862a004a0 1519       1       com.sun.tools.javac.tree.JCTree$JCOperatorExpression::getTag (5 bytes)
Event: 0.528 Thread 0x0000027862a004a0 nmethod 1519 0x0000027853855910 code [0x0000027853855aa0, 0x0000027853855b58]
Event: 0.528 Thread 0x0000027862a004a0 1545       3       com.sun.tools.javac.parser.Tokens$StringToken::<init> (16 bytes)
Event: 0.528 Thread 0x0000027862a00a30 nmethod 1532 0x0000027853855c10 code [0x0000027853855da0, 0x0000027853855e38]
Event: 0.528 Thread 0x0000027862a00a30 1522       4       java.util.ArrayList::isEmpty (13 bytes)
Event: 0.528 Thread 0x0000027862a004a0 nmethod 1545 0x000002784bfee290 code [0x000002784bfee460, 0x000002784bfee808]
Event: 0.528 Thread 0x0000027862a004a0 1547       3       java.lang.invoke.MethodHandleNatives::refKindIsMethod (19 bytes)
Event: 0.528 Thread 0x0000027862a00a30 nmethod 1522 0x0000027853855f10 code [0x0000027853856080, 0x0000027853856118]
Event: 0.528 Thread 0x0000027862a00a30 1520       4       java.lang.AbstractStringBuilder::setLength (82 bytes)
Event: 0.528 Thread 0x0000027862a004a0 nmethod 1547 0x000002784bfee990 code [0x000002784bfeeb40, 0x000002784bfeed78]
Event: 0.532 Thread 0x0000027862a00a30 nmethod 1520 0x0000027853856210 code [0x00000278538563a0, 0x0000027853856848]
Event: 0.532 Thread 0x0000027862a00a30 1550       4       java.lang.AbstractStringBuilder::append (77 bytes)

GC Heap History (20 events):
Event: 0.251 GC heap after
{Heap after GC invocations=3 (full 0):
 garbage-first heap   total 8192K, used 2157K [0x0000000081600000, 0x0000000100000000)
  region size 1024K, 1 young (1024K), 1 survivors (1024K)
 Metaspace       used 6220K, committed 6336K, reserved 1114112K
  class space    used 706K, committed 768K, reserved 1048576K
}
Event: 0.304 GC heap before
{Heap before GC invocations=3 (full 0):
 garbage-first heap   total 8192K, used 3181K [0x0000000081600000, 0x0000000100000000)
  region size 1024K, 2 young (2048K), 1 survivors (1024K)
 Metaspace       used 7748K, committed 7872K, reserved 1114112K
  class space    used 858K, committed 896K, reserved 1048576K
}
Event: 0.306 GC heap after
{Heap after GC invocations=4 (full 0):
 garbage-first heap   total 8192K, used 2523K [0x0000000081600000, 0x0000000100000000)
  region size 1024K, 1 young (1024K), 1 survivors (1024K)
 Metaspace       used 7748K, committed 7872K, reserved 1114112K
  class space    used 858K, committed 896K, reserved 1048576K
}
Event: 0.326 GC heap before
{Heap before GC invocations=4 (full 0):
 garbage-first heap   total 8192K, used 3547K [0x0000000081600000, 0x0000000100000000)
  region size 1024K, 2 young (2048K), 1 survivors (1024K)
 Metaspace       used 7981K, committed 8192K, reserved 1114112K
  class space    used 878K, committed 1024K, reserved 1048576K
}
Event: 0.327 GC heap after
{Heap after GC invocations=5 (full 0):
 garbage-first heap   total 10240K, used 2866K [0x0000000081600000, 0x0000000100000000)
  region size 1024K, 1 young (1024K), 1 survivors (1024K)
 Metaspace       used 7981K, committed 8192K, reserved 1114112K
  class space    used 878K, committed 1024K, reserved 1048576K
}
Event: 0.371 GC heap before
{Heap before GC invocations=5 (full 0):
 garbage-first heap   total 10240K, used 3890K [0x0000000081600000, 0x0000000100000000)
  region size 1024K, 3 young (3072K), 1 survivors (1024K)
 Metaspace       used 8592K, committed 8768K, reserved 1114112K
  class space    used 948K, committed 1024K, reserved 1048576K
}
Event: 0.374 GC heap after
{Heap after GC invocations=6 (full 0):
 garbage-first heap   total 10240K, used 3627K [0x0000000081600000, 0x0000000100000000)
  region size 1024K, 1 young (1024K), 1 survivors (1024K)
 Metaspace       used 8592K, committed 8768K, reserved 1114112K
  class space    used 948K, committed 1024K, reserved 1048576K
}
Event: 0.408 GC heap before
{Heap before GC invocations=6 (full 0):
 garbage-first heap   total 10240K, used 5675K [0x0000000081600000, 0x0000000100000000)
  region size 1024K, 3 young (3072K), 1 survivors (1024K)
 Metaspace       used 8905K, committed 9024K, reserved 1114112K
  class space    used 988K, committed 1024K, reserved 1048576K
}
Event: 0.410 GC heap after
{Heap after GC invocations=7 (full 0):
 garbage-first heap   total 10240K, used 4372K [0x0000000081600000, 0x0000000100000000)
  region size 1024K, 1 young (1024K), 1 survivors (1024K)
 Metaspace       used 8905K, committed 9024K, reserved 1114112K
  class space    used 988K, committed 1024K, reserved 1048576K
}
Event: 0.412 GC heap before
{Heap before GC invocations=7 (full 0):
 garbage-first heap   total 10240K, used 5396K [0x0000000081600000, 0x0000000100000000)
  region size 1024K, 2 young (2048K), 1 survivors (1024K)
 Metaspace       used 8909K, committed 9024K, reserved 1114112K
  class space    used 988K, committed 1024K, reserved 1048576K
}
Event: 0.414 GC heap after
{Heap after GC invocations=8 (full 0):
 garbage-first heap   total 10240K, used 4531K [0x0000000081600000, 0x0000000100000000)
  region size 1024K, 1 young (1024K), 1 survivors (1024K)
 Metaspace       used 8909K, committed 9024K, reserved 1114112K
  class space    used 988K, committed 1024K, reserved 1048576K
}
Event: 0.425 GC heap before
{Heap before GC invocations=8 (full 0):
 garbage-first heap   total 10240K, used 5555K [0x0000000081600000, 0x0000000100000000)
  region size 1024K, 2 young (2048K), 1 survivors (1024K)
 Metaspace       used 8960K, committed 9088K, reserved 1114112K
  class space    used 988K, committed 1024K, reserved 1048576K
}
Event: 0.426 GC heap after
{Heap after GC invocations=9 (full 0):
 garbage-first heap   total 21504K, used 4574K [0x0000000081600000, 0x0000000100000000)
  region size 1024K, 1 young (1024K), 1 survivors (1024K)
 Metaspace       used 8960K, committed 9088K, reserved 1114112K
  class space    used 988K, committed 1024K, reserved 1048576K
}
Event: 0.466 GC heap before
{Heap before GC invocations=10 (full 0):
 garbage-first heap   total 21504K, used 10718K [0x0000000081600000, 0x0000000100000000)
  region size 1024K, 7 young (7168K), 1 survivors (1024K)
 Metaspace       used 9117K, committed 9280K, reserved 1114112K
  class space    used 1010K, committed 1088K, reserved 1048576K
}
Event: 0.468 GC heap after
{Heap after GC invocations=11 (full 0):
 garbage-first heap   total 21504K, used 5502K [0x0000000081600000, 0x0000000100000000)
  region size 1024K, 1 young (1024K), 1 survivors (1024K)
 Metaspace       used 9117K, committed 9280K, reserved 1114112K
  class space    used 1010K, committed 1088K, reserved 1048576K
}
Event: 0.470 GC heap before
{Heap before GC invocations=11 (full 0):
 garbage-first heap   total 21504K, used 6526K [0x0000000081600000, 0x0000000100000000)
  region size 1024K, 2 young (2048K), 1 survivors (1024K)
 Metaspace       used 9119K, committed 9280K, reserved 1114112K
  class space    used 1010K, committed 1088K, reserved 1048576K
}
Event: 0.473 GC heap after
{Heap after GC invocations=12 (full 0):
 garbage-first heap   total 21504K, used 5607K [0x0000000081600000, 0x0000000100000000)
  region size 1024K, 1 young (1024K), 1 survivors (1024K)
 Metaspace       used 9119K, committed 9280K, reserved 1114112K
  class space    used 1010K, committed 1088K, reserved 1048576K
}
Event: 0.495 GC heap before
{Heap before GC invocations=12 (full 0):
 garbage-first heap   total 21504K, used 11751K [0x0000000081600000, 0x0000000100000000)
  region size 1024K, 7 young (7168K), 1 survivors (1024K)
 Metaspace       used 9191K, committed 9408K, reserved 1114112K
  class space    used 1013K, committed 1088K, reserved 1048576K
}
Event: 0.498 GC heap after
{Heap after GC invocations=13 (full 0):
 garbage-first heap   total 21504K, used 7168K [0x0000000081600000, 0x0000000100000000)
  region size 1024K, 1 young (1024K), 1 survivors (1024K)
 Metaspace       used 9191K, committed 9408K, reserved 1114112K
  class space    used 1013K, committed 1088K, reserved 1048576K
}
Event: 0.532 GC heap before
{Heap before GC invocations=13 (full 0):
 garbage-first heap   total 21504K, used 12288K [0x0000000081600000, 0x0000000100000000)
  region size 1024K, 7 young (7168K), 1 survivors (1024K)
 Metaspace       used 9307K, committed 9472K, reserved 1114112K
  class space    used 1020K, committed 1088K, reserved 1048576K
}

Dll operation events (6 events):
Event: 0.006 Loaded shared library C:\Program Files\Zulu\zulu-19\bin\java.dll
Event: 0.013 Loaded shared library C:\Program Files\Zulu\zulu-19\bin\jsvml.dll
Event: 0.053 Loaded shared library C:\Program Files\Zulu\zulu-19\bin\jimage.dll
Event: 0.112 Loaded shared library C:\Program Files\Zulu\zulu-19\bin\net.dll
Event: 0.114 Loaded shared library C:\Program Files\Zulu\zulu-19\bin\nio.dll
Event: 0.139 Loaded shared library C:\Program Files\Zulu\zulu-19\bin\zip.dll

Deoptimization events (20 events):
Event: 0.522 Thread 0x0000027842aad230 Uncommon trap: trap_request=0xffffff45 fr.pc=0x0000027853816b90 relative=0x00000000000003d0
Event: 0.522 Thread 0x0000027842aad230 Uncommon trap: reason=unstable_if action=reinterpret pc=0x0000027853816b90 method=java.lang.StringLatin1.canEncode(I)Z @ 4 c2
Event: 0.522 Thread 0x0000027842aad230 DEOPT PACKING pc=0x0000027853816b90 sp=0x000000826c7fc5e0
Event: 0.522 Thread 0x0000027842aad230 DEOPT UNPACKING pc=0x00000278532a6da3 sp=0x000000826c7fc550 mode 2
Event: 0.522 Thread 0x0000027842aad230 Uncommon trap: trap_request=0xffffff45 fr.pc=0x0000027853836eac relative=0x000000000000040c
Event: 0.522 Thread 0x0000027842aad230 Uncommon trap: reason=unstable_if action=reinterpret pc=0x0000027853836eac method=java.lang.AbstractStringBuilder.isLatin1()Z @ 10 c2
Event: 0.522 Thread 0x0000027842aad230 DEOPT PACKING pc=0x0000027853836eac sp=0x000000826c7fc7a0
Event: 0.522 Thread 0x0000027842aad230 DEOPT UNPACKING pc=0x00000278532a6da3 sp=0x000000826c7fc6e0 mode 2
Event: 0.523 Thread 0x0000027842aad230 Uncommon trap: trap_request=0xffffff45 fr.pc=0x000002785381c50c relative=0x00000000000003ec
Event: 0.523 Thread 0x0000027842aad230 Uncommon trap: reason=unstable_if action=reinterpret pc=0x000002785381c50c method=java.lang.AbstractStringBuilder.isLatin1()Z @ 10 c2
Event: 0.523 Thread 0x0000027842aad230 DEOPT PACKING pc=0x000002785381c50c sp=0x000000826c7fcd80
Event: 0.523 Thread 0x0000027842aad230 DEOPT UNPACKING pc=0x00000278532a6da3 sp=0x000000826c7fcc08 mode 2
Event: 0.523 Thread 0x0000027842aad230 Uncommon trap: trap_request=0xffffff45 fr.pc=0x0000027853854418 relative=0x00000000000003d8
Event: 0.523 Thread 0x0000027842aad230 Uncommon trap: reason=unstable_if action=reinterpret pc=0x0000027853854418 method=java.lang.AbstractStringBuilder.isLatin1()Z @ 10 c2
Event: 0.523 Thread 0x0000027842aad230 DEOPT PACKING pc=0x0000027853854418 sp=0x000000826c7fca70
Event: 0.523 Thread 0x0000027842aad230 DEOPT UNPACKING pc=0x00000278532a6da3 sp=0x000000826c7fc8c8 mode 2
Event: 0.524 Thread 0x0000027842aad230 Uncommon trap: trap_request=0xffffff45 fr.pc=0x0000027853819718 relative=0x0000000000000538
Event: 0.524 Thread 0x0000027842aad230 Uncommon trap: reason=unstable_if action=reinterpret pc=0x0000027853819718 method=java.lang.AbstractStringBuilder.isLatin1()Z @ 10 c2
Event: 0.524 Thread 0x0000027842aad230 DEOPT PACKING pc=0x0000027853819718 sp=0x000000826c7fb5f0
Event: 0.524 Thread 0x0000027842aad230 DEOPT UNPACKING pc=0x00000278532a6da3 sp=0x000000826c7fb3e8 mode 2

Classes loaded (20 events):
Event: 0.391 Loading class sun/nio/fs/WindowsDirectoryStream$WindowsDirectoryIterator
Event: 0.391 Loading class sun/nio/fs/WindowsDirectoryStream$WindowsDirectoryIterator done
Event: 0.391 Loading class java/nio/file/Files$2
Event: 0.391 Loading class java/nio/file/Files$2 done
Event: 0.391 Loading class java/util/ImmutableCollections$Access
Event: 0.391 Loading class java/util/ImmutableCollections$Access done
Event: 0.391 Loading class java/util/ImmutableCollections$Access$1
Event: 0.391 Loading class jdk/internal/access/JavaUtilCollectionAccess
Event: 0.391 Loading class jdk/internal/access/JavaUtilCollectionAccess done
Event: 0.391 Loading class java/util/ImmutableCollections$Access$1 done
Event: 0.392 Loading class java/util/stream/Nodes$SpinedNodeBuilder
Event: 0.392 Loading class java/util/stream/Nodes$SpinedNodeBuilder done
Event: 0.392 Loading class sun/nio/fs/WindowsPath$WindowsPathWithAttributes
Event: 0.392 Loading class sun/nio/fs/WindowsPath$WindowsPathWithAttributes done
Event: 0.394 Loading class java/nio/file/FileTreeWalker$1
Event: 0.394 Loading class java/nio/file/FileTreeWalker$1 done
Event: 0.442 Loading class java/lang/invoke/MethodHandle$1
Event: 0.442 Loading class java/lang/invoke/MethodHandle$1 done
Event: 0.500 Loading class java/util/LinkedList$Node
Event: 0.501 Loading class java/util/LinkedList$Node done

Classes unloaded (0 events):
No events

Classes redefined (0 events):
No events

Internal exceptions (20 events):
Event: 0.338 Thread 0x0000027842aad230 Exception <a 'java/lang/NoSuchMethodError'{0x0000000081f4d970}: 'java.lang.Object java.lang.invoke.DirectMethodHandle$Holder.invokeVirtual(java.lang.Object, java.lang.Object, int)'> (0x0000000081f4d970) 
thrown [s\src\hotspot\share\interpreter\linkResolver.cpp, line 774]
Event: 0.339 Thread 0x0000027842aad230 Exception <a 'java/lang/NoSuchMethodError'{0x0000000081f56880}: 'java.lang.Object java.lang.invoke.DirectMethodHandle$Holder.invokeSpecial(java.lang.Object, java.lang.Object, java.lang.Object, int, int)'> (0x0000000081f56880) 
thrown [s\src\hotspot\share\interpreter\linkResolver.cpp, line 774]
Event: 0.390 Thread 0x0000027842aad230 Exception <a 'java/lang/NoSuchMethodError'{0x0000000081f9fa58}: 'void java.lang.invoke.DirectMethodHandle$Holder.invokeStatic(java.lang.Object, java.lang.Object)'> (0x0000000081f9fa58) 
thrown [s\src\hotspot\share\interpreter\linkResolver.cpp, line 774]
Event: 0.390 Thread 0x0000027842aad230 Exception <a 'sun/nio/fs/WindowsException'{0x0000000081fa9788}> (0x0000000081fa9788) 
thrown [s\src\hotspot\share\prims\jni.cpp, line 517]
Event: 0.394 Thread 0x0000027842aad230 Exception <a 'sun/nio/fs/WindowsException'{0x0000000081fbdcb8}> (0x0000000081fbdcb8) 
thrown [s\src\hotspot\share\prims\jni.cpp, line 517]
Event: 0.396 Thread 0x0000027842aad230 Exception <a 'sun/nio/fs/WindowsException'{0x0000000081fcc008}> (0x0000000081fcc008) 
thrown [s\src\hotspot\share\prims\jni.cpp, line 517]
Event: 0.429 Thread 0x0000027842aad230 Exception <a 'java/lang/NoSuchMethodError'{0x0000000082a21e30}: 'int java.lang.invoke.DirectMethodHandle$Holder.invokeSpecial(java.lang.Object, java.lang.Object, java.lang.Object)'> (0x0000000082a21e30) 
thrown [s\src\hotspot\share\interpreter\linkResolver.cpp, line 774]
Event: 0.432 Thread 0x0000027842aad230 Exception <a 'sun/nio/fs/WindowsException'{0x0000000082a2c7b0}> (0x0000000082a2c7b0) 
thrown [s\src\hotspot\share\prims\jni.cpp, line 517]
Event: 0.432 Thread 0x0000027842aad230 Exception <a 'sun/nio/fs/WindowsException'{0x0000000082a2cb80}> (0x0000000082a2cb80) 
thrown [s\src\hotspot\share\prims\jni.cpp, line 517]
Event: 0.432 Thread 0x0000027842aad230 Exception <a 'sun/nio/fs/WindowsException'{0x0000000082a2db58}> (0x0000000082a2db58) 
thrown [s\src\hotspot\share\prims\jni.cpp, line 517]
Event: 0.432 Thread 0x0000027842aad230 Exception <a 'sun/nio/fs/WindowsException'{0x0000000082a2df38}> (0x0000000082a2df38) 
thrown [s\src\hotspot\share\prims\jni.cpp, line 517]
Event: 0.432 Thread 0x0000027842aad230 Exception <a 'sun/nio/fs/WindowsException'{0x0000000082a2f2d8}> (0x0000000082a2f2d8) 
thrown [s\src\hotspot\share\prims\jni.cpp, line 517]
Event: 0.432 Thread 0x0000027842aad230 Exception <a 'sun/nio/fs/WindowsException'{0x0000000082a2f668}> (0x0000000082a2f668) 
thrown [s\src\hotspot\share\prims\jni.cpp, line 517]
Event: 0.441 Thread 0x0000027842aad230 Exception <a 'java/lang/NoSuchMethodError'{0x000000008295f2a0}: 'java.lang.Object java.lang.invoke.DirectMethodHandle$Holder.invokeStatic(java.lang.Object, java.lang.Object, int, int)'> (0x000000008295f2a0) 
thrown [s\src\hotspot\share\interpreter\linkResolver.cpp, line 774]
Event: 0.458 Thread 0x0000027842aad230 Exception <a 'sun/nio/fs/WindowsException'{0x0000000082645e38}> (0x0000000082645e38) 
thrown [s\src\hotspot\share\prims\jni.cpp, line 517]
Event: 0.458 Thread 0x0000027842aad230 Exception <a 'sun/nio/fs/WindowsException'{0x0000000082646218}> (0x0000000082646218) 
thrown [s\src\hotspot\share\prims\jni.cpp, line 517]
Event: 0.458 Thread 0x0000027842aad230 Exception <a 'sun/nio/fs/WindowsException'{0x00000000826471f0}> (0x00000000826471f0) 
thrown [s\src\hotspot\share\prims\jni.cpp, line 517]
Event: 0.458 Thread 0x0000027842aad230 Exception <a 'sun/nio/fs/WindowsException'{0x00000000826475e0}> (0x00000000826475e0) 
thrown [s\src\hotspot\share\prims\jni.cpp, line 517]
Event: 0.458 Thread 0x0000027842aad230 Exception <a 'sun/nio/fs/WindowsException'{0x00000000826486e8}> (0x00000000826486e8) 
thrown [s\src\hotspot\share\prims\jni.cpp, line 517]
Event: 0.458 Thread 0x0000027842aad230 Exception <a 'sun/nio/fs/WindowsException'{0x0000000082648a88}> (0x0000000082648a88) 
thrown [s\src\hotspot\share\prims\jni.cpp, line 517]

VM Operations (20 events):
Event: 0.374 Executing VM operation: G1CollectForAllocation done
Event: 0.392 Executing VM operation: HandshakeAllThreads
Event: 0.392 Executing VM operation: HandshakeAllThreads done
Event: 0.408 Executing VM operation: G1CollectForAllocation
Event: 0.411 Executing VM operation: G1CollectForAllocation done
Event: 0.412 Executing VM operation: G1CollectForAllocation
Event: 0.414 Executing VM operation: G1CollectForAllocation done
Event: 0.425 Executing VM operation: G1CollectForAllocation
Event: 0.426 Executing VM operation: G1CollectForAllocation done
Event: 0.430 Executing VM operation: G1PauseRemark
Event: 0.431 Executing VM operation: G1PauseRemark done
Event: 0.433 Executing VM operation: G1PauseCleanup
Event: 0.433 Executing VM operation: G1PauseCleanup done
Event: 0.466 Executing VM operation: G1CollectForAllocation
Event: 0.468 Executing VM operation: G1CollectForAllocation done
Event: 0.470 Executing VM operation: G1CollectForAllocation
Event: 0.473 Executing VM operation: G1CollectForAllocation done
Event: 0.495 Executing VM operation: G1CollectForAllocation
Event: 0.498 Executing VM operation: G1CollectForAllocation done
Event: 0.532 Executing VM operation: G1CollectForAllocation

Events (14 events):
Event: 0.013 Thread 0x0000027842aad230 Thread added: 0x0000027842aad230
Event: 0.022 Thread 0x00000278629d90b0 Thread added: 0x00000278629d90b0
Event: 0.022 Thread 0x00000278629dbbf0 Thread added: 0x00000278629dbbf0
Event: 0.022 Thread 0x00000278629de5e0 Thread added: 0x00000278629de5e0
Event: 0.022 Thread 0x00000278629e0f20 Thread added: 0x00000278629e0f20
Event: 0.022 Thread 0x00000278629e2060 Thread added: 0x00000278629e2060
Event: 0.022 Thread 0x00000278629e33c0 Thread added: 0x00000278629e33c0
Event: 0.022 Thread 0x00000278629f3e40 Thread added: 0x00000278629f3e40
Event: 0.023 Thread 0x0000027862a004a0 Thread added: 0x0000027862a004a0
Event: 0.023 Thread 0x0000027862a0b620 Thread added: 0x0000027862a0b620
Event: 0.036 Thread 0x0000027866c75af0 Thread added: 0x0000027866c75af0
Event: 0.050 Thread 0x0000027866c735c0 Thread added: 0x0000027866c735c0
Event: 0.299 Thread 0x00000278629ff980 Thread added: 0x00000278629ff980
Event: 0.422 Thread 0x0000027862a00a30 Thread added: 0x0000027862a00a30


Dynamic libraries:
0x00007ff73bff0000 - 0x00007ff73bff8000 	C:\Program Files\Zulu\zulu-19\bin\javac.exe
0x00007ffa972f0000 - 0x00007ffa97504000 	C:\WINDOWS\SYSTEM32\ntdll.dll
0x00007ffa96a30000 - 0x00007ffa96af2000 	C:\WINDOWS\System32\KERNEL32.DLL
0x00007ffa94a90000 - 0x00007ffa94e2c000 	C:\WINDOWS\System32\KERNELBASE.dll
0x00007ffa94730000 - 0x00007ffa94841000 	C:\WINDOWS\System32\ucrtbase.dll
0x00007ffa82f00000 - 0x00007ffa82f1b000 	C:\Program Files\Zulu\zulu-19\bin\VCRUNTIME140.dll
0x00007ffa8e1a0000 - 0x00007ffa8e1b7000 	C:\Program Files\Zulu\zulu-19\bin\jli.dll
0x00007ffa95ee0000 - 0x00007ffa9608b000 	C:\WINDOWS\System32\USER32.dll
0x00007ffa94a60000 - 0x00007ffa94a86000 	C:\WINDOWS\System32\win32u.dll
0x00007ffa7c330000 - 0x00007ffa7c5be000 	C:\WINDOWS\WinSxS\amd64_microsoft.windows.common-controls_6595b64144ccf1df_6.0.22621.608_none_a9444ca7c10bb01d\COMCTL32.dll
0x00007ffa97050000 - 0x00007ffa97079000 	C:\WINDOWS\System32\GDI32.dll
0x00007ffa97200000 - 0x00007ffa972a7000 	C:\WINDOWS\System32\msvcrt.dll
0x00007ffa94f70000 - 0x00007ffa95083000 	C:\WINDOWS\System32\gdi32full.dll
0x00007ffa949c0000 - 0x00007ffa94a5a000 	C:\WINDOWS\System32\msvcp_win.dll
0x00007ffa95ea0000 - 0x00007ffa95ed1000 	C:\WINDOWS\System32\IMM32.DLL
0x00007ffa8dc90000 - 0x00007ffa8dc9c000 	C:\Program Files\Zulu\zulu-19\bin\vcruntime140_1.dll
0x00007ffa76a60000 - 0x00007ffa76aed000 	C:\Program Files\Zulu\zulu-19\bin\msvcp140.dll
0x00007ffa35440000 - 0x00007ffa36147000 	C:\Program Files\Zulu\zulu-19\bin\server\jvm.dll
0x00007ffa970d0000 - 0x00007ffa9717e000 	C:\WINDOWS\System32\ADVAPI32.dll
0x00007ffa95d60000 - 0x00007ffa95e04000 	C:\WINDOWS\System32\sechost.dll
0x00007ffa95c20000 - 0x00007ffa95d35000 	C:\WINDOWS\System32\RPCRT4.dll
0x00007ffa8ce90000 - 0x00007ffa8cec4000 	C:\WINDOWS\SYSTEM32\WINMM.dll
0x00007ffa8ce00000 - 0x00007ffa8ce0a000 	C:\WINDOWS\SYSTEM32\VERSION.dll
0x00007ffa8df80000 - 0x00007ffa8df89000 	C:\WINDOWS\SYSTEM32\WSOCK32.dll
0x00007ffa95620000 - 0x00007ffa95691000 	C:\WINDOWS\System32\WS2_32.dll
0x00007ffa93790000 - 0x00007ffa937a8000 	C:\WINDOWS\SYSTEM32\kernel.appcore.dll
0x00007ffa82eb0000 - 0x00007ffa82eba000 	C:\Program Files\Zulu\zulu-19\bin\jimage.dll
0x00007ffa920e0000 - 0x00007ffa9230e000 	C:\WINDOWS\SYSTEM32\DBGHELP.DLL
0x00007ffa95790000 - 0x00007ffa95b19000 	C:\WINDOWS\System32\combase.dll
0x00007ffa95160000 - 0x00007ffa95237000 	C:\WINDOWS\System32\OLEAUT32.dll
0x00007ffa764d0000 - 0x00007ffa76502000 	C:\WINDOWS\SYSTEM32\dbgcore.DLL
0x00007ffa94e30000 - 0x00007ffa94eab000 	C:\WINDOWS\System32\bcryptPrimitives.dll
0x00007ffa81e80000 - 0x00007ffa81ea6000 	C:\Program Files\Zulu\zulu-19\bin\java.dll
0x00007ffa6a9f0000 - 0x00007ffa6aac7000 	C:\Program Files\Zulu\zulu-19\bin\jsvml.dll
0x00007ffa960a0000 - 0x00007ffa96890000 	C:\WINDOWS\System32\SHELL32.dll
0x00007ffa92750000 - 0x00007ffa9301d000 	C:\WINDOWS\SYSTEM32\windows.storage.dll
0x00007ffa92610000 - 0x00007ffa9274e000 	C:\WINDOWS\SYSTEM32\wintypes.dll
0x00007ffa95360000 - 0x00007ffa95451000 	C:\WINDOWS\System32\SHCORE.dll
0x00007ffa956b0000 - 0x00007ffa9570e000 	C:\WINDOWS\System32\shlwapi.dll
0x00007ffa94660000 - 0x00007ffa94681000 	C:\WINDOWS\SYSTEM32\profapi.dll
0x00007ffa82c40000 - 0x00007ffa82c53000 	C:\Program Files\Zulu\zulu-19\bin\net.dll
0x00007ffa8d990000 - 0x00007ffa8dac7000 	C:\WINDOWS\SYSTEM32\WINHTTP.dll
0x00007ffa93c00000 - 0x00007ffa93c69000 	C:\WINDOWS\system32\mswsock.dll
0x00007ffa82a60000 - 0x00007ffa82a76000 	C:\Program Files\Zulu\zulu-19\bin\nio.dll
0x00007ffa81e60000 - 0x00007ffa81e78000 	C:\Program Files\Zulu\zulu-19\bin\zip.dll

dbghelp: loaded successfully - version: 4.0.5 - missing functions: none
symbol engine: initialized successfully - sym options: 0x614 - pdb path: .;C:\Program Files\Zulu\zulu-19\bin;C:\WINDOWS\SYSTEM32;C:\WINDOWS\WinSxS\amd64_microsoft.windows.common-controls_6595b64144ccf1df_6.0.22621.608_none_a9444ca7c10bb01d;C:\Program Files\Zulu\zulu-19\bin\server

VM Arguments:
jvm_args: -Dapplication.home=C:\Program Files\Zulu\zulu-19 --add-modules=ALL-DEFAULT -Xms8m -Djdk.module.main=jdk.compiler 
java_command: jdk.compiler/com.sun.tools.javac.Main -d C:\Users\ulise\Desktop\TEC\Algoritmos y estructura de datos I\BuscaMinas\ventana busca minas\build\classes -classpath C:\Users\ulise\Desktop\TEC\Algoritmos y estructura de datos I\BuscaMinas\ventana busca minas\build\classes;C:\Users\ulise\Desktop\TEC\Algoritmos y estructura de datos I\BuscaMinas\ventana busca minas\lib\rxtx-2.1-7r2;C:\Users\ulise\Downloads\RXTXcomm.jar;C:\Users\ulise\Downloads\jSerialComm-2.9.3.zip;C:\Users\ulise\Downloads\jSerialComm-2.9.3.jar -sourcepath C:\Users\ulise\Desktop\TEC\Algoritmos y estructura de datos I\BuscaMinas\ventana busca minas\src -target 19 -encoding UTF-8 -g -processorpath C:\Users\ulise\Desktop\TEC\Algoritmos y estructura de datos I\BuscaMinas\ventana busca minas\lib\rxtx-2.1-7r2;C:\Users\ulise\Downloads\RXTXcomm.jar;C:\Users\ulise\Downloads\jSerialComm-2.9.3.zip;C:\Users\ulise\Downloads\jSerialComm-2.9.3.jar;C:\Users\ulise\Desktop\TEC\Algoritmos y estructura de datos I\BuscaMinas\jar_files\firmata4j-2.3.5.jar;C:\Users\ulise\Desktop\TEC\Algoritmos y estructura de datos I\BuscaMinas\jar_files\jssc-2.8.0.jar;C:\Users\ulise\Desktop\TEC\Algoritmos y estructura de datos I\BuscaMinas\jar_files\jssc-2.9.4.jar;C:\Users\ulise\Desktop\TEC\Algoritmos y estructura de datos I\BuscaMinas\jar_files\slf4j-api-1.7.25.jar;C:\Users\ulise\Desktop\TEC\Algoritmos y estructura de datos I\BuscaMinas\jar_files\slf4j-api-1.7.3.jar;C:\Users\ulise\Desktop\TEC\Algoritmos y estructura de datos I\BuscaMinas\jar_files\slf4j-simple-1.6.1.jar;C:\Users\ulise\Desktop\TEC\Algoritmos y estructura de datos I\BuscaMinas\ventana busca minas\build\empty -s C:\Users\ulise\Desktop\TEC\Algoritmos y estructura de datos I\BuscaMinas\ventana busca minas\build\generated-sources\ap-source-output -source 19 C:\Users\ulise\Desktop\TEC\Algoritmos y estructura de datos I\BuscaMinas\ventana busca minas\src\GameMenuDemo.java
java_class_path (initial): <not set>
Launcher Type: SUN_STANDARD

[Global flags]
     intx CICompilerCount                          = 4                                         {product} {ergonomic}
     uint ConcGCThreads                            = 3                                         {product} {ergonomic}
     uint G1ConcRefinementThreads                  = 10                                        {product} {ergonomic}
   size_t G1HeapRegionSize                         = 1048576                                   {product} {ergonomic}
    uintx GCDrainStackTargetSize                   = 64                                        {product} {ergonomic}
   size_t InitialHeapSize                          = 8388608                                   {product} {command line}
   size_t MarkStackSize                            = 4194304                                   {product} {ergonomic}
   size_t MaxHeapSize                              = 2124414976                                {product} {ergonomic}
   size_t MaxNewSize                               = 1274019840                                {product} {ergonomic}
   size_t MinHeapDeltaBytes                        = 1048576                                   {product} {ergonomic}
   size_t MinHeapSize                              = 8388608                                   {product} {command line}
    uintx NonNMethodCodeHeapSize                   = 5839372                                {pd product} {ergonomic}
    uintx NonProfiledCodeHeapSize                  = 122909434                              {pd product} {ergonomic}
    uintx ProfiledCodeHeapSize                     = 122909434                              {pd product} {ergonomic}
    uintx ReservedCodeCacheSize                    = 251658240                              {pd product} {ergonomic}
     bool SegmentedCodeCache                       = true                                      {product} {ergonomic}
   size_t SoftMaxHeapSize                          = 2124414976                             {manageable} {ergonomic}
     bool UseCompressedClassPointers               = true                           {product lp64_product} {ergonomic}
     bool UseCompressedOops                        = true                           {product lp64_product} {ergonomic}
     bool UseG1GC                                  = true                                      {product} {ergonomic}
     bool UseLargePagesIndividualAllocation        = false                                  {pd product} {ergonomic}

Logging:
Log output configuration:
 #0: stdout all=warning uptime,level,tags foldmultilines=false
 #1: stderr all=off uptime,level,tags foldmultilines=false

Environment Variables:
PATH=C:\Program Files\Zulu\zulu-19\bin\;C:\Program Files\Common Files\Oracle\Java\javapath;C:\Program Files (x86)\Common Files\Oracle\Java\javapath;C:\Windows\system32;C:\Windows;C:\Windows\System32\Wbem;C:\Windows\System32\WindowsPowerShell\v1.0\;C:\Windows\System32\OpenSSH\;C:\Program Files (x86)\NVIDIA Corporation\PhysX\Common;C:\Program Files\NVIDIA Corporation\NVIDIA NvDLISR;C:\WINDOWS\system32;C:\WINDOWS;C:\WINDOWS\System32\Wbem;C:\WINDOWS\System32\WindowsPowerShell\v1.0\;C:\WINDOWS\System32\OpenSSH\;C:\Program Files\nodejs\;C:\Program Files\Git\cmd;C:\Users\ulise\AppData\Local\Microsoft\WindowsApps;C:\Users\ulise\AppData\Local\Programs\Microsoft VS Code\bin;C:\Users\ulise\AppData\Roaming\npm;C:\Users\ulise\AppData\Local\GitHubDesktop\bin
USERNAME=ulise
OS=Windows_NT
PROCESSOR_IDENTIFIER=Intel64 Family 6 Model 165 Stepping 2, GenuineIntel
TMP=C:\Users\ulise\AppData\Local\Temp
TEMP=C:\Users\ulise\AppData\Local\Temp



---------------  S Y S T E M  ---------------

OS:
 Windows 11 , 64 bit Build 22621 (10.0.22621.1485)
OS uptime: 8 days 1:39 hours

CPU: total 12 (initial active 12) (6 cores per cpu, 2 threads per core) family 6 model 165 stepping 2 microcode 0xe2, cx8, cmov, fxsr, ht, mmx, 3dnowpref, sse, sse2, sse3, ssse3, sse4.1, sse4.2, popcnt, lzcnt, tsc, tscinvbit, avx, avx2, aes, erms, clmul, bmi1, bmi2, adx, fma, vzeroupper, clflush, clflushopt, rdtscp

Memory: 4k page, system-wide physical 8099M (837M free)
TotalPageFile size 12195M (AvailPageFile size 19M)
current process WorkingSet (physical memory assigned to process): 97M, peak: 102M
current process commit charge ("private bytes"): 141M, peak: 170M

vm_info: OpenJDK 64-Bit Server VM (19.0.2+7) for windows-amd64 JRE (19.0.2+7) (Zulu19.32+15-CA), built on Dec 28 2022 19:25:40 by "zulu_re" with MS VC++ 16.10 / 16.11 (VS2019)

END.
