#
# There is insufficient memory for the Java Runtime Environment to continue.
# Native memory allocation (mmap) failed to map 65536 bytes for Failed to commit metaspace.
# Possible reasons:
#   The system is out of physical RAM or swap space
#   The process is running with CompressedOops enabled, and the Java Heap may be blocking the growth of the native heap
# Possible solutions:
#   Reduce memory load on the system
#   Increase physical memory or swap space
#   Check if swap backing store is full
#   Decrease Java heap size (-Xmx/-Xms)
#   Decrease number of Java threads
#   Decrease Java thread stack sizes (-Xss)
#   Set larger code cache with -XX:ReservedCodeCacheSize=
#   JVM is running with Unscaled Compressed Oops mode in which the Java heap is
#     placed in the first 4GB address space. The Java Heap base address is the
#     maximum limit for the native heap growth. Please use -XX:HeapBaseMinAddress
#     to set the Java Heap base and to place the Java Heap above 4GB virtual address.
# This output file may be truncated or incomplete.
#
#  Out of Memory Error (virtualSpaceNode.cpp:110), pid=22800, tid=15064
#
# JRE version: OpenJDK Runtime Environment Zulu19.32+15-CA (19.0.2+7) (build 19.0.2+7)
# Java VM: OpenJDK 64-Bit Server VM Zulu19.32+15-CA (19.0.2+7, mixed mode, sharing, tiered, compressed oops, compressed class ptrs, g1 gc, windows-amd64)
# No core dump will be written. Minidumps are not enabled by default on client versions of Windows
#

---------------  S U M M A R Y ------------

Command Line: -Dapplication.home=C:\Program Files\Zulu\zulu-19 --add-modules=ALL-DEFAULT -Xms8m -Djdk.module.main=jdk.compiler jdk.compiler/com.sun.tools.javac.Main -d C:\Users\ulise\Desktop\TEC\Algoritmos y estructura de datos I\BuscaMinas\ventana busca minas\build\classes -classpath C:\Users\ulise\Desktop\TEC\Algoritmos y estructura de datos I\BuscaMinas\ventana busca minas\build\classes;C:\Users\ulise\Desktop\TEC\Algoritmos y estructura de datos I\BuscaMinas\ventana busca minas\lib\rxtx-2.1-7r2;C:\Users\ulise\Downloads\RXTXcomm.jar;C:\Users\ulise\Downloads\jSerialComm-2.9.3.zip -sourcepath C:\Users\ulise\Desktop\TEC\Algoritmos y estructura de datos I\BuscaMinas\ventana busca minas\build\empty -target 19 -encoding UTF-8 -g -processorpath C:\Users\ulise\Desktop\TEC\Algoritmos y estructura de datos I\BuscaMinas\ventana busca minas\lib\rxtx-2.1-7r2;C:\Users\ulise\Downloads\RXTXcomm.jar;C:\Users\ulise\Downloads\jSerialComm-2.9.3.zip;C:\Users\ulise\Desktop\TEC\Algoritmos y estructura de datos I\BuscaMinas\jar_files\firmata4j-2.3.5.jar;C:\Users\ulise\Desktop\TEC\Algoritmos y estructura de datos I\BuscaMinas\jar_files\jssc-2.8.0.jar;C:\Users\ulise\Desktop\TEC\Algoritmos y estructura de datos I\BuscaMinas\jar_files\jssc-2.9.4.jar;C:\Users\ulise\Desktop\TEC\Algoritmos y estructura de datos I\BuscaMinas\jar_files\slf4j-api-1.7.25.jar;C:\Users\ulise\Desktop\TEC\Algoritmos y estructura de datos I\BuscaMinas\jar_files\slf4j-api-1.7.3.jar;C:\Users\ulise\Desktop\TEC\Algoritmos y estructura de datos I\BuscaMinas\jar_files\slf4j-simple-1.6.1.jar;C:\Users\ulise\Desktop\TEC\Algoritmos y estructura de datos I\BuscaMinas\ventana busca minas\build\empty -s C:\Users\ulise\Desktop\TEC\Algoritmos y estructura de datos I\BuscaMinas\ventana busca minas\build\generated-sources\ap-source-output -source 19 C:\Users\ulise\Desktop\TEC\Algoritmos y estructura de datos I\BuscaMinas\ventana busca minas\src\ArduinoReader.java C:\Users\ulise\Desktop\TEC\Algoritmos y estructura de datos I\BuscaMinas\ventana busca minas\src\Buscaminas.java C:\Users\ulise\Desktop\TEC\Algoritmos y estructura de datos I\BuscaMinas\ventana busca minas\src\BuscaminasFX.java C:\Users\ulise\Desktop\TEC\Algoritmos y estructura de datos I\BuscaMinas\ventana busca minas\src\GameMenuDemo.java C:\Users\ulise\Desktop\TEC\Algoritmos y estructura de datos I\BuscaMinas\ventana busca minas\src\Node.java C:\Users\ulise\Desktop\TEC\Algoritmos y estructura de datos I\BuscaMinas\ventana busca minas\src\NodeProb.java C:\Users\ulise\Desktop\TEC\Algoritmos y estructura de datos I\BuscaMinas\ventana busca minas\src\ProbList.java C:\Users\ulise\Desktop\TEC\Algoritmos y estructura de datos I\BuscaMinas\ventana busca minas\src\incList.java C:\Users\ulise\Desktop\TEC\Algoritmos y estructura de datos I\BuscaMinas\ventana busca minas\src\minaList.java C:\Users\ulise\Desktop\TEC\Algoritmos y estructura de datos I\BuscaMinas\ventana busca minas\src\segList.java C:\Users\ulise\Desktop\TEC\Algoritmos y estructura de datos I\BuscaMinas\ventana busca minas\src\ventana\busca\minas\VentanaBuscaMinas.java

Host: Intel(R) Core(TM) i7-10750H CPU @ 2.60GHz, 12 cores, 7G,  Windows 11 , 64 bit Build 22621 (10.0.22621.1485)
Time: Mon Apr  3 00:00:29 2023 Hora estándar, América Central elapsed time: 0.193437 seconds (0d 0h 0m 0s)

---------------  T H R E A D  ---------------

Current thread (0x0000021ab95f3ce0):  JavaThread "main" [_thread_in_vm, id=15064, stack(0x0000008219300000,0x0000008219400000)]

Stack: [0x0000008219300000,0x0000008219400000]
Native frames: (J=compiled Java code, j=interpreted, Vv=VM code, C=native code)
V  [jvm.dll+0x6eab2a]
V  [jvm.dll+0x8a4a20]
V  [jvm.dll+0x8a640e]
V  [jvm.dll+0x8a6ac3]
V  [jvm.dll+0x27c1ef]
V  [jvm.dll+0x8a05eb]
V  [jvm.dll+0x68e236]
V  [jvm.dll+0x1eb78e]
V  [jvm.dll+0x690c4b]
V  [jvm.dll+0x690a4e]
V  [jvm.dll+0x68ec3e]
V  [jvm.dll+0x279a1c]
V  [jvm.dll+0x7401cd]
V  [jvm.dll+0x740bef]
V  [jvm.dll+0x3c515a]
V  [jvm.dll+0x3c42c4]
V  [jvm.dll+0x3c4268]
V  [jvm.dll+0x5ca3a9]
V  [jvm.dll+0x5c92a4]
V  [jvm.dll+0x3d95ca]
V  [jvm.dll+0x3d8c1f]
C  0x0000021ac9dac181

Java frames: (J=compiled Java code, j=interpreted, Vv=VM code)
j  com.sun.tools.javac.code.Symtab.<init>(Lcom/sun/tools/javac/util/Context;)V+1041 jdk.compiler@19.0.2
j  com.sun.tools.javac.code.Symtab.instance(Lcom/sun/tools/javac/util/Context;)Lcom/sun/tools/javac/code/Symtab;+20 jdk.compiler@19.0.2
j  com.sun.tools.javac.comp.Attr.<init>(Lcom/sun/tools/javac/util/Context;)V+89 jdk.compiler@19.0.2
j  com.sun.tools.javac.comp.Attr.instance(Lcom/sun/tools/javac/util/Context;)Lcom/sun/tools/javac/comp/Attr;+20 jdk.compiler@19.0.2
j  com.sun.tools.javac.comp.Annotate.<init>(Lcom/sun/tools/javac/util/Context;)V+80 jdk.compiler@19.0.2
j  com.sun.tools.javac.comp.Annotate.instance(Lcom/sun/tools/javac/util/Context;)Lcom/sun/tools/javac/comp/Annotate;+20 jdk.compiler@19.0.2
j  com.sun.tools.javac.jvm.ClassReader.<init>(Lcom/sun/tools/javac/util/Context;)V+152 jdk.compiler@19.0.2
j  com.sun.tools.javac.jvm.ClassReader.instance(Lcom/sun/tools/javac/util/Context;)Lcom/sun/tools/javac/jvm/ClassReader;+20 jdk.compiler@19.0.2
j  com.sun.tools.javac.code.ClassFinder.<init>(Lcom/sun/tools/javac/util/Context;)V+46 jdk.compiler@19.0.2
j  com.sun.tools.javac.code.ClassFinder.instance(Lcom/sun/tools/javac/util/Context;)Lcom/sun/tools/javac/code/ClassFinder;+20 jdk.compiler@19.0.2
j  com.sun.tools.javac.main.JavaCompiler.<init>(Lcom/sun/tools/javac/util/Context;)V+130 jdk.compiler@19.0.2
j  com.sun.tools.javac.main.JavaCompiler.instance(Lcom/sun/tools/javac/util/Context;)Lcom/sun/tools/javac/main/JavaCompiler;+20 jdk.compiler@19.0.2
j  com.sun.tools.javac.processing.JavacProcessingEnvironment.<init>(Lcom/sun/tools/javac/util/Context;)V+125 jdk.compiler@19.0.2
j  com.sun.tools.javac.processing.JavacProcessingEnvironment.instance(Lcom/sun/tools/javac/util/Context;)Lcom/sun/tools/javac/processing/JavacProcessingEnvironment;+19 jdk.compiler@19.0.2
j  com.sun.tools.javac.api.BasicJavacTask.initPlugins(Ljava/util/Set;)V+148 jdk.compiler@19.0.2
j  com.sun.tools.javac.main.Main.compile([Ljava/lang/String;Lcom/sun/tools/javac/util/Context;)Lcom/sun/tools/javac/main/Main$Result;+475 jdk.compiler@19.0.2
j  com.sun.tools.javac.main.Main.compile([Ljava/lang/String;)Lcom/sun/tools/javac/main/Main$Result;+15 jdk.compiler@19.0.2
j  com.sun.tools.javac.Main.compile([Ljava/lang/String;)I+12 jdk.compiler@19.0.2
j  com.sun.tools.javac.Main.main([Ljava/lang/String;)V+1 jdk.compiler@19.0.2
v  ~StubRoutines::call_stub 0x0000021ac9d8100e

---------------  P R O C E S S  ---------------

Threads class SMR info:
_java_thread_list=0x0000021add925740, length=12, elements={
0x0000021ab95f3ce0, 0x0000021ad8c8cad0, 0x0000021ad8c8d400, 0x0000021ad8c94530,
0x0000021ad8c94e60, 0x0000021ad8c95f30, 0x0000021ad8c99660, 0x0000021ad8ca9170,
0x0000021ad8cc9af0, 0x0000021ad8ccb470, 0x0000021ab9690960, 0x0000021add9a44b0
}

Java Threads: ( => current thread )
=>0x0000021ab95f3ce0 JavaThread "main" [_thread_in_vm, id=15064, stack(0x0000008219300000,0x0000008219400000)]
  0x0000021ad8c8cad0 JavaThread "Reference Handler" daemon [_thread_blocked, id=7704, stack(0x0000008219a00000,0x0000008219b00000)]
  0x0000021ad8c8d400 JavaThread "Finalizer" daemon [_thread_blocked, id=11196, stack(0x0000008219b00000,0x0000008219c00000)]
  0x0000021ad8c94530 JavaThread "Signal Dispatcher" daemon [_thread_blocked, id=22924, stack(0x0000008219c00000,0x0000008219d00000)]
  0x0000021ad8c94e60 JavaThread "Attach Listener" daemon [_thread_blocked, id=13568, stack(0x0000008219d00000,0x0000008219e00000)]
  0x0000021ad8c95f30 JavaThread "Service Thread" daemon [_thread_blocked, id=19312, stack(0x0000008219e00000,0x0000008219f00000)]
  0x0000021ad8c99660 JavaThread "Monitor Deflation Thread" daemon [_thread_blocked, id=16604, stack(0x0000008219f00000,0x000000821a000000)]
  0x0000021ad8ca9170 JavaThread "C2 CompilerThread0" daemon [_thread_blocked, id=18068, stack(0x000000821a000000,0x000000821a100000)]
  0x0000021ad8cc9af0 JavaThread "C1 CompilerThread0" daemon [_thread_blocked, id=13640, stack(0x000000821a100000,0x000000821a200000)]
  0x0000021ad8ccb470 JavaThread "Sweeper thread" daemon [_thread_blocked, id=12096, stack(0x000000821a200000,0x000000821a300000)]
  0x0000021ab9690960 JavaThread "Common-Cleaner" daemon [_thread_blocked, id=3948, stack(0x000000821a300000,0x000000821a400000)]
  0x0000021add9a44b0 JavaThread "Notification Thread" daemon [_thread_blocked, id=22740, stack(0x000000821a400000,0x000000821a500000)]

Other Threads:
  0x0000021ab96a48d0 VMThread "VM Thread" [stack: 0x0000008219900000,0x0000008219a00000] [id=8148]
  0x0000021add9a6a00 WatcherThread "VM Periodic Task Thread" [stack: 0x000000821a500000,0x000000821a600000] [id=23236]
  0x0000021ab9654ba0 WorkerThread "GC Thread#0" [stack: 0x0000008219400000,0x0000008219500000] [id=13492]
  0x0000021addb8f720 WorkerThread "GC Thread#1" [stack: 0x000000821a600000,0x000000821a700000] [id=21996]
  0x0000021addb8fc90 WorkerThread "GC Thread#2" [stack: 0x000000821a700000,0x000000821a800000] [id=14476]
  0x0000021addb4aa90 WorkerThread "GC Thread#3" [stack: 0x000000821a800000,0x000000821a900000] [id=17992]
  0x0000021ab9665a40 ConcurrentGCThread "G1 Main Marker" [stack: 0x0000008219500000,0x0000008219600000] [id=7176]
  0x0000021ab9666b10 WorkerThread "G1 Conc#0" [stack: 0x0000008219600000,0x0000008219700000] [id=18300]
  0x0000021ab96774c0 ConcurrentGCThread "G1 Refine#0" [stack: 0x0000008219700000,0x0000008219800000] [id=13264]
  0x0000021ab9678db0 ConcurrentGCThread "G1 Service" [stack: 0x0000008219800000,0x0000008219900000] [id=22652]

Threads with active compile tasks:

VM state: not at safepoint (normal execution)

VM Mutex/Monitor currently owned by a thread:  ([mutex/lock_event])
[0x0000021ab95ee950] Metaspace_lock - owner thread: 0x0000021ab95f3ce0

Heap address: 0x0000000081600000, size: 2026 MB, Compressed Oops mode: 32-bit

CDS archive(s) mapped at: [0x0000000800000000-0x0000000800c40000-0x0000000800c40000), size 12845056, SharedBaseAddress: 0x0000000800000000, ArchiveRelocationMode: 0.
Compressed class space mapped at: 0x0000000801000000-0x0000000841000000, reserved size: 1073741824
Narrow klass base: 0x0000000800000000, Narrow klass shift: 0, Narrow klass range: 0x100000000

GC Precious Log:
 CardTable entry size: 512
 Card Set container configuration: InlinePtr #cards 5 size 8 Array Of Cards #cards 12 size 40 Howl #buckets 4 coarsen threshold 1843 Howl Bitmap #cards 512 size 80 coarsen threshold 460 Card regions per heap region 1 cards per card region 2048
 CPUs: 12 total, 12 available
 Memory: 8099M
 Large Page Support: Disabled
 NUMA Support: Disabled
 Compressed Oops: Enabled (32-bit)
 Heap Region Size: 1M
 Heap Min Capacity: 8M
 Heap Initial Capacity: 8M
 Heap Max Capacity: 2026M
 Pre-touch: Disabled
 Parallel Workers: 10
 Concurrent Workers: 3
 Concurrent Refinement Workers: 10
 Periodic GC: Disabled

Heap:
 garbage-first heap   total 8192K, used 1184K [0x0000000081600000, 0x0000000100000000)
  region size 1024K, 2 young (2048K), 1 survivors (1024K)
 Metaspace       used 4173K, committed 4288K, reserved 1114112K
  class space    used 506K, committed 576K, reserved 1048576K

Heap Regions: E=young(eden), S=young(survivor), O=old, HS=humongous(starts), HC=humongous(continues), CS=collection set, F=free, OA=open archive, CA=closed archive, TAMS=top-at-mark-start (previous, next)
|   0|0x0000000081600000, 0x0000000081628000, 0x0000000081700000| 15%| O|  |TAMS 0x0000000081600000, 0x0000000081600000| Untracked 
|   1|0x0000000081700000, 0x0000000081700000, 0x0000000081800000|  0%| F|  |TAMS 0x0000000081700000, 0x0000000081700000| Untracked 
|   2|0x0000000081800000, 0x0000000081800000, 0x0000000081900000|  0%| F|  |TAMS 0x0000000081800000, 0x0000000081800000| Untracked 
|   3|0x0000000081900000, 0x0000000081900000, 0x0000000081a00000|  0%| F|  |TAMS 0x0000000081900000, 0x0000000081900000| Untracked 
|   4|0x0000000081a00000, 0x0000000081b00000, 0x0000000081b00000|100%| S|CS|TAMS 0x0000000081a00000, 0x0000000081a00000| Complete 
|   5|0x0000000081b00000, 0x0000000081b00000, 0x0000000081c00000|  0%| F|  |TAMS 0x0000000081b00000, 0x0000000081b00000| Untracked 
|   6|0x0000000081c00000, 0x0000000081c00000, 0x0000000081d00000|  0%| F|  |TAMS 0x0000000081c00000, 0x0000000081c00000| Untracked 
|   7|0x0000000081d00000, 0x0000000081dfd890, 0x0000000081e00000| 99%| E|  |TAMS 0x0000000081d00000, 0x0000000081d00000| Complete 

Card table byte_map: [0x0000021ad21a0000,0x0000021ad25a0000] _byte_map_base: 0x0000021ad1d95000

Marking Bits (Prev, Next): (CMBitMap*) 0x0000021ab96550d0, (CMBitMap*) 0x0000021ab9655110
 Prev Bits: [0x0000021ad29a0000, 0x0000021ad4948000)
 Next Bits: [0x0000021ad4950000, 0x0000021ad68f8000)

Polling page: 0x0000021ab7550000

Metaspace:

Usage:
  Non-class:      3.58 MB used.
      Class:    506.90 KB used.
       Both:      4.08 MB used.

Virtual space:
  Non-class space:       64.00 MB reserved,       3.62 MB (  6%) committed,  1 nodes.
      Class space:        1.00 GB reserved,     576.00 KB ( <1%) committed,  1 nodes.
             Both:        1.06 GB reserved,       4.19 MB ( <1%) committed. 

Chunk freelists:
   Non-Class:  1.36 MB
       Class:  3.31 MB
        Both:  4.67 MB

MaxMetaspaceSize: unlimited
CompressedClassSpaceSize: 1.00 GB
Initial GC threshold: 21.00 MB
Current GC threshold: 21.00 MB
CDS: on
MetaspaceReclaimPolicy: balanced
 - commit_granule_bytes: 65536.
 - commit_granule_words: 8192.
 - virtual_space_node_default_size: 8388608.
 - enlarge_chunks_in_place: 1.
 - new_chunks_are_fully_committed: 0.
 - uncommit_free_chunks: 1.
 - use_allocation_guard: 0.


Internal statistics:

num_allocs_failed_limit: 0.
num_arena_births: 42.
num_arena_deaths: 0.
num_vsnodes_births: 2.
num_vsnodes_deaths: 0.
num_space_committed: 67.
num_space_uncommitted: 0.
num_chunks_returned_to_freelist: 0.
num_chunks_taken_from_freelist: 175.
num_chunk_merges: 0.
num_chunk_splits: 125.
num_chunks_enlarged: 97.
num_inconsistent_stats: 0.

CodeHeap 'non-profiled nmethods': size=120000Kb used=174Kb max_used=174Kb free=119825Kb
 bounds [0x0000021aca320000, 0x0000021aca590000, 0x0000021ad1850000]
CodeHeap 'profiled nmethods': size=120000Kb used=765Kb max_used=765Kb free=119235Kb
 bounds [0x0000021ac2850000, 0x0000021ac2ac0000, 0x0000021ac9d80000]
CodeHeap 'non-nmethods': size=5760Kb used=1212Kb max_used=1227Kb free=4547Kb
 bounds [0x0000021ac9d80000, 0x0000021ac9ff0000, 0x0000021aca320000]
 total_blobs=952 nmethods=538 adapters=325
 compilation: enabled
              stopped_count=0, restarted_count=0
 full_count=0

Compilation events (20 events):
Event: 0.184 Thread 0x0000021ad8cc9af0  534       3       java.lang.ClassLoader::getNamedPackage (73 bytes)
Event: 0.184 Thread 0x0000021ad8cc9af0 nmethod 534 0x0000021ac2906d90 code [0x0000021ac2906f80, 0x0000021ac29074c8]
Event: 0.184 Thread 0x0000021ad8cc9af0  535       3       jdk.internal.module.SystemModuleFinders$SystemModuleReader::release (10 bytes)
Event: 0.185 Thread 0x0000021ad8cc9af0 nmethod 535 0x0000021ac2907690 code [0x0000021ac2907880, 0x0000021ac2907d18]
Event: 0.185 Thread 0x0000021ad8cc9af0  527       3       java.lang.ClassLoader::checkCerts (121 bytes)
Event: 0.185 Thread 0x0000021ad8cc9af0 nmethod 527 0x0000021ac2907f10 code [0x0000021ac2908200, 0x0000021ac2908fb8]
Event: 0.185 Thread 0x0000021ad8cc9af0  528       3       java.lang.ClassLoader::defineClassSourceLocation (28 bytes)
Event: 0.185 Thread 0x0000021ad8cc9af0 nmethod 528 0x0000021ac2909510 code [0x0000021ac29096e0, 0x0000021ac2909a68]
Event: 0.185 Thread 0x0000021ad8cc9af0  529       3       java.net.URL::toString (5 bytes)
Event: 0.186 Thread 0x0000021ad8cc9af0 nmethod 529 0x0000021ac2909c10 code [0x0000021ac2909dc0, 0x0000021ac2909fe8]
Event: 0.186 Thread 0x0000021ad8cc9af0  530       3       java.net.URL::toExternalForm (9 bytes)
Event: 0.186 Thread 0x0000021ad8cc9af0 nmethod 530 0x0000021ac290a110 code [0x0000021ac290a2c0, 0x0000021ac290a488]
Event: 0.186 Thread 0x0000021ad8cc9af0  531       3       java.net.URLStreamHandler::toExternalForm (156 bytes)
Event: 0.186 Thread 0x0000021ad8cc9af0 nmethod 531 0x0000021ac290a590 code [0x0000021ac290a960, 0x0000021ac290beb8]
Event: 0.186 Thread 0x0000021ad8cc9af0  537       3       jdk.internal.org.objectweb.asm.Type::getArgumentsAndReturnSizes (140 bytes)
Event: 0.188 Thread 0x0000021ad8cc9af0 nmethod 537 0x0000021ac290c690 code [0x0000021ac290ca80, 0x0000021ac290e898]
Event: 0.188 Thread 0x0000021ad8cc9af0  538       1       java.lang.reflect.Method::getName (5 bytes)
Event: 0.188 Thread 0x0000021ad8cc9af0 nmethod 538 0x0000021aca34b390 code [0x0000021aca34b520, 0x0000021aca34b5d8]
Event: 0.188 Thread 0x0000021ad8cc9af0  536       1       java.lang.invoke.MethodType::rtype (5 bytes)
Event: 0.188 Thread 0x0000021ad8cc9af0 nmethod 536 0x0000021aca34b690 code [0x0000021aca34b820, 0x0000021aca34b8d8]

GC Heap History (2 events):
Event: 0.127 GC heap before
{Heap before GC invocations=0 (full 0):
 garbage-first heap   total 8192K, used 3072K [0x0000000081600000, 0x0000000100000000)
  region size 1024K, 3 young (3072K), 0 survivors (0K)
 Metaspace       used 2400K, committed 2624K, reserved 1114112K
  class space    used 258K, committed 384K, reserved 1048576K
}
Event: 0.131 GC heap after
{Heap after GC invocations=1 (full 0):
 garbage-first heap   total 8192K, used 1184K [0x0000000081600000, 0x0000000100000000)
  region size 1024K, 1 young (1024K), 1 survivors (1024K)
 Metaspace       used 2400K, committed 2624K, reserved 1114112K
  class space    used 258K, committed 384K, reserved 1048576K
}

Dll operation events (6 events):
Event: 0.004 Loaded shared library C:\Program Files\Zulu\zulu-19\bin\java.dll
Event: 0.010 Loaded shared library C:\Program Files\Zulu\zulu-19\bin\jsvml.dll
Event: 0.044 Loaded shared library C:\Program Files\Zulu\zulu-19\bin\jimage.dll
Event: 0.088 Loaded shared library C:\Program Files\Zulu\zulu-19\bin\net.dll
Event: 0.089 Loaded shared library C:\Program Files\Zulu\zulu-19\bin\nio.dll
Event: 0.110 Loaded shared library C:\Program Files\Zulu\zulu-19\bin\zip.dll

Deoptimization events (18 events):
Event: 0.080 Thread 0x0000021ab95f3ce0 Uncommon trap: trap_request=0xffffffc6 fr.pc=0x0000021aca32d448 relative=0x0000000000000928
Event: 0.080 Thread 0x0000021ab95f3ce0 Uncommon trap: reason=bimorphic_or_optimized_type_check action=maybe_recompile pc=0x0000021aca32d448 method=java.util.HashMap.putVal(ILjava/lang/Object;Ljava/lang/Object;ZZ)Ljava/lang/Object; @ 56 c2
Event: 0.080 Thread 0x0000021ab95f3ce0 DEOPT PACKING pc=0x0000021aca32d448 sp=0x00000082193fe4f0
Event: 0.080 Thread 0x0000021ab95f3ce0 DEOPT UNPACKING pc=0x0000021ac9de6da3 sp=0x00000082193fe478 mode 2
Event: 0.080 Thread 0x0000021ab95f3ce0 Uncommon trap: trap_request=0xffffffc6 fr.pc=0x0000021aca32d448 relative=0x0000000000000928
Event: 0.080 Thread 0x0000021ab95f3ce0 Uncommon trap: reason=bimorphic_or_optimized_type_check action=maybe_recompile pc=0x0000021aca32d448 method=java.util.HashMap.putVal(ILjava/lang/Object;Ljava/lang/Object;ZZ)Ljava/lang/Object; @ 56 c2
Event: 0.080 Thread 0x0000021ab95f3ce0 DEOPT PACKING pc=0x0000021aca32d448 sp=0x00000082193fe4f0
Event: 0.080 Thread 0x0000021ab95f3ce0 DEOPT UNPACKING pc=0x0000021ac9de6da3 sp=0x00000082193fe478 mode 2
Event: 0.080 Thread 0x0000021ab95f3ce0 Uncommon trap: trap_request=0xffffffc6 fr.pc=0x0000021aca32d448 relative=0x0000000000000928
Event: 0.080 Thread 0x0000021ab95f3ce0 Uncommon trap: reason=bimorphic_or_optimized_type_check action=maybe_recompile pc=0x0000021aca32d448 method=java.util.HashMap.putVal(ILjava/lang/Object;Ljava/lang/Object;ZZ)Ljava/lang/Object; @ 56 c2
Event: 0.080 Thread 0x0000021ab95f3ce0 DEOPT PACKING pc=0x0000021aca32d448 sp=0x00000082193fe4f0
Event: 0.080 Thread 0x0000021ab95f3ce0 DEOPT UNPACKING pc=0x0000021ac9de6da3 sp=0x00000082193fe478 mode 2
Event: 0.080 Thread 0x0000021ab95f3ce0 Uncommon trap: trap_request=0xffffffc6 fr.pc=0x0000021aca32d448 relative=0x0000000000000928
Event: 0.080 Thread 0x0000021ab95f3ce0 Uncommon trap: reason=bimorphic_or_optimized_type_check action=maybe_recompile pc=0x0000021aca32d448 method=java.util.HashMap.putVal(ILjava/lang/Object;Ljava/lang/Object;ZZ)Ljava/lang/Object; @ 56 c2
Event: 0.080 Thread 0x0000021ab95f3ce0 DEOPT PACKING pc=0x0000021aca32d448 sp=0x00000082193fe4f0
Event: 0.080 Thread 0x0000021ab95f3ce0 DEOPT UNPACKING pc=0x0000021ac9de6da3 sp=0x00000082193fe478 mode 2
Event: 0.105 Thread 0x0000021ab95f3ce0 DEOPT PACKING pc=0x0000021ac287d6e7 sp=0x00000082193fa7a0
Event: 0.105 Thread 0x0000021ab95f3ce0 DEOPT UNPACKING pc=0x0000021ac9de7543 sp=0x00000082193f9bc0 mode 0

Classes loaded (20 events):
Event: 0.108 Loading class sun/nio/cs/StreamDecoder
Event: 0.108 Loading class sun/nio/cs/StreamDecoder done
Event: 0.108 Loading class sun/nio/cs/UTF_8$Decoder
Event: 0.108 Loading class sun/nio/cs/UTF_8$Decoder done
Event: 0.109 Loading class java/util/LinkedHashMap$LinkedKeySet
Event: 0.109 Loading class java/util/LinkedHashMap$LinkedKeySet done
Event: 0.109 Loading class java/util/LinkedHashMap$LinkedKeyIterator
Event: 0.109 Loading class java/util/LinkedHashMap$LinkedKeyIterator done
Event: 0.116 Loading class sun/nio/fs/WindowsException
Event: 0.116 Loading class sun/nio/fs/WindowsException done
Event: 0.116 Loading class sun/nio/fs/WindowsDirectoryStream
Event: 0.116 Loading class sun/nio/fs/WindowsDirectoryStream done
Event: 0.131 Loading class java/util/concurrent/locks/AbstractQueuedSynchronizer$ExclusiveNode
Event: 0.131 Loading class java/util/concurrent/locks/AbstractQueuedSynchronizer$ExclusiveNode done
Event: 0.135 Loading class java/io/StringWriter
Event: 0.135 Loading class java/io/StringWriter done
Event: 0.163 Loading class java/nio/file/ClosedFileSystemException
Event: 0.163 Loading class java/nio/file/ClosedFileSystemException done
Event: 0.163 Loading class java/lang/ArrayIndexOutOfBoundsException
Event: 0.163 Loading class java/lang/ArrayIndexOutOfBoundsException done

Classes unloaded (0 events):
No events

Classes redefined (0 events):
No events

Internal exceptions (10 events):
Event: 0.079 Thread 0x0000021ab95f3ce0 Exception <a 'java/lang/NoSuchMethodError'{0x0000000081b20d20}: 'void java.lang.invoke.DirectMethodHandle$Holder.invokeSpecial(java.lang.Object, java.lang.Object, java.lang.Object)'> (0x0000000081b20d20) 
thrown [s\src\hotspot\share\interpreter\linkResolver.cpp, line 774]
Event: 0.101 Thread 0x0000021ab95f3ce0 Exception <a 'java/lang/NoSuchMethodError'{0x0000000081b7e450}: 'java.lang.Object java.lang.invoke.DirectMethodHandle$Holder.invokeVirtual(java.lang.Object, java.lang.Object, java.lang.Object)'> (0x0000000081b7e450) 
thrown [s\src\hotspot\share\interpreter\linkResolver.cpp, line 774]
Event: 0.102 Thread 0x0000021ab95f3ce0 Exception <a 'java/lang/NoSuchMethodError'{0x0000000081b89c18}: 'int java.lang.invoke.DirectMethodHandle$Holder.invokeInterface(java.lang.Object, java.lang.Object)'> (0x0000000081b89c18) 
thrown [s\src\hotspot\share\interpreter\linkResolver.cpp, line 774]
Event: 0.116 Thread 0x0000021ab95f3ce0 Exception <a 'sun/nio/fs/WindowsException'{0x0000000081bc4040}> (0x0000000081bc4040) 
thrown [s\src\hotspot\share\prims\jni.cpp, line 517]
Event: 0.117 Thread 0x0000021ab95f3ce0 Exception <a 'sun/nio/fs/WindowsException'{0x0000000081bc49a8}> (0x0000000081bc49a8) 
thrown [s\src\hotspot\share\prims\jni.cpp, line 517]
Event: 0.117 Thread 0x0000021ab95f3ce0 Exception <a 'sun/nio/fs/WindowsException'{0x0000000081bc57d0}> (0x0000000081bc57d0) 
thrown [s\src\hotspot\share\prims\jni.cpp, line 517]
Event: 0.117 Thread 0x0000021ab95f3ce0 Exception <a 'sun/nio/fs/WindowsException'{0x0000000081bc5bc0}> (0x0000000081bc5bc0) 
thrown [s\src\hotspot\share\prims\jni.cpp, line 517]
Event: 0.118 Thread 0x0000021ab95f3ce0 Exception <a 'java/lang/NoSuchMethodError'{0x0000000081bcad30}: 'int java.lang.invoke.DirectMethodHandle$Holder.invokeVirtual(java.lang.Object, java.lang.Object, java.lang.Object)'> (0x0000000081bcad30) 
thrown [s\src\hotspot\share\interpreter\linkResolver.cpp, line 774]
Event: 0.119 Thread 0x0000021ab95f3ce0 Exception <a 'java/lang/NoSuchMethodError'{0x0000000081bd1308}: 'void java.lang.invoke.DirectMethodHandle$Holder.invokeInterface(java.lang.Object, java.lang.Object, java.lang.Object)'> (0x0000000081bd1308) 
thrown [s\src\hotspot\share\interpreter\linkResolver.cpp, line 774]
Event: 0.127 Thread 0x0000021ab95f3ce0 Exception <a 'java/lang/NoSuchMethodError'{0x0000000081bff2e8}: 'java.lang.Object java.lang.invoke.DirectMethodHandle$Holder.invokeStaticInit(java.lang.Object)'> (0x0000000081bff2e8) 
thrown [s\src\hotspot\share\interpreter\linkResolver.cpp, line 774]

VM Operations (10 events):
Event: 0.035 Executing VM operation: HandshakeAllThreads
Event: 0.035 Executing VM operation: HandshakeAllThreads done
Event: 0.080 Executing VM operation: HandshakeAllThreads
Event: 0.080 Executing VM operation: HandshakeAllThreads done
Event: 0.100 Executing VM operation: HandshakeAllThreads
Event: 0.100 Executing VM operation: HandshakeAllThreads done
Event: 0.105 Executing VM operation: HandshakeAllThreads
Event: 0.105 Executing VM operation: HandshakeAllThreads done
Event: 0.127 Executing VM operation: G1CollectForAllocation
Event: 0.131 Executing VM operation: G1CollectForAllocation done

Events (12 events):
Event: 0.010 Thread 0x0000021ab95f3ce0 Thread added: 0x0000021ab95f3ce0
Event: 0.017 Thread 0x0000021ad8c8cad0 Thread added: 0x0000021ad8c8cad0
Event: 0.017 Thread 0x0000021ad8c8d400 Thread added: 0x0000021ad8c8d400
Event: 0.017 Thread 0x0000021ad8c94530 Thread added: 0x0000021ad8c94530
Event: 0.018 Thread 0x0000021ad8c94e60 Thread added: 0x0000021ad8c94e60
Event: 0.018 Thread 0x0000021ad8c95f30 Thread added: 0x0000021ad8c95f30
Event: 0.018 Thread 0x0000021ad8c99660 Thread added: 0x0000021ad8c99660
Event: 0.018 Thread 0x0000021ad8ca9170 Thread added: 0x0000021ad8ca9170
Event: 0.018 Thread 0x0000021ad8cc9af0 Thread added: 0x0000021ad8cc9af0
Event: 0.018 Thread 0x0000021ad8ccb470 Thread added: 0x0000021ad8ccb470
Event: 0.030 Thread 0x0000021ab9690960 Thread added: 0x0000021ab9690960
Event: 0.042 Thread 0x0000021add9a44b0 Thread added: 0x0000021add9a44b0


Dynamic libraries:
0x00007ff76d6b0000 - 0x00007ff76d6b8000 	C:\Program Files\Zulu\zulu-19\bin\javac.exe
0x00007ffa972f0000 - 0x00007ffa97504000 	C:\WINDOWS\SYSTEM32\ntdll.dll
0x00007ffa96a30000 - 0x00007ffa96af2000 	C:\WINDOWS\System32\KERNEL32.DLL
0x00007ffa94a90000 - 0x00007ffa94e2c000 	C:\WINDOWS\System32\KERNELBASE.dll
0x00007ffa94730000 - 0x00007ffa94841000 	C:\WINDOWS\System32\ucrtbase.dll
0x00007ffa470b0000 - 0x00007ffa470c7000 	C:\Program Files\Zulu\zulu-19\bin\jli.dll
0x00007ffa47090000 - 0x00007ffa470ab000 	C:\Program Files\Zulu\zulu-19\bin\VCRUNTIME140.dll
0x00007ffa95ee0000 - 0x00007ffa9608b000 	C:\WINDOWS\System32\USER32.dll
0x00007ffa7c330000 - 0x00007ffa7c5be000 	C:\WINDOWS\WinSxS\amd64_microsoft.windows.common-controls_6595b64144ccf1df_6.0.22621.608_none_a9444ca7c10bb01d\COMCTL32.dll
0x00007ffa94a60000 - 0x00007ffa94a86000 	C:\WINDOWS\System32\win32u.dll
0x00007ffa97200000 - 0x00007ffa972a7000 	C:\WINDOWS\System32\msvcrt.dll
0x00007ffa97050000 - 0x00007ffa97079000 	C:\WINDOWS\System32\GDI32.dll
0x00007ffa94f70000 - 0x00007ffa95083000 	C:\WINDOWS\System32\gdi32full.dll
0x00007ffa949c0000 - 0x00007ffa94a5a000 	C:\WINDOWS\System32\msvcp_win.dll
0x00007ffa95ea0000 - 0x00007ffa95ed1000 	C:\WINDOWS\System32\IMM32.DLL
0x00007ffa67c00000 - 0x00007ffa67c0c000 	C:\Program Files\Zulu\zulu-19\bin\vcruntime140_1.dll
0x00007ffa47000000 - 0x00007ffa4708d000 	C:\Program Files\Zulu\zulu-19\bin\msvcp140.dll
0x00007ffa2c840000 - 0x00007ffa2d547000 	C:\Program Files\Zulu\zulu-19\bin\server\jvm.dll
0x00007ffa970d0000 - 0x00007ffa9717e000 	C:\WINDOWS\System32\ADVAPI32.dll
0x00007ffa95d60000 - 0x00007ffa95e04000 	C:\WINDOWS\System32\sechost.dll
0x00007ffa95c20000 - 0x00007ffa95d35000 	C:\WINDOWS\System32\RPCRT4.dll
0x00007ffa8ce90000 - 0x00007ffa8cec4000 	C:\WINDOWS\SYSTEM32\WINMM.dll
0x00007ffa8f920000 - 0x00007ffa8f929000 	C:\WINDOWS\SYSTEM32\WSOCK32.dll
0x00007ffa8ce00000 - 0x00007ffa8ce0a000 	C:\WINDOWS\SYSTEM32\VERSION.dll
0x00007ffa95620000 - 0x00007ffa95691000 	C:\WINDOWS\System32\WS2_32.dll
0x00007ffa93790000 - 0x00007ffa937a8000 	C:\WINDOWS\SYSTEM32\kernel.appcore.dll
0x00007ffa622b0000 - 0x00007ffa622ba000 	C:\Program Files\Zulu\zulu-19\bin\jimage.dll
0x00007ffa920e0000 - 0x00007ffa9230e000 	C:\WINDOWS\SYSTEM32\DBGHELP.DLL
0x00007ffa95790000 - 0x00007ffa95b19000 	C:\WINDOWS\System32\combase.dll
0x00007ffa95160000 - 0x00007ffa95237000 	C:\WINDOWS\System32\OLEAUT32.dll
0x00007ffa764d0000 - 0x00007ffa76502000 	C:\WINDOWS\SYSTEM32\dbgcore.DLL
0x00007ffa94e30000 - 0x00007ffa94eab000 	C:\WINDOWS\System32\bcryptPrimitives.dll
0x00007ffa3cc50000 - 0x00007ffa3cc76000 	C:\Program Files\Zulu\zulu-19\bin\java.dll
0x00007ffa37a60000 - 0x00007ffa37b37000 	C:\Program Files\Zulu\zulu-19\bin\jsvml.dll
0x00007ffa960a0000 - 0x00007ffa96890000 	C:\WINDOWS\System32\SHELL32.dll
0x00007ffa92750000 - 0x00007ffa9301d000 	C:\WINDOWS\SYSTEM32\windows.storage.dll
0x00007ffa92610000 - 0x00007ffa9274e000 	C:\WINDOWS\SYSTEM32\wintypes.dll
0x00007ffa95360000 - 0x00007ffa95451000 	C:\WINDOWS\System32\SHCORE.dll
0x00007ffa956b0000 - 0x00007ffa9570e000 	C:\WINDOWS\System32\shlwapi.dll
0x00007ffa94660000 - 0x00007ffa94681000 	C:\WINDOWS\SYSTEM32\profapi.dll
0x00007ffa46fe0000 - 0x00007ffa46ff3000 	C:\Program Files\Zulu\zulu-19\bin\net.dll
0x00007ffa8d990000 - 0x00007ffa8dac7000 	C:\WINDOWS\SYSTEM32\WINHTTP.dll
0x00007ffa93c00000 - 0x00007ffa93c69000 	C:\WINDOWS\system32\mswsock.dll
0x00007ffa3f910000 - 0x00007ffa3f926000 	C:\Program Files\Zulu\zulu-19\bin\nio.dll
0x00007ffa3d6f0000 - 0x00007ffa3d708000 	C:\Program Files\Zulu\zulu-19\bin\zip.dll

dbghelp: loaded successfully - version: 4.0.5 - missing functions: none
symbol engine: initialized successfully - sym options: 0x614 - pdb path: .;C:\Program Files\Zulu\zulu-19\bin;C:\WINDOWS\SYSTEM32;C:\WINDOWS\WinSxS\amd64_microsoft.windows.common-controls_6595b64144ccf1df_6.0.22621.608_none_a9444ca7c10bb01d;C:\Program Files\Zulu\zulu-19\bin\server

VM Arguments:
jvm_args: -Dapplication.home=C:\Program Files\Zulu\zulu-19 --add-modules=ALL-DEFAULT -Xms8m -Djdk.module.main=jdk.compiler 
java_command: jdk.compiler/com.sun.tools.javac.Main -d C:\Users\ulise\Desktop\TEC\Algoritmos y estructura de datos I\BuscaMinas\ventana busca minas\build\classes -classpath C:\Users\ulise\Desktop\TEC\Algoritmos y estructura de datos I\BuscaMinas\ventana busca minas\build\classes;C:\Users\ulise\Desktop\TEC\Algoritmos y estructura de datos I\BuscaMinas\ventana busca minas\lib\rxtx-2.1-7r2;C:\Users\ulise\Downloads\RXTXcomm.jar;C:\Users\ulise\Downloads\jSerialComm-2.9.3.zip -sourcepath C:\Users\ulise\Desktop\TEC\Algoritmos y estructura de datos I\BuscaMinas\ventana busca minas\build\empty -target 19 -encoding UTF-8 -g -processorpath C:\Users\ulise\Desktop\TEC\Algoritmos y estructura de datos I\BuscaMinas\ventana busca minas\lib\rxtx-2.1-7r2;C:\Users\ulise\Downloads\RXTXcomm.jar;C:\Users\ulise\Downloads\jSerialComm-2.9.3.zip;C:\Users\ulise\Desktop\TEC\Algoritmos y estructura de datos I\BuscaMinas\jar_files\firmata4j-2.3.5.jar;C:\Users\ulise\Desktop\TEC\Algoritmos y estructura de datos I\BuscaMinas\jar_files\jssc-2.8.0.jar;C:\Users\ulise\Desktop\TEC\Algoritmos y estructura de datos I\BuscaMinas\jar_files\jssc-2.9.4.jar;C:\Users\ulise\Desktop\TEC\Algoritmos y estructura de datos I\BuscaMinas\jar_files\slf4j-api-1.7.25.jar;C:\Users\ulise\Desktop\TEC\Algoritmos y estructura de datos I\BuscaMinas\jar_files\slf4j-api-1.7.3.jar;C:\Users\ulise\Desktop\TEC\Algoritmos y estructura de datos I\BuscaMinas\jar_files\slf4j-simple-1.6.1.jar;C:\Users\ulise\Desktop\TEC\Algoritmos y estructura de datos I\BuscaMinas\ventana busca minas\build\empty -s C:\Users\ulise\Desktop\TEC\Algoritmos y estructura de datos I\BuscaMinas\ventana busca minas\build\generated-sources\ap-source-output -source 19 C:\Users\ulise\Desktop\TEC\Algoritmos y estructura de datos I\BuscaMinas\ventana busca minas\src\ArduinoReader.java C:\Users\ulise\Desktop\TEC\Algoritmos y estructura de datos I\BuscaMinas\ventana busca minas\src\Buscaminas.java C:\Users\ulise\Desktop\TEC\Algoritmos y estructura de datos I\BuscaMinas
java_class_path (initial): <not set>
Launcher Type: SUN_STANDARD

[Global flags]
     intx CICompilerCount                          = 4                                         {product} {ergonomic}
     uint ConcGCThreads                            = 3                                         {product} {ergonomic}
     uint G1ConcRefinementThreads                  = 10                                        {product} {ergonomic}
   size_t G1HeapRegionSize                         = 1048576                                   {product} {ergonomic}
    uintx GCDrainStackTargetSize                   = 64                                        {product} {ergonomic}
   size_t InitialHeapSize                          = 8388608                                   {product} {command line}
   size_t MarkStackSize                            = 4194304                                   {product} {ergonomic}
   size_t MaxHeapSize                              = 2124414976                                {product} {ergonomic}
   size_t MaxNewSize                               = 1274019840                                {product} {ergonomic}
   size_t MinHeapDeltaBytes                        = 1048576                                   {product} {ergonomic}
   size_t MinHeapSize                              = 8388608                                   {product} {command line}
    uintx NonNMethodCodeHeapSize                   = 5839372                                {pd product} {ergonomic}
    uintx NonProfiledCodeHeapSize                  = 122909434                              {pd product} {ergonomic}
    uintx ProfiledCodeHeapSize                     = 122909434                              {pd product} {ergonomic}
    uintx ReservedCodeCacheSize                    = 251658240                              {pd product} {ergonomic}
     bool SegmentedCodeCache                       = true                                      {product} {ergonomic}
   size_t SoftMaxHeapSize                          = 2124414976                             {manageable} {ergonomic}
     bool UseCompressedClassPointers               = true                           {product lp64_product} {ergonomic}
     bool UseCompressedOops                        = true                           {product lp64_product} {ergonomic}
     bool UseG1GC                                  = true                                      {product} {ergonomic}
     bool UseLargePagesIndividualAllocation        = false                                  {pd product} {ergonomic}

Logging:
Log output configuration:
 #0: stdout all=warning uptime,level,tags foldmultilines=false
 #1: stderr all=off uptime,level,tags foldmultilines=false

Environment Variables:
PATH=C:\Program Files\Zulu\zulu-19\bin\;C:\Program Files\Common Files\Oracle\Java\javapath;C:\Program Files (x86)\Common Files\Oracle\Java\javapath;C:\Windows\system32;C:\Windows;C:\Windows\System32\Wbem;C:\Windows\System32\WindowsPowerShell\v1.0\;C:\Windows\System32\OpenSSH\;C:\Program Files (x86)\NVIDIA Corporation\PhysX\Common;C:\Program Files\NVIDIA Corporation\NVIDIA NvDLISR;C:\WINDOWS\system32;C:\WINDOWS;C:\WINDOWS\System32\Wbem;C:\WINDOWS\System32\WindowsPowerShell\v1.0\;C:\WINDOWS\System32\OpenSSH\;C:\Program Files\nodejs\;C:\Program Files\Git\cmd;C:\Users\ulise\AppData\Local\Microsoft\WindowsApps;C:\Users\ulise\AppData\Local\Programs\Microsoft VS Code\bin;C:\Users\ulise\AppData\Roaming\npm;C:\Users\ulise\AppData\Local\GitHubDesktop\bin
USERNAME=ulise
OS=Windows_NT
PROCESSOR_IDENTIFIER=Intel64 Family 6 Model 165 Stepping 2, GenuineIntel
TMP=C:\Users\ulise\AppData\Local\Temp
TEMP=C:\Users\ulise\AppData\Local\Temp



---------------  S Y S T E M  ---------------

OS:
 Windows 11 , 64 bit Build 22621 (10.0.22621.1485)
OS uptime: 0 days 10:14 hours

CPU: total 12 (initial active 12) (6 cores per cpu, 2 threads per core) family 6 model 165 stepping 2 microcode 0xe2, cx8, cmov, fxsr, ht, mmx, 3dnowpref, sse, sse2, sse3, ssse3, sse4.1, sse4.2, popcnt, lzcnt, tsc, tscinvbit, avx, avx2, aes, erms, clmul, bmi1, bmi2, adx, fma, vzeroupper, clflush, clflushopt, rdtscp

Memory: 4k page, system-wide physical 8099M (482M free)
TotalPageFile size 12195M (AvailPageFile size 10M)
current process WorkingSet (physical memory assigned to process): 47M, peak: 47M
current process commit charge ("private bytes"): 97M, peak: 97M

vm_info: OpenJDK 64-Bit Server VM (19.0.2+7) for windows-amd64 JRE (19.0.2+7) (Zulu19.32+15-CA), built on Dec 28 2022 19:25:40 by "zulu_re" with MS VC++ 16.10 / 16.11 (VS2019)

END.
