#
# There is insufficient memory for the Java Runtime Environment to continue.
# Native memory allocation (malloc) failed to allocate 1381088 bytes for Chunk::new
# Possible reasons:
#   The system is out of physical RAM or swap space
#   The process is running with CompressedOops enabled, and the Java Heap may be blocking the growth of the native heap
# Possible solutions:
#   Reduce memory load on the system
#   Increase physical memory or swap space
#   Check if swap backing store is full
#   Decrease Java heap size (-Xmx/-Xms)
#   Decrease number of Java threads
#   Decrease Java thread stack sizes (-Xss)
#   Set larger code cache with -XX:ReservedCodeCacheSize=
#   JVM is running with Unscaled Compressed Oops mode in which the Java heap is
#     placed in the first 4GB address space. The Java Heap base address is the
#     maximum limit for the native heap growth. Please use -XX:HeapBaseMinAddress
#     to set the Java Heap base and to place the Java Heap above 4GB virtual address.
# This output file may be truncated or incomplete.
#
#  Out of Memory Error (arena.cpp:184), pid=19004, tid=16900
#
# JRE version: OpenJDK Runtime Environment Zulu19.32+15-CA (19.0.2+7) (build 19.0.2+7)
# Java VM: OpenJDK 64-Bit Server VM Zulu19.32+15-CA (19.0.2+7, mixed mode, sharing, tiered, compressed oops, compressed class ptrs, g1 gc, windows-amd64)
# No core dump will be written. Minidumps are not enabled by default on client versions of Windows
#

---------------  S U M M A R Y ------------

Command Line: -Dfile.encoding=UTF-8 BuscaminasFX

Host: Intel(R) Core(TM) i7-10750H CPU @ 2.60GHz, 12 cores, 7G,  Windows 11 , 64 bit Build 22621 (10.0.22621.1344)
Time: Tue Mar 21 12:02:12 2023 Hora estándar, América Central elapsed time: 0.504357 seconds (0d 0h 0m 0s)

---------------  T H R E A D  ---------------

Current thread (0x0000021c7f3b6230):  JavaThread "C2 CompilerThread0" daemon [_thread_in_native, id=16900, stack(0x00000086aeb00000,0x00000086aec00000)]


Current CompileTask:
C2:    504  735   !   4       com.sun.javafx.css.ParsedValueImpl::readBinary (688 bytes)

Stack: [0x00000086aeb00000,0x00000086aec00000]
Native frames: (J=compiled Java code, j=interpreted, Vv=VM code, C=native code)
V  [jvm.dll+0x6eab2a]
V  [jvm.dll+0x8a4a20]
V  [jvm.dll+0x8a640e]
V  [jvm.dll+0x8a6ac3]
V  [jvm.dll+0x27c1ef]
V  [jvm.dll+0xc245f]
V  [jvm.dll+0xc27d5]
V  [jvm.dll+0x3b80ab]
V  [jvm.dll+0x381701]
V  [jvm.dll+0x380b8a]
V  [jvm.dll+0x2458db]
V  [jvm.dll+0x244c71]
V  [jvm.dll+0x1cf9a1]
V  [jvm.dll+0x254799]
V  [jvm.dll+0x2529a8]
V  [jvm.dll+0x854e98]
V  [jvm.dll+0x84ec7a]
V  [jvm.dll+0x6e981b]
C  [ucrtbase.dll+0x29363]
C  [KERNEL32.DLL+0x126bd]
C  [ntdll.dll+0x5a9f8]


---------------  P R O C E S S  ---------------

Threads class SMR info:
_java_thread_list=0x0000021c135f3b90, length=19, elements={
0x0000021c6e4a9000, 0x0000021c7f3a7f20, 0x0000021c7f3a8a50, 0x0000021c7f3ac900,
0x0000021c7f3af340, 0x0000021c7f3afc70, 0x0000021c7f3b05a0, 0x0000021c7f3b6230,
0x0000021c7f3ba0a0, 0x0000021c7f3bda30, 0x0000021c7f63b120, 0x0000021c7f647c90,
0x0000021c7f853470, 0x0000021c7f8704a0, 0x0000021c7f889240, 0x0000021c1355d850,
0x0000021c1355dda0, 0x0000021c13605f10, 0x0000021c1355d300
}

Java Threads: ( => current thread )
  0x0000021c6e4a9000 JavaThread "main" [_thread_blocked, id=10468, stack(0x00000086ade00000,0x00000086adf00000)]
  0x0000021c7f3a7f20 JavaThread "Reference Handler" daemon [_thread_blocked, id=15864, stack(0x00000086ae500000,0x00000086ae600000)]
  0x0000021c7f3a8a50 JavaThread "Finalizer" daemon [_thread_blocked, id=10668, stack(0x00000086ae600000,0x00000086ae700000)]
  0x0000021c7f3ac900 JavaThread "Signal Dispatcher" daemon [_thread_blocked, id=14600, stack(0x00000086ae700000,0x00000086ae800000)]
  0x0000021c7f3af340 JavaThread "Attach Listener" daemon [_thread_blocked, id=19760, stack(0x00000086ae800000,0x00000086ae900000)]
  0x0000021c7f3afc70 JavaThread "Service Thread" daemon [_thread_blocked, id=17132, stack(0x00000086ae900000,0x00000086aea00000)]
  0x0000021c7f3b05a0 JavaThread "Monitor Deflation Thread" daemon [_thread_blocked, id=4428, stack(0x00000086aea00000,0x00000086aeb00000)]
=>0x0000021c7f3b6230 JavaThread "C2 CompilerThread0" daemon [_thread_in_native, id=16900, stack(0x00000086aeb00000,0x00000086aec00000)]
  0x0000021c7f3ba0a0 JavaThread "C1 CompilerThread0" daemon [_thread_blocked, id=18732, stack(0x00000086aec00000,0x00000086aed00000)]
  0x0000021c7f3bda30 JavaThread "Sweeper thread" daemon [_thread_blocked, id=4124, stack(0x00000086aed00000,0x00000086aee00000)]
  0x0000021c7f63b120 JavaThread "Notification Thread" daemon [_thread_blocked, id=21992, stack(0x00000086aee00000,0x00000086aef00000)]
  0x0000021c7f647c90 JavaThread "Common-Cleaner" daemon [_thread_blocked, id=16224, stack(0x00000086af000000,0x00000086af100000)]
  0x0000021c7f853470 JavaThread "QuantumRenderer-0" daemon [_thread_blocked, id=13484, stack(0x00000086af100000,0x00000086af200000)]
  0x0000021c7f8704a0 JavaThread "InvokeLaterDispatcher" daemon [_thread_blocked, id=22508, stack(0x00000086af300000,0x00000086af400000)]
  0x0000021c7f889240 JavaThread "JavaFX Application Thread" [_thread_in_Java, id=15528, stack(0x00000086af400000,0x00000086af500000)]
  0x0000021c1355d850 JavaThread "JavaFX-Launcher" [_thread_blocked, id=18812, stack(0x00000086af700000,0x00000086af800000)]
  0x0000021c1355dda0 JavaThread "Thread-2" daemon [_thread_in_native, id=6652, stack(0x00000086af600000,0x00000086af700000)]
  0x0000021c13605f10 JavaThread "C2 CompilerThread1" daemon [_thread_blocked, id=11952, stack(0x00000086af800000,0x00000086af900000)]
  0x0000021c1355d300 JavaThread "Timer-0" [_thread_blocked, id=3848, stack(0x00000086af900000,0x00000086afa00000)]

Other Threads:
  0x0000021c7f38e920 VMThread "VM Thread" [stack: 0x00000086ae400000,0x00000086ae500000] [id=7584]
  0x0000021c7f63b660 WatcherThread "VM Periodic Task Thread" [stack: 0x00000086aef00000,0x00000086af000000] [id=6636]
  0x0000021c6e508770 WorkerThread "GC Thread#0" [stack: 0x00000086adf00000,0x00000086ae000000] [id=9296]
  0x0000021c6e5195d0 ConcurrentGCThread "G1 Main Marker" [stack: 0x00000086ae000000,0x00000086ae100000] [id=1736]
  0x0000021c6e51a7a0 WorkerThread "G1 Conc#0" [stack: 0x00000086ae100000,0x00000086ae200000] [id=8540]
  0x0000021c7f2460a0 ConcurrentGCThread "G1 Refine#0" [stack: 0x00000086ae200000,0x00000086ae300000] [id=21844]
  0x0000021c7f247a90 ConcurrentGCThread "G1 Service" [stack: 0x00000086ae300000,0x00000086ae400000] [id=22036]

Threads with active compile tasks:
C2 CompilerThread0      515  735   !   4       com.sun.javafx.css.ParsedValueImpl::readBinary (688 bytes)
C2 CompilerThread1      515  848       4       com.sun.javafx.iio.png.PNGImageLoader2::paethPr (56 bytes)

VM state: not at safepoint (normal execution)

VM Mutex/Monitor currently owned by a thread: None

Heap address: 0x0000000082000000, size: 2016 MB, Compressed Oops mode: 32-bit

CDS archive(s) mapped at: [0x0000000800000000-0x0000000800c40000-0x0000000800c40000), size 12845056, SharedBaseAddress: 0x0000000800000000, ArchiveRelocationMode: 0.
Compressed class space mapped at: 0x0000000801000000-0x0000000841000000, reserved size: 1073741824
Narrow klass base: 0x0000000800000000, Narrow klass shift: 0, Narrow klass range: 0x100000000

GC Precious Log:
 CardTable entry size: 512
 Card Set container configuration: InlinePtr #cards 5 size 8 Array Of Cards #cards 12 size 40 Howl #buckets 4 coarsen threshold 1843 Howl Bitmap #cards 512 size 80 coarsen threshold 460 Card regions per heap region 1 cards per card region 2048
 CPUs: 12 total, 12 available
 Memory: 8059M
 Large Page Support: Disabled
 NUMA Support: Disabled
 Compressed Oops: Enabled (32-bit)
 Heap Region Size: 1M
 Heap Min Capacity: 8M
 Heap Initial Capacity: 126M
 Heap Max Capacity: 2016M
 Pre-touch: Disabled
 Parallel Workers: 10
 Concurrent Workers: 3
 Concurrent Refinement Workers: 10
 Periodic GC: Disabled

Heap:
 garbage-first heap   total 129024K, used 11264K [0x0000000082000000, 0x0000000100000000)
  region size 1024K, 11 young (11264K), 0 survivors (0K)
 Metaspace       used 6670K, committed 6912K, reserved 1114112K
  class space    used 938K, committed 1024K, reserved 1048576K

Heap Regions: E=young(eden), S=young(survivor), O=old, HS=humongous(starts), HC=humongous(continues), CS=collection set, F=free, OA=open archive, CA=closed archive, TAMS=top-at-mark-start (previous, next)
|   0|0x0000000082000000, 0x0000000082100000, 0x0000000082100000|100%|HS|  |TAMS 0x0000000082000000, 0x0000000082000000| Complete 
|   1|0x0000000082100000, 0x0000000082100000, 0x0000000082200000|  0%| F|  |TAMS 0x0000000082100000, 0x0000000082100000| Untracked 
|   2|0x0000000082200000, 0x0000000082200000, 0x0000000082300000|  0%| F|  |TAMS 0x0000000082200000, 0x0000000082200000| Untracked 
|   3|0x0000000082300000, 0x0000000082300000, 0x0000000082400000|  0%| F|  |TAMS 0x0000000082300000, 0x0000000082300000| Untracked 
|   4|0x0000000082400000, 0x0000000082400000, 0x0000000082500000|  0%| F|  |TAMS 0x0000000082400000, 0x0000000082400000| Untracked 
|   5|0x0000000082500000, 0x0000000082500000, 0x0000000082600000|  0%| F|  |TAMS 0x0000000082500000, 0x0000000082500000| Untracked 
|   6|0x0000000082600000, 0x0000000082600000, 0x0000000082700000|  0%| F|  |TAMS 0x0000000082600000, 0x0000000082600000| Untracked 
|   7|0x0000000082700000, 0x0000000082700000, 0x0000000082800000|  0%| F|  |TAMS 0x0000000082700000, 0x0000000082700000| Untracked 
|   8|0x0000000082800000, 0x0000000082800000, 0x0000000082900000|  0%| F|  |TAMS 0x0000000082800000, 0x0000000082800000| Untracked 
|   9|0x0000000082900000, 0x0000000082900000, 0x0000000082a00000|  0%| F|  |TAMS 0x0000000082900000, 0x0000000082900000| Untracked 
|  10|0x0000000082a00000, 0x0000000082a00000, 0x0000000082b00000|  0%| F|  |TAMS 0x0000000082a00000, 0x0000000082a00000| Untracked 
|  11|0x0000000082b00000, 0x0000000082b00000, 0x0000000082c00000|  0%| F|  |TAMS 0x0000000082b00000, 0x0000000082b00000| Untracked 
|  12|0x0000000082c00000, 0x0000000082c00000, 0x0000000082d00000|  0%| F|  |TAMS 0x0000000082c00000, 0x0000000082c00000| Untracked 
|  13|0x0000000082d00000, 0x0000000082d00000, 0x0000000082e00000|  0%| F|  |TAMS 0x0000000082d00000, 0x0000000082d00000| Untracked 
|  14|0x0000000082e00000, 0x0000000082e00000, 0x0000000082f00000|  0%| F|  |TAMS 0x0000000082e00000, 0x0000000082e00000| Untracked 
|  15|0x0000000082f00000, 0x0000000082f00000, 0x0000000083000000|  0%| F|  |TAMS 0x0000000082f00000, 0x0000000082f00000| Untracked 
|  16|0x0000000083000000, 0x0000000083000000, 0x0000000083100000|  0%| F|  |TAMS 0x0000000083000000, 0x0000000083000000| Untracked 
|  17|0x0000000083100000, 0x0000000083100000, 0x0000000083200000|  0%| F|  |TAMS 0x0000000083100000, 0x0000000083100000| Untracked 
|  18|0x0000000083200000, 0x0000000083200000, 0x0000000083300000|  0%| F|  |TAMS 0x0000000083200000, 0x0000000083200000| Untracked 
|  19|0x0000000083300000, 0x0000000083300000, 0x0000000083400000|  0%| F|  |TAMS 0x0000000083300000, 0x0000000083300000| Untracked 
|  20|0x0000000083400000, 0x0000000083400000, 0x0000000083500000|  0%| F|  |TAMS 0x0000000083400000, 0x0000000083400000| Untracked 
|  21|0x0000000083500000, 0x0000000083500000, 0x0000000083600000|  0%| F|  |TAMS 0x0000000083500000, 0x0000000083500000| Untracked 
|  22|0x0000000083600000, 0x0000000083600000, 0x0000000083700000|  0%| F|  |TAMS 0x0000000083600000, 0x0000000083600000| Untracked 
|  23|0x0000000083700000, 0x0000000083700000, 0x0000000083800000|  0%| F|  |TAMS 0x0000000083700000, 0x0000000083700000| Untracked 
|  24|0x0000000083800000, 0x0000000083800000, 0x0000000083900000|  0%| F|  |TAMS 0x0000000083800000, 0x0000000083800000| Untracked 
|  25|0x0000000083900000, 0x0000000083900000, 0x0000000083a00000|  0%| F|  |TAMS 0x0000000083900000, 0x0000000083900000| Untracked 
|  26|0x0000000083a00000, 0x0000000083a00000, 0x0000000083b00000|  0%| F|  |TAMS 0x0000000083a00000, 0x0000000083a00000| Untracked 
|  27|0x0000000083b00000, 0x0000000083b00000, 0x0000000083c00000|  0%| F|  |TAMS 0x0000000083b00000, 0x0000000083b00000| Untracked 
|  28|0x0000000083c00000, 0x0000000083c00000, 0x0000000083d00000|  0%| F|  |TAMS 0x0000000083c00000, 0x0000000083c00000| Untracked 
|  29|0x0000000083d00000, 0x0000000083d00000, 0x0000000083e00000|  0%| F|  |TAMS 0x0000000083d00000, 0x0000000083d00000| Untracked 
|  30|0x0000000083e00000, 0x0000000083e00000, 0x0000000083f00000|  0%| F|  |TAMS 0x0000000083e00000, 0x0000000083e00000| Untracked 
|  31|0x0000000083f00000, 0x0000000083f00000, 0x0000000084000000|  0%| F|  |TAMS 0x0000000083f00000, 0x0000000083f00000| Untracked 
|  32|0x0000000084000000, 0x0000000084000000, 0x0000000084100000|  0%| F|  |TAMS 0x0000000084000000, 0x0000000084000000| Untracked 
|  33|0x0000000084100000, 0x0000000084100000, 0x0000000084200000|  0%| F|  |TAMS 0x0000000084100000, 0x0000000084100000| Untracked 
|  34|0x0000000084200000, 0x0000000084200000, 0x0000000084300000|  0%| F|  |TAMS 0x0000000084200000, 0x0000000084200000| Untracked 
|  35|0x0000000084300000, 0x0000000084300000, 0x0000000084400000|  0%| F|  |TAMS 0x0000000084300000, 0x0000000084300000| Untracked 
|  36|0x0000000084400000, 0x0000000084400000, 0x0000000084500000|  0%| F|  |TAMS 0x0000000084400000, 0x0000000084400000| Untracked 
|  37|0x0000000084500000, 0x0000000084500000, 0x0000000084600000|  0%| F|  |TAMS 0x0000000084500000, 0x0000000084500000| Untracked 
|  38|0x0000000084600000, 0x0000000084600000, 0x0000000084700000|  0%| F|  |TAMS 0x0000000084600000, 0x0000000084600000| Untracked 
|  39|0x0000000084700000, 0x0000000084700000, 0x0000000084800000|  0%| F|  |TAMS 0x0000000084700000, 0x0000000084700000| Untracked 
|  40|0x0000000084800000, 0x0000000084800000, 0x0000000084900000|  0%| F|  |TAMS 0x0000000084800000, 0x0000000084800000| Untracked 
|  41|0x0000000084900000, 0x0000000084900000, 0x0000000084a00000|  0%| F|  |TAMS 0x0000000084900000, 0x0000000084900000| Untracked 
|  42|0x0000000084a00000, 0x0000000084a00000, 0x0000000084b00000|  0%| F|  |TAMS 0x0000000084a00000, 0x0000000084a00000| Untracked 
|  43|0x0000000084b00000, 0x0000000084b00000, 0x0000000084c00000|  0%| F|  |TAMS 0x0000000084b00000, 0x0000000084b00000| Untracked 
|  44|0x0000000084c00000, 0x0000000084c00000, 0x0000000084d00000|  0%| F|  |TAMS 0x0000000084c00000, 0x0000000084c00000| Untracked 
|  45|0x0000000084d00000, 0x0000000084d00000, 0x0000000084e00000|  0%| F|  |TAMS 0x0000000084d00000, 0x0000000084d00000| Untracked 
|  46|0x0000000084e00000, 0x0000000084e00000, 0x0000000084f00000|  0%| F|  |TAMS 0x0000000084e00000, 0x0000000084e00000| Untracked 
|  47|0x0000000084f00000, 0x0000000084f00000, 0x0000000085000000|  0%| F|  |TAMS 0x0000000084f00000, 0x0000000084f00000| Untracked 
|  48|0x0000000085000000, 0x0000000085000000, 0x0000000085100000|  0%| F|  |TAMS 0x0000000085000000, 0x0000000085000000| Untracked 
|  49|0x0000000085100000, 0x0000000085100000, 0x0000000085200000|  0%| F|  |TAMS 0x0000000085100000, 0x0000000085100000| Untracked 
|  50|0x0000000085200000, 0x0000000085200000, 0x0000000085300000|  0%| F|  |TAMS 0x0000000085200000, 0x0000000085200000| Untracked 
|  51|0x0000000085300000, 0x0000000085300000, 0x0000000085400000|  0%| F|  |TAMS 0x0000000085300000, 0x0000000085300000| Untracked 
|  52|0x0000000085400000, 0x0000000085400000, 0x0000000085500000|  0%| F|  |TAMS 0x0000000085400000, 0x0000000085400000| Untracked 
|  53|0x0000000085500000, 0x0000000085500000, 0x0000000085600000|  0%| F|  |TAMS 0x0000000085500000, 0x0000000085500000| Untracked 
|  54|0x0000000085600000, 0x0000000085600000, 0x0000000085700000|  0%| F|  |TAMS 0x0000000085600000, 0x0000000085600000| Untracked 
|  55|0x0000000085700000, 0x0000000085700000, 0x0000000085800000|  0%| F|  |TAMS 0x0000000085700000, 0x0000000085700000| Untracked 
|  56|0x0000000085800000, 0x0000000085800000, 0x0000000085900000|  0%| F|  |TAMS 0x0000000085800000, 0x0000000085800000| Untracked 
|  57|0x0000000085900000, 0x0000000085900000, 0x0000000085a00000|  0%| F|  |TAMS 0x0000000085900000, 0x0000000085900000| Untracked 
|  58|0x0000000085a00000, 0x0000000085a00000, 0x0000000085b00000|  0%| F|  |TAMS 0x0000000085a00000, 0x0000000085a00000| Untracked 
|  59|0x0000000085b00000, 0x0000000085b00000, 0x0000000085c00000|  0%| F|  |TAMS 0x0000000085b00000, 0x0000000085b00000| Untracked 
|  60|0x0000000085c00000, 0x0000000085c00000, 0x0000000085d00000|  0%| F|  |TAMS 0x0000000085c00000, 0x0000000085c00000| Untracked 
|  61|0x0000000085d00000, 0x0000000085d00000, 0x0000000085e00000|  0%| F|  |TAMS 0x0000000085d00000, 0x0000000085d00000| Untracked 
|  62|0x0000000085e00000, 0x0000000085e00000, 0x0000000085f00000|  0%| F|  |TAMS 0x0000000085e00000, 0x0000000085e00000| Untracked 
|  63|0x0000000085f00000, 0x0000000085f00000, 0x0000000086000000|  0%| F|  |TAMS 0x0000000085f00000, 0x0000000085f00000| Untracked 
|  64|0x0000000086000000, 0x0000000086000000, 0x0000000086100000|  0%| F|  |TAMS 0x0000000086000000, 0x0000000086000000| Untracked 
|  65|0x0000000086100000, 0x0000000086100000, 0x0000000086200000|  0%| F|  |TAMS 0x0000000086100000, 0x0000000086100000| Untracked 
|  66|0x0000000086200000, 0x0000000086200000, 0x0000000086300000|  0%| F|  |TAMS 0x0000000086200000, 0x0000000086200000| Untracked 
|  67|0x0000000086300000, 0x0000000086300000, 0x0000000086400000|  0%| F|  |TAMS 0x0000000086300000, 0x0000000086300000| Untracked 
|  68|0x0000000086400000, 0x0000000086400000, 0x0000000086500000|  0%| F|  |TAMS 0x0000000086400000, 0x0000000086400000| Untracked 
|  69|0x0000000086500000, 0x0000000086500000, 0x0000000086600000|  0%| F|  |TAMS 0x0000000086500000, 0x0000000086500000| Untracked 
|  70|0x0000000086600000, 0x0000000086600000, 0x0000000086700000|  0%| F|  |TAMS 0x0000000086600000, 0x0000000086600000| Untracked 
|  71|0x0000000086700000, 0x0000000086700000, 0x0000000086800000|  0%| F|  |TAMS 0x0000000086700000, 0x0000000086700000| Untracked 
|  72|0x0000000086800000, 0x0000000086800000, 0x0000000086900000|  0%| F|  |TAMS 0x0000000086800000, 0x0000000086800000| Untracked 
|  73|0x0000000086900000, 0x0000000086900000, 0x0000000086a00000|  0%| F|  |TAMS 0x0000000086900000, 0x0000000086900000| Untracked 
|  74|0x0000000086a00000, 0x0000000086a00000, 0x0000000086b00000|  0%| F|  |TAMS 0x0000000086a00000, 0x0000000086a00000| Untracked 
|  75|0x0000000086b00000, 0x0000000086b00000, 0x0000000086c00000|  0%| F|  |TAMS 0x0000000086b00000, 0x0000000086b00000| Untracked 
|  76|0x0000000086c00000, 0x0000000086c00000, 0x0000000086d00000|  0%| F|  |TAMS 0x0000000086c00000, 0x0000000086c00000| Untracked 
|  77|0x0000000086d00000, 0x0000000086d00000, 0x0000000086e00000|  0%| F|  |TAMS 0x0000000086d00000, 0x0000000086d00000| Untracked 
|  78|0x0000000086e00000, 0x0000000086e00000, 0x0000000086f00000|  0%| F|  |TAMS 0x0000000086e00000, 0x0000000086e00000| Untracked 
|  79|0x0000000086f00000, 0x0000000086f00000, 0x0000000087000000|  0%| F|  |TAMS 0x0000000086f00000, 0x0000000086f00000| Untracked 
|  80|0x0000000087000000, 0x0000000087000000, 0x0000000087100000|  0%| F|  |TAMS 0x0000000087000000, 0x0000000087000000| Untracked 
|  81|0x0000000087100000, 0x0000000087100000, 0x0000000087200000|  0%| F|  |TAMS 0x0000000087100000, 0x0000000087100000| Untracked 
|  82|0x0000000087200000, 0x0000000087200000, 0x0000000087300000|  0%| F|  |TAMS 0x0000000087200000, 0x0000000087200000| Untracked 
|  83|0x0000000087300000, 0x0000000087300000, 0x0000000087400000|  0%| F|  |TAMS 0x0000000087300000, 0x0000000087300000| Untracked 
|  84|0x0000000087400000, 0x0000000087400000, 0x0000000087500000|  0%| F|  |TAMS 0x0000000087400000, 0x0000000087400000| Untracked 
|  85|0x0000000087500000, 0x0000000087500000, 0x0000000087600000|  0%| F|  |TAMS 0x0000000087500000, 0x0000000087500000| Untracked 
|  86|0x0000000087600000, 0x0000000087600000, 0x0000000087700000|  0%| F|  |TAMS 0x0000000087600000, 0x0000000087600000| Untracked 
|  87|0x0000000087700000, 0x0000000087700000, 0x0000000087800000|  0%| F|  |TAMS 0x0000000087700000, 0x0000000087700000| Untracked 
|  88|0x0000000087800000, 0x0000000087800000, 0x0000000087900000|  0%| F|  |TAMS 0x0000000087800000, 0x0000000087800000| Untracked 
|  89|0x0000000087900000, 0x0000000087900000, 0x0000000087a00000|  0%| F|  |TAMS 0x0000000087900000, 0x0000000087900000| Untracked 
|  90|0x0000000087a00000, 0x0000000087a00000, 0x0000000087b00000|  0%| F|  |TAMS 0x0000000087a00000, 0x0000000087a00000| Untracked 
|  91|0x0000000087b00000, 0x0000000087b00000, 0x0000000087c00000|  0%| F|  |TAMS 0x0000000087b00000, 0x0000000087b00000| Untracked 
|  92|0x0000000087c00000, 0x0000000087c00000, 0x0000000087d00000|  0%| F|  |TAMS 0x0000000087c00000, 0x0000000087c00000| Untracked 
|  93|0x0000000087d00000, 0x0000000087d00000, 0x0000000087e00000|  0%| F|  |TAMS 0x0000000087d00000, 0x0000000087d00000| Untracked 
|  94|0x0000000087e00000, 0x0000000087e00000, 0x0000000087f00000|  0%| F|  |TAMS 0x0000000087e00000, 0x0000000087e00000| Untracked 
|  95|0x0000000087f00000, 0x0000000087f00000, 0x0000000088000000|  0%| F|  |TAMS 0x0000000087f00000, 0x0000000087f00000| Untracked 
|  96|0x0000000088000000, 0x0000000088000000, 0x0000000088100000|  0%| F|  |TAMS 0x0000000088000000, 0x0000000088000000| Untracked 
|  97|0x0000000088100000, 0x0000000088100000, 0x0000000088200000|  0%| F|  |TAMS 0x0000000088100000, 0x0000000088100000| Untracked 
|  98|0x0000000088200000, 0x0000000088200000, 0x0000000088300000|  0%| F|  |TAMS 0x0000000088200000, 0x0000000088200000| Untracked 
|  99|0x0000000088300000, 0x0000000088300000, 0x0000000088400000|  0%| F|  |TAMS 0x0000000088300000, 0x0000000088300000| Untracked 
| 100|0x0000000088400000, 0x0000000088400000, 0x0000000088500000|  0%| F|  |TAMS 0x0000000088400000, 0x0000000088400000| Untracked 
| 101|0x0000000088500000, 0x0000000088500000, 0x0000000088600000|  0%| F|  |TAMS 0x0000000088500000, 0x0000000088500000| Untracked 
| 102|0x0000000088600000, 0x0000000088600000, 0x0000000088700000|  0%| F|  |TAMS 0x0000000088600000, 0x0000000088600000| Untracked 
| 103|0x0000000088700000, 0x0000000088700000, 0x0000000088800000|  0%| F|  |TAMS 0x0000000088700000, 0x0000000088700000| Untracked 
| 104|0x0000000088800000, 0x0000000088800000, 0x0000000088900000|  0%| F|  |TAMS 0x0000000088800000, 0x0000000088800000| Untracked 
| 105|0x0000000088900000, 0x0000000088900000, 0x0000000088a00000|  0%| F|  |TAMS 0x0000000088900000, 0x0000000088900000| Untracked 
| 106|0x0000000088a00000, 0x0000000088a00000, 0x0000000088b00000|  0%| F|  |TAMS 0x0000000088a00000, 0x0000000088a00000| Untracked 
| 107|0x0000000088b00000, 0x0000000088b00000, 0x0000000088c00000|  0%| F|  |TAMS 0x0000000088b00000, 0x0000000088b00000| Untracked 
| 108|0x0000000088c00000, 0x0000000088c00000, 0x0000000088d00000|  0%| F|  |TAMS 0x0000000088c00000, 0x0000000088c00000| Untracked 
| 109|0x0000000088d00000, 0x0000000088d00000, 0x0000000088e00000|  0%| F|  |TAMS 0x0000000088d00000, 0x0000000088d00000| Untracked 
| 110|0x0000000088e00000, 0x0000000088e00000, 0x0000000088f00000|  0%| F|  |TAMS 0x0000000088e00000, 0x0000000088e00000| Untracked 
| 111|0x0000000088f00000, 0x0000000088f00000, 0x0000000089000000|  0%| F|  |TAMS 0x0000000088f00000, 0x0000000088f00000| Untracked 
| 112|0x0000000089000000, 0x0000000089000000, 0x0000000089100000|  0%| F|  |TAMS 0x0000000089000000, 0x0000000089000000| Untracked 
| 113|0x0000000089100000, 0x0000000089100000, 0x0000000089200000|  0%| F|  |TAMS 0x0000000089100000, 0x0000000089100000| Untracked 
| 114|0x0000000089200000, 0x0000000089200000, 0x0000000089300000|  0%| F|  |TAMS 0x0000000089200000, 0x0000000089200000| Untracked 
| 115|0x0000000089300000, 0x0000000089376440, 0x0000000089400000| 46%| E|  |TAMS 0x0000000089300000, 0x0000000089300000| Complete 
| 116|0x0000000089400000, 0x0000000089500000, 0x0000000089500000|100%| E|CS|TAMS 0x0000000089400000, 0x0000000089400000| Complete 
| 117|0x0000000089500000, 0x0000000089600000, 0x0000000089600000|100%| E|CS|TAMS 0x0000000089500000, 0x0000000089500000| Complete 
| 118|0x0000000089600000, 0x0000000089700000, 0x0000000089700000|100%| E|CS|TAMS 0x0000000089600000, 0x0000000089600000| Complete 
| 119|0x0000000089700000, 0x0000000089800000, 0x0000000089800000|100%| E|CS|TAMS 0x0000000089700000, 0x0000000089700000| Complete 
| 120|0x0000000089800000, 0x0000000089900000, 0x0000000089900000|100%| E|CS|TAMS 0x0000000089800000, 0x0000000089800000| Complete 
| 121|0x0000000089900000, 0x0000000089a00000, 0x0000000089a00000|100%| E|CS|TAMS 0x0000000089900000, 0x0000000089900000| Complete 
| 122|0x0000000089a00000, 0x0000000089b00000, 0x0000000089b00000|100%| E|CS|TAMS 0x0000000089a00000, 0x0000000089a00000| Complete 
| 123|0x0000000089b00000, 0x0000000089c00000, 0x0000000089c00000|100%| E|CS|TAMS 0x0000000089b00000, 0x0000000089b00000| Complete 
| 124|0x0000000089c00000, 0x0000000089d00000, 0x0000000089d00000|100%| E|CS|TAMS 0x0000000089c00000, 0x0000000089c00000| Complete 
| 125|0x0000000089d00000, 0x0000000089e00000, 0x0000000089e00000|100%| E|CS|TAMS 0x0000000089d00000, 0x0000000089d00000| Complete 

Card table byte_map: [0x0000021c78050000,0x0000021c78440000] _byte_map_base: 0x0000021c77c40000

Marking Bits (Prev, Next): (CMBitMap*) 0x0000021c6e508da0, (CMBitMap*) 0x0000021c6e508de0
 Prev Bits: [0x0000021c78830000, 0x0000021c7a7b0000)
 Next Bits: [0x0000021c7a7b0000, 0x0000021c7c730000)

Polling page: 0x0000021c6c280000

Metaspace:

Usage:
  Non-class:      5.60 MB used.
      Class:    938.28 KB used.
       Both:      6.51 MB used.

Virtual space:
  Non-class space:       64.00 MB reserved,       5.75 MB (  9%) committed,  1 nodes.
      Class space:        1.00 GB reserved,       1.00 MB ( <1%) committed,  1 nodes.
             Both:        1.06 GB reserved,       6.75 MB ( <1%) committed. 

Chunk freelists:
   Non-Class:  3.72 MB
       Class:  2.91 MB
        Both:  6.62 MB

MaxMetaspaceSize: unlimited
CompressedClassSpaceSize: 1.00 GB
Initial GC threshold: 21.00 MB
Current GC threshold: 21.00 MB
CDS: on
MetaspaceReclaimPolicy: balanced
 - commit_granule_bytes: 65536.
 - commit_granule_words: 8192.
 - virtual_space_node_default_size: 8388608.
 - enlarge_chunks_in_place: 1.
 - new_chunks_are_fully_committed: 0.
 - uncommit_free_chunks: 1.
 - use_allocation_guard: 0.


Internal statistics:

num_allocs_failed_limit: 0.
num_arena_births: 154.
num_arena_deaths: 0.
num_vsnodes_births: 2.
num_vsnodes_deaths: 0.
num_space_committed: 108.
num_space_uncommitted: 0.
num_chunks_returned_to_freelist: 0.
num_chunks_taken_from_freelist: 398.
num_chunk_merges: 0.
num_chunk_splits: 274.
num_chunks_enlarged: 200.
num_inconsistent_stats: 0.

CodeHeap 'non-profiled nmethods': size=120000Kb used=259Kb max_used=259Kb free=119740Kb
 bounds [0x0000021c07ad0000, 0x0000021c07d40000, 0x0000021c0f000000]
CodeHeap 'profiled nmethods': size=120000Kb used=1355Kb max_used=1355Kb free=118644Kb
 bounds [0x0000021c00000000, 0x0000021c00270000, 0x0000021c07530000]
CodeHeap 'non-nmethods': size=5760Kb used=1330Kb max_used=1344Kb free=4429Kb
 bounds [0x0000021c07530000, 0x0000021c077a0000, 0x0000021c07ad0000]
 total_blobs=1413 nmethods=848 adapters=476
 compilation: enabled
              stopped_count=0, restarted_count=0
 full_count=0

Compilation events (20 events):
Event: 0.486 Thread 0x0000021c7f3ba0a0 nmethod 824 0x0000021c0014b710 code [0x0000021c0014b8c0, 0x0000021c0014baa8]
Event: 0.486 Thread 0x0000021c7f3ba0a0  825       3       java.lang.invoke.LambdaForm$NamedFunction::member (26 bytes)
Event: 0.487 Thread 0x0000021c7f3ba0a0 nmethod 825 0x0000021c0014bb90 code [0x0000021c0014bd20, 0x0000021c0014be38]
Event: 0.487 Thread 0x0000021c7f3ba0a0  826       3       java.lang.invoke.LambdaForm::useCount (61 bytes)
Event: 0.487 Thread 0x0000021c7f3ba0a0 nmethod 826 0x0000021c0014bf10 code [0x0000021c0014c0e0, 0x0000021c0014c448]
Event: 0.490 Thread 0x0000021c13605f10 nmethod 813 0x0000021c07b0f510 code [0x0000021c07b0f6a0, 0x0000021c07b0f9d8]
Event: 0.490 Thread 0x0000021c13605f10  829       4       java.lang.String::substring (58 bytes)
Event: 0.492 Thread 0x0000021c7f3ba0a0  830       3       com.sun.javafx.font.FontFileReader$Buffer::getShort (52 bytes)
Event: 0.492 Thread 0x0000021c7f3ba0a0 nmethod 830 0x0000021c0014c610 code [0x0000021c0014c7c0, 0x0000021c0014c938]
Event: 0.493 Thread 0x0000021c7f3ba0a0  831       3       java.lang.Module::isNamed (13 bytes)
Event: 0.493 Thread 0x0000021c7f3ba0a0 nmethod 831 0x0000021c0014ca10 code [0x0000021c0014cba0, 0x0000021c0014cd18]
Event: 0.493 Thread 0x0000021c7f3ba0a0  832       3       java.lang.invoke.MethodHandleNatives::isCallerSensitive (29 bytes)
Event: 0.494 Thread 0x0000021c7f3ba0a0 nmethod 832 0x0000021c0014cd90 code [0x0000021c0014cf80, 0x0000021c0014d508]
Event: 0.494 Thread 0x0000021c7f3ba0a0  833       3       java.lang.invoke.MethodHandleNatives::canBeCalledVirtual (50 bytes)
Event: 0.495 Thread 0x0000021c7f3ba0a0 nmethod 833 0x0000021c0014d710 code [0x0000021c0014d900, 0x0000021c0014ddc8]
Event: 0.495 Thread 0x0000021c13605f10 nmethod 829 0x0000021c07b0fb90 code [0x0000021c07b0fd40, 0x0000021c07b10298]
Event: 0.495 Thread 0x0000021c7f3ba0a0  834       3       jdk.internal.ref.CleanerImpl::getCleanerImpl (13 bytes)
Event: 0.495 Thread 0x0000021c7f3ba0a0 nmethod 834 0x0000021c0014df90 code [0x0000021c0014e140, 0x0000021c0014e408]
Event: 0.495 Thread 0x0000021c7f3ba0a0  835       3       java.lang.ref.Cleaner$1::apply (9 bytes)
Event: 0.496 Thread 0x0000021c7f3ba0a0 nmethod 835 0x0000021c0014e510 code [0x0000021c0014e6c0, 0x0000021c0014e938]

GC Heap History (0 events):
No events

Dll operation events (20 events):
Event: 0.122 Loaded shared library C:\Program Files\Zulu\zulu-19\bin\api-ms-win-crt-heap-l1-1-0.dll
Event: 0.123 Loaded shared library C:\Program Files\Zulu\zulu-19\bin\api-ms-win-crt-locale-l1-1-0.dll
Event: 0.124 Loaded shared library C:\Program Files\Zulu\zulu-19\bin\api-ms-win-crt-math-l1-1-0.dll
Event: 0.125 Loaded shared library C:\Program Files\Zulu\zulu-19\bin\api-ms-win-crt-multibyte-l1-1-0.dll
Event: 0.126 Loaded shared library C:\Program Files\Zulu\zulu-19\bin\api-ms-win-crt-private-l1-1-0.dll
Event: 0.127 Loaded shared library C:\Program Files\Zulu\zulu-19\bin\api-ms-win-crt-process-l1-1-0.dll
Event: 0.128 Loaded shared library C:\Program Files\Zulu\zulu-19\bin\api-ms-win-crt-runtime-l1-1-0.dll
Event: 0.129 Loaded shared library C:\Program Files\Zulu\zulu-19\bin\api-ms-win-crt-stdio-l1-1-0.dll
Event: 0.131 Loaded shared library C:\Program Files\Zulu\zulu-19\bin\api-ms-win-crt-string-l1-1-0.dll
Event: 0.132 Loaded shared library C:\Program Files\Zulu\zulu-19\bin\api-ms-win-crt-time-l1-1-0.dll
Event: 0.133 Loaded shared library C:\Program Files\Zulu\zulu-19\bin\api-ms-win-crt-utility-l1-1-0.dll
Event: 0.134 Loaded shared library C:\Program Files\Zulu\zulu-19\bin\ucrtbase.dll
Event: 0.134 Loaded shared library C:\Program Files\Zulu\zulu-19\bin\vcruntime140.dll
Event: 0.135 Loaded shared library C:\Program Files\Zulu\zulu-19\bin\vcruntime140_1.dll
Event: 0.135 Loaded shared library C:\Program Files\Zulu\zulu-19\bin\msvcp140.dll
Event: 0.136 Loaded shared library C:\Program Files\Zulu\zulu-19\bin\msvcp140_1.dll
Event: 0.137 Loaded shared library C:\Program Files\Zulu\zulu-19\bin\msvcp140_2.dll
Event: 0.158 Loaded shared library C:\Program Files\Zulu\zulu-19\bin\prism_d3d.dll
Event: 0.220 Loaded shared library C:\Program Files\Zulu\zulu-19\bin\glass.dll
Event: 0.407 Loaded shared library C:\Program Files\Zulu\zulu-19\bin\javafx_font.dll

Deoptimization events (20 events):
Event: 0.475 Thread 0x0000021c7f889240 Uncommon trap: trap_request=0xffffff45 fr.pc=0x0000021c07afb990 relative=0x0000000000000450
Event: 0.475 Thread 0x0000021c7f889240 Uncommon trap: reason=unstable_if action=reinterpret pc=0x0000021c07afb990 method=java.lang.AbstractStringBuilder.inflateIfNeededFor(Ljava/lang/String;)V @ 14 c2
Event: 0.475 Thread 0x0000021c7f889240 DEOPT PACKING pc=0x0000021c07afb990 sp=0x00000086af4fdd80
Event: 0.475 Thread 0x0000021c7f889240 DEOPT UNPACKING pc=0x0000021c07596da3 sp=0x00000086af4fdc88 mode 2
Event: 0.475 Thread 0x0000021c7f889240 Uncommon trap: trap_request=0xffffff45 fr.pc=0x0000021c07af9804 relative=0x00000000000000e4
Event: 0.475 Thread 0x0000021c7f889240 Uncommon trap: reason=unstable_if action=reinterpret pc=0x0000021c07af9804 method=java.lang.String.getBytes([BIB)V @ 5 c2
Event: 0.475 Thread 0x0000021c7f889240 DEOPT PACKING pc=0x0000021c07af9804 sp=0x00000086af4fdca0
Event: 0.475 Thread 0x0000021c7f889240 DEOPT UNPACKING pc=0x0000021c07596da3 sp=0x00000086af4fdc68 mode 2
Event: 0.475 Thread 0x0000021c7f889240 Uncommon trap: trap_request=0xffffff45 fr.pc=0x0000021c07afe2fc relative=0x000000000000015c
Event: 0.475 Thread 0x0000021c7f889240 Uncommon trap: reason=unstable_if action=reinterpret pc=0x0000021c07afe2fc method=java.util.concurrent.locks.ReentrantLock$NonfairSync.initialTryLock()Z @ 10 c2
Event: 0.475 Thread 0x0000021c7f889240 DEOPT PACKING pc=0x0000021c07afe2fc sp=0x00000086af4fdb50
Event: 0.475 Thread 0x0000021c7f889240 DEOPT UNPACKING pc=0x0000021c07596da3 sp=0x00000086af4fdaf8 mode 2
Event: 0.476 Thread 0x0000021c7f889240 Uncommon trap: trap_request=0xffffff45 fr.pc=0x0000021c07afdeec relative=0x00000000000000cc
Event: 0.476 Thread 0x0000021c7f889240 Uncommon trap: reason=unstable_if action=reinterpret pc=0x0000021c07afdeec method=java.util.concurrent.locks.ReentrantLock$Sync.tryRelease(I)Z @ 26 c2
Event: 0.476 Thread 0x0000021c7f889240 DEOPT PACKING pc=0x0000021c07afdeec sp=0x00000086af4fdb50
Event: 0.476 Thread 0x0000021c7f889240 DEOPT UNPACKING pc=0x0000021c07596da3 sp=0x00000086af4fdaf0 mode 2
Event: 0.499 Thread 0x0000021c7f889240 Uncommon trap: trap_request=0xffffff45 fr.pc=0x0000021c07afdb34 relative=0x0000000000000034
Event: 0.499 Thread 0x0000021c7f889240 Uncommon trap: reason=unstable_if action=reinterpret pc=0x0000021c07afdb34 method=java.util.concurrent.locks.AbstractQueuedSynchronizer.signalNext(Ljava/util/concurrent/locks/AbstractQueuedSynchronizer$Node;)V @ 1 c2
Event: 0.499 Thread 0x0000021c7f889240 DEOPT PACKING pc=0x0000021c07afdb34 sp=0x00000086af4fdfb0
Event: 0.499 Thread 0x0000021c7f889240 DEOPT UNPACKING pc=0x0000021c07596da3 sp=0x00000086af4fdf40 mode 2

Classes loaded (20 events):
Event: 0.466 Loading class sun/util/resources/LocaleData$LocaleDataResourceBundleProvider done
Event: 0.466 Loading class sun/util/resources/LocaleData$CommonResourceBundleProvider done
Event: 0.466 Loading class java/util/ArrayList$SubList$1
Event: 0.466 Loading class java/util/ArrayList$SubList$1 done
Event: 0.467 Loading class sun/util/resources/Bundles$2
Event: 0.467 Loading class sun/util/resources/Bundles$2 done
Event: 0.468 Loading class java/lang/InstantiationException
Event: 0.468 Loading class java/lang/InstantiationException done
Event: 0.492 Loading class sun/nio/cs/UTF_16BE$Decoder
Event: 0.492 Loading class sun/nio/cs/UnicodeDecoder
Event: 0.492 Loading class sun/nio/cs/UnicodeDecoder done
Event: 0.492 Loading class sun/nio/cs/UTF_16BE$Decoder done
Event: 0.502 Loading class java/util/Timer
Event: 0.502 Loading class java/util/Timer done
Event: 0.502 Loading class java/util/TaskQueue
Event: 0.502 Loading class java/util/TaskQueue done
Event: 0.502 Loading class java/util/TimerThread
Event: 0.502 Loading class java/util/TimerThread done
Event: 0.502 Loading class java/util/Timer$ThreadReaper
Event: 0.502 Loading class java/util/Timer$ThreadReaper done

Classes unloaded (0 events):
No events

Classes redefined (0 events):
No events

Internal exceptions (19 events):
Event: 0.045 Thread 0x0000021c6e4a9000 Exception <a 'java/lang/NoSuchMethodError'{0x0000000089c429e8}: 'java.lang.Object java.lang.invoke.DirectMethodHandle$Holder.invokeStaticInit(java.lang.Object)'> (0x0000000089c429e8) 
thrown [s\src\hotspot\share\interpreter\linkResolver.cpp, line 774]
Event: 0.052 Thread 0x0000021c6e4a9000 Exception <a 'java/lang/NoSuchMethodError'{0x0000000089c59888}: 'void java.lang.invoke.DirectMethodHandle$Holder.invokeStatic(java.lang.Object, java.lang.Object, java.lang.Object, java.lang.Object)'> (0x0000000089c59888) 
thrown [s\src\hotspot\share\interpreter\linkResolver.cpp, line 774]
Event: 0.053 Thread 0x0000021c6e4a9000 Exception <a 'java/lang/NoSuchMethodError'{0x0000000089c5d9c8}: 'void java.lang.invoke.DirectMethodHandle$Holder.invokeSpecial(java.lang.Object, java.lang.Object, java.lang.Object, java.lang.Object, java.lang.Object)'> (0x0000000089c5d9c8) 
thrown [s\src\hotspot\share\interpreter\linkResolver.cpp, line 774]
Event: 0.057 Thread 0x0000021c6e4a9000 Exception <a 'java/lang/NoSuchMethodError'{0x0000000089b00d60}: 'java.lang.Object java.lang.invoke.Invokers$Holder.invokeExact_MT(java.lang.Object, java.lang.Object, java.lang.Object, java.lang.Object, java.lang.Object, java.lang.Object)'> (0x0000000089b00d60) 
thrown [s\src\hotspot\share\interpreter\linkResolver.cpp, line 774]
Event: 0.058 Thread 0x0000021c6e4a9000 Exception <a 'java/lang/NoSuchMethodError'{0x0000000089b067e0}: 'void java.lang.invoke.DirectMethodHandle$Holder.invokeStatic(java.lang.Object, java.lang.Object)'> (0x0000000089b067e0) 
thrown [s\src\hotspot\share\interpreter\linkResolver.cpp, line 774]
Event: 0.148 Thread 0x0000021c6e4a9000 Exception <a 'java/lang/NoSuchMethodError'{0x0000000089a29d58}: 'void java.lang.invoke.DirectMethodHandle$Holder.invokeSpecial(java.lang.Object, java.lang.Object, java.lang.Object)'> (0x0000000089a29d58) 
thrown [s\src\hotspot\share\interpreter\linkResolver.cpp, line 774]
Event: 0.154 Thread 0x0000021c6e4a9000 Exception <a 'java/lang/NoSuchMethodError'{0x0000000089a55508}: 'void java.lang.invoke.DirectMethodHandle$Holder.invokeStatic(java.lang.Object, java.lang.Object, java.lang.Object)'> (0x0000000089a55508) 
thrown [s\src\hotspot\share\interpreter\linkResolver.cpp, line 774]
Event: 0.208 Thread 0x0000021c6e4a9000 Exception <a 'java/lang/NoSuchMethodError'{0x0000000089a5dc58}: 'int java.lang.invoke.DirectMethodHandle$Holder.invokeStaticInit(java.lang.Object, java.lang.Object, java.lang.Object)'> (0x0000000089a5dc58) 
thrown [s\src\hotspot\share\interpreter\linkResolver.cpp, line 774]
Event: 0.223 Thread 0x0000021c6e4a9000 Exception <a 'java/lang/NoSuchMethodError'{0x0000000089aff930}: 'java.lang.Object java.lang.invoke.DirectMethodHandle$Holder.newInvokeSpecial(java.lang.Object, java.lang.Object, int, java.lang.Object)'> (0x0000000089aff930) 
thrown [s\src\hotspot\share\interpreter\linkResolver.cpp, line 774]
Event: 0.224 Thread 0x0000021c6e4a9000 Exception <a 'java/lang/NoSuchMethodError'{0x0000000089904780}: 'java.lang.Object java.lang.invoke.DirectMethodHandle$Holder.invokeSpecial(java.lang.Object, java.lang.Object, java.lang.Object, int, java.lang.Object)'> (0x0000000089904780) 
thrown [s\src\hotspot\share\interpreter\linkResolver.cpp, line 774]
Event: 0.353 Thread 0x0000021c7f889240 Exception <a 'java/lang/NoSuchMethodError'{0x0000000089992538}: 'void java.lang.invoke.DirectMethodHandle$Holder.invokeStaticInit(java.lang.Object)'> (0x0000000089992538) 
thrown [s\src\hotspot\share\interpreter\linkResolver.cpp, line 774]
Event: 0.356 Thread 0x0000021c6e4a9000 Exception <a 'java/lang/NoSuchMethodError'{0x0000000089919430}: 'java.lang.Object java.lang.invoke.DirectMethodHandle$Holder.newInvokeSpecial(java.lang.Object, java.lang.Object, java.lang.Object, java.lang.Object, java.lang.Object, java.lang.Object)'> (0x0000000089919430) 
thrown [s\src\hotspot\share\interpreter\linkResolver.cpp, line 774]
Event: 0.367 Thread 0x0000021c6e4a9000 Exception <a 'java/lang/NoSuchMethodError'{0x00000000899357f0}: 'java.lang.Object java.lang.invoke.DirectMethodHandle$Holder.newInvokeSpecial(java.lang.Object, java.lang.Object, java.lang.Object, java.lang.Object, java.lang.Object)'> (0x00000000899357f0) 
thrown [s\src\hotspot\share\interpreter\linkResolver.cpp, line 774]
Event: 0.383 Thread 0x0000021c7f889240 Exception <a 'java/lang/NoSuchMethodError'{0x00000000899d54a8}: 'java.lang.Object java.lang.invoke.DirectMethodHandle$Holder.invokeStaticInit(java.lang.Object, java.lang.Object, java.lang.Object, java.lang.Object)'> (0x00000000899d54a8) 
thrown [s\src\hotspot\share\interpreter\linkResolver.cpp, line 774]
Event: 0.383 Thread 0x0000021c7f889240 Exception <a 'java/lang/NullPointerException'{0x00000000899de060}> (0x00000000899de060) 
thrown [s\src\hotspot\share\interpreter\linkResolver.cpp, line 1374]
Event: 0.392 Thread 0x0000021c7f889240 Exception <a 'java/lang/ClassNotFoundException'{0x0000000089701fc0}: com/sun/glass/ui/win/themes> (0x0000000089701fc0) 
thrown [s\src\hotspot\share\prims\jni.cpp, line 536]
Event: 0.393 Thread 0x0000021c7f889240 Exception <a 'java/lang/ClassNotFoundException'{0x000000008970df98}: com/sun/glass/ui/win/themes_es> (0x000000008970df98) 
thrown [s\src\hotspot\share\prims\jni.cpp, line 536]
Event: 0.393 Thread 0x0000021c7f889240 Exception <a 'java/lang/ClassNotFoundException'{0x0000000089715a78}: com/sun/glass/ui/win/themes_es_CR> (0x0000000089715a78) 
thrown [s\src\hotspot\share\prims\jni.cpp, line 536]
Event: 0.448 Thread 0x0000021c7f889240 Exception <a 'java/lang/NoSuchMethodError'{0x00000000895b0fa8}: 'void java.lang.invoke.DirectMethodHandle$Holder.invokeStaticInit(java.lang.Object, java.lang.Object)'> (0x00000000895b0fa8) 
thrown [s\src\hotspot\share\interpreter\linkResolver.cpp, line 774]

VM Operations (6 events):
Event: 0.213 Executing VM operation: HandshakeAllThreads
Event: 0.213 Executing VM operation: HandshakeAllThreads done
Event: 0.411 Executing VM operation: HandshakeAllThreads
Event: 0.411 Executing VM operation: HandshakeAllThreads done
Event: 0.491 Executing VM operation: HandshakeAllThreads
Event: 0.491 Executing VM operation: HandshakeAllThreads done

Events (19 events):
Event: 0.014 Thread 0x0000021c6e4a9000 Thread added: 0x0000021c6e4a9000
Event: 0.025 Thread 0x0000021c7f3a7f20 Thread added: 0x0000021c7f3a7f20
Event: 0.025 Thread 0x0000021c7f3a8a50 Thread added: 0x0000021c7f3a8a50
Event: 0.025 Thread 0x0000021c7f3ac900 Thread added: 0x0000021c7f3ac900
Event: 0.025 Thread 0x0000021c7f3af340 Thread added: 0x0000021c7f3af340
Event: 0.025 Thread 0x0000021c7f3afc70 Thread added: 0x0000021c7f3afc70
Event: 0.025 Thread 0x0000021c7f3b05a0 Thread added: 0x0000021c7f3b05a0
Event: 0.025 Thread 0x0000021c7f3b6230 Thread added: 0x0000021c7f3b6230
Event: 0.025 Thread 0x0000021c7f3ba0a0 Thread added: 0x0000021c7f3ba0a0
Event: 0.025 Thread 0x0000021c7f3bda30 Thread added: 0x0000021c7f3bda30
Event: 0.035 Thread 0x0000021c7f63b120 Thread added: 0x0000021c7f63b120
Event: 0.038 Thread 0x0000021c7f647c90 Thread added: 0x0000021c7f647c90
Event: 0.155 Thread 0x0000021c7f853470 Thread added: 0x0000021c7f853470
Event: 0.221 Thread 0x0000021c7f8704a0 Thread added: 0x0000021c7f8704a0
Event: 0.224 Thread 0x0000021c7f889240 Thread added: 0x0000021c7f889240
Event: 0.367 Thread 0x0000021c1355d850 Thread added: 0x0000021c1355d850
Event: 0.375 Thread 0x0000021c1355dda0 Thread added: 0x0000021c1355dda0
Event: 0.442 Thread 0x0000021c13605f10 Thread added: 0x0000021c13605f10
Event: 0.502 Thread 0x0000021c1355d300 Thread added: 0x0000021c1355d300


Dynamic libraries:
0x00007ff64c070000 - 0x00007ff64c07e000 	C:\Program Files\Zulu\zulu-19\bin\java.exe
0x00007ffde4b30000 - 0x00007ffde4d44000 	C:\WINDOWS\SYSTEM32\ntdll.dll
0x00007ffde48b0000 - 0x00007ffde4973000 	C:\WINDOWS\System32\KERNEL32.DLL
0x00007ffde20b0000 - 0x00007ffde244c000 	C:\WINDOWS\System32\KERNELBASE.dll
0x00007ffde24c0000 - 0x00007ffde25d1000 	C:\WINDOWS\System32\ucrtbase.dll
0x00007ffdcbb80000 - 0x00007ffdcbb9b000 	C:\Program Files\Zulu\zulu-19\bin\VCRUNTIME140.dll
0x00007ffddb830000 - 0x00007ffddb847000 	C:\Program Files\Zulu\zulu-19\bin\jli.dll
0x00007ffde3c90000 - 0x00007ffde3e3d000 	C:\WINDOWS\System32\USER32.dll
0x00007ffdcd690000 - 0x00007ffdcd91e000 	C:\WINDOWS\WinSxS\amd64_microsoft.windows.common-controls_6595b64144ccf1df_6.0.22621.608_none_a9444ca7c10bb01d\COMCTL32.dll
0x00007ffde2680000 - 0x00007ffde26a6000 	C:\WINDOWS\System32\win32u.dll
0x00007ffde4a40000 - 0x00007ffde4ae7000 	C:\WINDOWS\System32\msvcrt.dll
0x00007ffde2e30000 - 0x00007ffde2e59000 	C:\WINDOWS\System32\GDI32.dll
0x00007ffde2820000 - 0x00007ffde2933000 	C:\WINDOWS\System32\gdi32full.dll
0x00007ffde25e0000 - 0x00007ffde267a000 	C:\WINDOWS\System32\msvcp_win.dll
0x00007ffde3bf0000 - 0x00007ffde3c21000 	C:\WINDOWS\System32\IMM32.DLL
0x00007ffddbcc0000 - 0x00007ffddbccc000 	C:\Program Files\Zulu\zulu-19\bin\vcruntime140_1.dll
0x00007ffdbae50000 - 0x00007ffdbaedd000 	C:\Program Files\Zulu\zulu-19\bin\msvcp140.dll
0x00007ffd8fd20000 - 0x00007ffd90a27000 	C:\Program Files\Zulu\zulu-19\bin\server\jvm.dll
0x00007ffde2e90000 - 0x00007ffde2f3e000 	C:\WINDOWS\System32\ADVAPI32.dll
0x00007ffde2940000 - 0x00007ffde29e4000 	C:\WINDOWS\System32\sechost.dll
0x00007ffde2f60000 - 0x00007ffde3075000 	C:\WINDOWS\System32\RPCRT4.dll
0x00007ffddaab0000 - 0x00007ffddaae4000 	C:\WINDOWS\SYSTEM32\WINMM.dll
0x00007ffddc170000 - 0x00007ffddc179000 	C:\WINDOWS\SYSTEM32\WSOCK32.dll
0x00007ffdda430000 - 0x00007ffdda43a000 	C:\WINDOWS\SYSTEM32\VERSION.dll
0x00007ffde29f0000 - 0x00007ffde2a61000 	C:\WINDOWS\System32\WS2_32.dll
0x00007ffde10b0000 - 0x00007ffde10c8000 	C:\WINDOWS\SYSTEM32\kernel.appcore.dll
0x00007ffdcccf0000 - 0x00007ffdcccfa000 	C:\Program Files\Zulu\zulu-19\bin\jimage.dll
0x00007ffddf750000 - 0x00007ffddf97e000 	C:\WINDOWS\SYSTEM32\DBGHELP.DLL
0x00007ffde3f40000 - 0x00007ffde42c9000 	C:\WINDOWS\System32\combase.dll
0x00007ffde3080000 - 0x00007ffde3157000 	C:\WINDOWS\System32\OLEAUT32.dll
0x00007ffdc6fc0000 - 0x00007ffdc6ff2000 	C:\WINDOWS\SYSTEM32\dbgcore.DLL
0x00007ffde2030000 - 0x00007ffde20ab000 	C:\WINDOWS\System32\bcryptPrimitives.dll
0x00007ffdc7280000 - 0x00007ffdc72a6000 	C:\Program Files\Zulu\zulu-19\bin\java.dll
0x00007ffdb2330000 - 0x00007ffdb2407000 	C:\Program Files\Zulu\zulu-19\bin\jsvml.dll
0x00007ffde3380000 - 0x00007ffde3b70000 	C:\WINDOWS\System32\SHELL32.dll
0x00007ffddff90000 - 0x00007ffde085e000 	C:\WINDOWS\SYSTEM32\windows.storage.dll
0x00007ffddfce0000 - 0x00007ffddfe1e000 	C:\WINDOWS\SYSTEM32\wintypes.dll
0x00007ffde2d30000 - 0x00007ffde2e21000 	C:\WINDOWS\System32\SHCORE.dll
0x00007ffde3c30000 - 0x00007ffde3c8e000 	C:\WINDOWS\System32\shlwapi.dll
0x00007ffde1ea0000 - 0x00007ffde1ec1000 	C:\WINDOWS\SYSTEM32\profapi.dll
0x0000021c6e460000 - 0x0000021c6e464000 	C:\Program Files\Zulu\zulu-19\bin\api-ms-win-core-console-l1-1-0.dll
0x0000021c7f910000 - 0x0000021c7f914000 	C:\Program Files\Zulu\zulu-19\bin\api-ms-win-core-console-l1-2-0.dll
0x0000021c7f920000 - 0x0000021c7f924000 	C:\Program Files\Zulu\zulu-19\bin\api-ms-win-core-datetime-l1-1-0.dll
0x0000021c7f930000 - 0x0000021c7f934000 	C:\Program Files\Zulu\zulu-19\bin\api-ms-win-core-debug-l1-1-0.dll
0x0000021c7f940000 - 0x0000021c7f944000 	C:\Program Files\Zulu\zulu-19\bin\api-ms-win-core-errorhandling-l1-1-0.dll
0x0000021c7f950000 - 0x0000021c7f955000 	C:\Program Files\Zulu\zulu-19\bin\api-ms-win-core-file-l1-1-0.dll
0x0000021c7f960000 - 0x0000021c7f964000 	C:\Program Files\Zulu\zulu-19\bin\api-ms-win-core-file-l1-2-0.dll
0x0000021c7f970000 - 0x0000021c7f974000 	C:\Program Files\Zulu\zulu-19\bin\api-ms-win-core-file-l2-1-0.dll
0x0000021c7f980000 - 0x0000021c7f984000 	C:\Program Files\Zulu\zulu-19\bin\api-ms-win-core-handle-l1-1-0.dll
0x0000021c7f990000 - 0x0000021c7f994000 	C:\Program Files\Zulu\zulu-19\bin\api-ms-win-core-heap-l1-1-0.dll
0x0000021c7f9a0000 - 0x0000021c7f9a4000 	C:\Program Files\Zulu\zulu-19\bin\api-ms-win-core-interlocked-l1-1-0.dll
0x0000021c7f9b0000 - 0x0000021c7f9b4000 	C:\Program Files\Zulu\zulu-19\bin\api-ms-win-core-libraryloader-l1-1-0.dll
0x0000021c7f9c0000 - 0x0000021c7f9c4000 	C:\Program Files\Zulu\zulu-19\bin\api-ms-win-core-localization-l1-2-0.dll
0x0000021c7f9d0000 - 0x0000021c7f9d4000 	C:\Program Files\Zulu\zulu-19\bin\api-ms-win-core-memory-l1-1-0.dll
0x0000021c7f9e0000 - 0x0000021c7f9e4000 	C:\Program Files\Zulu\zulu-19\bin\api-ms-win-core-namedpipe-l1-1-0.dll
0x0000021c7f9f0000 - 0x0000021c7f9f4000 	C:\Program Files\Zulu\zulu-19\bin\api-ms-win-core-processenvironment-l1-1-0.dll
0x0000021c7fa00000 - 0x0000021c7fa04000 	C:\Program Files\Zulu\zulu-19\bin\api-ms-win-core-processthreads-l1-1-0.dll
0x0000021c7fa10000 - 0x0000021c7fa14000 	C:\Program Files\Zulu\zulu-19\bin\api-ms-win-core-processthreads-l1-1-1.dll
0x0000021c7fa20000 - 0x0000021c7fa24000 	C:\Program Files\Zulu\zulu-19\bin\api-ms-win-core-profile-l1-1-0.dll
0x0000021c7fa30000 - 0x0000021c7fa34000 	C:\Program Files\Zulu\zulu-19\bin\api-ms-win-core-rtlsupport-l1-1-0.dll
0x0000021c7fa40000 - 0x0000021c7fa44000 	C:\Program Files\Zulu\zulu-19\bin\api-ms-win-core-string-l1-1-0.dll
0x0000021c7fa50000 - 0x0000021c7fa54000 	C:\Program Files\Zulu\zulu-19\bin\api-ms-win-core-synch-l1-1-0.dll
0x0000021c7fa60000 - 0x0000021c7fa64000 	C:\Program Files\Zulu\zulu-19\bin\api-ms-win-core-synch-l1-2-0.dll
0x0000021c7fa70000 - 0x0000021c7fa74000 	C:\Program Files\Zulu\zulu-19\bin\api-ms-win-core-sysinfo-l1-1-0.dll
0x0000021c7fa80000 - 0x0000021c7fa84000 	C:\Program Files\Zulu\zulu-19\bin\api-ms-win-core-timezone-l1-1-0.dll
0x0000021c7fa90000 - 0x0000021c7fa94000 	C:\Program Files\Zulu\zulu-19\bin\api-ms-win-core-util-l1-1-0.dll
0x0000021c7faa0000 - 0x0000021c7faa4000 	C:\Program Files\Zulu\zulu-19\bin\api-ms-win-crt-conio-l1-1-0.dll
0x0000021c7fab0000 - 0x0000021c7fab5000 	C:\Program Files\Zulu\zulu-19\bin\api-ms-win-crt-convert-l1-1-0.dll
0x0000021c7fac0000 - 0x0000021c7fac4000 	C:\Program Files\Zulu\zulu-19\bin\api-ms-win-crt-environment-l1-1-0.dll
0x0000021c7fad0000 - 0x0000021c7fad4000 	C:\Program Files\Zulu\zulu-19\bin\api-ms-win-crt-filesystem-l1-1-0.dll
0x0000021c7fae0000 - 0x0000021c7fae4000 	C:\Program Files\Zulu\zulu-19\bin\api-ms-win-crt-heap-l1-1-0.dll
0x0000021c7faf0000 - 0x0000021c7faf4000 	C:\Program Files\Zulu\zulu-19\bin\api-ms-win-crt-locale-l1-1-0.dll
0x0000021c7fb00000 - 0x0000021c7fb06000 	C:\Program Files\Zulu\zulu-19\bin\api-ms-win-crt-math-l1-1-0.dll
0x0000021c7fb10000 - 0x0000021c7fb16000 	C:\Program Files\Zulu\zulu-19\bin\api-ms-win-crt-multibyte-l1-1-0.dll
0x0000021c7fb20000 - 0x0000021c7fb31000 	C:\Program Files\Zulu\zulu-19\bin\api-ms-win-crt-private-l1-1-0.dll
0x0000021c7fb40000 - 0x0000021c7fb44000 	C:\Program Files\Zulu\zulu-19\bin\api-ms-win-crt-process-l1-1-0.dll
0x0000021c7fb50000 - 0x0000021c7fb55000 	C:\Program Files\Zulu\zulu-19\bin\api-ms-win-crt-runtime-l1-1-0.dll
0x0000021c7fb60000 - 0x0000021c7fb65000 	C:\Program Files\Zulu\zulu-19\bin\api-ms-win-crt-stdio-l1-1-0.dll
0x0000021c7fb70000 - 0x0000021c7fb75000 	C:\Program Files\Zulu\zulu-19\bin\api-ms-win-crt-string-l1-1-0.dll
0x0000021c7fb80000 - 0x0000021c7fb84000 	C:\Program Files\Zulu\zulu-19\bin\api-ms-win-crt-time-l1-1-0.dll
0x0000021c7fb90000 - 0x0000021c7fb94000 	C:\Program Files\Zulu\zulu-19\bin\api-ms-win-crt-utility-l1-1-0.dll
0x00007ffd9f720000 - 0x00007ffd9f830000 	C:\Program Files\Zulu\zulu-19\bin\ucrtbase.dll
0x00007ffdcc970000 - 0x00007ffdcc979000 	C:\Program Files\Zulu\zulu-19\bin\msvcp140_1.dll
0x00007ffdbd980000 - 0x00007ffdbd9af000 	C:\Program Files\Zulu\zulu-19\bin\msvcp140_2.dll
0x00007ffdbd900000 - 0x00007ffdbd92c000 	C:\Program Files\Zulu\zulu-19\bin\prism_d3d.dll
0x00007ffdd6bd0000 - 0x00007ffdd6d79000 	C:\WINDOWS\system32\d3d9.dll
0x00007ffddf370000 - 0x00007ffddf39b000 	C:\WINDOWS\SYSTEM32\dwmapi.dll
0x00007ffddf3e0000 - 0x00007ffddf416000 	C:\WINDOWS\SYSTEM32\dxcore.dll
0x00007ffddf0e0000 - 0x00007ffddf18b000 	C:\WINDOWS\system32\uxtheme.dll
0x00007ffdd90b0000 - 0x00007ffdd90f9000 	C:\WINDOWS\SYSTEM32\directxdatabasehelper.dll
0x00007ffde1c10000 - 0x00007ffde1c22000 	C:\WINDOWS\SYSTEM32\msasn1.dll
0x00007ffdda3f0000 - 0x00007ffdda422000 	C:\WINDOWS\SYSTEM32\cryptnet.dll
0x00007ffde26b0000 - 0x00007ffde2816000 	C:\WINDOWS\System32\CRYPT32.dll
0x00007ffde17a0000 - 0x00007ffde17ac000 	C:\WINDOWS\SYSTEM32\cryptbase.dll
0x00007ffde2450000 - 0x00007ffde24bb000 	C:\WINDOWS\System32\WINTRUST.DLL
0x00007ffde4a10000 - 0x00007ffde4a2f000 	C:\WINDOWS\System32\imagehlp.dll
0x00007ffde1780000 - 0x00007ffde179b000 	C:\WINDOWS\SYSTEM32\CRYPTSP.dll
0x00007ffde1020000 - 0x00007ffde1055000 	C:\WINDOWS\system32\rsaenh.dll
0x00007ffde1920000 - 0x00007ffde1948000 	C:\WINDOWS\SYSTEM32\bcrypt.dll
0x00007ffdbae00000 - 0x00007ffdbae42000 	C:\Program Files\Zulu\zulu-19\bin\glass.dll
0x00007ffde3e40000 - 0x00007ffde3f37000 	C:\WINDOWS\System32\COMDLG32.dll
0x00007ffde2a70000 - 0x00007ffde2c0c000 	C:\WINDOWS\System32\ole32.dll
0x00007ffde2c10000 - 0x00007ffde2d2e000 	C:\WINDOWS\System32\MSCTF.dll
0x00007ffdda270000 - 0x00007ffdda3c8000 	C:\WINDOWS\SYSTEM32\drvstore.dll
0x00007ffde1c30000 - 0x00007ffde1c5c000 	C:\WINDOWS\SYSTEM32\devobj.dll
0x00007ffde1c60000 - 0x00007ffde1cae000 	C:\WINDOWS\SYSTEM32\CFGMGR32.dll
0x00007ffde1830000 - 0x00007ffde1878000 	C:\WINDOWS\SYSTEM32\wldp.dll
0x00007ffda6280000 - 0x00007ffda6537000 	C:\WINDOWS\system32\nvspcap64.dll
0x00007ffde10d0000 - 0x00007ffde1104000 	C:\WINDOWS\SYSTEM32\ntmarta.dll
0x00007ffde15b0000 - 0x00007ffde15d6000 	C:\WINDOWS\SYSTEM32\gpapi.dll
0x00007ffdcbb60000 - 0x00007ffdcbb74000 	C:\Program Files\Zulu\zulu-19\bin\javafx_font.dll
0x00007ffddd1d0000 - 0x00007ffddd437000 	C:\WINDOWS\SYSTEM32\dwrite.dll
0x00007ffdc8c30000 - 0x00007ffdc8c48000 	C:\Program Files\Zulu\zulu-19\bin\zip.dll

dbghelp: loaded successfully - version: 4.0.5 - missing functions: none
symbol engine: initialized successfully - sym options: 0x614 - pdb path: .;C:\Program Files\Zulu\zulu-19\bin;C:\WINDOWS\SYSTEM32;C:\WINDOWS\WinSxS\amd64_microsoft.windows.common-controls_6595b64144ccf1df_6.0.22621.608_none_a9444ca7c10bb01d;C:\Program Files\Zulu\zulu-19\bin\server

VM Arguments:
jvm_args: -Dfile.encoding=UTF-8 
java_command: BuscaminasFX
java_class_path (initial): C:\Users\ulise\Desktop\TEC\Algoritmos y estructura de datos I\BuscaMinas\ventana busca minas\build\classes
Launcher Type: SUN_STANDARD

[Global flags]
     intx CICompilerCount                          = 4                                         {product} {ergonomic}
     uint ConcGCThreads                            = 3                                         {product} {ergonomic}
     uint G1ConcRefinementThreads                  = 10                                        {product} {ergonomic}
   size_t G1HeapRegionSize                         = 1048576                                   {product} {ergonomic}
    uintx GCDrainStackTargetSize                   = 64                                        {product} {ergonomic}
   size_t InitialHeapSize                          = 132120576                                 {product} {ergonomic}
   size_t MarkStackSize                            = 4194304                                   {product} {ergonomic}
   size_t MaxHeapSize                              = 2113929216                                {product} {ergonomic}
   size_t MaxNewSize                               = 1267728384                                {product} {ergonomic}
   size_t MinHeapDeltaBytes                        = 1048576                                   {product} {ergonomic}
   size_t MinHeapSize                              = 8388608                                   {product} {ergonomic}
    uintx NonNMethodCodeHeapSize                   = 5839372                                {pd product} {ergonomic}
    uintx NonProfiledCodeHeapSize                  = 122909434                              {pd product} {ergonomic}
    uintx ProfiledCodeHeapSize                     = 122909434                              {pd product} {ergonomic}
    uintx ReservedCodeCacheSize                    = 251658240                              {pd product} {ergonomic}
     bool SegmentedCodeCache                       = true                                      {product} {ergonomic}
   size_t SoftMaxHeapSize                          = 2113929216                             {manageable} {ergonomic}
     bool UseCompressedClassPointers               = true                           {product lp64_product} {ergonomic}
     bool UseCompressedOops                        = true                           {product lp64_product} {ergonomic}
     bool UseG1GC                                  = true                                      {product} {ergonomic}
     bool UseLargePagesIndividualAllocation        = false                                  {pd product} {ergonomic}

Logging:
Log output configuration:
 #0: stdout all=warning uptime,level,tags foldmultilines=false
 #1: stderr all=off uptime,level,tags foldmultilines=false

Environment Variables:
PATH=C:\Program Files\Zulu\zulu-19\bin\;C:\Program Files\Common Files\Oracle\Java\javapath;C:\Program Files (x86)\Common Files\Oracle\Java\javapath;C:\Windows\system32;C:\Windows;C:\Windows\System32\Wbem;C:\Windows\System32\WindowsPowerShell\v1.0\;C:\Windows\System32\OpenSSH\;C:\Program Files (x86)\NVIDIA Corporation\PhysX\Common;C:\Program Files\NVIDIA Corporation\NVIDIA NvDLISR;C:\WINDOWS\system32;C:\WINDOWS;C:\WINDOWS\System32\Wbem;C:\WINDOWS\System32\WindowsPowerShell\v1.0\;C:\WINDOWS\System32\OpenSSH\;C:\Program Files\nodejs\;C:\Program Files\Git\cmd;C:\Users\ulise\AppData\Local\Microsoft\WindowsApps;C:\Users\ulise\AppData\Local\Programs\Microsoft VS Code\bin;C:\Users\ulise\AppData\Roaming\npm;C:\Users\ulise\AppData\Local\GitHubDesktop\bin
USERNAME=ulise
OS=Windows_NT
PROCESSOR_IDENTIFIER=Intel64 Family 6 Model 165 Stepping 2, GenuineIntel
TMP=C:\Users\ulise\AppData\Local\Temp
TEMP=C:\Users\ulise\AppData\Local\Temp



---------------  S Y S T E M  ---------------

OS:
 Windows 11 , 64 bit Build 22621 (10.0.22621.1344)
OS uptime: 1 days 2:07 hours

CPU: total 12 (initial active 12) (6 cores per cpu, 2 threads per core) family 6 model 165 stepping 2 microcode 0xe2, cx8, cmov, fxsr, ht, mmx, 3dnowpref, sse, sse2, sse3, ssse3, sse4.1, sse4.2, popcnt, lzcnt, tsc, tscinvbit, avx, avx2, aes, erms, clmul, bmi1, bmi2, adx, fma, vzeroupper, clflush, clflushopt, rdtscp

Memory: 4k page, system-wide physical 8059M (1178M free)
TotalPageFile size 12155M (AvailPageFile size 5M)
current process WorkingSet (physical memory assigned to process): 72M, peak: 72M
current process commit charge ("private bytes"): 237M, peak: 238M

vm_info: OpenJDK 64-Bit Server VM (19.0.2+7) for windows-amd64 JRE (19.0.2+7) (Zulu19.32+15-CA), built on Dec 28 2022 19:25:40 by "zulu_re" with MS VC++ 16.10 / 16.11 (VS2019)

END.
