#
# There is insufficient memory for the Java Runtime Environment to continue.
# Native memory allocation (mmap) failed to map 93323264 bytes for G1 virtual space
# Possible reasons:
#   The system is out of physical RAM or swap space
#   The process is running with CompressedOops enabled, and the Java Heap may be blocking the growth of the native heap
# Possible solutions:
#   Reduce memory load on the system
#   Increase physical memory or swap space
#   Check if swap backing store is full
#   Decrease Java heap size (-Xmx/-Xms)
#   Decrease number of Java threads
#   Decrease Java thread stack sizes (-Xss)
#   Set larger code cache with -XX:ReservedCodeCacheSize=
#   JVM is running with Unscaled Compressed Oops mode in which the Java heap is
#     placed in the first 4GB address space. The Java Heap base address is the
#     maximum limit for the native heap growth. Please use -XX:HeapBaseMinAddress
#     to set the Java Heap base and to place the Java Heap above 4GB virtual address.
# This output file may be truncated or incomplete.
#
#  Out of Memory Error (os_windows.cpp:3536), pid=13428, tid=21560
#
# JRE version: OpenJDK Runtime Environment Zulu19.32+15-CA (19.0.2+7) (build 19.0.2+7)
# Java VM: OpenJDK 64-Bit Server VM Zulu19.32+15-CA (19.0.2+7, mixed mode, sharing, tiered, compressed oops, compressed class ptrs, g1 gc, windows-amd64)
# No core dump will be written. Minidumps are not enabled by default on client versions of Windows
#

---------------  S U M M A R Y ------------

Command Line: -Dfile.encoding=UTF-8 GameMenuDemo

Host: Intel(R) Core(TM) i7-10750H CPU @ 2.60GHz, 12 cores, 7G,  Windows 11 , 64 bit Build 22621 (10.0.22621.1485)
Time: Mon Apr 10 15:29:10 2023 Hora estándar, América Central elapsed time: 5.073196 seconds (0d 0h 0m 5s)

---------------  T H R E A D  ---------------

Current thread (0x00000155eede0360):  VMThread "VM Thread" [stack: 0x00000021bea00000,0x00000021beb00000] [id=21560]

Stack: [0x00000021bea00000,0x00000021beb00000]
Native frames: (J=compiled Java code, j=interpreted, Vv=VM code, C=native code)
V  [jvm.dll+0x6eab2a]
V  [jvm.dll+0x8a4a20]
V  [jvm.dll+0x8a640e]
V  [jvm.dll+0x8a6ac3]
V  [jvm.dll+0x27c1ef]
V  [jvm.dll+0x6e7929]
V  [jvm.dll+0x6dc3da]
V  [jvm.dll+0x3528ab]
V  [jvm.dll+0x35a266]
V  [jvm.dll+0x3b0a2e]
V  [jvm.dll+0x3b0c5f]
V  [jvm.dll+0x327e9a]
V  [jvm.dll+0x327f47]
V  [jvm.dll+0x370442]
V  [jvm.dll+0x36e8e4]
V  [jvm.dll+0x327660]
V  [jvm.dll+0x36de7b]
V  [jvm.dll+0x8abc13]
V  [jvm.dll+0x8ac9d9]
V  [jvm.dll+0x8acf0d]
V  [jvm.dll+0x8ad39b]
V  [jvm.dll+0x8ad457]
V  [jvm.dll+0x84ec7a]
V  [jvm.dll+0x6e981b]
C  [ucrtbase.dll+0x29363]
C  [KERNEL32.DLL+0x1269d]
C  [ntdll.dll+0x5a9f8]

VM_Operation (0x00000021bf7fd780): G1CollectForAllocation, mode: safepoint, requested by thread 0x00000155f3398050


---------------  P R O C E S S  ---------------

Threads class SMR info:
_java_thread_list=0x00000155fdb29cf0, length=24, elements={
0x00000155ccef6d10, 0x00000155eedf8c30, 0x00000155eedf9900, 0x00000155eee03880,
0x00000155eee041b0, 0x00000155eee04c80, 0x00000155eee05750, 0x00000155eee12980,
0x00000155eee340c0, 0x00000155eee36650, 0x00000155f31285e0, 0x00000155f3137160,
0x00000155f3398050, 0x00000155f312bb10, 0x00000155f312cbf0, 0x00000155f3cc7570,
0x00000155f3cc8ab0, 0x00000155f3cc9000, 0x00000155fd9da480, 0x00000155f3cc9aa0,
0x00000155f3cca540, 0x00000155f3ccaa90, 0x00000155fdac5a30, 0x00000155f3cc7ac0
}

Java Threads: ( => current thread )
  0x00000155ccef6d10 JavaThread "main" [_thread_blocked, id=10084, stack(0x00000021be400000,0x00000021be500000)]
  0x00000155eedf8c30 JavaThread "Reference Handler" daemon [_thread_blocked, id=19192, stack(0x00000021beb00000,0x00000021bec00000)]
  0x00000155eedf9900 JavaThread "Finalizer" daemon [_thread_blocked, id=20136, stack(0x00000021bec00000,0x00000021bed00000)]
  0x00000155eee03880 JavaThread "Signal Dispatcher" daemon [_thread_blocked, id=22020, stack(0x00000021bed00000,0x00000021bee00000)]
  0x00000155eee041b0 JavaThread "Attach Listener" daemon [_thread_blocked, id=14660, stack(0x00000021bee00000,0x00000021bef00000)]
  0x00000155eee04c80 JavaThread "Service Thread" daemon [_thread_blocked, id=19784, stack(0x00000021bef00000,0x00000021bf000000)]
  0x00000155eee05750 JavaThread "Monitor Deflation Thread" daemon [_thread_blocked, id=1400, stack(0x00000021bf000000,0x00000021bf100000)]
  0x00000155eee12980 JavaThread "C2 CompilerThread0" daemon [_thread_blocked, id=20160, stack(0x00000021bf100000,0x00000021bf200000)]
  0x00000155eee340c0 JavaThread "C1 CompilerThread0" daemon [_thread_blocked, id=19416, stack(0x00000021bf200000,0x00000021bf300000)]
  0x00000155eee36650 JavaThread "Sweeper thread" daemon [_thread_blocked, id=14972, stack(0x00000021bf300000,0x00000021bf400000)]
  0x00000155f31285e0 JavaThread "Notification Thread" daemon [_thread_blocked, id=20012, stack(0x00000021bf400000,0x00000021bf500000)]
  0x00000155f3137160 JavaThread "Common-Cleaner" daemon [_thread_blocked, id=20328, stack(0x00000021bf600000,0x00000021bf700000)]
  0x00000155f3398050 JavaThread "QuantumRenderer-0" daemon [_thread_blocked, id=7796, stack(0x00000021bf700000,0x00000021bf800000)]
  0x00000155f312bb10 JavaThread "InvokeLaterDispatcher" daemon [_thread_blocked, id=20108, stack(0x00000021bf900000,0x00000021bfa00000)]
  0x00000155f312cbf0 JavaThread "JavaFX Application Thread" [_thread_blocked, id=18748, stack(0x00000021bfa00000,0x00000021bfb00000)]
  0x00000155f3cc7570 JavaThread "JavaFX-Launcher" [_thread_blocked, id=21232, stack(0x00000021bfd00000,0x00000021bfe00000)]
  0x00000155f3cc8ab0 JavaThread "Thread-2" daemon [_thread_blocked, id=18224, stack(0x00000021bfc00000,0x00000021bfd00000)]
  0x00000155f3cc9000 JavaThread "Prism Font Disposer" daemon [_thread_blocked, id=23840, stack(0x00000021bfe00000,0x00000021bff00000)]
  0x00000155fd9da480 JavaThread "C2 CompilerThread1" daemon [_thread_blocked, id=10260, stack(0x00000021c0620000,0x00000021c0720000)]
  0x00000155f3cc9aa0 JavaThread "Thread-7" daemon [_thread_blocked, id=22404, stack(0x00000021c0720000,0x00000021c0820000)]
  0x00000155f3cca540 JavaThread "Thread-8" daemon [_thread_blocked, id=14984, stack(0x00000021c0820000,0x00000021c0920000)]
  0x00000155f3ccaa90 JavaThread "Timer-0" [_thread_blocked, id=22092, stack(0x00000021c0920000,0x00000021c0a20000)]
  0x00000155fdac5a30 JavaThread "C2 CompilerThread2" daemon [_thread_blocked, id=7376, stack(0x00000021c1320000,0x00000021c1420000)]
  0x00000155f3cc7ac0 JavaThread "Cleaner-0" daemon [_thread_blocked, id=12436, stack(0x00000021c1420000,0x00000021c1520000)]

Other Threads:
=>0x00000155eede0360 VMThread "VM Thread" [stack: 0x00000021bea00000,0x00000021beb00000] [id=21560]
  0x00000155f3128f30 WatcherThread "VM Periodic Task Thread" [stack: 0x00000021bf500000,0x00000021bf600000] [id=7944]
  0x00000155ccf578f0 WorkerThread "GC Thread#0" [stack: 0x00000021be500000,0x00000021be600000] [id=18584]
  0x00000155fdaee410 WorkerThread "GC Thread#1" [stack: 0x00000021c0a20000,0x00000021c0b20000] [id=17976]
  0x00000155fdaedba0 WorkerThread "GC Thread#2" [stack: 0x00000021c0b20000,0x00000021c0c20000] [id=3808]
  0x00000155fdaed600 WorkerThread "GC Thread#3" [stack: 0x00000021c0c20000,0x00000021c0d20000] [id=19232]
  0x00000155fdaecd90 WorkerThread "GC Thread#4" [stack: 0x00000021c0d20000,0x00000021c0e20000] [id=23508]
  0x00000155fdaee6e0 WorkerThread "GC Thread#5" [stack: 0x00000021c0e20000,0x00000021c0f20000] [id=17920]
  0x00000155fdaede70 WorkerThread "GC Thread#6" [stack: 0x00000021c0f20000,0x00000021c1020000] [id=5800]
  0x00000155fdaeec80 WorkerThread "GC Thread#7" [stack: 0x00000021c1020000,0x00000021c1120000] [id=15456]
  0x00000155fdaed060 WorkerThread "GC Thread#8" [stack: 0x00000021c1120000,0x00000021c1220000] [id=10092]
  0x00000155fdaed330 WorkerThread "GC Thread#9" [stack: 0x00000021c1220000,0x00000021c1320000] [id=22300]
  0x00000155ccf68890 ConcurrentGCThread "G1 Main Marker" [stack: 0x00000021be600000,0x00000021be700000] [id=23240]
  0x00000155ccf69a60 WorkerThread "G1 Conc#0" [stack: 0x00000021be700000,0x00000021be800000] [id=15560]
  0x00000155ccfbe710 ConcurrentGCThread "G1 Refine#0" [stack: 0x00000021be800000,0x00000021be900000] [id=21080]
  0x00000155eec9d730 ConcurrentGCThread "G1 Service" [stack: 0x00000021be900000,0x00000021bea00000] [id=20052]

Threads with active compile tasks:
C1 CompilerThread0     5085 2659 %     3       com.sun.marlin.Renderer::_endRendering @ 1910 (2473 bytes)
C2 CompilerThread1     5085 2658       4       com.sun.prism.impl.ps.BaseShaderContext::setRenderTarget (278 bytes)
C2 CompilerThread2     5085 2657       4       com.sun.prism.impl.BaseContext::setRenderTarget (47 bytes)

VM state: at safepoint (normal execution)

VM Mutex/Monitor currently owned by a thread:  ([mutex/lock_event])
[0x00000155ccef2690] Threads_lock - owner thread: 0x00000155eede0360
[0x00000155ccef12e0] Heap_lock - owner thread: 0x00000155f3398050

Heap address: 0x0000000081600000, size: 2026 MB, Compressed Oops mode: 32-bit

CDS archive(s) mapped at: [0x0000000800000000-0x0000000800c40000-0x0000000800c40000), size 12845056, SharedBaseAddress: 0x0000000800000000, ArchiveRelocationMode: 0.
Compressed class space mapped at: 0x0000000801000000-0x0000000841000000, reserved size: 1073741824
Narrow klass base: 0x0000000800000000, Narrow klass shift: 0, Narrow klass range: 0x100000000

GC Precious Log:
 CardTable entry size: 512
 Card Set container configuration: InlinePtr #cards 5 size 8 Array Of Cards #cards 12 size 40 Howl #buckets 4 coarsen threshold 1843 Howl Bitmap #cards 512 size 80 coarsen threshold 460 Card regions per heap region 1 cards per card region 2048
 CPUs: 12 total, 12 available
 Memory: 8099M
 Large Page Support: Disabled
 NUMA Support: Disabled
 Compressed Oops: Enabled (32-bit)
 Heap Region Size: 1M
 Heap Min Capacity: 8M
 Heap Initial Capacity: 128M
 Heap Max Capacity: 2026M
 Pre-touch: Disabled
 Parallel Workers: 10
 Concurrent Workers: 3
 Concurrent Refinement Workers: 10
 Periodic GC: Disabled

Heap:
 garbage-first heap   total 262144K, used 19857K [0x0000000081600000, 0x0000000100000000)
  region size 1024K, 4 young (4096K), 4 survivors (4096K)
 Metaspace       used 13549K, committed 13760K, reserved 1114112K
  class space    used 1829K, committed 1920K, reserved 1048576K

Heap Regions: E=young(eden), S=young(survivor), O=old, HS=humongous(starts), HC=humongous(continues), CS=collection set, F=free, OA=open archive, CA=closed archive, TAMS=top-at-mark-start (previous, next)
|   0|0x0000000081600000, 0x0000000081700000, 0x0000000081700000|100%|HS|  |TAMS 0x0000000081600000, 0x0000000081600000| Complete 
|   1|0x0000000081700000, 0x0000000081800000, 0x0000000081800000|100%|HC|  |TAMS 0x0000000081700000, 0x0000000081700000| Complete 
|   2|0x0000000081800000, 0x0000000081900000, 0x0000000081900000|100%|HC|  |TAMS 0x0000000081800000, 0x0000000081800000| Complete 
|   3|0x0000000081900000, 0x0000000081a00000, 0x0000000081a00000|100%|HC|  |TAMS 0x0000000081900000, 0x0000000081900000| Complete 
|   4|0x0000000081a00000, 0x0000000081b00000, 0x0000000081b00000|100%|HC|  |TAMS 0x0000000081a00000, 0x0000000081a00000| Complete 
|   5|0x0000000081b00000, 0x0000000081c00000, 0x0000000081c00000|100%|HC|  |TAMS 0x0000000081b00000, 0x0000000081b00000| Complete 
|   6|0x0000000081c00000, 0x0000000081d00000, 0x0000000081d00000|100%|HC|  |TAMS 0x0000000081c00000, 0x0000000081c00000| Complete 
|   7|0x0000000081d00000, 0x0000000081e00000, 0x0000000081e00000|100%|HC|  |TAMS 0x0000000081d00000, 0x0000000081d00000| Complete 
|   8|0x0000000081e00000, 0x0000000081f00000, 0x0000000081f00000|100%| O|  |TAMS 0x0000000081e00000, 0x0000000081e00000| Untracked 
|   9|0x0000000081f00000, 0x0000000082000000, 0x0000000082000000|100%| O|  |TAMS 0x0000000081f00000, 0x0000000081f00000| Untracked 
|  10|0x0000000082000000, 0x0000000082100000, 0x0000000082100000|100%| O|  |TAMS 0x0000000082000000, 0x0000000082000000| Untracked 
|  11|0x0000000082100000, 0x0000000082200000, 0x0000000082200000|100%| O|  |TAMS 0x0000000082100000, 0x0000000082100000| Untracked 
|  12|0x0000000082200000, 0x0000000082300000, 0x0000000082300000|100%| O|  |TAMS 0x0000000082200000, 0x0000000082200000| Untracked 
|  13|0x0000000082300000, 0x000000008232d800, 0x0000000082400000| 17%| O|  |TAMS 0x0000000082300000, 0x0000000082300000| Untracked 
|  14|0x0000000082400000, 0x0000000082500000, 0x0000000082500000|100%|HS|  |TAMS 0x0000000082400000, 0x0000000082400000| Complete 
|  15|0x0000000082500000, 0x0000000082600000, 0x0000000082600000|100%|HS|  |TAMS 0x0000000082500000, 0x0000000082500000| Complete 
|  16|0x0000000082600000, 0x0000000082700000, 0x0000000082700000|100%|HC|  |TAMS 0x0000000082600000, 0x0000000082600000| Complete 
|  17|0x0000000082700000, 0x0000000082700000, 0x0000000082800000|  0%| F|  |TAMS 0x0000000082700000, 0x0000000082700000| Untracked 
|  18|0x0000000082800000, 0x0000000082800000, 0x0000000082900000|  0%| F|  |TAMS 0x0000000082800000, 0x0000000082800000| Untracked 
|  19|0x0000000082900000, 0x0000000082900000, 0x0000000082a00000|  0%| F|  |TAMS 0x0000000082900000, 0x0000000082900000| Untracked 
|  20|0x0000000082a00000, 0x0000000082a00000, 0x0000000082b00000|  0%| F|  |TAMS 0x0000000082a00000, 0x0000000082a00000| Untracked 
|  21|0x0000000082b00000, 0x0000000082b00000, 0x0000000082c00000|  0%| F|  |TAMS 0x0000000082b00000, 0x0000000082b00000| Untracked 
|  22|0x0000000082c00000, 0x0000000082c00000, 0x0000000082d00000|  0%| F|  |TAMS 0x0000000082c00000, 0x0000000082c00000| Untracked 
|  23|0x0000000082d00000, 0x0000000082d00000, 0x0000000082e00000|  0%| F|  |TAMS 0x0000000082d00000, 0x0000000082d00000| Untracked 
|  24|0x0000000082e00000, 0x0000000082e00000, 0x0000000082f00000|  0%| F|  |TAMS 0x0000000082e00000, 0x0000000082e00000| Untracked 
|  25|0x0000000082f00000, 0x0000000082f00000, 0x0000000083000000|  0%| F|  |TAMS 0x0000000082f00000, 0x0000000082f00000| Untracked 
|  26|0x0000000083000000, 0x0000000083000000, 0x0000000083100000|  0%| F|  |TAMS 0x0000000083000000, 0x0000000083000000| Untracked 
|  27|0x0000000083100000, 0x0000000083100000, 0x0000000083200000|  0%| F|  |TAMS 0x0000000083100000, 0x0000000083100000| Untracked 
|  28|0x0000000083200000, 0x0000000083200000, 0x0000000083300000|  0%| F|  |TAMS 0x0000000083200000, 0x0000000083200000| Untracked 
|  29|0x0000000083300000, 0x0000000083300000, 0x0000000083400000|  0%| F|  |TAMS 0x0000000083300000, 0x0000000083300000| Untracked 
|  30|0x0000000083400000, 0x0000000083400000, 0x0000000083500000|  0%| F|  |TAMS 0x0000000083400000, 0x0000000083400000| Untracked 
|  31|0x0000000083500000, 0x0000000083500000, 0x0000000083600000|  0%| F|  |TAMS 0x0000000083500000, 0x0000000083500000| Untracked 
|  32|0x0000000083600000, 0x0000000083600000, 0x0000000083700000|  0%| F|  |TAMS 0x0000000083600000, 0x0000000083600000| Untracked 
|  33|0x0000000083700000, 0x0000000083700000, 0x0000000083800000|  0%| F|  |TAMS 0x0000000083700000, 0x0000000083700000| Untracked 
|  34|0x0000000083800000, 0x0000000083800000, 0x0000000083900000|  0%| F|  |TAMS 0x0000000083800000, 0x0000000083800000| Untracked 
|  35|0x0000000083900000, 0x0000000083900000, 0x0000000083a00000|  0%| F|  |TAMS 0x0000000083900000, 0x0000000083900000| Untracked 
|  36|0x0000000083a00000, 0x0000000083a00000, 0x0000000083b00000|  0%| F|  |TAMS 0x0000000083a00000, 0x0000000083a00000| Untracked 
|  37|0x0000000083b00000, 0x0000000083b00000, 0x0000000083c00000|  0%| F|  |TAMS 0x0000000083b00000, 0x0000000083b00000| Untracked 
|  38|0x0000000083c00000, 0x0000000083c00000, 0x0000000083d00000|  0%| F|  |TAMS 0x0000000083c00000, 0x0000000083c00000| Untracked 
|  39|0x0000000083d00000, 0x0000000083d00000, 0x0000000083e00000|  0%| F|  |TAMS 0x0000000083d00000, 0x0000000083d00000| Untracked 
|  40|0x0000000083e00000, 0x0000000083e00000, 0x0000000083f00000|  0%| F|  |TAMS 0x0000000083e00000, 0x0000000083e00000| Untracked 
|  41|0x0000000083f00000, 0x0000000083f00000, 0x0000000084000000|  0%| F|  |TAMS 0x0000000083f00000, 0x0000000083f00000| Untracked 
|  42|0x0000000084000000, 0x0000000084000000, 0x0000000084100000|  0%| F|  |TAMS 0x0000000084000000, 0x0000000084000000| Untracked 
|  43|0x0000000084100000, 0x0000000084100000, 0x0000000084200000|  0%| F|  |TAMS 0x0000000084100000, 0x0000000084100000| Untracked 
|  44|0x0000000084200000, 0x0000000084200000, 0x0000000084300000|  0%| F|  |TAMS 0x0000000084200000, 0x0000000084200000| Untracked 
|  45|0x0000000084300000, 0x0000000084300000, 0x0000000084400000|  0%| F|  |TAMS 0x0000000084300000, 0x0000000084300000| Untracked 
|  46|0x0000000084400000, 0x0000000084400000, 0x0000000084500000|  0%| F|  |TAMS 0x0000000084400000, 0x0000000084400000| Untracked 
|  47|0x0000000084500000, 0x0000000084500000, 0x0000000084600000|  0%| F|  |TAMS 0x0000000084500000, 0x0000000084500000| Untracked 
|  48|0x0000000084600000, 0x0000000084600000, 0x0000000084700000|  0%| F|  |TAMS 0x0000000084600000, 0x0000000084600000| Untracked 
|  49|0x0000000084700000, 0x0000000084700000, 0x0000000084800000|  0%| F|  |TAMS 0x0000000084700000, 0x0000000084700000| Untracked 
|  50|0x0000000084800000, 0x0000000084800000, 0x0000000084900000|  0%| F|  |TAMS 0x0000000084800000, 0x0000000084800000| Untracked 
|  51|0x0000000084900000, 0x0000000084900000, 0x0000000084a00000|  0%| F|  |TAMS 0x0000000084900000, 0x0000000084900000| Untracked 
|  52|0x0000000084a00000, 0x0000000084a00000, 0x0000000084b00000|  0%| F|  |TAMS 0x0000000084a00000, 0x0000000084a00000| Untracked 
|  53|0x0000000084b00000, 0x0000000084b00000, 0x0000000084c00000|  0%| F|  |TAMS 0x0000000084b00000, 0x0000000084b00000| Untracked 
|  54|0x0000000084c00000, 0x0000000084c00000, 0x0000000084d00000|  0%| F|  |TAMS 0x0000000084c00000, 0x0000000084c00000| Untracked 
|  55|0x0000000084d00000, 0x0000000084d00000, 0x0000000084e00000|  0%| F|  |TAMS 0x0000000084d00000, 0x0000000084d00000| Untracked 
|  56|0x0000000084e00000, 0x0000000084e00000, 0x0000000084f00000|  0%| F|  |TAMS 0x0000000084e00000, 0x0000000084e00000| Untracked 
|  57|0x0000000084f00000, 0x0000000084f00000, 0x0000000085000000|  0%| F|  |TAMS 0x0000000084f00000, 0x0000000084f00000| Untracked 
|  58|0x0000000085000000, 0x0000000085000000, 0x0000000085100000|  0%| F|  |TAMS 0x0000000085000000, 0x0000000085000000| Untracked 
|  59|0x0000000085100000, 0x0000000085100000, 0x0000000085200000|  0%| F|  |TAMS 0x0000000085100000, 0x0000000085100000| Untracked 
|  60|0x0000000085200000, 0x0000000085200000, 0x0000000085300000|  0%| F|  |TAMS 0x0000000085200000, 0x0000000085200000| Untracked 
|  61|0x0000000085300000, 0x0000000085300000, 0x0000000085400000|  0%| F|  |TAMS 0x0000000085300000, 0x0000000085300000| Untracked 
|  62|0x0000000085400000, 0x0000000085400000, 0x0000000085500000|  0%| F|  |TAMS 0x0000000085400000, 0x0000000085400000| Untracked 
|  63|0x0000000085500000, 0x0000000085500000, 0x0000000085600000|  0%| F|  |TAMS 0x0000000085500000, 0x0000000085500000| Untracked 
|  64|0x0000000085600000, 0x0000000085600000, 0x0000000085700000|  0%| F|  |TAMS 0x0000000085600000, 0x0000000085600000| Untracked 
|  65|0x0000000085700000, 0x0000000085700000, 0x0000000085800000|  0%| F|  |TAMS 0x0000000085700000, 0x0000000085700000| Untracked 
|  66|0x0000000085800000, 0x0000000085800000, 0x0000000085900000|  0%| F|  |TAMS 0x0000000085800000, 0x0000000085800000| Untracked 
|  67|0x0000000085900000, 0x0000000085900000, 0x0000000085a00000|  0%| F|  |TAMS 0x0000000085900000, 0x0000000085900000| Untracked 
|  68|0x0000000085a00000, 0x0000000085a00000, 0x0000000085b00000|  0%| F|  |TAMS 0x0000000085a00000, 0x0000000085a00000| Untracked 
|  69|0x0000000085b00000, 0x0000000085b00000, 0x0000000085c00000|  0%| F|  |TAMS 0x0000000085b00000, 0x0000000085b00000| Untracked 
|  70|0x0000000085c00000, 0x0000000085c00000, 0x0000000085d00000|  0%| F|  |TAMS 0x0000000085c00000, 0x0000000085c00000| Untracked 
|  71|0x0000000085d00000, 0x0000000085d00000, 0x0000000085e00000|  0%| F|  |TAMS 0x0000000085d00000, 0x0000000085d00000| Untracked 
|  72|0x0000000085e00000, 0x0000000085e00000, 0x0000000085f00000|  0%| F|  |TAMS 0x0000000085e00000, 0x0000000085e00000| Untracked 
|  73|0x0000000085f00000, 0x0000000085f00000, 0x0000000086000000|  0%| F|  |TAMS 0x0000000085f00000, 0x0000000085f00000| Untracked 
|  74|0x0000000086000000, 0x0000000086000000, 0x0000000086100000|  0%| F|  |TAMS 0x0000000086000000, 0x0000000086000000| Untracked 
|  75|0x0000000086100000, 0x0000000086100000, 0x0000000086200000|  0%| F|  |TAMS 0x0000000086100000, 0x0000000086100000| Untracked 
|  76|0x0000000086200000, 0x0000000086200000, 0x0000000086300000|  0%| F|  |TAMS 0x0000000086200000, 0x0000000086200000| Untracked 
|  77|0x0000000086300000, 0x0000000086300000, 0x0000000086400000|  0%| F|  |TAMS 0x0000000086300000, 0x0000000086300000| Untracked 
|  78|0x0000000086400000, 0x0000000086400000, 0x0000000086500000|  0%| F|  |TAMS 0x0000000086400000, 0x0000000086400000| Untracked 
|  79|0x0000000086500000, 0x0000000086500000, 0x0000000086600000|  0%| F|  |TAMS 0x0000000086500000, 0x0000000086500000| Untracked 
|  80|0x0000000086600000, 0x0000000086600000, 0x0000000086700000|  0%| F|  |TAMS 0x0000000086600000, 0x0000000086600000| Untracked 
|  81|0x0000000086700000, 0x0000000086700000, 0x0000000086800000|  0%| F|  |TAMS 0x0000000086700000, 0x0000000086700000| Untracked 
|  82|0x0000000086800000, 0x0000000086800000, 0x0000000086900000|  0%| F|  |TAMS 0x0000000086800000, 0x0000000086800000| Untracked 
|  83|0x0000000086900000, 0x0000000086900000, 0x0000000086a00000|  0%| F|  |TAMS 0x0000000086900000, 0x0000000086900000| Untracked 
|  84|0x0000000086a00000, 0x0000000086a00000, 0x0000000086b00000|  0%| F|  |TAMS 0x0000000086a00000, 0x0000000086a00000| Untracked 
|  85|0x0000000086b00000, 0x0000000086b00000, 0x0000000086c00000|  0%| F|  |TAMS 0x0000000086b00000, 0x0000000086b00000| Untracked 
|  86|0x0000000086c00000, 0x0000000086c00000, 0x0000000086d00000|  0%| F|  |TAMS 0x0000000086c00000, 0x0000000086c00000| Untracked 
|  87|0x0000000086d00000, 0x0000000086d00000, 0x0000000086e00000|  0%| F|  |TAMS 0x0000000086d00000, 0x0000000086d00000| Untracked 
|  88|0x0000000086e00000, 0x0000000086e00000, 0x0000000086f00000|  0%| F|  |TAMS 0x0000000086e00000, 0x0000000086e00000| Untracked 
|  89|0x0000000086f00000, 0x0000000086f00000, 0x0000000087000000|  0%| F|  |TAMS 0x0000000086f00000, 0x0000000086f00000| Untracked 
|  90|0x0000000087000000, 0x0000000087000000, 0x0000000087100000|  0%| F|  |TAMS 0x0000000087000000, 0x0000000087000000| Untracked 
|  91|0x0000000087100000, 0x0000000087100000, 0x0000000087200000|  0%| F|  |TAMS 0x0000000087100000, 0x0000000087100000| Untracked 
|  92|0x0000000087200000, 0x0000000087200000, 0x0000000087300000|  0%| F|  |TAMS 0x0000000087200000, 0x0000000087200000| Untracked 
|  93|0x0000000087300000, 0x0000000087300000, 0x0000000087400000|  0%| F|  |TAMS 0x0000000087300000, 0x0000000087300000| Untracked 
|  94|0x0000000087400000, 0x0000000087400000, 0x0000000087500000|  0%| F|  |TAMS 0x0000000087400000, 0x0000000087400000| Untracked 
|  95|0x0000000087500000, 0x0000000087500000, 0x0000000087600000|  0%| F|  |TAMS 0x0000000087500000, 0x0000000087500000| Untracked 
|  96|0x0000000087600000, 0x0000000087600000, 0x0000000087700000|  0%| F|  |TAMS 0x0000000087600000, 0x0000000087600000| Untracked 
|  97|0x0000000087700000, 0x0000000087700000, 0x0000000087800000|  0%| F|  |TAMS 0x0000000087700000, 0x0000000087700000| Untracked 
|  98|0x0000000087800000, 0x0000000087800000, 0x0000000087900000|  0%| F|  |TAMS 0x0000000087800000, 0x0000000087800000| Untracked 
|  99|0x0000000087900000, 0x0000000087900000, 0x0000000087a00000|  0%| F|  |TAMS 0x0000000087900000, 0x0000000087900000| Untracked 
| 100|0x0000000087a00000, 0x0000000087a36e10, 0x0000000087b00000| 21%| S|CS|TAMS 0x0000000087a00000, 0x0000000087a00000| Complete 
| 101|0x0000000087b00000, 0x0000000087c00000, 0x0000000087c00000|100%| S|CS|TAMS 0x0000000087b00000, 0x0000000087b00000| Complete 
| 102|0x0000000087c00000, 0x0000000087c00000, 0x0000000087d00000|  0%| F|  |TAMS 0x0000000087c00000, 0x0000000087c00000| Untracked 
| 103|0x0000000087d00000, 0x0000000087d00000, 0x0000000087e00000|  0%| F|  |TAMS 0x0000000087d00000, 0x0000000087d00000| Untracked 
| 104|0x0000000087e00000, 0x0000000087e00000, 0x0000000087f00000|  0%| F|  |TAMS 0x0000000087e00000, 0x0000000087e00000| Untracked 
| 105|0x0000000087f00000, 0x0000000088000000, 0x0000000088000000|100%| S|CS|TAMS 0x0000000087f00000, 0x0000000087f00000| Complete 
| 106|0x0000000088000000, 0x0000000088100000, 0x0000000088100000|100%| S|CS|TAMS 0x0000000088000000, 0x0000000088000000| Complete 
| 107|0x0000000088100000, 0x0000000088100000, 0x0000000088200000|  0%| F|  |TAMS 0x0000000088100000, 0x0000000088100000| Untracked 
| 108|0x0000000088200000, 0x0000000088200000, 0x0000000088300000|  0%| F|  |TAMS 0x0000000088200000, 0x0000000088200000| Untracked 
| 109|0x0000000088300000, 0x0000000088300000, 0x0000000088400000|  0%| F|  |TAMS 0x0000000088300000, 0x0000000088300000| Untracked 
| 110|0x0000000088400000, 0x0000000088400000, 0x0000000088500000|  0%| F|  |TAMS 0x0000000088400000, 0x0000000088400000| Untracked 
| 111|0x0000000088500000, 0x0000000088500000, 0x0000000088600000|  0%| F|  |TAMS 0x0000000088500000, 0x0000000088500000| Untracked 
| 112|0x0000000088600000, 0x0000000088600000, 0x0000000088700000|  0%| F|  |TAMS 0x0000000088600000, 0x0000000088600000| Untracked 
| 113|0x0000000088700000, 0x0000000088700000, 0x0000000088800000|  0%| F|  |TAMS 0x0000000088700000, 0x0000000088700000| Untracked 
| 114|0x0000000088800000, 0x0000000088800000, 0x0000000088900000|  0%| F|  |TAMS 0x0000000088800000, 0x0000000088800000| Untracked 
| 115|0x0000000088900000, 0x0000000088900000, 0x0000000088a00000|  0%| F|  |TAMS 0x0000000088900000, 0x0000000088900000| Untracked 
| 116|0x0000000088a00000, 0x0000000088a00000, 0x0000000088b00000|  0%| F|  |TAMS 0x0000000088a00000, 0x0000000088a00000| Untracked 
| 117|0x0000000088b00000, 0x0000000088b00000, 0x0000000088c00000|  0%| F|  |TAMS 0x0000000088b00000, 0x0000000088b00000| Untracked 
| 118|0x0000000088c00000, 0x0000000088c00000, 0x0000000088d00000|  0%| F|  |TAMS 0x0000000088c00000, 0x0000000088c00000| Untracked 
| 119|0x0000000088d00000, 0x0000000088d00000, 0x0000000088e00000|  0%| F|  |TAMS 0x0000000088d00000, 0x0000000088d00000| Untracked 
| 120|0x0000000088e00000, 0x0000000088e00000, 0x0000000088f00000|  0%| F|  |TAMS 0x0000000088e00000, 0x0000000088e00000| Untracked 
| 121|0x0000000088f00000, 0x0000000088f00000, 0x0000000089000000|  0%| F|  |TAMS 0x0000000088f00000, 0x0000000088f00000| Untracked 
| 122|0x0000000089000000, 0x0000000089000000, 0x0000000089100000|  0%| F|  |TAMS 0x0000000089000000, 0x0000000089000000| Untracked 
| 123|0x0000000089100000, 0x0000000089100000, 0x0000000089200000|  0%| F|  |TAMS 0x0000000089100000, 0x0000000089100000| Untracked 
| 124|0x0000000089200000, 0x0000000089200000, 0x0000000089300000|  0%| F|  |TAMS 0x0000000089200000, 0x0000000089200000| Untracked 
| 125|0x0000000089300000, 0x0000000089300000, 0x0000000089400000|  0%| F|  |TAMS 0x0000000089300000, 0x0000000089300000| Untracked 
| 126|0x0000000089400000, 0x0000000089400000, 0x0000000089500000|  0%| F|  |TAMS 0x0000000089400000, 0x0000000089400000| Untracked 
| 127|0x0000000089500000, 0x0000000089500000, 0x0000000089600000|  0%| F|  |TAMS 0x0000000089500000, 0x0000000089500000| Untracked 
| 128|0x0000000089600000, 0x0000000089600000, 0x0000000089700000|  0%| F|  |TAMS 0x0000000089600000, 0x0000000089600000| Untracked 
| 129|0x0000000089700000, 0x0000000089700000, 0x0000000089800000|  0%| F|  |TAMS 0x0000000089700000, 0x0000000089700000| Untracked 
| 130|0x0000000089800000, 0x0000000089800000, 0x0000000089900000|  0%| F|  |TAMS 0x0000000089800000, 0x0000000089800000| Untracked 
| 131|0x0000000089900000, 0x0000000089900000, 0x0000000089a00000|  0%| F|  |TAMS 0x0000000089900000, 0x0000000089900000| Untracked 
| 132|0x0000000089a00000, 0x0000000089a00000, 0x0000000089b00000|  0%| F|  |TAMS 0x0000000089a00000, 0x0000000089a00000| Untracked 
| 133|0x0000000089b00000, 0x0000000089b00000, 0x0000000089c00000|  0%| F|  |TAMS 0x0000000089b00000, 0x0000000089b00000| Untracked 
| 134|0x0000000089c00000, 0x0000000089c00000, 0x0000000089d00000|  0%| F|  |TAMS 0x0000000089c00000, 0x0000000089c00000| Untracked 
| 135|0x0000000089d00000, 0x0000000089d00000, 0x0000000089e00000|  0%| F|  |TAMS 0x0000000089d00000, 0x0000000089d00000| Untracked 
| 136|0x0000000089e00000, 0x0000000089e00000, 0x0000000089f00000|  0%| F|  |TAMS 0x0000000089e00000, 0x0000000089e00000| Untracked 
| 137|0x0000000089f00000, 0x0000000089f00000, 0x000000008a000000|  0%| F|  |TAMS 0x0000000089f00000, 0x0000000089f00000| Untracked 
| 138|0x000000008a000000, 0x000000008a000000, 0x000000008a100000|  0%| F|  |TAMS 0x000000008a000000, 0x000000008a000000| Untracked 
| 139|0x000000008a100000, 0x000000008a100000, 0x000000008a200000|  0%| F|  |TAMS 0x000000008a100000, 0x000000008a100000| Untracked 
| 140|0x000000008a200000, 0x000000008a200000, 0x000000008a300000|  0%| F|  |TAMS 0x000000008a200000, 0x000000008a200000| Untracked 
| 141|0x000000008a300000, 0x000000008a300000, 0x000000008a400000|  0%| F|  |TAMS 0x000000008a300000, 0x000000008a300000| Untracked 
| 142|0x000000008a400000, 0x000000008a400000, 0x000000008a500000|  0%| F|  |TAMS 0x000000008a400000, 0x000000008a400000| Untracked 
| 143|0x000000008a500000, 0x000000008a500000, 0x000000008a600000|  0%| F|  |TAMS 0x000000008a500000, 0x000000008a500000| Untracked 
| 144|0x000000008a600000, 0x000000008a600000, 0x000000008a700000|  0%| F|  |TAMS 0x000000008a600000, 0x000000008a600000| Untracked 
| 145|0x000000008a700000, 0x000000008a700000, 0x000000008a800000|  0%| F|  |TAMS 0x000000008a700000, 0x000000008a700000| Untracked 
| 146|0x000000008a800000, 0x000000008a800000, 0x000000008a900000|  0%| F|  |TAMS 0x000000008a800000, 0x000000008a800000| Untracked 
| 147|0x000000008a900000, 0x000000008a900000, 0x000000008aa00000|  0%| F|  |TAMS 0x000000008a900000, 0x000000008a900000| Untracked 
| 148|0x000000008aa00000, 0x000000008aa00000, 0x000000008ab00000|  0%| F|  |TAMS 0x000000008aa00000, 0x000000008aa00000| Untracked 
| 149|0x000000008ab00000, 0x000000008ab00000, 0x000000008ac00000|  0%| F|  |TAMS 0x000000008ab00000, 0x000000008ab00000| Untracked 
| 150|0x000000008ac00000, 0x000000008ac00000, 0x000000008ad00000|  0%| F|  |TAMS 0x000000008ac00000, 0x000000008ac00000| Untracked 
| 151|0x000000008ad00000, 0x000000008ad00000, 0x000000008ae00000|  0%| F|  |TAMS 0x000000008ad00000, 0x000000008ad00000| Untracked 
| 152|0x000000008ae00000, 0x000000008ae00000, 0x000000008af00000|  0%| F|  |TAMS 0x000000008ae00000, 0x000000008ae00000| Untracked 
| 153|0x000000008af00000, 0x000000008af00000, 0x000000008b000000|  0%| F|  |TAMS 0x000000008af00000, 0x000000008af00000| Untracked 
| 154|0x000000008b000000, 0x000000008b000000, 0x000000008b100000|  0%| F|  |TAMS 0x000000008b000000, 0x000000008b000000| Untracked 
| 155|0x000000008b100000, 0x000000008b100000, 0x000000008b200000|  0%| F|  |TAMS 0x000000008b100000, 0x000000008b100000| Untracked 
| 156|0x000000008b200000, 0x000000008b200000, 0x000000008b300000|  0%| F|  |TAMS 0x000000008b200000, 0x000000008b200000| Untracked 
| 157|0x000000008b300000, 0x000000008b300000, 0x000000008b400000|  0%| F|  |TAMS 0x000000008b300000, 0x000000008b300000| Untracked 
| 158|0x000000008b400000, 0x000000008b400000, 0x000000008b500000|  0%| F|  |TAMS 0x000000008b400000, 0x000000008b400000| Untracked 
| 159|0x000000008b500000, 0x000000008b500000, 0x000000008b600000|  0%| F|  |TAMS 0x000000008b500000, 0x000000008b500000| Untracked 
| 160|0x000000008b600000, 0x000000008b600000, 0x000000008b700000|  0%| F|  |TAMS 0x000000008b600000, 0x000000008b600000| Untracked 
| 161|0x000000008b700000, 0x000000008b700000, 0x000000008b800000|  0%| F|  |TAMS 0x000000008b700000, 0x000000008b700000| Untracked 
| 162|0x000000008b800000, 0x000000008b800000, 0x000000008b900000|  0%| F|  |TAMS 0x000000008b800000, 0x000000008b800000| Untracked 
| 163|0x000000008b900000, 0x000000008b900000, 0x000000008ba00000|  0%| F|  |TAMS 0x000000008b900000, 0x000000008b900000| Untracked 
| 164|0x000000008ba00000, 0x000000008ba00000, 0x000000008bb00000|  0%| F|  |TAMS 0x000000008ba00000, 0x000000008ba00000| Untracked 
| 165|0x000000008bb00000, 0x000000008bb00000, 0x000000008bc00000|  0%| F|  |TAMS 0x000000008bb00000, 0x000000008bb00000| Untracked 
| 166|0x000000008bc00000, 0x000000008bc00000, 0x000000008bd00000|  0%| F|  |TAMS 0x000000008bc00000, 0x000000008bc00000| Untracked 
| 167|0x000000008bd00000, 0x000000008bd00000, 0x000000008be00000|  0%| F|  |TAMS 0x000000008bd00000, 0x000000008bd00000| Untracked 
| 168|0x000000008be00000, 0x000000008be00000, 0x000000008bf00000|  0%| F|  |TAMS 0x000000008be00000, 0x000000008be00000| Untracked 
| 169|0x000000008bf00000, 0x000000008bf00000, 0x000000008c000000|  0%| F|  |TAMS 0x000000008bf00000, 0x000000008bf00000| Untracked 
| 170|0x000000008c000000, 0x000000008c000000, 0x000000008c100000|  0%| F|  |TAMS 0x000000008c000000, 0x000000008c000000| Untracked 
| 171|0x000000008c100000, 0x000000008c100000, 0x000000008c200000|  0%| F|  |TAMS 0x000000008c100000, 0x000000008c100000| Untracked 
| 172|0x000000008c200000, 0x000000008c200000, 0x000000008c300000|  0%| F|  |TAMS 0x000000008c200000, 0x000000008c200000| Untracked 
| 173|0x000000008c300000, 0x000000008c300000, 0x000000008c400000|  0%| F|  |TAMS 0x000000008c300000, 0x000000008c300000| Untracked 
| 174|0x000000008c400000, 0x000000008c400000, 0x000000008c500000|  0%| F|  |TAMS 0x000000008c400000, 0x000000008c400000| Untracked 
| 175|0x000000008c500000, 0x000000008c500000, 0x000000008c600000|  0%| F|  |TAMS 0x000000008c500000, 0x000000008c500000| Untracked 
| 176|0x000000008c600000, 0x000000008c600000, 0x000000008c700000|  0%| F|  |TAMS 0x000000008c600000, 0x000000008c600000| Untracked 
| 177|0x000000008c700000, 0x000000008c700000, 0x000000008c800000|  0%| F|  |TAMS 0x000000008c700000, 0x000000008c700000| Untracked 
| 178|0x000000008c800000, 0x000000008c800000, 0x000000008c900000|  0%| F|  |TAMS 0x000000008c800000, 0x000000008c800000| Untracked 
| 179|0x000000008c900000, 0x000000008c900000, 0x000000008ca00000|  0%| F|  |TAMS 0x000000008c900000, 0x000000008c900000| Untracked 
| 180|0x000000008ca00000, 0x000000008ca00000, 0x000000008cb00000|  0%| F|  |TAMS 0x000000008ca00000, 0x000000008ca00000| Untracked 
| 181|0x000000008cb00000, 0x000000008cb00000, 0x000000008cc00000|  0%| F|  |TAMS 0x000000008cb00000, 0x000000008cb00000| Untracked 
| 182|0x000000008cc00000, 0x000000008cc00000, 0x000000008cd00000|  0%| F|  |TAMS 0x000000008cc00000, 0x000000008cc00000| Untracked 
| 183|0x000000008cd00000, 0x000000008cd00000, 0x000000008ce00000|  0%| F|  |TAMS 0x000000008cd00000, 0x000000008cd00000| Untracked 
| 184|0x000000008ce00000, 0x000000008ce00000, 0x000000008cf00000|  0%| F|  |TAMS 0x000000008ce00000, 0x000000008ce00000| Untracked 
| 185|0x000000008cf00000, 0x000000008cf00000, 0x000000008d000000|  0%| F|  |TAMS 0x000000008cf00000, 0x000000008cf00000| Untracked 
| 186|0x000000008d000000, 0x000000008d000000, 0x000000008d100000|  0%| F|  |TAMS 0x000000008d000000, 0x000000008d000000| Untracked 
| 187|0x000000008d100000, 0x000000008d100000, 0x000000008d200000|  0%| F|  |TAMS 0x000000008d100000, 0x000000008d100000| Untracked 
| 188|0x000000008d200000, 0x000000008d200000, 0x000000008d300000|  0%| F|  |TAMS 0x000000008d200000, 0x000000008d200000| Untracked 
| 189|0x000000008d300000, 0x000000008d300000, 0x000000008d400000|  0%| F|  |TAMS 0x000000008d300000, 0x000000008d300000| Untracked 
| 190|0x000000008d400000, 0x000000008d400000, 0x000000008d500000|  0%| F|  |TAMS 0x000000008d400000, 0x000000008d400000| Untracked 
| 191|0x000000008d500000, 0x000000008d500000, 0x000000008d600000|  0%| F|  |TAMS 0x000000008d500000, 0x000000008d500000| Untracked 
| 192|0x000000008d600000, 0x000000008d600000, 0x000000008d700000|  0%| F|  |TAMS 0x000000008d600000, 0x000000008d600000| Untracked 
| 193|0x000000008d700000, 0x000000008d700000, 0x000000008d800000|  0%| F|  |TAMS 0x000000008d700000, 0x000000008d700000| Untracked 
| 194|0x000000008d800000, 0x000000008d800000, 0x000000008d900000|  0%| F|  |TAMS 0x000000008d800000, 0x000000008d800000| Untracked 
| 195|0x000000008d900000, 0x000000008d900000, 0x000000008da00000|  0%| F|  |TAMS 0x000000008d900000, 0x000000008d900000| Untracked 
| 196|0x000000008da00000, 0x000000008da00000, 0x000000008db00000|  0%| F|  |TAMS 0x000000008da00000, 0x000000008da00000| Untracked 
| 197|0x000000008db00000, 0x000000008db00000, 0x000000008dc00000|  0%| F|  |TAMS 0x000000008db00000, 0x000000008db00000| Untracked 
| 198|0x000000008dc00000, 0x000000008dc00000, 0x000000008dd00000|  0%| F|  |TAMS 0x000000008dc00000, 0x000000008dc00000| Untracked 
| 199|0x000000008dd00000, 0x000000008dd00000, 0x000000008de00000|  0%| F|  |TAMS 0x000000008dd00000, 0x000000008dd00000| Untracked 
| 200|0x000000008de00000, 0x000000008de00000, 0x000000008df00000|  0%| F|  |TAMS 0x000000008de00000, 0x000000008de00000| Untracked 
| 201|0x000000008df00000, 0x000000008df00000, 0x000000008e000000|  0%| F|  |TAMS 0x000000008df00000, 0x000000008df00000| Untracked 
| 202|0x000000008e000000, 0x000000008e000000, 0x000000008e100000|  0%| F|  |TAMS 0x000000008e000000, 0x000000008e000000| Untracked 
| 203|0x000000008e100000, 0x000000008e100000, 0x000000008e200000|  0%| F|  |TAMS 0x000000008e100000, 0x000000008e100000| Untracked 
| 204|0x000000008e200000, 0x000000008e200000, 0x000000008e300000|  0%| F|  |TAMS 0x000000008e200000, 0x000000008e200000| Untracked 
| 205|0x000000008e300000, 0x000000008e300000, 0x000000008e400000|  0%| F|  |TAMS 0x000000008e300000, 0x000000008e300000| Untracked 
| 206|0x000000008e400000, 0x000000008e400000, 0x000000008e500000|  0%| F|  |TAMS 0x000000008e400000, 0x000000008e400000| Untracked 
| 207|0x000000008e500000, 0x000000008e500000, 0x000000008e600000|  0%| F|  |TAMS 0x000000008e500000, 0x000000008e500000| Untracked 
| 208|0x000000008e600000, 0x000000008e600000, 0x000000008e700000|  0%| F|  |TAMS 0x000000008e600000, 0x000000008e600000| Untracked 
| 209|0x000000008e700000, 0x000000008e700000, 0x000000008e800000|  0%| F|  |TAMS 0x000000008e700000, 0x000000008e700000| Untracked 
| 210|0x000000008e800000, 0x000000008e800000, 0x000000008e900000|  0%| F|  |TAMS 0x000000008e800000, 0x000000008e800000| Untracked 
| 211|0x000000008e900000, 0x000000008e900000, 0x000000008ea00000|  0%| F|  |TAMS 0x000000008e900000, 0x000000008e900000| Untracked 
| 212|0x000000008ea00000, 0x000000008ea00000, 0x000000008eb00000|  0%| F|  |TAMS 0x000000008ea00000, 0x000000008ea00000| Untracked 
| 213|0x000000008eb00000, 0x000000008eb00000, 0x000000008ec00000|  0%| F|  |TAMS 0x000000008eb00000, 0x000000008eb00000| Untracked 
| 214|0x000000008ec00000, 0x000000008ec00000, 0x000000008ed00000|  0%| F|  |TAMS 0x000000008ec00000, 0x000000008ec00000| Untracked 
| 215|0x000000008ed00000, 0x000000008ed00000, 0x000000008ee00000|  0%| F|  |TAMS 0x000000008ed00000, 0x000000008ed00000| Untracked 
| 216|0x000000008ee00000, 0x000000008ee00000, 0x000000008ef00000|  0%| F|  |TAMS 0x000000008ee00000, 0x000000008ee00000| Untracked 
| 217|0x000000008ef00000, 0x000000008ef00000, 0x000000008f000000|  0%| F|  |TAMS 0x000000008ef00000, 0x000000008ef00000| Untracked 
| 218|0x000000008f000000, 0x000000008f000000, 0x000000008f100000|  0%| F|  |TAMS 0x000000008f000000, 0x000000008f000000| Untracked 
| 219|0x000000008f100000, 0x000000008f100000, 0x000000008f200000|  0%| F|  |TAMS 0x000000008f100000, 0x000000008f100000| Untracked 
| 220|0x000000008f200000, 0x000000008f200000, 0x000000008f300000|  0%| F|  |TAMS 0x000000008f200000, 0x000000008f200000| Untracked 
| 221|0x000000008f300000, 0x000000008f300000, 0x000000008f400000|  0%| F|  |TAMS 0x000000008f300000, 0x000000008f300000| Untracked 
| 222|0x000000008f400000, 0x000000008f400000, 0x000000008f500000|  0%| F|  |TAMS 0x000000008f400000, 0x000000008f400000| Untracked 
| 223|0x000000008f500000, 0x000000008f500000, 0x000000008f600000|  0%| F|  |TAMS 0x000000008f500000, 0x000000008f500000| Untracked 
| 224|0x000000008f600000, 0x000000008f600000, 0x000000008f700000|  0%| F|  |TAMS 0x000000008f600000, 0x000000008f600000| Untracked 
| 225|0x000000008f700000, 0x000000008f700000, 0x000000008f800000|  0%| F|  |TAMS 0x000000008f700000, 0x000000008f700000| Untracked 
| 226|0x000000008f800000, 0x000000008f800000, 0x000000008f900000|  0%| F|  |TAMS 0x000000008f800000, 0x000000008f800000| Untracked 
| 227|0x000000008f900000, 0x000000008f900000, 0x000000008fa00000|  0%| F|  |TAMS 0x000000008f900000, 0x000000008f900000| Untracked 
| 228|0x000000008fa00000, 0x000000008fa00000, 0x000000008fb00000|  0%| F|  |TAMS 0x000000008fa00000, 0x000000008fa00000| Untracked 
| 229|0x000000008fb00000, 0x000000008fb00000, 0x000000008fc00000|  0%| F|  |TAMS 0x000000008fb00000, 0x000000008fb00000| Untracked 
| 230|0x000000008fc00000, 0x000000008fc00000, 0x000000008fd00000|  0%| F|  |TAMS 0x000000008fc00000, 0x000000008fc00000| Untracked 
| 231|0x000000008fd00000, 0x000000008fd00000, 0x000000008fe00000|  0%| F|  |TAMS 0x000000008fd00000, 0x000000008fd00000| Untracked 
| 232|0x000000008fe00000, 0x000000008fe00000, 0x000000008ff00000|  0%| F|  |TAMS 0x000000008fe00000, 0x000000008fe00000| Untracked 
| 233|0x000000008ff00000, 0x000000008ff00000, 0x0000000090000000|  0%| F|  |TAMS 0x000000008ff00000, 0x000000008ff00000| Untracked 
| 234|0x0000000090000000, 0x0000000090000000, 0x0000000090100000|  0%| F|  |TAMS 0x0000000090000000, 0x0000000090000000| Untracked 
| 235|0x0000000090100000, 0x0000000090100000, 0x0000000090200000|  0%| F|  |TAMS 0x0000000090100000, 0x0000000090100000| Untracked 
| 236|0x0000000090200000, 0x0000000090200000, 0x0000000090300000|  0%| F|  |TAMS 0x0000000090200000, 0x0000000090200000| Untracked 
| 237|0x0000000090300000, 0x0000000090300000, 0x0000000090400000|  0%| F|  |TAMS 0x0000000090300000, 0x0000000090300000| Untracked 
| 238|0x0000000090400000, 0x0000000090400000, 0x0000000090500000|  0%| F|  |TAMS 0x0000000090400000, 0x0000000090400000| Untracked 
| 239|0x0000000090500000, 0x0000000090500000, 0x0000000090600000|  0%| F|  |TAMS 0x0000000090500000, 0x0000000090500000| Untracked 
| 240|0x0000000090600000, 0x0000000090600000, 0x0000000090700000|  0%| F|  |TAMS 0x0000000090600000, 0x0000000090600000| Untracked 
| 241|0x0000000090700000, 0x0000000090700000, 0x0000000090800000|  0%| F|  |TAMS 0x0000000090700000, 0x0000000090700000| Untracked 
| 242|0x0000000090800000, 0x0000000090800000, 0x0000000090900000|  0%| F|  |TAMS 0x0000000090800000, 0x0000000090800000| Untracked 
| 243|0x0000000090900000, 0x0000000090900000, 0x0000000090a00000|  0%| F|  |TAMS 0x0000000090900000, 0x0000000090900000| Untracked 
| 244|0x0000000090a00000, 0x0000000090a00000, 0x0000000090b00000|  0%| F|  |TAMS 0x0000000090a00000, 0x0000000090a00000| Untracked 
| 245|0x0000000090b00000, 0x0000000090b00000, 0x0000000090c00000|  0%| F|  |TAMS 0x0000000090b00000, 0x0000000090b00000| Untracked 
| 246|0x0000000090c00000, 0x0000000090c00000, 0x0000000090d00000|  0%| F|  |TAMS 0x0000000090c00000, 0x0000000090c00000| Untracked 
| 247|0x0000000090d00000, 0x0000000090d00000, 0x0000000090e00000|  0%| F|  |TAMS 0x0000000090d00000, 0x0000000090d00000| Untracked 
| 248|0x0000000090e00000, 0x0000000090e00000, 0x0000000090f00000|  0%| F|  |TAMS 0x0000000090e00000, 0x0000000090e00000| Untracked 
| 249|0x0000000090f00000, 0x0000000090f00000, 0x0000000091000000|  0%| F|  |TAMS 0x0000000090f00000, 0x0000000090f00000| Untracked 
| 250|0x0000000091000000, 0x0000000091000000, 0x0000000091100000|  0%| F|  |TAMS 0x0000000091000000, 0x0000000091000000| Untracked 
| 251|0x0000000091100000, 0x0000000091100000, 0x0000000091200000|  0%| F|  |TAMS 0x0000000091100000, 0x0000000091100000| Untracked 
| 252|0x0000000091200000, 0x0000000091200000, 0x0000000091300000|  0%| F|  |TAMS 0x0000000091200000, 0x0000000091200000| Untracked 
| 253|0x0000000091300000, 0x0000000091300000, 0x0000000091400000|  0%| F|  |TAMS 0x0000000091300000, 0x0000000091300000| Untracked 
| 254|0x0000000091400000, 0x0000000091400000, 0x0000000091500000|  0%| F|  |TAMS 0x0000000091400000, 0x0000000091400000| Untracked 
| 255|0x0000000091500000, 0x0000000091500000, 0x0000000091600000|  0%| F|  |TAMS 0x0000000091500000, 0x0000000091500000| Untracked 

Card table byte_map: [0x00000155e79c0000,0x00000155e7dc0000] _byte_map_base: 0x00000155e75b5000

Marking Bits (Prev, Next): (CMBitMap*) 0x00000155ccf57f20, (CMBitMap*) 0x00000155ccf57f60
 Prev Bits: [0x00000155e81c0000, 0x00000155ea168000)
 Next Bits: [0x00000155ea170000, 0x00000155ec118000)

Polling page: 0x00000155ccfc0000

Metaspace:

Usage:
  Non-class:     11.44 MB used.
      Class:      1.79 MB used.
       Both:     13.23 MB used.

Virtual space:
  Non-class space:       64.00 MB reserved,      11.56 MB ( 18%) committed,  1 nodes.
      Class space:        1.00 GB reserved,       1.88 MB ( <1%) committed,  1 nodes.
             Both:        1.06 GB reserved,      13.44 MB (  1%) committed. 

Chunk freelists:
   Non-Class:  2.88 MB
       Class:  2.08 MB
        Both:  4.95 MB

MaxMetaspaceSize: unlimited
CompressedClassSpaceSize: 1.00 GB
Initial GC threshold: 21.00 MB
Current GC threshold: 21.00 MB
CDS: on
MetaspaceReclaimPolicy: balanced
 - commit_granule_bytes: 65536.
 - commit_granule_words: 8192.
 - virtual_space_node_default_size: 8388608.
 - enlarge_chunks_in_place: 1.
 - new_chunks_are_fully_committed: 0.
 - uncommit_free_chunks: 1.
 - use_allocation_guard: 0.


Internal statistics:

num_allocs_failed_limit: 0.
num_arena_births: 252.
num_arena_deaths: 0.
num_vsnodes_births: 2.
num_vsnodes_deaths: 0.
num_space_committed: 215.
num_space_uncommitted: 0.
num_chunks_returned_to_freelist: 0.
num_chunks_taken_from_freelist: 741.
num_chunk_merges: 0.
num_chunk_splits: 525.
num_chunks_enlarged: 402.
num_inconsistent_stats: 0.

CodeHeap 'non-profiled nmethods': size=120000Kb used=852Kb max_used=852Kb free=119147Kb
 bounds [0x00000155df400000, 0x00000155df670000, 0x00000155e6930000]
CodeHeap 'profiled nmethods': size=120000Kb used=5108Kb max_used=5108Kb free=114891Kb
 bounds [0x00000155d7930000, 0x00000155d7e30000, 0x00000155dee60000]
CodeHeap 'non-nmethods': size=5760Kb used=1531Kb max_used=1588Kb free=4229Kb
 bounds [0x00000155dee60000, 0x00000155df0d0000, 0x00000155df400000]
 total_blobs=3465 nmethods=2654 adapters=721
 compilation: enabled
              stopped_count=0, restarted_count=0
 full_count=0

Compilation events (20 events):
Event: 5.056 Thread 0x00000155eee340c0 2646       1       com.sun.javafx.geom.CurveLink::getEdgeTag (5 bytes)
Event: 5.056 Thread 0x00000155eee340c0 nmethod 2646 0x00000155df4d3b90 code [0x00000155df4d3d20, 0x00000155df4d3dd8]
Event: 5.056 Thread 0x00000155eee340c0 2648       1       com.sun.javafx.geom.Order0::getOrder (2 bytes)
Event: 5.056 Thread 0x00000155eee340c0 nmethod 2648 0x00000155df4d3e90 code [0x00000155df4d4020, 0x00000155df4d40f8]
Event: 5.056 Thread 0x00000155eee340c0 2649 %     3       com.sun.marlin.Renderer::_endRendering @ 763 (2473 bytes)
Event: 5.057 Thread 0x00000155eee12980 nmethod 2643 0x00000155df4d4190 code [0x00000155df4d4320, 0x00000155df4d4518]
Event: 5.064 Thread 0x00000155fdac5a30 2657       4       com.sun.prism.impl.BaseContext::setRenderTarget (47 bytes)
Event: 5.064 Thread 0x00000155fd9da480 2658       4       com.sun.prism.impl.ps.BaseShaderContext::setRenderTarget (278 bytes)
Event: 5.064 Thread 0x00000155eee340c0 nmethod 2649% 0x00000155d7e22e90 code [0x00000155d7e234a0, 0x00000155d7e290e8]
Event: 5.064 Thread 0x00000155eee340c0 2654       3       java.util.Vector::clear (5 bytes)
Event: 5.064 Thread 0x00000155eee340c0 nmethod 2654 0x00000155d7e2ce10 code [0x00000155d7e2cfc0, 0x00000155d7e2d108]
Event: 5.064 Thread 0x00000155eee340c0 2655       1       com.sun.prism.impl.shape.MaskData::getWidth (5 bytes)
Event: 5.064 Thread 0x00000155eee340c0 nmethod 2655 0x00000155df4d4690 code [0x00000155df4d4820, 0x00000155df4d48d8]
Event: 5.064 Thread 0x00000155eee340c0 2656       1       com.sun.prism.impl.shape.MaskData::getHeight (5 bytes)
Event: 5.065 Thread 0x00000155eee340c0 nmethod 2656 0x00000155df4d4990 code [0x00000155df4d4b20, 0x00000155df4d4bd8]
Event: 5.065 Thread 0x00000155eee340c0 2651       1       javafx.util.Pair::getKey (5 bytes)
Event: 5.065 Thread 0x00000155eee340c0 nmethod 2651 0x00000155df4d4c90 code [0x00000155df4d4e20, 0x00000155df4d4ed8]
Event: 5.065 Thread 0x00000155eee340c0 2653       1       com.sun.prism.impl.BaseTexture::getLastImageSerial (5 bytes)
Event: 5.065 Thread 0x00000155eee340c0 nmethod 2653 0x00000155df4d4f90 code [0x00000155df4d5120, 0x00000155df4d51d8]
Event: 5.065 Thread 0x00000155eee340c0 2659 %     3       com.sun.marlin.Renderer::_endRendering @ 1910 (2473 bytes)

GC Heap History (19 events):
Event: 4.770 GC heap before
{Heap before GC invocations=0 (full 0):
 garbage-first heap   total 131072K, used 31744K [0x0000000081600000, 0x0000000100000000)
  region size 1024K, 23 young (23552K), 0 survivors (0K)
 Metaspace       used 11723K, committed 11968K, reserved 1114112K
  class space    used 1603K, committed 1728K, reserved 1048576K
}
Event: 4.775 GC heap after
{Heap after GC invocations=1 (full 0):
 garbage-first heap   total 131072K, used 13669K [0x0000000081600000, 0x0000000100000000)
  region size 1024K, 3 young (3072K), 3 survivors (3072K)
 Metaspace       used 11723K, committed 11968K, reserved 1114112K
  class space    used 1603K, committed 1728K, reserved 1048576K
}
Event: 4.786 GC heap before
{Heap before GC invocations=1 (full 0):
 garbage-first heap   total 131072K, used 43365K [0x0000000081600000, 0x0000000100000000)
  region size 1024K, 32 young (32768K), 3 survivors (3072K)
 Metaspace       used 11788K, committed 12032K, reserved 1114112K
  class space    used 1626K, committed 1728K, reserved 1048576K
}
Event: 4.789 GC heap after
{Heap after GC invocations=2 (full 0):
 garbage-first heap   total 131072K, used 14221K [0x0000000081600000, 0x0000000100000000)
  region size 1024K, 1 young (1024K), 1 survivors (1024K)
 Metaspace       used 11788K, committed 12032K, reserved 1114112K
  class space    used 1626K, committed 1728K, reserved 1048576K
}
Event: 4.819 GC heap before
{Heap before GC invocations=2 (full 0):
 garbage-first heap   total 131072K, used 92045K [0x0000000081600000, 0x0000000100000000)
  region size 1024K, 76 young (77824K), 1 survivors (1024K)
 Metaspace       used 11847K, committed 12096K, reserved 1114112K
  class space    used 1629K, committed 1728K, reserved 1048576K
}
Event: 4.820 GC heap after
{Heap after GC invocations=3 (full 0):
 garbage-first heap   total 131072K, used 16240K [0x0000000081600000, 0x0000000100000000)
  region size 1024K, 2 young (2048K), 2 survivors (2048K)
 Metaspace       used 11847K, committed 12096K, reserved 1114112K
  class space    used 1629K, committed 1728K, reserved 1048576K
}
Event: 4.837 GC heap before
{Heap before GC invocations=3 (full 0):
 garbage-first heap   total 131072K, used 92016K [0x0000000081600000, 0x0000000100000000)
  region size 1024K, 76 young (77824K), 2 survivors (2048K)
 Metaspace       used 12145K, committed 12416K, reserved 1114112K
  class space    used 1675K, committed 1792K, reserved 1048576K
}
Event: 4.838 GC heap after
{Heap after GC invocations=4 (full 0):
 garbage-first heap   total 131072K, used 15809K [0x0000000081600000, 0x0000000100000000)
  region size 1024K, 2 young (2048K), 2 survivors (2048K)
 Metaspace       used 12145K, committed 12416K, reserved 1114112K
  class space    used 1675K, committed 1792K, reserved 1048576K
}
Event: 4.855 GC heap before
{Heap before GC invocations=4 (full 0):
 garbage-first heap   total 131072K, used 91585K [0x0000000081600000, 0x0000000100000000)
  region size 1024K, 76 young (77824K), 2 survivors (2048K)
 Metaspace       used 12226K, committed 12480K, reserved 1114112K
  class space    used 1679K, committed 1792K, reserved 1048576K
}
Event: 4.857 GC heap after
{Heap after GC invocations=5 (full 0):
 garbage-first heap   total 131072K, used 16334K [0x0000000081600000, 0x0000000100000000)
  region size 1024K, 2 young (2048K), 2 survivors (2048K)
 Metaspace       used 12226K, committed 12480K, reserved 1114112K
  class space    used 1679K, committed 1792K, reserved 1048576K
}
Event: 4.874 GC heap before
{Heap before GC invocations=5 (full 0):
 garbage-first heap   total 131072K, used 92110K [0x0000000081600000, 0x0000000100000000)
  region size 1024K, 76 young (77824K), 2 survivors (2048K)
 Metaspace       used 12443K, committed 12736K, reserved 1114112K
  class space    used 1728K, committed 1856K, reserved 1048576K
}
Event: 4.876 GC heap after
{Heap after GC invocations=6 (full 0):
 garbage-first heap   total 262144K, used 16010K [0x0000000081600000, 0x0000000100000000)
  region size 1024K, 2 young (2048K), 2 survivors (2048K)
 Metaspace       used 12443K, committed 12736K, reserved 1114112K
  class space    used 1728K, committed 1856K, reserved 1048576K
}
Event: 4.937 GC heap before
{Heap before GC invocations=6 (full 0):
 garbage-first heap   total 262144K, used 170634K [0x0000000081600000, 0x0000000100000000)
  region size 1024K, 153 young (156672K), 2 survivors (2048K)
 Metaspace       used 12855K, committed 13120K, reserved 1114112K
  class space    used 1771K, committed 1856K, reserved 1048576K
}
Event: 4.939 GC heap after
{Heap after GC invocations=7 (full 0):
 garbage-first heap   total 262144K, used 17191K [0x0000000081600000, 0x0000000100000000)
  region size 1024K, 3 young (3072K), 3 survivors (3072K)
 Metaspace       used 12855K, committed 13120K, reserved 1114112K
  class space    used 1771K, committed 1856K, reserved 1048576K
}
Event: 4.982 GC heap before
{Heap before GC invocations=7 (full 0):
 garbage-first heap   total 262144K, used 170791K [0x0000000081600000, 0x0000000100000000)
  region size 1024K, 153 young (156672K), 3 survivors (3072K)
 Metaspace       used 12942K, committed 13184K, reserved 1114112K
  class space    used 1776K, committed 1856K, reserved 1048576K
}
Event: 4.984 GC heap after
{Heap after GC invocations=8 (full 0):
 garbage-first heap   total 262144K, used 17391K [0x0000000081600000, 0x0000000100000000)
  region size 1024K, 3 young (3072K), 3 survivors (3072K)
 Metaspace       used 12942K, committed 13184K, reserved 1114112K
  class space    used 1776K, committed 1856K, reserved 1048576K
}
Event: 5.029 GC heap before
{Heap before GC invocations=8 (full 0):
 garbage-first heap   total 262144K, used 173039K [0x0000000081600000, 0x0000000100000000)
  region size 1024K, 153 young (156672K), 3 survivors (3072K)
 Metaspace       used 13488K, committed 13760K, reserved 1114112K
  class space    used 1827K, committed 1920K, reserved 1048576K
}
Event: 5.030 GC heap after
{Heap after GC invocations=9 (full 0):
 garbage-first heap   total 262144K, used 19809K [0x0000000081600000, 0x0000000100000000)
  region size 1024K, 4 young (4096K), 4 survivors (4096K)
 Metaspace       used 13488K, committed 13760K, reserved 1114112K
  class space    used 1827K, committed 1920K, reserved 1048576K
}
Event: 5.070 GC heap before
{Heap before GC invocations=9 (full 0):
 garbage-first heap   total 262144K, used 172385K [0x0000000081600000, 0x0000000100000000)
  region size 1024K, 153 young (156672K), 4 survivors (4096K)
 Metaspace       used 13549K, committed 13760K, reserved 1114112K
  class space    used 1829K, committed 1920K, reserved 1048576K
}

Dll operation events (20 events):
Event: 0.126 Loaded shared library C:\Program Files\Zulu\zulu-19\bin\api-ms-win-crt-process-l1-1-0.dll
Event: 0.127 Loaded shared library C:\Program Files\Zulu\zulu-19\bin\api-ms-win-crt-runtime-l1-1-0.dll
Event: 0.128 Loaded shared library C:\Program Files\Zulu\zulu-19\bin\api-ms-win-crt-stdio-l1-1-0.dll
Event: 0.129 Loaded shared library C:\Program Files\Zulu\zulu-19\bin\api-ms-win-crt-string-l1-1-0.dll
Event: 0.131 Loaded shared library C:\Program Files\Zulu\zulu-19\bin\api-ms-win-crt-time-l1-1-0.dll
Event: 0.132 Loaded shared library C:\Program Files\Zulu\zulu-19\bin\api-ms-win-crt-utility-l1-1-0.dll
Event: 0.133 Loaded shared library C:\Program Files\Zulu\zulu-19\bin\ucrtbase.dll
Event: 0.133 Loaded shared library C:\Program Files\Zulu\zulu-19\bin\vcruntime140.dll
Event: 0.134 Loaded shared library C:\Program Files\Zulu\zulu-19\bin\vcruntime140_1.dll
Event: 0.134 Loaded shared library C:\Program Files\Zulu\zulu-19\bin\msvcp140.dll
Event: 0.135 Loaded shared library C:\Program Files\Zulu\zulu-19\bin\msvcp140_1.dll
Event: 0.136 Loaded shared library C:\Program Files\Zulu\zulu-19\bin\msvcp140_2.dll
Event: 0.156 Loaded shared library C:\Program Files\Zulu\zulu-19\bin\prism_d3d.dll
Event: 0.195 Loaded shared library C:\Program Files\Zulu\zulu-19\bin\glass.dll
Event: 0.296 Loaded shared library C:\Program Files\Zulu\zulu-19\bin\javafx_iio.dll
Event: 0.350 Loaded shared library C:\Program Files\Zulu\zulu-19\bin\javafx_font.dll
Event: 4.689 Loaded shared library C:\Program Files\Zulu\zulu-19\bin\glib-lite.dll
Event: 4.695 Loaded shared library C:\Program Files\Zulu\zulu-19\bin\gstreamer-lite.dll
Event: 4.698 Loaded shared library C:\Program Files\Zulu\zulu-19\bin\jfxmedia.dll
Event: 4.762 Loaded shared library C:\Users\ulise\AppData\Local\Temp\jSerialComm\2.9.3\jSerialComm.dll

Deoptimization events (20 events):
Event: 4.937 Thread 0x00000155f312cbf0 Uncommon trap: trap_request=0xffffff45 fr.pc=0x00000155df4b26fc relative=0x000000000000005c
Event: 4.937 Thread 0x00000155f312cbf0 Uncommon trap: reason=unstable_if action=reinterpret pc=0x00000155df4b26fc method=java.util.Objects.equals(Ljava/lang/Object;Ljava/lang/Object;)Z @ 6 c2
Event: 4.937 Thread 0x00000155f312cbf0 DEOPT PACKING pc=0x00000155df4b26fc sp=0x00000021bfafcc30
Event: 4.937 Thread 0x00000155f312cbf0 DEOPT UNPACKING pc=0x00000155deec6da3 sp=0x00000021bfafcbd0 mode 2
Event: 4.966 Thread 0x00000155f312cbf0 Uncommon trap: trap_request=0xffffff45 fr.pc=0x00000155df4b8d88 relative=0x0000000000000068
Event: 4.966 Thread 0x00000155f312cbf0 Uncommon trap: reason=unstable_if action=reinterpret pc=0x00000155df4b8d88 method=java.lang.ref.ReferenceQueue.poll()Ljava/lang/ref/Reference; @ 4 c2
Event: 4.966 Thread 0x00000155f312cbf0 DEOPT PACKING pc=0x00000155df4b8d88 sp=0x00000021bfafd450
Event: 4.966 Thread 0x00000155f312cbf0 DEOPT UNPACKING pc=0x00000155deec6da3 sp=0x00000021bfafd3d8 mode 2
Event: 5.032 Thread 0x00000155f3398050 Uncommon trap: trap_request=0xffffff45 fr.pc=0x00000155df4706e0 relative=0x00000000000000c0
Event: 5.032 Thread 0x00000155f3398050 Uncommon trap: reason=unstable_if action=reinterpret pc=0x00000155df4706e0 method=com.sun.prism.impl.BaseContext.flushMask()V @ 11 c2
Event: 5.032 Thread 0x00000155f3398050 DEOPT PACKING pc=0x00000155df4706e0 sp=0x00000021bf7fdae0
Event: 5.032 Thread 0x00000155f3398050 DEOPT UNPACKING pc=0x00000155deec6da3 sp=0x00000021bf7fd9b0 mode 2
Event: 5.050 Thread 0x00000155f3398050 DEOPT PACKING pc=0x00000155d7e0e3fb sp=0x00000021bf7fd910
Event: 5.050 Thread 0x00000155f3398050 DEOPT UNPACKING pc=0x00000155deec7543 sp=0x00000021bf7fccd8 mode 0
Event: 5.052 Thread 0x00000155f3398050 DEOPT PACKING pc=0x00000155d7e192aa sp=0x00000021bf7fda20
Event: 5.052 Thread 0x00000155f3398050 DEOPT UNPACKING pc=0x00000155deec7543 sp=0x00000021bf7fce88 mode 0
Event: 5.054 Thread 0x00000155f3398050 DEOPT PACKING pc=0x00000155d7e0c7c2 sp=0x00000021bf7fda00
Event: 5.054 Thread 0x00000155f3398050 DEOPT UNPACKING pc=0x00000155deec7543 sp=0x00000021bf7fce90 mode 0
Event: 5.056 Thread 0x00000155f3398050 DEOPT PACKING pc=0x00000155d7e0c7c2 sp=0x00000021bf7fd7f0
Event: 5.056 Thread 0x00000155f3398050 DEOPT UNPACKING pc=0x00000155deec7543 sp=0x00000021bf7fcc80 mode 0

Classes loaded (20 events):
Event: 4.768 Loading class jdk/internal/event/Event
Event: 4.768 Loading class java/util/TaskQueue done
Event: 4.768 Loading class java/util/TimerThread
Event: 4.768 Loading class jdk/internal/event/Event done
Event: 4.768 Loading class java/util/TimerThread done
Event: 4.768 Loading class java/util/Timer$ThreadReaper
Event: 4.768 Loading class java/util/Timer$ThreadReaper done
Event: 4.768 Loading class jdk/internal/event/ThreadSleepEvent done
Event: 4.826 Loading class java/io/CharArrayReader
Event: 4.826 Loading class java/io/CharArrayReader done
Event: 4.826 Loading class java/io/BufferedReader
Event: 4.826 Loading class java/io/BufferedReader done
Event: 4.986 Loading class java/lang/ArrayIndexOutOfBoundsException
Event: 4.986 Loading class java/lang/ArrayIndexOutOfBoundsException done
Event: 4.997 Loading class jdk/internal/ref/CleanerImpl$InnocuousThreadFactory
Event: 4.998 Loading class jdk/internal/ref/CleanerImpl$InnocuousThreadFactory done
Event: 5.005 Loading class sun/misc/Unsafe
Event: 5.006 Loading class sun/misc/Unsafe done
Event: 5.007 Loading class java/lang/invoke/DirectMethodHandle$StaticAccessor
Event: 5.007 Loading class java/lang/invoke/DirectMethodHandle$StaticAccessor done

Classes unloaded (0 events):
No events

Classes redefined (0 events):
No events

Internal exceptions (20 events):
Event: 0.480 Thread 0x00000155f3398050 Exception <a 'java/lang/NoSuchMethodError'{0x00000000892aa940}: 'int java.lang.invoke.DirectMethodHandle$Holder.invokeStaticInit(java.lang.Object, java.lang.Object)'> (0x00000000892aa940) 
thrown [s\src\hotspot\share\interpreter\linkResolver.cpp, line 774]
Event: 0.497 Thread 0x00000155f3398050 Exception <a 'java/lang/NoSuchMethodError'{0x0000000088deeb10}: 'java.lang.Object java.lang.invoke.Invokers$Holder.invokeExact_MT(java.lang.Object, java.lang.Object, java.lang.Object, java.lang.Object, java.lang.Object)'> (0x0000000088deeb10) 
thrown [s\src\hotspot\share\interpreter\linkResolver.cpp, line 774]
Event: 0.507 Thread 0x00000155f3398050 Exception <a 'java/lang/NoSuchMethodError'{0x0000000088dff840}: 'java.lang.Object java.lang.invoke.DirectMethodHandle$Holder.invokeStaticInit(java.lang.Object, int)'> (0x0000000088dff840) 
thrown [s\src\hotspot\share\interpreter\linkResolver.cpp, line 774]
Event: 1.804 Thread 0x00000155f312cbf0 Exception <a 'java/lang/NoSuchMethodError'{0x0000000088b0b200}: 'long java.lang.invoke.DirectMethodHandle$Holder.invokeStatic(java.lang.Object, java.lang.Object, java.lang.Object)'> (0x0000000088b0b200) 
thrown [s\src\hotspot\share\interpreter\linkResolver.cpp, line 774]
Event: 1.804 Thread 0x00000155f312cbf0 Exception <a 'java/lang/NoSuchMethodError'{0x0000000088b0e878}: 'long java.lang.invoke.DirectMethodHandle$Holder.invokeStaticInit(java.lang.Object, java.lang.Object, java.lang.Object)'> (0x0000000088b0e878) 
thrown [s\src\hotspot\share\interpreter\linkResolver.cpp, line 774]
Event: 1.806 Thread 0x00000155f312cbf0 Exception <a 'java/lang/NoSuchMethodError'{0x0000000088b26d18}: 'java.lang.Object java.lang.invoke.DirectMethodHandle$Holder.newInvokeSpecial(java.lang.Object, java.lang.Object, long)'> (0x0000000088b26d18) 
thrown [s\src\hotspot\share\interpreter\linkResolver.cpp, line 774]
Event: 1.806 Thread 0x00000155f312cbf0 Exception <a 'java/lang/NoSuchMethodError'{0x0000000088b2a8a0}: 'java.lang.Object java.lang.invoke.Invokers$Holder.linkToTargetMethod(java.lang.Object, long, java.lang.Object)'> (0x0000000088b2a8a0) 
thrown [s\src\hotspot\share\interpreter\linkResolver.cpp, line 774]
Event: 4.641 Thread 0x00000155f312cbf0 Exception <a 'java/lang/ClassNotFoundException'{0x00000000889363f8}: com/sun/glass/ui/win/themes> (0x00000000889363f8) 
thrown [s\src\hotspot\share\prims\jni.cpp, line 536]
Event: 4.641 Thread 0x00000155f312cbf0 Exception <a 'java/lang/ClassNotFoundException'{0x000000008893e0c0}: com/sun/glass/ui/win/themes_es> (0x000000008893e0c0) 
thrown [s\src\hotspot\share\prims\jni.cpp, line 536]
Event: 4.641 Thread 0x00000155f312cbf0 Exception <a 'java/lang/ClassNotFoundException'{0x0000000088945e60}: com/sun/glass/ui/win/themes_es_CR> (0x0000000088945e60) 
thrown [s\src\hotspot\share\prims\jni.cpp, line 536]
Event: 4.674 Thread 0x00000155f312cbf0 Implicit null exception at 0x00000155df484f2c to 0x00000155df4851b8
Event: 4.674 Thread 0x00000155f312cbf0 Implicit null exception at 0x00000155df48472c to 0x00000155df4849ac
Event: 4.674 Thread 0x00000155f312cbf0 Exception <a 'java/lang/NoSuchMethodError'{0x0000000088627b08}: 'void java.lang.invoke.DirectMethodHandle$Holder.invokeStaticInit(java.lang.Object, java.lang.Object)'> (0x0000000088627b08) 
thrown [s\src\hotspot\share\interpreter\linkResolver.cpp, line 774]
Event: 4.702 Thread 0x00000155f312cbf0 Exception <a 'java/lang/NoSuchMethodError'{0x000000008865fb68}: 'long java.lang.invoke.DirectMethodHandle$Holder.invokeVirtual(java.lang.Object, java.lang.Object)'> (0x000000008865fb68) 
thrown [s\src\hotspot\share\interpreter\linkResolver.cpp, line 774]
Event: 4.702 Thread 0x00000155f312cbf0 Exception <a 'java/lang/NoSuchMethodError'{0x0000000088663590}: 'long java.lang.invoke.DelegatingMethodHandle$Holder.reinvoke_L(java.lang.Object, java.lang.Object)'> (0x0000000088663590) 
thrown [s\src\hotspot\share\interpreter\linkResolver.cpp, line 774]
Event: 4.705 Thread 0x00000155f312cbf0 Implicit null exception at 0x00000155df42e9f2 to 0x00000155df42ef04
Event: 4.705 Thread 0x00000155f312cbf0 Implicit null exception at 0x00000155df42c8f2 to 0x00000155df42cdfc
Event: 4.812 Thread 0x00000155f312cbf0 Exception <a 'java/lang/NoSuchMethodError'{0x00000000887fa200}: 'java.lang.Object java.lang.invoke.DirectMethodHandle$Holder.newInvokeSpecial(java.lang.Object, java.lang.Object, java.lang.Object, java.lang.Object, java.lang.Object, java.lang.Object, java.lang.Object)'> (0x00000000887fa200) 
thrown [s\src\hotspot\share\interpreter\linkResolver.cpp, line 774]
Event: 4.870 Thread 0x00000155f312cbf0 Exception <a 'java/lang/NoSuchMethodError'{0x00000000895a1950}: 'java.lang.Object java.lang.invoke.DirectMethodHandle$Holder.invokeInterface(java.lang.Object, java.lang.Object, java.lang.Object)'> (0x00000000895a1950) 
thrown [s\src\hotspot\share\interpreter\linkResolver.cpp, line 774]
Event: 4.870 Thread 0x00000155f312cbf0 Exception <a 'java/lang/IncompatibleClassChangeError'{0x00000000895a5630}: Found class java.lang.Object, but interface was expected> (0x00000000895a5630) 
thrown [s\src\hotspot\share\interpreter\linkResolver.cpp, line 841]

VM Operations (20 events):
Event: 4.789 Executing VM operation: G1CollectForAllocation done
Event: 4.818 Executing VM operation: G1CollectForAllocation
Event: 4.820 Executing VM operation: G1CollectForAllocation done
Event: 4.837 Executing VM operation: G1CollectForAllocation
Event: 4.838 Executing VM operation: G1CollectForAllocation done
Event: 4.855 Executing VM operation: G1CollectForAllocation
Event: 4.857 Executing VM operation: G1CollectForAllocation done
Event: 4.874 Executing VM operation: G1CollectForAllocation
Event: 4.876 Executing VM operation: G1CollectForAllocation done
Event: 4.937 Executing VM operation: G1CollectForAllocation
Event: 4.939 Executing VM operation: G1CollectForAllocation done
Event: 4.982 Executing VM operation: G1CollectForAllocation
Event: 4.984 Executing VM operation: G1CollectForAllocation done
Event: 4.988 Executing VM operation: HandshakeAllThreads
Event: 4.988 Executing VM operation: HandshakeAllThreads done
Event: 5.029 Executing VM operation: G1CollectForAllocation
Event: 5.030 Executing VM operation: G1CollectForAllocation done
Event: 5.070 Executing VM operation: G1CollectForAllocation
Event: 5.070 Executing VM operation: G1CollectForAllocation done
Event: 5.070 Executing VM operation: G1CollectForAllocation

Events (20 events):
Event: 0.019 Thread 0x00000155eee340c0 Thread added: 0x00000155eee340c0
Event: 0.019 Thread 0x00000155eee36650 Thread added: 0x00000155eee36650
Event: 0.030 Thread 0x00000155f31285e0 Thread added: 0x00000155f31285e0
Event: 0.033 Thread 0x00000155f3137160 Thread added: 0x00000155f3137160
Event: 0.152 Thread 0x00000155f3398050 Thread added: 0x00000155f3398050
Event: 0.196 Thread 0x00000155f312bb10 Thread added: 0x00000155f312bb10
Event: 0.198 Thread 0x00000155f312cbf0 Thread added: 0x00000155f312cbf0
Event: 0.290 Thread 0x00000155f3cc7570 Thread added: 0x00000155f3cc7570
Event: 0.299 Thread 0x00000155f3cc8ab0 Thread added: 0x00000155f3cc8ab0
Event: 0.367 Thread 0x00000155f3cc9000 Thread added: 0x00000155f3cc9000
Event: 4.658 Thread 0x00000155fd9da480 Thread added: 0x00000155fd9da480
Event: 4.745 Thread 0x00000155f3cc8010 Thread added: 0x00000155f3cc8010
Event: 4.747 Thread 0x00000155f3ccaa90 Thread added: 0x00000155f3ccaa90
Event: 4.752 Thread 0x00000155f3ccaa90 Thread exited: 0x00000155f3ccaa90
Event: 4.752 Thread 0x00000155f3cc8010 Thread exited: 0x00000155f3cc8010
Event: 4.767 Thread 0x00000155f3cc9aa0 Thread added: 0x00000155f3cc9aa0
Event: 4.767 Thread 0x00000155f3cca540 Thread added: 0x00000155f3cca540
Event: 4.768 Thread 0x00000155f3ccaa90 Thread added: 0x00000155f3ccaa90
Event: 4.853 Thread 0x00000155fdac5a30 Thread added: 0x00000155fdac5a30
Event: 4.998 Thread 0x00000155f3cc7ac0 Thread added: 0x00000155f3cc7ac0


Dynamic libraries:
0x00007ff64a580000 - 0x00007ff64a58e000 	C:\Program Files\Zulu\zulu-19\bin\java.exe
0x00007ffa972f0000 - 0x00007ffa97504000 	C:\WINDOWS\SYSTEM32\ntdll.dll
0x00007ffa96a30000 - 0x00007ffa96af2000 	C:\WINDOWS\System32\KERNEL32.DLL
0x00007ffa94a90000 - 0x00007ffa94e2c000 	C:\WINDOWS\System32\KERNELBASE.dll
0x00007ffa94730000 - 0x00007ffa94841000 	C:\WINDOWS\System32\ucrtbase.dll
0x00007ffa82c40000 - 0x00007ffa82c5b000 	C:\Program Files\Zulu\zulu-19\bin\VCRUNTIME140.dll
0x00007ffa82f00000 - 0x00007ffa82f17000 	C:\Program Files\Zulu\zulu-19\bin\jli.dll
0x00007ffa95ee0000 - 0x00007ffa9608b000 	C:\WINDOWS\System32\USER32.dll
0x00007ffa94a60000 - 0x00007ffa94a86000 	C:\WINDOWS\System32\win32u.dll
0x00007ffa7c330000 - 0x00007ffa7c5be000 	C:\WINDOWS\WinSxS\amd64_microsoft.windows.common-controls_6595b64144ccf1df_6.0.22621.608_none_a9444ca7c10bb01d\COMCTL32.dll
0x00007ffa97200000 - 0x00007ffa972a7000 	C:\WINDOWS\System32\msvcrt.dll
0x00007ffa97050000 - 0x00007ffa97079000 	C:\WINDOWS\System32\GDI32.dll
0x00007ffa94f70000 - 0x00007ffa95083000 	C:\WINDOWS\System32\gdi32full.dll
0x00007ffa949c0000 - 0x00007ffa94a5a000 	C:\WINDOWS\System32\msvcp_win.dll
0x00007ffa95ea0000 - 0x00007ffa95ed1000 	C:\WINDOWS\System32\IMM32.DLL
0x00007ffa8e1a0000 - 0x00007ffa8e1ac000 	C:\Program Files\Zulu\zulu-19\bin\vcruntime140_1.dll
0x00007ffa6aa40000 - 0x00007ffa6aacd000 	C:\Program Files\Zulu\zulu-19\bin\msvcp140.dll
0x00007ffa35440000 - 0x00007ffa36147000 	C:\Program Files\Zulu\zulu-19\bin\server\jvm.dll
0x00007ffa970d0000 - 0x00007ffa9717e000 	C:\WINDOWS\System32\ADVAPI32.dll
0x00007ffa95d60000 - 0x00007ffa95e04000 	C:\WINDOWS\System32\sechost.dll
0x00007ffa95c20000 - 0x00007ffa95d35000 	C:\WINDOWS\System32\RPCRT4.dll
0x00007ffa8ce90000 - 0x00007ffa8cec4000 	C:\WINDOWS\SYSTEM32\WINMM.dll
0x00007ffa8df80000 - 0x00007ffa8df89000 	C:\WINDOWS\SYSTEM32\WSOCK32.dll
0x00007ffa8ce00000 - 0x00007ffa8ce0a000 	C:\WINDOWS\SYSTEM32\VERSION.dll
0x00007ffa95620000 - 0x00007ffa95691000 	C:\WINDOWS\System32\WS2_32.dll
0x00007ffa93790000 - 0x00007ffa937a8000 	C:\WINDOWS\SYSTEM32\kernel.appcore.dll
0x00007ffa8dc90000 - 0x00007ffa8dc9a000 	C:\Program Files\Zulu\zulu-19\bin\jimage.dll
0x00007ffa920e0000 - 0x00007ffa9230e000 	C:\WINDOWS\SYSTEM32\DBGHELP.DLL
0x00007ffa95790000 - 0x00007ffa95b19000 	C:\WINDOWS\System32\combase.dll
0x00007ffa95160000 - 0x00007ffa95237000 	C:\WINDOWS\System32\OLEAUT32.dll
0x00007ffa764d0000 - 0x00007ffa76502000 	C:\WINDOWS\SYSTEM32\dbgcore.DLL
0x00007ffa94e30000 - 0x00007ffa94eab000 	C:\WINDOWS\System32\bcryptPrimitives.dll
0x00007ffa81f50000 - 0x00007ffa81f76000 	C:\Program Files\Zulu\zulu-19\bin\java.dll
0x00007ffa4c0a0000 - 0x00007ffa4c177000 	C:\Program Files\Zulu\zulu-19\bin\jsvml.dll
0x00007ffa960a0000 - 0x00007ffa96890000 	C:\WINDOWS\System32\SHELL32.dll
0x00007ffa92750000 - 0x00007ffa9301d000 	C:\WINDOWS\SYSTEM32\windows.storage.dll
0x00007ffa92610000 - 0x00007ffa9274e000 	C:\WINDOWS\SYSTEM32\wintypes.dll
0x00007ffa95360000 - 0x00007ffa95451000 	C:\WINDOWS\System32\SHCORE.dll
0x00007ffa956b0000 - 0x00007ffa9570e000 	C:\WINDOWS\System32\shlwapi.dll
0x00007ffa94660000 - 0x00007ffa94681000 	C:\WINDOWS\SYSTEM32\profapi.dll
0x00007ffa82a60000 - 0x00007ffa82a73000 	C:\Program Files\Zulu\zulu-19\bin\net.dll
0x00007ffa8d990000 - 0x00007ffa8dac7000 	C:\WINDOWS\SYSTEM32\WINHTTP.dll
0x00007ffa93c00000 - 0x00007ffa93c69000 	C:\WINDOWS\system32\mswsock.dll
0x00007ffa82870000 - 0x00007ffa82886000 	C:\Program Files\Zulu\zulu-19\bin\nio.dll
0x00007ffa81ef0000 - 0x00007ffa81f08000 	C:\Program Files\Zulu\zulu-19\bin\zip.dll
0x00000155eef90000 - 0x00000155eef94000 	C:\Program Files\Zulu\zulu-19\bin\api-ms-win-core-console-l1-1-0.dll
0x00000155eefa0000 - 0x00000155eefa4000 	C:\Program Files\Zulu\zulu-19\bin\api-ms-win-core-console-l1-2-0.dll
0x00000155eefb0000 - 0x00000155eefb4000 	C:\Program Files\Zulu\zulu-19\bin\api-ms-win-core-datetime-l1-1-0.dll
0x00000155eefc0000 - 0x00000155eefc4000 	C:\Program Files\Zulu\zulu-19\bin\api-ms-win-core-debug-l1-1-0.dll
0x00000155eefd0000 - 0x00000155eefd4000 	C:\Program Files\Zulu\zulu-19\bin\api-ms-win-core-errorhandling-l1-1-0.dll
0x00000155eefe0000 - 0x00000155eefe5000 	C:\Program Files\Zulu\zulu-19\bin\api-ms-win-core-file-l1-1-0.dll
0x00000155eeff0000 - 0x00000155eeff4000 	C:\Program Files\Zulu\zulu-19\bin\api-ms-win-core-file-l1-2-0.dll
0x00000155f3400000 - 0x00000155f3404000 	C:\Program Files\Zulu\zulu-19\bin\api-ms-win-core-file-l2-1-0.dll
0x00000155f3410000 - 0x00000155f3414000 	C:\Program Files\Zulu\zulu-19\bin\api-ms-win-core-handle-l1-1-0.dll
0x00000155f3420000 - 0x00000155f3424000 	C:\Program Files\Zulu\zulu-19\bin\api-ms-win-core-heap-l1-1-0.dll
0x00000155f3430000 - 0x00000155f3434000 	C:\Program Files\Zulu\zulu-19\bin\api-ms-win-core-interlocked-l1-1-0.dll
0x00000155f3440000 - 0x00000155f3444000 	C:\Program Files\Zulu\zulu-19\bin\api-ms-win-core-libraryloader-l1-1-0.dll
0x00000155f3450000 - 0x00000155f3454000 	C:\Program Files\Zulu\zulu-19\bin\api-ms-win-core-localization-l1-2-0.dll
0x00000155f3460000 - 0x00000155f3464000 	C:\Program Files\Zulu\zulu-19\bin\api-ms-win-core-memory-l1-1-0.dll
0x00000155f3470000 - 0x00000155f3474000 	C:\Program Files\Zulu\zulu-19\bin\api-ms-win-core-namedpipe-l1-1-0.dll
0x00000155f3480000 - 0x00000155f3484000 	C:\Program Files\Zulu\zulu-19\bin\api-ms-win-core-processenvironment-l1-1-0.dll
0x00000155f3490000 - 0x00000155f3494000 	C:\Program Files\Zulu\zulu-19\bin\api-ms-win-core-processthreads-l1-1-0.dll
0x00000155f34a0000 - 0x00000155f34a4000 	C:\Program Files\Zulu\zulu-19\bin\api-ms-win-core-processthreads-l1-1-1.dll
0x00000155f34b0000 - 0x00000155f34b4000 	C:\Program Files\Zulu\zulu-19\bin\api-ms-win-core-profile-l1-1-0.dll
0x00000155f34c0000 - 0x00000155f34c4000 	C:\Program Files\Zulu\zulu-19\bin\api-ms-win-core-rtlsupport-l1-1-0.dll
0x00000155f34d0000 - 0x00000155f34d4000 	C:\Program Files\Zulu\zulu-19\bin\api-ms-win-core-string-l1-1-0.dll
0x00000155f34e0000 - 0x00000155f34e4000 	C:\Program Files\Zulu\zulu-19\bin\api-ms-win-core-synch-l1-1-0.dll
0x00000155f34f0000 - 0x00000155f34f4000 	C:\Program Files\Zulu\zulu-19\bin\api-ms-win-core-synch-l1-2-0.dll
0x00000155f3500000 - 0x00000155f3504000 	C:\Program Files\Zulu\zulu-19\bin\api-ms-win-core-sysinfo-l1-1-0.dll
0x00000155f3510000 - 0x00000155f3514000 	C:\Program Files\Zulu\zulu-19\bin\api-ms-win-core-timezone-l1-1-0.dll
0x00000155f3520000 - 0x00000155f3524000 	C:\Program Files\Zulu\zulu-19\bin\api-ms-win-core-util-l1-1-0.dll
0x00000155f3530000 - 0x00000155f3534000 	C:\Program Files\Zulu\zulu-19\bin\api-ms-win-crt-conio-l1-1-0.dll
0x00000155f3540000 - 0x00000155f3545000 	C:\Program Files\Zulu\zulu-19\bin\api-ms-win-crt-convert-l1-1-0.dll
0x00000155f3550000 - 0x00000155f3554000 	C:\Program Files\Zulu\zulu-19\bin\api-ms-win-crt-environment-l1-1-0.dll
0x00000155f3560000 - 0x00000155f3564000 	C:\Program Files\Zulu\zulu-19\bin\api-ms-win-crt-filesystem-l1-1-0.dll
0x00000155f3570000 - 0x00000155f3574000 	C:\Program Files\Zulu\zulu-19\bin\api-ms-win-crt-heap-l1-1-0.dll
0x00000155f3580000 - 0x00000155f3584000 	C:\Program Files\Zulu\zulu-19\bin\api-ms-win-crt-locale-l1-1-0.dll
0x00000155f3590000 - 0x00000155f3596000 	C:\Program Files\Zulu\zulu-19\bin\api-ms-win-crt-math-l1-1-0.dll
0x00000155f35a0000 - 0x00000155f35a6000 	C:\Program Files\Zulu\zulu-19\bin\api-ms-win-crt-multibyte-l1-1-0.dll
0x00000155f35b0000 - 0x00000155f35c1000 	C:\Program Files\Zulu\zulu-19\bin\api-ms-win-crt-private-l1-1-0.dll
0x00000155f35d0000 - 0x00000155f35d4000 	C:\Program Files\Zulu\zulu-19\bin\api-ms-win-crt-process-l1-1-0.dll
0x00000155f35e0000 - 0x00000155f35e5000 	C:\Program Files\Zulu\zulu-19\bin\api-ms-win-crt-runtime-l1-1-0.dll
0x00000155f35f0000 - 0x00000155f35f5000 	C:\Program Files\Zulu\zulu-19\bin\api-ms-win-crt-stdio-l1-1-0.dll
0x00000155f3600000 - 0x00000155f3605000 	C:\Program Files\Zulu\zulu-19\bin\api-ms-win-crt-string-l1-1-0.dll
0x00000155f3610000 - 0x00000155f3614000 	C:\Program Files\Zulu\zulu-19\bin\api-ms-win-crt-time-l1-1-0.dll
0x00000155f3620000 - 0x00000155f3624000 	C:\Program Files\Zulu\zulu-19\bin\api-ms-win-crt-utility-l1-1-0.dll
0x00007ffa4bda0000 - 0x00007ffa4beb0000 	C:\Program Files\Zulu\zulu-19\bin\ucrtbase.dll
0x00007ffa82eb0000 - 0x00007ffa82eb9000 	C:\Program Files\Zulu\zulu-19\bin\msvcp140_1.dll
0x00007ffa81e80000 - 0x00007ffa81eaf000 	C:\Program Files\Zulu\zulu-19\bin\msvcp140_2.dll
0x00007ffa7beb0000 - 0x00007ffa7bedc000 	C:\Program Files\Zulu\zulu-19\bin\prism_d3d.dll
0x00007ffa85410000 - 0x00007ffa855b9000 	C:\WINDOWS\system32\d3d9.dll
0x00007ffa91cd0000 - 0x00007ffa91cfb000 	C:\WINDOWS\SYSTEM32\dwmapi.dll
0x00007ffa91a90000 - 0x00007ffa91ac6000 	C:\WINDOWS\SYSTEM32\dxcore.dll
0x00007ffa91990000 - 0x00007ffa91a3b000 	C:\WINDOWS\system32\uxtheme.dll
0x00007ffa83fa0000 - 0x00007ffa840b7000 	C:\WINDOWS\System32\DriverStore\FileRepository\nvlt.inf_amd64_7947c31fc944635c\nvldumdx.dll
0x00007ffa943d0000 - 0x00007ffa943e2000 	C:\WINDOWS\SYSTEM32\msasn1.dll
0x00007ffa8c0c0000 - 0x00007ffa8c0f2000 	C:\WINDOWS\SYSTEM32\cryptnet.dll
0x00007ffa94850000 - 0x00007ffa949b6000 	C:\WINDOWS\System32\CRYPT32.dll
0x00007ffa8bf20000 - 0x00007ffa8c078000 	C:\WINDOWS\SYSTEM32\drvstore.dll
0x00007ffa943f0000 - 0x00007ffa9441c000 	C:\WINDOWS\SYSTEM32\devobj.dll
0x00007ffa94420000 - 0x00007ffa9446e000 	C:\WINDOWS\SYSTEM32\cfgmgr32.dll
0x00007ffa93f70000 - 0x00007ffa93fb8000 	C:\WINDOWS\SYSTEM32\wldp.dll
0x00007ffa93ee0000 - 0x00007ffa93eec000 	C:\WINDOWS\SYSTEM32\cryptbase.dll
0x00007ffa95090000 - 0x00007ffa950fb000 	C:\WINDOWS\System32\WINTRUST.DLL
0x00007ffa95d40000 - 0x00007ffa95d5f000 	C:\WINDOWS\System32\imagehlp.dll
0x00007ffa93ec0000 - 0x00007ffa93edb000 	C:\WINDOWS\SYSTEM32\CRYPTSP.dll
0x00007ffa93700000 - 0x00007ffa93735000 	C:\WINDOWS\system32\rsaenh.dll
0x00007ffa94090000 - 0x00007ffa940b8000 	C:\WINDOWS\SYSTEM32\bcrypt.dll
0x00007ffa28210000 - 0x00007ffa29a1a000 	C:\WINDOWS\System32\DriverStore\FileRepository\nvlt.inf_amd64_7947c31fc944635c\nvd3dumx.dll
0x00007ffa8d750000 - 0x00007ffa8d798000 	C:\WINDOWS\SYSTEM32\directxdatabasehelper.dll
0x00007ffa6a9f0000 - 0x00007ffa6aa32000 	C:\Program Files\Zulu\zulu-19\bin\glass.dll
0x00007ffa95b20000 - 0x00007ffa95c17000 	C:\WINDOWS\System32\COMDLG32.dll
0x00007ffa96890000 - 0x00007ffa96a2c000 	C:\WINDOWS\System32\ole32.dll
0x00007ffa95240000 - 0x00007ffa9535e000 	C:\WINDOWS\System32\MSCTF.dll
0x00007ffa4c6b0000 - 0x00007ffa4c967000 	C:\WINDOWS\system32\nvspcap64.dll
0x00007ffa937b0000 - 0x00007ffa937e4000 	C:\WINDOWS\SYSTEM32\ntmarta.dll
0x00007ffa93c90000 - 0x00007ffa93cb6000 	C:\WINDOWS\SYSTEM32\gpapi.dll
0x00007ffa7be80000 - 0x00007ffa7bead000 	C:\Program Files\Zulu\zulu-19\bin\javafx_iio.dll
0x00007ffa81e60000 - 0x00007ffa81e74000 	C:\Program Files\Zulu\zulu-19\bin\javafx_font.dll
0x00007ffa902b0000 - 0x00007ffa90517000 	C:\WINDOWS\SYSTEM32\dwrite.dll
0x00007ffa96f90000 - 0x00007ffa97040000 	C:\WINDOWS\System32\clbcatq.dll
0x00007ffa8fd10000 - 0x00007ffa8fec0000 	C:\WINDOWS\SYSTEM32\WindowsCodecs.dll
0x00007ffa62ac0000 - 0x00007ffa62b1e000 	C:\WINDOWS\system32\dataexchange.dll
0x00007ffa84f80000 - 0x00007ffa851ea000 	C:\WINDOWS\system32\twinapi.appcore.dll
0x00007ffa6a9b0000 - 0x00007ffa6a9e2000 	C:\Program Files\Common Files\Microsoft Shared\Ink\rtscom.dll
0x00007ffa83e70000 - 0x00007ffa83f9e000 	C:\WINDOWS\SYSTEM32\textinputframework.dll
0x00007ffa913d0000 - 0x00007ffa91503000 	C:\WINDOWS\SYSTEM32\CoreMessaging.dll
0x00007ffa8c9f0000 - 0x00007ffa8cd5c000 	C:\WINDOWS\SYSTEM32\CoreUIComponents.dll

dbghelp: loaded successfully - version: 4.0.5 - missing functions: none
symbol engine: initialized successfully - sym options: 0x614 - pdb path: .;C:\Program Files\Zulu\zulu-19\bin;C:\WINDOWS\SYSTEM32;C:\WINDOWS\WinSxS\amd64_microsoft.windows.common-controls_6595b64144ccf1df_6.0.22621.608_none_a9444ca7c10bb01d;C:\Program Files\Zulu\zulu-19\bin\server;C:\WINDOWS\System32\DriverStore\FileRepository\nvlt.inf_amd64_7947c31fc944635c;C:\Program Files\Common Files\Microsoft Shared\Ink;C:\Users\ulise\AppData\Local\Temp\jSerialComm\2.9.3

VM Arguments:
jvm_args: -Dfile.encoding=UTF-8 
java_command: GameMenuDemo
java_class_path (initial): C:\Users\ulise\Desktop\TEC\Algoritmos y estructura de datos I\BuscaMinas\ventana busca minas\lib\rxtx-2.1-7r2;C:\Users\ulise\Downloads\RXTXcomm.jar;C:\Users\ulise\Downloads\jSerialComm-2.9.3.zip;C:\Users\ulise\Downloads\jSerialComm-2.9.3.jar;C:\Users\ulise\Desktop\TEC\Algoritmos y estructura de datos I\BuscaMinas\ventana busca minas\build\classes
Launcher Type: SUN_STANDARD

[Global flags]
     intx CICompilerCount                          = 4                                         {product} {ergonomic}
     uint ConcGCThreads                            = 3                                         {product} {ergonomic}
     uint G1ConcRefinementThreads                  = 10                                        {product} {ergonomic}
   size_t G1HeapRegionSize                         = 1048576                                   {product} {ergonomic}
    uintx GCDrainStackTargetSize                   = 64                                        {product} {ergonomic}
   size_t InitialHeapSize                          = 134217728                                 {product} {ergonomic}
   size_t MarkStackSize                            = 4194304                                   {product} {ergonomic}
   size_t MaxHeapSize                              = 2124414976                                {product} {ergonomic}
   size_t MaxNewSize                               = 1274019840                                {product} {ergonomic}
   size_t MinHeapDeltaBytes                        = 1048576                                   {product} {ergonomic}
   size_t MinHeapSize                              = 8388608                                   {product} {ergonomic}
    uintx NonNMethodCodeHeapSize                   = 5839372                                {pd product} {ergonomic}
    uintx NonProfiledCodeHeapSize                  = 122909434                              {pd product} {ergonomic}
    uintx ProfiledCodeHeapSize                     = 122909434                              {pd product} {ergonomic}
    uintx ReservedCodeCacheSize                    = 251658240                              {pd product} {ergonomic}
     bool SegmentedCodeCache                       = true                                      {product} {ergonomic}
   size_t SoftMaxHeapSize                          = 2124414976                             {manageable} {ergonomic}
     bool UseCompressedClassPointers               = true                           {product lp64_product} {ergonomic}
     bool UseCompressedOops                        = true                           {product lp64_product} {ergonomic}
     bool UseG1GC                                  = true                                      {product} {ergonomic}
     bool UseLargePagesIndividualAllocation        = false                                  {pd product} {ergonomic}

Logging:
Log output configuration:
 #0: stdout all=warning uptime,level,tags foldmultilines=false
 #1: stderr all=off uptime,level,tags foldmultilines=false

Environment Variables:
PATH=C:\Program Files\Zulu\zulu-19\bin\;C:\Program Files\Common Files\Oracle\Java\javapath;C:\Program Files (x86)\Common Files\Oracle\Java\javapath;C:\Windows\system32;C:\Windows;C:\Windows\System32\Wbem;C:\Windows\System32\WindowsPowerShell\v1.0\;C:\Windows\System32\OpenSSH\;C:\Program Files (x86)\NVIDIA Corporation\PhysX\Common;C:\Program Files\NVIDIA Corporation\NVIDIA NvDLISR;C:\WINDOWS\system32;C:\WINDOWS;C:\WINDOWS\System32\Wbem;C:\WINDOWS\System32\WindowsPowerShell\v1.0\;C:\WINDOWS\System32\OpenSSH\;C:\Program Files\nodejs\;C:\Program Files\Git\cmd;C:\Users\ulise\AppData\Local\Microsoft\WindowsApps;C:\Users\ulise\AppData\Local\Programs\Microsoft VS Code\bin;C:\Users\ulise\AppData\Roaming\npm;C:\Users\ulise\AppData\Local\GitHubDesktop\bin
USERNAME=ulise
OS=Windows_NT
PROCESSOR_IDENTIFIER=Intel64 Family 6 Model 165 Stepping 2, GenuineIntel
TMP=C:\Users\ulise\AppData\Local\Temp
TEMP=C:\Users\ulise\AppData\Local\Temp



---------------  S Y S T E M  ---------------

OS:
 Windows 11 , 64 bit Build 22621 (10.0.22621.1485)
OS uptime: 8 days 1:42 hours

CPU: total 12 (initial active 12) (6 cores per cpu, 2 threads per core) family 6 model 165 stepping 2 microcode 0xe2, cx8, cmov, fxsr, ht, mmx, 3dnowpref, sse, sse2, sse3, ssse3, sse4.1, sse4.2, popcnt, lzcnt, tsc, tscinvbit, avx, avx2, aes, erms, clmul, bmi1, bmi2, adx, fma, vzeroupper, clflush, clflushopt, rdtscp

Memory: 4k page, system-wide physical 8099M (676M free)
TotalPageFile size 12195M (AvailPageFile size 19M)
current process WorkingSet (physical memory assigned to process): 354M, peak: 354M
current process commit charge ("private bytes"): 453M, peak: 542M

vm_info: OpenJDK 64-Bit Server VM (19.0.2+7) for windows-amd64 JRE (19.0.2+7) (Zulu19.32+15-CA), built on Dec 28 2022 19:25:40 by "zulu_re" with MS VC++ 16.10 / 16.11 (VS2019)

END.
