#
# There is insufficient memory for the Java Runtime Environment to continue.
# Native memory allocation (mmap) failed to map 213909504 bytes for G1 virtual space
# Possible reasons:
#   The system is out of physical RAM or swap space
#   The process is running with CompressedOops enabled, and the Java Heap may be blocking the growth of the native heap
# Possible solutions:
#   Reduce memory load on the system
#   Increase physical memory or swap space
#   Check if swap backing store is full
#   Decrease Java heap size (-Xmx/-Xms)
#   Decrease number of Java threads
#   Decrease Java thread stack sizes (-Xss)
#   Set larger code cache with -XX:ReservedCodeCacheSize=
#   JVM is running with Unscaled Compressed Oops mode in which the Java heap is
#     placed in the first 4GB address space. The Java Heap base address is the
#     maximum limit for the native heap growth. Please use -XX:HeapBaseMinAddress
#     to set the Java Heap base and to place the Java Heap above 4GB virtual address.
# This output file may be truncated or incomplete.
#
#  Out of Memory Error (os_windows.cpp:3536), pid=8932, tid=18136
#
# JRE version: OpenJDK Runtime Environment Zulu19.32+15-CA (19.0.2+7) (build 19.0.2+7)
# Java VM: OpenJDK 64-Bit Server VM Zulu19.32+15-CA (19.0.2+7, mixed mode, sharing, tiered, compressed oops, compressed class ptrs, g1 gc, windows-amd64)
# No core dump will be written. Minidumps are not enabled by default on client versions of Windows
#

---------------  S U M M A R Y ------------

Command Line: -Dfile.encoding=UTF-8 GameMenuDemo

Host: Intel(R) Core(TM) i7-10750H CPU @ 2.60GHz, 12 cores, 7G,  Windows 11 , 64 bit Build 22621 (10.0.22621.1485)
Time: Mon Apr 10 18:48:20 2023 Hora estándar, América Central elapsed time: 5.291398 seconds (0d 0h 0m 5s)

---------------  T H R E A D  ---------------

Current thread (0x000002a4fe6d1770):  VMThread "VM Thread" [stack: 0x000000ba55500000,0x000000ba55600000] [id=18136]

Stack: [0x000000ba55500000,0x000000ba55600000]
Native frames: (J=compiled Java code, j=interpreted, Vv=VM code, C=native code)
V  [jvm.dll+0x6eab2a]
V  [jvm.dll+0x8a4a20]
V  [jvm.dll+0x8a640e]
V  [jvm.dll+0x8a6ac3]
V  [jvm.dll+0x27c1ef]
V  [jvm.dll+0x6e7929]
V  [jvm.dll+0x6dc3da]
V  [jvm.dll+0x3528ab]
V  [jvm.dll+0x35a266]
V  [jvm.dll+0x3b0a2e]
V  [jvm.dll+0x3b0c5f]
V  [jvm.dll+0x327e9a]
V  [jvm.dll+0x327f47]
V  [jvm.dll+0x370442]
V  [jvm.dll+0x36e8e4]
V  [jvm.dll+0x327660]
V  [jvm.dll+0x36de7b]
V  [jvm.dll+0x8abc13]
V  [jvm.dll+0x8ac9d9]
V  [jvm.dll+0x8acf0d]
V  [jvm.dll+0x8ad39b]
V  [jvm.dll+0x8ad457]
V  [jvm.dll+0x84ec7a]
V  [jvm.dll+0x6e981b]
C  [ucrtbase.dll+0x29363]
C  [KERNEL32.DLL+0x1269d]
C  [ntdll.dll+0x5a9f8]

VM_Operation (0x000000ba597aef40): G1CollectForAllocation, mode: safepoint, requested by thread 0x000002a49c11f2b0


---------------  P R O C E S S  ---------------

Threads class SMR info:
_java_thread_list=0x000002a49dc5f050, length=33, elements={
0x000002a4ed786b50, 0x000002a4fe6eb070, 0x000002a4fe6ebd40, 0x000002a4fe6efd90,
0x000002a4fe6f0a60, 0x000002a4fe6f1490, 0x000002a4fe6f1f60, 0x000002a4fe6fca50,
0x000002a4fe728ce0, 0x000002a4fe72ea70, 0x000002a4fe99a680, 0x000002a4fe99abd0,
0x000002a4fe999140, 0x000002a4fe99b120, 0x000002a4fe99a130, 0x000002a4fe999690,
0x000002a4fe998bf0, 0x000002a4fe999be0, 0x000002a49c11e2c0, 0x000002a49c11ed60,
0x000002a49c11d820, 0x000002a49c13dd60, 0x000002a49c1202a0, 0x000002a49c121d30,
0x000002a49c1207f0, 0x000002a49c120d40, 0x000002a49c547b40, 0x000002a49c122d20,
0x000002a49c11dd70, 0x000002a49c11f2b0, 0x000002a49c123270, 0x000002a49c123d10,
0x000002a49c124260
}

Java Threads: ( => current thread )
  0x000002a4ed786b50 JavaThread "main" [_thread_blocked, id=14668, stack(0x000000ba54f00000,0x000000ba55000000)]
  0x000002a4fe6eb070 JavaThread "Reference Handler" daemon [_thread_blocked, id=8924, stack(0x000000ba55600000,0x000000ba55700000)]
  0x000002a4fe6ebd40 JavaThread "Finalizer" daemon [_thread_blocked, id=19284, stack(0x000000ba55700000,0x000000ba55800000)]
  0x000002a4fe6efd90 JavaThread "Signal Dispatcher" daemon [_thread_blocked, id=23160, stack(0x000000ba55800000,0x000000ba55900000)]
  0x000002a4fe6f0a60 JavaThread "Attach Listener" daemon [_thread_blocked, id=2388, stack(0x000000ba55900000,0x000000ba55a00000)]
  0x000002a4fe6f1490 JavaThread "Service Thread" daemon [_thread_blocked, id=9468, stack(0x000000ba55a00000,0x000000ba55b00000)]
  0x000002a4fe6f1f60 JavaThread "Monitor Deflation Thread" daemon [_thread_blocked, id=22016, stack(0x000000ba55b00000,0x000000ba55c00000)]
  0x000002a4fe6fca50 JavaThread "C2 CompilerThread0" daemon [_thread_blocked, id=3524, stack(0x000000ba55c00000,0x000000ba55d00000)]
  0x000002a4fe728ce0 JavaThread "C1 CompilerThread0" daemon [_thread_blocked, id=4336, stack(0x000000ba55d00000,0x000000ba55e00000)]
  0x000002a4fe72ea70 JavaThread "Sweeper thread" daemon [_thread_blocked, id=22476, stack(0x000000ba55e00000,0x000000ba55f00000)]
  0x000002a4fe99a680 JavaThread "Notification Thread" daemon [_thread_blocked, id=21772, stack(0x000000ba55f00000,0x000000ba56000000)]
  0x000002a4fe99abd0 JavaThread "Common-Cleaner" daemon [_thread_blocked, id=23536, stack(0x000000ba56100000,0x000000ba56200000)]
  0x000002a4fe999140 JavaThread "QuantumRenderer-0" daemon [_thread_blocked, id=13264, stack(0x000000ba56200000,0x000000ba56300000)]
  0x000002a4fe99b120 JavaThread "InvokeLaterDispatcher" daemon [_thread_blocked, id=18116, stack(0x000000ba56400000,0x000000ba56500000)]
  0x000002a4fe99a130 JavaThread "JavaFX Application Thread" [_thread_in_native, id=1292, stack(0x000000ba56500000,0x000000ba56600000)]
  0x000002a4fe999690 JavaThread "JavaFX-Launcher" [_thread_blocked, id=10812, stack(0x000000ba56800000,0x000000ba56900000)]
  0x000002a4fe998bf0 JavaThread "Thread-2" daemon [_thread_blocked, id=16260, stack(0x000000ba56700000,0x000000ba56800000)]
  0x000002a4fe999be0 JavaThread "Prism Font Disposer" daemon [_thread_blocked, id=716, stack(0x000000ba56900000,0x000000ba56a00000)]
  0x000002a49c11e2c0 JavaThread "JFXMedia Player EventQueueThread" daemon [_thread_blocked, id=2268, stack(0x000000ba57240000,0x000000ba57340000)]
  0x000002a49c11ed60 JavaThread "Media Resource Disposer" daemon [_thread_blocked, id=1920, stack(0x000000ba57740000,0x000000ba57840000)]
  0x000002a49c11d820 JavaThread "JFXMedia Player EventQueueThread" daemon [_thread_blocked, id=13388, stack(0x000000ba584a0000,0x000000ba585a0000)]
  0x000002a49c13dd60 JavaThread "C2 CompilerThread1" daemon [_thread_blocked, id=11144, stack(0x000000ba58ab0000,0x000000ba58bb0000)]
  0x000002a49c1202a0 JavaThread "Thread-123" daemon [_thread_in_native, id=3844, stack(0x000000ba58bb0000,0x000000ba58cb0000)]
  0x000002a49c121d30 JavaThread "Thread-124" daemon [_thread_blocked, id=18296, stack(0x000000ba58cb0000,0x000000ba58db0000)]
  0x000002a49c1207f0 JavaThread "Cleaner-0" daemon [_thread_blocked, id=11564, stack(0x000000ba58eb0000,0x000000ba58fb0000)]
  0x000002a49c120d40 JavaThread "Timer-2" daemon [_thread_blocked, id=22904, stack(0x000000ba58fb0000,0x000000ba590b0000)]
  0x000002a49c547b40 JavaThread "C2 CompilerThread2" daemon [_thread_blocked, id=8092, stack(0x000000ba590b0000,0x000000ba591b0000)]
  0x000002a49c122d20 JavaThread "JFXMedia Player EventQueueThread" daemon [_thread_blocked, id=22100, stack(0x000000ba591b0000,0x000000ba592b0000)]
  0x000002a49c11dd70 JavaThread "Timer-3" daemon [_thread_blocked, id=9820, stack(0x000000ba58db0000,0x000000ba58eb0000)]
  0x000002a49c11f2b0 JavaThread "Thread-267" daemon [_thread_blocked, id=12580, stack(0x000000ba596b0000,0x000000ba597b0000)]
  0x000002a49c123270 JavaThread "Thread-268" daemon [_thread_blocked, id=4480, stack(0x000000ba597b0000,0x000000ba598b0000)]
  0x000002a49c123d10 JavaThread "Thread-269" daemon [_thread_blocked, id=22300, stack(0x000000ba598b0000,0x000000ba599b0000)]
  0x000002a49c124260 JavaThread "Timer-4" [_thread_blocked, id=13108, stack(0x000000ba599b0000,0x000000ba59ab0000)]

Other Threads:
=>0x000002a4fe6d1770 VMThread "VM Thread" [stack: 0x000000ba55500000,0x000000ba55600000] [id=18136]
  0x000002a4fe99bfd0 WatcherThread "VM Periodic Task Thread" [stack: 0x000000ba56000000,0x000000ba56100000] [id=23396]
  0x000002a4ed7e7780 WorkerThread "GC Thread#0" [stack: 0x000000ba55000000,0x000000ba55100000] [id=20276]
  0x000002a4ff801c80 WorkerThread "GC Thread#1" [stack: 0x000000ba57ba0000,0x000000ba57ca0000] [id=16224]
  0x000002a4ff803b70 WorkerThread "GC Thread#2" [stack: 0x000000ba57ca0000,0x000000ba57da0000] [id=17576]
  0x000002a4ff8008d0 WorkerThread "GC Thread#3" [stack: 0x000000ba57da0000,0x000000ba57ea0000] [id=16076]
  0x000002a4ff802d60 WorkerThread "GC Thread#4" [stack: 0x000000ba57ea0000,0x000000ba57fa0000] [id=6444]
  0x000002a4ff800060 WorkerThread "GC Thread#5" [stack: 0x000000ba57fa0000,0x000000ba580a0000] [id=18828]
  0x000002a4ff800600 WorkerThread "GC Thread#6" [stack: 0x000000ba580a0000,0x000000ba581a0000] [id=9688]
  0x000002a4ff800ba0 WorkerThread "GC Thread#7" [stack: 0x000000ba581a0000,0x000000ba582a0000] [id=23152]
  0x000002a49c2e14c0 WorkerThread "GC Thread#8" [stack: 0x000000ba582a0000,0x000000ba583a0000] [id=9956]
  0x000002a49c2e1790 WorkerThread "GC Thread#9" [stack: 0x000000ba583a0000,0x000000ba584a0000] [id=14264]
  0x000002a4ed7f8720 ConcurrentGCThread "G1 Main Marker" [stack: 0x000000ba55100000,0x000000ba55200000] [id=3036]
  0x000002a4ed7f98f0 WorkerThread "G1 Conc#0" [stack: 0x000000ba55200000,0x000000ba55300000] [id=864]
  0x000002a4fe58d530 ConcurrentGCThread "G1 Refine#0" [stack: 0x000000ba55300000,0x000000ba55400000] [id=11804]
  0x000002a4ed84e500 ConcurrentGCThread "G1 Service" [stack: 0x000000ba55400000,0x000000ba55500000] [id=14576]

Threads with active compile tasks:
C2 CompilerThread1     5305 3934       4       java.util.TimSort::sort (229 bytes)

VM state: at safepoint (normal execution)

VM Mutex/Monitor currently owned by a thread:  ([mutex/lock_event])
[0x000002a4ed781cf0] Threads_lock - owner thread: 0x000002a4fe6d1770
[0x000002a4ed782050] Heap_lock - owner thread: 0x000002a49c11f2b0

Heap address: 0x0000000081600000, size: 2026 MB, Compressed Oops mode: 32-bit

CDS archive(s) mapped at: [0x0000000800000000-0x0000000800c40000-0x0000000800c40000), size 12845056, SharedBaseAddress: 0x0000000800000000, ArchiveRelocationMode: 0.
Compressed class space mapped at: 0x0000000801000000-0x0000000841000000, reserved size: 1073741824
Narrow klass base: 0x0000000800000000, Narrow klass shift: 0, Narrow klass range: 0x100000000

GC Precious Log:
 CardTable entry size: 512
 Card Set container configuration: InlinePtr #cards 5 size 8 Array Of Cards #cards 12 size 40 Howl #buckets 4 coarsen threshold 1843 Howl Bitmap #cards 512 size 80 coarsen threshold 460 Card regions per heap region 1 cards per card region 2048
 CPUs: 12 total, 12 available
 Memory: 8099M
 Large Page Support: Disabled
 NUMA Support: Disabled
 Compressed Oops: Enabled (32-bit)
 Heap Region Size: 1M
 Heap Min Capacity: 8M
 Heap Initial Capacity: 128M
 Heap Max Capacity: 2026M
 Pre-touch: Disabled
 Parallel Workers: 10
 Concurrent Workers: 3
 Concurrent Refinement Workers: 10
 Periodic GC: Disabled

Heap:
 garbage-first heap   total 263168K, used 24552K [0x0000000081600000, 0x0000000100000000)
  region size 1024K, 4 young (4096K), 4 survivors (4096K)
 Metaspace       used 14739K, committed 15040K, reserved 1114112K
  class space    used 1931K, committed 2112K, reserved 1048576K

Heap Regions: E=young(eden), S=young(survivor), O=old, HS=humongous(starts), HC=humongous(continues), CS=collection set, F=free, OA=open archive, CA=closed archive, TAMS=top-at-mark-start (previous, next)
|   0|0x0000000081600000, 0x0000000081700000, 0x0000000081700000|100%|HS|  |TAMS 0x0000000081600000, 0x0000000081600000| Complete 
|   1|0x0000000081700000, 0x0000000081800000, 0x0000000081800000|100%|HC|  |TAMS 0x0000000081700000, 0x0000000081700000| Complete 
|   2|0x0000000081800000, 0x0000000081900000, 0x0000000081900000|100%|HC|  |TAMS 0x0000000081800000, 0x0000000081800000| Complete 
|   3|0x0000000081900000, 0x0000000081a00000, 0x0000000081a00000|100%|HC|  |TAMS 0x0000000081900000, 0x0000000081900000| Complete 
|   4|0x0000000081a00000, 0x0000000081b00000, 0x0000000081b00000|100%|HC|  |TAMS 0x0000000081a00000, 0x0000000081a00000| Complete 
|   5|0x0000000081b00000, 0x0000000081c00000, 0x0000000081c00000|100%|HC|  |TAMS 0x0000000081b00000, 0x0000000081b00000| Complete 
|   6|0x0000000081c00000, 0x0000000081d00000, 0x0000000081d00000|100%|HC|  |TAMS 0x0000000081c00000, 0x0000000081c00000| Complete 
|   7|0x0000000081d00000, 0x0000000081e00000, 0x0000000081e00000|100%|HC|  |TAMS 0x0000000081d00000, 0x0000000081d00000| Complete 
|   8|0x0000000081e00000, 0x0000000081f00000, 0x0000000081f00000|100%| O|  |TAMS 0x0000000081e00000, 0x0000000081e00000| Untracked 
|   9|0x0000000081f00000, 0x0000000082000000, 0x0000000082000000|100%|HS|  |TAMS 0x0000000081f00000, 0x0000000081f00000| Complete 
|  10|0x0000000082000000, 0x0000000082100000, 0x0000000082100000|100%|HS|  |TAMS 0x0000000082000000, 0x0000000082000000| Complete 
|  11|0x0000000082100000, 0x0000000082200000, 0x0000000082200000|100%|HC|  |TAMS 0x0000000082100000, 0x0000000082100000| Complete 
|  12|0x0000000082200000, 0x0000000082300000, 0x0000000082300000|100%| O|  |TAMS 0x0000000082200000, 0x0000000082200000| Untracked 
|  13|0x0000000082300000, 0x0000000082400000, 0x0000000082400000|100%| O|  |TAMS 0x0000000082300000, 0x0000000082300000| Untracked 
|  14|0x0000000082400000, 0x0000000082500000, 0x0000000082500000|100%| O|  |TAMS 0x0000000082400000, 0x0000000082400000| Untracked 
|  15|0x0000000082500000, 0x0000000082600000, 0x0000000082600000|100%|HS|  |TAMS 0x0000000082500000, 0x0000000082500000| Complete 
|  16|0x0000000082600000, 0x0000000082700000, 0x0000000082700000|100%| O|  |TAMS 0x0000000082600000, 0x0000000082600000| Untracked 
|  17|0x0000000082700000, 0x0000000082800000, 0x0000000082800000|100%| O|  |TAMS 0x0000000082700000, 0x0000000082700000| Untracked 
|  18|0x0000000082800000, 0x0000000082900000, 0x0000000082900000|100%| O|  |TAMS 0x0000000082800000, 0x0000000082800000| Untracked 
|  19|0x0000000082900000, 0x0000000082a00000, 0x0000000082a00000|100%| O|  |TAMS 0x0000000082900000, 0x0000000082900000| Untracked 
|  20|0x0000000082a00000, 0x0000000082a1b400, 0x0000000082b00000| 10%| O|  |TAMS 0x0000000082a00000, 0x0000000082a00000| Untracked 
|  21|0x0000000082b00000, 0x0000000082b00000, 0x0000000082c00000|  0%| F|  |TAMS 0x0000000082b00000, 0x0000000082b00000| Untracked 
|  22|0x0000000082c00000, 0x0000000082c00000, 0x0000000082d00000|  0%| F|  |TAMS 0x0000000082c00000, 0x0000000082c00000| Untracked 
|  23|0x0000000082d00000, 0x0000000082d00000, 0x0000000082e00000|  0%| F|  |TAMS 0x0000000082d00000, 0x0000000082d00000| Untracked 
|  24|0x0000000082e00000, 0x0000000082e00000, 0x0000000082f00000|  0%| F|  |TAMS 0x0000000082e00000, 0x0000000082e00000| Untracked 
|  25|0x0000000082f00000, 0x0000000082f00000, 0x0000000083000000|  0%| F|  |TAMS 0x0000000082f00000, 0x0000000082f00000| Untracked 
|  26|0x0000000083000000, 0x0000000083000000, 0x0000000083100000|  0%| F|  |TAMS 0x0000000083000000, 0x0000000083000000| Untracked 
|  27|0x0000000083100000, 0x0000000083100000, 0x0000000083200000|  0%| F|  |TAMS 0x0000000083100000, 0x0000000083100000| Untracked 
|  28|0x0000000083200000, 0x0000000083200000, 0x0000000083300000|  0%| F|  |TAMS 0x0000000083200000, 0x0000000083200000| Untracked 
|  29|0x0000000083300000, 0x0000000083300000, 0x0000000083400000|  0%| F|  |TAMS 0x0000000083300000, 0x0000000083300000| Untracked 
|  30|0x0000000083400000, 0x0000000083400000, 0x0000000083500000|  0%| F|  |TAMS 0x0000000083400000, 0x0000000083400000| Untracked 
|  31|0x0000000083500000, 0x0000000083500000, 0x0000000083600000|  0%| F|  |TAMS 0x0000000083500000, 0x0000000083500000| Untracked 
|  32|0x0000000083600000, 0x0000000083600000, 0x0000000083700000|  0%| F|  |TAMS 0x0000000083600000, 0x0000000083600000| Untracked 
|  33|0x0000000083700000, 0x0000000083700000, 0x0000000083800000|  0%| F|  |TAMS 0x0000000083700000, 0x0000000083700000| Untracked 
|  34|0x0000000083800000, 0x0000000083800000, 0x0000000083900000|  0%| F|  |TAMS 0x0000000083800000, 0x0000000083800000| Untracked 
|  35|0x0000000083900000, 0x0000000083900000, 0x0000000083a00000|  0%| F|  |TAMS 0x0000000083900000, 0x0000000083900000| Untracked 
|  36|0x0000000083a00000, 0x0000000083a00000, 0x0000000083b00000|  0%| F|  |TAMS 0x0000000083a00000, 0x0000000083a00000| Untracked 
|  37|0x0000000083b00000, 0x0000000083b00000, 0x0000000083c00000|  0%| F|  |TAMS 0x0000000083b00000, 0x0000000083b00000| Untracked 
|  38|0x0000000083c00000, 0x0000000083c00000, 0x0000000083d00000|  0%| F|  |TAMS 0x0000000083c00000, 0x0000000083c00000| Untracked 
|  39|0x0000000083d00000, 0x0000000083d00000, 0x0000000083e00000|  0%| F|  |TAMS 0x0000000083d00000, 0x0000000083d00000| Untracked 
|  40|0x0000000083e00000, 0x0000000083e00000, 0x0000000083f00000|  0%| F|  |TAMS 0x0000000083e00000, 0x0000000083e00000| Untracked 
|  41|0x0000000083f00000, 0x0000000083f00000, 0x0000000084000000|  0%| F|  |TAMS 0x0000000083f00000, 0x0000000083f00000| Untracked 
|  42|0x0000000084000000, 0x0000000084000000, 0x0000000084100000|  0%| F|  |TAMS 0x0000000084000000, 0x0000000084000000| Untracked 
|  43|0x0000000084100000, 0x0000000084100000, 0x0000000084200000|  0%| F|  |TAMS 0x0000000084100000, 0x0000000084100000| Untracked 
|  44|0x0000000084200000, 0x0000000084200000, 0x0000000084300000|  0%| F|  |TAMS 0x0000000084200000, 0x0000000084200000| Untracked 
|  45|0x0000000084300000, 0x0000000084300000, 0x0000000084400000|  0%| F|  |TAMS 0x0000000084300000, 0x0000000084300000| Untracked 
|  46|0x0000000084400000, 0x0000000084400000, 0x0000000084500000|  0%| F|  |TAMS 0x0000000084400000, 0x0000000084400000| Untracked 
|  47|0x0000000084500000, 0x0000000084500000, 0x0000000084600000|  0%| F|  |TAMS 0x0000000084500000, 0x0000000084500000| Untracked 
|  48|0x0000000084600000, 0x0000000084600000, 0x0000000084700000|  0%| F|  |TAMS 0x0000000084600000, 0x0000000084600000| Untracked 
|  49|0x0000000084700000, 0x0000000084700000, 0x0000000084800000|  0%| F|  |TAMS 0x0000000084700000, 0x0000000084700000| Untracked 
|  50|0x0000000084800000, 0x0000000084800000, 0x0000000084900000|  0%| F|  |TAMS 0x0000000084800000, 0x0000000084800000| Untracked 
|  51|0x0000000084900000, 0x0000000084900000, 0x0000000084a00000|  0%| F|  |TAMS 0x0000000084900000, 0x0000000084900000| Untracked 
|  52|0x0000000084a00000, 0x0000000084a00000, 0x0000000084b00000|  0%| F|  |TAMS 0x0000000084a00000, 0x0000000084a00000| Untracked 
|  53|0x0000000084b00000, 0x0000000084b00000, 0x0000000084c00000|  0%| F|  |TAMS 0x0000000084b00000, 0x0000000084b00000| Untracked 
|  54|0x0000000084c00000, 0x0000000084c00000, 0x0000000084d00000|  0%| F|  |TAMS 0x0000000084c00000, 0x0000000084c00000| Untracked 
|  55|0x0000000084d00000, 0x0000000084d00000, 0x0000000084e00000|  0%| F|  |TAMS 0x0000000084d00000, 0x0000000084d00000| Untracked 
|  56|0x0000000084e00000, 0x0000000084e00000, 0x0000000084f00000|  0%| F|  |TAMS 0x0000000084e00000, 0x0000000084e00000| Untracked 
|  57|0x0000000084f00000, 0x0000000084f00000, 0x0000000085000000|  0%| F|  |TAMS 0x0000000084f00000, 0x0000000084f00000| Untracked 
|  58|0x0000000085000000, 0x0000000085000000, 0x0000000085100000|  0%| F|  |TAMS 0x0000000085000000, 0x0000000085000000| Untracked 
|  59|0x0000000085100000, 0x0000000085100000, 0x0000000085200000|  0%| F|  |TAMS 0x0000000085100000, 0x0000000085100000| Untracked 
|  60|0x0000000085200000, 0x0000000085200000, 0x0000000085300000|  0%| F|  |TAMS 0x0000000085200000, 0x0000000085200000| Untracked 
|  61|0x0000000085300000, 0x0000000085300000, 0x0000000085400000|  0%| F|  |TAMS 0x0000000085300000, 0x0000000085300000| Untracked 
|  62|0x0000000085400000, 0x0000000085400000, 0x0000000085500000|  0%| F|  |TAMS 0x0000000085400000, 0x0000000085400000| Untracked 
|  63|0x0000000085500000, 0x0000000085500000, 0x0000000085600000|  0%| F|  |TAMS 0x0000000085500000, 0x0000000085500000| Untracked 
|  64|0x0000000085600000, 0x0000000085600000, 0x0000000085700000|  0%| F|  |TAMS 0x0000000085600000, 0x0000000085600000| Untracked 
|  65|0x0000000085700000, 0x0000000085700000, 0x0000000085800000|  0%| F|  |TAMS 0x0000000085700000, 0x0000000085700000| Untracked 
|  66|0x0000000085800000, 0x0000000085800000, 0x0000000085900000|  0%| F|  |TAMS 0x0000000085800000, 0x0000000085800000| Untracked 
|  67|0x0000000085900000, 0x0000000085900000, 0x0000000085a00000|  0%| F|  |TAMS 0x0000000085900000, 0x0000000085900000| Untracked 
|  68|0x0000000085a00000, 0x0000000085a00000, 0x0000000085b00000|  0%| F|  |TAMS 0x0000000085a00000, 0x0000000085a00000| Untracked 
|  69|0x0000000085b00000, 0x0000000085b00000, 0x0000000085c00000|  0%| F|  |TAMS 0x0000000085b00000, 0x0000000085b00000| Untracked 
|  70|0x0000000085c00000, 0x0000000085c00000, 0x0000000085d00000|  0%| F|  |TAMS 0x0000000085c00000, 0x0000000085c00000| Untracked 
|  71|0x0000000085d00000, 0x0000000085d00000, 0x0000000085e00000|  0%| F|  |TAMS 0x0000000085d00000, 0x0000000085d00000| Untracked 
|  72|0x0000000085e00000, 0x0000000085e00000, 0x0000000085f00000|  0%| F|  |TAMS 0x0000000085e00000, 0x0000000085e00000| Untracked 
|  73|0x0000000085f00000, 0x0000000085f00000, 0x0000000086000000|  0%| F|  |TAMS 0x0000000085f00000, 0x0000000085f00000| Untracked 
|  74|0x0000000086000000, 0x0000000086000000, 0x0000000086100000|  0%| F|  |TAMS 0x0000000086000000, 0x0000000086000000| Untracked 
|  75|0x0000000086100000, 0x0000000086100000, 0x0000000086200000|  0%| F|  |TAMS 0x0000000086100000, 0x0000000086100000| Untracked 
|  76|0x0000000086200000, 0x0000000086200000, 0x0000000086300000|  0%| F|  |TAMS 0x0000000086200000, 0x0000000086200000| Untracked 
|  77|0x0000000086300000, 0x0000000086300000, 0x0000000086400000|  0%| F|  |TAMS 0x0000000086300000, 0x0000000086300000| Untracked 
|  78|0x0000000086400000, 0x0000000086400000, 0x0000000086500000|  0%| F|  |TAMS 0x0000000086400000, 0x0000000086400000| Untracked 
|  79|0x0000000086500000, 0x0000000086500000, 0x0000000086600000|  0%| F|  |TAMS 0x0000000086500000, 0x0000000086500000| Untracked 
|  80|0x0000000086600000, 0x0000000086600000, 0x0000000086700000|  0%| F|  |TAMS 0x0000000086600000, 0x0000000086600000| Untracked 
|  81|0x0000000086700000, 0x0000000086700000, 0x0000000086800000|  0%| F|  |TAMS 0x0000000086700000, 0x0000000086700000| Untracked 
|  82|0x0000000086800000, 0x0000000086800000, 0x0000000086900000|  0%| F|  |TAMS 0x0000000086800000, 0x0000000086800000| Untracked 
|  83|0x0000000086900000, 0x0000000086900000, 0x0000000086a00000|  0%| F|  |TAMS 0x0000000086900000, 0x0000000086900000| Untracked 
|  84|0x0000000086a00000, 0x0000000086a00000, 0x0000000086b00000|  0%| F|  |TAMS 0x0000000086a00000, 0x0000000086a00000| Untracked 
|  85|0x0000000086b00000, 0x0000000086b00000, 0x0000000086c00000|  0%| F|  |TAMS 0x0000000086b00000, 0x0000000086b00000| Untracked 
|  86|0x0000000086c00000, 0x0000000086c00000, 0x0000000086d00000|  0%| F|  |TAMS 0x0000000086c00000, 0x0000000086c00000| Untracked 
|  87|0x0000000086d00000, 0x0000000086d00000, 0x0000000086e00000|  0%| F|  |TAMS 0x0000000086d00000, 0x0000000086d00000| Untracked 
|  88|0x0000000086e00000, 0x0000000086e00000, 0x0000000086f00000|  0%| F|  |TAMS 0x0000000086e00000, 0x0000000086e00000| Untracked 
|  89|0x0000000086f00000, 0x0000000086f00000, 0x0000000087000000|  0%| F|  |TAMS 0x0000000086f00000, 0x0000000086f00000| Untracked 
|  90|0x0000000087000000, 0x0000000087000000, 0x0000000087100000|  0%| F|  |TAMS 0x0000000087000000, 0x0000000087000000| Untracked 
|  91|0x0000000087100000, 0x0000000087100000, 0x0000000087200000|  0%| F|  |TAMS 0x0000000087100000, 0x0000000087100000| Untracked 
|  92|0x0000000087200000, 0x0000000087200000, 0x0000000087300000|  0%| F|  |TAMS 0x0000000087200000, 0x0000000087200000| Untracked 
|  93|0x0000000087300000, 0x0000000087300000, 0x0000000087400000|  0%| F|  |TAMS 0x0000000087300000, 0x0000000087300000| Untracked 
|  94|0x0000000087400000, 0x0000000087400000, 0x0000000087500000|  0%| F|  |TAMS 0x0000000087400000, 0x0000000087400000| Untracked 
|  95|0x0000000087500000, 0x0000000087500000, 0x0000000087600000|  0%| F|  |TAMS 0x0000000087500000, 0x0000000087500000| Untracked 
|  96|0x0000000087600000, 0x0000000087600000, 0x0000000087700000|  0%| F|  |TAMS 0x0000000087600000, 0x0000000087600000| Untracked 
|  97|0x0000000087700000, 0x0000000087700000, 0x0000000087800000|  0%| F|  |TAMS 0x0000000087700000, 0x0000000087700000| Untracked 
|  98|0x0000000087800000, 0x0000000087800000, 0x0000000087900000|  0%| F|  |TAMS 0x0000000087800000, 0x0000000087800000| Untracked 
|  99|0x0000000087900000, 0x00000000879decc0, 0x0000000087a00000| 87%| S|CS|TAMS 0x0000000087900000, 0x0000000087900000| Complete 
| 100|0x0000000087a00000, 0x0000000087b00000, 0x0000000087b00000|100%| S|CS|TAMS 0x0000000087a00000, 0x0000000087a00000| Complete 
| 101|0x0000000087b00000, 0x0000000087c00000, 0x0000000087c00000|100%| S|CS|TAMS 0x0000000087b00000, 0x0000000087b00000| Complete 
| 102|0x0000000087c00000, 0x0000000087d00000, 0x0000000087d00000|100%| S|CS|TAMS 0x0000000087c00000, 0x0000000087c00000| Complete 
| 103|0x0000000087d00000, 0x0000000087d00000, 0x0000000087e00000|  0%| F|  |TAMS 0x0000000087d00000, 0x0000000087d00000| Untracked 
| 104|0x0000000087e00000, 0x0000000087e00000, 0x0000000087f00000|  0%| F|  |TAMS 0x0000000087e00000, 0x0000000087e00000| Untracked 
| 105|0x0000000087f00000, 0x0000000087f00000, 0x0000000088000000|  0%| F|  |TAMS 0x0000000087f00000, 0x0000000087f00000| Untracked 
| 106|0x0000000088000000, 0x0000000088000000, 0x0000000088100000|  0%| F|  |TAMS 0x0000000088000000, 0x0000000088000000| Untracked 
| 107|0x0000000088100000, 0x0000000088100000, 0x0000000088200000|  0%| F|  |TAMS 0x0000000088100000, 0x0000000088100000| Untracked 
| 108|0x0000000088200000, 0x0000000088200000, 0x0000000088300000|  0%| F|  |TAMS 0x0000000088200000, 0x0000000088200000| Untracked 
| 109|0x0000000088300000, 0x0000000088300000, 0x0000000088400000|  0%| F|  |TAMS 0x0000000088300000, 0x0000000088300000| Untracked 
| 110|0x0000000088400000, 0x0000000088400000, 0x0000000088500000|  0%| F|  |TAMS 0x0000000088400000, 0x0000000088400000| Untracked 
| 111|0x0000000088500000, 0x0000000088500000, 0x0000000088600000|  0%| F|  |TAMS 0x0000000088500000, 0x0000000088500000| Untracked 
| 112|0x0000000088600000, 0x0000000088600000, 0x0000000088700000|  0%| F|  |TAMS 0x0000000088600000, 0x0000000088600000| Untracked 
| 113|0x0000000088700000, 0x0000000088700000, 0x0000000088800000|  0%| F|  |TAMS 0x0000000088700000, 0x0000000088700000| Untracked 
| 114|0x0000000088800000, 0x0000000088800000, 0x0000000088900000|  0%| F|  |TAMS 0x0000000088800000, 0x0000000088800000| Untracked 
| 115|0x0000000088900000, 0x0000000088900000, 0x0000000088a00000|  0%| F|  |TAMS 0x0000000088900000, 0x0000000088900000| Untracked 
| 116|0x0000000088a00000, 0x0000000088a00000, 0x0000000088b00000|  0%| F|  |TAMS 0x0000000088a00000, 0x0000000088a00000| Untracked 
| 117|0x0000000088b00000, 0x0000000088b00000, 0x0000000088c00000|  0%| F|  |TAMS 0x0000000088b00000, 0x0000000088b00000| Untracked 
| 118|0x0000000088c00000, 0x0000000088c00000, 0x0000000088d00000|  0%| F|  |TAMS 0x0000000088c00000, 0x0000000088c00000| Untracked 
| 119|0x0000000088d00000, 0x0000000088d00000, 0x0000000088e00000|  0%| F|  |TAMS 0x0000000088d00000, 0x0000000088d00000| Untracked 
| 120|0x0000000088e00000, 0x0000000088e00000, 0x0000000088f00000|  0%| F|  |TAMS 0x0000000088e00000, 0x0000000088e00000| Untracked 
| 121|0x0000000088f00000, 0x0000000088f00000, 0x0000000089000000|  0%| F|  |TAMS 0x0000000088f00000, 0x0000000088f00000| Untracked 
| 122|0x0000000089000000, 0x0000000089000000, 0x0000000089100000|  0%| F|  |TAMS 0x0000000089000000, 0x0000000089000000| Untracked 
| 123|0x0000000089100000, 0x0000000089100000, 0x0000000089200000|  0%| F|  |TAMS 0x0000000089100000, 0x0000000089100000| Untracked 
| 124|0x0000000089200000, 0x0000000089200000, 0x0000000089300000|  0%| F|  |TAMS 0x0000000089200000, 0x0000000089200000| Untracked 
| 125|0x0000000089300000, 0x0000000089300000, 0x0000000089400000|  0%| F|  |TAMS 0x0000000089300000, 0x0000000089300000| Untracked 
| 126|0x0000000089400000, 0x0000000089400000, 0x0000000089500000|  0%| F|  |TAMS 0x0000000089400000, 0x0000000089400000| Untracked 
| 127|0x0000000089500000, 0x0000000089500000, 0x0000000089600000|  0%| F|  |TAMS 0x0000000089500000, 0x0000000089500000| Untracked 
| 128|0x0000000089600000, 0x0000000089600000, 0x0000000089700000|  0%| F|  |TAMS 0x0000000089600000, 0x0000000089600000| Untracked 
| 129|0x0000000089700000, 0x0000000089700000, 0x0000000089800000|  0%| F|  |TAMS 0x0000000089700000, 0x0000000089700000| Untracked 
| 130|0x0000000089800000, 0x0000000089800000, 0x0000000089900000|  0%| F|  |TAMS 0x0000000089800000, 0x0000000089800000| Untracked 
| 131|0x0000000089900000, 0x0000000089900000, 0x0000000089a00000|  0%| F|  |TAMS 0x0000000089900000, 0x0000000089900000| Untracked 
| 132|0x0000000089a00000, 0x0000000089a00000, 0x0000000089b00000|  0%| F|  |TAMS 0x0000000089a00000, 0x0000000089a00000| Untracked 
| 133|0x0000000089b00000, 0x0000000089b00000, 0x0000000089c00000|  0%| F|  |TAMS 0x0000000089b00000, 0x0000000089b00000| Untracked 
| 134|0x0000000089c00000, 0x0000000089c00000, 0x0000000089d00000|  0%| F|  |TAMS 0x0000000089c00000, 0x0000000089c00000| Untracked 
| 135|0x0000000089d00000, 0x0000000089d00000, 0x0000000089e00000|  0%| F|  |TAMS 0x0000000089d00000, 0x0000000089d00000| Untracked 
| 136|0x0000000089e00000, 0x0000000089e00000, 0x0000000089f00000|  0%| F|  |TAMS 0x0000000089e00000, 0x0000000089e00000| Untracked 
| 137|0x0000000089f00000, 0x0000000089f00000, 0x000000008a000000|  0%| F|  |TAMS 0x0000000089f00000, 0x0000000089f00000| Untracked 
| 138|0x000000008a000000, 0x000000008a000000, 0x000000008a100000|  0%| F|  |TAMS 0x000000008a000000, 0x000000008a000000| Untracked 
| 139|0x000000008a100000, 0x000000008a100000, 0x000000008a200000|  0%| F|  |TAMS 0x000000008a100000, 0x000000008a100000| Untracked 
| 140|0x000000008a200000, 0x000000008a200000, 0x000000008a300000|  0%| F|  |TAMS 0x000000008a200000, 0x000000008a200000| Untracked 
| 141|0x000000008a300000, 0x000000008a300000, 0x000000008a400000|  0%| F|  |TAMS 0x000000008a300000, 0x000000008a300000| Untracked 
| 142|0x000000008a400000, 0x000000008a400000, 0x000000008a500000|  0%| F|  |TAMS 0x000000008a400000, 0x000000008a400000| Untracked 
| 143|0x000000008a500000, 0x000000008a500000, 0x000000008a600000|  0%| F|  |TAMS 0x000000008a500000, 0x000000008a500000| Untracked 
| 144|0x000000008a600000, 0x000000008a600000, 0x000000008a700000|  0%| F|  |TAMS 0x000000008a600000, 0x000000008a600000| Untracked 
| 145|0x000000008a700000, 0x000000008a700000, 0x000000008a800000|  0%| F|  |TAMS 0x000000008a700000, 0x000000008a700000| Untracked 
| 146|0x000000008a800000, 0x000000008a800000, 0x000000008a900000|  0%| F|  |TAMS 0x000000008a800000, 0x000000008a800000| Untracked 
| 147|0x000000008a900000, 0x000000008a900000, 0x000000008aa00000|  0%| F|  |TAMS 0x000000008a900000, 0x000000008a900000| Untracked 
| 148|0x000000008aa00000, 0x000000008aa00000, 0x000000008ab00000|  0%| F|  |TAMS 0x000000008aa00000, 0x000000008aa00000| Untracked 
| 149|0x000000008ab00000, 0x000000008ab00000, 0x000000008ac00000|  0%| F|  |TAMS 0x000000008ab00000, 0x000000008ab00000| Untracked 
| 150|0x000000008ac00000, 0x000000008ac00000, 0x000000008ad00000|  0%| F|  |TAMS 0x000000008ac00000, 0x000000008ac00000| Untracked 
| 151|0x000000008ad00000, 0x000000008ad00000, 0x000000008ae00000|  0%| F|  |TAMS 0x000000008ad00000, 0x000000008ad00000| Untracked 
| 152|0x000000008ae00000, 0x000000008ae00000, 0x000000008af00000|  0%| F|  |TAMS 0x000000008ae00000, 0x000000008ae00000| Untracked 
| 153|0x000000008af00000, 0x000000008af00000, 0x000000008b000000|  0%| F|  |TAMS 0x000000008af00000, 0x000000008af00000| Untracked 
| 154|0x000000008b000000, 0x000000008b000000, 0x000000008b100000|  0%| F|  |TAMS 0x000000008b000000, 0x000000008b000000| Untracked 
| 155|0x000000008b100000, 0x000000008b100000, 0x000000008b200000|  0%| F|  |TAMS 0x000000008b100000, 0x000000008b100000| Untracked 
| 156|0x000000008b200000, 0x000000008b200000, 0x000000008b300000|  0%| F|  |TAMS 0x000000008b200000, 0x000000008b200000| Untracked 
| 157|0x000000008b300000, 0x000000008b300000, 0x000000008b400000|  0%| F|  |TAMS 0x000000008b300000, 0x000000008b300000| Untracked 
| 158|0x000000008b400000, 0x000000008b400000, 0x000000008b500000|  0%| F|  |TAMS 0x000000008b400000, 0x000000008b400000| Untracked 
| 159|0x000000008b500000, 0x000000008b500000, 0x000000008b600000|  0%| F|  |TAMS 0x000000008b500000, 0x000000008b500000| Untracked 
| 160|0x000000008b600000, 0x000000008b600000, 0x000000008b700000|  0%| F|  |TAMS 0x000000008b600000, 0x000000008b600000| Untracked 
| 161|0x000000008b700000, 0x000000008b700000, 0x000000008b800000|  0%| F|  |TAMS 0x000000008b700000, 0x000000008b700000| Untracked 
| 162|0x000000008b800000, 0x000000008b800000, 0x000000008b900000|  0%| F|  |TAMS 0x000000008b800000, 0x000000008b800000| Untracked 
| 163|0x000000008b900000, 0x000000008b900000, 0x000000008ba00000|  0%| F|  |TAMS 0x000000008b900000, 0x000000008b900000| Untracked 
| 164|0x000000008ba00000, 0x000000008ba00000, 0x000000008bb00000|  0%| F|  |TAMS 0x000000008ba00000, 0x000000008ba00000| Untracked 
| 165|0x000000008bb00000, 0x000000008bb00000, 0x000000008bc00000|  0%| F|  |TAMS 0x000000008bb00000, 0x000000008bb00000| Untracked 
| 166|0x000000008bc00000, 0x000000008bc00000, 0x000000008bd00000|  0%| F|  |TAMS 0x000000008bc00000, 0x000000008bc00000| Untracked 
| 167|0x000000008bd00000, 0x000000008bd00000, 0x000000008be00000|  0%| F|  |TAMS 0x000000008bd00000, 0x000000008bd00000| Untracked 
| 168|0x000000008be00000, 0x000000008be00000, 0x000000008bf00000|  0%| F|  |TAMS 0x000000008be00000, 0x000000008be00000| Untracked 
| 169|0x000000008bf00000, 0x000000008bf00000, 0x000000008c000000|  0%| F|  |TAMS 0x000000008bf00000, 0x000000008bf00000| Untracked 
| 170|0x000000008c000000, 0x000000008c000000, 0x000000008c100000|  0%| F|  |TAMS 0x000000008c000000, 0x000000008c000000| Untracked 
| 171|0x000000008c100000, 0x000000008c100000, 0x000000008c200000|  0%| F|  |TAMS 0x000000008c100000, 0x000000008c100000| Untracked 
| 172|0x000000008c200000, 0x000000008c200000, 0x000000008c300000|  0%| F|  |TAMS 0x000000008c200000, 0x000000008c200000| Untracked 
| 173|0x000000008c300000, 0x000000008c300000, 0x000000008c400000|  0%| F|  |TAMS 0x000000008c300000, 0x000000008c300000| Untracked 
| 174|0x000000008c400000, 0x000000008c400000, 0x000000008c500000|  0%| F|  |TAMS 0x000000008c400000, 0x000000008c400000| Untracked 
| 175|0x000000008c500000, 0x000000008c500000, 0x000000008c600000|  0%| F|  |TAMS 0x000000008c500000, 0x000000008c500000| Untracked 
| 176|0x000000008c600000, 0x000000008c600000, 0x000000008c700000|  0%| F|  |TAMS 0x000000008c600000, 0x000000008c600000| Untracked 
| 177|0x000000008c700000, 0x000000008c700000, 0x000000008c800000|  0%| F|  |TAMS 0x000000008c700000, 0x000000008c700000| Untracked 
| 178|0x000000008c800000, 0x000000008c800000, 0x000000008c900000|  0%| F|  |TAMS 0x000000008c800000, 0x000000008c800000| Untracked 
| 179|0x000000008c900000, 0x000000008c900000, 0x000000008ca00000|  0%| F|  |TAMS 0x000000008c900000, 0x000000008c900000| Untracked 
| 180|0x000000008ca00000, 0x000000008ca00000, 0x000000008cb00000|  0%| F|  |TAMS 0x000000008ca00000, 0x000000008ca00000| Untracked 
| 181|0x000000008cb00000, 0x000000008cb00000, 0x000000008cc00000|  0%| F|  |TAMS 0x000000008cb00000, 0x000000008cb00000| Untracked 
| 182|0x000000008cc00000, 0x000000008cc00000, 0x000000008cd00000|  0%| F|  |TAMS 0x000000008cc00000, 0x000000008cc00000| Untracked 
| 183|0x000000008cd00000, 0x000000008cd00000, 0x000000008ce00000|  0%| F|  |TAMS 0x000000008cd00000, 0x000000008cd00000| Untracked 
| 184|0x000000008ce00000, 0x000000008ce00000, 0x000000008cf00000|  0%| F|  |TAMS 0x000000008ce00000, 0x000000008ce00000| Untracked 
| 185|0x000000008cf00000, 0x000000008cf00000, 0x000000008d000000|  0%| F|  |TAMS 0x000000008cf00000, 0x000000008cf00000| Untracked 
| 186|0x000000008d000000, 0x000000008d000000, 0x000000008d100000|  0%| F|  |TAMS 0x000000008d000000, 0x000000008d000000| Untracked 
| 187|0x000000008d100000, 0x000000008d100000, 0x000000008d200000|  0%| F|  |TAMS 0x000000008d100000, 0x000000008d100000| Untracked 
| 188|0x000000008d200000, 0x000000008d200000, 0x000000008d300000|  0%| F|  |TAMS 0x000000008d200000, 0x000000008d200000| Untracked 
| 189|0x000000008d300000, 0x000000008d300000, 0x000000008d400000|  0%| F|  |TAMS 0x000000008d300000, 0x000000008d300000| Untracked 
| 190|0x000000008d400000, 0x000000008d400000, 0x000000008d500000|  0%| F|  |TAMS 0x000000008d400000, 0x000000008d400000| Untracked 
| 191|0x000000008d500000, 0x000000008d500000, 0x000000008d600000|  0%| F|  |TAMS 0x000000008d500000, 0x000000008d500000| Untracked 
| 192|0x000000008d600000, 0x000000008d600000, 0x000000008d700000|  0%| F|  |TAMS 0x000000008d600000, 0x000000008d600000| Untracked 
| 193|0x000000008d700000, 0x000000008d700000, 0x000000008d800000|  0%| F|  |TAMS 0x000000008d700000, 0x000000008d700000| Untracked 
| 194|0x000000008d800000, 0x000000008d800000, 0x000000008d900000|  0%| F|  |TAMS 0x000000008d800000, 0x000000008d800000| Untracked 
| 195|0x000000008d900000, 0x000000008d900000, 0x000000008da00000|  0%| F|  |TAMS 0x000000008d900000, 0x000000008d900000| Untracked 
| 196|0x000000008da00000, 0x000000008da00000, 0x000000008db00000|  0%| F|  |TAMS 0x000000008da00000, 0x000000008da00000| Untracked 
| 197|0x000000008db00000, 0x000000008db00000, 0x000000008dc00000|  0%| F|  |TAMS 0x000000008db00000, 0x000000008db00000| Untracked 
| 198|0x000000008dc00000, 0x000000008dc00000, 0x000000008dd00000|  0%| F|  |TAMS 0x000000008dc00000, 0x000000008dc00000| Untracked 
| 199|0x000000008dd00000, 0x000000008dd00000, 0x000000008de00000|  0%| F|  |TAMS 0x000000008dd00000, 0x000000008dd00000| Untracked 
| 200|0x000000008de00000, 0x000000008de00000, 0x000000008df00000|  0%| F|  |TAMS 0x000000008de00000, 0x000000008de00000| Untracked 
| 201|0x000000008df00000, 0x000000008df00000, 0x000000008e000000|  0%| F|  |TAMS 0x000000008df00000, 0x000000008df00000| Untracked 
| 202|0x000000008e000000, 0x000000008e000000, 0x000000008e100000|  0%| F|  |TAMS 0x000000008e000000, 0x000000008e000000| Untracked 
| 203|0x000000008e100000, 0x000000008e100000, 0x000000008e200000|  0%| F|  |TAMS 0x000000008e100000, 0x000000008e100000| Untracked 
| 204|0x000000008e200000, 0x000000008e200000, 0x000000008e300000|  0%| F|  |TAMS 0x000000008e200000, 0x000000008e200000| Untracked 
| 205|0x000000008e300000, 0x000000008e300000, 0x000000008e400000|  0%| F|  |TAMS 0x000000008e300000, 0x000000008e300000| Untracked 
| 206|0x000000008e400000, 0x000000008e400000, 0x000000008e500000|  0%| F|  |TAMS 0x000000008e400000, 0x000000008e400000| Untracked 
| 207|0x000000008e500000, 0x000000008e500000, 0x000000008e600000|  0%| F|  |TAMS 0x000000008e500000, 0x000000008e500000| Untracked 
| 208|0x000000008e600000, 0x000000008e600000, 0x000000008e700000|  0%| F|  |TAMS 0x000000008e600000, 0x000000008e600000| Untracked 
| 209|0x000000008e700000, 0x000000008e700000, 0x000000008e800000|  0%| F|  |TAMS 0x000000008e700000, 0x000000008e700000| Untracked 
| 210|0x000000008e800000, 0x000000008e800000, 0x000000008e900000|  0%| F|  |TAMS 0x000000008e800000, 0x000000008e800000| Untracked 
| 211|0x000000008e900000, 0x000000008e900000, 0x000000008ea00000|  0%| F|  |TAMS 0x000000008e900000, 0x000000008e900000| Untracked 
| 212|0x000000008ea00000, 0x000000008ea00000, 0x000000008eb00000|  0%| F|  |TAMS 0x000000008ea00000, 0x000000008ea00000| Untracked 
| 213|0x000000008eb00000, 0x000000008eb00000, 0x000000008ec00000|  0%| F|  |TAMS 0x000000008eb00000, 0x000000008eb00000| Untracked 
| 214|0x000000008ec00000, 0x000000008ec00000, 0x000000008ed00000|  0%| F|  |TAMS 0x000000008ec00000, 0x000000008ec00000| Untracked 
| 215|0x000000008ed00000, 0x000000008ed00000, 0x000000008ee00000|  0%| F|  |TAMS 0x000000008ed00000, 0x000000008ed00000| Untracked 
| 216|0x000000008ee00000, 0x000000008ee00000, 0x000000008ef00000|  0%| F|  |TAMS 0x000000008ee00000, 0x000000008ee00000| Untracked 
| 217|0x000000008ef00000, 0x000000008ef00000, 0x000000008f000000|  0%| F|  |TAMS 0x000000008ef00000, 0x000000008ef00000| Untracked 
| 218|0x000000008f000000, 0x000000008f000000, 0x000000008f100000|  0%| F|  |TAMS 0x000000008f000000, 0x000000008f000000| Untracked 
| 219|0x000000008f100000, 0x000000008f100000, 0x000000008f200000|  0%| F|  |TAMS 0x000000008f100000, 0x000000008f100000| Untracked 
| 220|0x000000008f200000, 0x000000008f200000, 0x000000008f300000|  0%| F|  |TAMS 0x000000008f200000, 0x000000008f200000| Untracked 
| 221|0x000000008f300000, 0x000000008f300000, 0x000000008f400000|  0%| F|  |TAMS 0x000000008f300000, 0x000000008f300000| Untracked 
| 222|0x000000008f400000, 0x000000008f400000, 0x000000008f500000|  0%| F|  |TAMS 0x000000008f400000, 0x000000008f400000| Untracked 
| 223|0x000000008f500000, 0x000000008f500000, 0x000000008f600000|  0%| F|  |TAMS 0x000000008f500000, 0x000000008f500000| Untracked 
| 224|0x000000008f600000, 0x000000008f600000, 0x000000008f700000|  0%| F|  |TAMS 0x000000008f600000, 0x000000008f600000| Untracked 
| 225|0x000000008f700000, 0x000000008f700000, 0x000000008f800000|  0%| F|  |TAMS 0x000000008f700000, 0x000000008f700000| Untracked 
| 226|0x000000008f800000, 0x000000008f800000, 0x000000008f900000|  0%| F|  |TAMS 0x000000008f800000, 0x000000008f800000| Untracked 
| 227|0x000000008f900000, 0x000000008f900000, 0x000000008fa00000|  0%| F|  |TAMS 0x000000008f900000, 0x000000008f900000| Untracked 
| 228|0x000000008fa00000, 0x000000008fa00000, 0x000000008fb00000|  0%| F|  |TAMS 0x000000008fa00000, 0x000000008fa00000| Untracked 
| 229|0x000000008fb00000, 0x000000008fb00000, 0x000000008fc00000|  0%| F|  |TAMS 0x000000008fb00000, 0x000000008fb00000| Untracked 
| 230|0x000000008fc00000, 0x000000008fc00000, 0x000000008fd00000|  0%| F|  |TAMS 0x000000008fc00000, 0x000000008fc00000| Untracked 
| 231|0x000000008fd00000, 0x000000008fd00000, 0x000000008fe00000|  0%| F|  |TAMS 0x000000008fd00000, 0x000000008fd00000| Untracked 
| 232|0x000000008fe00000, 0x000000008fe00000, 0x000000008ff00000|  0%| F|  |TAMS 0x000000008fe00000, 0x000000008fe00000| Untracked 
| 233|0x000000008ff00000, 0x000000008ff00000, 0x0000000090000000|  0%| F|  |TAMS 0x000000008ff00000, 0x000000008ff00000| Untracked 
| 234|0x0000000090000000, 0x0000000090000000, 0x0000000090100000|  0%| F|  |TAMS 0x0000000090000000, 0x0000000090000000| Untracked 
| 235|0x0000000090100000, 0x0000000090100000, 0x0000000090200000|  0%| F|  |TAMS 0x0000000090100000, 0x0000000090100000| Untracked 
| 236|0x0000000090200000, 0x0000000090200000, 0x0000000090300000|  0%| F|  |TAMS 0x0000000090200000, 0x0000000090200000| Untracked 
| 237|0x0000000090300000, 0x0000000090300000, 0x0000000090400000|  0%| F|  |TAMS 0x0000000090300000, 0x0000000090300000| Untracked 
| 238|0x0000000090400000, 0x0000000090400000, 0x0000000090500000|  0%| F|  |TAMS 0x0000000090400000, 0x0000000090400000| Untracked 
| 239|0x0000000090500000, 0x0000000090500000, 0x0000000090600000|  0%| F|  |TAMS 0x0000000090500000, 0x0000000090500000| Untracked 
| 240|0x0000000090600000, 0x0000000090600000, 0x0000000090700000|  0%| F|  |TAMS 0x0000000090600000, 0x0000000090600000| Untracked 
| 241|0x0000000090700000, 0x0000000090700000, 0x0000000090800000|  0%| F|  |TAMS 0x0000000090700000, 0x0000000090700000| Untracked 
| 242|0x0000000090800000, 0x0000000090800000, 0x0000000090900000|  0%| F|  |TAMS 0x0000000090800000, 0x0000000090800000| Untracked 
| 243|0x0000000090900000, 0x0000000090900000, 0x0000000090a00000|  0%| F|  |TAMS 0x0000000090900000, 0x0000000090900000| Untracked 
| 244|0x0000000090a00000, 0x0000000090a00000, 0x0000000090b00000|  0%| F|  |TAMS 0x0000000090a00000, 0x0000000090a00000| Untracked 
| 245|0x0000000090b00000, 0x0000000090b00000, 0x0000000090c00000|  0%| F|  |TAMS 0x0000000090b00000, 0x0000000090b00000| Untracked 
| 246|0x0000000090c00000, 0x0000000090c00000, 0x0000000090d00000|  0%| F|  |TAMS 0x0000000090c00000, 0x0000000090c00000| Untracked 
| 247|0x0000000090d00000, 0x0000000090d00000, 0x0000000090e00000|  0%| F|  |TAMS 0x0000000090d00000, 0x0000000090d00000| Untracked 
| 248|0x0000000090e00000, 0x0000000090e00000, 0x0000000090f00000|  0%| F|  |TAMS 0x0000000090e00000, 0x0000000090e00000| Untracked 
| 249|0x0000000090f00000, 0x0000000090f00000, 0x0000000091000000|  0%| F|  |TAMS 0x0000000090f00000, 0x0000000090f00000| Untracked 
| 250|0x0000000091000000, 0x0000000091000000, 0x0000000091100000|  0%| F|  |TAMS 0x0000000091000000, 0x0000000091000000| Untracked 
| 251|0x0000000091100000, 0x0000000091100000, 0x0000000091200000|  0%| F|  |TAMS 0x0000000091100000, 0x0000000091100000| Untracked 
| 252|0x0000000091200000, 0x0000000091200000, 0x0000000091300000|  0%| F|  |TAMS 0x0000000091200000, 0x0000000091200000| Untracked 
| 253|0x0000000091300000, 0x0000000091300000, 0x0000000091400000|  0%| F|  |TAMS 0x0000000091300000, 0x0000000091300000| Untracked 
| 254|0x0000000091400000, 0x0000000091400000, 0x0000000091500000|  0%| F|  |TAMS 0x0000000091400000, 0x0000000091400000| Untracked 
| 255|0x0000000091500000, 0x0000000091500000, 0x0000000091600000|  0%| F|  |TAMS 0x0000000091500000, 0x0000000091500000| Untracked 
| 256|0x0000000091600000, 0x0000000091600000, 0x0000000091700000|  0%| F|  |TAMS 0x0000000091600000, 0x0000000091600000| Untracked 

Card table byte_map: [0x000002a4f7340000,0x000002a4f7740000] _byte_map_base: 0x000002a4f6f35000

Marking Bits (Prev, Next): (CMBitMap*) 0x000002a4ed7e7db0, (CMBitMap*) 0x000002a4ed7e7df0
 Prev Bits: [0x000002a4f7b40000, 0x000002a4f9ae8000)
 Next Bits: [0x000002a4f9af0000, 0x000002a4fba98000)

Polling page: 0x000002a4eb6f0000

Metaspace:

Usage:
  Non-class:     12.51 MB used.
      Class:      1.89 MB used.
       Both:     14.39 MB used.

Virtual space:
  Non-class space:       64.00 MB reserved,      12.62 MB ( 20%) committed,  1 nodes.
      Class space:        1.00 GB reserved,       2.06 MB ( <1%) committed,  1 nodes.
             Both:        1.06 GB reserved,      14.69 MB (  1%) committed. 

Chunk freelists:
   Non-Class:  2.03 MB
       Class:  1.98 MB
        Both:  4.02 MB

MaxMetaspaceSize: unlimited
CompressedClassSpaceSize: 1.00 GB
Initial GC threshold: 21.00 MB
Current GC threshold: 21.00 MB
CDS: on
MetaspaceReclaimPolicy: balanced
 - commit_granule_bytes: 65536.
 - commit_granule_words: 8192.
 - virtual_space_node_default_size: 8388608.
 - enlarge_chunks_in_place: 1.
 - new_chunks_are_fully_committed: 0.
 - uncommit_free_chunks: 1.
 - use_allocation_guard: 0.


Internal statistics:

num_allocs_failed_limit: 0.
num_arena_births: 252.
num_arena_deaths: 0.
num_vsnodes_births: 2.
num_vsnodes_deaths: 0.
num_space_committed: 235.
num_space_uncommitted: 0.
num_chunks_returned_to_freelist: 0.
num_chunks_taken_from_freelist: 786.
num_chunk_merges: 0.
num_chunk_splits: 552.
num_chunks_enlarged: 429.
num_inconsistent_stats: 0.

CodeHeap 'non-profiled nmethods': size=120000Kb used=2369Kb max_used=2369Kb free=117630Kb
 bounds [0x000002a487ad0000, 0x000002a487d40000, 0x000002a48f000000]
CodeHeap 'profiled nmethods': size=120000Kb used=7544Kb max_used=7544Kb free=112455Kb
 bounds [0x000002a480000000, 0x000002a480760000, 0x000002a487530000]
CodeHeap 'non-nmethods': size=5760Kb used=1565Kb max_used=1616Kb free=4194Kb
 bounds [0x000002a487530000, 0x000002a4877a0000, 0x000002a487ad0000]
 total_blobs=4770 nmethods=3949 adapters=729
 compilation: enabled
              stopped_count=0, restarted_count=0
 full_count=0

Compilation events (20 events):
Event: 5.196 Thread 0x000002a4fe728ce0 3944       3       com.sun.prism.d3d.D3DSwapChain::getContentHeight (5 bytes)
Event: 5.196 Thread 0x000002a49c547b40 nmethod 3940 0x000002a487d18890 code [0x000002a487d18a60, 0x000002a487d18d98]
Event: 5.197 Thread 0x000002a4fe728ce0 nmethod 3944 0x000002a48075b590 code [0x000002a48075b740, 0x000002a48075b988]
Event: 5.197 Thread 0x000002a49c547b40 3942       4       com.sun.javafx.geom.transform.Affine2D::setTransform (372 bytes)
Event: 5.200 Thread 0x000002a49c547b40 nmethod 3942 0x000002a487d19090 code [0x000002a487d19240, 0x000002a487d19498]
Event: 5.209 Thread 0x000002a49c547b40 3945       4       com.sun.prism.paint.Color::isOpaque (15 bytes)
Event: 5.210 Thread 0x000002a49c547b40 nmethod 3945 0x000002a487d19710 code [0x000002a487d198c0, 0x000002a487d19958]
Event: 5.215 Thread 0x000002a49c547b40 3946       4       com.sun.javafx.geom.transform.Affine3D::scale (27 bytes)
Event: 5.217 Thread 0x000002a49c547b40 nmethod 3946 0x000002a487d19a10 code [0x000002a487d19bc0, 0x000002a487d19d78]
Event: 5.218 Thread 0x000002a49c547b40 3947       4       java.lang.Integer::stringSize (47 bytes)
Event: 5.220 Thread 0x000002a49c547b40 nmethod 3947 0x000002a487d19e90 code [0x000002a487d1a020, 0x000002a487d1a118]
Event: 5.220 Thread 0x000002a49c547b40 3948       4       java.lang.Integer::getChars (121 bytes)
Event: 5.223 Thread 0x000002a4fe728ce0 3950       3       java.security.AccessController::getContext (23 bytes)
Event: 5.224 Thread 0x000002a4fe728ce0 nmethod 3950 0x000002a48075ba90 code [0x000002a48075bc60, 0x000002a48075bf38]
Event: 5.227 Thread 0x000002a49c547b40 nmethod 3948 0x000002a487d1a210 code [0x000002a487d1a3c0, 0x000002a487d1a878]
Event: 5.227 Thread 0x000002a49c547b40 3949       4       com.sun.prism.impl.ps.BaseShaderContext::validateTextureOp (191 bytes)
Event: 5.231 Thread 0x000002a4fe6fca50 nmethod 3925 0x000002a487d1ab10 code [0x000002a487d1ae00, 0x000002a487d1c648]
Event: 5.267 Thread 0x000002a4fe728ce0 3951   !   3       com.sun.javafx.application.PlatformImpl::checkIdle (154 bytes)
Event: 5.271 Thread 0x000002a4fe728ce0 nmethod 3951 0x000002a48075c090 code [0x000002a48075c420, 0x000002a48075d9e8]
Event: 5.275 Thread 0x000002a49c547b40 nmethod 3949 0x000002a487d1d810 code [0x000002a487d1db20, 0x000002a487d1f170]

GC Heap History (20 events):
Event: 4.088 GC heap after
{Heap after GC invocations=2 (full 0):
 garbage-first heap   total 131072K, used 19811K [0x0000000081600000, 0x0000000100000000)
  region size 1024K, 5 young (5120K), 5 survivors (5120K)
 Metaspace       used 14153K, committed 14400K, reserved 1114112K
  class space    used 1908K, committed 1984K, reserved 1048576K
}
Event: 4.976 GC heap before
{Heap before GC invocations=2 (full 0):
 garbage-first heap   total 131072K, used 91491K [0x0000000081600000, 0x0000000100000000)
  region size 1024K, 76 young (77824K), 5 survivors (5120K)
 Metaspace       used 14596K, committed 14912K, reserved 1114112K
  class space    used 1931K, committed 2112K, reserved 1048576K
}
Event: 4.982 GC heap after
{Heap after GC invocations=3 (full 0):
 garbage-first heap   total 131072K, used 22263K [0x0000000081600000, 0x0000000100000000)
  region size 1024K, 8 young (8192K), 8 survivors (8192K)
 Metaspace       used 14596K, committed 14912K, reserved 1114112K
  class space    used 1931K, committed 2112K, reserved 1048576K
}
Event: 5.000 GC heap before
{Heap before GC invocations=3 (full 0):
 garbage-first heap   total 131072K, used 92919K [0x0000000081600000, 0x0000000100000000)
  region size 1024K, 76 young (77824K), 8 survivors (8192K)
 Metaspace       used 14609K, committed 14912K, reserved 1114112K
  class space    used 1931K, committed 2112K, reserved 1048576K
}
Event: 5.005 GC heap after
{Heap after GC invocations=4 (full 0):
 garbage-first heap   total 131072K, used 24032K [0x0000000081600000, 0x0000000100000000)
  region size 1024K, 4 young (4096K), 4 survivors (4096K)
 Metaspace       used 14609K, committed 14912K, reserved 1114112K
  class space    used 1931K, committed 2112K, reserved 1048576K
}
Event: 5.024 GC heap before
{Heap before GC invocations=4 (full 0):
 garbage-first heap   total 131072K, used 97760K [0x0000000081600000, 0x0000000100000000)
  region size 1024K, 76 young (77824K), 4 survivors (4096K)
 Metaspace       used 14628K, committed 14912K, reserved 1114112K
  class space    used 1931K, committed 2112K, reserved 1048576K
}
Event: 5.027 GC heap after
{Heap after GC invocations=5 (full 0):
 garbage-first heap   total 131072K, used 23236K [0x0000000081600000, 0x0000000100000000)
  region size 1024K, 3 young (3072K), 3 survivors (3072K)
 Metaspace       used 14628K, committed 14912K, reserved 1114112K
  class space    used 1931K, committed 2112K, reserved 1048576K
}
Event: 5.046 GC heap before
{Heap before GC invocations=5 (full 0):
 garbage-first heap   total 131072K, used 97988K [0x0000000081600000, 0x0000000100000000)
  region size 1024K, 76 young (77824K), 3 survivors (3072K)
 Metaspace       used 14647K, committed 14976K, reserved 1114112K
  class space    used 1931K, committed 2112K, reserved 1048576K
}
Event: 5.048 GC heap after
{Heap after GC invocations=6 (full 0):
 garbage-first heap   total 131072K, used 23537K [0x0000000081600000, 0x0000000100000000)
  region size 1024K, 3 young (3072K), 3 survivors (3072K)
 Metaspace       used 14647K, committed 14976K, reserved 1114112K
  class space    used 1931K, committed 2112K, reserved 1048576K
}
Event: 5.067 GC heap before
{Heap before GC invocations=6 (full 0):
 garbage-first heap   total 131072K, used 98289K [0x0000000081600000, 0x0000000100000000)
  region size 1024K, 76 young (77824K), 3 survivors (3072K)
 Metaspace       used 14674K, committed 14976K, reserved 1114112K
  class space    used 1931K, committed 2112K, reserved 1048576K
}
Event: 5.069 GC heap after
{Heap after GC invocations=7 (full 0):
 garbage-first heap   total 131072K, used 23939K [0x0000000081600000, 0x0000000100000000)
  region size 1024K, 4 young (4096K), 4 survivors (4096K)
 Metaspace       used 14674K, committed 14976K, reserved 1114112K
  class space    used 1931K, committed 2112K, reserved 1048576K
}
Event: 5.086 GC heap before
{Heap before GC invocations=7 (full 0):
 garbage-first heap   total 131072K, used 97667K [0x0000000081600000, 0x0000000100000000)
  region size 1024K, 76 young (77824K), 4 survivors (4096K)
 Metaspace       used 14696K, committed 14976K, reserved 1114112K
  class space    used 1931K, committed 2112K, reserved 1048576K
}
Event: 5.089 GC heap after
{Heap after GC invocations=8 (full 0):
 garbage-first heap   total 263168K, used 24582K [0x0000000081600000, 0x0000000100000000)
  region size 1024K, 4 young (4096K), 4 survivors (4096K)
 Metaspace       used 14696K, committed 14976K, reserved 1114112K
  class space    used 1931K, committed 2112K, reserved 1048576K
}
Event: 5.153 GC heap before
{Heap before GC invocations=8 (full 0):
 garbage-first heap   total 263168K, used 178182K [0x0000000081600000, 0x0000000100000000)
  region size 1024K, 154 young (157696K), 4 survivors (4096K)
 Metaspace       used 14725K, committed 15040K, reserved 1114112K
  class space    used 1931K, committed 2112K, reserved 1048576K
}
Event: 5.155 GC heap after
{Heap after GC invocations=9 (full 0):
 garbage-first heap   total 263168K, used 24616K [0x0000000081600000, 0x0000000100000000)
  region size 1024K, 4 young (4096K), 4 survivors (4096K)
 Metaspace       used 14725K, committed 15040K, reserved 1114112K
  class space    used 1931K, committed 2112K, reserved 1048576K
}
Event: 5.204 GC heap before
{Heap before GC invocations=9 (full 0):
 garbage-first heap   total 263168K, used 178216K [0x0000000081600000, 0x0000000100000000)
  region size 1024K, 154 young (157696K), 4 survivors (4096K)
 Metaspace       used 14735K, committed 15040K, reserved 1114112K
  class space    used 1931K, committed 2112K, reserved 1048576K
}
Event: 5.208 GC heap after
{Heap after GC invocations=10 (full 0):
 garbage-first heap   total 263168K, used 24291K [0x0000000081600000, 0x0000000100000000)
  region size 1024K, 4 young (4096K), 4 survivors (4096K)
 Metaspace       used 14735K, committed 15040K, reserved 1114112K
  class space    used 1931K, committed 2112K, reserved 1048576K
}
Event: 5.247 GC heap before
{Heap before GC invocations=10 (full 0):
 garbage-first heap   total 263168K, used 177891K [0x0000000081600000, 0x0000000100000000)
  region size 1024K, 154 young (157696K), 4 survivors (4096K)
 Metaspace       used 14735K, committed 15040K, reserved 1114112K
  class space    used 1931K, committed 2112K, reserved 1048576K
}
Event: 5.249 GC heap after
{Heap after GC invocations=11 (full 0):
 garbage-first heap   total 263168K, used 24510K [0x0000000081600000, 0x0000000100000000)
  region size 1024K, 4 young (4096K), 4 survivors (4096K)
 Metaspace       used 14735K, committed 15040K, reserved 1114112K
  class space    used 1931K, committed 2112K, reserved 1048576K
}
Event: 5.288 GC heap before
{Heap before GC invocations=11 (full 0):
 garbage-first heap   total 263168K, used 177086K [0x0000000081600000, 0x0000000100000000)
  region size 1024K, 154 young (157696K), 4 survivors (4096K)
 Metaspace       used 14739K, committed 15040K, reserved 1114112K
  class space    used 1931K, committed 2112K, reserved 1048576K
}

Dll operation events (20 events):
Event: 0.128 Loaded shared library C:\Program Files\Zulu\zulu-19\bin\api-ms-win-crt-process-l1-1-0.dll
Event: 0.129 Loaded shared library C:\Program Files\Zulu\zulu-19\bin\api-ms-win-crt-runtime-l1-1-0.dll
Event: 0.130 Loaded shared library C:\Program Files\Zulu\zulu-19\bin\api-ms-win-crt-stdio-l1-1-0.dll
Event: 0.131 Loaded shared library C:\Program Files\Zulu\zulu-19\bin\api-ms-win-crt-string-l1-1-0.dll
Event: 0.132 Loaded shared library C:\Program Files\Zulu\zulu-19\bin\api-ms-win-crt-time-l1-1-0.dll
Event: 0.134 Loaded shared library C:\Program Files\Zulu\zulu-19\bin\api-ms-win-crt-utility-l1-1-0.dll
Event: 0.135 Loaded shared library C:\Program Files\Zulu\zulu-19\bin\ucrtbase.dll
Event: 0.136 Loaded shared library C:\Program Files\Zulu\zulu-19\bin\vcruntime140.dll
Event: 0.136 Loaded shared library C:\Program Files\Zulu\zulu-19\bin\vcruntime140_1.dll
Event: 0.137 Loaded shared library C:\Program Files\Zulu\zulu-19\bin\msvcp140.dll
Event: 0.138 Loaded shared library C:\Program Files\Zulu\zulu-19\bin\msvcp140_1.dll
Event: 0.138 Loaded shared library C:\Program Files\Zulu\zulu-19\bin\msvcp140_2.dll
Event: 0.158 Loaded shared library C:\Program Files\Zulu\zulu-19\bin\prism_d3d.dll
Event: 0.198 Loaded shared library C:\Program Files\Zulu\zulu-19\bin\glass.dll
Event: 0.309 Loaded shared library C:\Program Files\Zulu\zulu-19\bin\javafx_iio.dll
Event: 0.356 Loaded shared library C:\Program Files\Zulu\zulu-19\bin\glib-lite.dll
Event: 0.359 Loaded shared library C:\Program Files\Zulu\zulu-19\bin\gstreamer-lite.dll
Event: 0.361 Loaded shared library C:\Program Files\Zulu\zulu-19\bin\jfxmedia.dll
Event: 0.419 Loaded shared library C:\Program Files\Zulu\zulu-19\bin\javafx_font.dll
Event: 3.200 Loaded shared library C:\Users\ulise\AppData\Local\Temp\jSerialComm\2.9.3\jSerialComm.dll

Deoptimization events (20 events):
Event: 5.006 Thread 0x000002a4fe99a130 DEOPT PACKING pc=0x000002a487bf6e34 sp=0x000000ba565fc7e0
Event: 5.006 Thread 0x000002a4fe99a130 DEOPT UNPACKING pc=0x000002a487596da3 sp=0x000000ba565fc7b0 mode 2
Event: 5.007 Thread 0x000002a4fe99a130 Uncommon trap: trap_request=0xffffff76 fr.pc=0x000002a487cb370c relative=0x0000000000000b4c
Event: 5.007 Thread 0x000002a4fe99a130 Uncommon trap: reason=predicate action=maybe_recompile pc=0x000002a487cb370c method=java.util.TimSort.countRunAndMakeAscending([Ljava/lang/Object;IILjava/util/Comparator;)I @ 54 c2
Event: 5.007 Thread 0x000002a4fe99a130 DEOPT PACKING pc=0x000002a487cb370c sp=0x000000ba565fc670
Event: 5.007 Thread 0x000002a4fe99a130 DEOPT UNPACKING pc=0x000002a487596da3 sp=0x000000ba565fc650 mode 2
Event: 5.007 Thread 0x000002a4fe99a130 Uncommon trap: trap_request=0xffffffde fr.pc=0x000002a487bf6e34 relative=0x0000000000000b34
Event: 5.007 Thread 0x000002a4fe99a130 Uncommon trap: reason=class_check action=maybe_recompile pc=0x000002a487bf6e34 method=java.util.TimSort.binarySort([Ljava/lang/Object;IIILjava/util/Comparator;)V @ 93 c2
Event: 5.007 Thread 0x000002a4fe99a130 DEOPT PACKING pc=0x000002a487bf6e34 sp=0x000000ba565fc650
Event: 5.007 Thread 0x000002a4fe99a130 DEOPT UNPACKING pc=0x000002a487596da3 sp=0x000000ba565fc620 mode 2
Event: 5.107 Thread 0x000002a49c11f2b0 DEOPT PACKING pc=0x000002a4806ead5d sp=0x000000ba597af150
Event: 5.107 Thread 0x000002a49c11f2b0 DEOPT UNPACKING pc=0x000002a487597543 sp=0x000000ba597ae648 mode 0
Event: 5.113 Thread 0x000002a49c123270 DEOPT PACKING pc=0x000002a4806ead5d sp=0x000000ba598aeee0
Event: 5.113 Thread 0x000002a49c123270 DEOPT UNPACKING pc=0x000002a487597543 sp=0x000000ba598ae3d8 mode 0
Event: 5.126 Thread 0x000002a4fe999140 DEOPT PACKING pc=0x000002a48068fdda sp=0x000000ba562fda90
Event: 5.126 Thread 0x000002a4fe999140 DEOPT UNPACKING pc=0x000002a487597543 sp=0x000000ba562fcea8 mode 0
Event: 5.126 Thread 0x000002a4fe999140 DEOPT PACKING pc=0x000002a48068fdda sp=0x000000ba562fd930
Event: 5.126 Thread 0x000002a4fe999140 DEOPT UNPACKING pc=0x000002a487597543 sp=0x000000ba562fcd48 mode 0
Event: 5.127 Thread 0x000002a4fe999140 DEOPT PACKING pc=0x000002a48069027c sp=0x000000ba562fd930
Event: 5.127 Thread 0x000002a4fe999140 DEOPT UNPACKING pc=0x000002a487597543 sp=0x000000ba562fcd48 mode 0

Classes loaded (20 events):
Event: 4.131 Loading class jdk/internal/icu/impl/UCharacterProperty$1
Event: 4.131 Loading class jdk/internal/icu/impl/UCharacterProperty$BiDiIntProperty
Event: 4.131 Loading class jdk/internal/icu/impl/UCharacterProperty$IntProperty
Event: 4.131 Loading class jdk/internal/icu/impl/UCharacterProperty$IntProperty done
Event: 4.131 Loading class jdk/internal/icu/impl/UCharacterProperty$BiDiIntProperty done
Event: 4.131 Loading class jdk/internal/icu/impl/UCharacterProperty$1 done
Event: 4.131 Loading class jdk/internal/icu/impl/UCharacterProperty$IsAcceptable
Event: 4.131 Loading class jdk/internal/icu/impl/UCharacterProperty$IsAcceptable done
Event: 4.131 Loading class jdk/internal/icu/util/VersionInfo
Event: 4.131 Loading class jdk/internal/icu/util/VersionInfo done
Event: 4.135 Loading class java/lang/CharacterData01
Event: 4.135 Loading class java/lang/CharacterData01 done
Event: 4.564 Loading class java/lang/foreign/MemorySegment
Event: 4.565 Loading class java/lang/foreign/Addressable
Event: 4.565 Loading class java/lang/foreign/Addressable done
Event: 4.565 Loading class java/lang/foreign/MemorySegment done
Event: 4.962 Loading class java/lang/Throwable$WrappedPrintStream
Event: 4.962 Loading class java/lang/Throwable$PrintStreamOrWriter
Event: 4.962 Loading class java/lang/Throwable$PrintStreamOrWriter done
Event: 4.962 Loading class java/lang/Throwable$WrappedPrintStream done

Classes unloaded (0 events):
No events

Classes redefined (0 events):
No events

Internal exceptions (20 events):
Event: 1.963 Thread 0x000002a4fe99a130 Exception <a 'java/lang/NoSuchMethodError'{0x0000000088938390}: 'java.lang.Object java.lang.invoke.Invokers$Holder.linkToTargetMethod(java.lang.Object, long, java.lang.Object)'> (0x0000000088938390) 
thrown [s\src\hotspot\share\interpreter\linkResolver.cpp, line 774]
Event: 2.112 Thread 0x000002a4fe99a130 Exception <a 'java/lang/NoSuchMethodError'{0x0000000088202af8}: 'void java.lang.invoke.DirectMethodHandle$Holder.invokeSpecial(java.lang.Object, java.lang.Object, double)'> (0x0000000088202af8) 
thrown [s\src\hotspot\share\interpreter\linkResolver.cpp, line 774]
Event: 2.113 Thread 0x000002a4fe99a130 Exception <a 'java/lang/NoSuchMethodError'{0x0000000088208f50}: 'java.lang.Object java.lang.invoke.DirectMethodHandle$Holder.newInvokeSpecial(java.lang.Object, java.lang.Object, double)'> (0x0000000088208f50) 
thrown [s\src\hotspot\share\interpreter\linkResolver.cpp, line 774]
Event: 3.159 Thread 0x000002a4fe99a130 Exception <a 'java/lang/ClassNotFoundException'{0x0000000088d4bea0}: com/sun/glass/ui/win/themes> (0x0000000088d4bea0) 
thrown [s\src\hotspot\share\prims\jni.cpp, line 536]
Event: 3.160 Thread 0x000002a4fe99a130 Exception <a 'java/lang/ClassNotFoundException'{0x0000000088d53b68}: com/sun/glass/ui/win/themes_es> (0x0000000088d53b68) 
thrown [s\src\hotspot\share\prims\jni.cpp, line 536]
Event: 3.160 Thread 0x000002a4fe99a130 Exception <a 'java/lang/ClassNotFoundException'{0x0000000088d5b908}: com/sun/glass/ui/win/themes_es_CR> (0x0000000088d5b908) 
thrown [s\src\hotspot\share\prims\jni.cpp, line 536]
Event: 3.185 Thread 0x000002a4fe99a130 Implicit null exception at 0x000002a487b5e0af to 0x000002a487b5e334
Event: 3.186 Thread 0x000002a4fe99a130 Implicit null exception at 0x000002a487b6072c to 0x000002a487b609dc
Event: 3.186 Thread 0x000002a4fe99a130 Exception <a 'java/lang/NoSuchMethodError'{0x0000000088a11370}: 'void java.lang.invoke.DirectMethodHandle$Holder.invokeStaticInit(java.lang.Object, java.lang.Object)'> (0x0000000088a11370) 
thrown [s\src\hotspot\share\interpreter\linkResolver.cpp, line 774]
Event: 3.273 Thread 0x000002a4fe99a130 Exception <a 'java/lang/NoSuchMethodError'{0x000000008873c750}: 'java.lang.Object java.lang.invoke.DirectMethodHandle$Holder.invokeInterface(java.lang.Object, java.lang.Object, java.lang.Object)'> (0x000000008873c750) 
thrown [s\src\hotspot\share\interpreter\linkResolver.cpp, line 774]
Event: 3.273 Thread 0x000002a4fe99a130 Exception <a 'java/lang/IncompatibleClassChangeError'{0x0000000088740430}: Found class java.lang.Object, but interface was expected> (0x0000000088740430) 
thrown [s\src\hotspot\share\interpreter\linkResolver.cpp, line 841]
Event: 3.324 Thread 0x000002a4fe99a130 Implicit null exception at 0x000002a487b7d220 to 0x000002a487b7d548
Event: 4.136 Thread 0x000002a4fe99a130 Exception <a 'java/io/FileNotFoundException'{0x0000000089169700}> (0x0000000089169700) 
thrown [s\src\hotspot\share\prims\jni.cpp, line 517]
Event: 4.136 Thread 0x000002a4fe99a130 Exception <a 'java/io/FileNotFoundException'{0x000000008916adb0}> (0x000000008916adb0) 
thrown [s\src\hotspot\share\prims\jni.cpp, line 517]
Event: 4.137 Thread 0x000002a4fe99a130 Exception <a 'java/io/FileNotFoundException'{0x000000008916ef78}> (0x000000008916ef78) 
thrown [s\src\hotspot\share\prims\jni.cpp, line 517]
Event: 4.137 Thread 0x000002a4fe99a130 Exception <a 'java/io/FileNotFoundException'{0x0000000089170098}> (0x0000000089170098) 
thrown [s\src\hotspot\share\prims\jni.cpp, line 517]
Event: 4.146 Thread 0x000002a4fe99a130 Implicit null exception at 0x000002a487b8a3ac to 0x000002a487b8a3fc
Event: 4.590 Thread 0x000002a4fe99a130 Implicit null exception at 0x000002a487c30414 to 0x000002a487c30e8c
Event: 4.590 Thread 0x000002a4fe99a130 Implicit null exception at 0x000002a487baf5ce to 0x000002a487baf734
Event: 4.962 Thread 0x000002a49c121d30 Exception <a 'java/lang/InterruptedException'{0x00000000893d3f70}: sleep interrupted> (0x00000000893d3f70) 
thrown [s\src\hotspot\share\prims\jvm.cpp, line 3111]

VM Operations (20 events):
Event: 4.982 Executing VM operation: G1CollectForAllocation done
Event: 5.000 Executing VM operation: G1CollectForAllocation
Event: 5.005 Executing VM operation: G1CollectForAllocation done
Event: 5.024 Executing VM operation: G1CollectForAllocation
Event: 5.027 Executing VM operation: G1CollectForAllocation done
Event: 5.046 Executing VM operation: G1CollectForAllocation
Event: 5.048 Executing VM operation: G1CollectForAllocation done
Event: 5.067 Executing VM operation: G1CollectForAllocation
Event: 5.069 Executing VM operation: G1CollectForAllocation done
Event: 5.085 Executing VM operation: G1CollectForAllocation
Event: 5.089 Executing VM operation: G1CollectForAllocation done
Event: 5.152 Executing VM operation: G1CollectForAllocation
Event: 5.155 Executing VM operation: G1CollectForAllocation done
Event: 5.204 Executing VM operation: G1CollectForAllocation
Event: 5.204 Executing VM operation: G1CollectForAllocation done
Event: 5.204 Executing VM operation: G1CollectForAllocation
Event: 5.208 Executing VM operation: G1CollectForAllocation done
Event: 5.246 Executing VM operation: G1CollectForAllocation
Event: 5.249 Executing VM operation: G1CollectForAllocation done
Event: 5.288 Executing VM operation: G1CollectForAllocation

Events (20 events):
Event: 5.183 Thread 0x000002a49c1227d0 Thread added: 0x000002a49c1227d0
Event: 5.183 Thread 0x000002a49c1227d0 Thread exited: 0x000002a49c1227d0
Event: 5.183 Thread 0x000002a49c1227d0 Thread added: 0x000002a49c1227d0
Event: 5.183 Thread 0x000002a49c1227d0 Thread exited: 0x000002a49c1227d0
Event: 5.183 Thread 0x000002a49c1227d0 Thread added: 0x000002a49c1227d0
Event: 5.184 Thread 0x000002a49c1227d0 Thread exited: 0x000002a49c1227d0
Event: 5.184 Thread 0x000002a49c1247b0 Thread added: 0x000002a49c1247b0
Event: 5.184 Thread 0x000002a49c1247b0 Thread exited: 0x000002a49c1247b0
Event: 5.223 Thread 0x000002a49c1247b0 Thread added: 0x000002a49c1247b0
Event: 5.223 Thread 0x000002a49c1247b0 Thread exited: 0x000002a49c1247b0
Event: 5.223 Thread 0x000002a49c1227d0 Thread added: 0x000002a49c1227d0
Event: 5.223 Thread 0x000002a49c1227d0 Thread exited: 0x000002a49c1227d0
Event: 5.262 Thread 0x000002a49c11e810 Thread added: 0x000002a49c11e810
Event: 5.263 Thread 0x000002a49c11e810 Thread exited: 0x000002a49c11e810
Event: 5.263 Thread 0x000002a49c1227d0 Thread added: 0x000002a49c1227d0
Event: 5.263 Thread 0x000002a49c1227d0 Thread exited: 0x000002a49c1227d0
Event: 5.263 Thread 0x000002a49c11d2d0 Thread added: 0x000002a49c11d2d0
Event: 5.263 Thread 0x000002a49c11d2d0 Thread exited: 0x000002a49c11d2d0
Event: 5.263 Thread 0x000002a49c1247b0 Thread added: 0x000002a49c1247b0
Event: 5.263 Thread 0x000002a49c1247b0 Thread exited: 0x000002a49c1247b0


Dynamic libraries:
0x00007ff6800d0000 - 0x00007ff6800de000 	C:\Program Files\Zulu\zulu-19\bin\java.exe
0x00007ffa972f0000 - 0x00007ffa97504000 	C:\WINDOWS\SYSTEM32\ntdll.dll
0x00007ffa96a30000 - 0x00007ffa96af2000 	C:\WINDOWS\System32\KERNEL32.DLL
0x00007ffa94a90000 - 0x00007ffa94e2c000 	C:\WINDOWS\System32\KERNELBASE.dll
0x00007ffa94730000 - 0x00007ffa94841000 	C:\WINDOWS\System32\ucrtbase.dll
0x00007ffa82b10000 - 0x00007ffa82b2b000 	C:\Program Files\Zulu\zulu-19\bin\VCRUNTIME140.dll
0x00007ffa823b0000 - 0x00007ffa823c7000 	C:\Program Files\Zulu\zulu-19\bin\jli.dll
0x00007ffa95ee0000 - 0x00007ffa9608b000 	C:\WINDOWS\System32\USER32.dll
0x00007ffa94a60000 - 0x00007ffa94a86000 	C:\WINDOWS\System32\win32u.dll
0x00007ffa7c330000 - 0x00007ffa7c5be000 	C:\WINDOWS\WinSxS\amd64_microsoft.windows.common-controls_6595b64144ccf1df_6.0.22621.608_none_a9444ca7c10bb01d\COMCTL32.dll
0x00007ffa97050000 - 0x00007ffa97079000 	C:\WINDOWS\System32\GDI32.dll
0x00007ffa97200000 - 0x00007ffa972a7000 	C:\WINDOWS\System32\msvcrt.dll
0x00007ffa94f70000 - 0x00007ffa95083000 	C:\WINDOWS\System32\gdi32full.dll
0x00007ffa949c0000 - 0x00007ffa94a5a000 	C:\WINDOWS\System32\msvcp_win.dll
0x00007ffa95ea0000 - 0x00007ffa95ed1000 	C:\WINDOWS\System32\IMM32.DLL
0x00007ffa8f920000 - 0x00007ffa8f92c000 	C:\Program Files\Zulu\zulu-19\bin\vcruntime140_1.dll
0x00007ffa81f10000 - 0x00007ffa81f9d000 	C:\Program Files\Zulu\zulu-19\bin\msvcp140.dll
0x00007ffa3d0a0000 - 0x00007ffa3dda7000 	C:\Program Files\Zulu\zulu-19\bin\server\jvm.dll
0x00007ffa970d0000 - 0x00007ffa9717e000 	C:\WINDOWS\System32\ADVAPI32.dll
0x00007ffa95d60000 - 0x00007ffa95e04000 	C:\WINDOWS\System32\sechost.dll
0x00007ffa95c20000 - 0x00007ffa95d35000 	C:\WINDOWS\System32\RPCRT4.dll
0x00007ffa8ce90000 - 0x00007ffa8cec4000 	C:\WINDOWS\SYSTEM32\WINMM.dll
0x00007ffa8df80000 - 0x00007ffa8df89000 	C:\WINDOWS\SYSTEM32\WSOCK32.dll
0x00007ffa8ce00000 - 0x00007ffa8ce0a000 	C:\WINDOWS\SYSTEM32\VERSION.dll
0x00007ffa95620000 - 0x00007ffa95691000 	C:\WINDOWS\System32\WS2_32.dll
0x00007ffa93790000 - 0x00007ffa937a8000 	C:\WINDOWS\SYSTEM32\kernel.appcore.dll
0x00007ffa8dc20000 - 0x00007ffa8dc2a000 	C:\Program Files\Zulu\zulu-19\bin\jimage.dll
0x00007ffa920e0000 - 0x00007ffa9230e000 	C:\WINDOWS\SYSTEM32\DBGHELP.DLL
0x00007ffa95790000 - 0x00007ffa95b19000 	C:\WINDOWS\System32\combase.dll
0x00007ffa95160000 - 0x00007ffa95237000 	C:\WINDOWS\System32\OLEAUT32.dll
0x00007ffa764d0000 - 0x00007ffa76502000 	C:\WINDOWS\SYSTEM32\dbgcore.DLL
0x00007ffa94e30000 - 0x00007ffa94eab000 	C:\WINDOWS\System32\bcryptPrimitives.dll
0x00007ffa82110000 - 0x00007ffa82136000 	C:\Program Files\Zulu\zulu-19\bin\java.dll
0x00007ffa56320000 - 0x00007ffa563f7000 	C:\Program Files\Zulu\zulu-19\bin\jsvml.dll
0x00007ffa960a0000 - 0x00007ffa96890000 	C:\WINDOWS\System32\SHELL32.dll
0x00007ffa92750000 - 0x00007ffa9301d000 	C:\WINDOWS\SYSTEM32\windows.storage.dll
0x00007ffa92610000 - 0x00007ffa9274e000 	C:\WINDOWS\SYSTEM32\wintypes.dll
0x00007ffa95360000 - 0x00007ffa95451000 	C:\WINDOWS\System32\SHCORE.dll
0x00007ffa956b0000 - 0x00007ffa9570e000 	C:\WINDOWS\System32\shlwapi.dll
0x00007ffa94660000 - 0x00007ffa94681000 	C:\WINDOWS\SYSTEM32\profapi.dll
0x00007ffa820c0000 - 0x00007ffa820d3000 	C:\Program Files\Zulu\zulu-19\bin\net.dll
0x00007ffa8d990000 - 0x00007ffa8dac7000 	C:\WINDOWS\SYSTEM32\WINHTTP.dll
0x00007ffa93c00000 - 0x00007ffa93c69000 	C:\WINDOWS\system32\mswsock.dll
0x00007ffa81ef0000 - 0x00007ffa81f06000 	C:\Program Files\Zulu\zulu-19\bin\nio.dll
0x00007ffa81ed0000 - 0x00007ffa81ee8000 	C:\Program Files\Zulu\zulu-19\bin\zip.dll
0x000002a4eb730000 - 0x000002a4eb734000 	C:\Program Files\Zulu\zulu-19\bin\api-ms-win-core-console-l1-1-0.dll
0x000002a4eb740000 - 0x000002a4eb744000 	C:\Program Files\Zulu\zulu-19\bin\api-ms-win-core-console-l1-2-0.dll
0x000002a4eb750000 - 0x000002a4eb754000 	C:\Program Files\Zulu\zulu-19\bin\api-ms-win-core-datetime-l1-1-0.dll
0x000002a4eb760000 - 0x000002a4eb764000 	C:\Program Files\Zulu\zulu-19\bin\api-ms-win-core-debug-l1-1-0.dll
0x000002a4eb770000 - 0x000002a4eb774000 	C:\Program Files\Zulu\zulu-19\bin\api-ms-win-core-errorhandling-l1-1-0.dll
0x000002a4eb780000 - 0x000002a4eb785000 	C:\Program Files\Zulu\zulu-19\bin\api-ms-win-core-file-l1-1-0.dll
0x000002a4eb790000 - 0x000002a4eb794000 	C:\Program Files\Zulu\zulu-19\bin\api-ms-win-core-file-l1-2-0.dll
0x000002a4ed710000 - 0x000002a4ed714000 	C:\Program Files\Zulu\zulu-19\bin\api-ms-win-core-file-l2-1-0.dll
0x000002a4ed720000 - 0x000002a4ed724000 	C:\Program Files\Zulu\zulu-19\bin\api-ms-win-core-handle-l1-1-0.dll
0x000002a4ed730000 - 0x000002a4ed734000 	C:\Program Files\Zulu\zulu-19\bin\api-ms-win-core-heap-l1-1-0.dll
0x000002a4ed740000 - 0x000002a4ed744000 	C:\Program Files\Zulu\zulu-19\bin\api-ms-win-core-interlocked-l1-1-0.dll
0x000002a4fec70000 - 0x000002a4fec74000 	C:\Program Files\Zulu\zulu-19\bin\api-ms-win-core-libraryloader-l1-1-0.dll
0x000002a4fec80000 - 0x000002a4fec84000 	C:\Program Files\Zulu\zulu-19\bin\api-ms-win-core-localization-l1-2-0.dll
0x000002a4fec90000 - 0x000002a4fec94000 	C:\Program Files\Zulu\zulu-19\bin\api-ms-win-core-memory-l1-1-0.dll
0x000002a4feca0000 - 0x000002a4feca4000 	C:\Program Files\Zulu\zulu-19\bin\api-ms-win-core-namedpipe-l1-1-0.dll
0x000002a4fecb0000 - 0x000002a4fecb4000 	C:\Program Files\Zulu\zulu-19\bin\api-ms-win-core-processenvironment-l1-1-0.dll
0x000002a4fecc0000 - 0x000002a4fecc4000 	C:\Program Files\Zulu\zulu-19\bin\api-ms-win-core-processthreads-l1-1-0.dll
0x000002a4fecd0000 - 0x000002a4fecd4000 	C:\Program Files\Zulu\zulu-19\bin\api-ms-win-core-processthreads-l1-1-1.dll
0x000002a4fece0000 - 0x000002a4fece4000 	C:\Program Files\Zulu\zulu-19\bin\api-ms-win-core-profile-l1-1-0.dll
0x000002a4fecf0000 - 0x000002a4fecf4000 	C:\Program Files\Zulu\zulu-19\bin\api-ms-win-core-rtlsupport-l1-1-0.dll
0x000002a4fed00000 - 0x000002a4fed04000 	C:\Program Files\Zulu\zulu-19\bin\api-ms-win-core-string-l1-1-0.dll
0x000002a4fed10000 - 0x000002a4fed14000 	C:\Program Files\Zulu\zulu-19\bin\api-ms-win-core-synch-l1-1-0.dll
0x000002a4fed20000 - 0x000002a4fed24000 	C:\Program Files\Zulu\zulu-19\bin\api-ms-win-core-synch-l1-2-0.dll
0x000002a4fed30000 - 0x000002a4fed34000 	C:\Program Files\Zulu\zulu-19\bin\api-ms-win-core-sysinfo-l1-1-0.dll
0x000002a4fed40000 - 0x000002a4fed44000 	C:\Program Files\Zulu\zulu-19\bin\api-ms-win-core-timezone-l1-1-0.dll
0x000002a4fed50000 - 0x000002a4fed54000 	C:\Program Files\Zulu\zulu-19\bin\api-ms-win-core-util-l1-1-0.dll
0x000002a4fed60000 - 0x000002a4fed64000 	C:\Program Files\Zulu\zulu-19\bin\api-ms-win-crt-conio-l1-1-0.dll
0x000002a4fed70000 - 0x000002a4fed75000 	C:\Program Files\Zulu\zulu-19\bin\api-ms-win-crt-convert-l1-1-0.dll
0x000002a4fed80000 - 0x000002a4fed84000 	C:\Program Files\Zulu\zulu-19\bin\api-ms-win-crt-environment-l1-1-0.dll
0x000002a4fed90000 - 0x000002a4fed94000 	C:\Program Files\Zulu\zulu-19\bin\api-ms-win-crt-filesystem-l1-1-0.dll
0x000002a4feda0000 - 0x000002a4feda4000 	C:\Program Files\Zulu\zulu-19\bin\api-ms-win-crt-heap-l1-1-0.dll
0x000002a4fedb0000 - 0x000002a4fedb4000 	C:\Program Files\Zulu\zulu-19\bin\api-ms-win-crt-locale-l1-1-0.dll
0x000002a4fedc0000 - 0x000002a4fedc6000 	C:\Program Files\Zulu\zulu-19\bin\api-ms-win-crt-math-l1-1-0.dll
0x000002a4fedd0000 - 0x000002a4fedd6000 	C:\Program Files\Zulu\zulu-19\bin\api-ms-win-crt-multibyte-l1-1-0.dll
0x000002a4fede0000 - 0x000002a4fedf1000 	C:\Program Files\Zulu\zulu-19\bin\api-ms-win-crt-private-l1-1-0.dll
0x000002a4fee00000 - 0x000002a4fee04000 	C:\Program Files\Zulu\zulu-19\bin\api-ms-win-crt-process-l1-1-0.dll
0x000002a4fee10000 - 0x000002a4fee15000 	C:\Program Files\Zulu\zulu-19\bin\api-ms-win-crt-runtime-l1-1-0.dll
0x000002a4fee20000 - 0x000002a4fee25000 	C:\Program Files\Zulu\zulu-19\bin\api-ms-win-crt-stdio-l1-1-0.dll
0x000002a4fee30000 - 0x000002a4fee35000 	C:\Program Files\Zulu\zulu-19\bin\api-ms-win-crt-string-l1-1-0.dll
0x000002a4fee40000 - 0x000002a4fee44000 	C:\Program Files\Zulu\zulu-19\bin\api-ms-win-crt-time-l1-1-0.dll
0x000002a4fee50000 - 0x000002a4fee54000 	C:\Program Files\Zulu\zulu-19\bin\api-ms-win-crt-utility-l1-1-0.dll
0x00007ffa4b190000 - 0x00007ffa4b2a0000 	C:\Program Files\Zulu\zulu-19\bin\ucrtbase.dll
0x00007ffa8cee0000 - 0x00007ffa8cee9000 	C:\Program Files\Zulu\zulu-19\bin\msvcp140_1.dll
0x00007ffa81e60000 - 0x00007ffa81e8f000 	C:\Program Files\Zulu\zulu-19\bin\msvcp140_2.dll
0x00007ffa7abc0000 - 0x00007ffa7abec000 	C:\Program Files\Zulu\zulu-19\bin\prism_d3d.dll
0x00007ffa85410000 - 0x00007ffa855b9000 	C:\WINDOWS\system32\d3d9.dll
0x00007ffa91cd0000 - 0x00007ffa91cfb000 	C:\WINDOWS\SYSTEM32\dwmapi.dll
0x00007ffa91a90000 - 0x00007ffa91ac6000 	C:\WINDOWS\SYSTEM32\dxcore.dll
0x00007ffa91990000 - 0x00007ffa91a3b000 	C:\WINDOWS\system32\uxtheme.dll
0x00007ffa83fa0000 - 0x00007ffa840b7000 	C:\WINDOWS\System32\DriverStore\FileRepository\nvlt.inf_amd64_7947c31fc944635c\nvldumdx.dll
0x00007ffa943d0000 - 0x00007ffa943e2000 	C:\WINDOWS\SYSTEM32\msasn1.dll
0x00007ffa8c0c0000 - 0x00007ffa8c0f2000 	C:\WINDOWS\SYSTEM32\cryptnet.dll
0x00007ffa94850000 - 0x00007ffa949b6000 	C:\WINDOWS\System32\CRYPT32.dll
0x00007ffa8bf20000 - 0x00007ffa8c078000 	C:\WINDOWS\SYSTEM32\drvstore.dll
0x00007ffa943f0000 - 0x00007ffa9441c000 	C:\WINDOWS\SYSTEM32\devobj.dll
0x00007ffa94420000 - 0x00007ffa9446e000 	C:\WINDOWS\SYSTEM32\cfgmgr32.dll
0x00007ffa93f70000 - 0x00007ffa93fb8000 	C:\WINDOWS\SYSTEM32\wldp.dll
0x00007ffa93ee0000 - 0x00007ffa93eec000 	C:\WINDOWS\SYSTEM32\cryptbase.dll
0x00007ffa95090000 - 0x00007ffa950fb000 	C:\WINDOWS\System32\WINTRUST.DLL
0x00007ffa95d40000 - 0x00007ffa95d5f000 	C:\WINDOWS\System32\imagehlp.dll
0x00007ffa93ec0000 - 0x00007ffa93edb000 	C:\WINDOWS\SYSTEM32\CRYPTSP.dll
0x00007ffa93700000 - 0x00007ffa93735000 	C:\WINDOWS\system32\rsaenh.dll
0x00007ffa94090000 - 0x00007ffa940b8000 	C:\WINDOWS\SYSTEM32\bcrypt.dll
0x00007ffa33d10000 - 0x00007ffa3551a000 	C:\WINDOWS\System32\DriverStore\FileRepository\nvlt.inf_amd64_7947c31fc944635c\nvd3dumx.dll
0x00007ffa8d750000 - 0x00007ffa8d798000 	C:\WINDOWS\SYSTEM32\directxdatabasehelper.dll
0x00007ffa6ea00000 - 0x00007ffa6ea42000 	C:\Program Files\Zulu\zulu-19\bin\glass.dll
0x00007ffa95b20000 - 0x00007ffa95c17000 	C:\WINDOWS\System32\COMDLG32.dll
0x00007ffa96890000 - 0x00007ffa96a2c000 	C:\WINDOWS\System32\ole32.dll
0x00007ffa95240000 - 0x00007ffa9535e000 	C:\WINDOWS\System32\MSCTF.dll
0x00007ffa4c6b0000 - 0x00007ffa4c967000 	C:\WINDOWS\system32\nvspcap64.dll
0x00007ffa937b0000 - 0x00007ffa937e4000 	C:\WINDOWS\SYSTEM32\ntmarta.dll
0x00007ffa93c90000 - 0x00007ffa93cb6000 	C:\WINDOWS\SYSTEM32\gpapi.dll
0x00007ffa78c60000 - 0x00007ffa78c8d000 	C:\Program Files\Zulu\zulu-19\bin\javafx_iio.dll
0x00007ffa57c80000 - 0x00007ffa57d1f000 	C:\Program Files\Zulu\zulu-19\bin\glib-lite.dll
0x00007ffa497b0000 - 0x00007ffa4989e000 	C:\Program Files\Zulu\zulu-19\bin\gstreamer-lite.dll
0x00007ffa8db60000 - 0x00007ffa8dc02000 	C:\WINDOWS\SYSTEM32\DSOUND.dll
0x00007ffa609c0000 - 0x00007ffa60a71000 	C:\WINDOWS\SYSTEM32\ResampleDmo.DLL
0x00007ffa940c0000 - 0x00007ffa9410d000 	C:\WINDOWS\SYSTEM32\powrprof.dll
0x00007ffa7bdd0000 - 0x00007ffa7bdf9000 	C:\WINDOWS\SYSTEM32\winmmbase.dll
0x00007ffa8e470000 - 0x00007ffa8e47b000 	C:\WINDOWS\SYSTEM32\msdmo.dll
0x00007ffa94000000 - 0x00007ffa94013000 	C:\WINDOWS\SYSTEM32\UMPDC.dll
0x00007ffa6eb40000 - 0x00007ffa6eb64000 	C:\Program Files\Zulu\zulu-19\bin\jfxmedia.dll
0x00007ffa791d0000 - 0x00007ffa791e4000 	C:\Program Files\Zulu\zulu-19\bin\javafx_font.dll

dbghelp: loaded successfully - version: 4.0.5 - missing functions: none
symbol engine: initialized successfully - sym options: 0x614 - pdb path: .;C:\Program Files\Zulu\zulu-19\bin;C:\WINDOWS\SYSTEM32;C:\WINDOWS\WinSxS\amd64_microsoft.windows.common-controls_6595b64144ccf1df_6.0.22621.608_none_a9444ca7c10bb01d;C:\Program Files\Zulu\zulu-19\bin\server;C:\WINDOWS\System32\DriverStore\FileRepository\nvlt.inf_amd64_7947c31fc944635c;C:\Program Files\Common Files\Microsoft Shared\Ink;C:\Users\ulise\AppData\Local\Temp\jSerialComm\2.9.3

VM Arguments:
jvm_args: -Dfile.encoding=UTF-8 
java_command: GameMenuDemo
java_class_path (initial): C:\Users\ulise\Desktop\TEC\Algoritmos y estructura de datos I\BuscaMinas\ventana busca minas\lib\rxtx-2.1-7r2;C:\Users\ulise\Downloads\RXTXcomm.jar;C:\Users\ulise\Downloads\jSerialComm-2.9.3.zip;C:\Users\ulise\Downloads\jSerialComm-2.9.3.jar;C:\Users\ulise\Desktop\TEC\Algoritmos y estructura de datos I\BuscaMinas\ventana busca minas\build\classes
Launcher Type: SUN_STANDARD

[Global flags]
     intx CICompilerCount                          = 4                                         {product} {ergonomic}
     uint ConcGCThreads                            = 3                                         {product} {ergonomic}
     uint G1ConcRefinementThreads                  = 10                                        {product} {ergonomic}
   size_t G1HeapRegionSize                         = 1048576                                   {product} {ergonomic}
    uintx GCDrainStackTargetSize                   = 64                                        {product} {ergonomic}
   size_t InitialHeapSize                          = 134217728                                 {product} {ergonomic}
   size_t MarkStackSize                            = 4194304                                   {product} {ergonomic}
   size_t MaxHeapSize                              = 2124414976                                {product} {ergonomic}
   size_t MaxNewSize                               = 1274019840                                {product} {ergonomic}
   size_t MinHeapDeltaBytes                        = 1048576                                   {product} {ergonomic}
   size_t MinHeapSize                              = 8388608                                   {product} {ergonomic}
    uintx NonNMethodCodeHeapSize                   = 5839372                                {pd product} {ergonomic}
    uintx NonProfiledCodeHeapSize                  = 122909434                              {pd product} {ergonomic}
    uintx ProfiledCodeHeapSize                     = 122909434                              {pd product} {ergonomic}
    uintx ReservedCodeCacheSize                    = 251658240                              {pd product} {ergonomic}
     bool SegmentedCodeCache                       = true                                      {product} {ergonomic}
   size_t SoftMaxHeapSize                          = 2124414976                             {manageable} {ergonomic}
     bool UseCompressedClassPointers               = true                           {product lp64_product} {ergonomic}
     bool UseCompressedOops                        = true                           {product lp64_product} {ergonomic}
     bool UseG1GC                                  = true                                      {product} {ergonomic}
     bool UseLargePagesIndividualAllocation        = false                                  {pd product} {ergonomic}

Logging:
Log output configuration:
 #0: stdout all=warning uptime,level,tags foldmultilines=false
 #1: stderr all=off uptime,level,tags foldmultilines=false

Environment Variables:
PATH=C:\Program Files\Zulu\zulu-19\bin\;C:\Program Files\Common Files\Oracle\Java\javapath;C:\Program Files (x86)\Common Files\Oracle\Java\javapath;C:\Windows\system32;C:\Windows;C:\Windows\System32\Wbem;C:\Windows\System32\WindowsPowerShell\v1.0\;C:\Windows\System32\OpenSSH\;C:\Program Files (x86)\NVIDIA Corporation\PhysX\Common;C:\Program Files\NVIDIA Corporation\NVIDIA NvDLISR;C:\WINDOWS\system32;C:\WINDOWS;C:\WINDOWS\System32\Wbem;C:\WINDOWS\System32\WindowsPowerShell\v1.0\;C:\WINDOWS\System32\OpenSSH\;C:\Program Files\nodejs\;C:\Program Files\Git\cmd;C:\Users\ulise\AppData\Local\Microsoft\WindowsApps;C:\Users\ulise\AppData\Local\Programs\Microsoft VS Code\bin;C:\Users\ulise\AppData\Roaming\npm;C:\Users\ulise\AppData\Local\GitHubDesktop\bin
USERNAME=ulise
OS=Windows_NT
PROCESSOR_IDENTIFIER=Intel64 Family 6 Model 165 Stepping 2, GenuineIntel
TMP=C:\Users\ulise\AppData\Local\Temp
TEMP=C:\Users\ulise\AppData\Local\Temp



---------------  S Y S T E M  ---------------

OS:
 Windows 11 , 64 bit Build 22621 (10.0.22621.1485)
OS uptime: 8 days 5:01 hours

CPU: total 12 (initial active 12) (6 cores per cpu, 2 threads per core) family 6 model 165 stepping 2 microcode 0xe2, cx8, cmov, fxsr, ht, mmx, 3dnowpref, sse, sse2, sse3, ssse3, sse4.1, sse4.2, popcnt, lzcnt, tsc, tscinvbit, avx, avx2, aes, erms, clmul, bmi1, bmi2, adx, fma, vzeroupper, clflush, clflushopt, rdtscp

Memory: 4k page, system-wide physical 8099M (824M free)
TotalPageFile size 12195M (AvailPageFile size 79M)
current process WorkingSet (physical memory assigned to process): 384M, peak: 384M
current process commit charge ("private bytes"): 473M, peak: 677M

vm_info: OpenJDK 64-Bit Server VM (19.0.2+7) for windows-amd64 JRE (19.0.2+7) (Zulu19.32+15-CA), built on Dec 28 2022 19:25:40 by "zulu_re" with MS VC++ 16.10 / 16.11 (VS2019)

END.
