#
# There is insufficient memory for the Java Runtime Environment to continue.
# Native memory allocation (malloc) failed to allocate 772256 bytes for Chunk::new
# Possible reasons:
#   The system is out of physical RAM or swap space
#   The process is running with CompressedOops enabled, and the Java Heap may be blocking the growth of the native heap
# Possible solutions:
#   Reduce memory load on the system
#   Increase physical memory or swap space
#   Check if swap backing store is full
#   Decrease Java heap size (-Xmx/-Xms)
#   Decrease number of Java threads
#   Decrease Java thread stack sizes (-Xss)
#   Set larger code cache with -XX:ReservedCodeCacheSize=
#   JVM is running with Unscaled Compressed Oops mode in which the Java heap is
#     placed in the first 4GB address space. The Java Heap base address is the
#     maximum limit for the native heap growth. Please use -XX:HeapBaseMinAddress
#     to set the Java Heap base and to place the Java Heap above 4GB virtual address.
# This output file may be truncated or incomplete.
#
#  Out of Memory Error (arena.cpp:184), pid=1304, tid=12828
#
# JRE version: OpenJDK Runtime Environment Zulu19.32+15-CA (19.0.2+7) (build 19.0.2+7)
# Java VM: OpenJDK 64-Bit Server VM Zulu19.32+15-CA (19.0.2+7, mixed mode, sharing, tiered, compressed oops, compressed class ptrs, g1 gc, windows-amd64)
# No core dump will be written. Minidumps are not enabled by default on client versions of Windows
#

---------------  S U M M A R Y ------------

Command Line: -Dapplication.home=C:\Program Files\Zulu\zulu-19 --add-modules=ALL-DEFAULT -Xms8m -Djdk.module.main=jdk.compiler jdk.compiler/com.sun.tools.javac.Main -d C:\Users\ulise\Desktop\TEC\Algoritmos y estructura de datos I\BuscaMinas\ventana busca minas\build\classes -classpath C:\Users\ulise\Desktop\TEC\Algoritmos y estructura de datos I\BuscaMinas\ventana busca minas\build\classes;C:\Users\ulise\Desktop\TEC\Algoritmos y estructura de datos I\BuscaMinas\ventana busca minas\lib\rxtx-2.1-7r2;C:\Users\ulise\Downloads\RXTXcomm.jar;C:\Users\ulise\Downloads\jSerialComm-2.9.3.zip;C:\Users\ulise\Downloads\jSerialComm-2.9.3.jar -sourcepath C:\Users\ulise\Desktop\TEC\Algoritmos y estructura de datos I\BuscaMinas\ventana busca minas\src -target 19 -encoding UTF-8 -g -processorpath C:\Users\ulise\Desktop\TEC\Algoritmos y estructura de datos I\BuscaMinas\ventana busca minas\lib\rxtx-2.1-7r2;C:\Users\ulise\Downloads\RXTXcomm.jar;C:\Users\ulise\Downloads\jSerialComm-2.9.3.zip;C:\Users\ulise\Downloads\jSerialComm-2.9.3.jar;C:\Users\ulise\Desktop\TEC\Algoritmos y estructura de datos I\BuscaMinas\jar_files\firmata4j-2.3.5.jar;C:\Users\ulise\Desktop\TEC\Algoritmos y estructura de datos I\BuscaMinas\jar_files\jssc-2.8.0.jar;C:\Users\ulise\Desktop\TEC\Algoritmos y estructura de datos I\BuscaMinas\jar_files\jssc-2.9.4.jar;C:\Users\ulise\Desktop\TEC\Algoritmos y estructura de datos I\BuscaMinas\jar_files\slf4j-api-1.7.25.jar;C:\Users\ulise\Desktop\TEC\Algoritmos y estructura de datos I\BuscaMinas\jar_files\slf4j-api-1.7.3.jar;C:\Users\ulise\Desktop\TEC\Algoritmos y estructura de datos I\BuscaMinas\jar_files\slf4j-simple-1.6.1.jar;C:\Users\ulise\Desktop\TEC\Algoritmos y estructura de datos I\BuscaMinas\ventana busca minas\build\empty -s C:\Users\ulise\Desktop\TEC\Algoritmos y estructura de datos I\BuscaMinas\ventana busca minas\build\generated-sources\ap-source-output -source 19 C:\Users\ulise\Desktop\TEC\Algoritmos y estructura de datos I\BuscaMinas\ventana busca minas\src\GameMenuDemo.java

Host: Intel(R) Core(TM) i7-10750H CPU @ 2.60GHz, 12 cores, 7G,  Windows 11 , 64 bit Build 22621 (10.0.22621.1485)
Time: Sat Apr  8 21:33:01 2023 Hora estándar, América Central elapsed time: 0.469692 seconds (0d 0h 0m 0s)

---------------  T H R E A D  ---------------

Current thread (0x0000017838908ef0):  JavaThread "C2 CompilerThread0" daemon [_thread_in_native, id=12828, stack(0x0000004d0ee00000,0x0000004d0ef00000)]


Current CompileTask:
C2:    469 1373   !   4       com.sun.tools.javac.jvm.ClassReader::classSigToType (497 bytes)

Stack: [0x0000004d0ee00000,0x0000004d0ef00000]
Native frames: (J=compiled Java code, j=interpreted, Vv=VM code, C=native code)
V  [jvm.dll+0x6eab2a]
V  [jvm.dll+0x8a4a20]
V  [jvm.dll+0x8a640e]
V  [jvm.dll+0x8a6ac3]
V  [jvm.dll+0x27c1ef]
V  [jvm.dll+0xc245f]
V  [jvm.dll+0xc27d5]
V  [jvm.dll+0x2f30df]
V  [jvm.dll+0x5eb37e]
V  [jvm.dll+0x24e7c3]
V  [jvm.dll+0x246ebf]
V  [jvm.dll+0x244b65]
V  [jvm.dll+0x1cf9a1]
V  [jvm.dll+0x254799]
V  [jvm.dll+0x2529a8]
V  [jvm.dll+0x854e98]
V  [jvm.dll+0x84ec7a]
V  [jvm.dll+0x6e981b]
C  [ucrtbase.dll+0x29363]
C  [KERNEL32.DLL+0x1269d]
C  [ntdll.dll+0x5a9f8]


---------------  P R O C E S S  ---------------

Threads class SMR info:
_java_thread_list=0x000001783d52b2f0, length=14, elements={
0x00000178189fca30, 0x00000178388fa090, 0x00000178388fcbd0, 0x00000178388ff990,
0x00000178389022d0, 0x0000017838902c00, 0x0000017838905540, 0x0000017838908ef0,
0x0000017838909860, 0x000001783890a5d0, 0x00000178388d0390, 0x000001783cc6bd40,
0x000001783cd3db60, 0x000001783d2feba0
}

Java Threads: ( => current thread )
  0x00000178189fca30 JavaThread "main" [_thread_blocked, id=8444, stack(0x0000004d0e100000,0x0000004d0e200000)]
  0x00000178388fa090 JavaThread "Reference Handler" daemon [_thread_blocked, id=5772, stack(0x0000004d0e800000,0x0000004d0e900000)]
  0x00000178388fcbd0 JavaThread "Finalizer" daemon [_thread_blocked, id=8676, stack(0x0000004d0e900000,0x0000004d0ea00000)]
  0x00000178388ff990 JavaThread "Signal Dispatcher" daemon [_thread_blocked, id=20156, stack(0x0000004d0ea00000,0x0000004d0eb00000)]
  0x00000178389022d0 JavaThread "Attach Listener" daemon [_thread_blocked, id=3596, stack(0x0000004d0eb00000,0x0000004d0ec00000)]
  0x0000017838902c00 JavaThread "Service Thread" daemon [_thread_blocked, id=6412, stack(0x0000004d0ec00000,0x0000004d0ed00000)]
  0x0000017838905540 JavaThread "Monitor Deflation Thread" daemon [_thread_blocked, id=20768, stack(0x0000004d0ed00000,0x0000004d0ee00000)]
=>0x0000017838908ef0 JavaThread "C2 CompilerThread0" daemon [_thread_in_native, id=12828, stack(0x0000004d0ee00000,0x0000004d0ef00000)]
  0x0000017838909860 JavaThread "C1 CompilerThread0" daemon [_thread_in_native, id=23344, stack(0x0000004d0ef00000,0x0000004d0f000000)]
  0x000001783890a5d0 JavaThread "Sweeper thread" daemon [_thread_blocked, id=7740, stack(0x0000004d0f000000,0x0000004d0f100000)]
  0x00000178388d0390 JavaThread "Common-Cleaner" daemon [_thread_blocked, id=22200, stack(0x0000004d0f100000,0x0000004d0f200000)]
  0x000001783cc6bd40 JavaThread "C2 CompilerThread1" daemon [_thread_blocked, id=5564, stack(0x0000004d0f200000,0x0000004d0f300000)]
  0x000001783cd3db60 JavaThread "Notification Thread" daemon [_thread_blocked, id=9728, stack(0x0000004d0f300000,0x0000004d0f400000)]
  0x000001783d2feba0 JavaThread "C2 CompilerThread2" daemon [_thread_in_native, id=20372, stack(0x0000004d0fb00000,0x0000004d0fc00000)]

Other Threads:
  0x00000178388e3210 VMThread "VM Thread" [stack: 0x0000004d0e700000,0x0000004d0e800000] [id=18736]
  0x000001783cd3e0a0 WatcherThread "VM Periodic Task Thread" [stack: 0x0000004d0f400000,0x0000004d0f500000] [id=17512]
  0x0000017818a5db60 WorkerThread "GC Thread#0" [stack: 0x0000004d0e200000,0x0000004d0e300000] [id=4152]
  0x000001783ce67bf0 WorkerThread "GC Thread#1" [stack: 0x0000004d0f500000,0x0000004d0f600000] [id=16660]
  0x000001783ce4d850 WorkerThread "GC Thread#2" [stack: 0x0000004d0f600000,0x0000004d0f700000] [id=14416]
  0x000001783ce4db20 WorkerThread "GC Thread#3" [stack: 0x0000004d0f700000,0x0000004d0f800000] [id=17768]
  0x000001783cfbad40 WorkerThread "GC Thread#4" [stack: 0x0000004d0f800000,0x0000004d0f900000] [id=4996]
  0x000001783d0c3fd0 WorkerThread "GC Thread#5" [stack: 0x0000004d0f900000,0x0000004d0fa00000] [id=3368]
  0x000001783d0c50b0 WorkerThread "GC Thread#6" [stack: 0x0000004d0fa00000,0x0000004d0fb00000] [id=9628]
  0x0000017818a6f110 ConcurrentGCThread "G1 Main Marker" [stack: 0x0000004d0e300000,0x0000004d0e400000] [id=24372]
  0x0000017818a71190 WorkerThread "G1 Conc#0" [stack: 0x0000004d0e400000,0x0000004d0e500000] [id=24340]
  0x0000017818aa8180 ConcurrentGCThread "G1 Refine#0" [stack: 0x0000004d0e500000,0x0000004d0e600000] [id=23324]
  0x0000017818aa8b60 ConcurrentGCThread "G1 Service" [stack: 0x0000004d0e600000,0x0000004d0e700000] [id=1324]

Threads with active compile tasks:
C2 CompilerThread0      487 1373   !   4       com.sun.tools.javac.jvm.ClassReader::classSigToType (497 bytes)
C1 CompilerThread0      487 1467       3       com.sun.tools.javac.parser.JavacParser::term3 (2724 bytes)
C2 CompilerThread1      487 1498       4       com.sun.tools.javac.code.Scope$ScopeImpl::getIndex (101 bytes)
C2 CompilerThread2      487 1322       4       jdk.internal.jimage.ImageLocation::getFullName (109 bytes)

VM state: at safepoint (normal execution)

VM Mutex/Monitor currently owned by a thread:  ([mutex/lock_event])
[0x00000178189f8ec0] Threads_lock - owner thread: 0x00000178388e3210
[0x00000178189f7f00] Heap_lock - owner thread: 0x00000178189fca30

Heap address: 0x0000000081600000, size: 2026 MB, Compressed Oops mode: 32-bit

CDS archive(s) mapped at: [0x0000000800000000-0x0000000800c40000-0x0000000800c40000), size 12845056, SharedBaseAddress: 0x0000000800000000, ArchiveRelocationMode: 0.
Compressed class space mapped at: 0x0000000801000000-0x0000000841000000, reserved size: 1073741824
Narrow klass base: 0x0000000800000000, Narrow klass shift: 0, Narrow klass range: 0x100000000

GC Precious Log:
 CardTable entry size: 512
 Card Set container configuration: InlinePtr #cards 5 size 8 Array Of Cards #cards 12 size 40 Howl #buckets 4 coarsen threshold 1843 Howl Bitmap #cards 512 size 80 coarsen threshold 460 Card regions per heap region 1 cards per card region 2048
 CPUs: 12 total, 12 available
 Memory: 8099M
 Large Page Support: Disabled
 NUMA Support: Disabled
 Compressed Oops: Enabled (32-bit)
 Heap Region Size: 1M
 Heap Min Capacity: 8M
 Heap Initial Capacity: 8M
 Heap Max Capacity: 2026M
 Pre-touch: Disabled
 Parallel Workers: 10
 Concurrent Workers: 3
 Concurrent Refinement Workers: 10
 Periodic GC: Disabled

Heap:
 garbage-first heap   total 20480K, used 12440K [0x0000000081600000, 0x0000000100000000)
  region size 1024K, 6 young (6144K), 1 survivors (1024K)
 Metaspace       used 9276K, committed 9472K, reserved 1114112K
  class space    used 1018K, committed 1088K, reserved 1048576K

Heap Regions: E=young(eden), S=young(survivor), O=old, HS=humongous(starts), HC=humongous(continues), CS=collection set, F=free, OA=open archive, CA=closed archive, TAMS=top-at-mark-start (previous, next)
|   0|0x0000000081600000, 0x0000000081700000, 0x0000000081700000|100%| O|  |TAMS 0x0000000081600000, 0x0000000081600000| Untracked 
|   1|0x0000000081700000, 0x0000000081800000, 0x0000000081800000|100%| O|  |TAMS 0x0000000081700000, 0x0000000081700000| Untracked 
|   2|0x0000000081800000, 0x0000000081900000, 0x0000000081900000|100%| O|  |TAMS 0x0000000081800000, 0x0000000081800000| Untracked 
|   3|0x0000000081900000, 0x0000000081a00000, 0x0000000081a00000|100%| O|  |TAMS 0x0000000081900000, 0x0000000081900000| Untracked 
|   4|0x0000000081a00000, 0x0000000081b00000, 0x0000000081b00000|100%| O|  |TAMS 0x0000000081a00000, 0x0000000081a00000| Untracked 
|   5|0x0000000081b00000, 0x0000000081c00000, 0x0000000081c00000|100%| O|  |TAMS 0x0000000081b00000, 0x0000000081b00000| Untracked 
|   6|0x0000000081c00000, 0x0000000081d00000, 0x0000000081d00000|100%| O|  |TAMS 0x0000000081c00000, 0x0000000081c00000| Untracked 
|   7|0x0000000081d00000, 0x0000000081d32610, 0x0000000081e00000| 19%| O|  |TAMS 0x0000000081d00000, 0x0000000081d00000| Untracked 
|   8|0x0000000081e00000, 0x0000000081e00000, 0x0000000081f00000|  0%| F|  |TAMS 0x0000000081e00000, 0x0000000081e00000| Untracked 
|   9|0x0000000081f00000, 0x0000000081f00000, 0x0000000082000000|  0%| F|  |TAMS 0x0000000081f00000, 0x0000000081f00000| Untracked 
|  10|0x0000000082000000, 0x0000000082000000, 0x0000000082100000|  0%| F|  |TAMS 0x0000000082000000, 0x0000000082000000| Untracked 
|  11|0x0000000082100000, 0x0000000082200000, 0x0000000082200000|100%| E|CS|TAMS 0x0000000082100000, 0x0000000082100000| Complete 
|  12|0x0000000082200000, 0x0000000082200000, 0x0000000082300000|  0%| F|  |TAMS 0x0000000082200000, 0x0000000082200000| Untracked 
|  13|0x0000000082300000, 0x0000000082300000, 0x0000000082400000|  0%| F|  |TAMS 0x0000000082300000, 0x0000000082300000| Untracked 
|  14|0x0000000082400000, 0x00000000824b3b58, 0x0000000082500000| 70%| S|  |TAMS 0x0000000082400000, 0x0000000082400000| Complete 
|  15|0x0000000082500000, 0x0000000082600000, 0x0000000082600000|100%| E|CS|TAMS 0x0000000082500000, 0x0000000082500000| Complete 
|  16|0x0000000082600000, 0x0000000082700000, 0x0000000082700000|100%| E|CS|TAMS 0x0000000082600000, 0x0000000082600000| Complete 
|  17|0x0000000082700000, 0x0000000082800000, 0x0000000082800000|100%| E|CS|TAMS 0x0000000082700000, 0x0000000082700000| Complete 
|  18|0x0000000082800000, 0x0000000082900000, 0x0000000082900000|100%| E|CS|TAMS 0x0000000082800000, 0x0000000082800000| Complete 
|  19|0x0000000082900000, 0x0000000082a00000, 0x0000000082a00000|100%| E|CS|TAMS 0x0000000082900000, 0x0000000082900000| Complete 

Card table byte_map: [0x00000178315b0000,0x00000178319b0000] _byte_map_base: 0x00000178311a5000

Marking Bits (Prev, Next): (CMBitMap*) 0x0000017818a5e190, (CMBitMap*) 0x0000017818a5e1d0
 Prev Bits: [0x0000017831db0000, 0x0000017833d58000)
 Next Bits: [0x0000017833d60000, 0x0000017835d08000)

Polling page: 0x00000178181c0000

Metaspace:

Usage:
  Non-class:      8.06 MB used.
      Class:   1018.70 KB used.
       Both:      9.06 MB used.

Virtual space:
  Non-class space:       64.00 MB reserved,       8.19 MB ( 13%) committed,  1 nodes.
      Class space:        1.00 GB reserved,       1.06 MB ( <1%) committed,  1 nodes.
             Both:        1.06 GB reserved,       9.25 MB ( <1%) committed. 

Chunk freelists:
   Non-Class:  1.86 MB
       Class:  2.91 MB
        Both:  4.77 MB

MaxMetaspaceSize: unlimited
CompressedClassSpaceSize: 1.00 GB
Initial GC threshold: 21.00 MB
Current GC threshold: 21.00 MB
CDS: on
MetaspaceReclaimPolicy: balanced
 - commit_granule_bytes: 65536.
 - commit_granule_words: 8192.
 - virtual_space_node_default_size: 8388608.
 - enlarge_chunks_in_place: 1.
 - new_chunks_are_fully_committed: 0.
 - uncommit_free_chunks: 1.
 - use_allocation_guard: 0.


Internal statistics:

num_allocs_failed_limit: 0.
num_arena_births: 70.
num_arena_deaths: 0.
num_vsnodes_births: 2.
num_vsnodes_deaths: 0.
num_space_committed: 148.
num_space_uncommitted: 0.
num_chunks_returned_to_freelist: 0.
num_chunks_taken_from_freelist: 365.
num_chunk_merges: 0.
num_chunk_splits: 263.
num_chunks_enlarged: 213.
num_inconsistent_stats: 0.

CodeHeap 'non-profiled nmethods': size=120000Kb used=458Kb max_used=458Kb free=119541Kb
 bounds [0x0000017829730000, 0x00000178299a0000, 0x0000017830c60000]
CodeHeap 'profiled nmethods': size=120000Kb used=2558Kb max_used=2558Kb free=117441Kb
 bounds [0x0000017821c60000, 0x0000017821ee0000, 0x0000017829190000]
CodeHeap 'non-nmethods': size=5760Kb used=1253Kb max_used=1271Kb free=4506Kb
 bounds [0x0000017829190000, 0x0000017829400000, 0x0000017829730000]
 total_blobs=1917 nmethods=1465 adapters=362
 compilation: enabled
              stopped_count=0, restarted_count=0
 full_count=0

Compilation events (20 events):
Event: 0.464 Thread 0x000001783cc6bd40 1461       4       com.sun.tools.javac.parser.UnicodeReader::nextCodePoint (104 bytes)
Event: 0.464 Thread 0x0000017838909860 nmethod 1447 0x0000017821ed7490 code [0x0000017821ed76c0, 0x0000017821ed8098]
Event: 0.464 Thread 0x0000017838909860 1459       3       com.sun.tools.javac.parser.JavaTokenizer::isEOLN (9 bytes)
Event: 0.464 Thread 0x0000017838909860 nmethod 1459 0x0000017821ed8490 code [0x0000017821ed8640, 0x0000017821ed8b38]
Event: 0.464 Thread 0x0000017838909860 1460       3       com.sun.tools.javac.parser.JavaTokenizer::scanLitChar (312 bytes)
Event: 0.465 Thread 0x000001783cc6bd40 nmethod 1461 0x000001782979da10 code [0x000001782979dba0, 0x000001782979dcd8]
Event: 0.465 Thread 0x000001783cc6bd40 1451       4       java.lang.invoke.LambdaForm$MH/0x0000000801000800::invoke (8 bytes)
Event: 0.466 Thread 0x000001783cc6bd40 nmethod 1451 0x000001782979de90 code [0x000001782979e020, 0x000001782979e0b8]
Event: 0.466 Thread 0x000001783cc6bd40 1439       4       com.sun.tools.javac.code.Type$JCNoType::getTag (4 bytes)
Event: 0.466 Thread 0x000001783cc6bd40 nmethod 1439 0x000001782979e190 code [0x000001782979e320, 0x000001782979e398]
Event: 0.466 Thread 0x000001783cc6bd40 1338       4       com.sun.tools.javac.util.ByteBuffer::getInt (59 bytes)
Event: 0.467 Thread 0x000001783cc6bd40 nmethod 1338 0x000001782979e490 code [0x000001782979e620, 0x000001782979e738]
Event: 0.467 Thread 0x000001783cc6bd40 1471       4       com.sun.tools.javac.parser.UnicodeReader::isOneOf (30 bytes)
Event: 0.467 Thread 0x0000017838909860 nmethod 1460 0x0000017821ed8c90 code [0x0000017821ed92c0, 0x0000017821edeb18]
Event: 0.467 Thread 0x0000017838909860 1467       3       com.sun.tools.javac.parser.JavacParser::term3 (2724 bytes)
Event: 0.467 Thread 0x000001783cc6bd40 nmethod 1471 0x000001782979e810 code [0x000001782979e9a0, 0x000001782979ea78]
Event: 0.467 Thread 0x000001783cc6bd40 1408       4       com.sun.tools.javac.code.Type$MethodType::getTag (4 bytes)
Event: 0.467 Thread 0x000001783cc6bd40 nmethod 1408 0x000001782979eb90 code [0x000001782979ed20, 0x000001782979ed98]
Event: 0.467 Thread 0x000001783cc6bd40 1392       4       java.util.ImmutableCollections$ListN::get (7 bytes)
Event: 0.468 Thread 0x000001783cc6bd40 nmethod 1392 0x000001782979ee90 code [0x000001782979f020, 0x000001782979f0d8]

GC Heap History (20 events):
Event: 0.135 GC heap before
{Heap before GC invocations=0 (full 0):
 garbage-first heap   total 8192K, used 3072K [0x0000000081600000, 0x0000000100000000)
  region size 1024K, 3 young (3072K), 0 survivors (0K)
 Metaspace       used 2394K, committed 2624K, reserved 1114112K
  class space    used 258K, committed 384K, reserved 1048576K
}
Event: 0.137 GC heap after
{Heap after GC invocations=1 (full 0):
 garbage-first heap   total 8192K, used 1189K [0x0000000081600000, 0x0000000100000000)
  region size 1024K, 1 young (1024K), 1 survivors (1024K)
 Metaspace       used 2394K, committed 2624K, reserved 1114112K
  class space    used 258K, committed 384K, reserved 1048576K
}
Event: 0.179 GC heap before
{Heap before GC invocations=1 (full 0):
 garbage-first heap   total 8192K, used 2213K [0x0000000081600000, 0x0000000100000000)
  region size 1024K, 2 young (2048K), 1 survivors (1024K)
 Metaspace       used 4192K, committed 4416K, reserved 1114112K
  class space    used 507K, committed 640K, reserved 1048576K
}
Event: 0.181 GC heap after
{Heap after GC invocations=2 (full 0):
 garbage-first heap   total 8192K, used 1824K [0x0000000081600000, 0x0000000100000000)
  region size 1024K, 1 young (1024K), 1 survivors (1024K)
 Metaspace       used 4192K, committed 4416K, reserved 1114112K
  class space    used 507K, committed 640K, reserved 1048576K
}
Event: 0.227 GC heap before
{Heap before GC invocations=2 (full 0):
 garbage-first heap   total 8192K, used 2848K [0x0000000081600000, 0x0000000100000000)
  region size 1024K, 2 young (2048K), 1 survivors (1024K)
 Metaspace       used 6210K, committed 6336K, reserved 1114112K
  class space    used 705K, committed 768K, reserved 1048576K
}
Event: 0.228 GC heap after
{Heap after GC invocations=3 (full 0):
 garbage-first heap   total 8192K, used 2225K [0x0000000081600000, 0x0000000100000000)
  region size 1024K, 1 young (1024K), 1 survivors (1024K)
 Metaspace       used 6210K, committed 6336K, reserved 1114112K
  class space    used 705K, committed 768K, reserved 1048576K
}
Event: 0.278 GC heap before
{Heap before GC invocations=3 (full 0):
 garbage-first heap   total 8192K, used 3249K [0x0000000081600000, 0x0000000100000000)
  region size 1024K, 2 young (2048K), 1 survivors (1024K)
 Metaspace       used 7777K, committed 7872K, reserved 1114112K
  class space    used 864K, committed 896K, reserved 1048576K
}
Event: 0.279 GC heap after
{Heap after GC invocations=4 (full 0):
 garbage-first heap   total 8192K, used 2529K [0x0000000081600000, 0x0000000100000000)
  region size 1024K, 1 young (1024K), 1 survivors (1024K)
 Metaspace       used 7777K, committed 7872K, reserved 1114112K
  class space    used 864K, committed 896K, reserved 1048576K
}
Event: 0.301 GC heap before
{Heap before GC invocations=4 (full 0):
 garbage-first heap   total 8192K, used 3553K [0x0000000081600000, 0x0000000100000000)
  region size 1024K, 2 young (2048K), 1 survivors (1024K)
 Metaspace       used 8056K, committed 8256K, reserved 1114112K
  class space    used 895K, committed 1024K, reserved 1048576K
}
Event: 0.302 GC heap after
{Heap after GC invocations=5 (full 0):
 garbage-first heap   total 10240K, used 2844K [0x0000000081600000, 0x0000000100000000)
  region size 1024K, 1 young (1024K), 1 survivors (1024K)
 Metaspace       used 8056K, committed 8256K, reserved 1114112K
  class space    used 895K, committed 1024K, reserved 1048576K
}
Event: 0.342 GC heap before
{Heap before GC invocations=5 (full 0):
 garbage-first heap   total 10240K, used 4892K [0x0000000081600000, 0x0000000100000000)
  region size 1024K, 3 young (3072K), 1 survivors (1024K)
 Metaspace       used 8607K, committed 8768K, reserved 1114112K
  class space    used 964K, committed 1024K, reserved 1048576K
}
Event: 0.344 GC heap after
{Heap after GC invocations=6 (full 0):
 garbage-first heap   total 10240K, used 3840K [0x0000000081600000, 0x0000000100000000)
  region size 1024K, 1 young (1024K), 1 survivors (1024K)
 Metaspace       used 8607K, committed 8768K, reserved 1114112K
  class space    used 964K, committed 1024K, reserved 1048576K
}
Event: 0.370 GC heap before
{Heap before GC invocations=6 (full 0):
 garbage-first heap   total 10240K, used 5888K [0x0000000081600000, 0x0000000100000000)
  region size 1024K, 3 young (3072K), 1 survivors (1024K)
 Metaspace       used 8804K, committed 8960K, reserved 1114112K
  class space    used 987K, committed 1024K, reserved 1048576K
}
Event: 0.372 GC heap after
{Heap after GC invocations=7 (full 0):
 garbage-first heap   total 10240K, used 4337K [0x0000000081600000, 0x0000000100000000)
  region size 1024K, 1 young (1024K), 1 survivors (1024K)
 Metaspace       used 8804K, committed 8960K, reserved 1114112K
  class space    used 987K, committed 1024K, reserved 1048576K
}
Event: 0.376 GC heap before
{Heap before GC invocations=7 (full 0):
 garbage-first heap   total 10240K, used 5361K [0x0000000081600000, 0x0000000100000000)
  region size 1024K, 2 young (2048K), 1 survivors (1024K)
 Metaspace       used 8819K, committed 8960K, reserved 1114112K
  class space    used 987K, committed 1024K, reserved 1048576K
}
Event: 0.377 GC heap after
{Heap after GC invocations=8 (full 0):
 garbage-first heap   total 10240K, used 4380K [0x0000000081600000, 0x0000000100000000)
  region size 1024K, 1 young (1024K), 1 survivors (1024K)
 Metaspace       used 8819K, committed 8960K, reserved 1114112K
  class space    used 987K, committed 1024K, reserved 1048576K
}
Event: 0.390 GC heap before
{Heap before GC invocations=8 (full 0):
 garbage-first heap   total 10240K, used 5404K [0x0000000081600000, 0x0000000100000000)
  region size 1024K, 2 young (2048K), 1 survivors (1024K)
 Metaspace       used 8900K, committed 9088K, reserved 1114112K
  class space    used 995K, committed 1088K, reserved 1048576K
}
Event: 0.390 GC heap after
{Heap after GC invocations=9 (full 0):
 garbage-first heap   total 20480K, used 4442K [0x0000000081600000, 0x0000000100000000)
  region size 1024K, 1 young (1024K), 1 survivors (1024K)
 Metaspace       used 8900K, committed 9088K, reserved 1114112K
  class space    used 995K, committed 1088K, reserved 1048576K
}
Event: 0.422 GC heap before
{Heap before GC invocations=9 (full 0):
 garbage-first heap   total 20480K, used 11610K [0x0000000081600000, 0x0000000100000000)
  region size 1024K, 8 young (8192K), 1 survivors (1024K)
 Metaspace       used 9037K, committed 9216K, reserved 1114112K
  class space    used 1009K, committed 1088K, reserved 1048576K
}
Event: 0.425 GC heap after
{Heap after GC invocations=10 (full 0):
 garbage-first heap   total 20480K, used 5439K [0x0000000081600000, 0x0000000100000000)
  region size 1024K, 1 young (1024K), 1 survivors (1024K)
 Metaspace       used 9037K, committed 9216K, reserved 1114112K
  class space    used 1009K, committed 1088K, reserved 1048576K
}

Dll operation events (6 events):
Event: 0.006 Loaded shared library C:\Program Files\Zulu\zulu-19\bin\java.dll
Event: 0.011 Loaded shared library C:\Program Files\Zulu\zulu-19\bin\jsvml.dll
Event: 0.051 Loaded shared library C:\Program Files\Zulu\zulu-19\bin\jimage.dll
Event: 0.098 Loaded shared library C:\Program Files\Zulu\zulu-19\bin\net.dll
Event: 0.099 Loaded shared library C:\Program Files\Zulu\zulu-19\bin\nio.dll
Event: 0.120 Loaded shared library C:\Program Files\Zulu\zulu-19\bin\zip.dll

Deoptimization events (20 events):
Event: 0.395 Thread 0x00000178189fca30 Uncommon trap: trap_request=0xffffff45 fr.pc=0x0000017829770e80 relative=0x0000000000000060
Event: 0.395 Thread 0x00000178189fca30 Uncommon trap: reason=unstable_if action=reinterpret pc=0x0000017829770e80 method=com.sun.tools.javac.jvm.PoolReader.sizeof(I)I @ 1 c2
Event: 0.395 Thread 0x00000178189fca30 DEOPT PACKING pc=0x0000017829770e80 sp=0x0000004d0e1fe2e0
Event: 0.395 Thread 0x00000178189fca30 DEOPT UNPACKING pc=0x00000178291f6da3 sp=0x0000004d0e1fe270 mode 2
Event: 0.399 Thread 0x00000178189fca30 DEOPT PACKING pc=0x0000017821d90565 sp=0x0000004d0e1fe030
Event: 0.399 Thread 0x00000178189fca30 DEOPT UNPACKING pc=0x00000178291f7543 sp=0x0000004d0e1fd480 mode 0
Event: 0.402 Thread 0x00000178189fca30 DEOPT PACKING pc=0x0000017821d90565 sp=0x0000004d0e1fe0a0
Event: 0.402 Thread 0x00000178189fca30 DEOPT UNPACKING pc=0x00000178291f7543 sp=0x0000004d0e1fd4f0 mode 0
Event: 0.435 Thread 0x00000178189fca30 Uncommon trap: trap_request=0xffffff45 fr.pc=0x0000017829792088 relative=0x0000000000000a48
Event: 0.435 Thread 0x00000178189fca30 Uncommon trap: reason=unstable_if action=reinterpret pc=0x0000017829792088 method=com.sun.tools.javac.util.ArrayUtils.ensureCapacity([BI)[B @ 3 c2
Event: 0.435 Thread 0x00000178189fca30 DEOPT PACKING pc=0x0000017829792088 sp=0x0000004d0e1fded0
Event: 0.435 Thread 0x00000178189fca30 DEOPT UNPACKING pc=0x00000178291f6da3 sp=0x0000004d0e1fddf8 mode 2
Event: 0.457 Thread 0x00000178189fca30 Uncommon trap: trap_request=0xffffff45 fr.pc=0x000001782976bdf8 relative=0x0000000000000158
Event: 0.457 Thread 0x00000178189fca30 Uncommon trap: reason=unstable_if action=reinterpret pc=0x000001782976bdf8 method=java.lang.StringCoding.countPositives([BII)I @ 17 c2
Event: 0.457 Thread 0x00000178189fca30 DEOPT PACKING pc=0x000001782976bdf8 sp=0x0000004d0e1fda00
Event: 0.458 Thread 0x00000178189fca30 DEOPT UNPACKING pc=0x00000178291f6da3 sp=0x0000004d0e1fd9a0 mode 2
Event: 0.468 Thread 0x00000178189fca30 Uncommon trap: trap_request=0xffffff45 fr.pc=0x000001782979dc90 relative=0x00000000000000f0
Event: 0.468 Thread 0x00000178189fca30 Uncommon trap: reason=unstable_if action=reinterpret pc=0x000001782979dc90 method=com.sun.tools.javac.parser.UnicodeReader.isASCII()Z @ 6 c2
Event: 0.468 Thread 0x00000178189fca30 DEOPT PACKING pc=0x000001782979dc90 sp=0x0000004d0e1fb660
Event: 0.468 Thread 0x00000178189fca30 DEOPT UNPACKING pc=0x00000178291f6da3 sp=0x0000004d0e1fb590 mode 2

Classes loaded (20 events):
Event: 0.353 Loading class sun/nio/fs/WindowsDirectoryStream$WindowsDirectoryIterator
Event: 0.353 Loading class sun/nio/fs/WindowsDirectoryStream$WindowsDirectoryIterator done
Event: 0.353 Loading class java/nio/file/Files$2
Event: 0.353 Loading class java/nio/file/Files$2 done
Event: 0.353 Loading class java/util/ImmutableCollections$Access
Event: 0.353 Loading class java/util/ImmutableCollections$Access done
Event: 0.353 Loading class java/util/ImmutableCollections$Access$1
Event: 0.353 Loading class jdk/internal/access/JavaUtilCollectionAccess
Event: 0.353 Loading class jdk/internal/access/JavaUtilCollectionAccess done
Event: 0.353 Loading class java/util/ImmutableCollections$Access$1 done
Event: 0.354 Loading class java/util/stream/Nodes$SpinedNodeBuilder
Event: 0.354 Loading class java/util/stream/Nodes$SpinedNodeBuilder done
Event: 0.354 Loading class sun/nio/fs/WindowsPath$WindowsPathWithAttributes
Event: 0.354 Loading class sun/nio/fs/WindowsPath$WindowsPathWithAttributes done
Event: 0.356 Loading class java/nio/file/FileTreeWalker$1
Event: 0.356 Loading class java/nio/file/FileTreeWalker$1 done
Event: 0.396 Loading class java/lang/invoke/MethodHandle$1
Event: 0.396 Loading class java/lang/invoke/MethodHandle$1 done
Event: 0.453 Loading class java/util/LinkedList$Node
Event: 0.453 Loading class java/util/LinkedList$Node done

Classes unloaded (0 events):
No events

Classes redefined (0 events):
No events

Internal exceptions (20 events):
Event: 0.298 Thread 0x00000178189fca30 Exception <a 'java/lang/NoSuchMethodError'{0x0000000081de1db8}: 'java.lang.Object java.lang.invoke.DirectMethodHandle$Holder.invokeVirtual(java.lang.Object, java.lang.Object, int)'> (0x0000000081de1db8) 
thrown [s\src\hotspot\share\interpreter\linkResolver.cpp, line 774]
Event: 0.299 Thread 0x00000178189fca30 Exception <a 'java/lang/NoSuchMethodError'{0x0000000081dead40}: 'java.lang.Object java.lang.invoke.DirectMethodHandle$Holder.invokeSpecial(java.lang.Object, java.lang.Object, java.lang.Object, int, int)'> (0x0000000081dead40) 
thrown [s\src\hotspot\share\interpreter\linkResolver.cpp, line 774]
Event: 0.351 Thread 0x00000178189fca30 Exception <a 'java/lang/NoSuchMethodError'{0x0000000081f3fff8}: 'void java.lang.invoke.DirectMethodHandle$Holder.invokeStatic(java.lang.Object, java.lang.Object)'> (0x0000000081f3fff8) 
thrown [s\src\hotspot\share\interpreter\linkResolver.cpp, line 774]
Event: 0.352 Thread 0x00000178189fca30 Exception <a 'sun/nio/fs/WindowsException'{0x0000000081f49d88}> (0x0000000081f49d88) 
thrown [s\src\hotspot\share\prims\jni.cpp, line 517]
Event: 0.355 Thread 0x00000178189fca30 Exception <a 'sun/nio/fs/WindowsException'{0x0000000081f5bfb0}> (0x0000000081f5bfb0) 
thrown [s\src\hotspot\share\prims\jni.cpp, line 517]
Event: 0.357 Thread 0x00000178189fca30 Exception <a 'sun/nio/fs/WindowsException'{0x0000000081f6a138}> (0x0000000081f6a138) 
thrown [s\src\hotspot\share\prims\jni.cpp, line 517]
Event: 0.387 Thread 0x00000178189fca30 Exception <a 'java/lang/NoSuchMethodError'{0x0000000081fbf090}: 'int java.lang.invoke.DirectMethodHandle$Holder.invokeSpecial(java.lang.Object, java.lang.Object, java.lang.Object)'> (0x0000000081fbf090) 
thrown [s\src\hotspot\share\interpreter\linkResolver.cpp, line 774]
Event: 0.388 Thread 0x00000178189fca30 Exception <a 'sun/nio/fs/WindowsException'{0x0000000081fc9aa0}> (0x0000000081fc9aa0) 
thrown [s\src\hotspot\share\prims\jni.cpp, line 517]
Event: 0.388 Thread 0x00000178189fca30 Exception <a 'sun/nio/fs/WindowsException'{0x0000000081fc9e70}> (0x0000000081fc9e70) 
thrown [s\src\hotspot\share\prims\jni.cpp, line 517]
Event: 0.388 Thread 0x00000178189fca30 Exception <a 'sun/nio/fs/WindowsException'{0x0000000081fcae48}> (0x0000000081fcae48) 
thrown [s\src\hotspot\share\prims\jni.cpp, line 517]
Event: 0.388 Thread 0x00000178189fca30 Exception <a 'sun/nio/fs/WindowsException'{0x0000000081fcb228}> (0x0000000081fcb228) 
thrown [s\src\hotspot\share\prims\jni.cpp, line 517]
Event: 0.388 Thread 0x00000178189fca30 Exception <a 'sun/nio/fs/WindowsException'{0x0000000081fcc5b0}> (0x0000000081fcc5b0) 
thrown [s\src\hotspot\share\prims\jni.cpp, line 517]
Event: 0.388 Thread 0x00000178189fca30 Exception <a 'sun/nio/fs/WindowsException'{0x0000000081fcc940}> (0x0000000081fcc940) 
thrown [s\src\hotspot\share\prims\jni.cpp, line 517]
Event: 0.395 Thread 0x00000178189fca30 Exception <a 'java/lang/NoSuchMethodError'{0x00000000829fe730}: 'java.lang.Object java.lang.invoke.DirectMethodHandle$Holder.invokeStatic(java.lang.Object, java.lang.Object, int, int)'> (0x00000000829fe730) 
thrown [s\src\hotspot\share\interpreter\linkResolver.cpp, line 774]
Event: 0.412 Thread 0x00000178189fca30 Exception <a 'sun/nio/fs/WindowsException'{0x00000000826e4fd8}> (0x00000000826e4fd8) 
thrown [s\src\hotspot\share\prims\jni.cpp, line 517]
Event: 0.412 Thread 0x00000178189fca30 Exception <a 'sun/nio/fs/WindowsException'{0x00000000826e53b8}> (0x00000000826e53b8) 
thrown [s\src\hotspot\share\prims\jni.cpp, line 517]
Event: 0.412 Thread 0x00000178189fca30 Exception <a 'sun/nio/fs/WindowsException'{0x00000000826e6390}> (0x00000000826e6390) 
thrown [s\src\hotspot\share\prims\jni.cpp, line 517]
Event: 0.412 Thread 0x00000178189fca30 Exception <a 'sun/nio/fs/WindowsException'{0x00000000826e6780}> (0x00000000826e6780) 
thrown [s\src\hotspot\share\prims\jni.cpp, line 517]
Event: 0.412 Thread 0x00000178189fca30 Exception <a 'sun/nio/fs/WindowsException'{0x00000000826e7888}> (0x00000000826e7888) 
thrown [s\src\hotspot\share\prims\jni.cpp, line 517]
Event: 0.412 Thread 0x00000178189fca30 Exception <a 'sun/nio/fs/WindowsException'{0x00000000826e7c28}> (0x00000000826e7c28) 
thrown [s\src\hotspot\share\prims\jni.cpp, line 517]

VM Operations (20 events):
Event: 0.227 Executing VM operation: G1CollectForAllocation
Event: 0.228 Executing VM operation: G1CollectForAllocation done
Event: 0.278 Executing VM operation: HandshakeAllThreads
Event: 0.278 Executing VM operation: HandshakeAllThreads done
Event: 0.278 Executing VM operation: G1CollectForAllocation
Event: 0.279 Executing VM operation: G1CollectForAllocation done
Event: 0.301 Executing VM operation: G1CollectForAllocation
Event: 0.302 Executing VM operation: G1CollectForAllocation done
Event: 0.342 Executing VM operation: G1CollectForAllocation
Event: 0.344 Executing VM operation: G1CollectForAllocation done
Event: 0.354 Executing VM operation: HandshakeAllThreads
Event: 0.354 Executing VM operation: HandshakeAllThreads done
Event: 0.370 Executing VM operation: G1CollectForAllocation
Event: 0.372 Executing VM operation: G1CollectForAllocation done
Event: 0.376 Executing VM operation: G1CollectForAllocation
Event: 0.377 Executing VM operation: G1CollectForAllocation done
Event: 0.389 Executing VM operation: G1CollectForAllocation
Event: 0.390 Executing VM operation: G1CollectForAllocation done
Event: 0.422 Executing VM operation: G1CollectForAllocation
Event: 0.425 Executing VM operation: G1CollectForAllocation done

Events (14 events):
Event: 0.012 Thread 0x00000178189fca30 Thread added: 0x00000178189fca30
Event: 0.020 Thread 0x00000178388fa090 Thread added: 0x00000178388fa090
Event: 0.020 Thread 0x00000178388fcbd0 Thread added: 0x00000178388fcbd0
Event: 0.020 Thread 0x00000178388ff990 Thread added: 0x00000178388ff990
Event: 0.020 Thread 0x00000178389022d0 Thread added: 0x00000178389022d0
Event: 0.020 Thread 0x0000017838902c00 Thread added: 0x0000017838902c00
Event: 0.020 Thread 0x0000017838905540 Thread added: 0x0000017838905540
Event: 0.021 Thread 0x0000017838908ef0 Thread added: 0x0000017838908ef0
Event: 0.021 Thread 0x0000017838909860 Thread added: 0x0000017838909860
Event: 0.021 Thread 0x000001783890a5d0 Thread added: 0x000001783890a5d0
Event: 0.035 Thread 0x00000178388d0390 Thread added: 0x00000178388d0390
Event: 0.046 Thread 0x000001783cc6bd40 Thread added: 0x000001783cc6bd40
Event: 0.048 Thread 0x000001783cd3db60 Thread added: 0x000001783cd3db60
Event: 0.381 Thread 0x000001783d2feba0 Thread added: 0x000001783d2feba0


Dynamic libraries:
0x00007ff65bab0000 - 0x00007ff65bab8000 	C:\Program Files\Zulu\zulu-19\bin\javac.exe
0x00007ffa972f0000 - 0x00007ffa97504000 	C:\WINDOWS\SYSTEM32\ntdll.dll
0x00007ffa96a30000 - 0x00007ffa96af2000 	C:\WINDOWS\System32\KERNEL32.DLL
0x00007ffa94a90000 - 0x00007ffa94e2c000 	C:\WINDOWS\System32\KERNELBASE.dll
0x00007ffa94730000 - 0x00007ffa94841000 	C:\WINDOWS\System32\ucrtbase.dll
0x00007ffa829b0000 - 0x00007ffa829c7000 	C:\Program Files\Zulu\zulu-19\bin\jli.dll
0x00007ffa823b0000 - 0x00007ffa823cb000 	C:\Program Files\Zulu\zulu-19\bin\VCRUNTIME140.dll
0x00007ffa95ee0000 - 0x00007ffa9608b000 	C:\WINDOWS\System32\USER32.dll
0x00007ffa7c330000 - 0x00007ffa7c5be000 	C:\WINDOWS\WinSxS\amd64_microsoft.windows.common-controls_6595b64144ccf1df_6.0.22621.608_none_a9444ca7c10bb01d\COMCTL32.dll
0x00007ffa94a60000 - 0x00007ffa94a86000 	C:\WINDOWS\System32\win32u.dll
0x00007ffa97200000 - 0x00007ffa972a7000 	C:\WINDOWS\System32\msvcrt.dll
0x00007ffa97050000 - 0x00007ffa97079000 	C:\WINDOWS\System32\GDI32.dll
0x00007ffa94f70000 - 0x00007ffa95083000 	C:\WINDOWS\System32\gdi32full.dll
0x00007ffa949c0000 - 0x00007ffa94a5a000 	C:\WINDOWS\System32\msvcp_win.dll
0x00007ffa95ea0000 - 0x00007ffa95ed1000 	C:\WINDOWS\System32\IMM32.DLL
0x00007ffa8d190000 - 0x00007ffa8d19c000 	C:\Program Files\Zulu\zulu-19\bin\vcruntime140_1.dll
0x00007ffa48880000 - 0x00007ffa4890d000 	C:\Program Files\Zulu\zulu-19\bin\msvcp140.dll
0x00007ffa36e30000 - 0x00007ffa37b37000 	C:\Program Files\Zulu\zulu-19\bin\server\jvm.dll
0x00007ffa970d0000 - 0x00007ffa9717e000 	C:\WINDOWS\System32\ADVAPI32.dll
0x00007ffa95d60000 - 0x00007ffa95e04000 	C:\WINDOWS\System32\sechost.dll
0x00007ffa95c20000 - 0x00007ffa95d35000 	C:\WINDOWS\System32\RPCRT4.dll
0x00007ffa8df80000 - 0x00007ffa8df89000 	C:\WINDOWS\SYSTEM32\WSOCK32.dll
0x00007ffa8ce90000 - 0x00007ffa8cec4000 	C:\WINDOWS\SYSTEM32\WINMM.dll
0x00007ffa8ce00000 - 0x00007ffa8ce0a000 	C:\WINDOWS\SYSTEM32\VERSION.dll
0x00007ffa95620000 - 0x00007ffa95691000 	C:\WINDOWS\System32\WS2_32.dll
0x00007ffa93790000 - 0x00007ffa937a8000 	C:\WINDOWS\SYSTEM32\kernel.appcore.dll
0x00007ffa82cc0000 - 0x00007ffa82cca000 	C:\Program Files\Zulu\zulu-19\bin\jimage.dll
0x00007ffa920e0000 - 0x00007ffa9230e000 	C:\WINDOWS\SYSTEM32\DBGHELP.DLL
0x00007ffa95790000 - 0x00007ffa95b19000 	C:\WINDOWS\System32\combase.dll
0x00007ffa95160000 - 0x00007ffa95237000 	C:\WINDOWS\System32\OLEAUT32.dll
0x00007ffa764d0000 - 0x00007ffa76502000 	C:\WINDOWS\SYSTEM32\dbgcore.DLL
0x00007ffa94e30000 - 0x00007ffa94eab000 	C:\WINDOWS\System32\bcryptPrimitives.dll
0x00007ffa82380000 - 0x00007ffa823a6000 	C:\Program Files\Zulu\zulu-19\bin\java.dll
0x00007ffa46350000 - 0x00007ffa46427000 	C:\Program Files\Zulu\zulu-19\bin\jsvml.dll
0x00007ffa960a0000 - 0x00007ffa96890000 	C:\WINDOWS\System32\SHELL32.dll
0x00007ffa92750000 - 0x00007ffa9301d000 	C:\WINDOWS\SYSTEM32\windows.storage.dll
0x00007ffa92610000 - 0x00007ffa9274e000 	C:\WINDOWS\SYSTEM32\wintypes.dll
0x00007ffa95360000 - 0x00007ffa95451000 	C:\WINDOWS\System32\SHCORE.dll
0x00007ffa956b0000 - 0x00007ffa9570e000 	C:\WINDOWS\System32\shlwapi.dll
0x00007ffa94660000 - 0x00007ffa94681000 	C:\WINDOWS\SYSTEM32\profapi.dll
0x00007ffa82360000 - 0x00007ffa82373000 	C:\Program Files\Zulu\zulu-19\bin\net.dll
0x00007ffa8d990000 - 0x00007ffa8dac7000 	C:\WINDOWS\SYSTEM32\WINHTTP.dll
0x00007ffa93c00000 - 0x00007ffa93c69000 	C:\WINDOWS\system32\mswsock.dll
0x00007ffa82340000 - 0x00007ffa82356000 	C:\Program Files\Zulu\zulu-19\bin\nio.dll
0x00007ffa81e00000 - 0x00007ffa81e18000 	C:\Program Files\Zulu\zulu-19\bin\zip.dll

dbghelp: loaded successfully - version: 4.0.5 - missing functions: none
symbol engine: initialized successfully - sym options: 0x614 - pdb path: .;C:\Program Files\Zulu\zulu-19\bin;C:\WINDOWS\SYSTEM32;C:\WINDOWS\WinSxS\amd64_microsoft.windows.common-controls_6595b64144ccf1df_6.0.22621.608_none_a9444ca7c10bb01d;C:\Program Files\Zulu\zulu-19\bin\server

VM Arguments:
jvm_args: -Dapplication.home=C:\Program Files\Zulu\zulu-19 --add-modules=ALL-DEFAULT -Xms8m -Djdk.module.main=jdk.compiler 
java_command: jdk.compiler/com.sun.tools.javac.Main -d C:\Users\ulise\Desktop\TEC\Algoritmos y estructura de datos I\BuscaMinas\ventana busca minas\build\classes -classpath C:\Users\ulise\Desktop\TEC\Algoritmos y estructura de datos I\BuscaMinas\ventana busca minas\build\classes;C:\Users\ulise\Desktop\TEC\Algoritmos y estructura de datos I\BuscaMinas\ventana busca minas\lib\rxtx-2.1-7r2;C:\Users\ulise\Downloads\RXTXcomm.jar;C:\Users\ulise\Downloads\jSerialComm-2.9.3.zip;C:\Users\ulise\Downloads\jSerialComm-2.9.3.jar -sourcepath C:\Users\ulise\Desktop\TEC\Algoritmos y estructura de datos I\BuscaMinas\ventana busca minas\src -target 19 -encoding UTF-8 -g -processorpath C:\Users\ulise\Desktop\TEC\Algoritmos y estructura de datos I\BuscaMinas\ventana busca minas\lib\rxtx-2.1-7r2;C:\Users\ulise\Downloads\RXTXcomm.jar;C:\Users\ulise\Downloads\jSerialComm-2.9.3.zip;C:\Users\ulise\Downloads\jSerialComm-2.9.3.jar;C:\Users\ulise\Desktop\TEC\Algoritmos y estructura de datos I\BuscaMinas\jar_files\firmata4j-2.3.5.jar;C:\Users\ulise\Desktop\TEC\Algoritmos y estructura de datos I\BuscaMinas\jar_files\jssc-2.8.0.jar;C:\Users\ulise\Desktop\TEC\Algoritmos y estructura de datos I\BuscaMinas\jar_files\jssc-2.9.4.jar;C:\Users\ulise\Desktop\TEC\Algoritmos y estructura de datos I\BuscaMinas\jar_files\slf4j-api-1.7.25.jar;C:\Users\ulise\Desktop\TEC\Algoritmos y estructura de datos I\BuscaMinas\jar_files\slf4j-api-1.7.3.jar;C:\Users\ulise\Desktop\TEC\Algoritmos y estructura de datos I\BuscaMinas\jar_files\slf4j-simple-1.6.1.jar;C:\Users\ulise\Desktop\TEC\Algoritmos y estructura de datos I\BuscaMinas\ventana busca minas\build\empty -s C:\Users\ulise\Desktop\TEC\Algoritmos y estructura de datos I\BuscaMinas\ventana busca minas\build\generated-sources\ap-source-output -source 19 C:\Users\ulise\Desktop\TEC\Algoritmos y estructura de datos I\BuscaMinas\ventana busca minas\src\GameMenuDemo.java
java_class_path (initial): <not set>
Launcher Type: SUN_STANDARD

[Global flags]
     intx CICompilerCount                          = 4                                         {product} {ergonomic}
     uint ConcGCThreads                            = 3                                         {product} {ergonomic}
     uint G1ConcRefinementThreads                  = 10                                        {product} {ergonomic}
   size_t G1HeapRegionSize                         = 1048576                                   {product} {ergonomic}
    uintx GCDrainStackTargetSize                   = 64                                        {product} {ergonomic}
   size_t InitialHeapSize                          = 8388608                                   {product} {command line}
   size_t MarkStackSize                            = 4194304                                   {product} {ergonomic}
   size_t MaxHeapSize                              = 2124414976                                {product} {ergonomic}
   size_t MaxNewSize                               = 1274019840                                {product} {ergonomic}
   size_t MinHeapDeltaBytes                        = 1048576                                   {product} {ergonomic}
   size_t MinHeapSize                              = 8388608                                   {product} {command line}
    uintx NonNMethodCodeHeapSize                   = 5839372                                {pd product} {ergonomic}
    uintx NonProfiledCodeHeapSize                  = 122909434                              {pd product} {ergonomic}
    uintx ProfiledCodeHeapSize                     = 122909434                              {pd product} {ergonomic}
    uintx ReservedCodeCacheSize                    = 251658240                              {pd product} {ergonomic}
     bool SegmentedCodeCache                       = true                                      {product} {ergonomic}
   size_t SoftMaxHeapSize                          = 2124414976                             {manageable} {ergonomic}
     bool UseCompressedClassPointers               = true                           {product lp64_product} {ergonomic}
     bool UseCompressedOops                        = true                           {product lp64_product} {ergonomic}
     bool UseG1GC                                  = true                                      {product} {ergonomic}
     bool UseLargePagesIndividualAllocation        = false                                  {pd product} {ergonomic}

Logging:
Log output configuration:
 #0: stdout all=warning uptime,level,tags foldmultilines=false
 #1: stderr all=off uptime,level,tags foldmultilines=false

Environment Variables:
PATH=C:\Program Files\Zulu\zulu-19\bin\;C:\Program Files\Common Files\Oracle\Java\javapath;C:\Program Files (x86)\Common Files\Oracle\Java\javapath;C:\Windows\system32;C:\Windows;C:\Windows\System32\Wbem;C:\Windows\System32\WindowsPowerShell\v1.0\;C:\Windows\System32\OpenSSH\;C:\Program Files (x86)\NVIDIA Corporation\PhysX\Common;C:\Program Files\NVIDIA Corporation\NVIDIA NvDLISR;C:\WINDOWS\system32;C:\WINDOWS;C:\WINDOWS\System32\Wbem;C:\WINDOWS\System32\WindowsPowerShell\v1.0\;C:\WINDOWS\System32\OpenSSH\;C:\Program Files\nodejs\;C:\Program Files\Git\cmd;C:\Users\ulise\AppData\Local\Microsoft\WindowsApps;C:\Users\ulise\AppData\Local\Programs\Microsoft VS Code\bin;C:\Users\ulise\AppData\Roaming\npm;C:\Users\ulise\AppData\Local\GitHubDesktop\bin
USERNAME=ulise
OS=Windows_NT
PROCESSOR_IDENTIFIER=Intel64 Family 6 Model 165 Stepping 2, GenuineIntel
TMP=C:\Users\ulise\AppData\Local\Temp
TEMP=C:\Users\ulise\AppData\Local\Temp



---------------  S Y S T E M  ---------------

OS:
 Windows 11 , 64 bit Build 22621 (10.0.22621.1485)
OS uptime: 6 days 7:46 hours

CPU: total 12 (initial active 12) (6 cores per cpu, 2 threads per core) family 6 model 165 stepping 2 microcode 0xe2, cx8, cmov, fxsr, ht, mmx, 3dnowpref, sse, sse2, sse3, ssse3, sse4.1, sse4.2, popcnt, lzcnt, tsc, tscinvbit, avx, avx2, aes, erms, clmul, bmi1, bmi2, adx, fma, vzeroupper, clflush, clflushopt, rdtscp

Memory: 4k page, system-wide physical 8099M (867M free)
TotalPageFile size 12195M (AvailPageFile size 4M)
current process WorkingSet (physical memory assigned to process): 95M, peak: 95M
current process commit charge ("private bytes"): 136M, peak: 136M

vm_info: OpenJDK 64-Bit Server VM (19.0.2+7) for windows-amd64 JRE (19.0.2+7) (Zulu19.32+15-CA), built on Dec 28 2022 19:25:40 by "zulu_re" with MS VC++ 16.10 / 16.11 (VS2019)

END.
