#
# There is insufficient memory for the Java Runtime Environment to continue.
# Native memory allocation (mmap) failed to map 25165824 bytes for G1 virtual space
# Possible reasons:
#   The system is out of physical RAM or swap space
#   The process is running with CompressedOops enabled, and the Java Heap may be blocking the growth of the native heap
# Possible solutions:
#   Reduce memory load on the system
#   Increase physical memory or swap space
#   Check if swap backing store is full
#   Decrease Java heap size (-Xmx/-Xms)
#   Decrease number of Java threads
#   Decrease Java thread stack sizes (-Xss)
#   Set larger code cache with -XX:ReservedCodeCacheSize=
#   JVM is running with Unscaled Compressed Oops mode in which the Java heap is
#     placed in the first 4GB address space. The Java Heap base address is the
#     maximum limit for the native heap growth. Please use -XX:HeapBaseMinAddress
#     to set the Java Heap base and to place the Java Heap above 4GB virtual address.
# This output file may be truncated or incomplete.
#
#  Out of Memory Error (os_windows.cpp:3536), pid=4300, tid=1720
#
# JRE version: OpenJDK Runtime Environment Zulu19.32+15-CA (19.0.2+7) (build 19.0.2+7)
# Java VM: OpenJDK 64-Bit Server VM Zulu19.32+15-CA (19.0.2+7, mixed mode, sharing, tiered, compressed oops, compressed class ptrs, g1 gc, windows-amd64)
# No core dump will be written. Minidumps are not enabled by default on client versions of Windows
#

---------------  S U M M A R Y ------------

Command Line: -Dapplication.home=C:\Program Files\Zulu\zulu-19 --add-modules=ALL-DEFAULT -Xms8m -Djdk.module.main=jdk.compiler jdk.compiler/com.sun.tools.javac.Main -d C:\Users\ulise\Desktop\TEC\Algoritmos y estructura de datos I\BuscaMinas\ventana busca minas\build\classes -classpath C:\Users\ulise\Desktop\TEC\Algoritmos y estructura de datos I\BuscaMinas\ventana busca minas\build\classes -sourcepath C:\Users\ulise\Desktop\TEC\Algoritmos y estructura de datos I\BuscaMinas\ventana busca minas\src -target 19 -encoding UTF-8 -g -processorpath C:\Users\ulise\Desktop\TEC\Algoritmos y estructura de datos I\BuscaMinas\ventana busca minas\build\empty -s C:\Users\ulise\Desktop\TEC\Algoritmos y estructura de datos I\BuscaMinas\ventana busca minas\build\generated-sources\ap-source-output -source 19 C:\Users\ulise\Desktop\TEC\Algoritmos y estructura de datos I\BuscaMinas\ventana busca minas\src\ventana\busca\minas\Main.java

Host: Intel(R) Core(TM) i7-10750H CPU @ 2.60GHz, 12 cores, 7G,  Windows 11 , 64 bit Build 22621 (10.0.22621.1194)
Time: Sat Mar 11 22:51:40 2023 Hora estándar, América Central elapsed time: 0.591339 seconds (0d 0h 0m 0s)

---------------  T H R E A D  ---------------

Current thread (0x000001e9e5031bd0):  VMThread "VM Thread" [stack: 0x000000d5ddb00000,0x000000d5ddc00000] [id=1720]

Stack: [0x000000d5ddb00000,0x000000d5ddc00000]
Native frames: (J=compiled Java code, j=interpreted, Vv=VM code, C=native code)
V  [jvm.dll+0x6eab2a]
V  [jvm.dll+0x8a4a20]
V  [jvm.dll+0x8a640e]
V  [jvm.dll+0x8a6ac3]
V  [jvm.dll+0x27c1ef]
V  [jvm.dll+0x6e7929]
V  [jvm.dll+0x6dc3da]
V  [jvm.dll+0x3528ab]
V  [jvm.dll+0x35a266]
V  [jvm.dll+0x3b0a2e]
V  [jvm.dll+0x3b0c5f]
V  [jvm.dll+0x327e9a]
V  [jvm.dll+0x327f47]
V  [jvm.dll+0x370442]
V  [jvm.dll+0x36e8e4]
V  [jvm.dll+0x327660]
V  [jvm.dll+0x36de7b]
V  [jvm.dll+0x8abc13]
V  [jvm.dll+0x8ac9d9]
V  [jvm.dll+0x8acf0d]
V  [jvm.dll+0x8ad39b]
V  [jvm.dll+0x8ad457]
V  [jvm.dll+0x84ec7a]
V  [jvm.dll+0x6e981b]
C  [ucrtbase.dll+0x29363]
C  [KERNEL32.DLL+0x126bd]
C  [ntdll.dll+0x5dfb8]

VM_Operation (0x000000d5dd5fc4b0): G1CollectForAllocation, mode: safepoint, requested by thread 0x000001e9c51cdd10


---------------  P R O C E S S  ---------------

Threads class SMR info:
_java_thread_list=0x000001e9e9988aa0, length=14, elements={
0x000001e9c51cdd10, 0x000001e9e50479c0, 0x000001e9e50484f0, 0x000001e9e504f1d0,
0x000001e9e504fb00, 0x000001e9e5052440, 0x000001e9e5061080, 0x000001e9e50544a0,
0x000001e9e506cf40, 0x000001e9e505db60, 0x000001e9e505e0b0, 0x000001e9e50605e0,
0x000001e9e9b4eec0, 0x000001e9e9970a90
}

Java Threads: ( => current thread )
  0x000001e9c51cdd10 JavaThread "main" [_thread_blocked, id=11968, stack(0x000000d5dd500000,0x000000d5dd600000)]
  0x000001e9e50479c0 JavaThread "Reference Handler" daemon [_thread_blocked, id=16512, stack(0x000000d5ddc00000,0x000000d5ddd00000)]
  0x000001e9e50484f0 JavaThread "Finalizer" daemon [_thread_blocked, id=15112, stack(0x000000d5ddd00000,0x000000d5dde00000)]
  0x000001e9e504f1d0 JavaThread "Signal Dispatcher" daemon [_thread_blocked, id=6156, stack(0x000000d5dde00000,0x000000d5ddf00000)]
  0x000001e9e504fb00 JavaThread "Attach Listener" daemon [_thread_blocked, id=9252, stack(0x000000d5ddf00000,0x000000d5de000000)]
  0x000001e9e5052440 JavaThread "Service Thread" daemon [_thread_blocked, id=18568, stack(0x000000d5de000000,0x000000d5de100000)]
  0x000001e9e5061080 JavaThread "Monitor Deflation Thread" daemon [_thread_blocked, id=5540, stack(0x000000d5de100000,0x000000d5de200000)]
  0x000001e9e50544a0 JavaThread "C2 CompilerThread0" daemon [_thread_blocked, id=7432, stack(0x000000d5de200000,0x000000d5de300000)]
  0x000001e9e506cf40 JavaThread "C1 CompilerThread0" daemon [_thread_blocked, id=9468, stack(0x000000d5de300000,0x000000d5de400000)]
  0x000001e9e505db60 JavaThread "Sweeper thread" daemon [_thread_blocked, id=15832, stack(0x000000d5de400000,0x000000d5de500000)]
  0x000001e9e505e0b0 JavaThread "Common-Cleaner" daemon [_thread_blocked, id=18304, stack(0x000000d5de500000,0x000000d5de600000)]
  0x000001e9e50605e0 JavaThread "Notification Thread" daemon [_thread_blocked, id=16668, stack(0x000000d5de600000,0x000000d5de700000)]
  0x000001e9e9b4eec0 JavaThread "C2 CompilerThread1" daemon [_thread_blocked, id=18976, stack(0x000000d5ded00000,0x000000d5dee00000)]
  0x000001e9e9970a90 JavaThread "C2 CompilerThread2" daemon [_thread_blocked, id=17836, stack(0x000000d5dee00000,0x000000d5def00000)]

Other Threads:
=>0x000001e9e5031bd0 VMThread "VM Thread" [stack: 0x000000d5ddb00000,0x000000d5ddc00000] [id=1720]
  0x000001e9e9521d20 WatcherThread "VM Periodic Task Thread" [stack: 0x000000d5de700000,0x000000d5de800000] [id=9664]
  0x000001e9c522dae0 WorkerThread "GC Thread#0" [stack: 0x000000d5dd600000,0x000000d5dd700000] [id=6000]
  0x000001e9e9622160 WorkerThread "GC Thread#1" [stack: 0x000000d5de800000,0x000000d5de900000] [id=12616]
  0x000001e9e97aa140 WorkerThread "GC Thread#2" [stack: 0x000000d5de900000,0x000000d5dea00000] [id=11000]
  0x000001e9e97aa410 WorkerThread "GC Thread#3" [stack: 0x000000d5dea00000,0x000000d5deb00000] [id=13740]
  0x000001e9e9856390 WorkerThread "GC Thread#4" [stack: 0x000000d5deb00000,0x000000d5dec00000] [id=18336]
  0x000001e9e99c31a0 WorkerThread "GC Thread#5" [stack: 0x000000d5dec00000,0x000000d5ded00000] [id=9708]
  0x000001e9e99c2ed0 WorkerThread "GC Thread#6" [stack: 0x000000d5def00000,0x000000d5df000000] [id=7252]
  0x000001e9c523e940 ConcurrentGCThread "G1 Main Marker" [stack: 0x000000d5dd700000,0x000000d5dd800000] [id=9052]
  0x000001e9c523fb10 WorkerThread "G1 Conc#0" [stack: 0x000000d5dd800000,0x000000d5dd900000] [id=12644]
  0x000001e9c5276160 ConcurrentGCThread "G1 Refine#0" [stack: 0x000000d5dd900000,0x000000d5dda00000] [id=18612]
  0x000001e9c5277b50 ConcurrentGCThread "G1 Service" [stack: 0x000000d5dda00000,0x000000d5ddb00000] [id=14892]

Threads with active compile tasks:
C2 CompilerThread2      629 1222       4       jdk.internal.jimage.ImageLocation::getFullName (109 bytes)

VM state: at safepoint (normal execution)

VM Mutex/Monitor currently owned by a thread:  ([mutex/lock_event])
[0x000001e9c51ca9e0] Threads_lock - owner thread: 0x000001e9e5031bd0
[0x000001e9c51caa70] Heap_lock - owner thread: 0x000001e9c51cdd10

Heap address: 0x0000000082000000, size: 2016 MB, Compressed Oops mode: 32-bit

CDS archive(s) mapped at: [0x0000000800000000-0x0000000800c40000-0x0000000800c40000), size 12845056, SharedBaseAddress: 0x0000000800000000, ArchiveRelocationMode: 0.
Compressed class space mapped at: 0x0000000801000000-0x0000000841000000, reserved size: 1073741824
Narrow klass base: 0x0000000800000000, Narrow klass shift: 0, Narrow klass range: 0x100000000

GC Precious Log:
 CardTable entry size: 512
 Card Set container configuration: InlinePtr #cards 5 size 8 Array Of Cards #cards 12 size 40 Howl #buckets 4 coarsen threshold 1843 Howl Bitmap #cards 512 size 80 coarsen threshold 460 Card regions per heap region 1 cards per card region 2048
 CPUs: 12 total, 12 available
 Memory: 8059M
 Large Page Support: Disabled
 NUMA Support: Disabled
 Compressed Oops: Enabled (32-bit)
 Heap Region Size: 1M
 Heap Min Capacity: 8M
 Heap Initial Capacity: 8M
 Heap Max Capacity: 2016M
 Pre-touch: Disabled
 Parallel Workers: 10
 Concurrent Workers: 3
 Concurrent Refinement Workers: 10
 Periodic GC: Disabled

Heap:
 garbage-first heap   total 18432K, used 7758K [0x0000000082000000, 0x0000000100000000)
  region size 1024K, 1 young (1024K), 1 survivors (1024K)
 Metaspace       used 9786K, committed 9984K, reserved 1114112K
  class space    used 1118K, committed 1216K, reserved 1048576K

Heap Regions: E=young(eden), S=young(survivor), O=old, HS=humongous(starts), HC=humongous(continues), CS=collection set, F=free, OA=open archive, CA=closed archive, TAMS=top-at-mark-start (previous, next)
|   0|0x0000000082000000, 0x0000000082100000, 0x0000000082100000|100%| O|  |TAMS 0x0000000082000000, 0x0000000082000000| Untracked 
|   1|0x0000000082100000, 0x0000000082200000, 0x0000000082200000|100%| O|  |TAMS 0x0000000082100000, 0x0000000082100000| Untracked 
|   2|0x0000000082200000, 0x0000000082300000, 0x0000000082300000|100%| O|  |TAMS 0x0000000082200000, 0x0000000082200000| Untracked 
|   3|0x0000000082300000, 0x0000000082400000, 0x0000000082400000|100%| O|  |TAMS 0x0000000082300000, 0x0000000082300000| Untracked 
|   4|0x0000000082400000, 0x0000000082500000, 0x0000000082500000|100%| O|  |TAMS 0x0000000082400000, 0x0000000082400000| Untracked 
|   5|0x0000000082500000, 0x0000000082600000, 0x0000000082600000|100%| O|  |TAMS 0x0000000082500000, 0x0000000082500000| Untracked 
|   6|0x0000000082600000, 0x00000000826cc600, 0x0000000082700000| 79%| O|  |TAMS 0x0000000082600000, 0x0000000082600000| Untracked 
|   7|0x0000000082700000, 0x0000000082700000, 0x0000000082800000|  0%| F|  |TAMS 0x0000000082700000, 0x0000000082700000| Untracked 
|   8|0x0000000082800000, 0x0000000082800000, 0x0000000082900000|  0%| F|  |TAMS 0x0000000082800000, 0x0000000082800000| Untracked 
|   9|0x0000000082900000, 0x0000000082900000, 0x0000000082a00000|  0%| F|  |TAMS 0x0000000082900000, 0x0000000082900000| Untracked 
|  10|0x0000000082a00000, 0x0000000082a00000, 0x0000000082b00000|  0%| F|  |TAMS 0x0000000082a00000, 0x0000000082a00000| Untracked 
|  11|0x0000000082b00000, 0x0000000082b00000, 0x0000000082c00000|  0%| F|  |TAMS 0x0000000082b00000, 0x0000000082b00000| Untracked 
|  12|0x0000000082c00000, 0x0000000082cc73d8, 0x0000000082d00000| 77%| S|CS|TAMS 0x0000000082c00000, 0x0000000082c00000| Complete 
|  13|0x0000000082d00000, 0x0000000082d00000, 0x0000000082e00000|  0%| F|  |TAMS 0x0000000082d00000, 0x0000000082d00000| Untracked 
|  14|0x0000000082e00000, 0x0000000082e00000, 0x0000000082f00000|  0%| F|  |TAMS 0x0000000082e00000, 0x0000000082e00000| Untracked 
|  15|0x0000000082f00000, 0x0000000082f00000, 0x0000000083000000|  0%| F|  |TAMS 0x0000000082f00000, 0x0000000082f00000| Untracked 
|  16|0x0000000083000000, 0x0000000083000000, 0x0000000083100000|  0%| F|  |TAMS 0x0000000083000000, 0x0000000083000000| Untracked 
|  17|0x0000000083100000, 0x0000000083100000, 0x0000000083200000|  0%| F|  |TAMS 0x0000000083100000, 0x0000000083100000| Untracked 

Card table byte_map: [0x000001e9ddd80000,0x000001e9de170000] _byte_map_base: 0x000001e9dd970000

Marking Bits (Prev, Next): (CMBitMap*) 0x000001e9c522e110, (CMBitMap*) 0x000001e9c522e150
 Prev Bits: [0x000001e9de560000, 0x000001e9e04e0000)
 Next Bits: [0x000001e9e04e0000, 0x000001e9e2460000)

Polling page: 0x000001e9c4990000

Metaspace:

Usage:
  Non-class:      8.46 MB used.
      Class:      1.09 MB used.
       Both:      9.56 MB used.

Virtual space:
  Non-class space:       64.00 MB reserved,       8.56 MB ( 13%) committed,  1 nodes.
      Class space:        1.00 GB reserved,       1.19 MB ( <1%) committed,  1 nodes.
             Both:        1.06 GB reserved,       9.75 MB ( <1%) committed. 

Chunk freelists:
   Non-Class:  1.29 MB
       Class:  2.75 MB
        Both:  4.05 MB

MaxMetaspaceSize: unlimited
CompressedClassSpaceSize: 1.00 GB
Initial GC threshold: 21.00 MB
Current GC threshold: 21.00 MB
CDS: on
MetaspaceReclaimPolicy: balanced
 - commit_granule_bytes: 65536.
 - commit_granule_words: 8192.
 - virtual_space_node_default_size: 8388608.
 - enlarge_chunks_in_place: 1.
 - new_chunks_are_fully_committed: 0.
 - uncommit_free_chunks: 1.
 - use_allocation_guard: 0.


Internal statistics:

num_allocs_failed_limit: 0.
num_arena_births: 132.
num_arena_deaths: 0.
num_vsnodes_births: 2.
num_vsnodes_deaths: 0.
num_space_committed: 156.
num_space_uncommitted: 0.
num_chunks_returned_to_freelist: 0.
num_chunks_taken_from_freelist: 456.
num_chunk_merges: 0.
num_chunk_splits: 331.
num_chunks_enlarged: 260.
num_inconsistent_stats: 0.

CodeHeap 'non-profiled nmethods': size=120000Kb used=511Kb max_used=511Kb free=119488Kb
 bounds [0x000001e9d5f00000, 0x000001e9d6170000, 0x000001e9dd430000]
CodeHeap 'profiled nmethods': size=120000Kb used=2632Kb max_used=2632Kb free=117368Kb
 bounds [0x000001e9ce430000, 0x000001e9ce6d0000, 0x000001e9d5960000]
CodeHeap 'non-nmethods': size=5760Kb used=1232Kb max_used=1274Kb free=4528Kb
 bounds [0x000001e9d5960000, 0x000001e9d5bd0000, 0x000001e9d5f00000]
 total_blobs=1912 nmethods=1482 adapters=340
 compilation: enabled
              stopped_count=0, restarted_count=0
 full_count=0

Compilation events (20 events):
Event: 0.574 Thread 0x000001e9e506cf40 1469       3       java.lang.invoke.MemberName::isMethod (8 bytes)
Event: 0.575 Thread 0x000001e9e506cf40 nmethod 1469 0x000001e9ce6bbd10 code [0x000001e9ce6bbec0, 0x000001e9ce6bc0f8]
Event: 0.576 Thread 0x000001e9e50544a0 nmethod 1423 0x000001e9d5f7bf10 code [0x000001e9d5f7c200, 0x000001e9d5f7cb40]
Event: 0.577 Thread 0x000001e9e50544a0 1467       4       java.util.concurrent.ConcurrentHashMap::setTabAt (20 bytes)
Event: 0.577 Thread 0x000001e9e506cf40 1470       3       java.lang.invoke.MethodHandles$Lookup::findBoundCallerLookup (30 bytes)
Event: 0.578 Thread 0x000001e9e50544a0 nmethod 1467 0x000001e9d5f7da90 code [0x000001e9d5f7dc00, 0x000001e9d5f7dd38]
Event: 0.578 Thread 0x000001e9e506cf40 nmethod 1470 0x000001e9ce6bc210 code [0x000001e9ce6bc420, 0x000001e9ce6bcb78]
Event: 0.578 Thread 0x000001e9e506cf40 1471       3       java.lang.invoke.MethodHandles$Lookup::getDirectMethodCommon (280 bytes)
Event: 0.578 Thread 0x000001e9e9b4eec0 nmethod 1428 0x000001e9d5f7dd90 code [0x000001e9d5f7df60, 0x000001e9d5f7e428]
Event: 0.579 Thread 0x000001e9e506cf40 nmethod 1471 0x000001e9ce6bce10 code [0x000001e9ce6bd140, 0x000001e9ce6be1d8]
Event: 0.579 Thread 0x000001e9e506cf40 1474       3       java.lang.invoke.InvokerBytecodeGenerator::getInternalName (103 bytes)
Event: 0.579 Thread 0x000001e9e506cf40 nmethod 1474 0x000001e9ce6be790 code [0x000001e9ce6be9a0, 0x000001e9ce6beef8]
Event: 0.579 Thread 0x000001e9e506cf40 1476       3       java.lang.invoke.InvokerBytecodeGenerator::emitPushArgument (150 bytes)
Event: 0.580 Thread 0x000001e9e506cf40 nmethod 1476 0x000001e9ce6bf010 code [0x000001e9ce6bf2e0, 0x000001e9ce6c00a8]
Event: 0.580 Thread 0x000001e9e506cf40 1477       3       jdk.internal.org.objectweb.asm.ByteVector::put11 (52 bytes)
Event: 0.580 Thread 0x000001e9e506cf40 nmethod 1477 0x000001e9ce6c0410 code [0x000001e9ce6c05c0, 0x000001e9ce6c07c8]
Event: 0.580 Thread 0x000001e9e506cf40 1479       3       jdk.internal.org.objectweb.asm.SymbolTable::addTypeInternal (85 bytes)
Event: 0.580 Thread 0x000001e9e506cf40 nmethod 1479 0x000001e9ce6c0910 code [0x000001e9ce6c0b00, 0x000001e9ce6c1138]
Event: 0.580 Thread 0x000001e9e506cf40 1482       3       jdk.internal.org.objectweb.asm.Frame::pop (53 bytes)
Event: 0.580 Thread 0x000001e9e506cf40 nmethod 1482 0x000001e9ce6c1310 code [0x000001e9ce6c1560, 0x000001e9ce6c1cf8]

GC Heap History (20 events):
Event: 0.257 GC heap after
{Heap after GC invocations=3 (full 0):
 garbage-first heap   total 8192K, used 2152K [0x0000000082000000, 0x0000000100000000)
  region size 1024K, 1 young (1024K), 1 survivors (1024K)
 Metaspace       used 6513K, committed 6656K, reserved 1114112K
  class space    used 752K, committed 832K, reserved 1048576K
}
Event: 0.305 GC heap before
{Heap before GC invocations=3 (full 0):
 garbage-first heap   total 8192K, used 3176K [0x0000000082000000, 0x0000000100000000)
  region size 1024K, 2 young (2048K), 1 survivors (1024K)
 Metaspace       used 7773K, committed 7936K, reserved 1114112K
  class space    used 872K, committed 960K, reserved 1048576K
}
Event: 0.307 GC heap after
{Heap after GC invocations=4 (full 0):
 garbage-first heap   total 8192K, used 2420K [0x0000000082000000, 0x0000000100000000)
  region size 1024K, 1 young (1024K), 1 survivors (1024K)
 Metaspace       used 7773K, committed 7936K, reserved 1114112K
  class space    used 872K, committed 960K, reserved 1048576K
}
Event: 0.334 GC heap before
{Heap before GC invocations=4 (full 0):
 garbage-first heap   total 8192K, used 3444K [0x0000000082000000, 0x0000000100000000)
  region size 1024K, 2 young (2048K), 1 survivors (1024K)
 Metaspace       used 8012K, committed 8256K, reserved 1114112K
  class space    used 895K, committed 1024K, reserved 1048576K
}
Event: 0.335 GC heap after
{Heap after GC invocations=5 (full 0):
 garbage-first heap   total 10240K, used 2923K [0x0000000082000000, 0x0000000100000000)
  region size 1024K, 1 young (1024K), 1 survivors (1024K)
 Metaspace       used 8012K, committed 8256K, reserved 1114112K
  class space    used 895K, committed 1024K, reserved 1048576K
}
Event: 0.361 GC heap before
{Heap before GC invocations=5 (full 0):
 garbage-first heap   total 10240K, used 4971K [0x0000000082000000, 0x0000000100000000)
  region size 1024K, 3 young (3072K), 1 survivors (1024K)
 Metaspace       used 8216K, committed 8384K, reserved 1114112K
  class space    used 923K, committed 1024K, reserved 1048576K
}
Event: 0.363 GC heap after
{Heap after GC invocations=6 (full 0):
 garbage-first heap   total 10240K, used 3458K [0x0000000082000000, 0x0000000100000000)
  region size 1024K, 1 young (1024K), 1 survivors (1024K)
 Metaspace       used 8216K, committed 8384K, reserved 1114112K
  class space    used 923K, committed 1024K, reserved 1048576K
}
Event: 0.382 GC heap before
{Heap before GC invocations=6 (full 0):
 garbage-first heap   total 10240K, used 5506K [0x0000000082000000, 0x0000000100000000)
  region size 1024K, 3 young (3072K), 1 survivors (1024K)
 Metaspace       used 8278K, committed 8448K, reserved 1114112K
  class space    used 923K, committed 1024K, reserved 1048576K
}
Event: 0.384 GC heap after
{Heap after GC invocations=7 (full 0):
 garbage-first heap   total 10240K, used 3785K [0x0000000082000000, 0x0000000100000000)
  region size 1024K, 1 young (1024K), 1 survivors (1024K)
 Metaspace       used 8278K, committed 8448K, reserved 1114112K
  class space    used 923K, committed 1024K, reserved 1048576K
}
Event: 0.404 GC heap before
{Heap before GC invocations=7 (full 0):
 garbage-first heap   total 10240K, used 4809K [0x0000000082000000, 0x0000000100000000)
  region size 1024K, 2 young (2048K), 1 survivors (1024K)
 Metaspace       used 8398K, committed 8576K, reserved 1114112K
  class space    used 942K, committed 1024K, reserved 1048576K
}
Event: 0.405 GC heap after
{Heap after GC invocations=8 (full 0):
 garbage-first heap   total 10240K, used 3831K [0x0000000082000000, 0x0000000100000000)
  region size 1024K, 1 young (1024K), 1 survivors (1024K)
 Metaspace       used 8398K, committed 8576K, reserved 1114112K
  class space    used 942K, committed 1024K, reserved 1048576K
}
Event: 0.408 GC heap before
{Heap before GC invocations=8 (full 0):
 garbage-first heap   total 10240K, used 5879K [0x0000000082000000, 0x0000000100000000)
  region size 1024K, 3 young (3072K), 1 survivors (1024K)
 Metaspace       used 8411K, committed 8576K, reserved 1114112K
  class space    used 942K, committed 1024K, reserved 1048576K
}
Event: 0.410 GC heap after
{Heap after GC invocations=9 (full 0):
 garbage-first heap   total 18432K, used 4094K [0x0000000082000000, 0x0000000100000000)
  region size 1024K, 1 young (1024K), 1 survivors (1024K)
 Metaspace       used 8411K, committed 8576K, reserved 1114112K
  class space    used 942K, committed 1024K, reserved 1048576K
}
Event: 0.457 GC heap before
{Heap before GC invocations=9 (full 0):
 garbage-first heap   total 18432K, used 10238K [0x0000000082000000, 0x0000000100000000)
  region size 1024K, 7 young (7168K), 1 survivors (1024K)
 Metaspace       used 8618K, committed 8832K, reserved 1114112K
  class space    used 964K, committed 1088K, reserved 1048576K
}
Event: 0.460 GC heap after
{Heap after GC invocations=10 (full 0):
 garbage-first heap   total 18432K, used 5479K [0x0000000082000000, 0x0000000100000000)
  region size 1024K, 1 young (1024K), 1 survivors (1024K)
 Metaspace       used 8618K, committed 8832K, reserved 1114112K
  class space    used 964K, committed 1088K, reserved 1048576K
}
Event: 0.498 GC heap before
{Heap before GC invocations=10 (full 0):
 garbage-first heap   total 18432K, used 10599K [0x0000000082000000, 0x0000000100000000)
  region size 1024K, 6 young (6144K), 1 survivors (1024K)
 Metaspace       used 8967K, committed 9152K, reserved 1114112K
  class space    used 1013K, committed 1088K, reserved 1048576K
}
Event: 0.504 GC heap after
{Heap after GC invocations=11 (full 0):
 garbage-first heap   total 18432K, used 6375K [0x0000000082000000, 0x0000000100000000)
  region size 1024K, 1 young (1024K), 1 survivors (1024K)
 Metaspace       used 8967K, committed 9152K, reserved 1114112K
  class space    used 1013K, committed 1088K, reserved 1048576K
}
Event: 0.509 GC heap before
{Heap before GC invocations=11 (full 0):
 garbage-first heap   total 18432K, used 10471K [0x0000000082000000, 0x0000000100000000)
  region size 1024K, 5 young (5120K), 1 survivors (1024K)
 Metaspace       used 8970K, committed 9152K, reserved 1114112K
  class space    used 1013K, committed 1088K, reserved 1048576K
}
Event: 0.511 GC heap after
{Heap after GC invocations=12 (full 0):
 garbage-first heap   total 18432K, used 7003K [0x0000000082000000, 0x0000000100000000)
  region size 1024K, 1 young (1024K), 1 survivors (1024K)
 Metaspace       used 8970K, committed 9152K, reserved 1114112K
  class space    used 1013K, committed 1088K, reserved 1048576K
}
Event: 0.581 GC heap before
{Heap before GC invocations=12 (full 0):
 garbage-first heap   total 18432K, used 11099K [0x0000000082000000, 0x0000000100000000)
  region size 1024K, 5 young (5120K), 1 survivors (1024K)
 Metaspace       used 9786K, committed 9984K, reserved 1114112K
  class space    used 1118K, committed 1216K, reserved 1048576K
}

Dll operation events (5 events):
Event: 0.007 Loaded shared library C:\Program Files\Zulu\zulu-19\bin\java.dll
Event: 0.014 Loaded shared library C:\Program Files\Zulu\zulu-19\bin\jsvml.dll
Event: 0.055 Loaded shared library C:\Program Files\Zulu\zulu-19\bin\jimage.dll
Event: 0.112 Loaded shared library C:\Program Files\Zulu\zulu-19\bin\net.dll
Event: 0.114 Loaded shared library C:\Program Files\Zulu\zulu-19\bin\nio.dll

Deoptimization events (20 events):
Event: 0.428 Thread 0x000001e9c51cdd10 DEOPT PACKING pc=0x000001e9ce545de5 sp=0x000000d5dd5fde70
Event: 0.428 Thread 0x000001e9c51cdd10 DEOPT UNPACKING pc=0x000001e9d59c7543 sp=0x000000d5dd5fd2c0 mode 0
Event: 0.428 Thread 0x000001e9c51cdd10 DEOPT PACKING pc=0x000001e9ce545de5 sp=0x000000d5dd5fde70
Event: 0.428 Thread 0x000001e9c51cdd10 DEOPT UNPACKING pc=0x000001e9d59c7543 sp=0x000000d5dd5fd2c0 mode 0
Event: 0.454 Thread 0x000001e9c51cdd10 Uncommon trap: trap_request=0xffffff45 fr.pc=0x000001e9d5f55004 relative=0x0000000000000a44
Event: 0.454 Thread 0x000001e9c51cdd10 Uncommon trap: reason=unstable_if action=reinterpret pc=0x000001e9d5f55004 method=com.sun.tools.javac.util.ArrayUtils.ensureCapacity([BI)[B @ 3 c2
Event: 0.454 Thread 0x000001e9c51cdd10 DEOPT PACKING pc=0x000001e9d5f55004 sp=0x000000d5dd5fce40
Event: 0.454 Thread 0x000001e9c51cdd10 DEOPT UNPACKING pc=0x000001e9d59c6da3 sp=0x000000d5dd5fcd68 mode 2
Event: 0.560 Thread 0x000001e9c51cdd10 Uncommon trap: trap_request=0xffffff45 fr.pc=0x000001e9d5f43590 relative=0x0000000000000410
Event: 0.560 Thread 0x000001e9c51cdd10 Uncommon trap: reason=unstable_if action=reinterpret pc=0x000001e9d5f43590 method=java.util.HashMap.hash(Ljava/lang/Object;)I @ 1 c2
Event: 0.560 Thread 0x000001e9c51cdd10 DEOPT PACKING pc=0x000001e9d5f43590 sp=0x000000d5dd5fe980
Event: 0.560 Thread 0x000001e9c51cdd10 DEOPT UNPACKING pc=0x000001e9d59c6da3 sp=0x000000d5dd5fe818 mode 2
Event: 0.560 Thread 0x000001e9c51cdd10 Uncommon trap: trap_request=0xffffff45 fr.pc=0x000001e9d5f42ba8 relative=0x0000000000000348
Event: 0.560 Thread 0x000001e9c51cdd10 Uncommon trap: reason=unstable_if action=reinterpret pc=0x000001e9d5f42ba8 method=java.util.HashMap.hash(Ljava/lang/Object;)I @ 1 c2
Event: 0.560 Thread 0x000001e9c51cdd10 DEOPT PACKING pc=0x000001e9d5f42ba8 sp=0x000000d5dd5fe910
Event: 0.560 Thread 0x000001e9c51cdd10 DEOPT UNPACKING pc=0x000001e9d59c6da3 sp=0x000000d5dd5fe818 mode 2
Event: 0.560 Thread 0x000001e9c51cdd10 Uncommon trap: trap_request=0xffffff45 fr.pc=0x000001e9d5f39b38 relative=0x0000000000000098
Event: 0.560 Thread 0x000001e9c51cdd10 Uncommon trap: reason=unstable_if action=reinterpret pc=0x000001e9d5f39b38 method=java.util.HashMap.hash(Ljava/lang/Object;)I @ 1 c2
Event: 0.560 Thread 0x000001e9c51cdd10 DEOPT PACKING pc=0x000001e9d5f39b38 sp=0x000000d5dd5fe810
Event: 0.560 Thread 0x000001e9c51cdd10 DEOPT UNPACKING pc=0x000001e9d59c6da3 sp=0x000000d5dd5fe7a8 mode 2

Classes loaded (20 events):
Event: 0.470 Loading class java/util/stream/ReduceOps$1ReducingSink
Event: 0.470 Loading class java/util/stream/ReduceOps$1ReducingSink done
Event: 0.561 Loading class java/util/stream/ReduceOps$2
Event: 0.562 Loading class java/util/stream/ReduceOps$2 done
Event: 0.562 Loading class java/util/stream/ReduceOps$2ReducingSink
Event: 0.562 Loading class java/util/stream/ReduceOps$2ReducingSink done
Event: 0.567 Loading class java/lang/runtime/ObjectMethods
Event: 0.567 Loading class java/lang/runtime/ObjectMethods done
Event: 0.568 Loading class java/lang/invoke/MethodHandleImpl$Makers
Event: 0.569 Loading class java/lang/invoke/MethodHandleImpl$Makers done
Event: 0.569 Loading class java/lang/invoke/MethodHandleImpl$Makers$1
Event: 0.569 Loading class java/lang/invoke/MethodHandleImpl$Makers$1 done
Event: 0.569 Loading class java/lang/invoke/MethodHandleImpl$Makers$2
Event: 0.569 Loading class java/lang/invoke/MethodHandleImpl$Makers$2 done
Event: 0.569 Loading class java/lang/invoke/MethodHandleImpl$Makers$3
Event: 0.569 Loading class java/lang/invoke/MethodHandleImpl$Makers$3 done
Event: 0.573 Loading class java/lang/runtime/ObjectMethods$1
Event: 0.574 Loading class java/lang/runtime/ObjectMethods$1 done
Event: 0.580 Loading class java/lang/invoke/DirectMethodHandle$1
Event: 0.580 Loading class java/lang/invoke/DirectMethodHandle$1 done

Classes unloaded (0 events):
No events

Classes redefined (0 events):
No events

Internal exceptions (20 events):
Event: 0.396 Thread 0x000001e9c51cdd10 Exception <a 'sun/nio/fs/WindowsException'{0x000000008296a3e0}> (0x000000008296a3e0) 
thrown [s\src\hotspot\share\prims\jni.cpp, line 517]
Event: 0.396 Thread 0x000001e9c51cdd10 Exception <a 'sun/nio/fs/WindowsException'{0x000000008296a780}> (0x000000008296a780) 
thrown [s\src\hotspot\share\prims\jni.cpp, line 517]
Event: 0.399 Thread 0x000001e9c51cdd10 Exception <a 'java/lang/NoSuchMethodError'{0x000000008298e1e8}: 'java.lang.Object java.lang.invoke.DirectMethodHandle$Holder.invokeStatic(java.lang.Object, java.lang.Object, int, int)'> (0x000000008298e1e8) 
thrown [s\src\hotspot\share\interpreter\linkResolver.cpp, line 774]
Event: 0.447 Thread 0x000001e9c51cdd10 Exception <a 'java/lang/NoSuchMethodError'{0x0000000082d38510}: 'void java.lang.invoke.DirectMethodHandle$Holder.invokeSpecial(java.lang.Object, java.lang.Object, java.lang.Object, java.lang.Object, java.lang.Object)'> (0x0000000082d38510) 
thrown [s\src\hotspot\share\interpreter\linkResolver.cpp, line 774]
Event: 0.448 Thread 0x000001e9c51cdd10 Exception <a 'java/lang/NoSuchMethodError'{0x0000000082d4c9e0}: 'java.lang.Object java.lang.invoke.DirectMethodHandle$Holder.invokeInterface(java.lang.Object, java.lang.Object)'> (0x0000000082d4c9e0) 
thrown [s\src\hotspot\share\interpreter\linkResolver.cpp, line 774]
Event: 0.480 Thread 0x000001e9c51cdd10 Exception <a 'java/lang/NoSuchMethodError'{0x0000000082f85238}: 'int java.lang.invoke.DirectMethodHandle$Holder.invokeStatic(java.lang.Object, java.lang.Object, java.lang.Object, java.lang.Object)'> (0x0000000082f85238) 
thrown [s\src\hotspot\share\interpreter\linkResolver.cpp, line 774]
Event: 0.520 Thread 0x000001e9c51cdd10 Exception <a 'java/lang/NoSuchMethodError'{0x00000000830b4df8}: 'void java.lang.invoke.DirectMethodHandle$Holder.invokeVirtual(java.lang.Object, java.lang.Object)'> (0x00000000830b4df8) 
thrown [s\src\hotspot\share\interpreter\linkResolver.cpp, line 774]
Event: 0.560 Thread 0x000001e9c51cdd10 Implicit null exception at 0x000001e9d5f431cf to 0x000001e9d5f43574
Event: 0.560 Thread 0x000001e9c51cdd10 Implicit null exception at 0x000001e9d5f428af to 0x000001e9d5f42b8c
Event: 0.560 Thread 0x000001e9c51cdd10 Implicit null exception at 0x000001e9d5f39aaf to 0x000001e9d5f39b29
Event: 0.567 Thread 0x000001e9c51cdd10 Exception <a 'java/lang/NoSuchMethodError'{0x0000000082e83428}: 'java.lang.Object java.lang.invoke.DirectMethodHandle$Holder.invokeStaticInit(java.lang.Object, java.lang.Object, java.lang.Object, java.lang.Object, java.lang.Object, java.lang.Object, java.lang.Object)'> (0x0000000082e83428) 
thrown [s\src\hotspot\share\interpreter\linkResolver.cpp, line 774]
Event: 0.568 Thread 0x000001e9c51cdd10 Exception <a 'java/lang/NoSuchMethodError'{0x0000000082e8d168}: 'java.lang.Object java.lang.invoke.Invokers$Holder.invoke_MT(java.lang.Object, java.lang.Object, java.lang.Object, java.lang.Object, java.lang.Object, java.lang.Object, java.lang.Object, java.lang.Object, java.lang.Object, java.lang.Object)'> (0x0000000082e8d168) 
thrown [s\src\hotspot\share\interpreter\linkResolver.cpp, line 774]
Event: 0.569 Thread 0x000001e9c51cdd10 Exception <a 'java/lang/NoSuchMethodError'{0x0000000082e93ef8}: 'java.lang.Object java.lang.invoke.DirectMethodHandle$Holder.invokeStatic(java.lang.Object, java.lang.Object, int)'> (0x0000000082e93ef8) 
thrown [s\src\hotspot\share\interpreter\linkResolver.cpp, line 774]
Event: 0.571 Thread 0x000001e9c51cdd10 Exception <a 'java/lang/NoSuchMethodError'{0x0000000082eaa7c8}: 'void java.lang.invoke.DelegatingMethodHandle$Holder.delegate(java.lang.Object, java.lang.Object, int, java.lang.Object)'> (0x0000000082eaa7c8) 
thrown [s\src\hotspot\share\interpreter\linkResolver.cpp, line 774]
Event: 0.575 Thread 0x000001e9c51cdd10 Exception <a 'java/lang/NoSuchMethodError'{0x0000000082ecff20}: 'int java.lang.invoke.DirectMethodHandle$Holder.invokeStaticInit(java.lang.Object, java.lang.Object, java.lang.Object)'> (0x0000000082ecff20) 
thrown [s\src\hotspot\share\interpreter\linkResolver.cpp, line 774]
Event: 0.577 Thread 0x000001e9c51cdd10 Exception <a 'java/lang/NoSuchMethodError'{0x0000000082ed3b18}: 'int java.lang.invoke.DirectMethodHandle$Holder.invokeStaticInit(java.lang.Object, int, int)'> (0x0000000082ed3b18) 
thrown [s\src\hotspot\share\interpreter\linkResolver.cpp, line 774]
Event: 0.578 Thread 0x000001e9c51cdd10 Exception <a 'java/lang/NoSuchMethodError'{0x0000000082edb938}: 'int java.lang.invoke.DirectMethodHandle$Holder.invokeStaticInit(java.lang.Object, long, long)'> (0x0000000082edb938) 
thrown [s\src\hotspot\share\interpreter\linkResolver.cpp, line 774]
Event: 0.579 Thread 0x000001e9c51cdd10 Exception <a 'java/lang/NoSuchMethodError'{0x0000000082ee2a50}: 'int java.lang.invoke.DirectMethodHandle$Holder.invokeStaticInit(java.lang.Object, float, float)'> (0x0000000082ee2a50) 
thrown [s\src\hotspot\share\interpreter\linkResolver.cpp, line 774]
Event: 0.579 Thread 0x000001e9c51cdd10 Exception <a 'java/lang/NoSuchMethodError'{0x0000000082ee9db8}: 'int java.lang.invoke.DirectMethodHandle$Holder.invokeStaticInit(java.lang.Object, double, double)'> (0x0000000082ee9db8) 
thrown [s\src\hotspot\share\interpreter\linkResolver.cpp, line 774]
Event: 0.579 Thread 0x000001e9c51cdd10 Exception <a 'java/lang/NoSuchMethodError'{0x0000000082eee7d8}: 'int java.lang.invoke.DirectMethodHandle$Holder.invokeStatic(java.lang.Object, long)'> (0x0000000082eee7d8) 
thrown [s\src\hotspot\share\interpreter\linkResolver.cpp, line 774]

VM Operations (20 events):
Event: 0.307 Executing VM operation: G1CollectForAllocation done
Event: 0.334 Executing VM operation: G1CollectForAllocation
Event: 0.335 Executing VM operation: G1CollectForAllocation done
Event: 0.350 Executing VM operation: HandshakeAllThreads
Event: 0.350 Executing VM operation: HandshakeAllThreads done
Event: 0.361 Executing VM operation: G1CollectForAllocation
Event: 0.363 Executing VM operation: G1CollectForAllocation done
Event: 0.382 Executing VM operation: G1CollectForAllocation
Event: 0.384 Executing VM operation: G1CollectForAllocation done
Event: 0.404 Executing VM operation: G1CollectForAllocation
Event: 0.405 Executing VM operation: G1CollectForAllocation done
Event: 0.408 Executing VM operation: G1CollectForAllocation
Event: 0.410 Executing VM operation: G1CollectForAllocation done
Event: 0.457 Executing VM operation: G1CollectForAllocation
Event: 0.460 Executing VM operation: G1CollectForAllocation done
Event: 0.498 Executing VM operation: G1CollectForAllocation
Event: 0.504 Executing VM operation: G1CollectForAllocation done
Event: 0.509 Executing VM operation: G1CollectForAllocation
Event: 0.511 Executing VM operation: G1CollectForAllocation done
Event: 0.581 Executing VM operation: G1CollectForAllocation

Events (14 events):
Event: 0.014 Thread 0x000001e9c51cdd10 Thread added: 0x000001e9c51cdd10
Event: 0.023 Thread 0x000001e9e50479c0 Thread added: 0x000001e9e50479c0
Event: 0.023 Thread 0x000001e9e50484f0 Thread added: 0x000001e9e50484f0
Event: 0.023 Thread 0x000001e9e504f1d0 Thread added: 0x000001e9e504f1d0
Event: 0.023 Thread 0x000001e9e504fb00 Thread added: 0x000001e9e504fb00
Event: 0.023 Thread 0x000001e9e5052440 Thread added: 0x000001e9e5052440
Event: 0.023 Thread 0x000001e9e5061080 Thread added: 0x000001e9e5061080
Event: 0.023 Thread 0x000001e9e50544a0 Thread added: 0x000001e9e50544a0
Event: 0.023 Thread 0x000001e9e506cf40 Thread added: 0x000001e9e506cf40
Event: 0.023 Thread 0x000001e9e505db60 Thread added: 0x000001e9e505db60
Event: 0.039 Thread 0x000001e9e505e0b0 Thread added: 0x000001e9e505e0b0
Event: 0.053 Thread 0x000001e9e50605e0 Thread added: 0x000001e9e50605e0
Event: 0.344 Thread 0x000001e9e9b4eec0 Thread added: 0x000001e9e9b4eec0
Event: 0.369 Thread 0x000001e9e9970a90 Thread added: 0x000001e9e9970a90


Dynamic libraries:
0x00007ff788980000 - 0x00007ff788988000 	C:\Program Files\Zulu\zulu-19\bin\javac.exe
0x00007fff05350000 - 0x00007fff05564000 	C:\WINDOWS\SYSTEM32\ntdll.dll
0x00007fff04050000 - 0x00007fff04113000 	C:\WINDOWS\System32\KERNEL32.DLL
0x00007fff028a0000 - 0x00007fff02c3c000 	C:\WINDOWS\System32\KERNELBASE.dll
0x00007fff02ed0000 - 0x00007fff02fe1000 	C:\WINDOWS\System32\ucrtbase.dll
0x00007ffeef850000 - 0x00007ffeef86b000 	C:\Program Files\Zulu\zulu-19\bin\VCRUNTIME140.dll
0x00007ffefdbf0000 - 0x00007ffefdc07000 	C:\Program Files\Zulu\zulu-19\bin\jli.dll
0x00007fff04dd0000 - 0x00007fff04f7d000 	C:\WINDOWS\System32\USER32.dll
0x00007fff02d00000 - 0x00007fff02d26000 	C:\WINDOWS\System32\win32u.dll
0x00007fff03e50000 - 0x00007fff03e79000 	C:\WINDOWS\System32\GDI32.dll
0x00007fff02d30000 - 0x00007fff02e42000 	C:\WINDOWS\System32\gdi32full.dll
0x00007fff02800000 - 0x00007fff0289a000 	C:\WINDOWS\System32\msvcp_win.dll
0x00007ffee1bb0000 - 0x00007ffee1e3e000 	C:\WINDOWS\WinSxS\amd64_microsoft.windows.common-controls_6595b64144ccf1df_6.0.22621.608_none_a9444ca7c10bb01d\COMCTL32.dll
0x00007fff05260000 - 0x00007fff05307000 	C:\WINDOWS\System32\msvcrt.dll
0x00007fff04910000 - 0x00007fff04942000 	C:\WINDOWS\System32\IMM32.DLL
0x00007ffeff010000 - 0x00007ffeff01c000 	C:\Program Files\Zulu\zulu-19\bin\vcruntime140_1.dll
0x00007ffeef250000 - 0x00007ffeef2dd000 	C:\Program Files\Zulu\zulu-19\bin\msvcp140.dll
0x00007ffe86460000 - 0x00007ffe87167000 	C:\Program Files\Zulu\zulu-19\bin\server\jvm.dll
0x00007fff051b0000 - 0x00007fff0525e000 	C:\WINDOWS\System32\ADVAPI32.dll
0x00007fff03950000 - 0x00007fff039f4000 	C:\WINDOWS\System32\sechost.dll
0x00007fff05080000 - 0x00007fff05195000 	C:\WINDOWS\System32\RPCRT4.dll
0x00007ffefbf60000 - 0x00007ffefbf94000 	C:\WINDOWS\SYSTEM32\WINMM.dll
0x00007ffedad80000 - 0x00007ffedad89000 	C:\WINDOWS\SYSTEM32\WSOCK32.dll
0x00007ffefb890000 - 0x00007ffefb89a000 	C:\WINDOWS\SYSTEM32\VERSION.dll
0x00007fff04180000 - 0x00007fff041f1000 	C:\WINDOWS\System32\WS2_32.dll
0x00007fff018d0000 - 0x00007fff018e8000 	C:\WINDOWS\SYSTEM32\kernel.appcore.dll
0x00007ffeef840000 - 0x00007ffeef84a000 	C:\Program Files\Zulu\zulu-19\bin\jimage.dll
0x00007fff001a0000 - 0x00007fff003ce000 	C:\WINDOWS\SYSTEM32\DBGHELP.DLL
0x00007fff04350000 - 0x00007fff046da000 	C:\WINDOWS\System32\combase.dll
0x00007fff03a10000 - 0x00007fff03ae7000 	C:\WINDOWS\System32\OLEAUT32.dll
0x00007ffee9430000 - 0x00007ffee9462000 	C:\WINDOWS\SYSTEM32\dbgcore.DLL
0x00007fff02e50000 - 0x00007fff02ecb000 	C:\WINDOWS\System32\bcryptPrimitives.dll
0x00007ffeef810000 - 0x00007ffeef836000 	C:\Program Files\Zulu\zulu-19\bin\java.dll
0x00007ffeef170000 - 0x00007ffeef247000 	C:\Program Files\Zulu\zulu-19\bin\jsvml.dll
0x00007fff03160000 - 0x00007fff0394f000 	C:\WINDOWS\System32\SHELL32.dll
0x00007fff007c0000 - 0x00007fff01088000 	C:\WINDOWS\SYSTEM32\windows.storage.dll
0x00007fff00680000 - 0x00007fff007be000 	C:\WINDOWS\SYSTEM32\wintypes.dll
0x00007fff04f80000 - 0x00007fff05071000 	C:\WINDOWS\System32\SHCORE.dll
0x00007fff04120000 - 0x00007fff0417e000 	C:\WINDOWS\System32\shlwapi.dll
0x00007fff026c0000 - 0x00007fff026e1000 	C:\WINDOWS\SYSTEM32\profapi.dll
0x00007ffefcf70000 - 0x00007ffefcf83000 	C:\Program Files\Zulu\zulu-19\bin\net.dll
0x00007ffefbdc0000 - 0x00007ffefbeef000 	C:\WINDOWS\SYSTEM32\WINHTTP.dll
0x00007fff01d40000 - 0x00007fff01da9000 	C:\WINDOWS\system32\mswsock.dll
0x00007ffeef670000 - 0x00007ffeef686000 	C:\Program Files\Zulu\zulu-19\bin\nio.dll

dbghelp: loaded successfully - version: 4.0.5 - missing functions: none
symbol engine: initialized successfully - sym options: 0x614 - pdb path: .;C:\Program Files\Zulu\zulu-19\bin;C:\WINDOWS\SYSTEM32;C:\WINDOWS\WinSxS\amd64_microsoft.windows.common-controls_6595b64144ccf1df_6.0.22621.608_none_a9444ca7c10bb01d;C:\Program Files\Zulu\zulu-19\bin\server

VM Arguments:
jvm_args: -Dapplication.home=C:\Program Files\Zulu\zulu-19 --add-modules=ALL-DEFAULT -Xms8m -Djdk.module.main=jdk.compiler 
java_command: jdk.compiler/com.sun.tools.javac.Main -d C:\Users\ulise\Desktop\TEC\Algoritmos y estructura de datos I\BuscaMinas\ventana busca minas\build\classes -classpath C:\Users\ulise\Desktop\TEC\Algoritmos y estructura de datos I\BuscaMinas\ventana busca minas\build\classes -sourcepath C:\Users\ulise\Desktop\TEC\Algoritmos y estructura de datos I\BuscaMinas\ventana busca minas\src -target 19 -encoding UTF-8 -g -processorpath C:\Users\ulise\Desktop\TEC\Algoritmos y estructura de datos I\BuscaMinas\ventana busca minas\build\empty -s C:\Users\ulise\Desktop\TEC\Algoritmos y estructura de datos I\BuscaMinas\ventana busca minas\build\generated-sources\ap-source-output -source 19 C:\Users\ulise\Desktop\TEC\Algoritmos y estructura de datos I\BuscaMinas\ventana busca minas\src\ventana\busca\minas\Main.java
java_class_path (initial): <not set>
Launcher Type: SUN_STANDARD

[Global flags]
     intx CICompilerCount                          = 4                                         {product} {ergonomic}
     uint ConcGCThreads                            = 3                                         {product} {ergonomic}
     uint G1ConcRefinementThreads                  = 10                                        {product} {ergonomic}
   size_t G1HeapRegionSize                         = 1048576                                   {product} {ergonomic}
    uintx GCDrainStackTargetSize                   = 64                                        {product} {ergonomic}
   size_t InitialHeapSize                          = 8388608                                   {product} {command line}
   size_t MarkStackSize                            = 4194304                                   {product} {ergonomic}
   size_t MaxHeapSize                              = 2113929216                                {product} {ergonomic}
   size_t MaxNewSize                               = 1267728384                                {product} {ergonomic}
   size_t MinHeapDeltaBytes                        = 1048576                                   {product} {ergonomic}
   size_t MinHeapSize                              = 8388608                                   {product} {command line}
    uintx NonNMethodCodeHeapSize                   = 5839372                                {pd product} {ergonomic}
    uintx NonProfiledCodeHeapSize                  = 122909434                              {pd product} {ergonomic}
    uintx ProfiledCodeHeapSize                     = 122909434                              {pd product} {ergonomic}
    uintx ReservedCodeCacheSize                    = 251658240                              {pd product} {ergonomic}
     bool SegmentedCodeCache                       = true                                      {product} {ergonomic}
   size_t SoftMaxHeapSize                          = 2113929216                             {manageable} {ergonomic}
     bool UseCompressedClassPointers               = true                           {product lp64_product} {ergonomic}
     bool UseCompressedOops                        = true                           {product lp64_product} {ergonomic}
     bool UseG1GC                                  = true                                      {product} {ergonomic}
     bool UseLargePagesIndividualAllocation        = false                                  {pd product} {ergonomic}

Logging:
Log output configuration:
 #0: stdout all=warning uptime,level,tags foldmultilines=false
 #1: stderr all=off uptime,level,tags foldmultilines=false

Environment Variables:
PATH=C:\Program Files\Zulu\zulu-19\bin\;C:\Program Files\Common Files\Oracle\Java\javapath;C:\Program Files (x86)\Common Files\Oracle\Java\javapath;C:\Windows\system32;C:\Windows;C:\Windows\System32\Wbem;C:\Windows\System32\WindowsPowerShell\v1.0\;C:\Windows\System32\OpenSSH\;C:\Program Files (x86)\NVIDIA Corporation\PhysX\Common;C:\Program Files\NVIDIA Corporation\NVIDIA NvDLISR;C:\WINDOWS\system32;C:\WINDOWS;C:\WINDOWS\System32\Wbem;C:\WINDOWS\System32\WindowsPowerShell\v1.0\;C:\WINDOWS\System32\OpenSSH\;C:\Program Files\nodejs\;C:\Program Files\Git\cmd;C:\Users\ulise\AppData\Local\Microsoft\WindowsApps;C:\Users\ulise\AppData\Local\Programs\Microsoft VS Code\bin;C:\Users\ulise\AppData\Roaming\npm;C:\Users\ulise\AppData\Local\GitHubDesktop\bin
USERNAME=ulise
OS=Windows_NT
PROCESSOR_IDENTIFIER=Intel64 Family 6 Model 165 Stepping 2, GenuineIntel
TMP=C:\Users\ulise\AppData\Local\Temp
TEMP=C:\Users\ulise\AppData\Local\Temp



---------------  S Y S T E M  ---------------

OS:
 Windows 11 , 64 bit Build 22621 (10.0.22621.1194)
OS uptime: 0 days 8:05 hours

CPU: total 12 (initial active 12) (6 cores per cpu, 2 threads per core) family 6 model 165 stepping 2 microcode 0xe2, cx8, cmov, fxsr, ht, mmx, 3dnowpref, sse, sse2, sse3, ssse3, sse4.1, sse4.2, popcnt, lzcnt, tsc, tscinvbit, avx, avx2, aes, erms, clmul, bmi1, bmi2, adx, fma, vzeroupper, clflush, clflushopt, rdtscp

Memory: 4k page, system-wide physical 8059M (1039M free)
TotalPageFile size 12155M (AvailPageFile size 5M)
current process WorkingSet (physical memory assigned to process): 87M, peak: 90M
current process commit charge ("private bytes"): 128M, peak: 154M

vm_info: OpenJDK 64-Bit Server VM (19.0.2+7) for windows-amd64 JRE (19.0.2+7) (Zulu19.32+15-CA), built on Dec 28 2022 19:25:40 by "zulu_re" with MS VC++ 16.10 / 16.11 (VS2019)

END.
