#
# There is insufficient memory for the Java Runtime Environment to continue.
# Native memory allocation (mmap) failed to map 141557760 bytes for G1 virtual space
# Possible reasons:
#   The system is out of physical RAM or swap space
#   The process is running with CompressedOops enabled, and the Java Heap may be blocking the growth of the native heap
# Possible solutions:
#   Reduce memory load on the system
#   Increase physical memory or swap space
#   Check if swap backing store is full
#   Decrease Java heap size (-Xmx/-Xms)
#   Decrease number of Java threads
#   Decrease Java thread stack sizes (-Xss)
#   Set larger code cache with -XX:ReservedCodeCacheSize=
#   JVM is running with Unscaled Compressed Oops mode in which the Java heap is
#     placed in the first 4GB address space. The Java Heap base address is the
#     maximum limit for the native heap growth. Please use -XX:HeapBaseMinAddress
#     to set the Java Heap base and to place the Java Heap above 4GB virtual address.
# This output file may be truncated or incomplete.
#
#  Out of Memory Error (os_windows.cpp:3536), pid=11028, tid=16088
#
# JRE version: OpenJDK Runtime Environment Zulu19.32+15-CA (19.0.2+7) (build 19.0.2+7)
# Java VM: OpenJDK 64-Bit Server VM Zulu19.32+15-CA (19.0.2+7, mixed mode, sharing, tiered, compressed oops, compressed class ptrs, g1 gc, windows-amd64)
# No core dump will be written. Minidumps are not enabled by default on client versions of Windows
#

---------------  S U M M A R Y ------------

Command Line: -Dfile.encoding=UTF-8 GameMenuDemo

Host: Intel(R) Core(TM) i7-10750H CPU @ 2.60GHz, 12 cores, 7G,  Windows 11 , 64 bit Build 22621 (10.0.22621.1485)
Time: Mon Apr 10 18:50:46 2023 Hora estándar, América Central elapsed time: 9.302486 seconds (0d 0h 0m 9s)

---------------  T H R E A D  ---------------

Current thread (0x000002ae7fb805e0):  VMThread "VM Thread" [stack: 0x000000bd59b00000,0x000000bd59c00000] [id=16088]

Stack: [0x000000bd59b00000,0x000000bd59c00000]
Native frames: (J=compiled Java code, j=interpreted, Vv=VM code, C=native code)
V  [jvm.dll+0x6eab2a]
V  [jvm.dll+0x8a4a20]
V  [jvm.dll+0x8a640e]
V  [jvm.dll+0x8a6ac3]
V  [jvm.dll+0x27c1ef]
V  [jvm.dll+0x6e7929]
V  [jvm.dll+0x6dc3da]
V  [jvm.dll+0x3528ab]
V  [jvm.dll+0x35a266]
V  [jvm.dll+0x3b0a2e]
V  [jvm.dll+0x3b0c5f]
V  [jvm.dll+0x327e9a]
V  [jvm.dll+0x327f47]
V  [jvm.dll+0x370442]
V  [jvm.dll+0x36e8e4]
V  [jvm.dll+0x327660]
V  [jvm.dll+0x36de7b]
V  [jvm.dll+0x8abc13]
V  [jvm.dll+0x8ac9d9]
V  [jvm.dll+0x8acf0d]
V  [jvm.dll+0x8ad39b]
V  [jvm.dll+0x8ad457]
V  [jvm.dll+0x84ec7a]
V  [jvm.dll+0x6e981b]
C  [ucrtbase.dll+0x29363]
C  [KERNEL32.DLL+0x1269d]
C  [ntdll.dll+0x5a9f8]

VM_Operation (0x000000bd5ef5f220): G1CollectForAllocation, mode: safepoint, requested by thread 0x000002ae2308bc00


---------------  P R O C E S S  ---------------

Threads class SMR info:
_java_thread_list=0x000002ae2d8c27b0, length=34, elements={
0x000002ae7bd668a0, 0x000002ae7fb99a80, 0x000002ae7fb9c5c0, 0x000002ae7fba1370,
0x000002ae7fba1ca0, 0x000002ae7fba45e0, 0x000002ae7fbae4b0, 0x000002ae7fbb4b50,
0x000002ae7fbb64d0, 0x000002ae7fbaea00, 0x000002ae7fbaef50, 0x000002ae7fbaf4a0,
0x000002ae7fbada10, 0x000002ae7fbad4c0, 0x000002ae7fbaf9f0, 0x000002ae7fbacf70,
0x000002ae2308c6a0, 0x000002ae2308e680, 0x000002ae23089c20, 0x000002ae2308c150,
0x000002ae2308d690, 0x000002ae2308f670, 0x000002ae2308ac10, 0x000002ae230886e0,
0x000002ae2308b160, 0x000002ae2308a6c0, 0x000002ae2308e130, 0x000002ae2308a170,
0x000002ae2308ebd0, 0x000002ae2308f120, 0x000002ae2308cbf0, 0x000002ae2308bc00,
0x000002ae23090110, 0x000002ae2308d140
}

Java Threads: ( => current thread )
  0x000002ae7bd668a0 JavaThread "main" [_thread_blocked, id=23328, stack(0x000000bd59500000,0x000000bd59600000)]
  0x000002ae7fb99a80 JavaThread "Reference Handler" daemon [_thread_blocked, id=8932, stack(0x000000bd59c00000,0x000000bd59d00000)]
  0x000002ae7fb9c5c0 JavaThread "Finalizer" daemon [_thread_blocked, id=22356, stack(0x000000bd59d00000,0x000000bd59e00000)]
  0x000002ae7fba1370 JavaThread "Signal Dispatcher" daemon [_thread_blocked, id=9812, stack(0x000000bd59e00000,0x000000bd59f00000)]
  0x000002ae7fba1ca0 JavaThread "Attach Listener" daemon [_thread_blocked, id=7700, stack(0x000000bd59f00000,0x000000bd5a000000)]
  0x000002ae7fba45e0 JavaThread "Service Thread" daemon [_thread_blocked, id=7960, stack(0x000000bd5a000000,0x000000bd5a100000)]
  0x000002ae7fbae4b0 JavaThread "Monitor Deflation Thread" daemon [_thread_blocked, id=4124, stack(0x000000bd5a100000,0x000000bd5a200000)]
  0x000002ae7fbb4b50 JavaThread "C2 CompilerThread0" daemon [_thread_blocked, id=17652, stack(0x000000bd5a200000,0x000000bd5a300000)]
  0x000002ae7fbb64d0 JavaThread "C1 CompilerThread0" daemon [_thread_blocked, id=14864, stack(0x000000bd5a300000,0x000000bd5a400000)]
  0x000002ae7fbaea00 JavaThread "Sweeper thread" daemon [_thread_blocked, id=1916, stack(0x000000bd5a400000,0x000000bd5a500000)]
  0x000002ae7fbaef50 JavaThread "Notification Thread" daemon [_thread_blocked, id=8416, stack(0x000000bd5a500000,0x000000bd5a600000)]
  0x000002ae7fbaf4a0 JavaThread "Common-Cleaner" daemon [_thread_blocked, id=13360, stack(0x000000bd5a700000,0x000000bd5a800000)]
  0x000002ae7fbada10 JavaThread "QuantumRenderer-0" daemon [_thread_blocked, id=5748, stack(0x000000bd5a800000,0x000000bd5a900000)]
  0x000002ae7fbad4c0 JavaThread "InvokeLaterDispatcher" daemon [_thread_blocked, id=4688, stack(0x000000bd5aa00000,0x000000bd5ab00000)]
  0x000002ae7fbaf9f0 JavaThread "JavaFX Application Thread" [_thread_in_native, id=12428, stack(0x000000bd5ab00000,0x000000bd5ac00000)]
  0x000002ae7fbacf70 JavaThread "JavaFX-Launcher" [_thread_blocked, id=6132, stack(0x000000bd5ae00000,0x000000bd5af00000)]
  0x000002ae2308c6a0 JavaThread "Thread-2" daemon [_thread_blocked, id=10656, stack(0x000000bd5ad00000,0x000000bd5ae00000)]
  0x000002ae2308e680 JavaThread "Prism Font Disposer" daemon [_thread_blocked, id=2020, stack(0x000000bd5af00000,0x000000bd5b000000)]
  0x000002ae23089c20 JavaThread "JFXMedia Player EventQueueThread" daemon [_thread_blocked, id=11468, stack(0x000000bd5b800000,0x000000bd5b900000)]
  0x000002ae2308c150 JavaThread "Media Resource Disposer" daemon [_thread_blocked, id=12256, stack(0x000000bd5bd00000,0x000000bd5be00000)]
  0x000002ae2308d690 JavaThread "JFXMedia Player EventQueueThread" daemon [_thread_blocked, id=11192, stack(0x000000bd5ca50000,0x000000bd5cb50000)]
  0x000002ae2308f670 JavaThread "Thread-123" daemon [_thread_blocked, id=19128, stack(0x000000bd5d150000,0x000000bd5d250000)]
  0x000002ae2308ac10 JavaThread "Thread-124" daemon [_thread_blocked, id=19520, stack(0x000000bd5d250000,0x000000bd5d350000)]
  0x000002ae230886e0 JavaThread "Cleaner-0" daemon [_thread_blocked, id=20724, stack(0x000000bd5d460000,0x000000bd5d560000)]
  0x000002ae2308b160 JavaThread "Timer-2" daemon [_thread_blocked, id=10244, stack(0x000000bd5d560000,0x000000bd5d660000)]
  0x000002ae2308a6c0 JavaThread "JFXMedia Player EventQueueThread" daemon [_thread_blocked, id=15736, stack(0x000000bd5d050000,0x000000bd5d150000)]
  0x000002ae2308e130 JavaThread "JFXMedia Player EventQueueThread" daemon [_thread_blocked, id=14848, stack(0x000000bd5da60000,0x000000bd5db60000)]
  0x000002ae2308a170 JavaThread "JFXMedia Player EventQueueThread" daemon [_thread_blocked, id=8080, stack(0x000000bd5dc60000,0x000000bd5dd60000)]
  0x000002ae2308ebd0 JavaThread "JFXMedia Player EventQueueThread" daemon [_thread_blocked, id=14252, stack(0x000000bd5db60000,0x000000bd5dc60000)]
  0x000002ae2308f120 JavaThread "JFXMedia Player EventQueueThread" daemon [_thread_blocked, id=20424, stack(0x000000bd5e960000,0x000000bd5ea60000)]
  0x000002ae2308cbf0 JavaThread "Timer-6" daemon [_thread_blocked, id=13792, stack(0x000000bd5d350000,0x000000bd5d450000)]
  0x000002ae2308bc00 JavaThread "Thread-761" daemon [_thread_blocked, id=7816, stack(0x000000bd5ee60000,0x000000bd5ef60000)]
  0x000002ae23090110 JavaThread "Thread-762" daemon [_thread_blocked, id=6448, stack(0x000000bd5ef60000,0x000000bd5f060000)]
  0x000002ae2308d140 JavaThread "Timer-7" [_thread_blocked, id=4104, stack(0x000000bd5f060000,0x000000bd5f160000)]

Other Threads:
=>0x000002ae7fb805e0 VMThread "VM Thread" [stack: 0x000000bd59b00000,0x000000bd59c00000] [id=16088]
  0x000002ae22513ef0 WatcherThread "VM Periodic Task Thread" [stack: 0x000000bd5a600000,0x000000bd5a700000] [id=19232]
  0x000002ae7bdc76c0 WorkerThread "GC Thread#0" [stack: 0x000000bd59600000,0x000000bd59700000] [id=2492]
  0x000002ae23271060 WorkerThread "GC Thread#1" [stack: 0x000000bd5c150000,0x000000bd5c250000] [id=22400]
  0x000002ae232729b0 WorkerThread "GC Thread#2" [stack: 0x000000bd5c250000,0x000000bd5c350000] [id=17808]
  0x000002ae23271330 WorkerThread "GC Thread#3" [stack: 0x000000bd5c350000,0x000000bd5c450000] [id=21668]
  0x000002ae23271600 WorkerThread "GC Thread#4" [stack: 0x000000bd5c450000,0x000000bd5c550000] [id=19896]
  0x000002ae23271e70 WorkerThread "GC Thread#5" [stack: 0x000000bd5c550000,0x000000bd5c650000] [id=18940]
  0x000002ae23272140 WorkerThread "GC Thread#6" [stack: 0x000000bd5c650000,0x000000bd5c750000] [id=15588]
  0x000002ae23272410 WorkerThread "GC Thread#7" [stack: 0x000000bd5c750000,0x000000bd5c850000] [id=21160]
  0x000002ae2cd58260 WorkerThread "GC Thread#8" [stack: 0x000000bd5c850000,0x000000bd5c950000] [id=3332]
  0x000002ae2cd5ac90 WorkerThread "GC Thread#9" [stack: 0x000000bd5c950000,0x000000bd5ca50000] [id=20888]
  0x000002ae7bdd84c0 ConcurrentGCThread "G1 Main Marker" [stack: 0x000000bd59700000,0x000000bd59800000] [id=5132]
  0x000002ae7bdd9f40 WorkerThread "G1 Conc#0" [stack: 0x000000bd59800000,0x000000bd59900000] [id=10092]
  0x000002ae7fa3d530 ConcurrentGCThread "G1 Refine#0" [stack: 0x000000bd59900000,0x000000bd59a00000] [id=12212]
  0x000002ae7be2e4a0 ConcurrentGCThread "G1 Service" [stack: 0x000000bd59a00000,0x000000bd59b00000] [id=23168]

Threads with active compile tasks:
C2 CompilerThread0     9321 4557       4       javafx.scene.CssStyleHelper::resolveLookups (463 bytes)

VM state: at safepoint (normal execution)

VM Mutex/Monitor currently owned by a thread:  ([mutex/lock_event])
[0x000002ae7bd637d0] Threads_lock - owner thread: 0x000002ae7fb805e0
[0x000002ae7bd62780] Heap_lock - owner thread: 0x000002ae2308bc00

Heap address: 0x0000000081600000, size: 2026 MB, Compressed Oops mode: 32-bit

CDS archive(s) mapped at: [0x0000000800000000-0x0000000800c40000-0x0000000800c40000), size 12845056, SharedBaseAddress: 0x0000000800000000, ArchiveRelocationMode: 0.
Compressed class space mapped at: 0x0000000801000000-0x0000000841000000, reserved size: 1073741824
Narrow klass base: 0x0000000800000000, Narrow klass shift: 0, Narrow klass range: 0x100000000

GC Precious Log:
 CardTable entry size: 512
 Card Set container configuration: InlinePtr #cards 5 size 8 Array Of Cards #cards 12 size 40 Howl #buckets 4 coarsen threshold 1843 Howl Bitmap #cards 512 size 80 coarsen threshold 460 Card regions per heap region 1 cards per card region 2048
 CPUs: 12 total, 12 available
 Memory: 8099M
 Large Page Support: Disabled
 NUMA Support: Disabled
 Compressed Oops: Enabled (32-bit)
 Heap Region Size: 1M
 Heap Min Capacity: 8M
 Heap Initial Capacity: 128M
 Heap Max Capacity: 2026M
 Pre-touch: Disabled
 Parallel Workers: 10
 Concurrent Workers: 3
 Concurrent Refinement Workers: 10
 Periodic GC: Disabled

Heap:
 garbage-first heap   total 262144K, used 24572K [0x0000000081600000, 0x0000000100000000)
  region size 1024K, 4 young (4096K), 4 survivors (4096K)
 Metaspace       used 15194K, committed 15552K, reserved 1114112K
  class space    used 1978K, committed 2176K, reserved 1048576K

Heap Regions: E=young(eden), S=young(survivor), O=old, HS=humongous(starts), HC=humongous(continues), CS=collection set, F=free, OA=open archive, CA=closed archive, TAMS=top-at-mark-start (previous, next)
|   0|0x0000000081600000, 0x0000000081700000, 0x0000000081700000|100%|HS|  |TAMS 0x0000000081600000, 0x0000000081600000| Complete 
|   1|0x0000000081700000, 0x0000000081800000, 0x0000000081800000|100%|HC|  |TAMS 0x0000000081700000, 0x0000000081700000| Complete 
|   2|0x0000000081800000, 0x0000000081900000, 0x0000000081900000|100%|HC|  |TAMS 0x0000000081800000, 0x0000000081800000| Complete 
|   3|0x0000000081900000, 0x0000000081a00000, 0x0000000081a00000|100%|HC|  |TAMS 0x0000000081900000, 0x0000000081900000| Complete 
|   4|0x0000000081a00000, 0x0000000081b00000, 0x0000000081b00000|100%|HC|  |TAMS 0x0000000081a00000, 0x0000000081a00000| Complete 
|   5|0x0000000081b00000, 0x0000000081c00000, 0x0000000081c00000|100%|HC|  |TAMS 0x0000000081b00000, 0x0000000081b00000| Complete 
|   6|0x0000000081c00000, 0x0000000081d00000, 0x0000000081d00000|100%|HC|  |TAMS 0x0000000081c00000, 0x0000000081c00000| Complete 
|   7|0x0000000081d00000, 0x0000000081e00000, 0x0000000081e00000|100%|HC|  |TAMS 0x0000000081d00000, 0x0000000081d00000| Complete 
|   8|0x0000000081e00000, 0x0000000081f00000, 0x0000000081f00000|100%| O|  |TAMS 0x0000000081e00000, 0x0000000081e00000| Untracked 
|   9|0x0000000081f00000, 0x0000000082000000, 0x0000000082000000|100%|HS|  |TAMS 0x0000000081f00000, 0x0000000081f00000| Complete 
|  10|0x0000000082000000, 0x0000000082100000, 0x0000000082100000|100%|HS|  |TAMS 0x0000000082000000, 0x0000000082000000| Complete 
|  11|0x0000000082100000, 0x0000000082200000, 0x0000000082200000|100%|HC|  |TAMS 0x0000000082100000, 0x0000000082100000| Complete 
|  12|0x0000000082200000, 0x0000000082300000, 0x0000000082300000|100%| O|  |TAMS 0x0000000082200000, 0x0000000082200000| Untracked 
|  13|0x0000000082300000, 0x0000000082400000, 0x0000000082400000|100%| O|  |TAMS 0x0000000082300000, 0x0000000082300000| Untracked 
|  14|0x0000000082400000, 0x0000000082500000, 0x0000000082500000|100%| O|  |TAMS 0x0000000082400000, 0x0000000082400000| Untracked 
|  15|0x0000000082500000, 0x0000000082600000, 0x0000000082600000|100%| O|  |TAMS 0x0000000082500000, 0x0000000082500000| Untracked 
|  16|0x0000000082600000, 0x0000000082700000, 0x0000000082700000|100%| O|  |TAMS 0x0000000082600000, 0x0000000082600000| Untracked 
|  17|0x0000000082700000, 0x0000000082800000, 0x0000000082800000|100%| O|  |TAMS 0x0000000082700000, 0x0000000082700000| Untracked 
|  18|0x0000000082800000, 0x0000000082900000, 0x0000000082900000|100%| O|  |TAMS 0x0000000082800000, 0x0000000082800000| Untracked 
|  19|0x0000000082900000, 0x0000000082923a00, 0x0000000082a00000| 13%| O|  |TAMS 0x0000000082900000, 0x0000000082900000| Untracked 
|  20|0x0000000082a00000, 0x0000000082b00000, 0x0000000082b00000|100%|HS|  |TAMS 0x0000000082a00000, 0x0000000082a00000| Complete 
|  21|0x0000000082b00000, 0x0000000082b00000, 0x0000000082c00000|  0%| F|  |TAMS 0x0000000082b00000, 0x0000000082b00000| Untracked 
|  22|0x0000000082c00000, 0x0000000082c00000, 0x0000000082d00000|  0%| F|  |TAMS 0x0000000082c00000, 0x0000000082c00000| Untracked 
|  23|0x0000000082d00000, 0x0000000082d00000, 0x0000000082e00000|  0%| F|  |TAMS 0x0000000082d00000, 0x0000000082d00000| Untracked 
|  24|0x0000000082e00000, 0x0000000082e00000, 0x0000000082f00000|  0%| F|  |TAMS 0x0000000082e00000, 0x0000000082e00000| Untracked 
|  25|0x0000000082f00000, 0x0000000082f00000, 0x0000000083000000|  0%| F|  |TAMS 0x0000000082f00000, 0x0000000082f00000| Untracked 
|  26|0x0000000083000000, 0x0000000083000000, 0x0000000083100000|  0%| F|  |TAMS 0x0000000083000000, 0x0000000083000000| Untracked 
|  27|0x0000000083100000, 0x0000000083100000, 0x0000000083200000|  0%| F|  |TAMS 0x0000000083100000, 0x0000000083100000| Untracked 
|  28|0x0000000083200000, 0x0000000083200000, 0x0000000083300000|  0%| F|  |TAMS 0x0000000083200000, 0x0000000083200000| Untracked 
|  29|0x0000000083300000, 0x0000000083300000, 0x0000000083400000|  0%| F|  |TAMS 0x0000000083300000, 0x0000000083300000| Untracked 
|  30|0x0000000083400000, 0x0000000083400000, 0x0000000083500000|  0%| F|  |TAMS 0x0000000083400000, 0x0000000083400000| Untracked 
|  31|0x0000000083500000, 0x0000000083500000, 0x0000000083600000|  0%| F|  |TAMS 0x0000000083500000, 0x0000000083500000| Untracked 
|  32|0x0000000083600000, 0x0000000083600000, 0x0000000083700000|  0%| F|  |TAMS 0x0000000083600000, 0x0000000083600000| Untracked 
|  33|0x0000000083700000, 0x0000000083700000, 0x0000000083800000|  0%| F|  |TAMS 0x0000000083700000, 0x0000000083700000| Untracked 
|  34|0x0000000083800000, 0x0000000083800000, 0x0000000083900000|  0%| F|  |TAMS 0x0000000083800000, 0x0000000083800000| Untracked 
|  35|0x0000000083900000, 0x0000000083900000, 0x0000000083a00000|  0%| F|  |TAMS 0x0000000083900000, 0x0000000083900000| Untracked 
|  36|0x0000000083a00000, 0x0000000083a00000, 0x0000000083b00000|  0%| F|  |TAMS 0x0000000083a00000, 0x0000000083a00000| Untracked 
|  37|0x0000000083b00000, 0x0000000083b00000, 0x0000000083c00000|  0%| F|  |TAMS 0x0000000083b00000, 0x0000000083b00000| Untracked 
|  38|0x0000000083c00000, 0x0000000083c00000, 0x0000000083d00000|  0%| F|  |TAMS 0x0000000083c00000, 0x0000000083c00000| Untracked 
|  39|0x0000000083d00000, 0x0000000083d00000, 0x0000000083e00000|  0%| F|  |TAMS 0x0000000083d00000, 0x0000000083d00000| Untracked 
|  40|0x0000000083e00000, 0x0000000083e00000, 0x0000000083f00000|  0%| F|  |TAMS 0x0000000083e00000, 0x0000000083e00000| Untracked 
|  41|0x0000000083f00000, 0x0000000083f00000, 0x0000000084000000|  0%| F|  |TAMS 0x0000000083f00000, 0x0000000083f00000| Untracked 
|  42|0x0000000084000000, 0x0000000084000000, 0x0000000084100000|  0%| F|  |TAMS 0x0000000084000000, 0x0000000084000000| Untracked 
|  43|0x0000000084100000, 0x0000000084100000, 0x0000000084200000|  0%| F|  |TAMS 0x0000000084100000, 0x0000000084100000| Untracked 
|  44|0x0000000084200000, 0x0000000084200000, 0x0000000084300000|  0%| F|  |TAMS 0x0000000084200000, 0x0000000084200000| Untracked 
|  45|0x0000000084300000, 0x0000000084300000, 0x0000000084400000|  0%| F|  |TAMS 0x0000000084300000, 0x0000000084300000| Untracked 
|  46|0x0000000084400000, 0x0000000084400000, 0x0000000084500000|  0%| F|  |TAMS 0x0000000084400000, 0x0000000084400000| Untracked 
|  47|0x0000000084500000, 0x0000000084500000, 0x0000000084600000|  0%| F|  |TAMS 0x0000000084500000, 0x0000000084500000| Untracked 
|  48|0x0000000084600000, 0x0000000084600000, 0x0000000084700000|  0%| F|  |TAMS 0x0000000084600000, 0x0000000084600000| Untracked 
|  49|0x0000000084700000, 0x0000000084700000, 0x0000000084800000|  0%| F|  |TAMS 0x0000000084700000, 0x0000000084700000| Untracked 
|  50|0x0000000084800000, 0x0000000084800000, 0x0000000084900000|  0%| F|  |TAMS 0x0000000084800000, 0x0000000084800000| Untracked 
|  51|0x0000000084900000, 0x0000000084900000, 0x0000000084a00000|  0%| F|  |TAMS 0x0000000084900000, 0x0000000084900000| Untracked 
|  52|0x0000000084a00000, 0x0000000084a00000, 0x0000000084b00000|  0%| F|  |TAMS 0x0000000084a00000, 0x0000000084a00000| Untracked 
|  53|0x0000000084b00000, 0x0000000084b00000, 0x0000000084c00000|  0%| F|  |TAMS 0x0000000084b00000, 0x0000000084b00000| Untracked 
|  54|0x0000000084c00000, 0x0000000084c00000, 0x0000000084d00000|  0%| F|  |TAMS 0x0000000084c00000, 0x0000000084c00000| Untracked 
|  55|0x0000000084d00000, 0x0000000084d00000, 0x0000000084e00000|  0%| F|  |TAMS 0x0000000084d00000, 0x0000000084d00000| Untracked 
|  56|0x0000000084e00000, 0x0000000084e00000, 0x0000000084f00000|  0%| F|  |TAMS 0x0000000084e00000, 0x0000000084e00000| Untracked 
|  57|0x0000000084f00000, 0x0000000084f00000, 0x0000000085000000|  0%| F|  |TAMS 0x0000000084f00000, 0x0000000084f00000| Untracked 
|  58|0x0000000085000000, 0x0000000085000000, 0x0000000085100000|  0%| F|  |TAMS 0x0000000085000000, 0x0000000085000000| Untracked 
|  59|0x0000000085100000, 0x0000000085100000, 0x0000000085200000|  0%| F|  |TAMS 0x0000000085100000, 0x0000000085100000| Untracked 
|  60|0x0000000085200000, 0x0000000085200000, 0x0000000085300000|  0%| F|  |TAMS 0x0000000085200000, 0x0000000085200000| Untracked 
|  61|0x0000000085300000, 0x0000000085300000, 0x0000000085400000|  0%| F|  |TAMS 0x0000000085300000, 0x0000000085300000| Untracked 
|  62|0x0000000085400000, 0x0000000085400000, 0x0000000085500000|  0%| F|  |TAMS 0x0000000085400000, 0x0000000085400000| Untracked 
|  63|0x0000000085500000, 0x0000000085500000, 0x0000000085600000|  0%| F|  |TAMS 0x0000000085500000, 0x0000000085500000| Untracked 
|  64|0x0000000085600000, 0x0000000085600000, 0x0000000085700000|  0%| F|  |TAMS 0x0000000085600000, 0x0000000085600000| Untracked 
|  65|0x0000000085700000, 0x0000000085700000, 0x0000000085800000|  0%| F|  |TAMS 0x0000000085700000, 0x0000000085700000| Untracked 
|  66|0x0000000085800000, 0x0000000085800000, 0x0000000085900000|  0%| F|  |TAMS 0x0000000085800000, 0x0000000085800000| Untracked 
|  67|0x0000000085900000, 0x0000000085900000, 0x0000000085a00000|  0%| F|  |TAMS 0x0000000085900000, 0x0000000085900000| Untracked 
|  68|0x0000000085a00000, 0x0000000085a00000, 0x0000000085b00000|  0%| F|  |TAMS 0x0000000085a00000, 0x0000000085a00000| Untracked 
|  69|0x0000000085b00000, 0x0000000085b00000, 0x0000000085c00000|  0%| F|  |TAMS 0x0000000085b00000, 0x0000000085b00000| Untracked 
|  70|0x0000000085c00000, 0x0000000085c00000, 0x0000000085d00000|  0%| F|  |TAMS 0x0000000085c00000, 0x0000000085c00000| Untracked 
|  71|0x0000000085d00000, 0x0000000085d00000, 0x0000000085e00000|  0%| F|  |TAMS 0x0000000085d00000, 0x0000000085d00000| Untracked 
|  72|0x0000000085e00000, 0x0000000085e00000, 0x0000000085f00000|  0%| F|  |TAMS 0x0000000085e00000, 0x0000000085e00000| Untracked 
|  73|0x0000000085f00000, 0x0000000085f00000, 0x0000000086000000|  0%| F|  |TAMS 0x0000000085f00000, 0x0000000085f00000| Untracked 
|  74|0x0000000086000000, 0x0000000086000000, 0x0000000086100000|  0%| F|  |TAMS 0x0000000086000000, 0x0000000086000000| Untracked 
|  75|0x0000000086100000, 0x0000000086100000, 0x0000000086200000|  0%| F|  |TAMS 0x0000000086100000, 0x0000000086100000| Untracked 
|  76|0x0000000086200000, 0x0000000086200000, 0x0000000086300000|  0%| F|  |TAMS 0x0000000086200000, 0x0000000086200000| Untracked 
|  77|0x0000000086300000, 0x0000000086300000, 0x0000000086400000|  0%| F|  |TAMS 0x0000000086300000, 0x0000000086300000| Untracked 
|  78|0x0000000086400000, 0x0000000086400000, 0x0000000086500000|  0%| F|  |TAMS 0x0000000086400000, 0x0000000086400000| Untracked 
|  79|0x0000000086500000, 0x0000000086500000, 0x0000000086600000|  0%| F|  |TAMS 0x0000000086500000, 0x0000000086500000| Untracked 
|  80|0x0000000086600000, 0x0000000086600000, 0x0000000086700000|  0%| F|  |TAMS 0x0000000086600000, 0x0000000086600000| Untracked 
|  81|0x0000000086700000, 0x0000000086700000, 0x0000000086800000|  0%| F|  |TAMS 0x0000000086700000, 0x0000000086700000| Untracked 
|  82|0x0000000086800000, 0x0000000086800000, 0x0000000086900000|  0%| F|  |TAMS 0x0000000086800000, 0x0000000086800000| Untracked 
|  83|0x0000000086900000, 0x0000000086900000, 0x0000000086a00000|  0%| F|  |TAMS 0x0000000086900000, 0x0000000086900000| Untracked 
|  84|0x0000000086a00000, 0x0000000086a00000, 0x0000000086b00000|  0%| F|  |TAMS 0x0000000086a00000, 0x0000000086a00000| Untracked 
|  85|0x0000000086b00000, 0x0000000086b00000, 0x0000000086c00000|  0%| F|  |TAMS 0x0000000086b00000, 0x0000000086b00000| Untracked 
|  86|0x0000000086c00000, 0x0000000086c00000, 0x0000000086d00000|  0%| F|  |TAMS 0x0000000086c00000, 0x0000000086c00000| Untracked 
|  87|0x0000000086d00000, 0x0000000086d00000, 0x0000000086e00000|  0%| F|  |TAMS 0x0000000086d00000, 0x0000000086d00000| Untracked 
|  88|0x0000000086e00000, 0x0000000086e00000, 0x0000000086f00000|  0%| F|  |TAMS 0x0000000086e00000, 0x0000000086e00000| Untracked 
|  89|0x0000000086f00000, 0x0000000086f00000, 0x0000000087000000|  0%| F|  |TAMS 0x0000000086f00000, 0x0000000086f00000| Untracked 
|  90|0x0000000087000000, 0x0000000087000000, 0x0000000087100000|  0%| F|  |TAMS 0x0000000087000000, 0x0000000087000000| Untracked 
|  91|0x0000000087100000, 0x0000000087100000, 0x0000000087200000|  0%| F|  |TAMS 0x0000000087100000, 0x0000000087100000| Untracked 
|  92|0x0000000087200000, 0x0000000087200000, 0x0000000087300000|  0%| F|  |TAMS 0x0000000087200000, 0x0000000087200000| Untracked 
|  93|0x0000000087300000, 0x0000000087300000, 0x0000000087400000|  0%| F|  |TAMS 0x0000000087300000, 0x0000000087300000| Untracked 
|  94|0x0000000087400000, 0x0000000087400000, 0x0000000087500000|  0%| F|  |TAMS 0x0000000087400000, 0x0000000087400000| Untracked 
|  95|0x0000000087500000, 0x0000000087500000, 0x0000000087600000|  0%| F|  |TAMS 0x0000000087500000, 0x0000000087500000| Untracked 
|  96|0x0000000087600000, 0x0000000087600000, 0x0000000087700000|  0%| F|  |TAMS 0x0000000087600000, 0x0000000087600000| Untracked 
|  97|0x0000000087700000, 0x0000000087700000, 0x0000000087800000|  0%| F|  |TAMS 0x0000000087700000, 0x0000000087700000| Untracked 
|  98|0x0000000087800000, 0x0000000087800000, 0x0000000087900000|  0%| F|  |TAMS 0x0000000087800000, 0x0000000087800000| Untracked 
|  99|0x0000000087900000, 0x0000000087900000, 0x0000000087a00000|  0%| F|  |TAMS 0x0000000087900000, 0x0000000087900000| Untracked 
| 100|0x0000000087a00000, 0x0000000087a00000, 0x0000000087b00000|  0%| F|  |TAMS 0x0000000087a00000, 0x0000000087a00000| Untracked 
| 101|0x0000000087b00000, 0x0000000087b00000, 0x0000000087c00000|  0%| F|  |TAMS 0x0000000087b00000, 0x0000000087b00000| Untracked 
| 102|0x0000000087c00000, 0x0000000087cdb700, 0x0000000087d00000| 85%| S|CS|TAMS 0x0000000087c00000, 0x0000000087c00000| Complete 
| 103|0x0000000087d00000, 0x0000000087e00000, 0x0000000087e00000|100%| S|CS|TAMS 0x0000000087d00000, 0x0000000087d00000| Complete 
| 104|0x0000000087e00000, 0x0000000087f00000, 0x0000000087f00000|100%| S|CS|TAMS 0x0000000087e00000, 0x0000000087e00000| Complete 
| 105|0x0000000087f00000, 0x0000000088000000, 0x0000000088000000|100%| S|CS|TAMS 0x0000000087f00000, 0x0000000087f00000| Complete 
| 106|0x0000000088000000, 0x0000000088000000, 0x0000000088100000|  0%| F|  |TAMS 0x0000000088000000, 0x0000000088000000| Untracked 
| 107|0x0000000088100000, 0x0000000088100000, 0x0000000088200000|  0%| F|  |TAMS 0x0000000088100000, 0x0000000088100000| Untracked 
| 108|0x0000000088200000, 0x0000000088200000, 0x0000000088300000|  0%| F|  |TAMS 0x0000000088200000, 0x0000000088200000| Untracked 
| 109|0x0000000088300000, 0x0000000088300000, 0x0000000088400000|  0%| F|  |TAMS 0x0000000088300000, 0x0000000088300000| Untracked 
| 110|0x0000000088400000, 0x0000000088400000, 0x0000000088500000|  0%| F|  |TAMS 0x0000000088400000, 0x0000000088400000| Untracked 
| 111|0x0000000088500000, 0x0000000088500000, 0x0000000088600000|  0%| F|  |TAMS 0x0000000088500000, 0x0000000088500000| Untracked 
| 112|0x0000000088600000, 0x0000000088600000, 0x0000000088700000|  0%| F|  |TAMS 0x0000000088600000, 0x0000000088600000| Untracked 
| 113|0x0000000088700000, 0x0000000088700000, 0x0000000088800000|  0%| F|  |TAMS 0x0000000088700000, 0x0000000088700000| Untracked 
| 114|0x0000000088800000, 0x0000000088800000, 0x0000000088900000|  0%| F|  |TAMS 0x0000000088800000, 0x0000000088800000| Untracked 
| 115|0x0000000088900000, 0x0000000088900000, 0x0000000088a00000|  0%| F|  |TAMS 0x0000000088900000, 0x0000000088900000| Untracked 
| 116|0x0000000088a00000, 0x0000000088a00000, 0x0000000088b00000|  0%| F|  |TAMS 0x0000000088a00000, 0x0000000088a00000| Untracked 
| 117|0x0000000088b00000, 0x0000000088b00000, 0x0000000088c00000|  0%| F|  |TAMS 0x0000000088b00000, 0x0000000088b00000| Untracked 
| 118|0x0000000088c00000, 0x0000000088c00000, 0x0000000088d00000|  0%| F|  |TAMS 0x0000000088c00000, 0x0000000088c00000| Untracked 
| 119|0x0000000088d00000, 0x0000000088d00000, 0x0000000088e00000|  0%| F|  |TAMS 0x0000000088d00000, 0x0000000088d00000| Untracked 
| 120|0x0000000088e00000, 0x0000000088e00000, 0x0000000088f00000|  0%| F|  |TAMS 0x0000000088e00000, 0x0000000088e00000| Untracked 
| 121|0x0000000088f00000, 0x0000000088f00000, 0x0000000089000000|  0%| F|  |TAMS 0x0000000088f00000, 0x0000000088f00000| Untracked 
| 122|0x0000000089000000, 0x0000000089000000, 0x0000000089100000|  0%| F|  |TAMS 0x0000000089000000, 0x0000000089000000| Untracked 
| 123|0x0000000089100000, 0x0000000089100000, 0x0000000089200000|  0%| F|  |TAMS 0x0000000089100000, 0x0000000089100000| Untracked 
| 124|0x0000000089200000, 0x0000000089200000, 0x0000000089300000|  0%| F|  |TAMS 0x0000000089200000, 0x0000000089200000| Untracked 
| 125|0x0000000089300000, 0x0000000089300000, 0x0000000089400000|  0%| F|  |TAMS 0x0000000089300000, 0x0000000089300000| Untracked 
| 126|0x0000000089400000, 0x0000000089400000, 0x0000000089500000|  0%| F|  |TAMS 0x0000000089400000, 0x0000000089400000| Untracked 
| 127|0x0000000089500000, 0x0000000089500000, 0x0000000089600000|  0%| F|  |TAMS 0x0000000089500000, 0x0000000089500000| Untracked 
| 128|0x0000000089600000, 0x0000000089600000, 0x0000000089700000|  0%| F|  |TAMS 0x0000000089600000, 0x0000000089600000| Untracked 
| 129|0x0000000089700000, 0x0000000089700000, 0x0000000089800000|  0%| F|  |TAMS 0x0000000089700000, 0x0000000089700000| Untracked 
| 130|0x0000000089800000, 0x0000000089800000, 0x0000000089900000|  0%| F|  |TAMS 0x0000000089800000, 0x0000000089800000| Untracked 
| 131|0x0000000089900000, 0x0000000089900000, 0x0000000089a00000|  0%| F|  |TAMS 0x0000000089900000, 0x0000000089900000| Untracked 
| 132|0x0000000089a00000, 0x0000000089a00000, 0x0000000089b00000|  0%| F|  |TAMS 0x0000000089a00000, 0x0000000089a00000| Untracked 
| 133|0x0000000089b00000, 0x0000000089b00000, 0x0000000089c00000|  0%| F|  |TAMS 0x0000000089b00000, 0x0000000089b00000| Untracked 
| 134|0x0000000089c00000, 0x0000000089c00000, 0x0000000089d00000|  0%| F|  |TAMS 0x0000000089c00000, 0x0000000089c00000| Untracked 
| 135|0x0000000089d00000, 0x0000000089d00000, 0x0000000089e00000|  0%| F|  |TAMS 0x0000000089d00000, 0x0000000089d00000| Untracked 
| 136|0x0000000089e00000, 0x0000000089e00000, 0x0000000089f00000|  0%| F|  |TAMS 0x0000000089e00000, 0x0000000089e00000| Untracked 
| 137|0x0000000089f00000, 0x0000000089f00000, 0x000000008a000000|  0%| F|  |TAMS 0x0000000089f00000, 0x0000000089f00000| Untracked 
| 138|0x000000008a000000, 0x000000008a000000, 0x000000008a100000|  0%| F|  |TAMS 0x000000008a000000, 0x000000008a000000| Untracked 
| 139|0x000000008a100000, 0x000000008a100000, 0x000000008a200000|  0%| F|  |TAMS 0x000000008a100000, 0x000000008a100000| Untracked 
| 140|0x000000008a200000, 0x000000008a200000, 0x000000008a300000|  0%| F|  |TAMS 0x000000008a200000, 0x000000008a200000| Untracked 
| 141|0x000000008a300000, 0x000000008a300000, 0x000000008a400000|  0%| F|  |TAMS 0x000000008a300000, 0x000000008a300000| Untracked 
| 142|0x000000008a400000, 0x000000008a400000, 0x000000008a500000|  0%| F|  |TAMS 0x000000008a400000, 0x000000008a400000| Untracked 
| 143|0x000000008a500000, 0x000000008a500000, 0x000000008a600000|  0%| F|  |TAMS 0x000000008a500000, 0x000000008a500000| Untracked 
| 144|0x000000008a600000, 0x000000008a600000, 0x000000008a700000|  0%| F|  |TAMS 0x000000008a600000, 0x000000008a600000| Untracked 
| 145|0x000000008a700000, 0x000000008a700000, 0x000000008a800000|  0%| F|  |TAMS 0x000000008a700000, 0x000000008a700000| Untracked 
| 146|0x000000008a800000, 0x000000008a800000, 0x000000008a900000|  0%| F|  |TAMS 0x000000008a800000, 0x000000008a800000| Untracked 
| 147|0x000000008a900000, 0x000000008a900000, 0x000000008aa00000|  0%| F|  |TAMS 0x000000008a900000, 0x000000008a900000| Untracked 
| 148|0x000000008aa00000, 0x000000008aa00000, 0x000000008ab00000|  0%| F|  |TAMS 0x000000008aa00000, 0x000000008aa00000| Untracked 
| 149|0x000000008ab00000, 0x000000008ab00000, 0x000000008ac00000|  0%| F|  |TAMS 0x000000008ab00000, 0x000000008ab00000| Untracked 
| 150|0x000000008ac00000, 0x000000008ac00000, 0x000000008ad00000|  0%| F|  |TAMS 0x000000008ac00000, 0x000000008ac00000| Untracked 
| 151|0x000000008ad00000, 0x000000008ad00000, 0x000000008ae00000|  0%| F|  |TAMS 0x000000008ad00000, 0x000000008ad00000| Untracked 
| 152|0x000000008ae00000, 0x000000008ae00000, 0x000000008af00000|  0%| F|  |TAMS 0x000000008ae00000, 0x000000008ae00000| Untracked 
| 153|0x000000008af00000, 0x000000008af00000, 0x000000008b000000|  0%| F|  |TAMS 0x000000008af00000, 0x000000008af00000| Untracked 
| 154|0x000000008b000000, 0x000000008b000000, 0x000000008b100000|  0%| F|  |TAMS 0x000000008b000000, 0x000000008b000000| Untracked 
| 155|0x000000008b100000, 0x000000008b100000, 0x000000008b200000|  0%| F|  |TAMS 0x000000008b100000, 0x000000008b100000| Untracked 
| 156|0x000000008b200000, 0x000000008b200000, 0x000000008b300000|  0%| F|  |TAMS 0x000000008b200000, 0x000000008b200000| Untracked 
| 157|0x000000008b300000, 0x000000008b300000, 0x000000008b400000|  0%| F|  |TAMS 0x000000008b300000, 0x000000008b300000| Untracked 
| 158|0x000000008b400000, 0x000000008b400000, 0x000000008b500000|  0%| F|  |TAMS 0x000000008b400000, 0x000000008b400000| Untracked 
| 159|0x000000008b500000, 0x000000008b500000, 0x000000008b600000|  0%| F|  |TAMS 0x000000008b500000, 0x000000008b500000| Untracked 
| 160|0x000000008b600000, 0x000000008b600000, 0x000000008b700000|  0%| F|  |TAMS 0x000000008b600000, 0x000000008b600000| Untracked 
| 161|0x000000008b700000, 0x000000008b700000, 0x000000008b800000|  0%| F|  |TAMS 0x000000008b700000, 0x000000008b700000| Untracked 
| 162|0x000000008b800000, 0x000000008b800000, 0x000000008b900000|  0%| F|  |TAMS 0x000000008b800000, 0x000000008b800000| Untracked 
| 163|0x000000008b900000, 0x000000008b900000, 0x000000008ba00000|  0%| F|  |TAMS 0x000000008b900000, 0x000000008b900000| Untracked 
| 164|0x000000008ba00000, 0x000000008ba00000, 0x000000008bb00000|  0%| F|  |TAMS 0x000000008ba00000, 0x000000008ba00000| Untracked 
| 165|0x000000008bb00000, 0x000000008bb00000, 0x000000008bc00000|  0%| F|  |TAMS 0x000000008bb00000, 0x000000008bb00000| Untracked 
| 166|0x000000008bc00000, 0x000000008bc00000, 0x000000008bd00000|  0%| F|  |TAMS 0x000000008bc00000, 0x000000008bc00000| Untracked 
| 167|0x000000008bd00000, 0x000000008bd00000, 0x000000008be00000|  0%| F|  |TAMS 0x000000008bd00000, 0x000000008bd00000| Untracked 
| 168|0x000000008be00000, 0x000000008be00000, 0x000000008bf00000|  0%| F|  |TAMS 0x000000008be00000, 0x000000008be00000| Untracked 
| 169|0x000000008bf00000, 0x000000008bf00000, 0x000000008c000000|  0%| F|  |TAMS 0x000000008bf00000, 0x000000008bf00000| Untracked 
| 170|0x000000008c000000, 0x000000008c000000, 0x000000008c100000|  0%| F|  |TAMS 0x000000008c000000, 0x000000008c000000| Untracked 
| 171|0x000000008c100000, 0x000000008c100000, 0x000000008c200000|  0%| F|  |TAMS 0x000000008c100000, 0x000000008c100000| Untracked 
| 172|0x000000008c200000, 0x000000008c200000, 0x000000008c300000|  0%| F|  |TAMS 0x000000008c200000, 0x000000008c200000| Untracked 
| 173|0x000000008c300000, 0x000000008c300000, 0x000000008c400000|  0%| F|  |TAMS 0x000000008c300000, 0x000000008c300000| Untracked 
| 174|0x000000008c400000, 0x000000008c400000, 0x000000008c500000|  0%| F|  |TAMS 0x000000008c400000, 0x000000008c400000| Untracked 
| 175|0x000000008c500000, 0x000000008c500000, 0x000000008c600000|  0%| F|  |TAMS 0x000000008c500000, 0x000000008c500000| Untracked 
| 176|0x000000008c600000, 0x000000008c600000, 0x000000008c700000|  0%| F|  |TAMS 0x000000008c600000, 0x000000008c600000| Untracked 
| 177|0x000000008c700000, 0x000000008c700000, 0x000000008c800000|  0%| F|  |TAMS 0x000000008c700000, 0x000000008c700000| Untracked 
| 178|0x000000008c800000, 0x000000008c800000, 0x000000008c900000|  0%| F|  |TAMS 0x000000008c800000, 0x000000008c800000| Untracked 
| 179|0x000000008c900000, 0x000000008c900000, 0x000000008ca00000|  0%| F|  |TAMS 0x000000008c900000, 0x000000008c900000| Untracked 
| 180|0x000000008ca00000, 0x000000008ca00000, 0x000000008cb00000|  0%| F|  |TAMS 0x000000008ca00000, 0x000000008ca00000| Untracked 
| 181|0x000000008cb00000, 0x000000008cb00000, 0x000000008cc00000|  0%| F|  |TAMS 0x000000008cb00000, 0x000000008cb00000| Untracked 
| 182|0x000000008cc00000, 0x000000008cc00000, 0x000000008cd00000|  0%| F|  |TAMS 0x000000008cc00000, 0x000000008cc00000| Untracked 
| 183|0x000000008cd00000, 0x000000008cd00000, 0x000000008ce00000|  0%| F|  |TAMS 0x000000008cd00000, 0x000000008cd00000| Untracked 
| 184|0x000000008ce00000, 0x000000008ce00000, 0x000000008cf00000|  0%| F|  |TAMS 0x000000008ce00000, 0x000000008ce00000| Untracked 
| 185|0x000000008cf00000, 0x000000008cf00000, 0x000000008d000000|  0%| F|  |TAMS 0x000000008cf00000, 0x000000008cf00000| Untracked 
| 186|0x000000008d000000, 0x000000008d000000, 0x000000008d100000|  0%| F|  |TAMS 0x000000008d000000, 0x000000008d000000| Untracked 
| 187|0x000000008d100000, 0x000000008d100000, 0x000000008d200000|  0%| F|  |TAMS 0x000000008d100000, 0x000000008d100000| Untracked 
| 188|0x000000008d200000, 0x000000008d200000, 0x000000008d300000|  0%| F|  |TAMS 0x000000008d200000, 0x000000008d200000| Untracked 
| 189|0x000000008d300000, 0x000000008d300000, 0x000000008d400000|  0%| F|  |TAMS 0x000000008d300000, 0x000000008d300000| Untracked 
| 190|0x000000008d400000, 0x000000008d400000, 0x000000008d500000|  0%| F|  |TAMS 0x000000008d400000, 0x000000008d400000| Untracked 
| 191|0x000000008d500000, 0x000000008d500000, 0x000000008d600000|  0%| F|  |TAMS 0x000000008d500000, 0x000000008d500000| Untracked 
| 192|0x000000008d600000, 0x000000008d600000, 0x000000008d700000|  0%| F|  |TAMS 0x000000008d600000, 0x000000008d600000| Untracked 
| 193|0x000000008d700000, 0x000000008d700000, 0x000000008d800000|  0%| F|  |TAMS 0x000000008d700000, 0x000000008d700000| Untracked 
| 194|0x000000008d800000, 0x000000008d800000, 0x000000008d900000|  0%| F|  |TAMS 0x000000008d800000, 0x000000008d800000| Untracked 
| 195|0x000000008d900000, 0x000000008d900000, 0x000000008da00000|  0%| F|  |TAMS 0x000000008d900000, 0x000000008d900000| Untracked 
| 196|0x000000008da00000, 0x000000008da00000, 0x000000008db00000|  0%| F|  |TAMS 0x000000008da00000, 0x000000008da00000| Untracked 
| 197|0x000000008db00000, 0x000000008db00000, 0x000000008dc00000|  0%| F|  |TAMS 0x000000008db00000, 0x000000008db00000| Untracked 
| 198|0x000000008dc00000, 0x000000008dc00000, 0x000000008dd00000|  0%| F|  |TAMS 0x000000008dc00000, 0x000000008dc00000| Untracked 
| 199|0x000000008dd00000, 0x000000008dd00000, 0x000000008de00000|  0%| F|  |TAMS 0x000000008dd00000, 0x000000008dd00000| Untracked 
| 200|0x000000008de00000, 0x000000008de00000, 0x000000008df00000|  0%| F|  |TAMS 0x000000008de00000, 0x000000008de00000| Untracked 
| 201|0x000000008df00000, 0x000000008df00000, 0x000000008e000000|  0%| F|  |TAMS 0x000000008df00000, 0x000000008df00000| Untracked 
| 202|0x000000008e000000, 0x000000008e000000, 0x000000008e100000|  0%| F|  |TAMS 0x000000008e000000, 0x000000008e000000| Untracked 
| 203|0x000000008e100000, 0x000000008e100000, 0x000000008e200000|  0%| F|  |TAMS 0x000000008e100000, 0x000000008e100000| Untracked 
| 204|0x000000008e200000, 0x000000008e200000, 0x000000008e300000|  0%| F|  |TAMS 0x000000008e200000, 0x000000008e200000| Untracked 
| 205|0x000000008e300000, 0x000000008e300000, 0x000000008e400000|  0%| F|  |TAMS 0x000000008e300000, 0x000000008e300000| Untracked 
| 206|0x000000008e400000, 0x000000008e400000, 0x000000008e500000|  0%| F|  |TAMS 0x000000008e400000, 0x000000008e400000| Untracked 
| 207|0x000000008e500000, 0x000000008e500000, 0x000000008e600000|  0%| F|  |TAMS 0x000000008e500000, 0x000000008e500000| Untracked 
| 208|0x000000008e600000, 0x000000008e600000, 0x000000008e700000|  0%| F|  |TAMS 0x000000008e600000, 0x000000008e600000| Untracked 
| 209|0x000000008e700000, 0x000000008e700000, 0x000000008e800000|  0%| F|  |TAMS 0x000000008e700000, 0x000000008e700000| Untracked 
| 210|0x000000008e800000, 0x000000008e800000, 0x000000008e900000|  0%| F|  |TAMS 0x000000008e800000, 0x000000008e800000| Untracked 
| 211|0x000000008e900000, 0x000000008e900000, 0x000000008ea00000|  0%| F|  |TAMS 0x000000008e900000, 0x000000008e900000| Untracked 
| 212|0x000000008ea00000, 0x000000008ea00000, 0x000000008eb00000|  0%| F|  |TAMS 0x000000008ea00000, 0x000000008ea00000| Untracked 
| 213|0x000000008eb00000, 0x000000008eb00000, 0x000000008ec00000|  0%| F|  |TAMS 0x000000008eb00000, 0x000000008eb00000| Untracked 
| 214|0x000000008ec00000, 0x000000008ec00000, 0x000000008ed00000|  0%| F|  |TAMS 0x000000008ec00000, 0x000000008ec00000| Untracked 
| 215|0x000000008ed00000, 0x000000008ed00000, 0x000000008ee00000|  0%| F|  |TAMS 0x000000008ed00000, 0x000000008ed00000| Untracked 
| 216|0x000000008ee00000, 0x000000008ee00000, 0x000000008ef00000|  0%| F|  |TAMS 0x000000008ee00000, 0x000000008ee00000| Untracked 
| 217|0x000000008ef00000, 0x000000008ef00000, 0x000000008f000000|  0%| F|  |TAMS 0x000000008ef00000, 0x000000008ef00000| Untracked 
| 218|0x000000008f000000, 0x000000008f000000, 0x000000008f100000|  0%| F|  |TAMS 0x000000008f000000, 0x000000008f000000| Untracked 
| 219|0x000000008f100000, 0x000000008f100000, 0x000000008f200000|  0%| F|  |TAMS 0x000000008f100000, 0x000000008f100000| Untracked 
| 220|0x000000008f200000, 0x000000008f200000, 0x000000008f300000|  0%| F|  |TAMS 0x000000008f200000, 0x000000008f200000| Untracked 
| 221|0x000000008f300000, 0x000000008f300000, 0x000000008f400000|  0%| F|  |TAMS 0x000000008f300000, 0x000000008f300000| Untracked 
| 222|0x000000008f400000, 0x000000008f400000, 0x000000008f500000|  0%| F|  |TAMS 0x000000008f400000, 0x000000008f400000| Untracked 
| 223|0x000000008f500000, 0x000000008f500000, 0x000000008f600000|  0%| F|  |TAMS 0x000000008f500000, 0x000000008f500000| Untracked 
| 224|0x000000008f600000, 0x000000008f600000, 0x000000008f700000|  0%| F|  |TAMS 0x000000008f600000, 0x000000008f600000| Untracked 
| 225|0x000000008f700000, 0x000000008f700000, 0x000000008f800000|  0%| F|  |TAMS 0x000000008f700000, 0x000000008f700000| Untracked 
| 226|0x000000008f800000, 0x000000008f800000, 0x000000008f900000|  0%| F|  |TAMS 0x000000008f800000, 0x000000008f800000| Untracked 
| 227|0x000000008f900000, 0x000000008f900000, 0x000000008fa00000|  0%| F|  |TAMS 0x000000008f900000, 0x000000008f900000| Untracked 
| 228|0x000000008fa00000, 0x000000008fa00000, 0x000000008fb00000|  0%| F|  |TAMS 0x000000008fa00000, 0x000000008fa00000| Untracked 
| 229|0x000000008fb00000, 0x000000008fb00000, 0x000000008fc00000|  0%| F|  |TAMS 0x000000008fb00000, 0x000000008fb00000| Untracked 
| 230|0x000000008fc00000, 0x000000008fc00000, 0x000000008fd00000|  0%| F|  |TAMS 0x000000008fc00000, 0x000000008fc00000| Untracked 
| 231|0x000000008fd00000, 0x000000008fd00000, 0x000000008fe00000|  0%| F|  |TAMS 0x000000008fd00000, 0x000000008fd00000| Untracked 
| 232|0x000000008fe00000, 0x000000008fe00000, 0x000000008ff00000|  0%| F|  |TAMS 0x000000008fe00000, 0x000000008fe00000| Untracked 
| 233|0x000000008ff00000, 0x000000008ff00000, 0x0000000090000000|  0%| F|  |TAMS 0x000000008ff00000, 0x000000008ff00000| Untracked 
| 234|0x0000000090000000, 0x0000000090000000, 0x0000000090100000|  0%| F|  |TAMS 0x0000000090000000, 0x0000000090000000| Untracked 
| 235|0x0000000090100000, 0x0000000090100000, 0x0000000090200000|  0%| F|  |TAMS 0x0000000090100000, 0x0000000090100000| Untracked 
| 236|0x0000000090200000, 0x0000000090200000, 0x0000000090300000|  0%| F|  |TAMS 0x0000000090200000, 0x0000000090200000| Untracked 
| 237|0x0000000090300000, 0x0000000090300000, 0x0000000090400000|  0%| F|  |TAMS 0x0000000090300000, 0x0000000090300000| Untracked 
| 238|0x0000000090400000, 0x0000000090400000, 0x0000000090500000|  0%| F|  |TAMS 0x0000000090400000, 0x0000000090400000| Untracked 
| 239|0x0000000090500000, 0x0000000090500000, 0x0000000090600000|  0%| F|  |TAMS 0x0000000090500000, 0x0000000090500000| Untracked 
| 240|0x0000000090600000, 0x0000000090600000, 0x0000000090700000|  0%| F|  |TAMS 0x0000000090600000, 0x0000000090600000| Untracked 
| 241|0x0000000090700000, 0x0000000090700000, 0x0000000090800000|  0%| F|  |TAMS 0x0000000090700000, 0x0000000090700000| Untracked 
| 242|0x0000000090800000, 0x0000000090800000, 0x0000000090900000|  0%| F|  |TAMS 0x0000000090800000, 0x0000000090800000| Untracked 
| 243|0x0000000090900000, 0x0000000090900000, 0x0000000090a00000|  0%| F|  |TAMS 0x0000000090900000, 0x0000000090900000| Untracked 
| 244|0x0000000090a00000, 0x0000000090a00000, 0x0000000090b00000|  0%| F|  |TAMS 0x0000000090a00000, 0x0000000090a00000| Untracked 
| 245|0x0000000090b00000, 0x0000000090b00000, 0x0000000090c00000|  0%| F|  |TAMS 0x0000000090b00000, 0x0000000090b00000| Untracked 
| 246|0x0000000090c00000, 0x0000000090c00000, 0x0000000090d00000|  0%| F|  |TAMS 0x0000000090c00000, 0x0000000090c00000| Untracked 
| 247|0x0000000090d00000, 0x0000000090d00000, 0x0000000090e00000|  0%| F|  |TAMS 0x0000000090d00000, 0x0000000090d00000| Untracked 
| 248|0x0000000090e00000, 0x0000000090e00000, 0x0000000090f00000|  0%| F|  |TAMS 0x0000000090e00000, 0x0000000090e00000| Untracked 
| 249|0x0000000090f00000, 0x0000000090f00000, 0x0000000091000000|  0%| F|  |TAMS 0x0000000090f00000, 0x0000000090f00000| Untracked 
| 250|0x0000000091000000, 0x0000000091000000, 0x0000000091100000|  0%| F|  |TAMS 0x0000000091000000, 0x0000000091000000| Untracked 
| 251|0x0000000091100000, 0x0000000091100000, 0x0000000091200000|  0%| F|  |TAMS 0x0000000091100000, 0x0000000091100000| Untracked 
| 252|0x0000000091200000, 0x0000000091200000, 0x0000000091300000|  0%| F|  |TAMS 0x0000000091200000, 0x0000000091200000| Untracked 
| 253|0x0000000091300000, 0x0000000091300000, 0x0000000091400000|  0%| F|  |TAMS 0x0000000091300000, 0x0000000091300000| Untracked 
| 254|0x0000000091400000, 0x0000000091400000, 0x0000000091500000|  0%| F|  |TAMS 0x0000000091400000, 0x0000000091400000| Untracked 
| 255|0x0000000091500000, 0x0000000091500000, 0x0000000091600000|  0%| F|  |TAMS 0x0000000091500000, 0x0000000091500000| Untracked 

Card table byte_map: [0x000002ae7e6c0000,0x000002ae7eac0000] _byte_map_base: 0x000002ae7e2b5000

Marking Bits (Prev, Next): (CMBitMap*) 0x000002ae7bdc7cf0, (CMBitMap*) 0x000002ae7bdc7d30
 Prev Bits: [0x000002ae181a0000, 0x000002ae1a148000)
 Next Bits: [0x000002ae1a150000, 0x000002ae1c0f8000)

Polling page: 0x000002ae7be30000

Metaspace:

Usage:
  Non-class:     12.91 MB used.
      Class:      1.93 MB used.
       Both:     14.84 MB used.

Virtual space:
  Non-class space:       64.00 MB reserved,      13.06 MB ( 20%) committed,  1 nodes.
      Class space:        1.00 GB reserved,       2.12 MB ( <1%) committed,  1 nodes.
             Both:        1.06 GB reserved,      15.19 MB (  1%) committed. 

Chunk freelists:
   Non-Class:  1.69 MB
       Class:  1.91 MB
        Both:  3.60 MB

MaxMetaspaceSize: unlimited
CompressedClassSpaceSize: 1.00 GB
Initial GC threshold: 21.00 MB
Current GC threshold: 21.00 MB
CDS: on
MetaspaceReclaimPolicy: balanced
 - commit_granule_bytes: 65536.
 - commit_granule_words: 8192.
 - virtual_space_node_default_size: 8388608.
 - enlarge_chunks_in_place: 1.
 - new_chunks_are_fully_committed: 0.
 - uncommit_free_chunks: 1.
 - use_allocation_guard: 0.


Internal statistics:

num_allocs_failed_limit: 0.
num_arena_births: 332.
num_arena_deaths: 0.
num_vsnodes_births: 2.
num_vsnodes_deaths: 0.
num_space_committed: 243.
num_space_uncommitted: 0.
num_chunks_returned_to_freelist: 0.
num_chunks_taken_from_freelist: 890.
num_chunk_merges: 0.
num_chunk_splits: 626.
num_chunks_enlarged: 473.
num_inconsistent_stats: 0.

CodeHeap 'non-profiled nmethods': size=120000Kb used=2873Kb max_used=2873Kb free=117126Kb
 bounds [0x000002ae10c70000, 0x000002ae10f40000, 0x000002ae181a0000]
CodeHeap 'profiled nmethods': size=120000Kb used=9155Kb max_used=9155Kb free=110844Kb
 bounds [0x000002ae091a0000, 0x000002ae09aa0000, 0x000002ae106d0000]
CodeHeap 'non-nmethods': size=5760Kb used=1547Kb max_used=1623Kb free=4212Kb
 bounds [0x000002ae106d0000, 0x000002ae10940000, 0x000002ae10c70000]
 total_blobs=5421 nmethods=4588 adapters=743
 compilation: enabled
              stopped_count=0, restarted_count=0
 full_count=0

Compilation events (20 events):
Event: 9.053 Thread 0x000002ae2d7793a0 nmethod 4580 0x000002ae10f38f90 code [0x000002ae10f39140, 0x000002ae10f391d8]
Event: 9.056 Thread 0x000002ae2d776cb0 nmethod 4579 0x000002ae10f39290 code [0x000002ae10f394a0, 0x000002ae10f39940]
Event: 9.058 Thread 0x000002ae7fbb64d0 4581       3       com.sun.glass.ui.View::getWidth (8 bytes)
Event: 9.058 Thread 0x000002ae7fbb64d0 nmethod 4581 0x000002ae09a8e390 code [0x000002ae09a8e560, 0x000002ae09a8e8b8]
Event: 9.071 Thread 0x000002ae2d776cb0 4582       4       com.sun.scenario.effect.FilterEffect::filter (265 bytes)
Event: 9.072 Thread 0x000002ae2d7793a0 4583       4       com.sun.prism.impl.ps.BaseShaderGraphics::drawTexture (52 bytes)
Event: 9.078 Thread 0x000002ae2d7793a0 nmethod 4583 0x000002ae10f39d10 code [0x000002ae10f39ee0, 0x000002ae10f3a408]
Event: 9.113 Thread 0x000002ae2d776cb0 nmethod 4582 0x000002ae10f3aa10 code [0x000002ae10f3ad40, 0x000002ae10f3c980]
Event: 9.123 Thread 0x000002ae7fbb64d0 4584       3       com.sun.scenario.animation.AbstractPrimaryTimer$MainLoop::updateAnimationRunnable (61 bytes)
Event: 9.124 Thread 0x000002ae7fbb64d0 nmethod 4584 0x000002ae09a8ea10 code [0x000002ae09a8ec20, 0x000002ae09a8f568]
Event: 9.221 Thread 0x000002ae7fbb64d0 4585       1       java.lang.Module::getName (5 bytes)
Event: 9.221 Thread 0x000002ae7fbb64d0 nmethod 4585 0x000002ae10f3de90 code [0x000002ae10f3e020, 0x000002ae10f3e0d8]
Event: 9.238 Thread 0x000002ae7fbb64d0 4586       1       ArduinoReceiver::variableProperty (5 bytes)
Event: 9.238 Thread 0x000002ae7fbb64d0 nmethod 4586 0x000002ae10f3e190 code [0x000002ae10f3e320, 0x000002ae10f3e3d8]
Event: 9.267 Thread 0x000002ae7fbb64d0 4587       3       com.sun.scenario.animation.AbstractPrimaryTimer$MainLoop::run (61 bytes)
Event: 9.268 Thread 0x000002ae7fbb64d0 nmethod 4587 0x000002ae09a8f890 code [0x000002ae09a8fac0, 0x000002ae09a900b8]
Event: 9.268 Thread 0x000002ae7fbb64d0 4588       3       com.sun.javafx.tk.quantum.PrimaryTimer::recordStart (8 bytes)
Event: 9.268 Thread 0x000002ae7fbb64d0 nmethod 4588 0x000002ae09a90390 code [0x000002ae09a90540, 0x000002ae09a906e8]
Event: 9.268 Thread 0x000002ae7fbb64d0 4589       3       com.sun.scenario.animation.AnimationPulse::recordStart (27 bytes)
Event: 9.268 Thread 0x000002ae7fbb64d0 nmethod 4589 0x000002ae09a90810 code [0x000002ae09a909e0, 0x000002ae09a90cb8]

GC Heap History (20 events):
Event: 8.938 GC heap after
{Heap after GC invocations=4 (full 0):
 garbage-first heap   total 131072K, used 22473K [0x0000000081600000, 0x0000000100000000)
  region size 1024K, 3 young (3072K), 3 survivors (3072K)
 Metaspace       used 15079K, committed 15488K, reserved 1114112K
  class space    used 1977K, committed 2176K, reserved 1048576K
}
Event: 8.961 GC heap before
{Heap before GC invocations=4 (full 0):
 garbage-first heap   total 131072K, used 98249K [0x0000000081600000, 0x0000000100000000)
  region size 1024K, 76 young (77824K), 3 survivors (3072K)
 Metaspace       used 15102K, committed 15488K, reserved 1114112K
  class space    used 1977K, committed 2176K, reserved 1048576K
}
Event: 8.962 GC heap after
{Heap after GC invocations=5 (full 0):
 garbage-first heap   total 131072K, used 23495K [0x0000000081600000, 0x0000000100000000)
  region size 1024K, 3 young (3072K), 3 survivors (3072K)
 Metaspace       used 15102K, committed 15488K, reserved 1114112K
  class space    used 1977K, committed 2176K, reserved 1048576K
}
Event: 8.983 GC heap before
{Heap before GC invocations=5 (full 0):
 garbage-first heap   total 131072K, used 98247K [0x0000000081600000, 0x0000000100000000)
  region size 1024K, 76 young (77824K), 3 survivors (3072K)
 Metaspace       used 15128K, committed 15488K, reserved 1114112K
  class space    used 1977K, committed 2176K, reserved 1048576K
}
Event: 8.985 GC heap after
{Heap after GC invocations=6 (full 0):
 garbage-first heap   total 131072K, used 24051K [0x0000000081600000, 0x0000000100000000)
  region size 1024K, 4 young (4096K), 4 survivors (4096K)
 Metaspace       used 15128K, committed 15488K, reserved 1114112K
  class space    used 1977K, committed 2176K, reserved 1048576K
}
Event: 9.003 GC heap before
{Heap before GC invocations=6 (full 0):
 garbage-first heap   total 131072K, used 97779K [0x0000000081600000, 0x0000000100000000)
  region size 1024K, 76 young (77824K), 4 survivors (4096K)
 Metaspace       used 15162K, committed 15552K, reserved 1114112K
  class space    used 1977K, committed 2176K, reserved 1048576K
}
Event: 9.007 GC heap after
{Heap after GC invocations=7 (full 0):
 garbage-first heap   total 131072K, used 24495K [0x0000000081600000, 0x0000000100000000)
  region size 1024K, 4 young (4096K), 4 survivors (4096K)
 Metaspace       used 15162K, committed 15552K, reserved 1114112K
  class space    used 1977K, committed 2176K, reserved 1048576K
}
Event: 9.032 GC heap before
{Heap before GC invocations=7 (full 0):
 garbage-first heap   total 131072K, used 98223K [0x0000000081600000, 0x0000000100000000)
  region size 1024K, 76 young (77824K), 4 survivors (4096K)
 Metaspace       used 15179K, committed 15552K, reserved 1114112K
  class space    used 1977K, committed 2176K, reserved 1048576K
}
Event: 9.035 GC heap after
{Heap after GC invocations=8 (full 0):
 garbage-first heap   total 131072K, used 24671K [0x0000000081600000, 0x0000000100000000)
  region size 1024K, 4 young (4096K), 4 survivors (4096K)
 Metaspace       used 15179K, committed 15552K, reserved 1114112K
  class space    used 1977K, committed 2176K, reserved 1048576K
}
Event: 9.061 GC heap before
{Heap before GC invocations=8 (full 0):
 garbage-first heap   total 131072K, used 98399K [0x0000000081600000, 0x0000000100000000)
  region size 1024K, 76 young (77824K), 4 survivors (4096K)
 Metaspace       used 15188K, committed 15552K, reserved 1114112K
  class space    used 1978K, committed 2176K, reserved 1048576K
}
Event: 9.064 GC heap after
{Heap after GC invocations=9 (full 0):
 garbage-first heap   total 262144K, used 24710K [0x0000000081600000, 0x0000000100000000)
  region size 1024K, 4 young (4096K), 4 survivors (4096K)
 Metaspace       used 15188K, committed 15552K, reserved 1114112K
  class space    used 1978K, committed 2176K, reserved 1048576K
}
Event: 9.159 GC heap before
{Heap before GC invocations=9 (full 0):
 garbage-first heap   total 262144K, used 177286K [0x0000000081600000, 0x0000000100000000)
  region size 1024K, 153 young (156672K), 4 survivors (4096K)
 Metaspace       used 15189K, committed 15552K, reserved 1114112K
  class space    used 1978K, committed 2176K, reserved 1048576K
}
Event: 9.160 GC heap after
{Heap after GC invocations=10 (full 0):
 garbage-first heap   total 262144K, used 25081K [0x0000000081600000, 0x0000000100000000)
  region size 1024K, 5 young (5120K), 5 survivors (5120K)
 Metaspace       used 15189K, committed 15552K, reserved 1114112K
  class space    used 1978K, committed 2176K, reserved 1048576K
}
Event: 9.195 GC heap before
{Heap before GC invocations=10 (full 0):
 garbage-first heap   total 262144K, used 176633K [0x0000000081600000, 0x0000000100000000)
  region size 1024K, 153 young (156672K), 5 survivors (5120K)
 Metaspace       used 15189K, committed 15552K, reserved 1114112K
  class space    used 1978K, committed 2176K, reserved 1048576K
}
Event: 9.197 GC heap after
{Heap after GC invocations=11 (full 0):
 garbage-first heap   total 262144K, used 24634K [0x0000000081600000, 0x0000000100000000)
  region size 1024K, 4 young (4096K), 4 survivors (4096K)
 Metaspace       used 15189K, committed 15552K, reserved 1114112K
  class space    used 1978K, committed 2176K, reserved 1048576K
}
Event: 9.231 GC heap before
{Heap before GC invocations=11 (full 0):
 garbage-first heap   total 262144K, used 177210K [0x0000000081600000, 0x0000000100000000)
  region size 1024K, 153 young (156672K), 4 survivors (4096K)
 Metaspace       used 15189K, committed 15552K, reserved 1114112K
  class space    used 1978K, committed 2176K, reserved 1048576K
}
Event: 9.233 GC heap after
{Heap after GC invocations=12 (full 0):
 garbage-first heap   total 262144K, used 24718K [0x0000000081600000, 0x0000000100000000)
  region size 1024K, 4 young (4096K), 4 survivors (4096K)
 Metaspace       used 15189K, committed 15552K, reserved 1114112K
  class space    used 1978K, committed 2176K, reserved 1048576K
}
Event: 9.265 GC heap before
{Heap before GC invocations=12 (full 0):
 garbage-first heap   total 262144K, used 177294K [0x0000000081600000, 0x0000000100000000)
  region size 1024K, 153 young (156672K), 4 survivors (4096K)
 Metaspace       used 15189K, committed 15552K, reserved 1114112K
  class space    used 1978K, committed 2176K, reserved 1048576K
}
Event: 9.267 GC heap after
{Heap after GC invocations=13 (full 0):
 garbage-first heap   total 262144K, used 24587K [0x0000000081600000, 0x0000000100000000)
  region size 1024K, 4 young (4096K), 4 survivors (4096K)
 Metaspace       used 15189K, committed 15552K, reserved 1114112K
  class space    used 1978K, committed 2176K, reserved 1048576K
}
Event: 9.299 GC heap before
{Heap before GC invocations=13 (full 0):
 garbage-first heap   total 262144K, used 177163K [0x0000000081600000, 0x0000000100000000)
  region size 1024K, 153 young (156672K), 4 survivors (4096K)
 Metaspace       used 15194K, committed 15552K, reserved 1114112K
  class space    used 1978K, committed 2176K, reserved 1048576K
}

Dll operation events (20 events):
Event: 0.123 Loaded shared library C:\Program Files\Zulu\zulu-19\bin\api-ms-win-crt-process-l1-1-0.dll
Event: 0.124 Loaded shared library C:\Program Files\Zulu\zulu-19\bin\api-ms-win-crt-runtime-l1-1-0.dll
Event: 0.125 Loaded shared library C:\Program Files\Zulu\zulu-19\bin\api-ms-win-crt-stdio-l1-1-0.dll
Event: 0.126 Loaded shared library C:\Program Files\Zulu\zulu-19\bin\api-ms-win-crt-string-l1-1-0.dll
Event: 0.127 Loaded shared library C:\Program Files\Zulu\zulu-19\bin\api-ms-win-crt-time-l1-1-0.dll
Event: 0.128 Loaded shared library C:\Program Files\Zulu\zulu-19\bin\api-ms-win-crt-utility-l1-1-0.dll
Event: 0.130 Loaded shared library C:\Program Files\Zulu\zulu-19\bin\ucrtbase.dll
Event: 0.130 Loaded shared library C:\Program Files\Zulu\zulu-19\bin\vcruntime140.dll
Event: 0.131 Loaded shared library C:\Program Files\Zulu\zulu-19\bin\vcruntime140_1.dll
Event: 0.131 Loaded shared library C:\Program Files\Zulu\zulu-19\bin\msvcp140.dll
Event: 0.132 Loaded shared library C:\Program Files\Zulu\zulu-19\bin\msvcp140_1.dll
Event: 0.133 Loaded shared library C:\Program Files\Zulu\zulu-19\bin\msvcp140_2.dll
Event: 0.156 Loaded shared library C:\Program Files\Zulu\zulu-19\bin\prism_d3d.dll
Event: 0.192 Loaded shared library C:\Program Files\Zulu\zulu-19\bin\glass.dll
Event: 0.304 Loaded shared library C:\Program Files\Zulu\zulu-19\bin\javafx_iio.dll
Event: 0.349 Loaded shared library C:\Program Files\Zulu\zulu-19\bin\glib-lite.dll
Event: 0.351 Loaded shared library C:\Program Files\Zulu\zulu-19\bin\gstreamer-lite.dll
Event: 0.352 Loaded shared library C:\Program Files\Zulu\zulu-19\bin\jfxmedia.dll
Event: 0.409 Loaded shared library C:\Program Files\Zulu\zulu-19\bin\javafx_font.dll
Event: 2.771 Loaded shared library C:\Users\ulise\AppData\Local\Temp\jSerialComm\2.9.3\jSerialComm.dll

Deoptimization events (20 events):
Event: 8.947 Thread 0x000002ae7fbaf9f0 DEOPT PACKING pc=0x000002ae10dcac7c sp=0x000000bd5abfcf60
Event: 8.947 Thread 0x000002ae7fbaf9f0 DEOPT UNPACKING pc=0x000002ae10736da3 sp=0x000000bd5abfcf00 mode 2
Event: 8.951 Thread 0x000002ae7fbaf9f0 Uncommon trap: trap_request=0xffffffc6 fr.pc=0x000002ae10e53e50 relative=0x0000000000000c50
Event: 8.951 Thread 0x000002ae7fbaf9f0 Uncommon trap: reason=bimorphic_or_optimized_type_check action=maybe_recompile pc=0x000002ae10e53e50 method=java.util.TimSort.binarySort([Ljava/lang/Object;IIILjava/util/Comparator;)V @ 93 c2
Event: 8.951 Thread 0x000002ae7fbaf9f0 DEOPT PACKING pc=0x000002ae10e53e50 sp=0x000000bd5abfc470
Event: 8.951 Thread 0x000002ae7fbaf9f0 DEOPT UNPACKING pc=0x000002ae10736da3 sp=0x000000bd5abfc418 mode 2
Event: 8.951 Thread 0x000002ae7fbaf9f0 Uncommon trap: trap_request=0xffffffc6 fr.pc=0x000002ae10e53e50 relative=0x0000000000000c50
Event: 8.951 Thread 0x000002ae7fbaf9f0 Uncommon trap: reason=bimorphic_or_optimized_type_check action=maybe_recompile pc=0x000002ae10e53e50 method=java.util.TimSort.binarySort([Ljava/lang/Object;IIILjava/util/Comparator;)V @ 93 c2
Event: 8.951 Thread 0x000002ae7fbaf9f0 DEOPT PACKING pc=0x000002ae10e53e50 sp=0x000000bd5abfc2d0
Event: 8.951 Thread 0x000002ae7fbaf9f0 DEOPT UNPACKING pc=0x000002ae10736da3 sp=0x000000bd5abfc278 mode 2
Event: 8.961 Thread 0x000002ae7fbaf9f0 Uncommon trap: trap_request=0xffffff45 fr.pc=0x000002ae10e4b444 relative=0x00000000000014e4
Event: 8.961 Thread 0x000002ae7fbaf9f0 Uncommon trap: reason=unstable_if action=reinterpret pc=0x000002ae10e4b444 method=javafx.scene.CssStyleHelper.lookup(Ljavafx/css/Styleable;Ljavafx/css/CssMetaData;Lcom/sun/javafx/css/StyleMap;Ljava/util/Set;Ljavafx/css/Styleable;Lcom/sun/javafx/css/Calcul
Event: 8.961 Thread 0x000002ae7fbaf9f0 DEOPT PACKING pc=0x000002ae10e4b444 sp=0x000000bd5abfc700
Event: 8.961 Thread 0x000002ae7fbaf9f0 DEOPT UNPACKING pc=0x000002ae10736da3 sp=0x000000bd5abfc6a0 mode 2
Event: 8.980 Thread 0x000002ae2308bc00 DEOPT PACKING pc=0x000002ae09a367dd sp=0x000000bd5ef5f440
Event: 8.980 Thread 0x000002ae2308bc00 DEOPT UNPACKING pc=0x000002ae10737543 sp=0x000000bd5ef5e938 mode 0
Event: 9.013 Thread 0x000002ae2308f670 Uncommon trap: trap_request=0xffffff45 fr.pc=0x000002ae10f26f1c relative=0x000000000000007c
Event: 9.013 Thread 0x000002ae2308f670 Uncommon trap: reason=unstable_if action=reinterpret pc=0x000002ae10f26f1c method=com.fazecast.jSerialComm.SerialPort.readBytes([BJ)I @ 6 c2
Event: 9.013 Thread 0x000002ae2308f670 DEOPT PACKING pc=0x000002ae10f26f1c sp=0x000000bd5d24efb0
Event: 9.013 Thread 0x000002ae2308f670 DEOPT UNPACKING pc=0x000002ae10736da3 sp=0x000000bd5d24ef60 mode 2

Classes loaded (20 events):
Event: 6.440 Loading class java/lang/foreign/Addressable done
Event: 6.440 Loading class java/lang/foreign/MemorySegment done
Event: 7.139 Loading class jdk/internal/icu/impl/UCharacterProperty
Event: 7.139 Loading class jdk/internal/icu/impl/UCharacterProperty done
Event: 7.139 Loading class jdk/internal/icu/impl/UCharacterProperty$1
Event: 7.139 Loading class jdk/internal/icu/impl/UCharacterProperty$BiDiIntProperty
Event: 7.139 Loading class jdk/internal/icu/impl/UCharacterProperty$IntProperty
Event: 7.139 Loading class jdk/internal/icu/impl/UCharacterProperty$IntProperty done
Event: 7.139 Loading class jdk/internal/icu/impl/UCharacterProperty$BiDiIntProperty done
Event: 7.139 Loading class jdk/internal/icu/impl/UCharacterProperty$1 done
Event: 7.141 Loading class jdk/internal/icu/impl/UCharacterProperty$IsAcceptable
Event: 7.141 Loading class jdk/internal/icu/impl/UCharacterProperty$IsAcceptable done
Event: 7.141 Loading class jdk/internal/icu/util/VersionInfo
Event: 7.141 Loading class jdk/internal/icu/util/VersionInfo done
Event: 7.144 Loading class java/lang/CharacterData01
Event: 7.144 Loading class java/lang/CharacterData01 done
Event: 9.036 Loading class java/lang/Throwable$WrappedPrintStream
Event: 9.036 Loading class java/lang/Throwable$PrintStreamOrWriter
Event: 9.037 Loading class java/lang/Throwable$PrintStreamOrWriter done
Event: 9.037 Loading class java/lang/Throwable$WrappedPrintStream done

Classes unloaded (0 events):
No events

Classes redefined (0 events):
No events

Internal exceptions (20 events):
Event: 1.717 Thread 0x000002ae7fbaf9f0 Exception <a 'java/lang/NoSuchMethodError'{0x000000008891a550}: 'long java.lang.invoke.DirectMethodHandle$Holder.invokeStatic(java.lang.Object, java.lang.Object, java.lang.Object)'> (0x000000008891a550) 
thrown [s\src\hotspot\share\interpreter\linkResolver.cpp, line 774]
Event: 1.718 Thread 0x000002ae7fbaf9f0 Exception <a 'java/lang/NoSuchMethodError'{0x000000008891dbc8}: 'long java.lang.invoke.DirectMethodHandle$Holder.invokeStaticInit(java.lang.Object, java.lang.Object, java.lang.Object)'> (0x000000008891dbc8) 
thrown [s\src\hotspot\share\interpreter\linkResolver.cpp, line 774]
Event: 1.719 Thread 0x000002ae7fbaf9f0 Exception <a 'java/lang/NoSuchMethodError'{0x0000000088936068}: 'java.lang.Object java.lang.invoke.DirectMethodHandle$Holder.newInvokeSpecial(java.lang.Object, java.lang.Object, long)'> (0x0000000088936068) 
thrown [s\src\hotspot\share\interpreter\linkResolver.cpp, line 774]
Event: 1.719 Thread 0x000002ae7fbaf9f0 Exception <a 'java/lang/NoSuchMethodError'{0x0000000088939bf0}: 'java.lang.Object java.lang.invoke.Invokers$Holder.linkToTargetMethod(java.lang.Object, long, java.lang.Object)'> (0x0000000088939bf0) 
thrown [s\src\hotspot\share\interpreter\linkResolver.cpp, line 774]
Event: 1.875 Thread 0x000002ae7fbaf9f0 Exception <a 'java/lang/NoSuchMethodError'{0x0000000088203e20}: 'void java.lang.invoke.DirectMethodHandle$Holder.invokeSpecial(java.lang.Object, java.lang.Object, double)'> (0x0000000088203e20) 
thrown [s\src\hotspot\share\interpreter\linkResolver.cpp, line 774]
Event: 1.876 Thread 0x000002ae7fbaf9f0 Exception <a 'java/lang/NoSuchMethodError'{0x000000008820a278}: 'java.lang.Object java.lang.invoke.DirectMethodHandle$Holder.newInvokeSpecial(java.lang.Object, java.lang.Object, double)'> (0x000000008820a278) 
thrown [s\src\hotspot\share\interpreter\linkResolver.cpp, line 774]
Event: 2.721 Thread 0x000002ae7fbaf9f0 Exception <a 'java/lang/ClassNotFoundException'{0x00000000895adf38}: com/sun/glass/ui/win/themes> (0x00000000895adf38) 
thrown [s\src\hotspot\share\prims\jni.cpp, line 536]
Event: 2.721 Thread 0x000002ae7fbaf9f0 Exception <a 'java/lang/ClassNotFoundException'{0x00000000895b5c00}: com/sun/glass/ui/win/themes_es> (0x00000000895b5c00) 
thrown [s\src\hotspot\share\prims\jni.cpp, line 536]
Event: 2.721 Thread 0x000002ae7fbaf9f0 Exception <a 'java/lang/ClassNotFoundException'{0x0000000088d62ae8}: com/sun/glass/ui/win/themes_es_CR> (0x0000000088d62ae8) 
thrown [s\src\hotspot\share\prims\jni.cpp, line 536]
Event: 2.752 Thread 0x000002ae7fbaf9f0 Implicit null exception at 0x000002ae10cfe1ac to 0x000002ae10cfe440
Event: 2.752 Thread 0x000002ae7fbaf9f0 Exception <a 'java/lang/NoSuchMethodError'{0x0000000088a048e8}: 'void java.lang.invoke.DirectMethodHandle$Holder.invokeStaticInit(java.lang.Object, java.lang.Object)'> (0x0000000088a048e8) 
thrown [s\src\hotspot\share\interpreter\linkResolver.cpp, line 774]
Event: 2.817 Thread 0x000002ae7fbaf9f0 Implicit null exception at 0x000002ae10cfea2c to 0x000002ae10cfecac
Event: 2.829 Thread 0x000002ae7fbaf9f0 Implicit null exception at 0x000002ae10cd152f to 0x000002ae10cd15a9
Event: 2.848 Thread 0x000002ae7fbaf9f0 Exception <a 'java/lang/NoSuchMethodError'{0x0000000088720038}: 'java.lang.Object java.lang.invoke.DirectMethodHandle$Holder.invokeInterface(java.lang.Object, java.lang.Object, java.lang.Object)'> (0x0000000088720038) 
thrown [s\src\hotspot\share\interpreter\linkResolver.cpp, line 774]
Event: 2.849 Thread 0x000002ae7fbaf9f0 Exception <a 'java/lang/IncompatibleClassChangeError'{0x0000000088723d18}: Found class java.lang.Object, but interface was expected> (0x0000000088723d18) 
thrown [s\src\hotspot\share\interpreter\linkResolver.cpp, line 841]
Event: 2.902 Thread 0x000002ae7fbaf9f0 Implicit null exception at 0x000002ae10d1a520 to 0x000002ae10d1a870
Event: 7.145 Thread 0x000002ae7fbaf9f0 Exception <a 'java/io/FileNotFoundException'{0x0000000084a2af68}> (0x0000000084a2af68) 
thrown [s\src\hotspot\share\prims\jni.cpp, line 517]
Event: 7.145 Thread 0x000002ae7fbaf9f0 Exception <a 'java/io/FileNotFoundException'{0x0000000084a2c618}> (0x0000000084a2c618) 
thrown [s\src\hotspot\share\prims\jni.cpp, line 517]
Event: 7.145 Thread 0x000002ae7fbaf9f0 Exception <a 'java/io/FileNotFoundException'{0x0000000084a307e0}> (0x0000000084a307e0) 
thrown [s\src\hotspot\share\prims\jni.cpp, line 517]
Event: 7.145 Thread 0x000002ae7fbaf9f0 Exception <a 'java/io/FileNotFoundException'{0x0000000084a31900}> (0x0000000084a31900) 
thrown [s\src\hotspot\share\prims\jni.cpp, line 517]

VM Operations (20 events):
Event: 8.939 Executing VM operation: G1CollectForAllocation done
Event: 8.961 Executing VM operation: G1CollectForAllocation
Event: 8.963 Executing VM operation: G1CollectForAllocation done
Event: 8.983 Executing VM operation: G1CollectForAllocation
Event: 8.985 Executing VM operation: G1CollectForAllocation done
Event: 9.003 Executing VM operation: G1CollectForAllocation
Event: 9.008 Executing VM operation: G1CollectForAllocation done
Event: 9.032 Executing VM operation: G1CollectForAllocation
Event: 9.035 Executing VM operation: G1CollectForAllocation done
Event: 9.061 Executing VM operation: G1CollectForAllocation
Event: 9.064 Executing VM operation: G1CollectForAllocation done
Event: 9.159 Executing VM operation: G1CollectForAllocation
Event: 9.160 Executing VM operation: G1CollectForAllocation done
Event: 9.195 Executing VM operation: G1CollectForAllocation
Event: 9.197 Executing VM operation: G1CollectForAllocation done
Event: 9.231 Executing VM operation: G1CollectForAllocation
Event: 9.233 Executing VM operation: G1CollectForAllocation done
Event: 9.265 Executing VM operation: G1CollectForAllocation
Event: 9.267 Executing VM operation: G1CollectForAllocation done
Event: 9.299 Executing VM operation: G1CollectForAllocation

Events (20 events):
Event: 8.418 Thread 0x000002ae23090110 Thread added: 0x000002ae23090110
Event: 8.418 Thread 0x000002ae23090110 Thread exited: 0x000002ae23090110
Event: 8.418 Thread 0x000002ae2308d140 Thread added: 0x000002ae2308d140
Event: 8.418 Thread 0x000002ae2308d140 Thread exited: 0x000002ae2308d140
Event: 8.457 Thread 0x000002ae2308d140 Thread added: 0x000002ae2308d140
Event: 8.457 Thread 0x000002ae2308d140 Thread exited: 0x000002ae2308d140
Event: 8.673 Thread 0x000002ae2d776720 Thread exited: 0x000002ae2d776720
Event: 8.929 Thread 0x000002ae2308bc00 Thread added: 0x000002ae2308bc00
Event: 8.929 Thread 0x000002ae2308bc00 Thread exited: 0x000002ae2308bc00
Event: 8.930 Thread 0x000002ae2308bc00 Thread added: 0x000002ae2308bc00
Event: 8.930 Thread 0x000002ae2308bc00 Thread exited: 0x000002ae2308bc00
Event: 8.931 Thread 0x000002ae2308bc00 Thread added: 0x000002ae2308bc00
Event: 8.931 Thread 0x000002ae23090110 Thread added: 0x000002ae23090110
Event: 8.931 Thread 0x000002ae2308d140 Thread added: 0x000002ae2308d140
Event: 8.941 Thread 0x000002ae2d776cb0 Thread added: 0x000002ae2d776cb0
Event: 8.994 Thread 0x000002ae2d7793a0 Thread added: 0x000002ae2d7793a0
Event: 9.141 Thread 0x000002ae2d7b08f0 Thread added: 0x000002ae2d7b08f0
Event: 9.141 Thread 0x000002ae2d7b08f0 Thread exited: 0x000002ae2d7b08f0
Event: 9.221 Thread 0x000002ae2d7793a0 Thread exited: 0x000002ae2d7793a0
Event: 9.221 Thread 0x000002ae2d776cb0 Thread exited: 0x000002ae2d776cb0


Dynamic libraries:
0x00007ff763090000 - 0x00007ff76309e000 	C:\Program Files\Zulu\zulu-19\bin\java.exe
0x00007ffa972f0000 - 0x00007ffa97504000 	C:\WINDOWS\SYSTEM32\ntdll.dll
0x00007ffa96a30000 - 0x00007ffa96af2000 	C:\WINDOWS\System32\KERNEL32.DLL
0x00007ffa94a90000 - 0x00007ffa94e2c000 	C:\WINDOWS\System32\KERNELBASE.dll
0x00007ffa94730000 - 0x00007ffa94841000 	C:\WINDOWS\System32\ucrtbase.dll
0x00007ffa82b10000 - 0x00007ffa82b2b000 	C:\Program Files\Zulu\zulu-19\bin\VCRUNTIME140.dll
0x00007ffa823b0000 - 0x00007ffa823c7000 	C:\Program Files\Zulu\zulu-19\bin\jli.dll
0x00007ffa95ee0000 - 0x00007ffa9608b000 	C:\WINDOWS\System32\USER32.dll
0x00007ffa7c330000 - 0x00007ffa7c5be000 	C:\WINDOWS\WinSxS\amd64_microsoft.windows.common-controls_6595b64144ccf1df_6.0.22621.608_none_a9444ca7c10bb01d\COMCTL32.dll
0x00007ffa94a60000 - 0x00007ffa94a86000 	C:\WINDOWS\System32\win32u.dll
0x00007ffa97200000 - 0x00007ffa972a7000 	C:\WINDOWS\System32\msvcrt.dll
0x00007ffa97050000 - 0x00007ffa97079000 	C:\WINDOWS\System32\GDI32.dll
0x00007ffa94f70000 - 0x00007ffa95083000 	C:\WINDOWS\System32\gdi32full.dll
0x00007ffa949c0000 - 0x00007ffa94a5a000 	C:\WINDOWS\System32\msvcp_win.dll
0x00007ffa95ea0000 - 0x00007ffa95ed1000 	C:\WINDOWS\System32\IMM32.DLL
0x00007ffa8f920000 - 0x00007ffa8f92c000 	C:\Program Files\Zulu\zulu-19\bin\vcruntime140_1.dll
0x00007ffa81f10000 - 0x00007ffa81f9d000 	C:\Program Files\Zulu\zulu-19\bin\msvcp140.dll
0x00007ffa3d0a0000 - 0x00007ffa3dda7000 	C:\Program Files\Zulu\zulu-19\bin\server\jvm.dll
0x00007ffa970d0000 - 0x00007ffa9717e000 	C:\WINDOWS\System32\ADVAPI32.dll
0x00007ffa95d60000 - 0x00007ffa95e04000 	C:\WINDOWS\System32\sechost.dll
0x00007ffa95c20000 - 0x00007ffa95d35000 	C:\WINDOWS\System32\RPCRT4.dll
0x00007ffa8df80000 - 0x00007ffa8df89000 	C:\WINDOWS\SYSTEM32\WSOCK32.dll
0x00007ffa8ce90000 - 0x00007ffa8cec4000 	C:\WINDOWS\SYSTEM32\WINMM.dll
0x00007ffa8ce00000 - 0x00007ffa8ce0a000 	C:\WINDOWS\SYSTEM32\VERSION.dll
0x00007ffa95620000 - 0x00007ffa95691000 	C:\WINDOWS\System32\WS2_32.dll
0x00007ffa93790000 - 0x00007ffa937a8000 	C:\WINDOWS\SYSTEM32\kernel.appcore.dll
0x00007ffa8dc20000 - 0x00007ffa8dc2a000 	C:\Program Files\Zulu\zulu-19\bin\jimage.dll
0x00007ffa920e0000 - 0x00007ffa9230e000 	C:\WINDOWS\SYSTEM32\DBGHELP.DLL
0x00007ffa95790000 - 0x00007ffa95b19000 	C:\WINDOWS\System32\combase.dll
0x00007ffa95160000 - 0x00007ffa95237000 	C:\WINDOWS\System32\OLEAUT32.dll
0x00007ffa764d0000 - 0x00007ffa76502000 	C:\WINDOWS\SYSTEM32\dbgcore.DLL
0x00007ffa94e30000 - 0x00007ffa94eab000 	C:\WINDOWS\System32\bcryptPrimitives.dll
0x00007ffa81ee0000 - 0x00007ffa81f06000 	C:\Program Files\Zulu\zulu-19\bin\java.dll
0x00007ffa56320000 - 0x00007ffa563f7000 	C:\Program Files\Zulu\zulu-19\bin\jsvml.dll
0x00007ffa960a0000 - 0x00007ffa96890000 	C:\WINDOWS\System32\SHELL32.dll
0x00007ffa92750000 - 0x00007ffa9301d000 	C:\WINDOWS\SYSTEM32\windows.storage.dll
0x00007ffa92610000 - 0x00007ffa9274e000 	C:\WINDOWS\SYSTEM32\wintypes.dll
0x00007ffa95360000 - 0x00007ffa95451000 	C:\WINDOWS\System32\SHCORE.dll
0x00007ffa956b0000 - 0x00007ffa9570e000 	C:\WINDOWS\System32\shlwapi.dll
0x00007ffa94660000 - 0x00007ffa94681000 	C:\WINDOWS\SYSTEM32\profapi.dll
0x00007ffa820c0000 - 0x00007ffa820d3000 	C:\Program Files\Zulu\zulu-19\bin\net.dll
0x00007ffa8d990000 - 0x00007ffa8dac7000 	C:\WINDOWS\SYSTEM32\WINHTTP.dll
0x00007ffa93c00000 - 0x00007ffa93c69000 	C:\WINDOWS\system32\mswsock.dll
0x00007ffa81ec0000 - 0x00007ffa81ed6000 	C:\Program Files\Zulu\zulu-19\bin\nio.dll
0x00007ffa81e70000 - 0x00007ffa81e88000 	C:\Program Files\Zulu\zulu-19\bin\zip.dll
0x000002ae1e240000 - 0x000002ae1e244000 	C:\Program Files\Zulu\zulu-19\bin\api-ms-win-core-console-l1-1-0.dll
0x000002ae1e250000 - 0x000002ae1e254000 	C:\Program Files\Zulu\zulu-19\bin\api-ms-win-core-console-l1-2-0.dll
0x000002ae1e260000 - 0x000002ae1e264000 	C:\Program Files\Zulu\zulu-19\bin\api-ms-win-core-datetime-l1-1-0.dll
0x000002ae1e270000 - 0x000002ae1e274000 	C:\Program Files\Zulu\zulu-19\bin\api-ms-win-core-debug-l1-1-0.dll
0x000002ae1e280000 - 0x000002ae1e284000 	C:\Program Files\Zulu\zulu-19\bin\api-ms-win-core-errorhandling-l1-1-0.dll
0x000002ae1e290000 - 0x000002ae1e295000 	C:\Program Files\Zulu\zulu-19\bin\api-ms-win-core-file-l1-1-0.dll
0x000002ae1e2a0000 - 0x000002ae1e2a4000 	C:\Program Files\Zulu\zulu-19\bin\api-ms-win-core-file-l1-2-0.dll
0x000002ae1e2b0000 - 0x000002ae1e2b4000 	C:\Program Files\Zulu\zulu-19\bin\api-ms-win-core-file-l2-1-0.dll
0x000002ae1e2c0000 - 0x000002ae1e2c4000 	C:\Program Files\Zulu\zulu-19\bin\api-ms-win-core-handle-l1-1-0.dll
0x000002ae1e2d0000 - 0x000002ae1e2d4000 	C:\Program Files\Zulu\zulu-19\bin\api-ms-win-core-heap-l1-1-0.dll
0x000002ae1e2e0000 - 0x000002ae1e2e4000 	C:\Program Files\Zulu\zulu-19\bin\api-ms-win-core-interlocked-l1-1-0.dll
0x000002ae1e2f0000 - 0x000002ae1e2f4000 	C:\Program Files\Zulu\zulu-19\bin\api-ms-win-core-libraryloader-l1-1-0.dll
0x000002ae1e300000 - 0x000002ae1e304000 	C:\Program Files\Zulu\zulu-19\bin\api-ms-win-core-localization-l1-2-0.dll
0x000002ae1e310000 - 0x000002ae1e314000 	C:\Program Files\Zulu\zulu-19\bin\api-ms-win-core-memory-l1-1-0.dll
0x000002ae1e320000 - 0x000002ae1e324000 	C:\Program Files\Zulu\zulu-19\bin\api-ms-win-core-namedpipe-l1-1-0.dll
0x000002ae1e330000 - 0x000002ae1e334000 	C:\Program Files\Zulu\zulu-19\bin\api-ms-win-core-processenvironment-l1-1-0.dll
0x000002ae1e340000 - 0x000002ae1e344000 	C:\Program Files\Zulu\zulu-19\bin\api-ms-win-core-processthreads-l1-1-0.dll
0x000002ae1e350000 - 0x000002ae1e354000 	C:\Program Files\Zulu\zulu-19\bin\api-ms-win-core-processthreads-l1-1-1.dll
0x000002ae1e360000 - 0x000002ae1e364000 	C:\Program Files\Zulu\zulu-19\bin\api-ms-win-core-profile-l1-1-0.dll
0x000002ae1e370000 - 0x000002ae1e374000 	C:\Program Files\Zulu\zulu-19\bin\api-ms-win-core-rtlsupport-l1-1-0.dll
0x000002ae1e380000 - 0x000002ae1e384000 	C:\Program Files\Zulu\zulu-19\bin\api-ms-win-core-string-l1-1-0.dll
0x000002ae1e390000 - 0x000002ae1e394000 	C:\Program Files\Zulu\zulu-19\bin\api-ms-win-core-synch-l1-1-0.dll
0x000002ae1e3a0000 - 0x000002ae1e3a4000 	C:\Program Files\Zulu\zulu-19\bin\api-ms-win-core-synch-l1-2-0.dll
0x000002ae1e3b0000 - 0x000002ae1e3b4000 	C:\Program Files\Zulu\zulu-19\bin\api-ms-win-core-sysinfo-l1-1-0.dll
0x000002ae1e3c0000 - 0x000002ae1e3c4000 	C:\Program Files\Zulu\zulu-19\bin\api-ms-win-core-timezone-l1-1-0.dll
0x000002ae1e3d0000 - 0x000002ae1e3d4000 	C:\Program Files\Zulu\zulu-19\bin\api-ms-win-core-util-l1-1-0.dll
0x000002ae1e3e0000 - 0x000002ae1e3e4000 	C:\Program Files\Zulu\zulu-19\bin\api-ms-win-crt-conio-l1-1-0.dll
0x000002ae1e3f0000 - 0x000002ae1e3f5000 	C:\Program Files\Zulu\zulu-19\bin\api-ms-win-crt-convert-l1-1-0.dll
0x000002ae22800000 - 0x000002ae22804000 	C:\Program Files\Zulu\zulu-19\bin\api-ms-win-crt-environment-l1-1-0.dll
0x000002ae22810000 - 0x000002ae22814000 	C:\Program Files\Zulu\zulu-19\bin\api-ms-win-crt-filesystem-l1-1-0.dll
0x000002ae22820000 - 0x000002ae22824000 	C:\Program Files\Zulu\zulu-19\bin\api-ms-win-crt-heap-l1-1-0.dll
0x000002ae22830000 - 0x000002ae22834000 	C:\Program Files\Zulu\zulu-19\bin\api-ms-win-crt-locale-l1-1-0.dll
0x000002ae22840000 - 0x000002ae22846000 	C:\Program Files\Zulu\zulu-19\bin\api-ms-win-crt-math-l1-1-0.dll
0x000002ae22850000 - 0x000002ae22856000 	C:\Program Files\Zulu\zulu-19\bin\api-ms-win-crt-multibyte-l1-1-0.dll
0x000002ae22860000 - 0x000002ae22871000 	C:\Program Files\Zulu\zulu-19\bin\api-ms-win-crt-private-l1-1-0.dll
0x000002ae22880000 - 0x000002ae22884000 	C:\Program Files\Zulu\zulu-19\bin\api-ms-win-crt-process-l1-1-0.dll
0x000002ae22890000 - 0x000002ae22895000 	C:\Program Files\Zulu\zulu-19\bin\api-ms-win-crt-runtime-l1-1-0.dll
0x000002ae228a0000 - 0x000002ae228a5000 	C:\Program Files\Zulu\zulu-19\bin\api-ms-win-crt-stdio-l1-1-0.dll
0x000002ae228b0000 - 0x000002ae228b5000 	C:\Program Files\Zulu\zulu-19\bin\api-ms-win-crt-string-l1-1-0.dll
0x000002ae228c0000 - 0x000002ae228c4000 	C:\Program Files\Zulu\zulu-19\bin\api-ms-win-crt-time-l1-1-0.dll
0x000002ae228d0000 - 0x000002ae228d4000 	C:\Program Files\Zulu\zulu-19\bin\api-ms-win-crt-utility-l1-1-0.dll
0x00007ffa49790000 - 0x00007ffa498a0000 	C:\Program Files\Zulu\zulu-19\bin\ucrtbase.dll
0x00007ffa8cee0000 - 0x00007ffa8cee9000 	C:\Program Files\Zulu\zulu-19\bin\msvcp140_1.dll
0x00007ffa7abc0000 - 0x00007ffa7abef000 	C:\Program Files\Zulu\zulu-19\bin\msvcp140_2.dll
0x00007ffa78c60000 - 0x00007ffa78c8c000 	C:\Program Files\Zulu\zulu-19\bin\prism_d3d.dll
0x00007ffa85410000 - 0x00007ffa855b9000 	C:\WINDOWS\system32\d3d9.dll
0x00007ffa91cd0000 - 0x00007ffa91cfb000 	C:\WINDOWS\SYSTEM32\dwmapi.dll
0x00007ffa91a90000 - 0x00007ffa91ac6000 	C:\WINDOWS\SYSTEM32\dxcore.dll
0x00007ffa91990000 - 0x00007ffa91a3b000 	C:\WINDOWS\system32\uxtheme.dll
0x00007ffa83fa0000 - 0x00007ffa840b7000 	C:\WINDOWS\System32\DriverStore\FileRepository\nvlt.inf_amd64_7947c31fc944635c\nvldumdx.dll
0x00007ffa943d0000 - 0x00007ffa943e2000 	C:\WINDOWS\SYSTEM32\msasn1.dll
0x00007ffa8c0c0000 - 0x00007ffa8c0f2000 	C:\WINDOWS\SYSTEM32\cryptnet.dll
0x00007ffa94850000 - 0x00007ffa949b6000 	C:\WINDOWS\System32\CRYPT32.dll
0x00007ffa8bf20000 - 0x00007ffa8c078000 	C:\WINDOWS\SYSTEM32\drvstore.dll
0x00007ffa943f0000 - 0x00007ffa9441c000 	C:\WINDOWS\SYSTEM32\devobj.dll
0x00007ffa94420000 - 0x00007ffa9446e000 	C:\WINDOWS\SYSTEM32\cfgmgr32.dll
0x00007ffa93f70000 - 0x00007ffa93fb8000 	C:\WINDOWS\SYSTEM32\wldp.dll
0x00007ffa93ee0000 - 0x00007ffa93eec000 	C:\WINDOWS\SYSTEM32\cryptbase.dll
0x00007ffa95090000 - 0x00007ffa950fb000 	C:\WINDOWS\System32\WINTRUST.DLL
0x00007ffa95d40000 - 0x00007ffa95d5f000 	C:\WINDOWS\System32\imagehlp.dll
0x00007ffa93ec0000 - 0x00007ffa93edb000 	C:\WINDOWS\SYSTEM32\CRYPTSP.dll
0x00007ffa93700000 - 0x00007ffa93735000 	C:\WINDOWS\system32\rsaenh.dll
0x00007ffa94090000 - 0x00007ffa940b8000 	C:\WINDOWS\SYSTEM32\bcrypt.dll
0x00007ffa33d10000 - 0x00007ffa3551a000 	C:\WINDOWS\System32\DriverStore\FileRepository\nvlt.inf_amd64_7947c31fc944635c\nvd3dumx.dll
0x00007ffa8d750000 - 0x00007ffa8d798000 	C:\WINDOWS\SYSTEM32\directxdatabasehelper.dll
0x00007ffa6a9e0000 - 0x00007ffa6aa22000 	C:\Program Files\Zulu\zulu-19\bin\glass.dll
0x00007ffa95b20000 - 0x00007ffa95c17000 	C:\WINDOWS\System32\COMDLG32.dll
0x00007ffa96890000 - 0x00007ffa96a2c000 	C:\WINDOWS\System32\ole32.dll
0x00007ffa95240000 - 0x00007ffa9535e000 	C:\WINDOWS\System32\MSCTF.dll
0x00007ffa4c6b0000 - 0x00007ffa4c967000 	C:\WINDOWS\system32\nvspcap64.dll
0x00007ffa937b0000 - 0x00007ffa937e4000 	C:\WINDOWS\SYSTEM32\ntmarta.dll
0x00007ffa93c90000 - 0x00007ffa93cb6000 	C:\WINDOWS\SYSTEM32\gpapi.dll
0x00007ffa6eb40000 - 0x00007ffa6eb6d000 	C:\Program Files\Zulu\zulu-19\bin\javafx_iio.dll
0x00007ffa57c80000 - 0x00007ffa57d1f000 	C:\Program Files\Zulu\zulu-19\bin\glib-lite.dll
0x00007ffa48f60000 - 0x00007ffa4904e000 	C:\Program Files\Zulu\zulu-19\bin\gstreamer-lite.dll
0x00007ffa8db60000 - 0x00007ffa8dc02000 	C:\WINDOWS\SYSTEM32\DSOUND.dll
0x00007ffa609c0000 - 0x00007ffa60a71000 	C:\WINDOWS\SYSTEM32\ResampleDmo.DLL
0x00007ffa940c0000 - 0x00007ffa9410d000 	C:\WINDOWS\SYSTEM32\powrprof.dll
0x00007ffa7bdd0000 - 0x00007ffa7bdf9000 	C:\WINDOWS\SYSTEM32\winmmbase.dll
0x00007ffa8e470000 - 0x00007ffa8e47b000 	C:\WINDOWS\SYSTEM32\msdmo.dll
0x00007ffa94000000 - 0x00007ffa94013000 	C:\WINDOWS\SYSTEM32\UMPDC.dll
0x00007ffa67c00000 - 0x00007ffa67c24000 	C:\Program Files\Zulu\zulu-19\bin\jfxmedia.dll
0x00007ffa791d0000 - 0x00007ffa791e4000 	C:\Program Files\Zulu\zulu-19\bin\javafx_font.dll

dbghelp: loaded successfully - version: 4.0.5 - missing functions: none
symbol engine: initialized successfully - sym options: 0x614 - pdb path: .;C:\Program Files\Zulu\zulu-19\bin;C:\WINDOWS\SYSTEM32;C:\WINDOWS\WinSxS\amd64_microsoft.windows.common-controls_6595b64144ccf1df_6.0.22621.608_none_a9444ca7c10bb01d;C:\Program Files\Zulu\zulu-19\bin\server;C:\WINDOWS\System32\DriverStore\FileRepository\nvlt.inf_amd64_7947c31fc944635c;C:\Program Files\Common Files\Microsoft Shared\Ink;C:\Users\ulise\AppData\Local\Temp\jSerialComm\2.9.3

VM Arguments:
jvm_args: -Dfile.encoding=UTF-8 
java_command: GameMenuDemo
java_class_path (initial): C:\Users\ulise\Desktop\TEC\Algoritmos y estructura de datos I\BuscaMinas\ventana busca minas\lib\rxtx-2.1-7r2;C:\Users\ulise\Downloads\RXTXcomm.jar;C:\Users\ulise\Downloads\jSerialComm-2.9.3.zip;C:\Users\ulise\Downloads\jSerialComm-2.9.3.jar;C:\Users\ulise\Desktop\TEC\Algoritmos y estructura de datos I\BuscaMinas\ventana busca minas\build\classes
Launcher Type: SUN_STANDARD

[Global flags]
     intx CICompilerCount                          = 4                                         {product} {ergonomic}
     uint ConcGCThreads                            = 3                                         {product} {ergonomic}
     uint G1ConcRefinementThreads                  = 10                                        {product} {ergonomic}
   size_t G1HeapRegionSize                         = 1048576                                   {product} {ergonomic}
    uintx GCDrainStackTargetSize                   = 64                                        {product} {ergonomic}
   size_t InitialHeapSize                          = 134217728                                 {product} {ergonomic}
   size_t MarkStackSize                            = 4194304                                   {product} {ergonomic}
   size_t MaxHeapSize                              = 2124414976                                {product} {ergonomic}
   size_t MaxNewSize                               = 1274019840                                {product} {ergonomic}
   size_t MinHeapDeltaBytes                        = 1048576                                   {product} {ergonomic}
   size_t MinHeapSize                              = 8388608                                   {product} {ergonomic}
    uintx NonNMethodCodeHeapSize                   = 5839372                                {pd product} {ergonomic}
    uintx NonProfiledCodeHeapSize                  = 122909434                              {pd product} {ergonomic}
    uintx ProfiledCodeHeapSize                     = 122909434                              {pd product} {ergonomic}
    uintx ReservedCodeCacheSize                    = 251658240                              {pd product} {ergonomic}
     bool SegmentedCodeCache                       = true                                      {product} {ergonomic}
   size_t SoftMaxHeapSize                          = 2124414976                             {manageable} {ergonomic}
     bool UseCompressedClassPointers               = true                           {product lp64_product} {ergonomic}
     bool UseCompressedOops                        = true                           {product lp64_product} {ergonomic}
     bool UseG1GC                                  = true                                      {product} {ergonomic}
     bool UseLargePagesIndividualAllocation        = false                                  {pd product} {ergonomic}

Logging:
Log output configuration:
 #0: stdout all=warning uptime,level,tags foldmultilines=false
 #1: stderr all=off uptime,level,tags foldmultilines=false

Environment Variables:
PATH=C:\Program Files\Zulu\zulu-19\bin\;C:\Program Files\Common Files\Oracle\Java\javapath;C:\Program Files (x86)\Common Files\Oracle\Java\javapath;C:\Windows\system32;C:\Windows;C:\Windows\System32\Wbem;C:\Windows\System32\WindowsPowerShell\v1.0\;C:\Windows\System32\OpenSSH\;C:\Program Files (x86)\NVIDIA Corporation\PhysX\Common;C:\Program Files\NVIDIA Corporation\NVIDIA NvDLISR;C:\WINDOWS\system32;C:\WINDOWS;C:\WINDOWS\System32\Wbem;C:\WINDOWS\System32\WindowsPowerShell\v1.0\;C:\WINDOWS\System32\OpenSSH\;C:\Program Files\nodejs\;C:\Program Files\Git\cmd;C:\Users\ulise\AppData\Local\Microsoft\WindowsApps;C:\Users\ulise\AppData\Local\Programs\Microsoft VS Code\bin;C:\Users\ulise\AppData\Roaming\npm;C:\Users\ulise\AppData\Local\GitHubDesktop\bin
USERNAME=ulise
OS=Windows_NT
PROCESSOR_IDENTIFIER=Intel64 Family 6 Model 165 Stepping 2, GenuineIntel
TMP=C:\Users\ulise\AppData\Local\Temp
TEMP=C:\Users\ulise\AppData\Local\Temp



---------------  S Y S T E M  ---------------

OS:
 Windows 11 , 64 bit Build 22621 (10.0.22621.1485)
OS uptime: 8 days 5:04 hours

CPU: total 12 (initial active 12) (6 cores per cpu, 2 threads per core) family 6 model 165 stepping 2 microcode 0xe2, cx8, cmov, fxsr, ht, mmx, 3dnowpref, sse, sse2, sse3, ssse3, sse4.1, sse4.2, popcnt, lzcnt, tsc, tscinvbit, avx, avx2, aes, erms, clmul, bmi1, bmi2, adx, fma, vzeroupper, clflush, clflushopt, rdtscp

Memory: 4k page, system-wide physical 8099M (915M free)
TotalPageFile size 12195M (AvailPageFile size 127M)
current process WorkingSet (physical memory assigned to process): 389M, peak: 390M
current process commit charge ("private bytes"): 489M, peak: 626M

vm_info: OpenJDK 64-Bit Server VM (19.0.2+7) for windows-amd64 JRE (19.0.2+7) (Zulu19.32+15-CA), built on Dec 28 2022 19:25:40 by "zulu_re" with MS VC++ 16.10 / 16.11 (VS2019)

END.
