#
# There is insufficient memory for the Java Runtime Environment to continue.
# Native memory allocation (malloc) failed to allocate 837952 bytes for Chunk::new
# Possible reasons:
#   The system is out of physical RAM or swap space
#   The process is running with CompressedOops enabled, and the Java Heap may be blocking the growth of the native heap
# Possible solutions:
#   Reduce memory load on the system
#   Increase physical memory or swap space
#   Check if swap backing store is full
#   Decrease Java heap size (-Xmx/-Xms)
#   Decrease number of Java threads
#   Decrease Java thread stack sizes (-Xss)
#   Set larger code cache with -XX:ReservedCodeCacheSize=
#   JVM is running with Unscaled Compressed Oops mode in which the Java heap is
#     placed in the first 4GB address space. The Java Heap base address is the
#     maximum limit for the native heap growth. Please use -XX:HeapBaseMinAddress
#     to set the Java Heap base and to place the Java Heap above 4GB virtual address.
# This output file may be truncated or incomplete.
#
#  Out of Memory Error (arena.cpp:184), pid=13332, tid=4972
#
# JRE version: OpenJDK Runtime Environment Zulu19.32+15-CA (19.0.2+7) (build 19.0.2+7)
# Java VM: OpenJDK 64-Bit Server VM Zulu19.32+15-CA (19.0.2+7, mixed mode, sharing, tiered, compressed oops, compressed class ptrs, g1 gc, windows-amd64)
# No core dump will be written. Minidumps are not enabled by default on client versions of Windows
#

---------------  S U M M A R Y ------------

Command Line: -Dfile.encoding=UTF-8 BuscaminasFX

Host: Intel(R) Core(TM) i7-10750H CPU @ 2.60GHz, 12 cores, 7G,  Windows 11 , 64 bit Build 22621 (10.0.22621.1344)
Time: Sat Mar 18 01:15:54 2023 Hora estándar, América Central elapsed time: 1.129330 seconds (0d 0h 0m 1s)

---------------  T H R E A D  ---------------

Current thread (0x000001d1ff192c70):  JavaThread "C2 CompilerThread0" daemon [_thread_in_native, id=4972, stack(0x000000cb9b400000,0x000000cb9b500000)]


Current CompileTask:
C2:   1130 1804       4       com.sun.marlin.Renderer::_endRendering (2473 bytes)

Stack: [0x000000cb9b400000,0x000000cb9b500000]
Native frames: (J=compiled Java code, j=interpreted, Vv=VM code, C=native code)
V  [jvm.dll+0x6eab2a]
V  [jvm.dll+0x8a4a20]
V  [jvm.dll+0x8a640e]
V  [jvm.dll+0x8a6ac3]
V  [jvm.dll+0x27c1ef]
V  [jvm.dll+0xc245f]
V  [jvm.dll+0xc27d5]
V  [jvm.dll+0x3b80ab]
V  [jvm.dll+0x1e6f08]
V  [jvm.dll+0x245a2d]
V  [jvm.dll+0x244c71]
V  [jvm.dll+0x1cf9a1]
V  [jvm.dll+0x254799]
V  [jvm.dll+0x2529a8]
V  [jvm.dll+0x854e98]
V  [jvm.dll+0x84ec7a]
V  [jvm.dll+0x6e981b]
C  [ucrtbase.dll+0x29363]
C  [KERNEL32.DLL+0x126bd]
C  [ntdll.dll+0x5a9f8]


---------------  P R O C E S S  ---------------

Threads class SMR info:
_java_thread_list=0x000001d19ca0fb50, length=19, elements={
0x000001d1f0288d60, 0x000001d1ff186460, 0x000001d1ff187030, 0x000001d1ff18dc30,
0x000001d1ff1908d0, 0x000001d1ff1913a0, 0x000001d1ff191e70, 0x000001d1ff192c70,
0x000001d1ff196c80, 0x000001d1ff1a17b0, 0x000001d1ff41e190, 0x000001d1ff422ef0,
0x000001d1ff664b70, 0x000001d1ff6ad0f0, 0x000001d1ff6ad630, 0x000001d195262920,
0x000001d1952633c0, 0x000001d1952623d0, 0x000001d19cdd5ae0
}

Java Threads: ( => current thread )
  0x000001d1f0288d60 JavaThread "main" [_thread_blocked, id=19692, stack(0x000000cb9a700000,0x000000cb9a800000)]
  0x000001d1ff186460 JavaThread "Reference Handler" daemon [_thread_blocked, id=352, stack(0x000000cb9ae00000,0x000000cb9af00000)]
  0x000001d1ff187030 JavaThread "Finalizer" daemon [_thread_blocked, id=5576, stack(0x000000cb9af00000,0x000000cb9b000000)]
  0x000001d1ff18dc30 JavaThread "Signal Dispatcher" daemon [_thread_blocked, id=16592, stack(0x000000cb9b000000,0x000000cb9b100000)]
  0x000001d1ff1908d0 JavaThread "Attach Listener" daemon [_thread_blocked, id=2952, stack(0x000000cb9b100000,0x000000cb9b200000)]
  0x000001d1ff1913a0 JavaThread "Service Thread" daemon [_thread_blocked, id=17364, stack(0x000000cb9b200000,0x000000cb9b300000)]
  0x000001d1ff191e70 JavaThread "Monitor Deflation Thread" daemon [_thread_blocked, id=6592, stack(0x000000cb9b300000,0x000000cb9b400000)]
=>0x000001d1ff192c70 JavaThread "C2 CompilerThread0" daemon [_thread_in_native, id=4972, stack(0x000000cb9b400000,0x000000cb9b500000)]
  0x000001d1ff196c80 JavaThread "C1 CompilerThread0" daemon [_thread_blocked, id=18816, stack(0x000000cb9b500000,0x000000cb9b600000)]
  0x000001d1ff1a17b0 JavaThread "Sweeper thread" daemon [_thread_blocked, id=17196, stack(0x000000cb9b600000,0x000000cb9b700000)]
  0x000001d1ff41e190 JavaThread "Notification Thread" daemon [_thread_blocked, id=18644, stack(0x000000cb9b700000,0x000000cb9b800000)]
  0x000001d1ff422ef0 JavaThread "Common-Cleaner" daemon [_thread_blocked, id=348, stack(0x000000cb9b900000,0x000000cb9ba00000)]
  0x000001d1ff664b70 JavaThread "QuantumRenderer-0" daemon [_thread_blocked, id=18804, stack(0x000000cb9ba00000,0x000000cb9bb00000)]
  0x000001d1ff6ad0f0 JavaThread "InvokeLaterDispatcher" daemon [_thread_blocked, id=17136, stack(0x000000cb9bc00000,0x000000cb9bd00000)]
  0x000001d1ff6ad630 JavaThread "JavaFX Application Thread" [_thread_in_native, id=18524, stack(0x000000cb9bd00000,0x000000cb9be00000)]
  0x000001d195262920 JavaThread "JavaFX-Launcher" [_thread_blocked, id=2736, stack(0x000000cb9c100000,0x000000cb9c200000)]
  0x000001d1952633c0 JavaThread "Thread-2" daemon [_thread_in_native, id=6500, stack(0x000000cb9c000000,0x000000cb9c100000)]
  0x000001d1952623d0 JavaThread "Prism Font Disposer" daemon [_thread_blocked, id=2904, stack(0x000000cb9c600000,0x000000cb9c700000)]
  0x000001d19cdd5ae0 JavaThread "Cleaner-0" daemon [_thread_blocked, id=12536, stack(0x000000cb9c700000,0x000000cb9c800000)]

Other Threads:
  0x000001d1ff16f3f0 VMThread "VM Thread" [stack: 0x000000cb9ad00000,0x000000cb9ae00000] [id=17124]
  0x000001d1ff41f0f0 WatcherThread "VM Periodic Task Thread" [stack: 0x000000cb9b800000,0x000000cb9b900000] [id=18904]
  0x000001d1f02e84b0 WorkerThread "GC Thread#0" [stack: 0x000000cb9a800000,0x000000cb9a900000] [id=14948]
  0x000001d1f02f92c0 ConcurrentGCThread "G1 Main Marker" [stack: 0x000000cb9a900000,0x000000cb9aa00000] [id=7596]
  0x000001d1f02f9c00 WorkerThread "G1 Conc#0" [stack: 0x000000cb9aa00000,0x000000cb9ab00000] [id=13836]
  0x000001d1f033e7a0 ConcurrentGCThread "G1 Refine#0" [stack: 0x000000cb9ab00000,0x000000cb9ac00000] [id=18552]
  0x000001d1ff02d290 ConcurrentGCThread "G1 Service" [stack: 0x000000cb9ac00000,0x000000cb9ad00000] [id=7816]

Threads with active compile tasks:
C2 CompilerThread0     1169 1804       4       com.sun.marlin.Renderer::_endRendering (2473 bytes)

VM state: not at safepoint (normal execution)

VM Mutex/Monitor currently owned by a thread: None

Heap address: 0x0000000082000000, size: 2016 MB, Compressed Oops mode: 32-bit

CDS archive(s) mapped at: [0x0000000800000000-0x0000000800c40000-0x0000000800c40000), size 12845056, SharedBaseAddress: 0x0000000800000000, ArchiveRelocationMode: 0.
Compressed class space mapped at: 0x0000000801000000-0x0000000841000000, reserved size: 1073741824
Narrow klass base: 0x0000000800000000, Narrow klass shift: 0, Narrow klass range: 0x100000000

GC Precious Log:
 CardTable entry size: 512
 Card Set container configuration: InlinePtr #cards 5 size 8 Array Of Cards #cards 12 size 40 Howl #buckets 4 coarsen threshold 1843 Howl Bitmap #cards 512 size 80 coarsen threshold 460 Card regions per heap region 1 cards per card region 2048
 CPUs: 12 total, 12 available
 Memory: 8059M
 Large Page Support: Disabled
 NUMA Support: Disabled
 Compressed Oops: Enabled (32-bit)
 Heap Region Size: 1M
 Heap Min Capacity: 8M
 Heap Initial Capacity: 126M
 Heap Max Capacity: 2016M
 Pre-touch: Disabled
 Parallel Workers: 10
 Concurrent Workers: 3
 Concurrent Refinement Workers: 10
 Periodic GC: Disabled

Heap:
 garbage-first heap   total 129024K, used 17408K [0x0000000082000000, 0x0000000100000000)
  region size 1024K, 17 young (17408K), 0 survivors (0K)
 Metaspace       used 10819K, committed 11072K, reserved 1114112K
  class space    used 1465K, committed 1600K, reserved 1048576K

Heap Regions: E=young(eden), S=young(survivor), O=old, HS=humongous(starts), HC=humongous(continues), CS=collection set, F=free, OA=open archive, CA=closed archive, TAMS=top-at-mark-start (previous, next)
|   0|0x0000000082000000, 0x0000000082100000, 0x0000000082100000|100%|HS|  |TAMS 0x0000000082000000, 0x0000000082000000| Complete 
|   1|0x0000000082100000, 0x0000000082200000, 0x0000000082200000|100%|HC|  |TAMS 0x0000000082100000, 0x0000000082100000| Complete 
|   2|0x0000000082200000, 0x0000000082200000, 0x0000000082300000|  0%| F|  |TAMS 0x0000000082200000, 0x0000000082200000| Untracked 
|   3|0x0000000082300000, 0x0000000082300000, 0x0000000082400000|  0%| F|  |TAMS 0x0000000082300000, 0x0000000082300000| Untracked 
|   4|0x0000000082400000, 0x0000000082400000, 0x0000000082500000|  0%| F|  |TAMS 0x0000000082400000, 0x0000000082400000| Untracked 
|   5|0x0000000082500000, 0x0000000082500000, 0x0000000082600000|  0%| F|  |TAMS 0x0000000082500000, 0x0000000082500000| Untracked 
|   6|0x0000000082600000, 0x0000000082600000, 0x0000000082700000|  0%| F|  |TAMS 0x0000000082600000, 0x0000000082600000| Untracked 
|   7|0x0000000082700000, 0x0000000082700000, 0x0000000082800000|  0%| F|  |TAMS 0x0000000082700000, 0x0000000082700000| Untracked 
|   8|0x0000000082800000, 0x0000000082800000, 0x0000000082900000|  0%| F|  |TAMS 0x0000000082800000, 0x0000000082800000| Untracked 
|   9|0x0000000082900000, 0x0000000082900000, 0x0000000082a00000|  0%| F|  |TAMS 0x0000000082900000, 0x0000000082900000| Untracked 
|  10|0x0000000082a00000, 0x0000000082a00000, 0x0000000082b00000|  0%| F|  |TAMS 0x0000000082a00000, 0x0000000082a00000| Untracked 
|  11|0x0000000082b00000, 0x0000000082b00000, 0x0000000082c00000|  0%| F|  |TAMS 0x0000000082b00000, 0x0000000082b00000| Untracked 
|  12|0x0000000082c00000, 0x0000000082c00000, 0x0000000082d00000|  0%| F|  |TAMS 0x0000000082c00000, 0x0000000082c00000| Untracked 
|  13|0x0000000082d00000, 0x0000000082d00000, 0x0000000082e00000|  0%| F|  |TAMS 0x0000000082d00000, 0x0000000082d00000| Untracked 
|  14|0x0000000082e00000, 0x0000000082e00000, 0x0000000082f00000|  0%| F|  |TAMS 0x0000000082e00000, 0x0000000082e00000| Untracked 
|  15|0x0000000082f00000, 0x0000000082f00000, 0x0000000083000000|  0%| F|  |TAMS 0x0000000082f00000, 0x0000000082f00000| Untracked 
|  16|0x0000000083000000, 0x0000000083000000, 0x0000000083100000|  0%| F|  |TAMS 0x0000000083000000, 0x0000000083000000| Untracked 
|  17|0x0000000083100000, 0x0000000083100000, 0x0000000083200000|  0%| F|  |TAMS 0x0000000083100000, 0x0000000083100000| Untracked 
|  18|0x0000000083200000, 0x0000000083200000, 0x0000000083300000|  0%| F|  |TAMS 0x0000000083200000, 0x0000000083200000| Untracked 
|  19|0x0000000083300000, 0x0000000083300000, 0x0000000083400000|  0%| F|  |TAMS 0x0000000083300000, 0x0000000083300000| Untracked 
|  20|0x0000000083400000, 0x0000000083400000, 0x0000000083500000|  0%| F|  |TAMS 0x0000000083400000, 0x0000000083400000| Untracked 
|  21|0x0000000083500000, 0x0000000083500000, 0x0000000083600000|  0%| F|  |TAMS 0x0000000083500000, 0x0000000083500000| Untracked 
|  22|0x0000000083600000, 0x0000000083600000, 0x0000000083700000|  0%| F|  |TAMS 0x0000000083600000, 0x0000000083600000| Untracked 
|  23|0x0000000083700000, 0x0000000083700000, 0x0000000083800000|  0%| F|  |TAMS 0x0000000083700000, 0x0000000083700000| Untracked 
|  24|0x0000000083800000, 0x0000000083800000, 0x0000000083900000|  0%| F|  |TAMS 0x0000000083800000, 0x0000000083800000| Untracked 
|  25|0x0000000083900000, 0x0000000083900000, 0x0000000083a00000|  0%| F|  |TAMS 0x0000000083900000, 0x0000000083900000| Untracked 
|  26|0x0000000083a00000, 0x0000000083a00000, 0x0000000083b00000|  0%| F|  |TAMS 0x0000000083a00000, 0x0000000083a00000| Untracked 
|  27|0x0000000083b00000, 0x0000000083b00000, 0x0000000083c00000|  0%| F|  |TAMS 0x0000000083b00000, 0x0000000083b00000| Untracked 
|  28|0x0000000083c00000, 0x0000000083c00000, 0x0000000083d00000|  0%| F|  |TAMS 0x0000000083c00000, 0x0000000083c00000| Untracked 
|  29|0x0000000083d00000, 0x0000000083d00000, 0x0000000083e00000|  0%| F|  |TAMS 0x0000000083d00000, 0x0000000083d00000| Untracked 
|  30|0x0000000083e00000, 0x0000000083e00000, 0x0000000083f00000|  0%| F|  |TAMS 0x0000000083e00000, 0x0000000083e00000| Untracked 
|  31|0x0000000083f00000, 0x0000000083f00000, 0x0000000084000000|  0%| F|  |TAMS 0x0000000083f00000, 0x0000000083f00000| Untracked 
|  32|0x0000000084000000, 0x0000000084000000, 0x0000000084100000|  0%| F|  |TAMS 0x0000000084000000, 0x0000000084000000| Untracked 
|  33|0x0000000084100000, 0x0000000084100000, 0x0000000084200000|  0%| F|  |TAMS 0x0000000084100000, 0x0000000084100000| Untracked 
|  34|0x0000000084200000, 0x0000000084200000, 0x0000000084300000|  0%| F|  |TAMS 0x0000000084200000, 0x0000000084200000| Untracked 
|  35|0x0000000084300000, 0x0000000084300000, 0x0000000084400000|  0%| F|  |TAMS 0x0000000084300000, 0x0000000084300000| Untracked 
|  36|0x0000000084400000, 0x0000000084400000, 0x0000000084500000|  0%| F|  |TAMS 0x0000000084400000, 0x0000000084400000| Untracked 
|  37|0x0000000084500000, 0x0000000084500000, 0x0000000084600000|  0%| F|  |TAMS 0x0000000084500000, 0x0000000084500000| Untracked 
|  38|0x0000000084600000, 0x0000000084600000, 0x0000000084700000|  0%| F|  |TAMS 0x0000000084600000, 0x0000000084600000| Untracked 
|  39|0x0000000084700000, 0x0000000084700000, 0x0000000084800000|  0%| F|  |TAMS 0x0000000084700000, 0x0000000084700000| Untracked 
|  40|0x0000000084800000, 0x0000000084800000, 0x0000000084900000|  0%| F|  |TAMS 0x0000000084800000, 0x0000000084800000| Untracked 
|  41|0x0000000084900000, 0x0000000084900000, 0x0000000084a00000|  0%| F|  |TAMS 0x0000000084900000, 0x0000000084900000| Untracked 
|  42|0x0000000084a00000, 0x0000000084a00000, 0x0000000084b00000|  0%| F|  |TAMS 0x0000000084a00000, 0x0000000084a00000| Untracked 
|  43|0x0000000084b00000, 0x0000000084b00000, 0x0000000084c00000|  0%| F|  |TAMS 0x0000000084b00000, 0x0000000084b00000| Untracked 
|  44|0x0000000084c00000, 0x0000000084c00000, 0x0000000084d00000|  0%| F|  |TAMS 0x0000000084c00000, 0x0000000084c00000| Untracked 
|  45|0x0000000084d00000, 0x0000000084d00000, 0x0000000084e00000|  0%| F|  |TAMS 0x0000000084d00000, 0x0000000084d00000| Untracked 
|  46|0x0000000084e00000, 0x0000000084e00000, 0x0000000084f00000|  0%| F|  |TAMS 0x0000000084e00000, 0x0000000084e00000| Untracked 
|  47|0x0000000084f00000, 0x0000000084f00000, 0x0000000085000000|  0%| F|  |TAMS 0x0000000084f00000, 0x0000000084f00000| Untracked 
|  48|0x0000000085000000, 0x0000000085000000, 0x0000000085100000|  0%| F|  |TAMS 0x0000000085000000, 0x0000000085000000| Untracked 
|  49|0x0000000085100000, 0x0000000085100000, 0x0000000085200000|  0%| F|  |TAMS 0x0000000085100000, 0x0000000085100000| Untracked 
|  50|0x0000000085200000, 0x0000000085200000, 0x0000000085300000|  0%| F|  |TAMS 0x0000000085200000, 0x0000000085200000| Untracked 
|  51|0x0000000085300000, 0x0000000085300000, 0x0000000085400000|  0%| F|  |TAMS 0x0000000085300000, 0x0000000085300000| Untracked 
|  52|0x0000000085400000, 0x0000000085400000, 0x0000000085500000|  0%| F|  |TAMS 0x0000000085400000, 0x0000000085400000| Untracked 
|  53|0x0000000085500000, 0x0000000085500000, 0x0000000085600000|  0%| F|  |TAMS 0x0000000085500000, 0x0000000085500000| Untracked 
|  54|0x0000000085600000, 0x0000000085600000, 0x0000000085700000|  0%| F|  |TAMS 0x0000000085600000, 0x0000000085600000| Untracked 
|  55|0x0000000085700000, 0x0000000085700000, 0x0000000085800000|  0%| F|  |TAMS 0x0000000085700000, 0x0000000085700000| Untracked 
|  56|0x0000000085800000, 0x0000000085800000, 0x0000000085900000|  0%| F|  |TAMS 0x0000000085800000, 0x0000000085800000| Untracked 
|  57|0x0000000085900000, 0x0000000085900000, 0x0000000085a00000|  0%| F|  |TAMS 0x0000000085900000, 0x0000000085900000| Untracked 
|  58|0x0000000085a00000, 0x0000000085a00000, 0x0000000085b00000|  0%| F|  |TAMS 0x0000000085a00000, 0x0000000085a00000| Untracked 
|  59|0x0000000085b00000, 0x0000000085b00000, 0x0000000085c00000|  0%| F|  |TAMS 0x0000000085b00000, 0x0000000085b00000| Untracked 
|  60|0x0000000085c00000, 0x0000000085c00000, 0x0000000085d00000|  0%| F|  |TAMS 0x0000000085c00000, 0x0000000085c00000| Untracked 
|  61|0x0000000085d00000, 0x0000000085d00000, 0x0000000085e00000|  0%| F|  |TAMS 0x0000000085d00000, 0x0000000085d00000| Untracked 
|  62|0x0000000085e00000, 0x0000000085e00000, 0x0000000085f00000|  0%| F|  |TAMS 0x0000000085e00000, 0x0000000085e00000| Untracked 
|  63|0x0000000085f00000, 0x0000000085f00000, 0x0000000086000000|  0%| F|  |TAMS 0x0000000085f00000, 0x0000000085f00000| Untracked 
|  64|0x0000000086000000, 0x0000000086000000, 0x0000000086100000|  0%| F|  |TAMS 0x0000000086000000, 0x0000000086000000| Untracked 
|  65|0x0000000086100000, 0x0000000086100000, 0x0000000086200000|  0%| F|  |TAMS 0x0000000086100000, 0x0000000086100000| Untracked 
|  66|0x0000000086200000, 0x0000000086200000, 0x0000000086300000|  0%| F|  |TAMS 0x0000000086200000, 0x0000000086200000| Untracked 
|  67|0x0000000086300000, 0x0000000086300000, 0x0000000086400000|  0%| F|  |TAMS 0x0000000086300000, 0x0000000086300000| Untracked 
|  68|0x0000000086400000, 0x0000000086400000, 0x0000000086500000|  0%| F|  |TAMS 0x0000000086400000, 0x0000000086400000| Untracked 
|  69|0x0000000086500000, 0x0000000086500000, 0x0000000086600000|  0%| F|  |TAMS 0x0000000086500000, 0x0000000086500000| Untracked 
|  70|0x0000000086600000, 0x0000000086600000, 0x0000000086700000|  0%| F|  |TAMS 0x0000000086600000, 0x0000000086600000| Untracked 
|  71|0x0000000086700000, 0x0000000086700000, 0x0000000086800000|  0%| F|  |TAMS 0x0000000086700000, 0x0000000086700000| Untracked 
|  72|0x0000000086800000, 0x0000000086800000, 0x0000000086900000|  0%| F|  |TAMS 0x0000000086800000, 0x0000000086800000| Untracked 
|  73|0x0000000086900000, 0x0000000086900000, 0x0000000086a00000|  0%| F|  |TAMS 0x0000000086900000, 0x0000000086900000| Untracked 
|  74|0x0000000086a00000, 0x0000000086a00000, 0x0000000086b00000|  0%| F|  |TAMS 0x0000000086a00000, 0x0000000086a00000| Untracked 
|  75|0x0000000086b00000, 0x0000000086b00000, 0x0000000086c00000|  0%| F|  |TAMS 0x0000000086b00000, 0x0000000086b00000| Untracked 
|  76|0x0000000086c00000, 0x0000000086c00000, 0x0000000086d00000|  0%| F|  |TAMS 0x0000000086c00000, 0x0000000086c00000| Untracked 
|  77|0x0000000086d00000, 0x0000000086d00000, 0x0000000086e00000|  0%| F|  |TAMS 0x0000000086d00000, 0x0000000086d00000| Untracked 
|  78|0x0000000086e00000, 0x0000000086e00000, 0x0000000086f00000|  0%| F|  |TAMS 0x0000000086e00000, 0x0000000086e00000| Untracked 
|  79|0x0000000086f00000, 0x0000000086f00000, 0x0000000087000000|  0%| F|  |TAMS 0x0000000086f00000, 0x0000000086f00000| Untracked 
|  80|0x0000000087000000, 0x0000000087000000, 0x0000000087100000|  0%| F|  |TAMS 0x0000000087000000, 0x0000000087000000| Untracked 
|  81|0x0000000087100000, 0x0000000087100000, 0x0000000087200000|  0%| F|  |TAMS 0x0000000087100000, 0x0000000087100000| Untracked 
|  82|0x0000000087200000, 0x0000000087200000, 0x0000000087300000|  0%| F|  |TAMS 0x0000000087200000, 0x0000000087200000| Untracked 
|  83|0x0000000087300000, 0x0000000087300000, 0x0000000087400000|  0%| F|  |TAMS 0x0000000087300000, 0x0000000087300000| Untracked 
|  84|0x0000000087400000, 0x0000000087400000, 0x0000000087500000|  0%| F|  |TAMS 0x0000000087400000, 0x0000000087400000| Untracked 
|  85|0x0000000087500000, 0x0000000087500000, 0x0000000087600000|  0%| F|  |TAMS 0x0000000087500000, 0x0000000087500000| Untracked 
|  86|0x0000000087600000, 0x0000000087600000, 0x0000000087700000|  0%| F|  |TAMS 0x0000000087600000, 0x0000000087600000| Untracked 
|  87|0x0000000087700000, 0x0000000087700000, 0x0000000087800000|  0%| F|  |TAMS 0x0000000087700000, 0x0000000087700000| Untracked 
|  88|0x0000000087800000, 0x0000000087800000, 0x0000000087900000|  0%| F|  |TAMS 0x0000000087800000, 0x0000000087800000| Untracked 
|  89|0x0000000087900000, 0x0000000087900000, 0x0000000087a00000|  0%| F|  |TAMS 0x0000000087900000, 0x0000000087900000| Untracked 
|  90|0x0000000087a00000, 0x0000000087a00000, 0x0000000087b00000|  0%| F|  |TAMS 0x0000000087a00000, 0x0000000087a00000| Untracked 
|  91|0x0000000087b00000, 0x0000000087b00000, 0x0000000087c00000|  0%| F|  |TAMS 0x0000000087b00000, 0x0000000087b00000| Untracked 
|  92|0x0000000087c00000, 0x0000000087c00000, 0x0000000087d00000|  0%| F|  |TAMS 0x0000000087c00000, 0x0000000087c00000| Untracked 
|  93|0x0000000087d00000, 0x0000000087d00000, 0x0000000087e00000|  0%| F|  |TAMS 0x0000000087d00000, 0x0000000087d00000| Untracked 
|  94|0x0000000087e00000, 0x0000000087e00000, 0x0000000087f00000|  0%| F|  |TAMS 0x0000000087e00000, 0x0000000087e00000| Untracked 
|  95|0x0000000087f00000, 0x0000000087f00000, 0x0000000088000000|  0%| F|  |TAMS 0x0000000087f00000, 0x0000000087f00000| Untracked 
|  96|0x0000000088000000, 0x0000000088000000, 0x0000000088100000|  0%| F|  |TAMS 0x0000000088000000, 0x0000000088000000| Untracked 
|  97|0x0000000088100000, 0x0000000088100000, 0x0000000088200000|  0%| F|  |TAMS 0x0000000088100000, 0x0000000088100000| Untracked 
|  98|0x0000000088200000, 0x0000000088200000, 0x0000000088300000|  0%| F|  |TAMS 0x0000000088200000, 0x0000000088200000| Untracked 
|  99|0x0000000088300000, 0x0000000088300000, 0x0000000088400000|  0%| F|  |TAMS 0x0000000088300000, 0x0000000088300000| Untracked 
| 100|0x0000000088400000, 0x0000000088400000, 0x0000000088500000|  0%| F|  |TAMS 0x0000000088400000, 0x0000000088400000| Untracked 
| 101|0x0000000088500000, 0x0000000088500000, 0x0000000088600000|  0%| F|  |TAMS 0x0000000088500000, 0x0000000088500000| Untracked 
| 102|0x0000000088600000, 0x0000000088600000, 0x0000000088700000|  0%| F|  |TAMS 0x0000000088600000, 0x0000000088600000| Untracked 
| 103|0x0000000088700000, 0x0000000088700000, 0x0000000088800000|  0%| F|  |TAMS 0x0000000088700000, 0x0000000088700000| Untracked 
| 104|0x0000000088800000, 0x0000000088800000, 0x0000000088900000|  0%| F|  |TAMS 0x0000000088800000, 0x0000000088800000| Untracked 
| 105|0x0000000088900000, 0x0000000088900000, 0x0000000088a00000|  0%| F|  |TAMS 0x0000000088900000, 0x0000000088900000| Untracked 
| 106|0x0000000088a00000, 0x0000000088a00000, 0x0000000088b00000|  0%| F|  |TAMS 0x0000000088a00000, 0x0000000088a00000| Untracked 
| 107|0x0000000088b00000, 0x0000000088b00000, 0x0000000088c00000|  0%| F|  |TAMS 0x0000000088b00000, 0x0000000088b00000| Untracked 
| 108|0x0000000088c00000, 0x0000000088c00000, 0x0000000088d00000|  0%| F|  |TAMS 0x0000000088c00000, 0x0000000088c00000| Untracked 
| 109|0x0000000088d00000, 0x0000000088e00000, 0x0000000088e00000|100%| E|  |TAMS 0x0000000088d00000, 0x0000000088d00000| Complete 
| 110|0x0000000088e00000, 0x0000000088f00000, 0x0000000088f00000|100%| E|CS|TAMS 0x0000000088e00000, 0x0000000088e00000| Complete 
| 111|0x0000000088f00000, 0x0000000089000000, 0x0000000089000000|100%| E|CS|TAMS 0x0000000088f00000, 0x0000000088f00000| Complete 
| 112|0x0000000089000000, 0x0000000089100000, 0x0000000089100000|100%| E|CS|TAMS 0x0000000089000000, 0x0000000089000000| Complete 
| 113|0x0000000089100000, 0x0000000089200000, 0x0000000089200000|100%| E|CS|TAMS 0x0000000089100000, 0x0000000089100000| Complete 
| 114|0x0000000089200000, 0x0000000089300000, 0x0000000089300000|100%| E|CS|TAMS 0x0000000089200000, 0x0000000089200000| Complete 
| 115|0x0000000089300000, 0x0000000089400000, 0x0000000089400000|100%| E|CS|TAMS 0x0000000089300000, 0x0000000089300000| Complete 
| 116|0x0000000089400000, 0x0000000089500000, 0x0000000089500000|100%| E|CS|TAMS 0x0000000089400000, 0x0000000089400000| Complete 
| 117|0x0000000089500000, 0x0000000089600000, 0x0000000089600000|100%| E|CS|TAMS 0x0000000089500000, 0x0000000089500000| Complete 
| 118|0x0000000089600000, 0x0000000089700000, 0x0000000089700000|100%| E|  |TAMS 0x0000000089600000, 0x0000000089600000| Complete 
| 119|0x0000000089700000, 0x0000000089800000, 0x0000000089800000|100%| E|CS|TAMS 0x0000000089700000, 0x0000000089700000| Complete 
| 120|0x0000000089800000, 0x0000000089900000, 0x0000000089900000|100%| E|CS|TAMS 0x0000000089800000, 0x0000000089800000| Complete 
| 121|0x0000000089900000, 0x0000000089a00000, 0x0000000089a00000|100%| E|CS|TAMS 0x0000000089900000, 0x0000000089900000| Complete 
| 122|0x0000000089a00000, 0x0000000089b00000, 0x0000000089b00000|100%| E|CS|TAMS 0x0000000089a00000, 0x0000000089a00000| Complete 
| 123|0x0000000089b00000, 0x0000000089c00000, 0x0000000089c00000|100%| E|CS|TAMS 0x0000000089b00000, 0x0000000089b00000| Complete 
| 124|0x0000000089c00000, 0x0000000089d00000, 0x0000000089d00000|100%| E|CS|TAMS 0x0000000089c00000, 0x0000000089c00000| Complete 
| 125|0x0000000089d00000, 0x0000000089e00000, 0x0000000089e00000|100%| E|CS|TAMS 0x0000000089d00000, 0x0000000089d00000| Complete 

Card table byte_map: [0x000001d1f9e20000,0x000001d1fa210000] _byte_map_base: 0x000001d1f9a10000

Marking Bits (Prev, Next): (CMBitMap*) 0x000001d1f02e89f0, (CMBitMap*) 0x000001d1f02e8a30
 Prev Bits: [0x000001d1fa600000, 0x000001d1fc580000)
 Next Bits: [0x000001d1fc580000, 0x000001d1fe500000)

Polling page: 0x000001d1efa40000

Metaspace:

Usage:
  Non-class:      9.14 MB used.
      Class:      1.43 MB used.
       Both:     10.57 MB used.

Virtual space:
  Non-class space:       64.00 MB reserved,       9.25 MB ( 14%) committed,  1 nodes.
      Class space:        1.00 GB reserved,       1.56 MB ( <1%) committed,  1 nodes.
             Both:        1.06 GB reserved,      10.81 MB ( <1%) committed. 

Chunk freelists:
   Non-Class:  608.00 KB
       Class:  2.41 MB
        Both:  3.00 MB

MaxMetaspaceSize: unlimited
CompressedClassSpaceSize: 1.00 GB
Initial GC threshold: 21.00 MB
Current GC threshold: 21.00 MB
CDS: on
MetaspaceReclaimPolicy: balanced
 - commit_granule_bytes: 65536.
 - commit_granule_words: 8192.
 - virtual_space_node_default_size: 8388608.
 - enlarge_chunks_in_place: 1.
 - new_chunks_are_fully_committed: 0.
 - uncommit_free_chunks: 1.
 - use_allocation_guard: 0.


Internal statistics:

num_allocs_failed_limit: 0.
num_arena_births: 194.
num_arena_deaths: 0.
num_vsnodes_births: 2.
num_vsnodes_deaths: 0.
num_space_committed: 173.
num_space_uncommitted: 0.
num_chunks_returned_to_freelist: 0.
num_chunks_taken_from_freelist: 571.
num_chunk_merges: 0.
num_chunk_splits: 406.
num_chunks_enlarged: 332.
num_inconsistent_stats: 0.

CodeHeap 'non-profiled nmethods': size=120000Kb used=685Kb max_used=685Kb free=119314Kb
 bounds [0x000001d187ad0000, 0x000001d187d40000, 0x000001d18f000000]
CodeHeap 'profiled nmethods': size=120000Kb used=3207Kb max_used=3207Kb free=116792Kb
 bounds [0x000001d180000000, 0x000001d180330000, 0x000001d187530000]
CodeHeap 'non-nmethods': size=5760Kb used=1485Kb max_used=1516Kb free=4274Kb
 bounds [0x000001d187530000, 0x000001d1877a0000, 0x000001d187ad0000]
 total_blobs=2638 nmethods=1877 adapters=671
 compilation: enabled
              stopped_count=0, restarted_count=0
 full_count=0

Compilation events (20 events):
Event: 1.119 Thread 0x000001d1ff196c80 nmethod 1824 0x000001d1802f9310 code [0x000001d1802f94e0, 0x000001d1802f9b98]
Event: 1.119 Thread 0x000001d1ff196c80 1825       3       com.sun.prism.impl.ps.BaseShaderContext::setRenderTarget (278 bytes)
Event: 1.120 Thread 0x000001d1ff196c80 nmethod 1825 0x000001d1802f9d10 code [0x000001d1802f9fc0, 0x000001d1802fb1b8]
Event: 1.120 Thread 0x000001d1ff196c80 1832       3       com.sun.prism.impl.ps.BaseShaderContext::setTexture (52 bytes)
Event: 1.120 Thread 0x000001d1ff196c80 nmethod 1832 0x000001d1802fb590 code [0x000001d1802fb7a0, 0x000001d1802fbfd8]
Event: 1.120 Thread 0x000001d1ff196c80 1829       3       com.sun.prism.impl.ps.BaseShaderContext::checkState (211 bytes)
Event: 1.121 Thread 0x000001d1ff196c80 nmethod 1829 0x000001d1802fc290 code [0x000001d1802fc5a0, 0x000001d1802fda08]
Event: 1.121 Thread 0x000001d1ff196c80 1834       3       com.sun.javafx.geom.Path2D::append (216 bytes)
Event: 1.121 Thread 0x000001d1ff196c80 nmethod 1834 0x000001d1802fe110 code [0x000001d1802fe360, 0x000001d1802fed18]
Event: 1.121 Thread 0x000001d1ff196c80 1831       3       com.sun.prism.impl.BaseGraphics::isAlphaTestShader (26 bytes)
Event: 1.121 Thread 0x000001d1ff196c80 nmethod 1831 0x000001d1802fef90 code [0x000001d1802ff140, 0x000001d1802ff438]
Event: 1.121 Thread 0x000001d1ff196c80 1833       3       com.sun.prism.impl.VertexBuffer::addQuad (444 bytes)
Event: 1.122 Thread 0x000001d1ff196c80 nmethod 1833 0x000001d1802ff510 code [0x000001d1802ff720, 0x000001d1802fff98]
Event: 1.122 Thread 0x000001d1ff196c80 1827       3       com.sun.javafx.sg.prism.NGNode::clearDirty (26 bytes)
Event: 1.122 Thread 0x000001d1ff196c80 nmethod 1827 0x000001d180300510 code [0x000001d1803006c0, 0x000001d180300928]
Event: 1.122 Thread 0x000001d1ff196c80 1835       3       com.sun.prism.d3d.D3DShader::setConstants (56 bytes)
Event: 1.122 Thread 0x000001d1ff196c80 nmethod 1835 0x000001d180300a10 code [0x000001d180300be0, 0x000001d180300f88]
Event: 1.122 Thread 0x000001d1ff196c80 1838       3       com.sun.javafx.geom.Path2D::moveTo (166 bytes)
Event: 1.122 Thread 0x000001d1ff196c80 nmethod 1838 0x000001d180301110 code [0x000001d1803012e0, 0x000001d180301668]
Event: 1.122 Thread 0x000001d1ff196c80 1839       3       com.sun.marlin.Stroker::emitLineTo (21 bytes)

GC Heap History (0 events):
No events

Dll operation events (20 events):
Event: 0.120 Loaded shared library C:\Program Files\Zulu\zulu-19\bin\api-ms-win-crt-heap-l1-1-0.dll
Event: 0.122 Loaded shared library C:\Program Files\Zulu\zulu-19\bin\api-ms-win-crt-locale-l1-1-0.dll
Event: 0.123 Loaded shared library C:\Program Files\Zulu\zulu-19\bin\api-ms-win-crt-math-l1-1-0.dll
Event: 0.124 Loaded shared library C:\Program Files\Zulu\zulu-19\bin\api-ms-win-crt-multibyte-l1-1-0.dll
Event: 0.125 Loaded shared library C:\Program Files\Zulu\zulu-19\bin\api-ms-win-crt-private-l1-1-0.dll
Event: 0.126 Loaded shared library C:\Program Files\Zulu\zulu-19\bin\api-ms-win-crt-process-l1-1-0.dll
Event: 0.128 Loaded shared library C:\Program Files\Zulu\zulu-19\bin\api-ms-win-crt-runtime-l1-1-0.dll
Event: 0.129 Loaded shared library C:\Program Files\Zulu\zulu-19\bin\api-ms-win-crt-stdio-l1-1-0.dll
Event: 0.130 Loaded shared library C:\Program Files\Zulu\zulu-19\bin\api-ms-win-crt-string-l1-1-0.dll
Event: 0.131 Loaded shared library C:\Program Files\Zulu\zulu-19\bin\api-ms-win-crt-time-l1-1-0.dll
Event: 0.132 Loaded shared library C:\Program Files\Zulu\zulu-19\bin\api-ms-win-crt-utility-l1-1-0.dll
Event: 0.134 Loaded shared library C:\Program Files\Zulu\zulu-19\bin\ucrtbase.dll
Event: 0.134 Loaded shared library C:\Program Files\Zulu\zulu-19\bin\vcruntime140.dll
Event: 0.135 Loaded shared library C:\Program Files\Zulu\zulu-19\bin\vcruntime140_1.dll
Event: 0.135 Loaded shared library C:\Program Files\Zulu\zulu-19\bin\msvcp140.dll
Event: 0.137 Loaded shared library C:\Program Files\Zulu\zulu-19\bin\msvcp140_1.dll
Event: 0.138 Loaded shared library C:\Program Files\Zulu\zulu-19\bin\msvcp140_2.dll
Event: 0.163 Loaded shared library C:\Program Files\Zulu\zulu-19\bin\prism_d3d.dll
Event: 0.233 Loaded shared library C:\Program Files\Zulu\zulu-19\bin\glass.dll
Event: 0.461 Loaded shared library C:\Program Files\Zulu\zulu-19\bin\javafx_font.dll

Deoptimization events (20 events):
Event: 0.669 Thread 0x000001d1ff6ad630 DEOPT PACKING pc=0x000001d187b393cc sp=0x000000cb9bdfd550
Event: 0.669 Thread 0x000001d1ff6ad630 DEOPT UNPACKING pc=0x000001d187596da3 sp=0x000000cb9bdfd4f0 mode 2
Event: 0.669 Thread 0x000001d1ff6ad630 Uncommon trap: trap_request=0xffffffde fr.pc=0x000001d187b393cc relative=0x00000000000000ac
Event: 0.669 Thread 0x000001d1ff6ad630 Uncommon trap: reason=class_check action=maybe_recompile pc=0x000001d187b393cc method=com.sun.javafx.css.StyleMap.isEmpty()Z @ 11 c2
Event: 0.669 Thread 0x000001d1ff6ad630 DEOPT PACKING pc=0x000001d187b393cc sp=0x000000cb9bdfd550
Event: 0.669 Thread 0x000001d1ff6ad630 DEOPT UNPACKING pc=0x000001d187596da3 sp=0x000000cb9bdfd4f0 mode 2
Event: 0.681 Thread 0x000001d1ff6ad630 Uncommon trap: trap_request=0xffffff45 fr.pc=0x000001d187b39fac relative=0x00000000000004cc
Event: 0.681 Thread 0x000001d1ff6ad630 Uncommon trap: reason=unstable_if action=reinterpret pc=0x000001d187b39fac method=com.sun.javafx.css.StyleCacheEntry.get(Ljava/lang/String;)Lcom/sun/javafx/css/CalculatedValue; @ 6 c2
Event: 0.681 Thread 0x000001d1ff6ad630 DEOPT PACKING pc=0x000001d187b39fac sp=0x000000cb9bdfd850
Event: 0.681 Thread 0x000001d1ff6ad630 DEOPT UNPACKING pc=0x000001d187596da3 sp=0x000000cb9bdfd7f8 mode 2
Event: 0.751 Thread 0x000001d1ff664b70 DEOPT PACKING pc=0x000001d1802800fb sp=0x000000cb9bafdf30
Event: 0.751 Thread 0x000001d1ff664b70 DEOPT UNPACKING pc=0x000001d187597543 sp=0x000000cb9bafd2f8 mode 0
Event: 0.752 Thread 0x000001d1ff664b70 DEOPT PACKING pc=0x000001d18027ea42 sp=0x000000cb9bafe200
Event: 0.752 Thread 0x000001d1ff664b70 DEOPT UNPACKING pc=0x000001d187597543 sp=0x000000cb9bafd6b0 mode 0
Event: 0.753 Thread 0x000001d1ff664b70 DEOPT PACKING pc=0x000001d1802800fb sp=0x000000cb9bafdf30
Event: 0.753 Thread 0x000001d1ff664b70 DEOPT UNPACKING pc=0x000001d187597543 sp=0x000000cb9bafd2f8 mode 0
Event: 1.073 Thread 0x000001d1ff664b70 DEOPT PACKING pc=0x000001d18029cfda sp=0x000000cb9bafe130
Event: 1.073 Thread 0x000001d1ff664b70 DEOPT UNPACKING pc=0x000001d187597543 sp=0x000000cb9bafd568 mode 0
Event: 1.121 Thread 0x000001d1ff664b70 DEOPT PACKING pc=0x000001d18029cfda sp=0x000000cb9bafe1e0
Event: 1.121 Thread 0x000001d1ff664b70 DEOPT UNPACKING pc=0x000001d187597543 sp=0x000000cb9bafd618 mode 0

Classes loaded (20 events):
Event: 0.721 Loading class sun/misc/Unsafe
Event: 0.721 Loading class sun/misc/Unsafe done
Event: 0.722 Loading class java/lang/invoke/DirectMethodHandle$StaticAccessor
Event: 0.722 Loading class java/lang/invoke/DirectMethodHandle$StaticAccessor done
Event: 0.734 Loading class java/nio/ShortBuffer
Event: 0.734 Loading class java/nio/ShortBuffer done
Event: 0.734 Loading class java/nio/FloatBuffer
Event: 0.734 Loading class java/nio/FloatBuffer done
Event: 0.734 Loading class java/nio/DoubleBuffer
Event: 0.734 Loading class java/nio/DoubleBuffer done
Event: 0.735 Loading class java/nio/DirectFloatBufferU
Event: 0.735 Loading class java/nio/DirectFloatBufferU done
Event: 0.743 Loading class java/util/Vector$1
Event: 0.743 Loading class java/util/Vector$1 done
Event: 1.062 Loading class java/util/EnumMap$Values
Event: 1.062 Loading class java/util/EnumMap$Values done
Event: 1.062 Loading class java/util/EnumMap$ValueIterator
Event: 1.062 Loading class java/util/EnumMap$EnumMapIterator
Event: 1.062 Loading class java/util/EnumMap$EnumMapIterator done
Event: 1.062 Loading class java/util/EnumMap$ValueIterator done

Classes unloaded (0 events):
No events

Classes redefined (0 events):
No events

Internal exceptions (20 events):
Event: 0.235 Thread 0x000001d1f0288d60 Exception <a 'java/lang/NoSuchMethodError'{0x0000000089afd0b8}: 'java.lang.Object java.lang.invoke.DirectMethodHandle$Holder.newInvokeSpecial(java.lang.Object, java.lang.Object, int, java.lang.Object)'> (0x0000000089afd0b8) 
thrown [s\src\hotspot\share\interpreter\linkResolver.cpp, line 774]
Event: 0.236 Thread 0x000001d1f0288d60 Exception <a 'java/lang/NoSuchMethodError'{0x0000000089901ef0}: 'java.lang.Object java.lang.invoke.DirectMethodHandle$Holder.invokeSpecial(java.lang.Object, java.lang.Object, java.lang.Object, int, java.lang.Object)'> (0x0000000089901ef0) 
thrown [s\src\hotspot\share\interpreter\linkResolver.cpp, line 774]
Event: 0.394 Thread 0x000001d1ff6ad630 Exception <a 'java/lang/NoSuchMethodError'{0x0000000089992a28}: 'void java.lang.invoke.DirectMethodHandle$Holder.invokeStaticInit(java.lang.Object)'> (0x0000000089992a28) 
thrown [s\src\hotspot\share\interpreter\linkResolver.cpp, line 774]
Event: 0.396 Thread 0x000001d1f0288d60 Exception <a 'java/lang/NoSuchMethodError'{0x0000000089916ba0}: 'java.lang.Object java.lang.invoke.DirectMethodHandle$Holder.newInvokeSpecial(java.lang.Object, java.lang.Object, java.lang.Object, java.lang.Object, java.lang.Object, java.lang.Object)'> (0x0000000089916ba0) 
thrown [s\src\hotspot\share\interpreter\linkResolver.cpp, line 774]
Event: 0.403 Thread 0x000001d1f0288d60 Exception <a 'java/lang/NoSuchMethodError'{0x0000000089932f08}: 'java.lang.Object java.lang.invoke.DirectMethodHandle$Holder.newInvokeSpecial(java.lang.Object, java.lang.Object, java.lang.Object, java.lang.Object, java.lang.Object)'> (0x0000000089932f08) 
thrown [s\src\hotspot\share\interpreter\linkResolver.cpp, line 774]
Event: 0.414 Thread 0x000001d1ff6ad630 Exception <a 'java/lang/NoSuchMethodError'{0x00000000899c86e0}: 'java.lang.Object java.lang.invoke.DirectMethodHandle$Holder.invokeStaticInit(java.lang.Object, java.lang.Object, java.lang.Object, java.lang.Object)'> (0x00000000899c86e0) 
thrown [s\src\hotspot\share\interpreter\linkResolver.cpp, line 774]
Event: 0.443 Thread 0x000001d1ff6ad630 Exception <a 'java/lang/NullPointerException'{0x00000000897ac948}> (0x00000000897ac948) 
thrown [s\src\hotspot\share\interpreter\linkResolver.cpp, line 1374]
Event: 0.452 Thread 0x000001d1ff6ad630 Exception <a 'java/lang/ClassNotFoundException'{0x00000000897e7138}: com/sun/glass/ui/win/themes> (0x00000000897e7138) 
thrown [s\src\hotspot\share\prims\jni.cpp, line 536]
Event: 0.453 Thread 0x000001d1ff6ad630 Exception <a 'java/lang/ClassNotFoundException'{0x00000000897f3830}: com/sun/glass/ui/win/themes_es> (0x00000000897f3830) 
thrown [s\src\hotspot\share\prims\jni.cpp, line 536]
Event: 0.453 Thread 0x000001d1ff6ad630 Exception <a 'java/lang/ClassNotFoundException'{0x00000000897fb310}: com/sun/glass/ui/win/themes_es_CR> (0x00000000897fb310) 
thrown [s\src\hotspot\share\prims\jni.cpp, line 536]
Event: 0.492 Thread 0x000001d1ff6ad630 Exception <a 'java/lang/NoSuchMethodError'{0x0000000089483458}: 'void java.lang.invoke.DirectMethodHandle$Holder.invokeStaticInit(java.lang.Object, java.lang.Object)'> (0x0000000089483458) 
thrown [s\src\hotspot\share\interpreter\linkResolver.cpp, line 774]
Event: 0.538 Thread 0x000001d1ff6ad630 Implicit null exception at 0x000001d187b0db4c to 0x000001d187b0de40
Event: 0.538 Thread 0x000001d1ff6ad630 Implicit null exception at 0x000001d187b0aacc to 0x000001d187b0adec
Event: 0.575 Thread 0x000001d1ff6ad630 Implicit null exception at 0x000001d187b06d12 to 0x000001d187b073c0
Event: 0.610 Thread 0x000001d1ff6ad630 Exception <a 'java/lang/NoSuchMethodError'{0x0000000089105848}: 'java.lang.Object java.lang.invoke.DirectMethodHandle$Holder.invokeInterface(java.lang.Object, java.lang.Object, java.lang.Object)'> (0x0000000089105848) 
thrown [s\src\hotspot\share\interpreter\linkResolver.cpp, line 774]
Event: 0.610 Thread 0x000001d1ff6ad630 Exception <a 'java/lang/IncompatibleClassChangeError'{0x0000000089109278}: Found class java.lang.Object, but interface was expected> (0x0000000089109278) 
thrown [s\src\hotspot\share\interpreter\linkResolver.cpp, line 841]
Event: 0.675 Thread 0x000001d1ff6ad630 Exception <a 'java/lang/NoSuchMethodError'{0x0000000088f89700}: 'java.lang.Object java.lang.invoke.DirectMethodHandle$Holder.newInvokeSpecial(java.lang.Object, java.lang.Object, int)'> (0x0000000088f89700) 
thrown [s\src\hotspot\share\interpreter\linkResolver.cpp, line 774]
Event: 0.681 Thread 0x000001d1ff6ad630 Implicit null exception at 0x000001d187b39b20 to 0x000001d187b39f94
Event: 0.700 Thread 0x000001d1ff664b70 Exception <a 'java/lang/NoSuchMethodError'{0x0000000089aaaa50}: 'int java.lang.invoke.DirectMethodHandle$Holder.invokeStaticInit(java.lang.Object, java.lang.Object)'> (0x0000000089aaaa50) 
thrown [s\src\hotspot\share\interpreter\linkResolver.cpp, line 774]
Event: 0.709 Thread 0x000001d1ff664b70 Exception <a 'java/lang/NoSuchMethodError'{0x0000000089ad7c78}: 'java.lang.Object java.lang.invoke.Invokers$Holder.invokeExact_MT(java.lang.Object, java.lang.Object, java.lang.Object, java.lang.Object, java.lang.Object)'> (0x0000000089ad7c78) 
thrown [s\src\hotspot\share\interpreter\linkResolver.cpp, line 774]

VM Operations (16 events):
Event: 0.230 Executing VM operation: HandshakeAllThreads
Event: 0.230 Executing VM operation: HandshakeAllThreads done
Event: 0.464 Executing VM operation: HandshakeAllThreads
Event: 0.464 Executing VM operation: HandshakeAllThreads done
Event: 0.505 Executing VM operation: HandshakeAllThreads
Event: 0.505 Executing VM operation: HandshakeAllThreads done
Event: 0.516 Executing VM operation: HandshakeAllThreads
Event: 0.516 Executing VM operation: HandshakeAllThreads done
Event: 0.517 Executing VM operation: ICBufferFull
Event: 0.517 Executing VM operation: ICBufferFull done
Event: 0.605 Executing VM operation: HandshakeAllThreads
Event: 0.605 Executing VM operation: HandshakeAllThreads done
Event: 0.650 Executing VM operation: ICBufferFull
Event: 0.650 Executing VM operation: ICBufferFull done
Event: 0.800 Executing VM operation: HandshakeAllThreads
Event: 0.800 Executing VM operation: HandshakeAllThreads done

Events (20 events):
Event: 0.024 Thread 0x000001d1ff186460 Thread added: 0x000001d1ff186460
Event: 0.024 Thread 0x000001d1ff187030 Thread added: 0x000001d1ff187030
Event: 0.024 Thread 0x000001d1ff18dc30 Thread added: 0x000001d1ff18dc30
Event: 0.024 Thread 0x000001d1ff1908d0 Thread added: 0x000001d1ff1908d0
Event: 0.024 Thread 0x000001d1ff1913a0 Thread added: 0x000001d1ff1913a0
Event: 0.025 Thread 0x000001d1ff191e70 Thread added: 0x000001d1ff191e70
Event: 0.025 Thread 0x000001d1ff192c70 Thread added: 0x000001d1ff192c70
Event: 0.025 Thread 0x000001d1ff196c80 Thread added: 0x000001d1ff196c80
Event: 0.025 Thread 0x000001d1ff1a17b0 Thread added: 0x000001d1ff1a17b0
Event: 0.037 Thread 0x000001d1ff41e190 Thread added: 0x000001d1ff41e190
Event: 0.040 Thread 0x000001d1ff422ef0 Thread added: 0x000001d1ff422ef0
Event: 0.158 Thread 0x000001d1ff664b70 Thread added: 0x000001d1ff664b70
Event: 0.234 Thread 0x000001d1ff6ad0f0 Thread added: 0x000001d1ff6ad0f0
Event: 0.237 Thread 0x000001d1ff6ad630 Thread added: 0x000001d1ff6ad630
Event: 0.403 Thread 0x000001d195262920 Thread added: 0x000001d195262920
Event: 0.414 Thread 0x000001d1952633c0 Thread added: 0x000001d1952633c0
Event: 0.430 Thread 0x000001d1955db040 Thread added: 0x000001d1955db040
Event: 0.608 Thread 0x000001d1952623d0 Thread added: 0x000001d1952623d0
Event: 0.718 Thread 0x000001d19cdd5ae0 Thread added: 0x000001d19cdd5ae0
Event: 1.063 Thread 0x000001d1955db040 Thread exited: 0x000001d1955db040


Dynamic libraries:
0x00007ff7d6800000 - 0x00007ff7d680e000 	C:\Program Files\Zulu\zulu-19\bin\java.exe
0x00007ffeeaf10000 - 0x00007ffeeb124000 	C:\WINDOWS\SYSTEM32\ntdll.dll
0x00007ffeea110000 - 0x00007ffeea1d3000 	C:\WINDOWS\System32\KERNEL32.DLL
0x00007ffee8480000 - 0x00007ffee881c000 	C:\WINDOWS\System32\KERNELBASE.dll
0x00007ffee8820000 - 0x00007ffee8931000 	C:\WINDOWS\System32\ucrtbase.dll
0x00007ffee52b0000 - 0x00007ffee52c7000 	C:\Program Files\Zulu\zulu-19\bin\jli.dll
0x00007ffee9e60000 - 0x00007ffeea00d000 	C:\WINDOWS\System32\USER32.dll
0x00007ffee8b30000 - 0x00007ffee8b56000 	C:\WINDOWS\System32\win32u.dll
0x00007ffee9d80000 - 0x00007ffee9da9000 	C:\WINDOWS\System32\GDI32.dll
0x00007ffee8c00000 - 0x00007ffee8d13000 	C:\WINDOWS\System32\gdi32full.dll
0x00007ffee8b60000 - 0x00007ffee8bfa000 	C:\WINDOWS\System32\msvcp_win.dll
0x00007ffedc8d0000 - 0x00007ffedc8eb000 	C:\Program Files\Zulu\zulu-19\bin\VCRUNTIME140.dll
0x00007ffed30e0000 - 0x00007ffed336e000 	C:\WINDOWS\WinSxS\amd64_microsoft.windows.common-controls_6595b64144ccf1df_6.0.22621.608_none_a9444ca7c10bb01d\COMCTL32.dll
0x00007ffee9cd0000 - 0x00007ffee9d77000 	C:\WINDOWS\System32\msvcrt.dll
0x00007ffeeace0000 - 0x00007ffeead11000 	C:\WINDOWS\System32\IMM32.DLL
0x00007ffee9360000 - 0x00007ffee9475000 	C:\WINDOWS\System32\RPCRT4.dll
0x00007ffee75f0000 - 0x00007ffee7632000 	C:\WINDOWS\SYSTEM32\SspiCli.dll
0x00007ffee04e0000 - 0x00007ffee04ec000 	C:\Program Files\Zulu\zulu-19\bin\vcruntime140_1.dll
0x00007ffeb7b70000 - 0x00007ffeb7bfd000 	C:\Program Files\Zulu\zulu-19\bin\msvcp140.dll
0x00007ffe62d20000 - 0x00007ffe63a27000 	C:\Program Files\Zulu\zulu-19\bin\server\jvm.dll
0x00007ffee91a0000 - 0x00007ffee924e000 	C:\WINDOWS\System32\ADVAPI32.dll
0x00007ffeeae20000 - 0x00007ffeeaec4000 	C:\WINDOWS\System32\sechost.dll
0x00007ffee36a0000 - 0x00007ffee36a9000 	C:\WINDOWS\SYSTEM32\WSOCK32.dll
0x00007ffeea4a0000 - 0x00007ffeea511000 	C:\WINDOWS\System32\WS2_32.dll
0x00007ffee2520000 - 0x00007ffee2554000 	C:\WINDOWS\SYSTEM32\WINMM.dll
0x00007ffee10f0000 - 0x00007ffee10fa000 	C:\WINDOWS\SYSTEM32\VERSION.dll
0x00007ffee73a0000 - 0x00007ffee73b8000 	C:\WINDOWS\SYSTEM32\kernel.appcore.dll
0x00007ffee0160000 - 0x00007ffee016a000 	C:\Program Files\Zulu\zulu-19\bin\jimage.dll
0x00007ffee5d60000 - 0x00007ffee5f8e000 	C:\WINDOWS\SYSTEM32\DBGHELP.DLL
0x00007ffeea520000 - 0x00007ffeea8a9000 	C:\WINDOWS\System32\combase.dll
0x00007ffeea3c0000 - 0x00007ffeea497000 	C:\WINDOWS\System32\OLEAUT32.dll
0x00007ffee0c20000 - 0x00007ffee0c52000 	C:\WINDOWS\SYSTEM32\dbgcore.DLL
0x00007ffee8ab0000 - 0x00007ffee8b2b000 	C:\WINDOWS\System32\bcryptPrimitives.dll
0x00007ffed2140000 - 0x00007ffed2166000 	C:\Program Files\Zulu\zulu-19\bin\java.dll
0x00007ffeb4490000 - 0x00007ffeb4567000 	C:\Program Files\Zulu\zulu-19\bin\jsvml.dll
0x00007ffee9480000 - 0x00007ffee9c70000 	C:\WINDOWS\System32\SHELL32.dll
0x00007ffee6360000 - 0x00007ffee6c2e000 	C:\WINDOWS\SYSTEM32\windows.storage.dll
0x00007ffee6220000 - 0x00007ffee635e000 	C:\WINDOWS\SYSTEM32\wintypes.dll
0x00007ffeead20000 - 0x00007ffeeae11000 	C:\WINDOWS\System32\SHCORE.dll
0x00007ffeeac80000 - 0x00007ffeeacde000 	C:\WINDOWS\System32\shlwapi.dll
0x00007ffee8280000 - 0x00007ffee82a1000 	C:\WINDOWS\SYSTEM32\profapi.dll
0x000001d1ff700000 - 0x000001d1ff704000 	C:\Program Files\Zulu\zulu-19\bin\api-ms-win-core-console-l1-1-0.dll
0x000001d1ff710000 - 0x000001d1ff714000 	C:\Program Files\Zulu\zulu-19\bin\api-ms-win-core-console-l1-2-0.dll
0x000001d1ff720000 - 0x000001d1ff724000 	C:\Program Files\Zulu\zulu-19\bin\api-ms-win-core-datetime-l1-1-0.dll
0x000001d1ff730000 - 0x000001d1ff734000 	C:\Program Files\Zulu\zulu-19\bin\api-ms-win-core-debug-l1-1-0.dll
0x000001d1ff740000 - 0x000001d1ff744000 	C:\Program Files\Zulu\zulu-19\bin\api-ms-win-core-errorhandling-l1-1-0.dll
0x000001d1ff750000 - 0x000001d1ff755000 	C:\Program Files\Zulu\zulu-19\bin\api-ms-win-core-file-l1-1-0.dll
0x000001d1ff760000 - 0x000001d1ff764000 	C:\Program Files\Zulu\zulu-19\bin\api-ms-win-core-file-l1-2-0.dll
0x000001d1ff770000 - 0x000001d1ff774000 	C:\Program Files\Zulu\zulu-19\bin\api-ms-win-core-file-l2-1-0.dll
0x000001d1ff780000 - 0x000001d1ff784000 	C:\Program Files\Zulu\zulu-19\bin\api-ms-win-core-handle-l1-1-0.dll
0x000001d1ff790000 - 0x000001d1ff794000 	C:\Program Files\Zulu\zulu-19\bin\api-ms-win-core-heap-l1-1-0.dll
0x000001d1ff7a0000 - 0x000001d1ff7a4000 	C:\Program Files\Zulu\zulu-19\bin\api-ms-win-core-interlocked-l1-1-0.dll
0x000001d1ff7b0000 - 0x000001d1ff7b4000 	C:\Program Files\Zulu\zulu-19\bin\api-ms-win-core-libraryloader-l1-1-0.dll
0x000001d1ff7c0000 - 0x000001d1ff7c4000 	C:\Program Files\Zulu\zulu-19\bin\api-ms-win-core-localization-l1-2-0.dll
0x000001d1ff7d0000 - 0x000001d1ff7d4000 	C:\Program Files\Zulu\zulu-19\bin\api-ms-win-core-memory-l1-1-0.dll
0x000001d1ff7e0000 - 0x000001d1ff7e4000 	C:\Program Files\Zulu\zulu-19\bin\api-ms-win-core-namedpipe-l1-1-0.dll
0x000001d1ff7f0000 - 0x000001d1ff7f4000 	C:\Program Files\Zulu\zulu-19\bin\api-ms-win-core-processenvironment-l1-1-0.dll
0x000001d1ff800000 - 0x000001d1ff804000 	C:\Program Files\Zulu\zulu-19\bin\api-ms-win-core-processthreads-l1-1-0.dll
0x000001d1ff810000 - 0x000001d1ff814000 	C:\Program Files\Zulu\zulu-19\bin\api-ms-win-core-processthreads-l1-1-1.dll
0x000001d1ff820000 - 0x000001d1ff824000 	C:\Program Files\Zulu\zulu-19\bin\api-ms-win-core-profile-l1-1-0.dll
0x000001d1ff830000 - 0x000001d1ff834000 	C:\Program Files\Zulu\zulu-19\bin\api-ms-win-core-rtlsupport-l1-1-0.dll
0x000001d1ff840000 - 0x000001d1ff844000 	C:\Program Files\Zulu\zulu-19\bin\api-ms-win-core-string-l1-1-0.dll
0x000001d1ff850000 - 0x000001d1ff854000 	C:\Program Files\Zulu\zulu-19\bin\api-ms-win-core-synch-l1-1-0.dll
0x000001d1ff860000 - 0x000001d1ff864000 	C:\Program Files\Zulu\zulu-19\bin\api-ms-win-core-synch-l1-2-0.dll
0x000001d1ff870000 - 0x000001d1ff874000 	C:\Program Files\Zulu\zulu-19\bin\api-ms-win-core-sysinfo-l1-1-0.dll
0x000001d1ff880000 - 0x000001d1ff884000 	C:\Program Files\Zulu\zulu-19\bin\api-ms-win-core-timezone-l1-1-0.dll
0x000001d1ff890000 - 0x000001d1ff894000 	C:\Program Files\Zulu\zulu-19\bin\api-ms-win-core-util-l1-1-0.dll
0x000001d1ff8a0000 - 0x000001d1ff8a4000 	C:\Program Files\Zulu\zulu-19\bin\api-ms-win-crt-conio-l1-1-0.dll
0x000001d1ff8b0000 - 0x000001d1ff8b5000 	C:\Program Files\Zulu\zulu-19\bin\api-ms-win-crt-convert-l1-1-0.dll
0x000001d1ff8c0000 - 0x000001d1ff8c4000 	C:\Program Files\Zulu\zulu-19\bin\api-ms-win-crt-environment-l1-1-0.dll
0x000001d1ff8d0000 - 0x000001d1ff8d4000 	C:\Program Files\Zulu\zulu-19\bin\api-ms-win-crt-filesystem-l1-1-0.dll
0x000001d1ff8e0000 - 0x000001d1ff8e4000 	C:\Program Files\Zulu\zulu-19\bin\api-ms-win-crt-heap-l1-1-0.dll
0x000001d1ff8f0000 - 0x000001d1ff8f4000 	C:\Program Files\Zulu\zulu-19\bin\api-ms-win-crt-locale-l1-1-0.dll
0x000001d1ff900000 - 0x000001d1ff906000 	C:\Program Files\Zulu\zulu-19\bin\api-ms-win-crt-math-l1-1-0.dll
0x000001d1ff910000 - 0x000001d1ff916000 	C:\Program Files\Zulu\zulu-19\bin\api-ms-win-crt-multibyte-l1-1-0.dll
0x000001d1ff920000 - 0x000001d1ff931000 	C:\Program Files\Zulu\zulu-19\bin\api-ms-win-crt-private-l1-1-0.dll
0x000001d1ff940000 - 0x000001d1ff944000 	C:\Program Files\Zulu\zulu-19\bin\api-ms-win-crt-process-l1-1-0.dll
0x000001d1ff950000 - 0x000001d1ff955000 	C:\Program Files\Zulu\zulu-19\bin\api-ms-win-crt-runtime-l1-1-0.dll
0x000001d1ff960000 - 0x000001d1ff965000 	C:\Program Files\Zulu\zulu-19\bin\api-ms-win-crt-stdio-l1-1-0.dll
0x000001d1ff970000 - 0x000001d1ff975000 	C:\Program Files\Zulu\zulu-19\bin\api-ms-win-crt-string-l1-1-0.dll
0x000001d1ff980000 - 0x000001d1ff984000 	C:\Program Files\Zulu\zulu-19\bin\api-ms-win-crt-time-l1-1-0.dll
0x000001d1ff990000 - 0x000001d1ff994000 	C:\Program Files\Zulu\zulu-19\bin\api-ms-win-crt-utility-l1-1-0.dll
0x00007ffeaf400000 - 0x00007ffeaf510000 	C:\Program Files\Zulu\zulu-19\bin\ucrtbase.dll
0x00007ffedce90000 - 0x00007ffedce99000 	C:\Program Files\Zulu\zulu-19\bin\msvcp140_1.dll
0x00007ffec9f10000 - 0x00007ffec9f3f000 	C:\Program Files\Zulu\zulu-19\bin\msvcp140_2.dll
0x00007ffec9020000 - 0x00007ffec904c000 	C:\Program Files\Zulu\zulu-19\bin\prism_d3d.dll
0x00007ffeb19c0000 - 0x00007ffeb1b69000 	C:\WINDOWS\system32\d3d9.dll
0x00007ffee59d0000 - 0x00007ffee59fb000 	C:\WINDOWS\SYSTEM32\dwmapi.dll
0x00007ffee56a0000 - 0x00007ffee56d6000 	C:\WINDOWS\SYSTEM32\dxcore.dll
0x00007ffee5560000 - 0x00007ffee560b000 	C:\WINDOWS\system32\uxtheme.dll
0x00007ffedc7a0000 - 0x00007ffedc7e9000 	C:\WINDOWS\SYSTEM32\directxdatabasehelper.dll
0x00007ffee7f00000 - 0x00007ffee7f12000 	C:\WINDOWS\SYSTEM32\msasn1.dll
0x00007ffee10b0000 - 0x00007ffee10e2000 	C:\WINDOWS\SYSTEM32\cryptnet.dll
0x00007ffee8940000 - 0x00007ffee8aa6000 	C:\WINDOWS\System32\CRYPT32.dll
0x00007ffee7a90000 - 0x00007ffee7a9c000 	C:\WINDOWS\SYSTEM32\cryptbase.dll
0x00007ffee8350000 - 0x00007ffee83bb000 	C:\WINDOWS\System32\WINTRUST.DLL
0x00007ffeea1e0000 - 0x00007ffeea1ff000 	C:\WINDOWS\System32\imagehlp.dll
0x00007ffee7a70000 - 0x00007ffee7a8b000 	C:\WINDOWS\SYSTEM32\CRYPTSP.dll
0x00007ffee7310000 - 0x00007ffee7345000 	C:\WINDOWS\system32\rsaenh.dll
0x00007ffee7c10000 - 0x00007ffee7c38000 	C:\WINDOWS\SYSTEM32\bcrypt.dll
0x00007ffeb7d20000 - 0x00007ffeb7d62000 	C:\Program Files\Zulu\zulu-19\bin\glass.dll
0x00007ffeea010000 - 0x00007ffeea107000 	C:\WINDOWS\System32\COMDLG32.dll
0x00007ffeea8b0000 - 0x00007ffeeaa4c000 	C:\WINDOWS\System32\ole32.dll
0x00007ffeeab60000 - 0x00007ffeeac7e000 	C:\WINDOWS\System32\MSCTF.dll
0x00007ffe9db00000 - 0x00007ffe9dc17000 	C:\WINDOWS\System32\DriverStore\FileRepository\nvlt.inf_amd64_7947c31fc944635c\nvldumdx.dll
0x00007ffee0cb0000 - 0x00007ffee0e08000 	C:\WINDOWS\SYSTEM32\drvstore.dll
0x00007ffee7f90000 - 0x00007ffee7fbc000 	C:\WINDOWS\SYSTEM32\devobj.dll
0x00007ffee7f40000 - 0x00007ffee7f8e000 	C:\WINDOWS\SYSTEM32\cfgmgr32.dll
0x00007ffee7b20000 - 0x00007ffee7b68000 	C:\WINDOWS\SYSTEM32\wldp.dll
0x00007ffe51c80000 - 0x00007ffe5348a000 	C:\WINDOWS\System32\DriverStore\FileRepository\nvlt.inf_amd64_7947c31fc944635c\nvd3dumx.dll
0x00007ffe805f0000 - 0x00007ffe808a7000 	C:\WINDOWS\system32\nvspcap64.dll
0x00007ffee73c0000 - 0x00007ffee73f4000 	C:\WINDOWS\SYSTEM32\ntmarta.dll
0x00007ffee78a0000 - 0x00007ffee78c6000 	C:\WINDOWS\SYSTEM32\gpapi.dll
0x00007ffeaf290000 - 0x00007ffeaf3f5000 	C:\WINDOWS\System32\DriverStore\FileRepository\iigd_dch.inf_amd64_a953cebc2f0daf9c\igdumdim64.dll
0x00007ffe4dff0000 - 0x00007ffe51c7b000 	C:\WINDOWS\System32\DriverStore\FileRepository\iigd_dch.inf_amd64_a953cebc2f0daf9c\igd9dxva64.dll
0x00007ffee8d20000 - 0x00007ffee9194000 	C:\WINDOWS\System32\SETUPAPI.dll
0x00007ffec5590000 - 0x00007ffec58c6000 	C:\WINDOWS\System32\DriverStore\FileRepository\iigd_dch.inf_amd64_a953cebc2f0daf9c\igdgmm64.dll
0x00007ffecccf0000 - 0x00007ffeccd17000 	C:\WINDOWS\System32\DriverStore\FileRepository\iigd_dch.inf_amd64_a953cebc2f0daf9c\igdinfo64.dll
0x00007ffec2640000 - 0x00007ffec53cf000 	C:\WINDOWS\System32\DriverStore\FileRepository\iigd_dch.inf_amd64_a953cebc2f0daf9c\igc64.dll
0x00007ffed9b90000 - 0x00007ffed9ba4000 	C:\Program Files\Zulu\zulu-19\bin\javafx_font.dll
0x00007ffee3840000 - 0x00007ffee3aa7000 	C:\WINDOWS\SYSTEM32\dwrite.dll
0x00007ffeeaab0000 - 0x00007ffeeab60000 	C:\WINDOWS\System32\clbcatq.dll
0x00007ffee52e0000 - 0x00007ffee5490000 	C:\WINDOWS\SYSTEM32\WindowsCodecs.dll
0x00007ffea4e40000 - 0x00007ffea4e9e000 	C:\WINDOWS\system32\dataexchange.dll
0x00007ffed23f0000 - 0x00007ffed265a000 	C:\WINDOWS\system32\twinapi.appcore.dll
0x00007ffec5930000 - 0x00007ffec5962000 	C:\Program Files\Common Files\Microsoft Shared\Ink\rtscom.dll
0x00007ffecb530000 - 0x00007ffecb65e000 	C:\WINDOWS\SYSTEM32\textinputframework.dll
0x00007ffee1bf0000 - 0x00007ffee1d23000 	C:\WINDOWS\SYSTEM32\CoreMessaging.dll

dbghelp: loaded successfully - version: 4.0.5 - missing functions: none
symbol engine: initialized successfully - sym options: 0x614 - pdb path: .;C:\Program Files\Zulu\zulu-19\bin;C:\WINDOWS\SYSTEM32;C:\WINDOWS\WinSxS\amd64_microsoft.windows.common-controls_6595b64144ccf1df_6.0.22621.608_none_a9444ca7c10bb01d;C:\Program Files\Zulu\zulu-19\bin\server;C:\WINDOWS\System32\DriverStore\FileRepository\nvlt.inf_amd64_7947c31fc944635c;C:\WINDOWS\System32\DriverStore\FileRepository\iigd_dch.inf_amd64_a953cebc2f0daf9c;C:\Program Files\Common Files\Microsoft Shared\Ink

VM Arguments:
jvm_args: -Dfile.encoding=UTF-8 
java_command: BuscaminasFX
java_class_path (initial): C:\Users\ulise\Desktop\TEC\Algoritmos y estructura de datos I\BuscaMinas\ventana busca minas\build\classes
Launcher Type: SUN_STANDARD

[Global flags]
     intx CICompilerCount                          = 4                                         {product} {ergonomic}
     uint ConcGCThreads                            = 3                                         {product} {ergonomic}
     uint G1ConcRefinementThreads                  = 10                                        {product} {ergonomic}
   size_t G1HeapRegionSize                         = 1048576                                   {product} {ergonomic}
    uintx GCDrainStackTargetSize                   = 64                                        {product} {ergonomic}
   size_t InitialHeapSize                          = 132120576                                 {product} {ergonomic}
   size_t MarkStackSize                            = 4194304                                   {product} {ergonomic}
   size_t MaxHeapSize                              = 2113929216                                {product} {ergonomic}
   size_t MaxNewSize                               = 1267728384                                {product} {ergonomic}
   size_t MinHeapDeltaBytes                        = 1048576                                   {product} {ergonomic}
   size_t MinHeapSize                              = 8388608                                   {product} {ergonomic}
    uintx NonNMethodCodeHeapSize                   = 5839372                                {pd product} {ergonomic}
    uintx NonProfiledCodeHeapSize                  = 122909434                              {pd product} {ergonomic}
    uintx ProfiledCodeHeapSize                     = 122909434                              {pd product} {ergonomic}
    uintx ReservedCodeCacheSize                    = 251658240                              {pd product} {ergonomic}
     bool SegmentedCodeCache                       = true                                      {product} {ergonomic}
   size_t SoftMaxHeapSize                          = 2113929216                             {manageable} {ergonomic}
     bool UseCompressedClassPointers               = true                           {product lp64_product} {ergonomic}
     bool UseCompressedOops                        = true                           {product lp64_product} {ergonomic}
     bool UseG1GC                                  = true                                      {product} {ergonomic}
     bool UseLargePagesIndividualAllocation        = false                                  {pd product} {ergonomic}

Logging:
Log output configuration:
 #0: stdout all=warning uptime,level,tags foldmultilines=false
 #1: stderr all=off uptime,level,tags foldmultilines=false

Environment Variables:
PATH=C:\Program Files\Zulu\zulu-19\bin\;C:\Program Files\Common Files\Oracle\Java\javapath;C:\Program Files (x86)\Common Files\Oracle\Java\javapath;C:\Windows\system32;C:\Windows;C:\Windows\System32\Wbem;C:\Windows\System32\WindowsPowerShell\v1.0\;C:\Windows\System32\OpenSSH\;C:\Program Files (x86)\NVIDIA Corporation\PhysX\Common;C:\Program Files\NVIDIA Corporation\NVIDIA NvDLISR;C:\WINDOWS\system32;C:\WINDOWS;C:\WINDOWS\System32\Wbem;C:\WINDOWS\System32\WindowsPowerShell\v1.0\;C:\WINDOWS\System32\OpenSSH\;C:\Program Files\nodejs\;C:\Program Files\Git\cmd;C:\Users\ulise\AppData\Local\Microsoft\WindowsApps;C:\Users\ulise\AppData\Local\Programs\Microsoft VS Code\bin;C:\Users\ulise\AppData\Roaming\npm;C:\Users\ulise\AppData\Local\GitHubDesktop\bin
USERNAME=ulise
OS=Windows_NT
PROCESSOR_IDENTIFIER=Intel64 Family 6 Model 165 Stepping 2, GenuineIntel
TMP=C:\Users\ulise\AppData\Local\Temp
TEMP=C:\Users\ulise\AppData\Local\Temp



---------------  S Y S T E M  ---------------

OS:
 Windows 11 , 64 bit Build 22621 (10.0.22621.1344)
OS uptime: 0 days 18:42 hours

CPU: total 12 (initial active 12) (6 cores per cpu, 2 threads per core) family 6 model 165 stepping 2 microcode 0xe2, cx8, cmov, fxsr, ht, mmx, 3dnowpref, sse, sse2, sse3, ssse3, sse4.1, sse4.2, popcnt, lzcnt, tsc, tscinvbit, avx, avx2, aes, erms, clmul, bmi1, bmi2, adx, fma, vzeroupper, clflush, clflushopt, rdtscp

Memory: 4k page, system-wide physical 8059M (988M free)
TotalPageFile size 12155M (AvailPageFile size 1M)
current process WorkingSet (physical memory assigned to process): 122M, peak: 122M
current process commit charge ("private bytes"): 284M, peak: 286M

vm_info: OpenJDK 64-Bit Server VM (19.0.2+7) for windows-amd64 JRE (19.0.2+7) (Zulu19.32+15-CA), built on Dec 28 2022 19:25:40 by "zulu_re" with MS VC++ 16.10 / 16.11 (VS2019)

END.
