#
# There is insufficient memory for the Java Runtime Environment to continue.
# Native memory allocation (malloc) failed to allocate 424528 bytes for Chunk::new
# Possible reasons:
#   The system is out of physical RAM or swap space
#   The process is running with CompressedOops enabled, and the Java Heap may be blocking the growth of the native heap
# Possible solutions:
#   Reduce memory load on the system
#   Increase physical memory or swap space
#   Check if swap backing store is full
#   Decrease Java heap size (-Xmx/-Xms)
#   Decrease number of Java threads
#   Decrease Java thread stack sizes (-Xss)
#   Set larger code cache with -XX:ReservedCodeCacheSize=
#   JVM is running with Unscaled Compressed Oops mode in which the Java heap is
#     placed in the first 4GB address space. The Java Heap base address is the
#     maximum limit for the native heap growth. Please use -XX:HeapBaseMinAddress
#     to set the Java Heap base and to place the Java Heap above 4GB virtual address.
# This output file may be truncated or incomplete.
#
#  Out of Memory Error (arena.cpp:184), pid=12484, tid=15308
#
# JRE version: OpenJDK Runtime Environment Zulu19.32+15-CA (19.0.2+7) (build 19.0.2+7)
# Java VM: OpenJDK 64-Bit Server VM Zulu19.32+15-CA (19.0.2+7, mixed mode, sharing, tiered, compressed oops, compressed class ptrs, g1 gc, windows-amd64)
# No core dump will be written. Minidumps are not enabled by default on client versions of Windows
#

---------------  S U M M A R Y ------------

Command Line: -Dapplication.home=C:\Program Files\Zulu\zulu-19 --add-modules=ALL-DEFAULT -Xms8m -Djdk.module.main=jdk.compiler jdk.compiler/com.sun.tools.javac.Main -d C:\Users\ulise\Desktop\TEC\Algoritmos y estructura de datos I\BuscaMinas\ventana busca minas\build\classes -classpath C:\Users\ulise\Desktop\TEC\Algoritmos y estructura de datos I\BuscaMinas\ventana busca minas\build\classes -sourcepath C:\Users\ulise\Desktop\TEC\Algoritmos y estructura de datos I\BuscaMinas\ventana busca minas\src -target 19 -encoding UTF-8 -g -processorpath C:\Users\ulise\Desktop\TEC\Algoritmos y estructura de datos I\BuscaMinas\ventana busca minas\build\empty -s C:\Users\ulise\Desktop\TEC\Algoritmos y estructura de datos I\BuscaMinas\ventana busca minas\build\generated-sources\ap-source-output -source 19 C:\Users\ulise\Desktop\TEC\Algoritmos y estructura de datos I\BuscaMinas\ventana busca minas\src\BuscaminasFX.java

Host: Intel(R) Core(TM) i7-10750H CPU @ 2.60GHz, 12 cores, 7G,  Windows 11 , 64 bit Build 22621 (10.0.22621.1344)
Time: Tue Mar 21 00:48:36 2023 Hora estándar, América Central elapsed time: 0.468346 seconds (0d 0h 0m 0s)

---------------  T H R E A D  ---------------

Current thread (0x000001303e8c0820):  JavaThread "C2 CompilerThread1" daemon [_thread_in_native, id=15308, stack(0x0000002bfd700000,0x0000002bfd800000)]


Current CompileTask:
C2:    468 1205   !   4       com.sun.tools.javac.jvm.ClassReader::classSigToType (497 bytes)

Stack: [0x0000002bfd700000,0x0000002bfd800000]
Native frames: (J=compiled Java code, j=interpreted, Vv=VM code, C=native code)
V  [jvm.dll+0x6eab2a]
V  [jvm.dll+0x8a4a20]
V  [jvm.dll+0x8a640e]
V  [jvm.dll+0x8a6ac3]
V  [jvm.dll+0x27c1ef]
V  [jvm.dll+0xc245f]
V  [jvm.dll+0xc27d5]
V  [jvm.dll+0x3b80ab]
V  [jvm.dll+0x381701]
V  [jvm.dll+0x380b8a]
V  [jvm.dll+0x2458db]
V  [jvm.dll+0x244c71]
V  [jvm.dll+0x1cf9a1]
V  [jvm.dll+0x254799]
V  [jvm.dll+0x2529a8]
V  [jvm.dll+0x854e98]
V  [jvm.dll+0x84ec7a]
V  [jvm.dll+0x6e981b]
C  [ucrtbase.dll+0x29363]
C  [KERNEL32.DLL+0x126bd]
C  [ntdll.dll+0x5a9f8]


---------------  P R O C E S S  ---------------

Threads class SMR info:
_java_thread_list=0x000001303ee85080, length=14, elements={
0x000001301870be00, 0x000001303a550540, 0x000001303a551070, 0x000001303a5592a0,
0x000001303a559bd0, 0x000001303a55b0b0, 0x000001303a55c180, 0x000001303a56a240,
0x000001303a56bb70, 0x000001303a5700b0, 0x000001303e87d0a0, 0x000001303e8c0820,
0x000001303e87f5d0, 0x000001303eeea4b0
}

Java Threads: ( => current thread )
  0x000001301870be00 JavaThread "main" [_thread_blocked, id=5448, stack(0x0000002bfc600000,0x0000002bfc700000)]
  0x000001303a550540 JavaThread "Reference Handler" daemon [_thread_in_Java, id=17232, stack(0x0000002bfcd00000,0x0000002bfce00000)]
  0x000001303a551070 JavaThread "Finalizer" daemon [_thread_blocked, id=11692, stack(0x0000002bfce00000,0x0000002bfcf00000)]
  0x000001303a5592a0 JavaThread "Signal Dispatcher" daemon [_thread_blocked, id=1044, stack(0x0000002bfcf00000,0x0000002bfd000000)]
  0x000001303a559bd0 JavaThread "Attach Listener" daemon [_thread_blocked, id=4028, stack(0x0000002bfd000000,0x0000002bfd100000)]
  0x000001303a55b0b0 JavaThread "Service Thread" daemon [_thread_blocked, id=7564, stack(0x0000002bfd100000,0x0000002bfd200000)]
  0x000001303a55c180 JavaThread "Monitor Deflation Thread" daemon [_thread_blocked, id=12432, stack(0x0000002bfd200000,0x0000002bfd300000)]
  0x000001303a56a240 JavaThread "C2 CompilerThread0" daemon [_thread_in_native, id=17812, stack(0x0000002bfd300000,0x0000002bfd400000)]
  0x000001303a56bb70 JavaThread "C1 CompilerThread0" daemon [_thread_in_native, id=14364, stack(0x0000002bfd400000,0x0000002bfd500000)]
  0x000001303a5700b0 JavaThread "Sweeper thread" daemon [_thread_blocked, id=19236, stack(0x0000002bfd500000,0x0000002bfd600000)]
  0x000001303e87d0a0 JavaThread "Common-Cleaner" daemon [_thread_blocked, id=11996, stack(0x0000002bfd600000,0x0000002bfd700000)]
=>0x000001303e8c0820 JavaThread "C2 CompilerThread1" daemon [_thread_in_native, id=15308, stack(0x0000002bfd700000,0x0000002bfd800000)]
  0x000001303e87f5d0 JavaThread "Notification Thread" daemon [_thread_blocked, id=14576, stack(0x0000002bfd800000,0x0000002bfd900000)]
  0x000001303eeea4b0 JavaThread "C2 CompilerThread2" daemon [_thread_in_native, id=13656, stack(0x0000002bfdf00000,0x0000002bfe000000)]

Other Threads:
  0x000001303a536080 VMThread "VM Thread" [stack: 0x0000002bfcc00000,0x0000002bfcd00000] [id=10840]
  0x000001303e9b1660 WatcherThread "VM Periodic Task Thread" [stack: 0x0000002bfd900000,0x0000002bfda00000] [id=14012]
  0x000001301876aad0 WorkerThread "GC Thread#0" [stack: 0x0000002bfc700000,0x0000002bfc800000] [id=1408]
  0x000001303eaa1e70 WorkerThread "GC Thread#1" [stack: 0x0000002bfda00000,0x0000002bfdb00000] [id=6516]
  0x000001303eba3d00 WorkerThread "GC Thread#2" [stack: 0x0000002bfdb00000,0x0000002bfdc00000] [id=1412]
  0x000001303eb9afa0 WorkerThread "GC Thread#3" [stack: 0x0000002bfdc00000,0x0000002bfdd00000] [id=18080]
  0x000001303ec80b80 WorkerThread "GC Thread#4" [stack: 0x0000002bfdd00000,0x0000002bfde00000] [id=15376]
  0x000001303ecd2f60 WorkerThread "GC Thread#5" [stack: 0x0000002bfde00000,0x0000002bfdf00000] [id=4804]
  0x000001303ecd3d70 WorkerThread "GC Thread#6" [stack: 0x0000002bfe000000,0x0000002bfe100000] [id=8380]
  0x000001301877b840 ConcurrentGCThread "G1 Main Marker" [stack: 0x0000002bfc800000,0x0000002bfc900000] [id=14072]
  0x000001301877c920 WorkerThread "G1 Conc#0" [stack: 0x0000002bfc900000,0x0000002bfca00000] [id=11780]
  0x000001303a3f0a90 ConcurrentGCThread "G1 Refine#0" [stack: 0x0000002bfca00000,0x0000002bfcb00000] [id=5724]
  0x000001303a3f2390 ConcurrentGCThread "G1 Service" [stack: 0x0000002bfcb00000,0x0000002bfcc00000] [id=2804]

Threads with active compile tasks:
C2 CompilerThread0      480 1059       4       jdk.internal.jimage.ImageLocation::getFullName (109 bytes)
C1 CompilerThread0      481 1244       3       java.util.stream.AbstractPipeline::<init> (91 bytes)
C2 CompilerThread1      481 1205   !   4       com.sun.tools.javac.jvm.ClassReader::classSigToType (497 bytes)
C2 CompilerThread2      481 1162       4       java.util.regex.Pattern::compile (537 bytes)

VM state: not at safepoint (normal execution)

VM Mutex/Monitor currently owned by a thread: None

Heap address: 0x0000000082000000, size: 2016 MB, Compressed Oops mode: 32-bit

CDS archive(s) mapped at: [0x0000000800000000-0x0000000800c40000-0x0000000800c40000), size 12845056, SharedBaseAddress: 0x0000000800000000, ArchiveRelocationMode: 0.
Compressed class space mapped at: 0x0000000801000000-0x0000000841000000, reserved size: 1073741824
Narrow klass base: 0x0000000800000000, Narrow klass shift: 0, Narrow klass range: 0x100000000

GC Precious Log:
 CardTable entry size: 512
 Card Set container configuration: InlinePtr #cards 5 size 8 Array Of Cards #cards 12 size 40 Howl #buckets 4 coarsen threshold 1843 Howl Bitmap #cards 512 size 80 coarsen threshold 460 Card regions per heap region 1 cards per card region 2048
 CPUs: 12 total, 12 available
 Memory: 8059M
 Large Page Support: Disabled
 NUMA Support: Disabled
 Compressed Oops: Enabled (32-bit)
 Heap Region Size: 1M
 Heap Min Capacity: 8M
 Heap Initial Capacity: 8M
 Heap Max Capacity: 2016M
 Pre-touch: Disabled
 Parallel Workers: 10
 Concurrent Workers: 3
 Concurrent Refinement Workers: 10
 Periodic GC: Disabled

Heap:
 garbage-first heap   total 22528K, used 6940K [0x0000000082000000, 0x0000000100000000)
  region size 1024K, 3 young (3072K), 2 survivors (2048K)
 Metaspace       used 8549K, committed 8704K, reserved 1114112K
  class space    used 946K, committed 1024K, reserved 1048576K

Heap Regions: E=young(eden), S=young(survivor), O=old, HS=humongous(starts), HC=humongous(continues), CS=collection set, F=free, OA=open archive, CA=closed archive, TAMS=top-at-mark-start (previous, next)
|   0|0x0000000082000000, 0x0000000082100000, 0x0000000082100000|100%| O|  |TAMS 0x0000000082000000, 0x0000000082000000| Untracked 
|   1|0x0000000082100000, 0x0000000082200000, 0x0000000082200000|100%| O|  |TAMS 0x0000000082100000, 0x0000000082100000| Untracked 
|   2|0x0000000082200000, 0x0000000082300000, 0x0000000082300000|100%| O|  |TAMS 0x0000000082200000, 0x0000000082200000| Untracked 
|   3|0x0000000082300000, 0x0000000082400000, 0x0000000082400000|100%| O|  |TAMS 0x0000000082300000, 0x0000000082300000| Untracked 
|   4|0x0000000082400000, 0x00000000824e7c00, 0x0000000082500000| 90%| O|  |TAMS 0x0000000082400000, 0x0000000082400000| Untracked 
|   5|0x0000000082500000, 0x0000000082500000, 0x0000000082600000|  0%| F|  |TAMS 0x0000000082500000, 0x0000000082500000| Untracked 
|   6|0x0000000082600000, 0x0000000082600000, 0x0000000082700000|  0%| F|  |TAMS 0x0000000082600000, 0x0000000082600000| Untracked 
|   7|0x0000000082700000, 0x0000000082700000, 0x0000000082800000|  0%| F|  |TAMS 0x0000000082700000, 0x0000000082700000| Untracked 
|   8|0x0000000082800000, 0x0000000082800000, 0x0000000082900000|  0%| F|  |TAMS 0x0000000082800000, 0x0000000082800000| Untracked 
|   9|0x0000000082900000, 0x0000000082900000, 0x0000000082a00000|  0%| F|  |TAMS 0x0000000082900000, 0x0000000082900000| Untracked 
|  10|0x0000000082a00000, 0x0000000082adf488, 0x0000000082b00000| 87%| S|CS|TAMS 0x0000000082a00000, 0x0000000082a00000| Complete 
|  11|0x0000000082b00000, 0x0000000082c00000, 0x0000000082c00000|100%| S|CS|TAMS 0x0000000082b00000, 0x0000000082b00000| Complete 
|  12|0x0000000082c00000, 0x0000000082c00000, 0x0000000082d00000|  0%| F|  |TAMS 0x0000000082c00000, 0x0000000082c00000| Untracked 
|  13|0x0000000082d00000, 0x0000000082d00000, 0x0000000082e00000|  0%| F|  |TAMS 0x0000000082d00000, 0x0000000082d00000| Untracked 
|  14|0x0000000082e00000, 0x0000000082e00000, 0x0000000082f00000|  0%| F|  |TAMS 0x0000000082e00000, 0x0000000082e00000| Untracked 
|  15|0x0000000082f00000, 0x0000000082f00000, 0x0000000083000000|  0%| F|  |TAMS 0x0000000082f00000, 0x0000000082f00000| Untracked 
|  16|0x0000000083000000, 0x0000000083000000, 0x0000000083100000|  0%| F|  |TAMS 0x0000000083000000, 0x0000000083000000| Untracked 
|  17|0x0000000083100000, 0x0000000083100000, 0x0000000083200000|  0%| F|  |TAMS 0x0000000083100000, 0x0000000083100000| Untracked 
|  18|0x0000000083200000, 0x0000000083200000, 0x0000000083300000|  0%| F|  |TAMS 0x0000000083200000, 0x0000000083200000| Untracked 
|  19|0x0000000083300000, 0x0000000083300000, 0x0000000083400000|  0%| F|  |TAMS 0x0000000083300000, 0x0000000083300000| Untracked 
|  20|0x0000000083400000, 0x0000000083400000, 0x0000000083500000|  0%| F|  |TAMS 0x0000000083400000, 0x0000000083400000| Untracked 
|  21|0x0000000083500000, 0x000000008357c150, 0x0000000083600000| 48%| E|  |TAMS 0x0000000083500000, 0x0000000083500000| Complete 

Card table byte_map: [0x00000130331c0000,0x00000130335b0000] _byte_map_base: 0x0000013032db0000

Marking Bits (Prev, Next): (CMBitMap*) 0x000001301876b010, (CMBitMap*) 0x000001301876b050
 Prev Bits: [0x00000130339a0000, 0x0000013035920000)
 Next Bits: [0x0000013035920000, 0x00000130378a0000)

Polling page: 0x00000130187d0000

Metaspace:

Usage:
  Non-class:      7.43 MB used.
      Class:    946.12 KB used.
       Both:      8.35 MB used.

Virtual space:
  Non-class space:       64.00 MB reserved,       7.50 MB ( 12%) committed,  1 nodes.
      Class space:        1.00 GB reserved,       1.00 MB ( <1%) committed,  1 nodes.
             Both:        1.06 GB reserved,       8.50 MB ( <1%) committed. 

Chunk freelists:
   Non-Class:  2.20 MB
       Class:  2.94 MB
        Both:  5.14 MB

MaxMetaspaceSize: unlimited
CompressedClassSpaceSize: 1.00 GB
Initial GC threshold: 21.00 MB
Current GC threshold: 21.00 MB
CDS: on
MetaspaceReclaimPolicy: balanced
 - commit_granule_bytes: 65536.
 - commit_granule_words: 8192.
 - virtual_space_node_default_size: 8388608.
 - enlarge_chunks_in_place: 1.
 - new_chunks_are_fully_committed: 0.
 - uncommit_free_chunks: 1.
 - use_allocation_guard: 0.


Internal statistics:

num_allocs_failed_limit: 0.
num_arena_births: 68.
num_arena_deaths: 0.
num_vsnodes_births: 2.
num_vsnodes_deaths: 0.
num_space_committed: 136.
num_space_uncommitted: 0.
num_chunks_returned_to_freelist: 0.
num_chunks_taken_from_freelist: 342.
num_chunk_merges: 0.
num_chunk_splits: 252.
num_chunks_enlarged: 201.
num_inconsistent_stats: 0.

CodeHeap 'non-profiled nmethods': size=120000Kb used=373Kb max_used=373Kb free=119626Kb
 bounds [0x000001302ac20000, 0x000001302ae90000, 0x0000013032150000]
CodeHeap 'profiled nmethods': size=120000Kb used=2243Kb max_used=2243Kb free=117756Kb
 bounds [0x0000013023150000, 0x00000130233c0000, 0x000001302a680000]
CodeHeap 'non-nmethods': size=5760Kb used=1223Kb max_used=1252Kb free=4536Kb
 bounds [0x000001302a680000, 0x000001302a8f0000, 0x000001302ac20000]
 total_blobs=1658 nmethods=1233 adapters=335
 compilation: enabled
              stopped_count=0, restarted_count=0
 full_count=0

Compilation events (20 events):
Event: 0.463 Thread 0x000001303a56bb70 nmethod 1219 0x000001302336ae10 code [0x000001302336b080, 0x000001302336bbc8]
Event: 0.463 Thread 0x000001303a56bb70 1224       3       java.util.stream.AbstractPipeline::wrapSink (37 bytes)
Event: 0.463 Thread 0x000001303a56bb70 nmethod 1224 0x000001302336bf90 code [0x000001302336c160, 0x000001302336c578]
Event: 0.463 Thread 0x000001303a56bb70 1221       3       java.util.stream.AbstractPipeline::sourceSpliterator (265 bytes)
Event: 0.464 Thread 0x000001303a56bb70 nmethod 1221 0x000001302336c710 code [0x000001302336c9a0, 0x000001302336d8e8]
Event: 0.464 Thread 0x000001303a56bb70 1226       3       java.util.stream.AbstractPipeline::copyIntoWithCancel (46 bytes)
Event: 0.464 Thread 0x000001303a56bb70 nmethod 1226 0x000001302336de10 code [0x000001302336e000, 0x000001302336e4f8]
Event: 0.464 Thread 0x000001303a56bb70 1223       3       com.sun.tools.javac.code.Symbol$PackageSymbol::exists (19 bytes)
Event: 0.464 Thread 0x000001303a56bb70 nmethod 1223 0x000001302336e690 code [0x000001302336e820, 0x000001302336e998]
Event: 0.465 Thread 0x000001303a56bb70 1222       3       java.util.Spliterator::getExactSizeIfKnown (25 bytes)
Event: 0.465 Thread 0x000001303a56bb70 nmethod 1222 0x000001302336ea10 code [0x000001302336ebc0, 0x000001302336eeb8]
Event: 0.465 Thread 0x000001303a56bb70 1227       3       com.sun.tools.javac.jvm.ClassReader::optPoolEntry (16 bytes)
Event: 0.465 Thread 0x000001303a56bb70 nmethod 1227 0x000001302336ef90 code [0x000001302336f140, 0x000001302336f368]
Event: 0.465 Thread 0x000001303a56bb70 1228       3       java.util.stream.Sink::begin (1 bytes)
Event: 0.465 Thread 0x000001303a56bb70 nmethod 1228 0x000001302336f490 code [0x000001302336f620, 0x000001302336f738]
Event: 0.465 Thread 0x000001303a56bb70 1229       3       java.util.stream.AbstractPipeline::<init> (55 bytes)
Event: 0.465 Thread 0x000001303a56bb70 nmethod 1229 0x000001302336f810 code [0x000001302336f9c0, 0x000001302336fc98]
Event: 0.465 Thread 0x000001303a56bb70 1230       3       com.sun.tools.javac.util.Assert::checkNull (9 bytes)
Event: 0.465 Thread 0x000001303a56bb70 nmethod 1230 0x000001302336fd90 code [0x000001302336ff40, 0x0000013023370188]
Event: 0.465 Thread 0x000001303a56bb70 1232   !   3       com.sun.tools.javac.jvm.ClassReader::readMethod (485 bytes)

GC Heap History (20 events):
Event: 0.133 GC heap before
{Heap before GC invocations=0 (full 0):
 garbage-first heap   total 8192K, used 3072K [0x0000000082000000, 0x0000000100000000)
  region size 1024K, 3 young (3072K), 0 survivors (0K)
 Metaspace       used 2594K, committed 2816K, reserved 1114112K
  class space    used 328K, committed 448K, reserved 1048576K
}
Event: 0.135 GC heap after
{Heap after GC invocations=1 (full 0):
 garbage-first heap   total 8192K, used 1184K [0x0000000082000000, 0x0000000100000000)
  region size 1024K, 1 young (1024K), 1 survivors (1024K)
 Metaspace       used 2594K, committed 2816K, reserved 1114112K
  class space    used 328K, committed 448K, reserved 1048576K
}
Event: 0.190 GC heap before
{Heap before GC invocations=1 (full 0):
 garbage-first heap   total 8192K, used 2208K [0x0000000082000000, 0x0000000100000000)
  region size 1024K, 2 young (2048K), 1 survivors (1024K)
 Metaspace       used 4968K, committed 5184K, reserved 1114112K
  class space    used 598K, committed 704K, reserved 1048576K
}
Event: 0.193 GC heap after
{Heap after GC invocations=2 (full 0):
 garbage-first heap   total 8192K, used 1855K [0x0000000082000000, 0x0000000100000000)
  region size 1024K, 1 young (1024K), 1 survivors (1024K)
 Metaspace       used 4968K, committed 5184K, reserved 1114112K
  class space    used 598K, committed 704K, reserved 1048576K
}
Event: 0.236 GC heap before
{Heap before GC invocations=2 (full 0):
 garbage-first heap   total 8192K, used 2879K [0x0000000082000000, 0x0000000100000000)
  region size 1024K, 2 young (2048K), 1 survivors (1024K)
 Metaspace       used 6509K, committed 6656K, reserved 1114112K
  class space    used 751K, committed 832K, reserved 1048576K
}
Event: 0.237 GC heap after
{Heap after GC invocations=3 (full 0):
 garbage-first heap   total 8192K, used 2148K [0x0000000082000000, 0x0000000100000000)
  region size 1024K, 1 young (1024K), 1 survivors (1024K)
 Metaspace       used 6509K, committed 6656K, reserved 1114112K
  class space    used 751K, committed 832K, reserved 1048576K
}
Event: 0.284 GC heap before
{Heap before GC invocations=3 (full 0):
 garbage-first heap   total 8192K, used 3172K [0x0000000082000000, 0x0000000100000000)
  region size 1024K, 2 young (2048K), 1 survivors (1024K)
 Metaspace       used 7777K, committed 8000K, reserved 1114112K
  class space    used 871K, committed 960K, reserved 1048576K
}
Event: 0.285 GC heap after
{Heap after GC invocations=4 (full 0):
 garbage-first heap   total 8192K, used 2413K [0x0000000082000000, 0x0000000100000000)
  region size 1024K, 1 young (1024K), 1 survivors (1024K)
 Metaspace       used 7777K, committed 8000K, reserved 1114112K
  class space    used 871K, committed 960K, reserved 1048576K
}
Event: 0.307 GC heap before
{Heap before GC invocations=4 (full 0):
 garbage-first heap   total 8192K, used 3437K [0x0000000082000000, 0x0000000100000000)
  region size 1024K, 2 young (2048K), 1 survivors (1024K)
 Metaspace       used 8021K, committed 8256K, reserved 1114112K
  class space    used 895K, committed 1024K, reserved 1048576K
}
Event: 0.308 GC heap after
{Heap after GC invocations=5 (full 0):
 garbage-first heap   total 11264K, used 2807K [0x0000000082000000, 0x0000000100000000)
  region size 1024K, 1 young (1024K), 1 survivors (1024K)
 Metaspace       used 8021K, committed 8256K, reserved 1114112K
  class space    used 895K, committed 1024K, reserved 1048576K
}
Event: 0.336 GC heap before
{Heap before GC invocations=5 (full 0):
 garbage-first heap   total 11264K, used 4855K [0x0000000082000000, 0x0000000100000000)
  region size 1024K, 3 young (3072K), 1 survivors (1024K)
 Metaspace       used 8216K, committed 8384K, reserved 1114112K
  class space    used 921K, committed 1024K, reserved 1048576K
}
Event: 0.339 GC heap after
{Heap after GC invocations=6 (full 0):
 garbage-first heap   total 11264K, used 3450K [0x0000000082000000, 0x0000000100000000)
  region size 1024K, 1 young (1024K), 1 survivors (1024K)
 Metaspace       used 8216K, committed 8384K, reserved 1114112K
  class space    used 921K, committed 1024K, reserved 1048576K
}
Event: 0.352 GC heap before
{Heap before GC invocations=6 (full 0):
 garbage-first heap   total 11264K, used 5498K [0x0000000082000000, 0x0000000100000000)
  region size 1024K, 3 young (3072K), 1 survivors (1024K)
 Metaspace       used 8260K, committed 8448K, reserved 1114112K
  class space    used 921K, committed 1024K, reserved 1048576K
}
Event: 0.354 GC heap after
{Heap after GC invocations=7 (full 0):
 garbage-first heap   total 11264K, used 3789K [0x0000000082000000, 0x0000000100000000)
  region size 1024K, 1 young (1024K), 1 survivors (1024K)
 Metaspace       used 8260K, committed 8448K, reserved 1114112K
  class space    used 921K, committed 1024K, reserved 1048576K
}
Event: 0.365 GC heap before
{Heap before GC invocations=7 (full 0):
 garbage-first heap   total 11264K, used 4813K [0x0000000082000000, 0x0000000100000000)
  region size 1024K, 2 young (2048K), 1 survivors (1024K)
 Metaspace       used 8342K, committed 8512K, reserved 1114112K
  class space    used 930K, committed 1024K, reserved 1048576K
}
Event: 0.366 GC heap after
{Heap after GC invocations=8 (full 0):
 garbage-first heap   total 11264K, used 3787K [0x0000000082000000, 0x0000000100000000)
  region size 1024K, 1 young (1024K), 1 survivors (1024K)
 Metaspace       used 8342K, committed 8512K, reserved 1114112K
  class space    used 930K, committed 1024K, reserved 1048576K
}
Event: 0.370 GC heap before
{Heap before GC invocations=8 (full 0):
 garbage-first heap   total 11264K, used 5835K [0x0000000082000000, 0x0000000100000000)
  region size 1024K, 3 young (3072K), 1 survivors (1024K)
 Metaspace       used 8363K, committed 8512K, reserved 1114112K
  class space    used 930K, committed 1024K, reserved 1048576K
}
Event: 0.371 GC heap after
{Heap after GC invocations=9 (full 0):
 garbage-first heap   total 22528K, used 4149K [0x0000000082000000, 0x0000000100000000)
  region size 1024K, 1 young (1024K), 1 survivors (1024K)
 Metaspace       used 8363K, committed 8512K, reserved 1114112K
  class space    used 930K, committed 1024K, reserved 1048576K
}
Event: 0.422 GC heap before
{Heap before GC invocations=9 (full 0):
 garbage-first heap   total 22528K, used 11317K [0x0000000082000000, 0x0000000100000000)
  region size 1024K, 9 young (9216K), 1 survivors (1024K)
 Metaspace       used 8491K, committed 8704K, reserved 1114112K
  class space    used 943K, committed 1024K, reserved 1048576K
}
Event: 0.430 GC heap after
{Heap after GC invocations=10 (full 0):
 garbage-first heap   total 22528K, used 5176K [0x0000000082000000, 0x0000000100000000)
  region size 1024K, 2 young (2048K), 2 survivors (2048K)
 Metaspace       used 8491K, committed 8704K, reserved 1114112K
  class space    used 943K, committed 1024K, reserved 1048576K
}

Dll operation events (5 events):
Event: 0.004 Loaded shared library C:\Program Files\Zulu\zulu-19\bin\java.dll
Event: 0.012 Loaded shared library C:\Program Files\Zulu\zulu-19\bin\jsvml.dll
Event: 0.049 Loaded shared library C:\Program Files\Zulu\zulu-19\bin\jimage.dll
Event: 0.098 Loaded shared library C:\Program Files\Zulu\zulu-19\bin\net.dll
Event: 0.100 Loaded shared library C:\Program Files\Zulu\zulu-19\bin\nio.dll

Deoptimization events (20 events):
Event: 0.334 Thread 0x000001301870be00 Uncommon trap: trap_request=0xffffffde fr.pc=0x000001302ac66f70 relative=0x0000000000000310
Event: 0.334 Thread 0x000001301870be00 Uncommon trap: reason=class_check action=maybe_recompile pc=0x000001302ac66f70 method=java.util.HashMap.getNode(Ljava/lang/Object;)Ljava/util/HashMap$Node; @ 128 c2
Event: 0.334 Thread 0x000001301870be00 DEOPT PACKING pc=0x000001302ac66f70 sp=0x0000002bfc6fe280
Event: 0.334 Thread 0x000001301870be00 DEOPT UNPACKING pc=0x000001302a6e6da3 sp=0x0000002bfc6fe1f8 mode 2
Event: 0.386 Thread 0x000001301870be00 Uncommon trap: trap_request=0xffffff45 fr.pc=0x000001302ac5d380 relative=0x0000000000000060
Event: 0.386 Thread 0x000001301870be00 Uncommon trap: reason=unstable_if action=reinterpret pc=0x000001302ac5d380 method=com.sun.tools.javac.jvm.PoolReader.sizeof(I)I @ 1 c2
Event: 0.386 Thread 0x000001301870be00 DEOPT PACKING pc=0x000001302ac5d380 sp=0x0000002bfc6fdfe0
Event: 0.386 Thread 0x000001301870be00 DEOPT UNPACKING pc=0x000001302a6e6da3 sp=0x0000002bfc6fdf70 mode 2
Event: 0.398 Thread 0x000001301870be00 Uncommon trap: trap_request=0xffffffc6 fr.pc=0x000001302ac68448 relative=0x00000000000003c8
Event: 0.398 Thread 0x000001301870be00 Uncommon trap: reason=bimorphic_or_optimized_type_check action=maybe_recompile pc=0x000001302ac68448 method=java.util.HashMap.getNode(Ljava/lang/Object;)Ljava/util/HashMap$Node; @ 63 c2
Event: 0.398 Thread 0x000001301870be00 DEOPT PACKING pc=0x000001302ac68448 sp=0x0000002bfc6fdfd0
Event: 0.399 Thread 0x000001301870be00 DEOPT UNPACKING pc=0x000001302a6e6da3 sp=0x0000002bfc6fded8 mode 2
Event: 0.404 Thread 0x000001301870be00 Uncommon trap: trap_request=0xffffffc6 fr.pc=0x000001302ac68448 relative=0x00000000000003c8
Event: 0.404 Thread 0x000001301870be00 Uncommon trap: reason=bimorphic_or_optimized_type_check action=maybe_recompile pc=0x000001302ac68448 method=java.util.HashMap.getNode(Ljava/lang/Object;)Ljava/util/HashMap$Node; @ 63 c2
Event: 0.404 Thread 0x000001301870be00 DEOPT PACKING pc=0x000001302ac68448 sp=0x0000002bfc6fdfd0
Event: 0.404 Thread 0x000001301870be00 DEOPT UNPACKING pc=0x000001302a6e6da3 sp=0x0000002bfc6fded8 mode 2
Event: 0.440 Thread 0x000001301870be00 Uncommon trap: trap_request=0xffffffc6 fr.pc=0x000001302ac68448 relative=0x00000000000003c8
Event: 0.440 Thread 0x000001301870be00 Uncommon trap: reason=bimorphic_or_optimized_type_check action=maybe_recompile pc=0x000001302ac68448 method=java.util.HashMap.getNode(Ljava/lang/Object;)Ljava/util/HashMap$Node; @ 63 c2
Event: 0.440 Thread 0x000001301870be00 DEOPT PACKING pc=0x000001302ac68448 sp=0x0000002bfc6fdfd0
Event: 0.440 Thread 0x000001301870be00 DEOPT UNPACKING pc=0x000001302a6e6da3 sp=0x0000002bfc6fded8 mode 2

Classes loaded (20 events):
Event: 0.323 Loading class java/util/RegularEnumSet$EnumSetIterator
Event: 0.323 Loading class java/util/RegularEnumSet$EnumSetIterator done
Event: 0.325 Loading class java/nio/file/Files$AcceptAllFilter
Event: 0.325 Loading class java/nio/file/Files$AcceptAllFilter done
Event: 0.325 Loading class sun/nio/fs/WindowsDirectoryStream$WindowsDirectoryIterator
Event: 0.326 Loading class sun/nio/fs/WindowsDirectoryStream$WindowsDirectoryIterator done
Event: 0.326 Loading class java/nio/file/Files$2
Event: 0.326 Loading class java/nio/file/Files$2 done
Event: 0.327 Loading class java/util/ImmutableCollections$Access
Event: 0.327 Loading class java/util/ImmutableCollections$Access done
Event: 0.327 Loading class java/util/ImmutableCollections$Access$1
Event: 0.327 Loading class jdk/internal/access/JavaUtilCollectionAccess
Event: 0.327 Loading class jdk/internal/access/JavaUtilCollectionAccess done
Event: 0.327 Loading class java/util/ImmutableCollections$Access$1 done
Event: 0.327 Loading class java/util/stream/Nodes$SpinedNodeBuilder
Event: 0.327 Loading class java/util/stream/Nodes$SpinedNodeBuilder done
Event: 0.328 Loading class sun/nio/fs/WindowsPath$WindowsPathWithAttributes
Event: 0.328 Loading class sun/nio/fs/BasicFileAttributesHolder
Event: 0.328 Loading class sun/nio/fs/BasicFileAttributesHolder done
Event: 0.328 Loading class sun/nio/fs/WindowsPath$WindowsPathWithAttributes done

Classes unloaded (0 events):
No events

Classes redefined (0 events):
No events

Internal exceptions (20 events):
Event: 0.276 Thread 0x000001301870be00 Exception <a 'sun/nio/fs/WindowsException'{0x00000000827b4718}> (0x00000000827b4718) 
thrown [s\src\hotspot\share\prims\jni.cpp, line 517]
Event: 0.277 Thread 0x000001301870be00 Exception <a 'sun/nio/fs/WindowsException'{0x00000000827b4af8}> (0x00000000827b4af8) 
thrown [s\src\hotspot\share\prims\jni.cpp, line 517]
Event: 0.277 Thread 0x000001301870be00 Exception <a 'sun/nio/fs/WindowsException'{0x00000000827b5880}> (0x00000000827b5880) 
thrown [s\src\hotspot\share\prims\jni.cpp, line 517]
Event: 0.277 Thread 0x000001301870be00 Exception <a 'sun/nio/fs/WindowsException'{0x00000000827b5ca0}> (0x00000000827b5ca0) 
thrown [s\src\hotspot\share\prims\jni.cpp, line 517]
Event: 0.298 Thread 0x000001301870be00 Exception <a 'java/lang/NoSuchMethodError'{0x000000008279b7c8}: 'java.lang.Object java.lang.invoke.DirectMethodHandle$Holder.invokeVirtual(java.lang.Object, java.lang.Object, java.lang.Object, int, int)'> (0x000000008279b7c8) 
thrown [s\src\hotspot\share\interpreter\linkResolver.cpp, line 774]
Event: 0.298 Thread 0x000001301870be00 Exception <a 'java/lang/NoSuchMethodError'{0x00000000827a25f8}: 'java.lang.Object java.lang.invoke.DirectMethodHandle$Holder.invokeVirtual(java.lang.Object, java.lang.Object, int)'> (0x00000000827a25f8) 
thrown [s\src\hotspot\share\interpreter\linkResolver.cpp, line 774]
Event: 0.302 Thread 0x000001301870be00 Exception <a 'java/lang/NoSuchMethodError'{0x00000000827b9b80}: 'java.lang.Object java.lang.invoke.DirectMethodHandle$Holder.invokeSpecial(java.lang.Object, java.lang.Object, java.lang.Object, int, int)'> (0x00000000827b9b80) 
thrown [s\src\hotspot\share\interpreter\linkResolver.cpp, line 774]
Event: 0.324 Thread 0x000001301870be00 Exception <a 'java/lang/NoSuchMethodError'{0x000000008292f1b8}: 'void java.lang.invoke.DirectMethodHandle$Holder.invokeStatic(java.lang.Object, java.lang.Object)'> (0x000000008292f1b8) 
thrown [s\src\hotspot\share\interpreter\linkResolver.cpp, line 774]
Event: 0.325 Thread 0x000001301870be00 Exception <a 'sun/nio/fs/WindowsException'{0x0000000082939318}> (0x0000000082939318) 
thrown [s\src\hotspot\share\prims\jni.cpp, line 517]
Event: 0.330 Thread 0x000001301870be00 Exception <a 'sun/nio/fs/WindowsException'{0x0000000082953738}> (0x0000000082953738) 
thrown [s\src\hotspot\share\prims\jni.cpp, line 517]
Event: 0.363 Thread 0x000001301870be00 Exception <a 'java/lang/NoSuchMethodError'{0x0000000082a9ad70}: 'int java.lang.invoke.DirectMethodHandle$Holder.invokeSpecial(java.lang.Object, java.lang.Object, java.lang.Object)'> (0x0000000082a9ad70) 
thrown [s\src\hotspot\share\interpreter\linkResolver.cpp, line 774]
Event: 0.364 Thread 0x000001301870be00 Exception <a 'sun/nio/fs/WindowsException'{0x0000000082aa7750}> (0x0000000082aa7750) 
thrown [s\src\hotspot\share\prims\jni.cpp, line 517]
Event: 0.364 Thread 0x000001301870be00 Exception <a 'sun/nio/fs/WindowsException'{0x0000000082aa7b20}> (0x0000000082aa7b20) 
thrown [s\src\hotspot\share\prims\jni.cpp, line 517]
Event: 0.364 Thread 0x000001301870be00 Exception <a 'sun/nio/fs/WindowsException'{0x0000000082aa8c28}> (0x0000000082aa8c28) 
thrown [s\src\hotspot\share\prims\jni.cpp, line 517]
Event: 0.364 Thread 0x000001301870be00 Exception <a 'sun/nio/fs/WindowsException'{0x0000000082aa8fb8}> (0x0000000082aa8fb8) 
thrown [s\src\hotspot\share\prims\jni.cpp, line 517]
Event: 0.386 Thread 0x000001301870be00 Exception <a 'java/lang/NoSuchMethodError'{0x00000000832694e8}: 'java.lang.Object java.lang.invoke.DirectMethodHandle$Holder.invokeStatic(java.lang.Object, java.lang.Object, int, int)'> (0x00000000832694e8) 
thrown [s\src\hotspot\share\interpreter\linkResolver.cpp, line 774]
Event: 0.404 Thread 0x000001301870be00 Exception <a 'sun/nio/fs/WindowsException'{0x0000000083156440}> (0x0000000083156440) 
thrown [s\src\hotspot\share\prims\jni.cpp, line 517]
Event: 0.404 Thread 0x000001301870be00 Exception <a 'sun/nio/fs/WindowsException'{0x0000000083156820}> (0x0000000083156820) 
thrown [s\src\hotspot\share\prims\jni.cpp, line 517]
Event: 0.404 Thread 0x000001301870be00 Exception <a 'sun/nio/fs/WindowsException'{0x0000000083157928}> (0x0000000083157928) 
thrown [s\src\hotspot\share\prims\jni.cpp, line 517]
Event: 0.404 Thread 0x000001301870be00 Exception <a 'sun/nio/fs/WindowsException'{0x0000000083157cc8}> (0x0000000083157cc8) 
thrown [s\src\hotspot\share\prims\jni.cpp, line 517]

VM Operations (20 events):
Event: 0.267 Executing VM operation: HandshakeAllThreads
Event: 0.267 Executing VM operation: HandshakeAllThreads done
Event: 0.279 Executing VM operation: HandshakeAllThreads
Event: 0.279 Executing VM operation: HandshakeAllThreads done
Event: 0.284 Executing VM operation: G1CollectForAllocation
Event: 0.286 Executing VM operation: G1CollectForAllocation done
Event: 0.307 Executing VM operation: G1CollectForAllocation
Event: 0.308 Executing VM operation: G1CollectForAllocation done
Event: 0.328 Executing VM operation: HandshakeAllThreads
Event: 0.328 Executing VM operation: HandshakeAllThreads done
Event: 0.336 Executing VM operation: G1CollectForAllocation
Event: 0.339 Executing VM operation: G1CollectForAllocation done
Event: 0.352 Executing VM operation: G1CollectForAllocation
Event: 0.354 Executing VM operation: G1CollectForAllocation done
Event: 0.365 Executing VM operation: G1CollectForAllocation
Event: 0.366 Executing VM operation: G1CollectForAllocation done
Event: 0.370 Executing VM operation: G1CollectForAllocation
Event: 0.371 Executing VM operation: G1CollectForAllocation done
Event: 0.422 Executing VM operation: G1CollectForAllocation
Event: 0.430 Executing VM operation: G1CollectForAllocation done

Events (14 events):
Event: 0.012 Thread 0x000001301870be00 Thread added: 0x000001301870be00
Event: 0.020 Thread 0x000001303a550540 Thread added: 0x000001303a550540
Event: 0.020 Thread 0x000001303a551070 Thread added: 0x000001303a551070
Event: 0.021 Thread 0x000001303a5592a0 Thread added: 0x000001303a5592a0
Event: 0.021 Thread 0x000001303a559bd0 Thread added: 0x000001303a559bd0
Event: 0.021 Thread 0x000001303a55b0b0 Thread added: 0x000001303a55b0b0
Event: 0.021 Thread 0x000001303a55c180 Thread added: 0x000001303a55c180
Event: 0.021 Thread 0x000001303a56a240 Thread added: 0x000001303a56a240
Event: 0.021 Thread 0x000001303a56bb70 Thread added: 0x000001303a56bb70
Event: 0.021 Thread 0x000001303a5700b0 Thread added: 0x000001303a5700b0
Event: 0.034 Thread 0x000001303e87d0a0 Thread added: 0x000001303e87d0a0
Event: 0.044 Thread 0x000001303e8c0820 Thread added: 0x000001303e8c0820
Event: 0.047 Thread 0x000001303e87f5d0 Thread added: 0x000001303e87f5d0
Event: 0.347 Thread 0x000001303eeea4b0 Thread added: 0x000001303eeea4b0


Dynamic libraries:
0x00007ff621fc0000 - 0x00007ff621fc8000 	C:\Program Files\Zulu\zulu-19\bin\javac.exe
0x00007ffde4b30000 - 0x00007ffde4d44000 	C:\WINDOWS\SYSTEM32\ntdll.dll
0x00007ffde48b0000 - 0x00007ffde4973000 	C:\WINDOWS\System32\KERNEL32.DLL
0x00007ffde20b0000 - 0x00007ffde244c000 	C:\WINDOWS\System32\KERNELBASE.dll
0x00007ffde24c0000 - 0x00007ffde25d1000 	C:\WINDOWS\System32\ucrtbase.dll
0x00007ffdc5320000 - 0x00007ffdc5337000 	C:\Program Files\Zulu\zulu-19\bin\jli.dll
0x00007ffdc6f30000 - 0x00007ffdc6f4b000 	C:\Program Files\Zulu\zulu-19\bin\VCRUNTIME140.dll
0x00007ffde3c90000 - 0x00007ffde3e3d000 	C:\WINDOWS\System32\USER32.dll
0x00007ffde2680000 - 0x00007ffde26a6000 	C:\WINDOWS\System32\win32u.dll
0x00007ffdcd690000 - 0x00007ffdcd91e000 	C:\WINDOWS\WinSxS\amd64_microsoft.windows.common-controls_6595b64144ccf1df_6.0.22621.608_none_a9444ca7c10bb01d\COMCTL32.dll
0x00007ffde4a40000 - 0x00007ffde4ae7000 	C:\WINDOWS\System32\msvcrt.dll
0x00007ffde2e30000 - 0x00007ffde2e59000 	C:\WINDOWS\System32\GDI32.dll
0x00007ffde2820000 - 0x00007ffde2933000 	C:\WINDOWS\System32\gdi32full.dll
0x00007ffde25e0000 - 0x00007ffde267a000 	C:\WINDOWS\System32\msvcp_win.dll
0x00007ffde3bf0000 - 0x00007ffde3c21000 	C:\WINDOWS\System32\IMM32.DLL
0x00007ffddb780000 - 0x00007ffddb78c000 	C:\Program Files\Zulu\zulu-19\bin\vcruntime140_1.dll
0x00007ffda6ce0000 - 0x00007ffda6d6d000 	C:\Program Files\Zulu\zulu-19\bin\msvcp140.dll
0x00007ffd73c20000 - 0x00007ffd74927000 	C:\Program Files\Zulu\zulu-19\bin\server\jvm.dll
0x00007ffde2e90000 - 0x00007ffde2f3e000 	C:\WINDOWS\System32\ADVAPI32.dll
0x00007ffde2940000 - 0x00007ffde29e4000 	C:\WINDOWS\System32\sechost.dll
0x00007ffde2f60000 - 0x00007ffde3075000 	C:\WINDOWS\System32\RPCRT4.dll
0x00007ffdda430000 - 0x00007ffdda43a000 	C:\WINDOWS\SYSTEM32\VERSION.dll
0x00007ffddc170000 - 0x00007ffddc179000 	C:\WINDOWS\SYSTEM32\WSOCK32.dll
0x00007ffddaab0000 - 0x00007ffddaae4000 	C:\WINDOWS\SYSTEM32\WINMM.dll
0x00007ffde29f0000 - 0x00007ffde2a61000 	C:\WINDOWS\System32\WS2_32.dll
0x00007ffde10b0000 - 0x00007ffde10c8000 	C:\WINDOWS\SYSTEM32\kernel.appcore.dll
0x00007ffdcbae0000 - 0x00007ffdcbaea000 	C:\Program Files\Zulu\zulu-19\bin\jimage.dll
0x00007ffddf750000 - 0x00007ffddf97e000 	C:\WINDOWS\SYSTEM32\DBGHELP.DLL
0x00007ffde3f40000 - 0x00007ffde42c9000 	C:\WINDOWS\System32\combase.dll
0x00007ffde3080000 - 0x00007ffde3157000 	C:\WINDOWS\System32\OLEAUT32.dll
0x00007ffdc6fc0000 - 0x00007ffdc6ff2000 	C:\WINDOWS\SYSTEM32\dbgcore.DLL
0x00007ffde2030000 - 0x00007ffde20ab000 	C:\WINDOWS\System32\bcryptPrimitives.dll
0x00007ffdbabf0000 - 0x00007ffdbac16000 	C:\Program Files\Zulu\zulu-19\bin\java.dll
0x00007ffd94950000 - 0x00007ffd94a27000 	C:\Program Files\Zulu\zulu-19\bin\jsvml.dll
0x00007ffde3380000 - 0x00007ffde3b70000 	C:\WINDOWS\System32\SHELL32.dll
0x00007ffddff90000 - 0x00007ffde085e000 	C:\WINDOWS\SYSTEM32\windows.storage.dll
0x00007ffddfce0000 - 0x00007ffddfe1e000 	C:\WINDOWS\SYSTEM32\wintypes.dll
0x00007ffde2d30000 - 0x00007ffde2e21000 	C:\WINDOWS\System32\SHCORE.dll
0x00007ffde3c30000 - 0x00007ffde3c8e000 	C:\WINDOWS\System32\shlwapi.dll
0x00007ffde1ea0000 - 0x00007ffde1ec1000 	C:\WINDOWS\SYSTEM32\profapi.dll
0x00007ffdcbec0000 - 0x00007ffdcbed3000 	C:\Program Files\Zulu\zulu-19\bin\net.dll
0x00007ffddb520000 - 0x00007ffddb64f000 	C:\WINDOWS\SYSTEM32\WINHTTP.dll
0x00007ffde1520000 - 0x00007ffde1589000 	C:\WINDOWS\system32\mswsock.dll
0x00007ffdc7860000 - 0x00007ffdc7876000 	C:\Program Files\Zulu\zulu-19\bin\nio.dll

dbghelp: loaded successfully - version: 4.0.5 - missing functions: none
symbol engine: initialized successfully - sym options: 0x614 - pdb path: .;C:\Program Files\Zulu\zulu-19\bin;C:\WINDOWS\SYSTEM32;C:\WINDOWS\WinSxS\amd64_microsoft.windows.common-controls_6595b64144ccf1df_6.0.22621.608_none_a9444ca7c10bb01d;C:\Program Files\Zulu\zulu-19\bin\server

VM Arguments:
jvm_args: -Dapplication.home=C:\Program Files\Zulu\zulu-19 --add-modules=ALL-DEFAULT -Xms8m -Djdk.module.main=jdk.compiler 
java_command: jdk.compiler/com.sun.tools.javac.Main -d C:\Users\ulise\Desktop\TEC\Algoritmos y estructura de datos I\BuscaMinas\ventana busca minas\build\classes -classpath C:\Users\ulise\Desktop\TEC\Algoritmos y estructura de datos I\BuscaMinas\ventana busca minas\build\classes -sourcepath C:\Users\ulise\Desktop\TEC\Algoritmos y estructura de datos I\BuscaMinas\ventana busca minas\src -target 19 -encoding UTF-8 -g -processorpath C:\Users\ulise\Desktop\TEC\Algoritmos y estructura de datos I\BuscaMinas\ventana busca minas\build\empty -s C:\Users\ulise\Desktop\TEC\Algoritmos y estructura de datos I\BuscaMinas\ventana busca minas\build\generated-sources\ap-source-output -source 19 C:\Users\ulise\Desktop\TEC\Algoritmos y estructura de datos I\BuscaMinas\ventana busca minas\src\BuscaminasFX.java
java_class_path (initial): <not set>
Launcher Type: SUN_STANDARD

[Global flags]
     intx CICompilerCount                          = 4                                         {product} {ergonomic}
     uint ConcGCThreads                            = 3                                         {product} {ergonomic}
     uint G1ConcRefinementThreads                  = 10                                        {product} {ergonomic}
   size_t G1HeapRegionSize                         = 1048576                                   {product} {ergonomic}
    uintx GCDrainStackTargetSize                   = 64                                        {product} {ergonomic}
   size_t InitialHeapSize                          = 8388608                                   {product} {command line}
   size_t MarkStackSize                            = 4194304                                   {product} {ergonomic}
   size_t MaxHeapSize                              = 2113929216                                {product} {ergonomic}
   size_t MaxNewSize                               = 1267728384                                {product} {ergonomic}
   size_t MinHeapDeltaBytes                        = 1048576                                   {product} {ergonomic}
   size_t MinHeapSize                              = 8388608                                   {product} {command line}
    uintx NonNMethodCodeHeapSize                   = 5839372                                {pd product} {ergonomic}
    uintx NonProfiledCodeHeapSize                  = 122909434                              {pd product} {ergonomic}
    uintx ProfiledCodeHeapSize                     = 122909434                              {pd product} {ergonomic}
    uintx ReservedCodeCacheSize                    = 251658240                              {pd product} {ergonomic}
     bool SegmentedCodeCache                       = true                                      {product} {ergonomic}
   size_t SoftMaxHeapSize                          = 2113929216                             {manageable} {ergonomic}
     bool UseCompressedClassPointers               = true                           {product lp64_product} {ergonomic}
     bool UseCompressedOops                        = true                           {product lp64_product} {ergonomic}
     bool UseG1GC                                  = true                                      {product} {ergonomic}
     bool UseLargePagesIndividualAllocation        = false                                  {pd product} {ergonomic}

Logging:
Log output configuration:
 #0: stdout all=warning uptime,level,tags foldmultilines=false
 #1: stderr all=off uptime,level,tags foldmultilines=false

Environment Variables:
PATH=C:\Program Files\Zulu\zulu-19\bin\;C:\Program Files\Common Files\Oracle\Java\javapath;C:\Program Files (x86)\Common Files\Oracle\Java\javapath;C:\Windows\system32;C:\Windows;C:\Windows\System32\Wbem;C:\Windows\System32\WindowsPowerShell\v1.0\;C:\Windows\System32\OpenSSH\;C:\Program Files (x86)\NVIDIA Corporation\PhysX\Common;C:\Program Files\NVIDIA Corporation\NVIDIA NvDLISR;C:\WINDOWS\system32;C:\WINDOWS;C:\WINDOWS\System32\Wbem;C:\WINDOWS\System32\WindowsPowerShell\v1.0\;C:\WINDOWS\System32\OpenSSH\;C:\Program Files\nodejs\;C:\Program Files\Git\cmd;C:\Users\ulise\AppData\Local\Microsoft\WindowsApps;C:\Users\ulise\AppData\Local\Programs\Microsoft VS Code\bin;C:\Users\ulise\AppData\Roaming\npm;C:\Users\ulise\AppData\Local\GitHubDesktop\bin
USERNAME=ulise
OS=Windows_NT
PROCESSOR_IDENTIFIER=Intel64 Family 6 Model 165 Stepping 2, GenuineIntel
TMP=C:\Users\ulise\AppData\Local\Temp
TEMP=C:\Users\ulise\AppData\Local\Temp



---------------  S Y S T E M  ---------------

OS:
 Windows 11 , 64 bit Build 22621 (10.0.22621.1344)
OS uptime: 0 days 14:54 hours

CPU: total 12 (initial active 12) (6 cores per cpu, 2 threads per core) family 6 model 165 stepping 2 microcode 0xe2, cx8, cmov, fxsr, ht, mmx, 3dnowpref, sse, sse2, sse3, ssse3, sse4.1, sse4.2, popcnt, lzcnt, tsc, tscinvbit, avx, avx2, aes, erms, clmul, bmi1, bmi2, adx, fma, vzeroupper, clflush, clflushopt, rdtscp

Memory: 4k page, system-wide physical 8059M (1143M free)
TotalPageFile size 12155M (AvailPageFile size 4M)
current process WorkingSet (physical memory assigned to process): 88M, peak: 88M
current process commit charge ("private bytes"): 131M, peak: 131M

vm_info: OpenJDK 64-Bit Server VM (19.0.2+7) for windows-amd64 JRE (19.0.2+7) (Zulu19.32+15-CA), built on Dec 28 2022 19:25:40 by "zulu_re" with MS VC++ 16.10 / 16.11 (VS2019)

END.
