#
# There is insufficient memory for the Java Runtime Environment to continue.
# Native memory allocation (mmap) failed to map 134217728 bytes for G1 virtual space
# Possible reasons:
#   The system is out of physical RAM or swap space
#   The process is running with CompressedOops enabled, and the Java Heap may be blocking the growth of the native heap
# Possible solutions:
#   Reduce memory load on the system
#   Increase physical memory or swap space
#   Check if swap backing store is full
#   Decrease Java heap size (-Xmx/-Xms)
#   Decrease number of Java threads
#   Decrease Java thread stack sizes (-Xss)
#   Set larger code cache with -XX:ReservedCodeCacheSize=
#   JVM is running with Unscaled Compressed Oops mode in which the Java heap is
#     placed in the first 4GB address space. The Java Heap base address is the
#     maximum limit for the native heap growth. Please use -XX:HeapBaseMinAddress
#     to set the Java Heap base and to place the Java Heap above 4GB virtual address.
# This output file may be truncated or incomplete.
#
#  Out of Memory Error (os_windows.cpp:3536), pid=20400, tid=7272
#
# JRE version: OpenJDK Runtime Environment Zulu19.32+15-CA (19.0.2+7) (build 19.0.2+7)
# Java VM: OpenJDK 64-Bit Server VM Zulu19.32+15-CA (19.0.2+7, mixed mode, sharing, tiered, compressed oops, compressed class ptrs, g1 gc, windows-amd64)
# No core dump will be written. Minidumps are not enabled by default on client versions of Windows
#

---------------  S U M M A R Y ------------

Command Line: -Dfile.encoding=UTF-8 GameMenuDemo

Host: Intel(R) Core(TM) i7-10750H CPU @ 2.60GHz, 12 cores, 7G,  Windows 11 , 64 bit Build 22621 (10.0.22621.1485)
Time: Mon Apr 10 15:29:33 2023 Hora estándar, América Central elapsed time: 4.926175 seconds (0d 0h 0m 4s)

---------------  T H R E A D  ---------------

Current thread (0x0000012ffb1c9120):  VMThread "VM Thread" [stack: 0x0000000618400000,0x0000000618500000] [id=7272]

Stack: [0x0000000618400000,0x0000000618500000]
Native frames: (J=compiled Java code, j=interpreted, Vv=VM code, C=native code)
V  [jvm.dll+0x6eab2a]
V  [jvm.dll+0x8a4a20]
V  [jvm.dll+0x8a640e]
V  [jvm.dll+0x8a6ac3]
V  [jvm.dll+0x27c1ef]
V  [jvm.dll+0x6e7929]
V  [jvm.dll+0x6dc3da]
V  [jvm.dll+0x3528ab]
V  [jvm.dll+0x35a266]
V  [jvm.dll+0x3b0a2e]
V  [jvm.dll+0x3b0c5f]
V  [jvm.dll+0x327e9a]
V  [jvm.dll+0x327f47]
V  [jvm.dll+0x370442]
V  [jvm.dll+0x36e8e4]
V  [jvm.dll+0x327660]
V  [jvm.dll+0x36de7b]
V  [jvm.dll+0x8abc13]
V  [jvm.dll+0x8ac9d9]
V  [jvm.dll+0x8acf0d]
V  [jvm.dll+0x8ad39b]
V  [jvm.dll+0x8ad457]
V  [jvm.dll+0x84ec7a]
V  [jvm.dll+0x6e981b]
C  [ucrtbase.dll+0x29363]
C  [KERNEL32.DLL+0x1269d]
C  [ntdll.dll+0x5a9f8]

VM_Operation (0x000000061a2dee50): G1CollectForAllocation, mode: safepoint, requested by thread 0x0000012f99c04460


---------------  P R O C E S S  ---------------

Threads class SMR info:
_java_thread_list=0x0000012f9a4c7800, length=23, elements={
0x0000012fea466c10, 0x0000012ffb1e14b0, 0x0000012ffb1e3df0, 0x0000012ffb1e4720,
0x0000012ffb1e5050, 0x0000012ffb1e5980, 0x0000012ffb1e82c0, 0x0000012ffb1e9280,
0x0000012ffb1f0d20, 0x0000012ffb1fc2d0, 0x0000012fff926330, 0x0000012fff936eb0,
0x0000012fffb53620, 0x0000012f8f36ef10, 0x0000012f8f372ae0, 0x0000012f8f5adc40,
0x0000012f8f5ad6f0, 0x0000012f8f5ad1a0, 0x0000012f9926aae0, 0x0000012f991f2270,
0x0000012f99c04460, 0x0000012f99bfe4c0, 0x0000012f99bfea10
}

Java Threads: ( => current thread )
  0x0000012fea466c10 JavaThread "main" [_thread_blocked, id=17208, stack(0x0000000617e00000,0x0000000617f00000)]
  0x0000012ffb1e14b0 JavaThread "Reference Handler" daemon [_thread_blocked, id=22412, stack(0x0000000618500000,0x0000000618600000)]
  0x0000012ffb1e3df0 JavaThread "Finalizer" daemon [_thread_blocked, id=6412, stack(0x0000000618600000,0x0000000618700000)]
  0x0000012ffb1e4720 JavaThread "Signal Dispatcher" daemon [_thread_blocked, id=11524, stack(0x0000000618700000,0x0000000618800000)]
  0x0000012ffb1e5050 JavaThread "Attach Listener" daemon [_thread_blocked, id=10668, stack(0x0000000618800000,0x0000000618900000)]
  0x0000012ffb1e5980 JavaThread "Service Thread" daemon [_thread_blocked, id=20144, stack(0x0000000618900000,0x0000000618a00000)]
  0x0000012ffb1e82c0 JavaThread "Monitor Deflation Thread" daemon [_thread_blocked, id=22932, stack(0x0000000618a00000,0x0000000618b00000)]
  0x0000012ffb1e9280 JavaThread "C2 CompilerThread0" daemon [_thread_in_native, id=12852, stack(0x0000000618b00000,0x0000000618c00000)]
  0x0000012ffb1f0d20 JavaThread "C1 CompilerThread0" daemon [_thread_blocked, id=24196, stack(0x0000000618c00000,0x0000000618d00000)]
  0x0000012ffb1fc2d0 JavaThread "Sweeper thread" daemon [_thread_blocked, id=18288, stack(0x0000000618d00000,0x0000000618e00000)]
  0x0000012fff926330 JavaThread "Notification Thread" daemon [_thread_blocked, id=23980, stack(0x0000000618e00000,0x0000000618f00000)]
  0x0000012fff936eb0 JavaThread "Common-Cleaner" daemon [_thread_blocked, id=17800, stack(0x0000000619000000,0x0000000619100000)]
  0x0000012fffb53620 JavaThread "QuantumRenderer-0" daemon [_thread_blocked, id=21524, stack(0x0000000619100000,0x0000000619200000)]
  0x0000012f8f36ef10 JavaThread "InvokeLaterDispatcher" daemon [_thread_blocked, id=20920, stack(0x0000000619300000,0x0000000619400000)]
  0x0000012f8f372ae0 JavaThread "JavaFX Application Thread" [_thread_blocked, id=12336, stack(0x0000000619400000,0x0000000619500000)]
  0x0000012f8f5adc40 JavaThread "JavaFX-Launcher" [_thread_blocked, id=23520, stack(0x0000000619700000,0x0000000619800000)]
  0x0000012f8f5ad6f0 JavaThread "Thread-2" daemon [_thread_blocked, id=2492, stack(0x0000000619600000,0x0000000619700000)]
  0x0000012f8f5ad1a0 JavaThread "Prism Font Disposer" daemon [_thread_blocked, id=16684, stack(0x0000000619800000,0x0000000619900000)]
  0x0000012f9926aae0 JavaThread "C2 CompilerThread1" daemon [_thread_blocked, id=15864, stack(0x0000000619fd0000,0x000000061a0d0000)]
  0x0000012f991f2270 JavaThread "C2 CompilerThread2" daemon [_thread_blocked, id=24464, stack(0x000000061a0e0000,0x000000061a1e0000)]
  0x0000012f99c04460 JavaThread "Thread-7" daemon [_thread_blocked, id=5876, stack(0x000000061a1e0000,0x000000061a2e0000)]
  0x0000012f99bfe4c0 JavaThread "Thread-8" daemon [_thread_blocked, id=20176, stack(0x000000061a2e0000,0x000000061a3e0000)]
  0x0000012f99bfea10 JavaThread "Timer-0" [_thread_blocked, id=11608, stack(0x000000061a3e0000,0x000000061a4e0000)]

Other Threads:
=>0x0000012ffb1c9120 VMThread "VM Thread" [stack: 0x0000000618400000,0x0000000618500000] [id=7272]
  0x0000012fff926870 WatcherThread "VM Periodic Task Thread" [stack: 0x0000000618f00000,0x0000000619000000] [id=19508]
  0x0000012fea4c94f0 WorkerThread "GC Thread#0" [stack: 0x0000000617f00000,0x0000000618000000] [id=24084]
  0x0000012f991e4110 WorkerThread "GC Thread#1" [stack: 0x000000061a4e0000,0x000000061a5e0000] [id=13756]
  0x0000012f991e3e40 WorkerThread "GC Thread#2" [stack: 0x000000061a5e0000,0x000000061a6e0000] [id=18244]
  0x0000012f991e5a60 WorkerThread "GC Thread#3" [stack: 0x000000061a6e0000,0x000000061a7e0000] [id=19916]
  0x0000012f991e38a0 WorkerThread "GC Thread#4" [stack: 0x000000061a7e0000,0x000000061a8e0000] [id=8512]
  0x0000012f991e5790 WorkerThread "GC Thread#5" [stack: 0x000000061a8e0000,0x000000061a9e0000] [id=10264]
  0x0000012f991e4f20 WorkerThread "GC Thread#6" [stack: 0x000000061a9e0000,0x000000061aae0000] [id=24244]
  0x0000012f991e2a90 WorkerThread "GC Thread#7" [stack: 0x000000061aae0000,0x000000061abe0000] [id=6284]
  0x0000012f991e2d60 WorkerThread "GC Thread#8" [stack: 0x000000061abe0000,0x000000061ace0000] [id=9416]
  0x0000012f991e43e0 WorkerThread "GC Thread#9" [stack: 0x000000061ace0000,0x000000061ade0000] [id=22824]
  0x0000012fea518310 ConcurrentGCThread "G1 Main Marker" [stack: 0x0000000618000000,0x0000000618100000] [id=22100]
  0x0000012fea51a290 WorkerThread "G1 Conc#0" [stack: 0x0000000618100000,0x0000000618200000] [id=4364]
  0x0000012ffb080b30 ConcurrentGCThread "G1 Refine#0" [stack: 0x0000000618200000,0x0000000618300000] [id=22012]
  0x0000012ffb081410 ConcurrentGCThread "G1 Service" [stack: 0x0000000618300000,0x0000000618400000] [id=14856]

Threads with active compile tasks:
C2 CompilerThread0     4942 2160   !   4       com.sun.javafx.css.ParsedValueImpl::readBinary (688 bytes)
C1 CompilerThread0     4942 2476       3       java.lang.invoke.Invokers$Holder::invokeExact_MT (32 bytes)
C2 CompilerThread2     4942 2478       4       java.lang.String::substring (58 bytes)

VM state: at safepoint (normal execution)

VM Mutex/Monitor currently owned by a thread:  ([mutex/lock_event])
[0x0000012fea462590] Threads_lock - owner thread: 0x0000012ffb1c9120
[0x0000012fea462e00] Heap_lock - owner thread: 0x0000012f99c04460

Heap address: 0x0000000081600000, size: 2026 MB, Compressed Oops mode: 32-bit

CDS archive(s) mapped at: [0x0000000800000000-0x0000000800c40000-0x0000000800c40000), size 12845056, SharedBaseAddress: 0x0000000800000000, ArchiveRelocationMode: 0.
Compressed class space mapped at: 0x0000000801000000-0x0000000841000000, reserved size: 1073741824
Narrow klass base: 0x0000000800000000, Narrow klass shift: 0, Narrow klass range: 0x100000000

GC Precious Log:
 CardTable entry size: 512
 Card Set container configuration: InlinePtr #cards 5 size 8 Array Of Cards #cards 12 size 40 Howl #buckets 4 coarsen threshold 1843 Howl Bitmap #cards 512 size 80 coarsen threshold 460 Card regions per heap region 1 cards per card region 2048
 CPUs: 12 total, 12 available
 Memory: 8099M
 Large Page Support: Disabled
 NUMA Support: Disabled
 Compressed Oops: Enabled (32-bit)
 Heap Region Size: 1M
 Heap Min Capacity: 8M
 Heap Initial Capacity: 128M
 Heap Max Capacity: 2026M
 Pre-touch: Disabled
 Parallel Workers: 10
 Concurrent Workers: 3
 Concurrent Refinement Workers: 10
 Periodic GC: Disabled

Heap:
 garbage-first heap   total 131072K, used 25059K [0x0000000081600000, 0x0000000100000000)
  region size 1024K, 2 young (2048K), 2 survivors (2048K)
 Metaspace       used 12621K, committed 12928K, reserved 1114112K
  class space    used 1725K, committed 1856K, reserved 1048576K

Heap Regions: E=young(eden), S=young(survivor), O=old, HS=humongous(starts), HC=humongous(continues), CS=collection set, F=free, OA=open archive, CA=closed archive, TAMS=top-at-mark-start (previous, next)
|   0|0x0000000081600000, 0x0000000081700000, 0x0000000081700000|100%|HS|  |TAMS 0x0000000081600000, 0x0000000081600000| Complete 
|   1|0x0000000081700000, 0x0000000081800000, 0x0000000081800000|100%|HC|  |TAMS 0x0000000081700000, 0x0000000081700000| Complete 
|   2|0x0000000081800000, 0x0000000081900000, 0x0000000081900000|100%|HC|  |TAMS 0x0000000081800000, 0x0000000081800000| Complete 
|   3|0x0000000081900000, 0x0000000081a00000, 0x0000000081a00000|100%|HC|  |TAMS 0x0000000081900000, 0x0000000081900000| Complete 
|   4|0x0000000081a00000, 0x0000000081b00000, 0x0000000081b00000|100%|HC|  |TAMS 0x0000000081a00000, 0x0000000081a00000| Complete 
|   5|0x0000000081b00000, 0x0000000081c00000, 0x0000000081c00000|100%|HC|  |TAMS 0x0000000081b00000, 0x0000000081b00000| Complete 
|   6|0x0000000081c00000, 0x0000000081d00000, 0x0000000081d00000|100%|HC|  |TAMS 0x0000000081c00000, 0x0000000081c00000| Complete 
|   7|0x0000000081d00000, 0x0000000081e00000, 0x0000000081e00000|100%|HC|  |TAMS 0x0000000081d00000, 0x0000000081d00000| Complete 
|   8|0x0000000081e00000, 0x0000000081f00000, 0x0000000081f00000|100%|HS|  |TAMS 0x0000000081e00000, 0x0000000081e00000| Complete 
|   9|0x0000000081f00000, 0x0000000082000000, 0x0000000082000000|100%|HS|  |TAMS 0x0000000081f00000, 0x0000000081f00000| Complete 
|  10|0x0000000082000000, 0x0000000082100000, 0x0000000082100000|100%|HC|  |TAMS 0x0000000082000000, 0x0000000082000000| Complete 
|  11|0x0000000082100000, 0x0000000082200000, 0x0000000082200000|100%|HC|  |TAMS 0x0000000082100000, 0x0000000082100000| Complete 
|  12|0x0000000082200000, 0x0000000082300000, 0x0000000082300000|100%|HC|  |TAMS 0x0000000082200000, 0x0000000082200000| Complete 
|  13|0x0000000082300000, 0x0000000082400000, 0x0000000082400000|100%|HC|  |TAMS 0x0000000082300000, 0x0000000082300000| Complete 
|  14|0x0000000082400000, 0x0000000082500000, 0x0000000082500000|100%|HC|  |TAMS 0x0000000082400000, 0x0000000082400000| Complete 
|  15|0x0000000082500000, 0x0000000082600000, 0x0000000082600000|100%|HC|  |TAMS 0x0000000082500000, 0x0000000082500000| Complete 
|  16|0x0000000082600000, 0x0000000082700000, 0x0000000082700000|100%|HC|  |TAMS 0x0000000082600000, 0x0000000082600000| Complete 
|  17|0x0000000082700000, 0x0000000082800000, 0x0000000082800000|100%| O|  |TAMS 0x0000000082700000, 0x0000000082700000| Untracked 
|  18|0x0000000082800000, 0x0000000082900000, 0x0000000082900000|100%| O|  |TAMS 0x0000000082800000, 0x0000000082800000| Untracked 
|  19|0x0000000082900000, 0x0000000082a00000, 0x0000000082a00000|100%| O|  |TAMS 0x0000000082900000, 0x0000000082900000| Untracked 
|  20|0x0000000082a00000, 0x0000000082b00000, 0x0000000082b00000|100%| O|  |TAMS 0x0000000082a00000, 0x0000000082a00000| Untracked 
|  21|0x0000000082b00000, 0x0000000082c00000, 0x0000000082c00000|100%| O|  |TAMS 0x0000000082b00000, 0x0000000082b00000| Untracked 
|  22|0x0000000082c00000, 0x0000000082c1da00, 0x0000000082d00000| 11%| O|  |TAMS 0x0000000082c00000, 0x0000000082c00000| Untracked 
|  23|0x0000000082d00000, 0x0000000082e00000, 0x0000000082e00000|100%|HS|  |TAMS 0x0000000082d00000, 0x0000000082d00000| Complete 
|  24|0x0000000082e00000, 0x0000000082e00000, 0x0000000082f00000|  0%| F|  |TAMS 0x0000000082e00000, 0x0000000082e00000| Untracked 
|  25|0x0000000082f00000, 0x0000000082f00000, 0x0000000083000000|  0%| F|  |TAMS 0x0000000082f00000, 0x0000000082f00000| Untracked 
|  26|0x0000000083000000, 0x0000000083000000, 0x0000000083100000|  0%| F|  |TAMS 0x0000000083000000, 0x0000000083000000| Untracked 
|  27|0x0000000083100000, 0x0000000083100000, 0x0000000083200000|  0%| F|  |TAMS 0x0000000083100000, 0x0000000083100000| Untracked 
|  28|0x0000000083200000, 0x0000000083200000, 0x0000000083300000|  0%| F|  |TAMS 0x0000000083200000, 0x0000000083200000| Untracked 
|  29|0x0000000083300000, 0x0000000083300000, 0x0000000083400000|  0%| F|  |TAMS 0x0000000083300000, 0x0000000083300000| Untracked 
|  30|0x0000000083400000, 0x0000000083400000, 0x0000000083500000|  0%| F|  |TAMS 0x0000000083400000, 0x0000000083400000| Untracked 
|  31|0x0000000083500000, 0x0000000083500000, 0x0000000083600000|  0%| F|  |TAMS 0x0000000083500000, 0x0000000083500000| Untracked 
|  32|0x0000000083600000, 0x0000000083600000, 0x0000000083700000|  0%| F|  |TAMS 0x0000000083600000, 0x0000000083600000| Untracked 
|  33|0x0000000083700000, 0x0000000083700000, 0x0000000083800000|  0%| F|  |TAMS 0x0000000083700000, 0x0000000083700000| Untracked 
|  34|0x0000000083800000, 0x0000000083800000, 0x0000000083900000|  0%| F|  |TAMS 0x0000000083800000, 0x0000000083800000| Untracked 
|  35|0x0000000083900000, 0x0000000083900000, 0x0000000083a00000|  0%| F|  |TAMS 0x0000000083900000, 0x0000000083900000| Untracked 
|  36|0x0000000083a00000, 0x0000000083a00000, 0x0000000083b00000|  0%| F|  |TAMS 0x0000000083a00000, 0x0000000083a00000| Untracked 
|  37|0x0000000083b00000, 0x0000000083b00000, 0x0000000083c00000|  0%| F|  |TAMS 0x0000000083b00000, 0x0000000083b00000| Untracked 
|  38|0x0000000083c00000, 0x0000000083c00000, 0x0000000083d00000|  0%| F|  |TAMS 0x0000000083c00000, 0x0000000083c00000| Untracked 
|  39|0x0000000083d00000, 0x0000000083d00000, 0x0000000083e00000|  0%| F|  |TAMS 0x0000000083d00000, 0x0000000083d00000| Untracked 
|  40|0x0000000083e00000, 0x0000000083e00000, 0x0000000083f00000|  0%| F|  |TAMS 0x0000000083e00000, 0x0000000083e00000| Untracked 
|  41|0x0000000083f00000, 0x0000000083f00000, 0x0000000084000000|  0%| F|  |TAMS 0x0000000083f00000, 0x0000000083f00000| Untracked 
|  42|0x0000000084000000, 0x0000000084000000, 0x0000000084100000|  0%| F|  |TAMS 0x0000000084000000, 0x0000000084000000| Untracked 
|  43|0x0000000084100000, 0x0000000084100000, 0x0000000084200000|  0%| F|  |TAMS 0x0000000084100000, 0x0000000084100000| Untracked 
|  44|0x0000000084200000, 0x0000000084200000, 0x0000000084300000|  0%| F|  |TAMS 0x0000000084200000, 0x0000000084200000| Untracked 
|  45|0x0000000084300000, 0x0000000084300000, 0x0000000084400000|  0%| F|  |TAMS 0x0000000084300000, 0x0000000084300000| Untracked 
|  46|0x0000000084400000, 0x0000000084400000, 0x0000000084500000|  0%| F|  |TAMS 0x0000000084400000, 0x0000000084400000| Untracked 
|  47|0x0000000084500000, 0x0000000084500000, 0x0000000084600000|  0%| F|  |TAMS 0x0000000084500000, 0x0000000084500000| Untracked 
|  48|0x0000000084600000, 0x0000000084600000, 0x0000000084700000|  0%| F|  |TAMS 0x0000000084600000, 0x0000000084600000| Untracked 
|  49|0x0000000084700000, 0x0000000084700000, 0x0000000084800000|  0%| F|  |TAMS 0x0000000084700000, 0x0000000084700000| Untracked 
|  50|0x0000000084800000, 0x000000008485b300, 0x0000000084900000| 35%| S|CS|TAMS 0x0000000084800000, 0x0000000084800000| Complete 
|  51|0x0000000084900000, 0x0000000084a00000, 0x0000000084a00000|100%| S|CS|TAMS 0x0000000084900000, 0x0000000084900000| Complete 
|  52|0x0000000084a00000, 0x0000000084a00000, 0x0000000084b00000|  0%| F|  |TAMS 0x0000000084a00000, 0x0000000084a00000| Untracked 
|  53|0x0000000084b00000, 0x0000000084b00000, 0x0000000084c00000|  0%| F|  |TAMS 0x0000000084b00000, 0x0000000084b00000| Untracked 
|  54|0x0000000084c00000, 0x0000000084c00000, 0x0000000084d00000|  0%| F|  |TAMS 0x0000000084c00000, 0x0000000084c00000| Untracked 
|  55|0x0000000084d00000, 0x0000000084d00000, 0x0000000084e00000|  0%| F|  |TAMS 0x0000000084d00000, 0x0000000084d00000| Untracked 
|  56|0x0000000084e00000, 0x0000000084e00000, 0x0000000084f00000|  0%| F|  |TAMS 0x0000000084e00000, 0x0000000084e00000| Untracked 
|  57|0x0000000084f00000, 0x0000000084f00000, 0x0000000085000000|  0%| F|  |TAMS 0x0000000084f00000, 0x0000000084f00000| Untracked 
|  58|0x0000000085000000, 0x0000000085000000, 0x0000000085100000|  0%| F|  |TAMS 0x0000000085000000, 0x0000000085000000| Untracked 
|  59|0x0000000085100000, 0x0000000085100000, 0x0000000085200000|  0%| F|  |TAMS 0x0000000085100000, 0x0000000085100000| Untracked 
|  60|0x0000000085200000, 0x0000000085200000, 0x0000000085300000|  0%| F|  |TAMS 0x0000000085200000, 0x0000000085200000| Untracked 
|  61|0x0000000085300000, 0x0000000085300000, 0x0000000085400000|  0%| F|  |TAMS 0x0000000085300000, 0x0000000085300000| Untracked 
|  62|0x0000000085400000, 0x0000000085400000, 0x0000000085500000|  0%| F|  |TAMS 0x0000000085400000, 0x0000000085400000| Untracked 
|  63|0x0000000085500000, 0x0000000085500000, 0x0000000085600000|  0%| F|  |TAMS 0x0000000085500000, 0x0000000085500000| Untracked 
|  64|0x0000000085600000, 0x0000000085600000, 0x0000000085700000|  0%| F|  |TAMS 0x0000000085600000, 0x0000000085600000| Untracked 
|  65|0x0000000085700000, 0x0000000085700000, 0x0000000085800000|  0%| F|  |TAMS 0x0000000085700000, 0x0000000085700000| Untracked 
|  66|0x0000000085800000, 0x0000000085800000, 0x0000000085900000|  0%| F|  |TAMS 0x0000000085800000, 0x0000000085800000| Untracked 
|  67|0x0000000085900000, 0x0000000085900000, 0x0000000085a00000|  0%| F|  |TAMS 0x0000000085900000, 0x0000000085900000| Untracked 
|  68|0x0000000085a00000, 0x0000000085a00000, 0x0000000085b00000|  0%| F|  |TAMS 0x0000000085a00000, 0x0000000085a00000| Untracked 
|  69|0x0000000085b00000, 0x0000000085b00000, 0x0000000085c00000|  0%| F|  |TAMS 0x0000000085b00000, 0x0000000085b00000| Untracked 
|  70|0x0000000085c00000, 0x0000000085c00000, 0x0000000085d00000|  0%| F|  |TAMS 0x0000000085c00000, 0x0000000085c00000| Untracked 
|  71|0x0000000085d00000, 0x0000000085d00000, 0x0000000085e00000|  0%| F|  |TAMS 0x0000000085d00000, 0x0000000085d00000| Untracked 
|  72|0x0000000085e00000, 0x0000000085e00000, 0x0000000085f00000|  0%| F|  |TAMS 0x0000000085e00000, 0x0000000085e00000| Untracked 
|  73|0x0000000085f00000, 0x0000000085f00000, 0x0000000086000000|  0%| F|  |TAMS 0x0000000085f00000, 0x0000000085f00000| Untracked 
|  74|0x0000000086000000, 0x0000000086000000, 0x0000000086100000|  0%| F|  |TAMS 0x0000000086000000, 0x0000000086000000| Untracked 
|  75|0x0000000086100000, 0x0000000086100000, 0x0000000086200000|  0%| F|  |TAMS 0x0000000086100000, 0x0000000086100000| Untracked 
|  76|0x0000000086200000, 0x0000000086200000, 0x0000000086300000|  0%| F|  |TAMS 0x0000000086200000, 0x0000000086200000| Untracked 
|  77|0x0000000086300000, 0x0000000086300000, 0x0000000086400000|  0%| F|  |TAMS 0x0000000086300000, 0x0000000086300000| Untracked 
|  78|0x0000000086400000, 0x0000000086400000, 0x0000000086500000|  0%| F|  |TAMS 0x0000000086400000, 0x0000000086400000| Untracked 
|  79|0x0000000086500000, 0x0000000086500000, 0x0000000086600000|  0%| F|  |TAMS 0x0000000086500000, 0x0000000086500000| Untracked 
|  80|0x0000000086600000, 0x0000000086600000, 0x0000000086700000|  0%| F|  |TAMS 0x0000000086600000, 0x0000000086600000| Untracked 
|  81|0x0000000086700000, 0x0000000086700000, 0x0000000086800000|  0%| F|  |TAMS 0x0000000086700000, 0x0000000086700000| Untracked 
|  82|0x0000000086800000, 0x0000000086800000, 0x0000000086900000|  0%| F|  |TAMS 0x0000000086800000, 0x0000000086800000| Untracked 
|  83|0x0000000086900000, 0x0000000086900000, 0x0000000086a00000|  0%| F|  |TAMS 0x0000000086900000, 0x0000000086900000| Untracked 
|  84|0x0000000086a00000, 0x0000000086a00000, 0x0000000086b00000|  0%| F|  |TAMS 0x0000000086a00000, 0x0000000086a00000| Untracked 
|  85|0x0000000086b00000, 0x0000000086b00000, 0x0000000086c00000|  0%| F|  |TAMS 0x0000000086b00000, 0x0000000086b00000| Untracked 
|  86|0x0000000086c00000, 0x0000000086c00000, 0x0000000086d00000|  0%| F|  |TAMS 0x0000000086c00000, 0x0000000086c00000| Untracked 
|  87|0x0000000086d00000, 0x0000000086d00000, 0x0000000086e00000|  0%| F|  |TAMS 0x0000000086d00000, 0x0000000086d00000| Untracked 
|  88|0x0000000086e00000, 0x0000000086e00000, 0x0000000086f00000|  0%| F|  |TAMS 0x0000000086e00000, 0x0000000086e00000| Untracked 
|  89|0x0000000086f00000, 0x0000000086f00000, 0x0000000087000000|  0%| F|  |TAMS 0x0000000086f00000, 0x0000000086f00000| Untracked 
|  90|0x0000000087000000, 0x0000000087000000, 0x0000000087100000|  0%| F|  |TAMS 0x0000000087000000, 0x0000000087000000| Untracked 
|  91|0x0000000087100000, 0x0000000087100000, 0x0000000087200000|  0%| F|  |TAMS 0x0000000087100000, 0x0000000087100000| Untracked 
|  92|0x0000000087200000, 0x0000000087200000, 0x0000000087300000|  0%| F|  |TAMS 0x0000000087200000, 0x0000000087200000| Untracked 
|  93|0x0000000087300000, 0x0000000087300000, 0x0000000087400000|  0%| F|  |TAMS 0x0000000087300000, 0x0000000087300000| Untracked 
|  94|0x0000000087400000, 0x0000000087400000, 0x0000000087500000|  0%| F|  |TAMS 0x0000000087400000, 0x0000000087400000| Untracked 
|  95|0x0000000087500000, 0x0000000087500000, 0x0000000087600000|  0%| F|  |TAMS 0x0000000087500000, 0x0000000087500000| Untracked 
|  96|0x0000000087600000, 0x0000000087600000, 0x0000000087700000|  0%| F|  |TAMS 0x0000000087600000, 0x0000000087600000| Untracked 
|  97|0x0000000087700000, 0x0000000087700000, 0x0000000087800000|  0%| F|  |TAMS 0x0000000087700000, 0x0000000087700000| Untracked 
|  98|0x0000000087800000, 0x0000000087800000, 0x0000000087900000|  0%| F|  |TAMS 0x0000000087800000, 0x0000000087800000| Untracked 
|  99|0x0000000087900000, 0x0000000087900000, 0x0000000087a00000|  0%| F|  |TAMS 0x0000000087900000, 0x0000000087900000| Untracked 
| 100|0x0000000087a00000, 0x0000000087a00000, 0x0000000087b00000|  0%| F|  |TAMS 0x0000000087a00000, 0x0000000087a00000| Untracked 
| 101|0x0000000087b00000, 0x0000000087b00000, 0x0000000087c00000|  0%| F|  |TAMS 0x0000000087b00000, 0x0000000087b00000| Untracked 
| 102|0x0000000087c00000, 0x0000000087c00000, 0x0000000087d00000|  0%| F|  |TAMS 0x0000000087c00000, 0x0000000087c00000| Untracked 
| 103|0x0000000087d00000, 0x0000000087d00000, 0x0000000087e00000|  0%| F|  |TAMS 0x0000000087d00000, 0x0000000087d00000| Untracked 
| 104|0x0000000087e00000, 0x0000000087e00000, 0x0000000087f00000|  0%| F|  |TAMS 0x0000000087e00000, 0x0000000087e00000| Untracked 
| 105|0x0000000087f00000, 0x0000000087f00000, 0x0000000088000000|  0%| F|  |TAMS 0x0000000087f00000, 0x0000000087f00000| Untracked 
| 106|0x0000000088000000, 0x0000000088000000, 0x0000000088100000|  0%| F|  |TAMS 0x0000000088000000, 0x0000000088000000| Untracked 
| 107|0x0000000088100000, 0x0000000088100000, 0x0000000088200000|  0%| F|  |TAMS 0x0000000088100000, 0x0000000088100000| Untracked 
| 108|0x0000000088200000, 0x0000000088200000, 0x0000000088300000|  0%| F|  |TAMS 0x0000000088200000, 0x0000000088200000| Untracked 
| 109|0x0000000088300000, 0x0000000088300000, 0x0000000088400000|  0%| F|  |TAMS 0x0000000088300000, 0x0000000088300000| Untracked 
| 110|0x0000000088400000, 0x0000000088400000, 0x0000000088500000|  0%| F|  |TAMS 0x0000000088400000, 0x0000000088400000| Untracked 
| 111|0x0000000088500000, 0x0000000088500000, 0x0000000088600000|  0%| F|  |TAMS 0x0000000088500000, 0x0000000088500000| Untracked 
| 112|0x0000000088600000, 0x0000000088600000, 0x0000000088700000|  0%| F|  |TAMS 0x0000000088600000, 0x0000000088600000| Untracked 
| 113|0x0000000088700000, 0x0000000088700000, 0x0000000088800000|  0%| F|  |TAMS 0x0000000088700000, 0x0000000088700000| Untracked 
| 114|0x0000000088800000, 0x0000000088800000, 0x0000000088900000|  0%| F|  |TAMS 0x0000000088800000, 0x0000000088800000| Untracked 
| 115|0x0000000088900000, 0x0000000088900000, 0x0000000088a00000|  0%| F|  |TAMS 0x0000000088900000, 0x0000000088900000| Untracked 
| 116|0x0000000088a00000, 0x0000000088a00000, 0x0000000088b00000|  0%| F|  |TAMS 0x0000000088a00000, 0x0000000088a00000| Untracked 
| 117|0x0000000088b00000, 0x0000000088b00000, 0x0000000088c00000|  0%| F|  |TAMS 0x0000000088b00000, 0x0000000088b00000| Untracked 
| 118|0x0000000088c00000, 0x0000000088c00000, 0x0000000088d00000|  0%| F|  |TAMS 0x0000000088c00000, 0x0000000088c00000| Untracked 
| 119|0x0000000088d00000, 0x0000000088d00000, 0x0000000088e00000|  0%| F|  |TAMS 0x0000000088d00000, 0x0000000088d00000| Untracked 
| 120|0x0000000088e00000, 0x0000000088e00000, 0x0000000088f00000|  0%| F|  |TAMS 0x0000000088e00000, 0x0000000088e00000| Untracked 
| 121|0x0000000088f00000, 0x0000000088f00000, 0x0000000089000000|  0%| F|  |TAMS 0x0000000088f00000, 0x0000000088f00000| Untracked 
| 122|0x0000000089000000, 0x0000000089000000, 0x0000000089100000|  0%| F|  |TAMS 0x0000000089000000, 0x0000000089000000| Untracked 
| 123|0x0000000089100000, 0x0000000089100000, 0x0000000089200000|  0%| F|  |TAMS 0x0000000089100000, 0x0000000089100000| Untracked 
| 124|0x0000000089200000, 0x0000000089200000, 0x0000000089300000|  0%| F|  |TAMS 0x0000000089200000, 0x0000000089200000| Untracked 
| 125|0x0000000089300000, 0x0000000089300000, 0x0000000089400000|  0%| F|  |TAMS 0x0000000089300000, 0x0000000089300000| Untracked 
| 126|0x0000000089400000, 0x0000000089400000, 0x0000000089500000|  0%| F|  |TAMS 0x0000000089400000, 0x0000000089400000| Untracked 
| 127|0x0000000089500000, 0x0000000089500000, 0x0000000089600000|  0%| F|  |TAMS 0x0000000089500000, 0x0000000089500000| Untracked 

Card table byte_map: [0x0000012ff4020000,0x0000012ff4420000] _byte_map_base: 0x0000012ff3c15000

Marking Bits (Prev, Next): (CMBitMap*) 0x0000012fea4c9a20, (CMBitMap*) 0x0000012fea4c9a60
 Prev Bits: [0x0000012ff4820000, 0x0000012ff67c8000)
 Next Bits: [0x0000012ff67d0000, 0x0000012ff8778000)

Polling page: 0x0000012fe83e0000

Metaspace:

Usage:
  Non-class:     10.64 MB used.
      Class:      1.69 MB used.
       Both:     12.33 MB used.

Virtual space:
  Non-class space:       64.00 MB reserved,      10.81 MB ( 17%) committed,  1 nodes.
      Class space:        1.00 GB reserved,       1.81 MB ( <1%) committed,  1 nodes.
             Both:        1.06 GB reserved,      12.62 MB (  1%) committed. 

Chunk freelists:
   Non-Class:  3.54 MB
       Class:  2.17 MB
        Both:  5.72 MB

MaxMetaspaceSize: unlimited
CompressedClassSpaceSize: 1.00 GB
Initial GC threshold: 21.00 MB
Current GC threshold: 21.00 MB
CDS: on
MetaspaceReclaimPolicy: balanced
 - commit_granule_bytes: 65536.
 - commit_granule_words: 8192.
 - virtual_space_node_default_size: 8388608.
 - enlarge_chunks_in_place: 1.
 - new_chunks_are_fully_committed: 0.
 - uncommit_free_chunks: 1.
 - use_allocation_guard: 0.


Internal statistics:

num_allocs_failed_limit: 0.
num_arena_births: 246.
num_arena_deaths: 0.
num_vsnodes_births: 2.
num_vsnodes_deaths: 0.
num_space_committed: 202.
num_space_uncommitted: 0.
num_chunks_returned_to_freelist: 0.
num_chunks_taken_from_freelist: 703.
num_chunk_merges: 0.
num_chunk_splits: 494.
num_chunks_enlarged: 378.
num_inconsistent_stats: 0.

CodeHeap 'non-profiled nmethods': size=120000Kb used=783Kb max_used=783Kb free=119216Kb
 bounds [0x0000012f87ad0000, 0x0000012f87d40000, 0x0000012f8f000000]
CodeHeap 'profiled nmethods': size=120000Kb used=4665Kb max_used=4665Kb free=115334Kb
 bounds [0x0000012f80000000, 0x0000012f80490000, 0x0000012f87530000]
CodeHeap 'non-nmethods': size=5760Kb used=1504Kb max_used=1543Kb free=4255Kb
 bounds [0x0000012f87530000, 0x0000012f877a0000, 0x0000012f87ad0000]
 total_blobs=3251 nmethods=2474 adapters=687
 compilation: enabled
              stopped_count=0, restarted_count=0
 full_count=0

Compilation events (20 events):
Event: 4.911 Thread 0x0000012ffb1f0d20 2469       3       com.sun.javafx.css.CascadingStyle::getProperty (11 bytes)
Event: 4.911 Thread 0x0000012ffb1f0d20 nmethod 2469 0x0000012f8048ad90 code [0x0000012f8048af40, 0x0000012f8048b098]
Event: 4.911 Thread 0x0000012ffb1f0d20 2468       3       java.lang.StringLatin1::getChar (9 bytes)
Event: 4.911 Thread 0x0000012ffb1f0d20 nmethod 2468 0x0000012f8048b190 code [0x0000012f8048b320, 0x0000012f8048b438]
Event: 4.911 Thread 0x0000012ffb1f0d20 2466       3       java.lang.String::compareTo (63 bytes)
Event: 4.912 Thread 0x0000012ffb1f0d20 nmethod 2466 0x0000012f8048b510 code [0x0000012f8048b720, 0x0000012f8048bbb8]
Event: 4.912 Thread 0x0000012ffb1f0d20 2467       3       java.lang.StringLatin1::compareTo (14 bytes)
Event: 4.912 Thread 0x0000012ffb1f0d20 nmethod 2467 0x0000012f8048bd90 code [0x0000012f8048bf40, 0x0000012f8048c068]
Event: 4.913 Thread 0x0000012ffb1f0d20 2470       3       com.sun.javafx.css.StyleMap::isEmpty (36 bytes)
Event: 4.914 Thread 0x0000012ffb1f0d20 nmethod 2470 0x0000012f8048c190 code [0x0000012f8048c360, 0x0000012f8048c6d8]
Event: 4.915 Thread 0x0000012ffb1f0d20 2471       3       java.lang.invoke.DirectMethodHandle$Constructor::viewAsType (49 bytes)
Event: 4.915 Thread 0x0000012ffb1f0d20 nmethod 2471 0x0000012f8048c810 code [0x0000012f8048c9c0, 0x0000012f8048cb88]
Event: 4.920 Thread 0x0000012ffb1f0d20 2472       3       com.sun.javafx.css.StyleManager::getInstance (4 bytes)
Event: 4.920 Thread 0x0000012ffb1f0d20 nmethod 2472 0x0000012f8048cc90 code [0x0000012f8048ce20, 0x0000012f8048cf18]
Event: 4.921 Thread 0x0000012ffb1f0d20 2473       3       java.lang.invoke.MemberName::asSpecial (89 bytes)
Event: 4.921 Thread 0x0000012ffb1f0d20 nmethod 2473 0x0000012f8048cf90 code [0x0000012f8048d260, 0x0000012f8048df68]
Event: 4.923 Thread 0x0000012ffb1f0d20 2475       3       java.lang.invoke.BootstrapMethodInvoker::isLambdaMetafactoryIndyBSM (13 bytes)
Event: 4.923 Thread 0x0000012f991f2270 2478       4       java.lang.String::substring (58 bytes)
Event: 4.924 Thread 0x0000012ffb1f0d20 nmethod 2475 0x0000012f8048e410 code [0x0000012f8048e5a0, 0x0000012f8048e6f8]
Event: 4.924 Thread 0x0000012ffb1f0d20 2476       3       java.lang.invoke.Invokers$Holder::invokeExact_MT (32 bytes)

GC Heap History (11 events):
Event: 4.829 GC heap before
{Heap before GC invocations=0 (full 0):
 garbage-first heap   total 131072K, used 40960K [0x0000000081600000, 0x0000000100000000)
  region size 1024K, 23 young (23552K), 0 survivors (0K)
 Metaspace       used 11937K, committed 12224K, reserved 1114112K
  class space    used 1598K, committed 1728K, reserved 1048576K
}
Event: 4.834 GC heap after
{Heap after GC invocations=1 (full 0):
 garbage-first heap   total 131072K, used 22748K [0x0000000081600000, 0x0000000100000000)
  region size 1024K, 3 young (3072K), 3 survivors (3072K)
 Metaspace       used 11937K, committed 12224K, reserved 1114112K
  class space    used 1598K, committed 1728K, reserved 1048576K
}
Event: 4.843 GC heap before
{Heap before GC invocations=1 (full 0):
 garbage-first heap   total 131072K, used 51420K [0x0000000081600000, 0x0000000100000000)
  region size 1024K, 31 young (31744K), 3 survivors (3072K)
 Metaspace       used 12031K, committed 12288K, reserved 1114112K
  class space    used 1630K, committed 1728K, reserved 1048576K
}
Event: 4.846 GC heap after
{Heap after GC invocations=2 (full 0):
 garbage-first heap   total 131072K, used 23530K [0x0000000081600000, 0x0000000100000000)
  region size 1024K, 1 young (1024K), 1 survivors (1024K)
 Metaspace       used 12031K, committed 12288K, reserved 1114112K
  class space    used 1630K, committed 1728K, reserved 1048576K
}
Event: 4.869 GC heap before
{Heap before GC invocations=2 (full 0):
 garbage-first heap   total 131072K, used 94186K [0x0000000081600000, 0x0000000100000000)
  region size 1024K, 70 young (71680K), 1 survivors (1024K)
 Metaspace       used 12064K, committed 12288K, reserved 1114112K
  class space    used 1633K, committed 1728K, reserved 1048576K
}
Event: 4.870 GC heap after
{Heap after GC invocations=3 (full 0):
 garbage-first heap   total 131072K, used 25383K [0x0000000081600000, 0x0000000100000000)
  region size 1024K, 2 young (2048K), 2 survivors (2048K)
 Metaspace       used 12064K, committed 12288K, reserved 1114112K
  class space    used 1633K, committed 1728K, reserved 1048576K
}
Event: 4.887 GC heap before
{Heap before GC invocations=3 (full 0):
 garbage-first heap   total 131072K, used 101159K [0x0000000081600000, 0x0000000100000000)
  region size 1024K, 76 young (77824K), 2 survivors (2048K)
 Metaspace       used 12319K, committed 12608K, reserved 1114112K
  class space    used 1665K, committed 1792K, reserved 1048576K
}
Event: 4.888 GC heap after
{Heap after GC invocations=4 (full 0):
 garbage-first heap   total 131072K, used 24958K [0x0000000081600000, 0x0000000100000000)
  region size 1024K, 2 young (2048K), 2 survivors (2048K)
 Metaspace       used 12319K, committed 12608K, reserved 1114112K
  class space    used 1665K, committed 1792K, reserved 1048576K
}
Event: 4.905 GC heap before
{Heap before GC invocations=4 (full 0):
 garbage-first heap   total 131072K, used 100734K [0x0000000081600000, 0x0000000100000000)
  region size 1024K, 76 young (77824K), 2 survivors (2048K)
 Metaspace       used 12395K, committed 12672K, reserved 1114112K
  class space    used 1679K, committed 1792K, reserved 1048576K
}
Event: 4.906 GC heap after
{Heap after GC invocations=5 (full 0):
 garbage-first heap   total 131072K, used 25473K [0x0000000081600000, 0x0000000100000000)
  region size 1024K, 2 young (2048K), 2 survivors (2048K)
 Metaspace       used 12395K, committed 12672K, reserved 1114112K
  class space    used 1679K, committed 1792K, reserved 1048576K
}
Event: 4.924 GC heap before
{Heap before GC invocations=5 (full 0):
 garbage-first heap   total 131072K, used 101249K [0x0000000081600000, 0x0000000100000000)
  region size 1024K, 76 young (77824K), 2 survivors (2048K)
 Metaspace       used 12621K, committed 12928K, reserved 1114112K
  class space    used 1725K, committed 1856K, reserved 1048576K
}

Dll operation events (20 events):
Event: 0.118 Loaded shared library C:\Program Files\Zulu\zulu-19\bin\api-ms-win-crt-process-l1-1-0.dll
Event: 0.119 Loaded shared library C:\Program Files\Zulu\zulu-19\bin\api-ms-win-crt-runtime-l1-1-0.dll
Event: 0.120 Loaded shared library C:\Program Files\Zulu\zulu-19\bin\api-ms-win-crt-stdio-l1-1-0.dll
Event: 0.121 Loaded shared library C:\Program Files\Zulu\zulu-19\bin\api-ms-win-crt-string-l1-1-0.dll
Event: 0.122 Loaded shared library C:\Program Files\Zulu\zulu-19\bin\api-ms-win-crt-time-l1-1-0.dll
Event: 0.123 Loaded shared library C:\Program Files\Zulu\zulu-19\bin\api-ms-win-crt-utility-l1-1-0.dll
Event: 0.124 Loaded shared library C:\Program Files\Zulu\zulu-19\bin\ucrtbase.dll
Event: 0.125 Loaded shared library C:\Program Files\Zulu\zulu-19\bin\vcruntime140.dll
Event: 0.125 Loaded shared library C:\Program Files\Zulu\zulu-19\bin\vcruntime140_1.dll
Event: 0.126 Loaded shared library C:\Program Files\Zulu\zulu-19\bin\msvcp140.dll
Event: 0.127 Loaded shared library C:\Program Files\Zulu\zulu-19\bin\msvcp140_1.dll
Event: 0.128 Loaded shared library C:\Program Files\Zulu\zulu-19\bin\msvcp140_2.dll
Event: 0.147 Loaded shared library C:\Program Files\Zulu\zulu-19\bin\prism_d3d.dll
Event: 0.186 Loaded shared library C:\Program Files\Zulu\zulu-19\bin\glass.dll
Event: 0.296 Loaded shared library C:\Program Files\Zulu\zulu-19\bin\javafx_iio.dll
Event: 0.351 Loaded shared library C:\Program Files\Zulu\zulu-19\bin\javafx_font.dll
Event: 4.765 Loaded shared library C:\Program Files\Zulu\zulu-19\bin\glib-lite.dll
Event: 4.767 Loaded shared library C:\Program Files\Zulu\zulu-19\bin\gstreamer-lite.dll
Event: 4.769 Loaded shared library C:\Program Files\Zulu\zulu-19\bin\jfxmedia.dll
Event: 4.823 Loaded shared library C:\Users\ulise\AppData\Local\Temp\jSerialComm\2.9.3\jSerialComm.dll

Deoptimization events (20 events):
Event: 4.902 Thread 0x0000012f8f372ae0 Uncommon trap: trap_request=0xffffff45 fr.pc=0x0000012f87b513c4 relative=0x0000000000000104
Event: 4.902 Thread 0x0000012f8f372ae0 Uncommon trap: reason=unstable_if action=reinterpret pc=0x0000012f87b513c4 method=java.lang.StrictMath.floorOrCeil(DDDD)D @ 24 c2
Event: 4.902 Thread 0x0000012f8f372ae0 DEOPT PACKING pc=0x0000012f87b513c4 sp=0x00000006194fd120
Event: 4.902 Thread 0x0000012f8f372ae0 DEOPT UNPACKING pc=0x0000012f87596da3 sp=0x00000006194fcfe0 mode 2
Event: 4.912 Thread 0x0000012f8f372ae0 Uncommon trap: trap_request=0xffffffde fr.pc=0x0000012f87af6b44 relative=0x00000000000001a4
Event: 4.912 Thread 0x0000012f8f372ae0 Uncommon trap: reason=class_check action=maybe_recompile pc=0x0000012f87af6b44 method=java.lang.String.equals(Ljava/lang/Object;)Z @ 8 c2
Event: 4.912 Thread 0x0000012f8f372ae0 DEOPT PACKING pc=0x0000012f87af6b44 sp=0x00000006194fcc70
Event: 4.912 Thread 0x0000012f8f372ae0 DEOPT UNPACKING pc=0x0000012f87596da3 sp=0x00000006194fcc18 mode 2
Event: 4.912 Thread 0x0000012f8f372ae0 Uncommon trap: trap_request=0xffffffde fr.pc=0x0000012f87af6b44 relative=0x00000000000001a4
Event: 4.912 Thread 0x0000012f8f372ae0 Uncommon trap: reason=class_check action=maybe_recompile pc=0x0000012f87af6b44 method=java.lang.String.equals(Ljava/lang/Object;)Z @ 8 c2
Event: 4.912 Thread 0x0000012f8f372ae0 DEOPT PACKING pc=0x0000012f87af6b44 sp=0x00000006194fcb80
Event: 4.912 Thread 0x0000012f8f372ae0 DEOPT UNPACKING pc=0x0000012f87596da3 sp=0x00000006194fcb28 mode 2
Event: 4.912 Thread 0x0000012f8f372ae0 Uncommon trap: trap_request=0xffffffde fr.pc=0x0000012f87af6b44 relative=0x00000000000001a4
Event: 4.912 Thread 0x0000012f8f372ae0 Uncommon trap: reason=class_check action=maybe_recompile pc=0x0000012f87af6b44 method=java.lang.String.equals(Ljava/lang/Object;)Z @ 8 c2
Event: 4.912 Thread 0x0000012f8f372ae0 DEOPT PACKING pc=0x0000012f87af6b44 sp=0x00000006194fcb80
Event: 4.912 Thread 0x0000012f8f372ae0 DEOPT UNPACKING pc=0x0000012f87596da3 sp=0x00000006194fcb28 mode 2
Event: 4.919 Thread 0x0000012f8f372ae0 Uncommon trap: trap_request=0xffffff45 fr.pc=0x0000012f87b3df84 relative=0x0000000000000064
Event: 4.919 Thread 0x0000012f8f372ae0 Uncommon trap: reason=unstable_if action=reinterpret pc=0x0000012f87b3df84 method=javafx.beans.property.ObjectPropertyBase.get()Ljava/lang/Object; @ 9 c2
Event: 4.919 Thread 0x0000012f8f372ae0 DEOPT PACKING pc=0x0000012f87b3df84 sp=0x00000006194fcca0
Event: 4.919 Thread 0x0000012f8f372ae0 DEOPT UNPACKING pc=0x0000012f87596da3 sp=0x00000006194fcc40 mode 2

Classes loaded (20 events):
Event: 4.813 Loading class java/nio/HeapByteBufferR
Event: 4.813 Loading class java/nio/HeapByteBufferR done
Event: 4.814 Loading class java/util/ArrayList$ListItr
Event: 4.814 Loading class java/util/ArrayList$ListItr done
Event: 4.828 Loading class java/util/Timer
Event: 4.828 Loading class java/util/Timer done
Event: 4.828 Loading class jdk/internal/event/ThreadSleepEvent
Event: 4.828 Loading class jdk/internal/event/Event
Event: 4.828 Loading class java/util/TaskQueue
Event: 4.828 Loading class jdk/internal/event/Event done
Event: 4.828 Loading class java/util/TaskQueue done
Event: 4.828 Loading class jdk/internal/event/ThreadSleepEvent done
Event: 4.828 Loading class java/util/TimerThread
Event: 4.828 Loading class java/util/TimerThread done
Event: 4.828 Loading class java/util/Timer$ThreadReaper
Event: 4.828 Loading class java/util/Timer$ThreadReaper done
Event: 4.876 Loading class java/io/BufferedReader
Event: 4.876 Loading class java/io/BufferedReader done
Event: 4.876 Loading class java/io/CharArrayReader
Event: 4.877 Loading class java/io/CharArrayReader done

Classes unloaded (0 events):
No events

Classes redefined (0 events):
No events

Internal exceptions (20 events):
Event: 0.466 Thread 0x0000012f8f372ae0 Exception <a 'java/lang/NoSuchMethodError'{0x0000000088d9ad78}: 'java.lang.Object java.lang.invoke.DirectMethodHandle$Holder.newInvokeSpecial(java.lang.Object, java.lang.Object, int)'> (0x0000000088d9ad78) 
thrown [s\src\hotspot\share\interpreter\linkResolver.cpp, line 774]
Event: 0.480 Thread 0x0000012fffb53620 Exception <a 'java/lang/NoSuchMethodError'{0x00000000892aa9c0}: 'int java.lang.invoke.DirectMethodHandle$Holder.invokeStaticInit(java.lang.Object, java.lang.Object)'> (0x00000000892aa9c0) 
thrown [s\src\hotspot\share\interpreter\linkResolver.cpp, line 774]
Event: 0.495 Thread 0x0000012fffb53620 Exception <a 'java/lang/NoSuchMethodError'{0x0000000088deeaf8}: 'java.lang.Object java.lang.invoke.Invokers$Holder.invokeExact_MT(java.lang.Object, java.lang.Object, java.lang.Object, java.lang.Object, java.lang.Object)'> (0x0000000088deeaf8) 
thrown [s\src\hotspot\share\interpreter\linkResolver.cpp, line 774]
Event: 0.504 Thread 0x0000012fffb53620 Exception <a 'java/lang/NoSuchMethodError'{0x0000000088dff828}: 'java.lang.Object java.lang.invoke.DirectMethodHandle$Holder.invokeStaticInit(java.lang.Object, int)'> (0x0000000088dff828) 
thrown [s\src\hotspot\share\interpreter\linkResolver.cpp, line 774]
Event: 1.227 Thread 0x0000012f8f372ae0 Exception <a 'java/lang/NoSuchMethodError'{0x0000000088de90f0}: 'long java.lang.invoke.DirectMethodHandle$Holder.invokeStatic(java.lang.Object, java.lang.Object, java.lang.Object)'> (0x0000000088de90f0) 
thrown [s\src\hotspot\share\interpreter\linkResolver.cpp, line 774]
Event: 1.228 Thread 0x0000012f8f372ae0 Exception <a 'java/lang/NoSuchMethodError'{0x0000000088b00b80}: 'long java.lang.invoke.DirectMethodHandle$Holder.invokeStaticInit(java.lang.Object, java.lang.Object, java.lang.Object)'> (0x0000000088b00b80) 
thrown [s\src\hotspot\share\interpreter\linkResolver.cpp, line 774]
Event: 1.230 Thread 0x0000012f8f372ae0 Exception <a 'java/lang/NoSuchMethodError'{0x0000000088b19020}: 'java.lang.Object java.lang.invoke.DirectMethodHandle$Holder.newInvokeSpecial(java.lang.Object, java.lang.Object, long)'> (0x0000000088b19020) 
thrown [s\src\hotspot\share\interpreter\linkResolver.cpp, line 774]
Event: 1.230 Thread 0x0000012f8f372ae0 Exception <a 'java/lang/NoSuchMethodError'{0x0000000088b1cba8}: 'java.lang.Object java.lang.invoke.Invokers$Holder.linkToTargetMethod(java.lang.Object, long, java.lang.Object)'> (0x0000000088b1cba8) 
thrown [s\src\hotspot\share\interpreter\linkResolver.cpp, line 774]
Event: 4.727 Thread 0x0000012f8f372ae0 Exception <a 'java/lang/ClassNotFoundException'{0x0000000088975980}: com/sun/glass/ui/win/themes> (0x0000000088975980) 
thrown [s\src\hotspot\share\prims\jni.cpp, line 536]
Event: 4.728 Thread 0x0000012f8f372ae0 Exception <a 'java/lang/ClassNotFoundException'{0x000000008877d8b8}: com/sun/glass/ui/win/themes_es> (0x000000008877d8b8) 
thrown [s\src\hotspot\share\prims\jni.cpp, line 536]
Event: 4.728 Thread 0x0000012f8f372ae0 Exception <a 'java/lang/ClassNotFoundException'{0x0000000088785658}: com/sun/glass/ui/win/themes_es_CR> (0x0000000088785658) 
thrown [s\src\hotspot\share\prims\jni.cpp, line 536]
Event: 4.756 Thread 0x0000012f8f372ae0 Implicit null exception at 0x0000012f87b7102f to 0x0000012f87b712a8
Event: 4.757 Thread 0x0000012f8f372ae0 Exception <a 'java/lang/NoSuchMethodError'{0x00000000885d7640}: 'void java.lang.invoke.DirectMethodHandle$Holder.invokeStaticInit(java.lang.Object, java.lang.Object)'> (0x00000000885d7640) 
thrown [s\src\hotspot\share\interpreter\linkResolver.cpp, line 774]
Event: 4.772 Thread 0x0000012f8f372ae0 Exception <a 'java/lang/NoSuchMethodError'{0x000000008840fdf0}: 'long java.lang.invoke.DirectMethodHandle$Holder.invokeVirtual(java.lang.Object, java.lang.Object)'> (0x000000008840fdf0) 
thrown [s\src\hotspot\share\interpreter\linkResolver.cpp, line 774]
Event: 4.772 Thread 0x0000012f8f372ae0 Exception <a 'java/lang/NoSuchMethodError'{0x0000000088413818}: 'long java.lang.invoke.DelegatingMethodHandle$Holder.reinvoke_L(java.lang.Object, java.lang.Object)'> (0x0000000088413818) 
thrown [s\src\hotspot\share\interpreter\linkResolver.cpp, line 774]
Event: 4.774 Thread 0x0000012f8f372ae0 Implicit null exception at 0x0000012f87afd6f2 to 0x0000012f87afdc04
Event: 4.774 Thread 0x0000012f8f372ae0 Implicit null exception at 0x0000012f87afbc72 to 0x0000012f87afc17c
Event: 4.862 Thread 0x0000012f8f372ae0 Exception <a 'java/lang/NoSuchMethodError'{0x0000000088783060}: 'java.lang.Object java.lang.invoke.DirectMethodHandle$Holder.newInvokeSpecial(java.lang.Object, java.lang.Object, java.lang.Object, java.lang.Object, java.lang.Object, java.lang.Object, java.lang.Object)'> (0x0000000088783060) 
thrown [s\src\hotspot\share\interpreter\linkResolver.cpp, line 774]
Event: 4.922 Thread 0x0000012f8f372ae0 Exception <a 'java/lang/NoSuchMethodError'{0x00000000895c6fd8}: 'java.lang.Object java.lang.invoke.DirectMethodHandle$Holder.invokeInterface(java.lang.Object, java.lang.Object, java.lang.Object)'> (0x00000000895c6fd8) 
thrown [s\src\hotspot\share\interpreter\linkResolver.cpp, line 774]
Event: 4.923 Thread 0x0000012f8f372ae0 Exception <a 'java/lang/IncompatibleClassChangeError'{0x0000000085184318}: Found class java.lang.Object, but interface was expected> (0x0000000085184318) 
thrown [s\src\hotspot\share\interpreter\linkResolver.cpp, line 841]

VM Operations (20 events):
Event: 4.760 Executing VM operation: HandshakeAllThreads done
Event: 4.806 Executing VM operation: HandshakeAllThreads
Event: 4.806 Executing VM operation: HandshakeAllThreads done
Event: 4.813 Executing VM operation: HandshakeAllThreads
Event: 4.814 Executing VM operation: HandshakeAllThreads done
Event: 4.814 Executing VM operation: HandshakeAllThreads
Event: 4.814 Executing VM operation: HandshakeAllThreads done
Event: 4.818 Executing VM operation: HandshakeAllThreads
Event: 4.818 Executing VM operation: HandshakeAllThreads done
Event: 4.829 Executing VM operation: G1CollectForAllocation
Event: 4.835 Executing VM operation: G1CollectForAllocation done
Event: 4.843 Executing VM operation: G1CollectForAllocation
Event: 4.846 Executing VM operation: G1CollectForAllocation done
Event: 4.869 Executing VM operation: G1CollectForAllocation
Event: 4.870 Executing VM operation: G1CollectForAllocation done
Event: 4.886 Executing VM operation: G1CollectForAllocation
Event: 4.888 Executing VM operation: G1CollectForAllocation done
Event: 4.905 Executing VM operation: G1CollectForAllocation
Event: 4.906 Executing VM operation: G1CollectForAllocation done
Event: 4.924 Executing VM operation: G1CollectForAllocation

Events (20 events):
Event: 0.019 Thread 0x0000012ffb1fc2d0 Thread added: 0x0000012ffb1fc2d0
Event: 0.030 Thread 0x0000012fff926330 Thread added: 0x0000012fff926330
Event: 0.033 Thread 0x0000012fff936eb0 Thread added: 0x0000012fff936eb0
Event: 0.143 Thread 0x0000012fffb53620 Thread added: 0x0000012fffb53620
Event: 0.188 Thread 0x0000012f8f36ef10 Thread added: 0x0000012f8f36ef10
Event: 0.191 Thread 0x0000012f8f372ae0 Thread added: 0x0000012f8f372ae0
Event: 0.289 Thread 0x0000012f8f5adc40 Thread added: 0x0000012f8f5adc40
Event: 0.298 Thread 0x0000012f8f5ad6f0 Thread added: 0x0000012f8f5ad6f0
Event: 0.367 Thread 0x0000012f8f5ad1a0 Thread added: 0x0000012f8f5ad1a0
Event: 1.374 Thread 0x0000012f990df830 Thread added: 0x0000012f990df830
Event: 1.724 Thread 0x0000012f990df830 Thread exited: 0x0000012f990df830
Event: 4.739 Thread 0x0000012f9926aae0 Thread added: 0x0000012f9926aae0
Event: 4.794 Thread 0x0000012f991f2270 Thread added: 0x0000012f991f2270
Event: 4.808 Thread 0x0000012f9a2d28f0 Thread added: 0x0000012f9a2d28f0
Event: 4.810 Thread 0x0000012f9a2cee80 Thread added: 0x0000012f9a2cee80
Event: 4.815 Thread 0x0000012f9a2cee80 Thread exited: 0x0000012f9a2cee80
Event: 4.815 Thread 0x0000012f9a2d28f0 Thread exited: 0x0000012f9a2d28f0
Event: 4.827 Thread 0x0000012f99c04460 Thread added: 0x0000012f99c04460
Event: 4.828 Thread 0x0000012f99bfe4c0 Thread added: 0x0000012f99bfe4c0
Event: 4.828 Thread 0x0000012f99bfea10 Thread added: 0x0000012f99bfea10


Dynamic libraries:
0x00007ff64a580000 - 0x00007ff64a58e000 	C:\Program Files\Zulu\zulu-19\bin\java.exe
0x00007ffa972f0000 - 0x00007ffa97504000 	C:\WINDOWS\SYSTEM32\ntdll.dll
0x00007ffa96a30000 - 0x00007ffa96af2000 	C:\WINDOWS\System32\KERNEL32.DLL
0x00007ffa94a90000 - 0x00007ffa94e2c000 	C:\WINDOWS\System32\KERNELBASE.dll
0x00007ffa94730000 - 0x00007ffa94841000 	C:\WINDOWS\System32\ucrtbase.dll
0x00007ffa82c40000 - 0x00007ffa82c57000 	C:\Program Files\Zulu\zulu-19\bin\jli.dll
0x00007ffa82f00000 - 0x00007ffa82f1b000 	C:\Program Files\Zulu\zulu-19\bin\VCRUNTIME140.dll
0x00007ffa95ee0000 - 0x00007ffa9608b000 	C:\WINDOWS\System32\USER32.dll
0x00007ffa7c330000 - 0x00007ffa7c5be000 	C:\WINDOWS\WinSxS\amd64_microsoft.windows.common-controls_6595b64144ccf1df_6.0.22621.608_none_a9444ca7c10bb01d\COMCTL32.dll
0x00007ffa94a60000 - 0x00007ffa94a86000 	C:\WINDOWS\System32\win32u.dll
0x00007ffa97200000 - 0x00007ffa972a7000 	C:\WINDOWS\System32\msvcrt.dll
0x00007ffa97050000 - 0x00007ffa97079000 	C:\WINDOWS\System32\GDI32.dll
0x00007ffa94f70000 - 0x00007ffa95083000 	C:\WINDOWS\System32\gdi32full.dll
0x00007ffa949c0000 - 0x00007ffa94a5a000 	C:\WINDOWS\System32\msvcp_win.dll
0x00007ffa95ea0000 - 0x00007ffa95ed1000 	C:\WINDOWS\System32\IMM32.DLL
0x00007ffa8e1a0000 - 0x00007ffa8e1ac000 	C:\Program Files\Zulu\zulu-19\bin\vcruntime140_1.dll
0x00007ffa81ef0000 - 0x00007ffa81f7d000 	C:\Program Files\Zulu\zulu-19\bin\msvcp140.dll
0x00007ffa35440000 - 0x00007ffa36147000 	C:\Program Files\Zulu\zulu-19\bin\server\jvm.dll
0x00007ffa970d0000 - 0x00007ffa9717e000 	C:\WINDOWS\System32\ADVAPI32.dll
0x00007ffa95d60000 - 0x00007ffa95e04000 	C:\WINDOWS\System32\sechost.dll
0x00007ffa95c20000 - 0x00007ffa95d35000 	C:\WINDOWS\System32\RPCRT4.dll
0x00007ffa8ce90000 - 0x00007ffa8cec4000 	C:\WINDOWS\SYSTEM32\WINMM.dll
0x00007ffa8df80000 - 0x00007ffa8df89000 	C:\WINDOWS\SYSTEM32\WSOCK32.dll
0x00007ffa8ce00000 - 0x00007ffa8ce0a000 	C:\WINDOWS\SYSTEM32\VERSION.dll
0x00007ffa95620000 - 0x00007ffa95691000 	C:\WINDOWS\System32\WS2_32.dll
0x00007ffa93790000 - 0x00007ffa937a8000 	C:\WINDOWS\SYSTEM32\kernel.appcore.dll
0x00007ffa8dc90000 - 0x00007ffa8dc9a000 	C:\Program Files\Zulu\zulu-19\bin\jimage.dll
0x00007ffa920e0000 - 0x00007ffa9230e000 	C:\WINDOWS\SYSTEM32\DBGHELP.DLL
0x00007ffa95790000 - 0x00007ffa95b19000 	C:\WINDOWS\System32\combase.dll
0x00007ffa95160000 - 0x00007ffa95237000 	C:\WINDOWS\System32\OLEAUT32.dll
0x00007ffa764d0000 - 0x00007ffa76502000 	C:\WINDOWS\SYSTEM32\dbgcore.DLL
0x00007ffa94e30000 - 0x00007ffa94eab000 	C:\WINDOWS\System32\bcryptPrimitives.dll
0x00007ffa81e80000 - 0x00007ffa81ea6000 	C:\Program Files\Zulu\zulu-19\bin\java.dll
0x00007ffa6a9f0000 - 0x00007ffa6aac7000 	C:\Program Files\Zulu\zulu-19\bin\jsvml.dll
0x00007ffa960a0000 - 0x00007ffa96890000 	C:\WINDOWS\System32\SHELL32.dll
0x00007ffa92750000 - 0x00007ffa9301d000 	C:\WINDOWS\SYSTEM32\windows.storage.dll
0x00007ffa92610000 - 0x00007ffa9274e000 	C:\WINDOWS\SYSTEM32\wintypes.dll
0x00007ffa95360000 - 0x00007ffa95451000 	C:\WINDOWS\System32\SHCORE.dll
0x00007ffa956b0000 - 0x00007ffa9570e000 	C:\WINDOWS\System32\shlwapi.dll
0x00007ffa94660000 - 0x00007ffa94681000 	C:\WINDOWS\SYSTEM32\profapi.dll
0x00007ffa82a60000 - 0x00007ffa82a73000 	C:\Program Files\Zulu\zulu-19\bin\net.dll
0x00007ffa8d990000 - 0x00007ffa8dac7000 	C:\WINDOWS\SYSTEM32\WINHTTP.dll
0x00007ffa93c00000 - 0x00007ffa93c69000 	C:\WINDOWS\system32\mswsock.dll
0x00007ffa82870000 - 0x00007ffa82886000 	C:\Program Files\Zulu\zulu-19\bin\nio.dll
0x00007ffa81e60000 - 0x00007ffa81e78000 	C:\Program Files\Zulu\zulu-19\bin\zip.dll
0x0000012fe8420000 - 0x0000012fe8424000 	C:\Program Files\Zulu\zulu-19\bin\api-ms-win-core-console-l1-1-0.dll
0x0000012fe8430000 - 0x0000012fe8434000 	C:\Program Files\Zulu\zulu-19\bin\api-ms-win-core-console-l1-2-0.dll
0x0000012fe8440000 - 0x0000012fe8444000 	C:\Program Files\Zulu\zulu-19\bin\api-ms-win-core-datetime-l1-1-0.dll
0x0000012fe8450000 - 0x0000012fe8454000 	C:\Program Files\Zulu\zulu-19\bin\api-ms-win-core-debug-l1-1-0.dll
0x0000012fe8460000 - 0x0000012fe8464000 	C:\Program Files\Zulu\zulu-19\bin\api-ms-win-core-errorhandling-l1-1-0.dll
0x0000012fe8470000 - 0x0000012fe8475000 	C:\Program Files\Zulu\zulu-19\bin\api-ms-win-core-file-l1-1-0.dll
0x0000012fea400000 - 0x0000012fea404000 	C:\Program Files\Zulu\zulu-19\bin\api-ms-win-core-file-l1-2-0.dll
0x0000012fea410000 - 0x0000012fea414000 	C:\Program Files\Zulu\zulu-19\bin\api-ms-win-core-file-l2-1-0.dll
0x0000012fea420000 - 0x0000012fea424000 	C:\Program Files\Zulu\zulu-19\bin\api-ms-win-core-handle-l1-1-0.dll
0x0000012ffb560000 - 0x0000012ffb564000 	C:\Program Files\Zulu\zulu-19\bin\api-ms-win-core-heap-l1-1-0.dll
0x0000012ffb570000 - 0x0000012ffb574000 	C:\Program Files\Zulu\zulu-19\bin\api-ms-win-core-interlocked-l1-1-0.dll
0x0000012ffb580000 - 0x0000012ffb584000 	C:\Program Files\Zulu\zulu-19\bin\api-ms-win-core-libraryloader-l1-1-0.dll
0x0000012ffb590000 - 0x0000012ffb594000 	C:\Program Files\Zulu\zulu-19\bin\api-ms-win-core-localization-l1-2-0.dll
0x0000012ffb5a0000 - 0x0000012ffb5a4000 	C:\Program Files\Zulu\zulu-19\bin\api-ms-win-core-memory-l1-1-0.dll
0x0000012ffb5b0000 - 0x0000012ffb5b4000 	C:\Program Files\Zulu\zulu-19\bin\api-ms-win-core-namedpipe-l1-1-0.dll
0x0000012ffb5c0000 - 0x0000012ffb5c4000 	C:\Program Files\Zulu\zulu-19\bin\api-ms-win-core-processenvironment-l1-1-0.dll
0x0000012ffb5d0000 - 0x0000012ffb5d4000 	C:\Program Files\Zulu\zulu-19\bin\api-ms-win-core-processthreads-l1-1-0.dll
0x0000012ffb5e0000 - 0x0000012ffb5e4000 	C:\Program Files\Zulu\zulu-19\bin\api-ms-win-core-processthreads-l1-1-1.dll
0x0000012ffb5f0000 - 0x0000012ffb5f4000 	C:\Program Files\Zulu\zulu-19\bin\api-ms-win-core-profile-l1-1-0.dll
0x0000012ffb600000 - 0x0000012ffb604000 	C:\Program Files\Zulu\zulu-19\bin\api-ms-win-core-rtlsupport-l1-1-0.dll
0x0000012ffb610000 - 0x0000012ffb614000 	C:\Program Files\Zulu\zulu-19\bin\api-ms-win-core-string-l1-1-0.dll
0x0000012ffb620000 - 0x0000012ffb624000 	C:\Program Files\Zulu\zulu-19\bin\api-ms-win-core-synch-l1-1-0.dll
0x0000012ffb630000 - 0x0000012ffb634000 	C:\Program Files\Zulu\zulu-19\bin\api-ms-win-core-synch-l1-2-0.dll
0x0000012ffb640000 - 0x0000012ffb644000 	C:\Program Files\Zulu\zulu-19\bin\api-ms-win-core-sysinfo-l1-1-0.dll
0x0000012ffb650000 - 0x0000012ffb654000 	C:\Program Files\Zulu\zulu-19\bin\api-ms-win-core-timezone-l1-1-0.dll
0x0000012ffb660000 - 0x0000012ffb664000 	C:\Program Files\Zulu\zulu-19\bin\api-ms-win-core-util-l1-1-0.dll
0x0000012ffb670000 - 0x0000012ffb674000 	C:\Program Files\Zulu\zulu-19\bin\api-ms-win-crt-conio-l1-1-0.dll
0x0000012ffb680000 - 0x0000012ffb685000 	C:\Program Files\Zulu\zulu-19\bin\api-ms-win-crt-convert-l1-1-0.dll
0x0000012ffb690000 - 0x0000012ffb694000 	C:\Program Files\Zulu\zulu-19\bin\api-ms-win-crt-environment-l1-1-0.dll
0x0000012ffb6a0000 - 0x0000012ffb6a4000 	C:\Program Files\Zulu\zulu-19\bin\api-ms-win-crt-filesystem-l1-1-0.dll
0x0000012ffb6b0000 - 0x0000012ffb6b4000 	C:\Program Files\Zulu\zulu-19\bin\api-ms-win-crt-heap-l1-1-0.dll
0x0000012ffb6c0000 - 0x0000012ffb6c4000 	C:\Program Files\Zulu\zulu-19\bin\api-ms-win-crt-locale-l1-1-0.dll
0x0000012ffb6d0000 - 0x0000012ffb6d6000 	C:\Program Files\Zulu\zulu-19\bin\api-ms-win-crt-math-l1-1-0.dll
0x0000012ffb6e0000 - 0x0000012ffb6e6000 	C:\Program Files\Zulu\zulu-19\bin\api-ms-win-crt-multibyte-l1-1-0.dll
0x0000012ffb6f0000 - 0x0000012ffb701000 	C:\Program Files\Zulu\zulu-19\bin\api-ms-win-crt-private-l1-1-0.dll
0x0000012ffb710000 - 0x0000012ffb714000 	C:\Program Files\Zulu\zulu-19\bin\api-ms-win-crt-process-l1-1-0.dll
0x0000012ffb720000 - 0x0000012ffb725000 	C:\Program Files\Zulu\zulu-19\bin\api-ms-win-crt-runtime-l1-1-0.dll
0x0000012ffb730000 - 0x0000012ffb735000 	C:\Program Files\Zulu\zulu-19\bin\api-ms-win-crt-stdio-l1-1-0.dll
0x0000012ffb740000 - 0x0000012ffb745000 	C:\Program Files\Zulu\zulu-19\bin\api-ms-win-crt-string-l1-1-0.dll
0x0000012ffb750000 - 0x0000012ffb754000 	C:\Program Files\Zulu\zulu-19\bin\api-ms-win-crt-time-l1-1-0.dll
0x0000012ffb760000 - 0x0000012ffb764000 	C:\Program Files\Zulu\zulu-19\bin\api-ms-win-crt-utility-l1-1-0.dll
0x00007ffa4c070000 - 0x00007ffa4c180000 	C:\Program Files\Zulu\zulu-19\bin\ucrtbase.dll
0x00007ffa82eb0000 - 0x00007ffa82eb9000 	C:\Program Files\Zulu\zulu-19\bin\msvcp140_1.dll
0x00007ffa7beb0000 - 0x00007ffa7bedf000 	C:\Program Files\Zulu\zulu-19\bin\msvcp140_2.dll
0x00007ffa7be80000 - 0x00007ffa7beac000 	C:\Program Files\Zulu\zulu-19\bin\prism_d3d.dll
0x00007ffa85410000 - 0x00007ffa855b9000 	C:\WINDOWS\system32\d3d9.dll
0x00007ffa91cd0000 - 0x00007ffa91cfb000 	C:\WINDOWS\SYSTEM32\dwmapi.dll
0x00007ffa91a90000 - 0x00007ffa91ac6000 	C:\WINDOWS\SYSTEM32\dxcore.dll
0x00007ffa91990000 - 0x00007ffa91a3b000 	C:\WINDOWS\system32\uxtheme.dll
0x00007ffa83fa0000 - 0x00007ffa840b7000 	C:\WINDOWS\System32\DriverStore\FileRepository\nvlt.inf_amd64_7947c31fc944635c\nvldumdx.dll
0x00007ffa943d0000 - 0x00007ffa943e2000 	C:\WINDOWS\SYSTEM32\msasn1.dll
0x00007ffa8c0c0000 - 0x00007ffa8c0f2000 	C:\WINDOWS\SYSTEM32\cryptnet.dll
0x00007ffa94850000 - 0x00007ffa949b6000 	C:\WINDOWS\System32\CRYPT32.dll
0x00007ffa8bf20000 - 0x00007ffa8c078000 	C:\WINDOWS\SYSTEM32\drvstore.dll
0x00007ffa943f0000 - 0x00007ffa9441c000 	C:\WINDOWS\SYSTEM32\devobj.dll
0x00007ffa94420000 - 0x00007ffa9446e000 	C:\WINDOWS\SYSTEM32\cfgmgr32.dll
0x00007ffa93f70000 - 0x00007ffa93fb8000 	C:\WINDOWS\SYSTEM32\wldp.dll
0x00007ffa93ee0000 - 0x00007ffa93eec000 	C:\WINDOWS\SYSTEM32\cryptbase.dll
0x00007ffa95090000 - 0x00007ffa950fb000 	C:\WINDOWS\System32\WINTRUST.DLL
0x00007ffa95d40000 - 0x00007ffa95d5f000 	C:\WINDOWS\System32\imagehlp.dll
0x00007ffa93ec0000 - 0x00007ffa93edb000 	C:\WINDOWS\SYSTEM32\CRYPTSP.dll
0x00007ffa93700000 - 0x00007ffa93735000 	C:\WINDOWS\system32\rsaenh.dll
0x00007ffa94090000 - 0x00007ffa940b8000 	C:\WINDOWS\SYSTEM32\bcrypt.dll
0x00007ffa28210000 - 0x00007ffa29a1a000 	C:\WINDOWS\System32\DriverStore\FileRepository\nvlt.inf_amd64_7947c31fc944635c\nvd3dumx.dll
0x00007ffa8d750000 - 0x00007ffa8d798000 	C:\WINDOWS\SYSTEM32\directxdatabasehelper.dll
0x00007ffa6a920000 - 0x00007ffa6a962000 	C:\Program Files\Zulu\zulu-19\bin\glass.dll
0x00007ffa95b20000 - 0x00007ffa95c17000 	C:\WINDOWS\System32\COMDLG32.dll
0x00007ffa96890000 - 0x00007ffa96a2c000 	C:\WINDOWS\System32\ole32.dll
0x00007ffa95240000 - 0x00007ffa9535e000 	C:\WINDOWS\System32\MSCTF.dll
0x00007ffa4c6b0000 - 0x00007ffa4c967000 	C:\WINDOWS\system32\nvspcap64.dll
0x00007ffa937b0000 - 0x00007ffa937e4000 	C:\WINDOWS\SYSTEM32\ntmarta.dll
0x00007ffa93c90000 - 0x00007ffa93cb6000 	C:\WINDOWS\SYSTEM32\gpapi.dll
0x00007ffa7b1a0000 - 0x00007ffa7b1cd000 	C:\Program Files\Zulu\zulu-19\bin\javafx_iio.dll
0x00007ffa7b080000 - 0x00007ffa7b094000 	C:\Program Files\Zulu\zulu-19\bin\javafx_font.dll
0x00007ffa902b0000 - 0x00007ffa90517000 	C:\WINDOWS\SYSTEM32\dwrite.dll
0x00007ffa96f90000 - 0x00007ffa97040000 	C:\WINDOWS\System32\clbcatq.dll
0x00007ffa8fd10000 - 0x00007ffa8fec0000 	C:\WINDOWS\SYSTEM32\WindowsCodecs.dll
0x00007ffa62ac0000 - 0x00007ffa62b1e000 	C:\WINDOWS\system32\dataexchange.dll
0x00007ffa84f80000 - 0x00007ffa851ea000 	C:\WINDOWS\system32\twinapi.appcore.dll
0x00007ffa6a9b0000 - 0x00007ffa6a9e2000 	C:\Program Files\Common Files\Microsoft Shared\Ink\rtscom.dll
0x00007ffa83e70000 - 0x00007ffa83f9e000 	C:\WINDOWS\SYSTEM32\textinputframework.dll
0x00007ffa913d0000 - 0x00007ffa91503000 	C:\WINDOWS\SYSTEM32\CoreMessaging.dll
0x00007ffa8c9f0000 - 0x00007ffa8cd5c000 	C:\WINDOWS\SYSTEM32\CoreUIComponents.dll

dbghelp: loaded successfully - version: 4.0.5 - missing functions: none
symbol engine: initialized successfully - sym options: 0x614 - pdb path: .;C:\Program Files\Zulu\zulu-19\bin;C:\WINDOWS\SYSTEM32;C:\WINDOWS\WinSxS\amd64_microsoft.windows.common-controls_6595b64144ccf1df_6.0.22621.608_none_a9444ca7c10bb01d;C:\Program Files\Zulu\zulu-19\bin\server;C:\WINDOWS\System32\DriverStore\FileRepository\nvlt.inf_amd64_7947c31fc944635c;C:\Program Files\Common Files\Microsoft Shared\Ink;C:\Users\ulise\AppData\Local\Temp\jSerialComm\2.9.3

VM Arguments:
jvm_args: -Dfile.encoding=UTF-8 
java_command: GameMenuDemo
java_class_path (initial): C:\Users\ulise\Desktop\TEC\Algoritmos y estructura de datos I\BuscaMinas\ventana busca minas\lib\rxtx-2.1-7r2;C:\Users\ulise\Downloads\RXTXcomm.jar;C:\Users\ulise\Downloads\jSerialComm-2.9.3.zip;C:\Users\ulise\Downloads\jSerialComm-2.9.3.jar;C:\Users\ulise\Desktop\TEC\Algoritmos y estructura de datos I\BuscaMinas\ventana busca minas\build\classes
Launcher Type: SUN_STANDARD

[Global flags]
     intx CICompilerCount                          = 4                                         {product} {ergonomic}
     uint ConcGCThreads                            = 3                                         {product} {ergonomic}
     uint G1ConcRefinementThreads                  = 10                                        {product} {ergonomic}
   size_t G1HeapRegionSize                         = 1048576                                   {product} {ergonomic}
    uintx GCDrainStackTargetSize                   = 64                                        {product} {ergonomic}
   size_t InitialHeapSize                          = 134217728                                 {product} {ergonomic}
   size_t MarkStackSize                            = 4194304                                   {product} {ergonomic}
   size_t MaxHeapSize                              = 2124414976                                {product} {ergonomic}
   size_t MaxNewSize                               = 1274019840                                {product} {ergonomic}
   size_t MinHeapDeltaBytes                        = 1048576                                   {product} {ergonomic}
   size_t MinHeapSize                              = 8388608                                   {product} {ergonomic}
    uintx NonNMethodCodeHeapSize                   = 5839372                                {pd product} {ergonomic}
    uintx NonProfiledCodeHeapSize                  = 122909434                              {pd product} {ergonomic}
    uintx ProfiledCodeHeapSize                     = 122909434                              {pd product} {ergonomic}
    uintx ReservedCodeCacheSize                    = 251658240                              {pd product} {ergonomic}
     bool SegmentedCodeCache                       = true                                      {product} {ergonomic}
   size_t SoftMaxHeapSize                          = 2124414976                             {manageable} {ergonomic}
     bool UseCompressedClassPointers               = true                           {product lp64_product} {ergonomic}
     bool UseCompressedOops                        = true                           {product lp64_product} {ergonomic}
     bool UseG1GC                                  = true                                      {product} {ergonomic}
     bool UseLargePagesIndividualAllocation        = false                                  {pd product} {ergonomic}

Logging:
Log output configuration:
 #0: stdout all=warning uptime,level,tags foldmultilines=false
 #1: stderr all=off uptime,level,tags foldmultilines=false

Environment Variables:
PATH=C:\Program Files\Zulu\zulu-19\bin\;C:\Program Files\Common Files\Oracle\Java\javapath;C:\Program Files (x86)\Common Files\Oracle\Java\javapath;C:\Windows\system32;C:\Windows;C:\Windows\System32\Wbem;C:\Windows\System32\WindowsPowerShell\v1.0\;C:\Windows\System32\OpenSSH\;C:\Program Files (x86)\NVIDIA Corporation\PhysX\Common;C:\Program Files\NVIDIA Corporation\NVIDIA NvDLISR;C:\WINDOWS\system32;C:\WINDOWS;C:\WINDOWS\System32\Wbem;C:\WINDOWS\System32\WindowsPowerShell\v1.0\;C:\WINDOWS\System32\OpenSSH\;C:\Program Files\nodejs\;C:\Program Files\Git\cmd;C:\Users\ulise\AppData\Local\Microsoft\WindowsApps;C:\Users\ulise\AppData\Local\Programs\Microsoft VS Code\bin;C:\Users\ulise\AppData\Roaming\npm;C:\Users\ulise\AppData\Local\GitHubDesktop\bin
USERNAME=ulise
OS=Windows_NT
PROCESSOR_IDENTIFIER=Intel64 Family 6 Model 165 Stepping 2, GenuineIntel
TMP=C:\Users\ulise\AppData\Local\Temp
TEMP=C:\Users\ulise\AppData\Local\Temp



---------------  S Y S T E M  ---------------

OS:
 Windows 11 , 64 bit Build 22621 (10.0.22621.1485)
OS uptime: 8 days 1:43 hours

CPU: total 12 (initial active 12) (6 cores per cpu, 2 threads per core) family 6 model 165 stepping 2 microcode 0xe2, cx8, cmov, fxsr, ht, mmx, 3dnowpref, sse, sse2, sse3, ssse3, sse4.1, sse4.2, popcnt, lzcnt, tsc, tscinvbit, avx, avx2, aes, erms, clmul, bmi1, bmi2, adx, fma, vzeroupper, clflush, clflushopt, rdtscp

Memory: 4k page, system-wide physical 8099M (768M free)
TotalPageFile size 12195M (AvailPageFile size 135M)
current process WorkingSet (physical memory assigned to process): 235M, peak: 235M
current process commit charge ("private bytes"): 335M, peak: 462M

vm_info: OpenJDK 64-Bit Server VM (19.0.2+7) for windows-amd64 JRE (19.0.2+7) (Zulu19.32+15-CA), built on Dec 28 2022 19:25:40 by "zulu_re" with MS VC++ 16.10 / 16.11 (VS2019)

END.
