#
# There is insufficient memory for the Java Runtime Environment to continue.
# Native memory allocation (malloc) failed to allocate 32744 bytes for Chunk::new
# Possible reasons:
#   The system is out of physical RAM or swap space
#   The process is running with CompressedOops enabled, and the Java Heap may be blocking the growth of the native heap
# Possible solutions:
#   Reduce memory load on the system
#   Increase physical memory or swap space
#   Check if swap backing store is full
#   Decrease Java heap size (-Xmx/-Xms)
#   Decrease number of Java threads
#   Decrease Java thread stack sizes (-Xss)
#   Set larger code cache with -XX:ReservedCodeCacheSize=
#   JVM is running with Unscaled Compressed Oops mode in which the Java heap is
#     placed in the first 4GB address space. The Java Heap base address is the
#     maximum limit for the native heap growth. Please use -XX:HeapBaseMinAddress
#     to set the Java Heap base and to place the Java Heap above 4GB virtual address.
# This output file may be truncated or incomplete.
#
#  Out of Memory Error (arena.cpp:184), pid=9880, tid=7760
#
# JRE version: OpenJDK Runtime Environment Zulu19.32+15-CA (19.0.2+7) (build 19.0.2+7)
# Java VM: OpenJDK 64-Bit Server VM Zulu19.32+15-CA (19.0.2+7, mixed mode, sharing, tiered, compressed oops, compressed class ptrs, g1 gc, windows-amd64)
# No core dump will be written. Minidumps are not enabled by default on client versions of Windows
#

---------------  S U M M A R Y ------------

Command Line: -Dfile.encoding=UTF-8 GameMenuDemo

Host: Intel(R) Core(TM) i7-10750H CPU @ 2.60GHz, 12 cores, 7G,  Windows 11 , 64 bit Build 22621 (10.0.22621.1485)
Time: Mon Apr  3 01:09:01 2023 Hora estándar, América Central elapsed time: 1.553480 seconds (0d 0h 0m 1s)

---------------  T H R E A D  ---------------

Current thread (0x000001dcc64d9a30):  JavaThread "C2 CompilerThread0" daemon [_thread_in_native, id=7760, stack(0x000000ae82400000,0x000000ae82500000)]


Current CompileTask:
C2:   1553 1128   !   4       com.sun.javafx.css.ParsedValueImpl::readBinary (688 bytes)

Stack: [0x000000ae82400000,0x000000ae82500000]
Native frames: (J=compiled Java code, j=interpreted, Vv=VM code, C=native code)
V  [jvm.dll+0x6eab2a]
V  [jvm.dll+0x8a4a20]
V  [jvm.dll+0x8a640e]
V  [jvm.dll+0x8a6ac3]
V  [jvm.dll+0x27c1ef]
V  [jvm.dll+0xc245f]
V  [jvm.dll+0xc27d5]
V  [jvm.dll+0x6c69fa]
V  [jvm.dll+0x392ca0]
V  [jvm.dll+0x6faf7b]
V  [jvm.dll+0x6fa5f4]
V  [jvm.dll+0x1d2b4c]
V  [jvm.dll+0x2f2306]
V  [jvm.dll+0x705384]
V  [jvm.dll+0x6fd4eb]
V  [jvm.dll+0x6fcb25]
V  [jvm.dll+0x6fa99b]
V  [jvm.dll+0x1d2b4c]
V  [jvm.dll+0x2f2306]
V  [jvm.dll+0x705384]
V  [jvm.dll+0x6fd4eb]
V  [jvm.dll+0x6fcb25]
V  [jvm.dll+0x6fa99b]
V  [jvm.dll+0x1d2b4c]
V  [jvm.dll+0x244833]
V  [jvm.dll+0x1cf9a1]
V  [jvm.dll+0x254799]
V  [jvm.dll+0x2529a8]
V  [jvm.dll+0x854e98]
V  [jvm.dll+0x84ec7a]
V  [jvm.dll+0x6e981b]
C  [ucrtbase.dll+0x29363]
C  [KERNEL32.DLL+0x1269d]
C  [ntdll.dll+0x5a9f8]


---------------  P R O C E S S  ---------------

Threads class SMR info:
_java_thread_list=0x000001dccb6fc180, length=19, elements={
0x000001dca6557180, 0x000001dcc64bc540, 0x000001dcc64bee80, 0x000001dcc64bf7b0,
0x000001dcc64c00e0, 0x000001dcc64c0a10, 0x000001dcc64c7060, 0x000001dcc64d9a30,
0x000001dcc64fdfe0, 0x000001dcc6508560, 0x000001dcca93a0f0, 0x000001dcca93a640,
0x000001dcca93ab90, 0x000001dcca939100, 0x000001dcca93c0d0, 0x000001dcca93b0e0,
0x000001dcca93bb80, 0x000001dcca93b630, 0x000001dccb749230
}

Java Threads: ( => current thread )
  0x000001dca6557180 JavaThread "main" [_thread_blocked, id=12192, stack(0x000000ae81700000,0x000000ae81800000)]
  0x000001dcc64bc540 JavaThread "Reference Handler" daemon [_thread_blocked, id=5912, stack(0x000000ae81e00000,0x000000ae81f00000)]
  0x000001dcc64bee80 JavaThread "Finalizer" daemon [_thread_blocked, id=10912, stack(0x000000ae81f00000,0x000000ae82000000)]
  0x000001dcc64bf7b0 JavaThread "Signal Dispatcher" daemon [_thread_blocked, id=340, stack(0x000000ae82000000,0x000000ae82100000)]
  0x000001dcc64c00e0 JavaThread "Attach Listener" daemon [_thread_blocked, id=18360, stack(0x000000ae82100000,0x000000ae82200000)]
  0x000001dcc64c0a10 JavaThread "Service Thread" daemon [_thread_blocked, id=21444, stack(0x000000ae82200000,0x000000ae82300000)]
  0x000001dcc64c7060 JavaThread "Monitor Deflation Thread" daemon [_thread_blocked, id=18176, stack(0x000000ae82300000,0x000000ae82400000)]
=>0x000001dcc64d9a30 JavaThread "C2 CompilerThread0" daemon [_thread_in_native, id=7760, stack(0x000000ae82400000,0x000000ae82500000)]
  0x000001dcc64fdfe0 JavaThread "C1 CompilerThread0" daemon [_thread_blocked, id=1312, stack(0x000000ae82500000,0x000000ae82600000)]
  0x000001dcc6508560 JavaThread "Sweeper thread" daemon [_thread_blocked, id=15300, stack(0x000000ae82600000,0x000000ae82700000)]
  0x000001dcca93a0f0 JavaThread "Notification Thread" daemon [_thread_blocked, id=18872, stack(0x000000ae82700000,0x000000ae82800000)]
  0x000001dcca93a640 JavaThread "Common-Cleaner" daemon [_thread_blocked, id=1876, stack(0x000000ae82900000,0x000000ae82a00000)]
  0x000001dcca93ab90 JavaThread "QuantumRenderer-0" daemon [_thread_blocked, id=22424, stack(0x000000ae82a00000,0x000000ae82b00000)]
  0x000001dcca939100 JavaThread "InvokeLaterDispatcher" daemon [_thread_blocked, id=18948, stack(0x000000ae82c00000,0x000000ae82d00000)]
  0x000001dcca93c0d0 JavaThread "JavaFX Application Thread" [_thread_in_vm, id=7708, stack(0x000000ae82d00000,0x000000ae82e00000)]
  0x000001dcca93b0e0 JavaThread "JavaFX-Launcher" [_thread_blocked, id=1728, stack(0x000000ae83000000,0x000000ae83100000)]
  0x000001dcca93bb80 JavaThread "Thread-2" daemon [_thread_in_native, id=9172, stack(0x000000ae82f00000,0x000000ae83000000)]
  0x000001dcca93b630 JavaThread "Prism Font Disposer" daemon [_thread_blocked, id=11632, stack(0x000000ae83100000,0x000000ae83200000)]
  0x000001dccb749230 JavaThread "C2 CompilerThread1" daemon [_thread_blocked, id=5452, stack(0x000000ae83960000,0x000000ae83a60000)]

Other Threads:
  0x000001dcc64a2dd0 VMThread "VM Thread" [stack: 0x000000ae81d00000,0x000000ae81e00000] [id=20644]
  0x000001dcca93cb70 WatcherThread "VM Periodic Task Thread" [stack: 0x000000ae82800000,0x000000ae82900000] [id=19308]
  0x000001dca65baba0 WorkerThread "GC Thread#0" [stack: 0x000000ae81800000,0x000000ae81900000] [id=15552]
  0x000001dca65cba40 ConcurrentGCThread "G1 Main Marker" [stack: 0x000000ae81900000,0x000000ae81a00000] [id=18804]
  0x000001dca65cd220 WorkerThread "G1 Conc#0" [stack: 0x000000ae81a00000,0x000000ae81b00000] [id=21392]
  0x000001dca661e380 ConcurrentGCThread "G1 Refine#0" [stack: 0x000000ae81b00000,0x000000ae81c00000] [id=16064]
  0x000001dca661ec60 ConcurrentGCThread "G1 Service" [stack: 0x000000ae81c00000,0x000000ae81d00000] [id=11736]

Threads with active compile tasks:
C2 CompilerThread0     1569 1128   !   4       com.sun.javafx.css.ParsedValueImpl::readBinary (688 bytes)

VM state: not at safepoint (normal execution)

VM Mutex/Monitor currently owned by a thread:  ([mutex/lock_event])
[0x000001dca6551c60] Metaspace_lock - owner thread: 0x000001dcca93c0d0

Heap address: 0x0000000081600000, size: 2026 MB, Compressed Oops mode: 32-bit

CDS archive(s) mapped at: [0x0000000800000000-0x0000000800c40000-0x0000000800c40000), size 12845056, SharedBaseAddress: 0x0000000800000000, ArchiveRelocationMode: 0.
Compressed class space mapped at: 0x0000000801000000-0x0000000841000000, reserved size: 1073741824
Narrow klass base: 0x0000000800000000, Narrow klass shift: 0, Narrow klass range: 0x100000000

GC Precious Log:
 CardTable entry size: 512
 Card Set container configuration: InlinePtr #cards 5 size 8 Array Of Cards #cards 12 size 40 Howl #buckets 4 coarsen threshold 1843 Howl Bitmap #cards 512 size 80 coarsen threshold 460 Card regions per heap region 1 cards per card region 2048
 CPUs: 12 total, 12 available
 Memory: 8099M
 Large Page Support: Disabled
 NUMA Support: Disabled
 Compressed Oops: Enabled (32-bit)
 Heap Region Size: 1M
 Heap Min Capacity: 8M
 Heap Initial Capacity: 128M
 Heap Max Capacity: 2026M
 Pre-touch: Disabled
 Parallel Workers: 10
 Concurrent Workers: 3
 Concurrent Refinement Workers: 10
 Periodic GC: Disabled

Heap:
 garbage-first heap   total 131072K, used 12288K [0x0000000081600000, 0x0000000100000000)
  region size 1024K, 14 young (14336K), 0 survivors (0K)
 Metaspace       used 10239K, committed 10432K, reserved 1114112K
  class space    used 1490K, committed 1600K, reserved 1048576K

Heap Regions: E=young(eden), S=young(survivor), O=old, HS=humongous(starts), HC=humongous(continues), CS=collection set, F=free, OA=open archive, CA=closed archive, TAMS=top-at-mark-start (previous, next)
|   0|0x0000000081600000, 0x0000000081600000, 0x0000000081700000|  0%| F|  |TAMS 0x0000000081600000, 0x0000000081600000| Untracked 
|   1|0x0000000081700000, 0x0000000081700000, 0x0000000081800000|  0%| F|  |TAMS 0x0000000081700000, 0x0000000081700000| Untracked 
|   2|0x0000000081800000, 0x0000000081800000, 0x0000000081900000|  0%| F|  |TAMS 0x0000000081800000, 0x0000000081800000| Untracked 
|   3|0x0000000081900000, 0x0000000081900000, 0x0000000081a00000|  0%| F|  |TAMS 0x0000000081900000, 0x0000000081900000| Untracked 
|   4|0x0000000081a00000, 0x0000000081a00000, 0x0000000081b00000|  0%| F|  |TAMS 0x0000000081a00000, 0x0000000081a00000| Untracked 
|   5|0x0000000081b00000, 0x0000000081b00000, 0x0000000081c00000|  0%| F|  |TAMS 0x0000000081b00000, 0x0000000081b00000| Untracked 
|   6|0x0000000081c00000, 0x0000000081c00000, 0x0000000081d00000|  0%| F|  |TAMS 0x0000000081c00000, 0x0000000081c00000| Untracked 
|   7|0x0000000081d00000, 0x0000000081d00000, 0x0000000081e00000|  0%| F|  |TAMS 0x0000000081d00000, 0x0000000081d00000| Untracked 
|   8|0x0000000081e00000, 0x0000000081e00000, 0x0000000081f00000|  0%| F|  |TAMS 0x0000000081e00000, 0x0000000081e00000| Untracked 
|   9|0x0000000081f00000, 0x0000000081f00000, 0x0000000082000000|  0%| F|  |TAMS 0x0000000081f00000, 0x0000000081f00000| Untracked 
|  10|0x0000000082000000, 0x0000000082000000, 0x0000000082100000|  0%| F|  |TAMS 0x0000000082000000, 0x0000000082000000| Untracked 
|  11|0x0000000082100000, 0x0000000082100000, 0x0000000082200000|  0%| F|  |TAMS 0x0000000082100000, 0x0000000082100000| Untracked 
|  12|0x0000000082200000, 0x0000000082200000, 0x0000000082300000|  0%| F|  |TAMS 0x0000000082200000, 0x0000000082200000| Untracked 
|  13|0x0000000082300000, 0x0000000082300000, 0x0000000082400000|  0%| F|  |TAMS 0x0000000082300000, 0x0000000082300000| Untracked 
|  14|0x0000000082400000, 0x0000000082400000, 0x0000000082500000|  0%| F|  |TAMS 0x0000000082400000, 0x0000000082400000| Untracked 
|  15|0x0000000082500000, 0x0000000082500000, 0x0000000082600000|  0%| F|  |TAMS 0x0000000082500000, 0x0000000082500000| Untracked 
|  16|0x0000000082600000, 0x0000000082600000, 0x0000000082700000|  0%| F|  |TAMS 0x0000000082600000, 0x0000000082600000| Untracked 
|  17|0x0000000082700000, 0x0000000082700000, 0x0000000082800000|  0%| F|  |TAMS 0x0000000082700000, 0x0000000082700000| Untracked 
|  18|0x0000000082800000, 0x0000000082800000, 0x0000000082900000|  0%| F|  |TAMS 0x0000000082800000, 0x0000000082800000| Untracked 
|  19|0x0000000082900000, 0x0000000082900000, 0x0000000082a00000|  0%| F|  |TAMS 0x0000000082900000, 0x0000000082900000| Untracked 
|  20|0x0000000082a00000, 0x0000000082a00000, 0x0000000082b00000|  0%| F|  |TAMS 0x0000000082a00000, 0x0000000082a00000| Untracked 
|  21|0x0000000082b00000, 0x0000000082b00000, 0x0000000082c00000|  0%| F|  |TAMS 0x0000000082b00000, 0x0000000082b00000| Untracked 
|  22|0x0000000082c00000, 0x0000000082c00000, 0x0000000082d00000|  0%| F|  |TAMS 0x0000000082c00000, 0x0000000082c00000| Untracked 
|  23|0x0000000082d00000, 0x0000000082d00000, 0x0000000082e00000|  0%| F|  |TAMS 0x0000000082d00000, 0x0000000082d00000| Untracked 
|  24|0x0000000082e00000, 0x0000000082e00000, 0x0000000082f00000|  0%| F|  |TAMS 0x0000000082e00000, 0x0000000082e00000| Untracked 
|  25|0x0000000082f00000, 0x0000000082f00000, 0x0000000083000000|  0%| F|  |TAMS 0x0000000082f00000, 0x0000000082f00000| Untracked 
|  26|0x0000000083000000, 0x0000000083000000, 0x0000000083100000|  0%| F|  |TAMS 0x0000000083000000, 0x0000000083000000| Untracked 
|  27|0x0000000083100000, 0x0000000083100000, 0x0000000083200000|  0%| F|  |TAMS 0x0000000083100000, 0x0000000083100000| Untracked 
|  28|0x0000000083200000, 0x0000000083200000, 0x0000000083300000|  0%| F|  |TAMS 0x0000000083200000, 0x0000000083200000| Untracked 
|  29|0x0000000083300000, 0x0000000083300000, 0x0000000083400000|  0%| F|  |TAMS 0x0000000083300000, 0x0000000083300000| Untracked 
|  30|0x0000000083400000, 0x0000000083400000, 0x0000000083500000|  0%| F|  |TAMS 0x0000000083400000, 0x0000000083400000| Untracked 
|  31|0x0000000083500000, 0x0000000083500000, 0x0000000083600000|  0%| F|  |TAMS 0x0000000083500000, 0x0000000083500000| Untracked 
|  32|0x0000000083600000, 0x0000000083600000, 0x0000000083700000|  0%| F|  |TAMS 0x0000000083600000, 0x0000000083600000| Untracked 
|  33|0x0000000083700000, 0x0000000083700000, 0x0000000083800000|  0%| F|  |TAMS 0x0000000083700000, 0x0000000083700000| Untracked 
|  34|0x0000000083800000, 0x0000000083800000, 0x0000000083900000|  0%| F|  |TAMS 0x0000000083800000, 0x0000000083800000| Untracked 
|  35|0x0000000083900000, 0x0000000083900000, 0x0000000083a00000|  0%| F|  |TAMS 0x0000000083900000, 0x0000000083900000| Untracked 
|  36|0x0000000083a00000, 0x0000000083a00000, 0x0000000083b00000|  0%| F|  |TAMS 0x0000000083a00000, 0x0000000083a00000| Untracked 
|  37|0x0000000083b00000, 0x0000000083b00000, 0x0000000083c00000|  0%| F|  |TAMS 0x0000000083b00000, 0x0000000083b00000| Untracked 
|  38|0x0000000083c00000, 0x0000000083c00000, 0x0000000083d00000|  0%| F|  |TAMS 0x0000000083c00000, 0x0000000083c00000| Untracked 
|  39|0x0000000083d00000, 0x0000000083d00000, 0x0000000083e00000|  0%| F|  |TAMS 0x0000000083d00000, 0x0000000083d00000| Untracked 
|  40|0x0000000083e00000, 0x0000000083e00000, 0x0000000083f00000|  0%| F|  |TAMS 0x0000000083e00000, 0x0000000083e00000| Untracked 
|  41|0x0000000083f00000, 0x0000000083f00000, 0x0000000084000000|  0%| F|  |TAMS 0x0000000083f00000, 0x0000000083f00000| Untracked 
|  42|0x0000000084000000, 0x0000000084000000, 0x0000000084100000|  0%| F|  |TAMS 0x0000000084000000, 0x0000000084000000| Untracked 
|  43|0x0000000084100000, 0x0000000084100000, 0x0000000084200000|  0%| F|  |TAMS 0x0000000084100000, 0x0000000084100000| Untracked 
|  44|0x0000000084200000, 0x0000000084200000, 0x0000000084300000|  0%| F|  |TAMS 0x0000000084200000, 0x0000000084200000| Untracked 
|  45|0x0000000084300000, 0x0000000084300000, 0x0000000084400000|  0%| F|  |TAMS 0x0000000084300000, 0x0000000084300000| Untracked 
|  46|0x0000000084400000, 0x0000000084400000, 0x0000000084500000|  0%| F|  |TAMS 0x0000000084400000, 0x0000000084400000| Untracked 
|  47|0x0000000084500000, 0x0000000084500000, 0x0000000084600000|  0%| F|  |TAMS 0x0000000084500000, 0x0000000084500000| Untracked 
|  48|0x0000000084600000, 0x0000000084600000, 0x0000000084700000|  0%| F|  |TAMS 0x0000000084600000, 0x0000000084600000| Untracked 
|  49|0x0000000084700000, 0x0000000084700000, 0x0000000084800000|  0%| F|  |TAMS 0x0000000084700000, 0x0000000084700000| Untracked 
|  50|0x0000000084800000, 0x0000000084800000, 0x0000000084900000|  0%| F|  |TAMS 0x0000000084800000, 0x0000000084800000| Untracked 
|  51|0x0000000084900000, 0x0000000084900000, 0x0000000084a00000|  0%| F|  |TAMS 0x0000000084900000, 0x0000000084900000| Untracked 
|  52|0x0000000084a00000, 0x0000000084a00000, 0x0000000084b00000|  0%| F|  |TAMS 0x0000000084a00000, 0x0000000084a00000| Untracked 
|  53|0x0000000084b00000, 0x0000000084b00000, 0x0000000084c00000|  0%| F|  |TAMS 0x0000000084b00000, 0x0000000084b00000| Untracked 
|  54|0x0000000084c00000, 0x0000000084c00000, 0x0000000084d00000|  0%| F|  |TAMS 0x0000000084c00000, 0x0000000084c00000| Untracked 
|  55|0x0000000084d00000, 0x0000000084d00000, 0x0000000084e00000|  0%| F|  |TAMS 0x0000000084d00000, 0x0000000084d00000| Untracked 
|  56|0x0000000084e00000, 0x0000000084e00000, 0x0000000084f00000|  0%| F|  |TAMS 0x0000000084e00000, 0x0000000084e00000| Untracked 
|  57|0x0000000084f00000, 0x0000000084f00000, 0x0000000085000000|  0%| F|  |TAMS 0x0000000084f00000, 0x0000000084f00000| Untracked 
|  58|0x0000000085000000, 0x0000000085000000, 0x0000000085100000|  0%| F|  |TAMS 0x0000000085000000, 0x0000000085000000| Untracked 
|  59|0x0000000085100000, 0x0000000085100000, 0x0000000085200000|  0%| F|  |TAMS 0x0000000085100000, 0x0000000085100000| Untracked 
|  60|0x0000000085200000, 0x0000000085200000, 0x0000000085300000|  0%| F|  |TAMS 0x0000000085200000, 0x0000000085200000| Untracked 
|  61|0x0000000085300000, 0x0000000085300000, 0x0000000085400000|  0%| F|  |TAMS 0x0000000085300000, 0x0000000085300000| Untracked 
|  62|0x0000000085400000, 0x0000000085400000, 0x0000000085500000|  0%| F|  |TAMS 0x0000000085400000, 0x0000000085400000| Untracked 
|  63|0x0000000085500000, 0x0000000085500000, 0x0000000085600000|  0%| F|  |TAMS 0x0000000085500000, 0x0000000085500000| Untracked 
|  64|0x0000000085600000, 0x0000000085600000, 0x0000000085700000|  0%| F|  |TAMS 0x0000000085600000, 0x0000000085600000| Untracked 
|  65|0x0000000085700000, 0x0000000085700000, 0x0000000085800000|  0%| F|  |TAMS 0x0000000085700000, 0x0000000085700000| Untracked 
|  66|0x0000000085800000, 0x0000000085800000, 0x0000000085900000|  0%| F|  |TAMS 0x0000000085800000, 0x0000000085800000| Untracked 
|  67|0x0000000085900000, 0x0000000085900000, 0x0000000085a00000|  0%| F|  |TAMS 0x0000000085900000, 0x0000000085900000| Untracked 
|  68|0x0000000085a00000, 0x0000000085a00000, 0x0000000085b00000|  0%| F|  |TAMS 0x0000000085a00000, 0x0000000085a00000| Untracked 
|  69|0x0000000085b00000, 0x0000000085b00000, 0x0000000085c00000|  0%| F|  |TAMS 0x0000000085b00000, 0x0000000085b00000| Untracked 
|  70|0x0000000085c00000, 0x0000000085c00000, 0x0000000085d00000|  0%| F|  |TAMS 0x0000000085c00000, 0x0000000085c00000| Untracked 
|  71|0x0000000085d00000, 0x0000000085d00000, 0x0000000085e00000|  0%| F|  |TAMS 0x0000000085d00000, 0x0000000085d00000| Untracked 
|  72|0x0000000085e00000, 0x0000000085e00000, 0x0000000085f00000|  0%| F|  |TAMS 0x0000000085e00000, 0x0000000085e00000| Untracked 
|  73|0x0000000085f00000, 0x0000000085f00000, 0x0000000086000000|  0%| F|  |TAMS 0x0000000085f00000, 0x0000000085f00000| Untracked 
|  74|0x0000000086000000, 0x0000000086000000, 0x0000000086100000|  0%| F|  |TAMS 0x0000000086000000, 0x0000000086000000| Untracked 
|  75|0x0000000086100000, 0x0000000086100000, 0x0000000086200000|  0%| F|  |TAMS 0x0000000086100000, 0x0000000086100000| Untracked 
|  76|0x0000000086200000, 0x0000000086200000, 0x0000000086300000|  0%| F|  |TAMS 0x0000000086200000, 0x0000000086200000| Untracked 
|  77|0x0000000086300000, 0x0000000086300000, 0x0000000086400000|  0%| F|  |TAMS 0x0000000086300000, 0x0000000086300000| Untracked 
|  78|0x0000000086400000, 0x0000000086400000, 0x0000000086500000|  0%| F|  |TAMS 0x0000000086400000, 0x0000000086400000| Untracked 
|  79|0x0000000086500000, 0x0000000086500000, 0x0000000086600000|  0%| F|  |TAMS 0x0000000086500000, 0x0000000086500000| Untracked 
|  80|0x0000000086600000, 0x0000000086600000, 0x0000000086700000|  0%| F|  |TAMS 0x0000000086600000, 0x0000000086600000| Untracked 
|  81|0x0000000086700000, 0x0000000086700000, 0x0000000086800000|  0%| F|  |TAMS 0x0000000086700000, 0x0000000086700000| Untracked 
|  82|0x0000000086800000, 0x0000000086800000, 0x0000000086900000|  0%| F|  |TAMS 0x0000000086800000, 0x0000000086800000| Untracked 
|  83|0x0000000086900000, 0x0000000086900000, 0x0000000086a00000|  0%| F|  |TAMS 0x0000000086900000, 0x0000000086900000| Untracked 
|  84|0x0000000086a00000, 0x0000000086a00000, 0x0000000086b00000|  0%| F|  |TAMS 0x0000000086a00000, 0x0000000086a00000| Untracked 
|  85|0x0000000086b00000, 0x0000000086b00000, 0x0000000086c00000|  0%| F|  |TAMS 0x0000000086b00000, 0x0000000086b00000| Untracked 
|  86|0x0000000086c00000, 0x0000000086c00000, 0x0000000086d00000|  0%| F|  |TAMS 0x0000000086c00000, 0x0000000086c00000| Untracked 
|  87|0x0000000086d00000, 0x0000000086d00000, 0x0000000086e00000|  0%| F|  |TAMS 0x0000000086d00000, 0x0000000086d00000| Untracked 
|  88|0x0000000086e00000, 0x0000000086e00000, 0x0000000086f00000|  0%| F|  |TAMS 0x0000000086e00000, 0x0000000086e00000| Untracked 
|  89|0x0000000086f00000, 0x0000000086f00000, 0x0000000087000000|  0%| F|  |TAMS 0x0000000086f00000, 0x0000000086f00000| Untracked 
|  90|0x0000000087000000, 0x0000000087000000, 0x0000000087100000|  0%| F|  |TAMS 0x0000000087000000, 0x0000000087000000| Untracked 
|  91|0x0000000087100000, 0x0000000087100000, 0x0000000087200000|  0%| F|  |TAMS 0x0000000087100000, 0x0000000087100000| Untracked 
|  92|0x0000000087200000, 0x0000000087200000, 0x0000000087300000|  0%| F|  |TAMS 0x0000000087200000, 0x0000000087200000| Untracked 
|  93|0x0000000087300000, 0x0000000087300000, 0x0000000087400000|  0%| F|  |TAMS 0x0000000087300000, 0x0000000087300000| Untracked 
|  94|0x0000000087400000, 0x0000000087400000, 0x0000000087500000|  0%| F|  |TAMS 0x0000000087400000, 0x0000000087400000| Untracked 
|  95|0x0000000087500000, 0x0000000087500000, 0x0000000087600000|  0%| F|  |TAMS 0x0000000087500000, 0x0000000087500000| Untracked 
|  96|0x0000000087600000, 0x0000000087600000, 0x0000000087700000|  0%| F|  |TAMS 0x0000000087600000, 0x0000000087600000| Untracked 
|  97|0x0000000087700000, 0x0000000087700000, 0x0000000087800000|  0%| F|  |TAMS 0x0000000087700000, 0x0000000087700000| Untracked 
|  98|0x0000000087800000, 0x0000000087800000, 0x0000000087900000|  0%| F|  |TAMS 0x0000000087800000, 0x0000000087800000| Untracked 
|  99|0x0000000087900000, 0x0000000087900000, 0x0000000087a00000|  0%| F|  |TAMS 0x0000000087900000, 0x0000000087900000| Untracked 
| 100|0x0000000087a00000, 0x0000000087a00000, 0x0000000087b00000|  0%| F|  |TAMS 0x0000000087a00000, 0x0000000087a00000| Untracked 
| 101|0x0000000087b00000, 0x0000000087b00000, 0x0000000087c00000|  0%| F|  |TAMS 0x0000000087b00000, 0x0000000087b00000| Untracked 
| 102|0x0000000087c00000, 0x0000000087c00000, 0x0000000087d00000|  0%| F|  |TAMS 0x0000000087c00000, 0x0000000087c00000| Untracked 
| 103|0x0000000087d00000, 0x0000000087d00000, 0x0000000087e00000|  0%| F|  |TAMS 0x0000000087d00000, 0x0000000087d00000| Untracked 
| 104|0x0000000087e00000, 0x0000000087e00000, 0x0000000087f00000|  0%| F|  |TAMS 0x0000000087e00000, 0x0000000087e00000| Untracked 
| 105|0x0000000087f00000, 0x0000000087f00000, 0x0000000088000000|  0%| F|  |TAMS 0x0000000087f00000, 0x0000000087f00000| Untracked 
| 106|0x0000000088000000, 0x0000000088000000, 0x0000000088100000|  0%| F|  |TAMS 0x0000000088000000, 0x0000000088000000| Untracked 
| 107|0x0000000088100000, 0x0000000088100000, 0x0000000088200000|  0%| F|  |TAMS 0x0000000088100000, 0x0000000088100000| Untracked 
| 108|0x0000000088200000, 0x0000000088200000, 0x0000000088300000|  0%| F|  |TAMS 0x0000000088200000, 0x0000000088200000| Untracked 
| 109|0x0000000088300000, 0x0000000088300000, 0x0000000088400000|  0%| F|  |TAMS 0x0000000088300000, 0x0000000088300000| Untracked 
| 110|0x0000000088400000, 0x0000000088400000, 0x0000000088500000|  0%| F|  |TAMS 0x0000000088400000, 0x0000000088400000| Untracked 
| 111|0x0000000088500000, 0x0000000088500000, 0x0000000088600000|  0%| F|  |TAMS 0x0000000088500000, 0x0000000088500000| Untracked 
| 112|0x0000000088600000, 0x0000000088600000, 0x0000000088700000|  0%| F|  |TAMS 0x0000000088600000, 0x0000000088600000| Untracked 
| 113|0x0000000088700000, 0x0000000088700000, 0x0000000088800000|  0%| F|  |TAMS 0x0000000088700000, 0x0000000088700000| Untracked 
| 114|0x0000000088800000, 0x00000000888ec118, 0x0000000088900000| 92%| E|  |TAMS 0x0000000088800000, 0x0000000088800000| Complete 
| 115|0x0000000088900000, 0x0000000088a00000, 0x0000000088a00000|100%| E|CS|TAMS 0x0000000088900000, 0x0000000088900000| Complete 
| 116|0x0000000088a00000, 0x0000000088b00000, 0x0000000088b00000|100%| E|CS|TAMS 0x0000000088a00000, 0x0000000088a00000| Complete 
| 117|0x0000000088b00000, 0x0000000088c00000, 0x0000000088c00000|100%| E|CS|TAMS 0x0000000088b00000, 0x0000000088b00000| Complete 
| 118|0x0000000088c00000, 0x0000000088d00000, 0x0000000088d00000|100%| E|  |TAMS 0x0000000088c00000, 0x0000000088c00000| Complete 
| 119|0x0000000088d00000, 0x0000000088e00000, 0x0000000088e00000|100%| E|CS|TAMS 0x0000000088d00000, 0x0000000088d00000| Complete 
| 120|0x0000000088e00000, 0x0000000088f00000, 0x0000000088f00000|100%| E|CS|TAMS 0x0000000088e00000, 0x0000000088e00000| Complete 
| 121|0x0000000088f00000, 0x0000000089000000, 0x0000000089000000|100%| E|CS|TAMS 0x0000000088f00000, 0x0000000088f00000| Complete 
| 122|0x0000000089000000, 0x0000000089100000, 0x0000000089100000|100%| E|CS|TAMS 0x0000000089000000, 0x0000000089000000| Complete 
| 123|0x0000000089100000, 0x0000000089200000, 0x0000000089200000|100%| E|CS|TAMS 0x0000000089100000, 0x0000000089100000| Complete 
| 124|0x0000000089200000, 0x0000000089300000, 0x0000000089300000|100%| E|CS|TAMS 0x0000000089200000, 0x0000000089200000| Complete 
| 125|0x0000000089300000, 0x0000000089400000, 0x0000000089400000|100%| E|CS|TAMS 0x0000000089300000, 0x0000000089300000| Complete 
| 126|0x0000000089400000, 0x0000000089500000, 0x0000000089500000|100%| E|CS|TAMS 0x0000000089400000, 0x0000000089400000| Complete 
| 127|0x0000000089500000, 0x0000000089600000, 0x0000000089600000|100%| E|CS|TAMS 0x0000000089500000, 0x0000000089500000| Complete 

Card table byte_map: [0x000001dcbf110000,0x000001dcbf510000] _byte_map_base: 0x000001dcbed05000

Marking Bits (Prev, Next): (CMBitMap*) 0x000001dca65bb0d0, (CMBitMap*) 0x000001dca65bb110
 Prev Bits: [0x000001dcbf910000, 0x000001dcc18b8000)
 Next Bits: [0x000001dcc18c0000, 0x000001dcc3868000)

Polling page: 0x000001dca4480000

Metaspace:

Usage:
  Non-class:      8.54 MB used.
      Class:      1.46 MB used.
       Both:     10.00 MB used.

Virtual space:
  Non-class space:       64.00 MB reserved,       8.62 MB ( 13%) committed,  1 nodes.
      Class space:        1.00 GB reserved,       1.56 MB ( <1%) committed,  1 nodes.
             Both:        1.06 GB reserved,      10.19 MB ( <1%) committed. 

Chunk freelists:
   Non-Class:  1.19 MB
       Class:  2.39 MB
        Both:  3.58 MB

MaxMetaspaceSize: unlimited
CompressedClassSpaceSize: 1.00 GB
Initial GC threshold: 21.00 MB
Current GC threshold: 21.00 MB
CDS: on
MetaspaceReclaimPolicy: balanced
 - commit_granule_bytes: 65536.
 - commit_granule_words: 8192.
 - virtual_space_node_default_size: 8388608.
 - enlarge_chunks_in_place: 1.
 - new_chunks_are_fully_committed: 0.
 - uncommit_free_chunks: 1.
 - use_allocation_guard: 0.


Internal statistics:

num_allocs_failed_limit: 0.
num_arena_births: 218.
num_arena_deaths: 0.
num_vsnodes_births: 2.
num_vsnodes_deaths: 0.
num_space_committed: 163.
num_space_uncommitted: 0.
num_chunks_returned_to_freelist: 0.
num_chunks_taken_from_freelist: 587.
num_chunk_merges: 0.
num_chunk_splits: 406.
num_chunks_enlarged: 312.
num_inconsistent_stats: 0.

CodeHeap 'non-profiled nmethods': size=120000Kb used=366Kb max_used=366Kb free=119633Kb
 bounds [0x000001dcb7290000, 0x000001dcb7500000, 0x000001dcbe7c0000]
CodeHeap 'profiled nmethods': size=120000Kb used=1839Kb max_used=1839Kb free=118160Kb
 bounds [0x000001dcaf7c0000, 0x000001dcafa30000, 0x000001dcb6cf0000]
CodeHeap 'non-nmethods': size=5760Kb used=1478Kb max_used=1496Kb free=4281Kb
 bounds [0x000001dcb6cf0000, 0x000001dcb6f60000, 0x000001dcb7290000]
 total_blobs=1920 nmethods=1169 adapters=662
 compilation: enabled
              stopped_count=0, restarted_count=0
 full_count=0

Compilation events (20 events):
Event: 1.548 Thread 0x000001dcc64fdfe0 nmethod 1139 0x000001dcaf97e090 code [0x000001dcaf97e300, 0x000001dcaf97f038]
Event: 1.548 Thread 0x000001dcc64fdfe0 1135       3       java.util.HashMap$HashIterator::hasNext (13 bytes)
Event: 1.548 Thread 0x000001dcc64fdfe0 nmethod 1135 0x000001dcaf97f410 code [0x000001dcaf97f5a0, 0x000001dcaf97f718]
Event: 1.548 Thread 0x000001dcc64fdfe0 1136       3       java.util.HashMap$ValueIterator::next (8 bytes)
Event: 1.548 Thread 0x000001dcc64fdfe0 nmethod 1136 0x000001dcaf97f790 code [0x000001dcaf97f940, 0x000001dcaf97fa88]
Event: 1.548 Thread 0x000001dcc64fdfe0 1137       3       com.sun.javafx.css.StyleClassSet::containsAll (6 bytes)
Event: 1.549 Thread 0x000001dcc64fdfe0 nmethod 1137 0x000001dcaf97fb90 code [0x000001dcaf97fd40, 0x000001dcaf97fe88]
Event: 1.549 Thread 0x000001dcc64fdfe0 1134       3       javafx.css.Rule::getUnobservedSelectorList (23 bytes)
Event: 1.549 Thread 0x000001dcc64fdfe0 nmethod 1134 0x000001dcaf97ff10 code [0x000001dcaf9800e0, 0x000001dcaf9804d8]
Event: 1.549 Thread 0x000001dcc64fdfe0 1140       3       java.lang.invoke.MemberName::hashCode (43 bytes)
Event: 1.549 Thread 0x000001dcc64fdfe0 nmethod 1140 0x000001dcaf980610 code [0x000001dcaf980860, 0x000001dcaf9815a8]
Event: 1.549 Thread 0x000001dcc64fdfe0 1142       3       java.util.Arrays::hashCode (56 bytes)
Event: 1.549 Thread 0x000001dcc64fdfe0 nmethod 1142 0x000001dcaf981910 code [0x000001dcaf981ae0, 0x000001dcaf981e48]
Event: 1.549 Thread 0x000001dcc64fdfe0 1141       3       java.lang.Byte::<init> (10 bytes)
Event: 1.549 Thread 0x000001dcc64fdfe0 nmethod 1141 0x000001dcaf981f90 code [0x000001dcaf982140, 0x000001dcaf982318]
Event: 1.552 Thread 0x000001dcc64fdfe0 1144   !   3       java.lang.invoke.MethodHandleNatives::linkMethodHandleConstant (50 bytes)
Event: 1.552 Thread 0x000001dcc64fdfe0 nmethod 1144 0x000001dcaf982410 code [0x000001dcaf9825e0, 0x000001dcaf9827c8]
Event: 1.552 Thread 0x000001dcc64fdfe0 1145       3       java.lang.invoke.MethodHandles$Lookup::linkMethodHandleConstant (223 bytes)
Event: 1.552 Thread 0x000001dccb749230 nmethod 1130 0x000001dcb72e8e90 code [0x000001dcb72e9040, 0x000001dcb72e9418]
Event: 1.552 Thread 0x000001dccb749230 1127       4       com.sun.javafx.css.ParsedValueImpl::<init> (38 bytes)

GC Heap History (0 events):
No events

Dll operation events (20 events):
Event: 0.123 Loaded shared library C:\Program Files\Zulu\zulu-19\bin\api-ms-win-crt-heap-l1-1-0.dll
Event: 0.124 Loaded shared library C:\Program Files\Zulu\zulu-19\bin\api-ms-win-crt-locale-l1-1-0.dll
Event: 0.126 Loaded shared library C:\Program Files\Zulu\zulu-19\bin\api-ms-win-crt-math-l1-1-0.dll
Event: 0.127 Loaded shared library C:\Program Files\Zulu\zulu-19\bin\api-ms-win-crt-multibyte-l1-1-0.dll
Event: 0.128 Loaded shared library C:\Program Files\Zulu\zulu-19\bin\api-ms-win-crt-private-l1-1-0.dll
Event: 0.129 Loaded shared library C:\Program Files\Zulu\zulu-19\bin\api-ms-win-crt-process-l1-1-0.dll
Event: 0.130 Loaded shared library C:\Program Files\Zulu\zulu-19\bin\api-ms-win-crt-runtime-l1-1-0.dll
Event: 0.131 Loaded shared library C:\Program Files\Zulu\zulu-19\bin\api-ms-win-crt-stdio-l1-1-0.dll
Event: 0.132 Loaded shared library C:\Program Files\Zulu\zulu-19\bin\api-ms-win-crt-string-l1-1-0.dll
Event: 0.134 Loaded shared library C:\Program Files\Zulu\zulu-19\bin\api-ms-win-crt-time-l1-1-0.dll
Event: 0.135 Loaded shared library C:\Program Files\Zulu\zulu-19\bin\api-ms-win-crt-utility-l1-1-0.dll
Event: 0.136 Loaded shared library C:\Program Files\Zulu\zulu-19\bin\ucrtbase.dll
Event: 0.136 Loaded shared library C:\Program Files\Zulu\zulu-19\bin\vcruntime140.dll
Event: 0.137 Loaded shared library C:\Program Files\Zulu\zulu-19\bin\vcruntime140_1.dll
Event: 0.137 Loaded shared library C:\Program Files\Zulu\zulu-19\bin\msvcp140.dll
Event: 0.138 Loaded shared library C:\Program Files\Zulu\zulu-19\bin\msvcp140_1.dll
Event: 0.139 Loaded shared library C:\Program Files\Zulu\zulu-19\bin\msvcp140_2.dll
Event: 0.158 Loaded shared library C:\Program Files\Zulu\zulu-19\bin\prism_d3d.dll
Event: 0.195 Loaded shared library C:\Program Files\Zulu\zulu-19\bin\glass.dll
Event: 0.345 Loaded shared library C:\Program Files\Zulu\zulu-19\bin\javafx_font.dll

Deoptimization events (20 events):
Event: 1.538 Thread 0x000001dcca93c0d0 Uncommon trap: trap_request=0xffffffde fr.pc=0x000001dcb72e2f08 relative=0x0000000000000648
Event: 1.538 Thread 0x000001dcca93c0d0 Uncommon trap: reason=class_check action=maybe_recompile pc=0x000001dcb72e2f08 method=java.io.DataInputStream.readShort()S @ 4 c2
Event: 1.538 Thread 0x000001dcca93c0d0 DEOPT PACKING pc=0x000001dcb72e2f08 sp=0x000000ae82dfc1c0
Event: 1.538 Thread 0x000001dcca93c0d0 DEOPT UNPACKING pc=0x000001dcb6d56da3 sp=0x000000ae82dfc178 mode 2
Event: 1.538 Thread 0x000001dcca93c0d0 Uncommon trap: trap_request=0xffffffde fr.pc=0x000001dcb72e2f08 relative=0x0000000000000648
Event: 1.538 Thread 0x000001dcca93c0d0 Uncommon trap: reason=class_check action=maybe_recompile pc=0x000001dcb72e2f08 method=java.io.DataInputStream.readShort()S @ 4 c2
Event: 1.538 Thread 0x000001dcca93c0d0 DEOPT PACKING pc=0x000001dcb72e2f08 sp=0x000000ae82dfc1c0
Event: 1.538 Thread 0x000001dcca93c0d0 DEOPT UNPACKING pc=0x000001dcb6d56da3 sp=0x000000ae82dfc178 mode 2
Event: 1.538 Thread 0x000001dcca93c0d0 Uncommon trap: trap_request=0xffffffde fr.pc=0x000001dcb72e2f08 relative=0x0000000000000648
Event: 1.538 Thread 0x000001dcca93c0d0 Uncommon trap: reason=class_check action=maybe_recompile pc=0x000001dcb72e2f08 method=java.io.DataInputStream.readShort()S @ 4 c2
Event: 1.538 Thread 0x000001dcca93c0d0 DEOPT PACKING pc=0x000001dcb72e2f08 sp=0x000000ae82dfc1c0
Event: 1.538 Thread 0x000001dcca93c0d0 DEOPT UNPACKING pc=0x000001dcb6d56da3 sp=0x000000ae82dfc178 mode 2
Event: 1.547 Thread 0x000001dcca93c0d0 Uncommon trap: trap_request=0xffffff45 fr.pc=0x000001dcb72e4434 relative=0x00000000000002d4
Event: 1.547 Thread 0x000001dcca93c0d0 Uncommon trap: reason=unstable_if action=reinterpret pc=0x000001dcb72e4434 method=java.util.HashMap.hash(Ljava/lang/Object;)I @ 1 c2
Event: 1.547 Thread 0x000001dcca93c0d0 DEOPT PACKING pc=0x000001dcb72e4434 sp=0x000000ae82dfc690
Event: 1.547 Thread 0x000001dcca93c0d0 DEOPT UNPACKING pc=0x000001dcb6d56da3 sp=0x000000ae82dfc528 mode 2
Event: 1.548 Thread 0x000001dcca93c0d0 Uncommon trap: trap_request=0xffffff45 fr.pc=0x000001dcb72e6148 relative=0x00000000000002e8
Event: 1.548 Thread 0x000001dcca93c0d0 Uncommon trap: reason=unstable_if action=reinterpret pc=0x000001dcb72e6148 method=java.util.HashMap.hash(Ljava/lang/Object;)I @ 1 c2
Event: 1.548 Thread 0x000001dcca93c0d0 DEOPT PACKING pc=0x000001dcb72e6148 sp=0x000000ae82dfc620
Event: 1.548 Thread 0x000001dcca93c0d0 DEOPT UNPACKING pc=0x000001dcb6d56da3 sp=0x000000ae82dfc528 mode 2

Classes loaded (20 events):
Event: 1.440 Loading class java/util/concurrent/ConcurrentLinkedQueue$Node
Event: 1.440 Loading class java/util/concurrent/ConcurrentLinkedQueue$Node done
Event: 1.511 Loading class java/util/TimerTask
Event: 1.512 Loading class java/util/TimerTask done
Event: 1.518 Loading class sun/net/www/protocol/jrt/JavaRuntimeURLConnection
Event: 1.518 Loading class sun/net/www/protocol/jrt/JavaRuntimeURLConnection done
Event: 1.519 Loading class sun/net/www/protocol/jrt/JavaRuntimeURLConnection$1
Event: 1.519 Loading class sun/net/www/protocol/jrt/JavaRuntimeURLConnection$1 done
Event: 1.519 Loading class jdk/internal/jimage/ImageBufferCache
Event: 1.519 Loading class jdk/internal/jimage/ImageBufferCache done
Event: 1.519 Loading class jdk/internal/jimage/ImageBufferCache$1
Event: 1.519 Loading class jdk/internal/jimage/ImageBufferCache$1 done
Event: 1.519 Loading class jdk/internal/jimage/ImageBufferCache$2
Event: 1.519 Loading class jdk/internal/jimage/ImageBufferCache$2 done
Event: 1.546 Loading class java/util/WeakHashMap$Values
Event: 1.546 Loading class java/util/WeakHashMap$Values done
Event: 1.546 Loading class java/util/WeakHashMap$ValueIterator
Event: 1.546 Loading class java/util/WeakHashMap$ValueIterator done
Event: 1.551 Loading class java/util/Scanner
Event: 1.551 Loading class java/util/Scanner done

Classes unloaded (0 events):
No events

Classes redefined (0 events):
No events

Internal exceptions (20 events):
Event: 0.313 Thread 0x000001dcca93c0d0 Exception <a 'java/lang/NoSuchMethodError'{0x00000000890cc1e8}: 'java.lang.Object java.lang.invoke.DirectMethodHandle$Holder.invokeStaticInit(java.lang.Object, java.lang.Object, java.lang.Object, java.lang.Object)'> (0x00000000890cc1e8) 
thrown [s\src\hotspot\share\interpreter\linkResolver.cpp, line 774]
Event: 0.314 Thread 0x000001dcca93c0d0 Exception <a 'java/lang/NullPointerException'{0x00000000890d4da0}> (0x00000000890d4da0) 
thrown [s\src\hotspot\share\interpreter\linkResolver.cpp, line 1374]
Event: 0.442 Thread 0x000001dcca93c0d0 Exception <a 'java/lang/NoSuchMethodError'{0x0000000088dea760}: 'int java.lang.invoke.DirectMethodHandle$Holder.invokeSpecial(java.lang.Object, java.lang.Object, int)'> (0x0000000088dea760) 
thrown [s\src\hotspot\share\interpreter\linkResolver.cpp, line 774]
Event: 0.443 Thread 0x000001dcca93c0d0 Exception <a 'java/lang/NoSuchMethodError'{0x0000000088c066a8}: 'int java.lang.invoke.DirectMethodHandle$Holder.invokeSpecial(java.lang.Object, java.lang.Object, java.lang.Object, int)'> (0x0000000088c066a8) 
thrown [s\src\hotspot\share\interpreter\linkResolver.cpp, line 774]
Event: 0.444 Thread 0x000001dcca93c0d0 Exception <a 'java/lang/NoSuchMethodError'{0x0000000088c18c98}: 'java.lang.Object java.lang.invoke.DirectMethodHandle$Holder.invokeStatic(java.lang.Object, java.lang.Object, java.lang.Object, java.lang.Object, int)'> (0x0000000088c18c98) 
thrown [s\src\hotspot\share\interpreter\linkResolver.cpp, line 774]
Event: 0.444 Thread 0x000001dcca93c0d0 Exception <a 'java/lang/NoSuchMethodError'{0x0000000088c21500}: 'int java.lang.invoke.DirectMethodHandle$Holder.invokeSpecial(java.lang.Object, java.lang.Object, java.lang.Object)'> (0x0000000088c21500) 
thrown [s\src\hotspot\share\interpreter\linkResolver.cpp, line 774]
Event: 0.450 Thread 0x000001dcca93c0d0 Exception <a 'java/lang/NoSuchMethodError'{0x0000000088c46050}: 'java.lang.Object java.lang.invoke.DirectMethodHandle$Holder.newInvokeSpecial(java.lang.Object, java.lang.Object, int)'> (0x0000000088c46050) 
thrown [s\src\hotspot\share\interpreter\linkResolver.cpp, line 774]
Event: 0.470 Thread 0x000001dcca93ab90 Exception <a 'java/lang/NoSuchMethodError'{0x00000000892aa8e8}: 'int java.lang.invoke.DirectMethodHandle$Holder.invokeStaticInit(java.lang.Object, java.lang.Object)'> (0x00000000892aa8e8) 
thrown [s\src\hotspot\share\interpreter\linkResolver.cpp, line 774]
Event: 0.486 Thread 0x000001dcca93ab90 Exception <a 'java/lang/NoSuchMethodError'{0x0000000088c80060}: 'java.lang.Object java.lang.invoke.Invokers$Holder.invokeExact_MT(java.lang.Object, java.lang.Object, java.lang.Object, java.lang.Object, java.lang.Object)'> (0x0000000088c80060) 
thrown [s\src\hotspot\share\interpreter\linkResolver.cpp, line 774]
Event: 0.493 Thread 0x000001dcca93ab90 Exception <a 'java/lang/NoSuchMethodError'{0x0000000088c90ce8}: 'java.lang.Object java.lang.invoke.DirectMethodHandle$Holder.invokeStaticInit(java.lang.Object, int)'> (0x0000000088c90ce8) 
thrown [s\src\hotspot\share\interpreter\linkResolver.cpp, line 774]
Event: 1.440 Thread 0x000001dcca93c0d0 Exception <a 'java/lang/NoSuchMethodError'{0x0000000088b9cdc0}: 'long java.lang.invoke.DirectMethodHandle$Holder.invokeStatic(java.lang.Object, java.lang.Object, java.lang.Object)'> (0x0000000088b9cdc0) 
thrown [s\src\hotspot\share\interpreter\linkResolver.cpp, line 774]
Event: 1.441 Thread 0x000001dcca93c0d0 Exception <a 'java/lang/NoSuchMethodError'{0x0000000088ba0438}: 'long java.lang.invoke.DirectMethodHandle$Holder.invokeStaticInit(java.lang.Object, java.lang.Object, java.lang.Object)'> (0x0000000088ba0438) 
thrown [s\src\hotspot\share\interpreter\linkResolver.cpp, line 774]
Event: 1.442 Thread 0x000001dcca93c0d0 Exception <a 'java/lang/NoSuchMethodError'{0x0000000088bb88d8}: 'java.lang.Object java.lang.invoke.DirectMethodHandle$Holder.newInvokeSpecial(java.lang.Object, java.lang.Object, long)'> (0x0000000088bb88d8) 
thrown [s\src\hotspot\share\interpreter\linkResolver.cpp, line 774]
Event: 1.443 Thread 0x000001dcca93c0d0 Exception <a 'java/lang/NoSuchMethodError'{0x0000000088bbc460}: 'java.lang.Object java.lang.invoke.Invokers$Holder.linkToTargetMethod(java.lang.Object, long, java.lang.Object)'> (0x0000000088bbc460) 
thrown [s\src\hotspot\share\interpreter\linkResolver.cpp, line 774]
Event: 1.515 Thread 0x000001dcca93c0d0 Exception <a 'java/lang/ClassNotFoundException'{0x0000000088be0b08}: com/sun/glass/ui/win/themes> (0x0000000088be0b08) 
thrown [s\src\hotspot\share\prims\jni.cpp, line 536]
Event: 1.515 Thread 0x000001dcca93c0d0 Exception <a 'java/lang/ClassNotFoundException'{0x0000000088be87d0}: com/sun/glass/ui/win/themes_es> (0x0000000088be87d0) 
thrown [s\src\hotspot\share\prims\jni.cpp, line 536]
Event: 1.515 Thread 0x000001dcca93c0d0 Exception <a 'java/lang/ClassNotFoundException'{0x0000000088bf0570}: com/sun/glass/ui/win/themes_es_CR> (0x0000000088bf0570) 
thrown [s\src\hotspot\share\prims\jni.cpp, line 536]
Event: 1.547 Thread 0x000001dcca93c0d0 Implicit null exception at 0x000001dcb72e41af to 0x000001dcb72e4418
Event: 1.548 Thread 0x000001dcca93c0d0 Implicit null exception at 0x000001dcb72e5eac to 0x000001dcb72e6130
Event: 1.548 Thread 0x000001dcca93c0d0 Exception <a 'java/lang/NoSuchMethodError'{0x00000000888489e8}: 'void java.lang.invoke.DirectMethodHandle$Holder.invokeStaticInit(java.lang.Object, java.lang.Object)'> (0x00000000888489e8) 
thrown [s\src\hotspot\share\interpreter\linkResolver.cpp, line 774]

VM Operations (8 events):
Event: 0.193 Executing VM operation: HandshakeAllThreads
Event: 0.193 Executing VM operation: HandshakeAllThreads done
Event: 0.394 Executing VM operation: HandshakeAllThreads
Event: 0.394 Executing VM operation: HandshakeAllThreads done
Event: 1.394 Executing VM operation: Cleanup
Event: 1.394 Executing VM operation: Cleanup done
Event: 1.519 Executing VM operation: HandshakeAllThreads
Event: 1.519 Executing VM operation: HandshakeAllThreads done

Events (19 events):
Event: 0.014 Thread 0x000001dca6557180 Thread added: 0x000001dca6557180
Event: 0.024 Thread 0x000001dcc64bc540 Thread added: 0x000001dcc64bc540
Event: 0.024 Thread 0x000001dcc64bee80 Thread added: 0x000001dcc64bee80
Event: 0.024 Thread 0x000001dcc64bf7b0 Thread added: 0x000001dcc64bf7b0
Event: 0.024 Thread 0x000001dcc64c00e0 Thread added: 0x000001dcc64c00e0
Event: 0.024 Thread 0x000001dcc64c0a10 Thread added: 0x000001dcc64c0a10
Event: 0.024 Thread 0x000001dcc64c7060 Thread added: 0x000001dcc64c7060
Event: 0.024 Thread 0x000001dcc64d9a30 Thread added: 0x000001dcc64d9a30
Event: 0.024 Thread 0x000001dcc64fdfe0 Thread added: 0x000001dcc64fdfe0
Event: 0.024 Thread 0x000001dcc6508560 Thread added: 0x000001dcc6508560
Event: 0.037 Thread 0x000001dcca93a0f0 Thread added: 0x000001dcca93a0f0
Event: 0.040 Thread 0x000001dcca93a640 Thread added: 0x000001dcca93a640
Event: 0.154 Thread 0x000001dcca93ab90 Thread added: 0x000001dcca93ab90
Event: 0.197 Thread 0x000001dcca939100 Thread added: 0x000001dcca939100
Event: 0.199 Thread 0x000001dcca93c0d0 Thread added: 0x000001dcca93c0d0
Event: 0.293 Thread 0x000001dcca93b0e0 Thread added: 0x000001dcca93b0e0
Event: 0.303 Thread 0x000001dcca93bb80 Thread added: 0x000001dcca93bb80
Event: 0.357 Thread 0x000001dcca93b630 Thread added: 0x000001dcca93b630
Event: 1.530 Thread 0x000001dccb749230 Thread added: 0x000001dccb749230


Dynamic libraries:
0x00007ff7ceec0000 - 0x00007ff7ceece000 	C:\Program Files\Zulu\zulu-19\bin\java.exe
0x00007ffa972f0000 - 0x00007ffa97504000 	C:\WINDOWS\SYSTEM32\ntdll.dll
0x00007ffa96a30000 - 0x00007ffa96af2000 	C:\WINDOWS\System32\KERNEL32.DLL
0x00007ffa94a90000 - 0x00007ffa94e2c000 	C:\WINDOWS\System32\KERNELBASE.dll
0x00007ffa94730000 - 0x00007ffa94841000 	C:\WINDOWS\System32\ucrtbase.dll
0x00007ffa8dd20000 - 0x00007ffa8dd37000 	C:\Program Files\Zulu\zulu-19\bin\jli.dll
0x00007ffa78be0000 - 0x00007ffa78bfb000 	C:\Program Files\Zulu\zulu-19\bin\VCRUNTIME140.dll
0x00007ffa95ee0000 - 0x00007ffa9608b000 	C:\WINDOWS\System32\USER32.dll
0x00007ffa7c330000 - 0x00007ffa7c5be000 	C:\WINDOWS\WinSxS\amd64_microsoft.windows.common-controls_6595b64144ccf1df_6.0.22621.608_none_a9444ca7c10bb01d\COMCTL32.dll
0x00007ffa94a60000 - 0x00007ffa94a86000 	C:\WINDOWS\System32\win32u.dll
0x00007ffa97200000 - 0x00007ffa972a7000 	C:\WINDOWS\System32\msvcrt.dll
0x00007ffa97050000 - 0x00007ffa97079000 	C:\WINDOWS\System32\GDI32.dll
0x00007ffa94f70000 - 0x00007ffa95083000 	C:\WINDOWS\System32\gdi32full.dll
0x00007ffa949c0000 - 0x00007ffa94a5a000 	C:\WINDOWS\System32\msvcp_win.dll
0x00007ffa95ea0000 - 0x00007ffa95ed1000 	C:\WINDOWS\System32\IMM32.DLL
0x00007ffa8e210000 - 0x00007ffa8e21c000 	C:\Program Files\Zulu\zulu-19\bin\vcruntime140_1.dll
0x00007ffa43e00000 - 0x00007ffa43e8d000 	C:\Program Files\Zulu\zulu-19\bin\msvcp140.dll
0x00007ffa36e30000 - 0x00007ffa37b37000 	C:\Program Files\Zulu\zulu-19\bin\server\jvm.dll
0x00007ffa970d0000 - 0x00007ffa9717e000 	C:\WINDOWS\System32\ADVAPI32.dll
0x00007ffa95d60000 - 0x00007ffa95e04000 	C:\WINDOWS\System32\sechost.dll
0x00007ffa95c20000 - 0x00007ffa95d35000 	C:\WINDOWS\System32\RPCRT4.dll
0x00007ffa8ce90000 - 0x00007ffa8cec4000 	C:\WINDOWS\SYSTEM32\WINMM.dll
0x00007ffa8f920000 - 0x00007ffa8f929000 	C:\WINDOWS\SYSTEM32\WSOCK32.dll
0x00007ffa8ce00000 - 0x00007ffa8ce0a000 	C:\WINDOWS\SYSTEM32\VERSION.dll
0x00007ffa95620000 - 0x00007ffa95691000 	C:\WINDOWS\System32\WS2_32.dll
0x00007ffa93790000 - 0x00007ffa937a8000 	C:\WINDOWS\SYSTEM32\kernel.appcore.dll
0x00007ffa8e190000 - 0x00007ffa8e19a000 	C:\Program Files\Zulu\zulu-19\bin\jimage.dll
0x00007ffa920e0000 - 0x00007ffa9230e000 	C:\WINDOWS\SYSTEM32\DBGHELP.DLL
0x00007ffa95790000 - 0x00007ffa95b19000 	C:\WINDOWS\System32\combase.dll
0x00007ffa95160000 - 0x00007ffa95237000 	C:\WINDOWS\System32\OLEAUT32.dll
0x00007ffa764d0000 - 0x00007ffa76502000 	C:\WINDOWS\SYSTEM32\dbgcore.DLL
0x00007ffa94e30000 - 0x00007ffa94eab000 	C:\WINDOWS\System32\bcryptPrimitives.dll
0x00007ffa766b0000 - 0x00007ffa766d6000 	C:\Program Files\Zulu\zulu-19\bin\java.dll
0x00007ffa43d20000 - 0x00007ffa43df7000 	C:\Program Files\Zulu\zulu-19\bin\jsvml.dll
0x00007ffa960a0000 - 0x00007ffa96890000 	C:\WINDOWS\System32\SHELL32.dll
0x00007ffa92750000 - 0x00007ffa9301d000 	C:\WINDOWS\SYSTEM32\windows.storage.dll
0x00007ffa92610000 - 0x00007ffa9274e000 	C:\WINDOWS\SYSTEM32\wintypes.dll
0x00007ffa95360000 - 0x00007ffa95451000 	C:\WINDOWS\System32\SHCORE.dll
0x00007ffa956b0000 - 0x00007ffa9570e000 	C:\WINDOWS\System32\shlwapi.dll
0x00007ffa94660000 - 0x00007ffa94681000 	C:\WINDOWS\SYSTEM32\profapi.dll
0x00007ffa78bc0000 - 0x00007ffa78bd3000 	C:\Program Files\Zulu\zulu-19\bin\net.dll
0x00007ffa8d990000 - 0x00007ffa8dac7000 	C:\WINDOWS\SYSTEM32\WINHTTP.dll
0x00007ffa93c00000 - 0x00007ffa93c69000 	C:\WINDOWS\system32\mswsock.dll
0x00007ffa76720000 - 0x00007ffa76736000 	C:\Program Files\Zulu\zulu-19\bin\nio.dll
0x00007ffa6e8a0000 - 0x00007ffa6e8b8000 	C:\Program Files\Zulu\zulu-19\bin\zip.dll
0x000001dca4550000 - 0x000001dca4554000 	C:\Program Files\Zulu\zulu-19\bin\api-ms-win-core-console-l1-1-0.dll
0x000001dca4560000 - 0x000001dca4564000 	C:\Program Files\Zulu\zulu-19\bin\api-ms-win-core-console-l1-2-0.dll
0x000001dca6450000 - 0x000001dca6454000 	C:\Program Files\Zulu\zulu-19\bin\api-ms-win-core-datetime-l1-1-0.dll
0x000001dca6460000 - 0x000001dca6464000 	C:\Program Files\Zulu\zulu-19\bin\api-ms-win-core-debug-l1-1-0.dll
0x000001dca6470000 - 0x000001dca6474000 	C:\Program Files\Zulu\zulu-19\bin\api-ms-win-core-errorhandling-l1-1-0.dll
0x000001dca6480000 - 0x000001dca6485000 	C:\Program Files\Zulu\zulu-19\bin\api-ms-win-core-file-l1-1-0.dll
0x000001dca6490000 - 0x000001dca6494000 	C:\Program Files\Zulu\zulu-19\bin\api-ms-win-core-file-l1-2-0.dll
0x000001dca64a0000 - 0x000001dca64a4000 	C:\Program Files\Zulu\zulu-19\bin\api-ms-win-core-file-l2-1-0.dll
0x000001dca64b0000 - 0x000001dca64b4000 	C:\Program Files\Zulu\zulu-19\bin\api-ms-win-core-handle-l1-1-0.dll
0x000001dca64c0000 - 0x000001dca64c4000 	C:\Program Files\Zulu\zulu-19\bin\api-ms-win-core-heap-l1-1-0.dll
0x000001dca64d0000 - 0x000001dca64d4000 	C:\Program Files\Zulu\zulu-19\bin\api-ms-win-core-interlocked-l1-1-0.dll
0x000001dca64e0000 - 0x000001dca64e4000 	C:\Program Files\Zulu\zulu-19\bin\api-ms-win-core-libraryloader-l1-1-0.dll
0x000001dca64f0000 - 0x000001dca64f4000 	C:\Program Files\Zulu\zulu-19\bin\api-ms-win-core-localization-l1-2-0.dll
0x000001dca6500000 - 0x000001dca6504000 	C:\Program Files\Zulu\zulu-19\bin\api-ms-win-core-memory-l1-1-0.dll
0x000001dca6510000 - 0x000001dca6514000 	C:\Program Files\Zulu\zulu-19\bin\api-ms-win-core-namedpipe-l1-1-0.dll
0x000001dcc6640000 - 0x000001dcc6644000 	C:\Program Files\Zulu\zulu-19\bin\api-ms-win-core-processenvironment-l1-1-0.dll
0x000001dcc6650000 - 0x000001dcc6654000 	C:\Program Files\Zulu\zulu-19\bin\api-ms-win-core-processthreads-l1-1-0.dll
0x000001dcc6660000 - 0x000001dcc6664000 	C:\Program Files\Zulu\zulu-19\bin\api-ms-win-core-processthreads-l1-1-1.dll
0x000001dcc6670000 - 0x000001dcc6674000 	C:\Program Files\Zulu\zulu-19\bin\api-ms-win-core-profile-l1-1-0.dll
0x000001dcc6680000 - 0x000001dcc6684000 	C:\Program Files\Zulu\zulu-19\bin\api-ms-win-core-rtlsupport-l1-1-0.dll
0x000001dcc6690000 - 0x000001dcc6694000 	C:\Program Files\Zulu\zulu-19\bin\api-ms-win-core-string-l1-1-0.dll
0x000001dcc66a0000 - 0x000001dcc66a4000 	C:\Program Files\Zulu\zulu-19\bin\api-ms-win-core-synch-l1-1-0.dll
0x000001dcc66b0000 - 0x000001dcc66b4000 	C:\Program Files\Zulu\zulu-19\bin\api-ms-win-core-synch-l1-2-0.dll
0x000001dcc66c0000 - 0x000001dcc66c4000 	C:\Program Files\Zulu\zulu-19\bin\api-ms-win-core-sysinfo-l1-1-0.dll
0x000001dcc66d0000 - 0x000001dcc66d4000 	C:\Program Files\Zulu\zulu-19\bin\api-ms-win-core-timezone-l1-1-0.dll
0x000001dcc66e0000 - 0x000001dcc66e4000 	C:\Program Files\Zulu\zulu-19\bin\api-ms-win-core-util-l1-1-0.dll
0x000001dcc66f0000 - 0x000001dcc66f4000 	C:\Program Files\Zulu\zulu-19\bin\api-ms-win-crt-conio-l1-1-0.dll
0x000001dcc6700000 - 0x000001dcc6705000 	C:\Program Files\Zulu\zulu-19\bin\api-ms-win-crt-convert-l1-1-0.dll
0x000001dcc6710000 - 0x000001dcc6714000 	C:\Program Files\Zulu\zulu-19\bin\api-ms-win-crt-environment-l1-1-0.dll
0x000001dcc6720000 - 0x000001dcc6724000 	C:\Program Files\Zulu\zulu-19\bin\api-ms-win-crt-filesystem-l1-1-0.dll
0x000001dcc6730000 - 0x000001dcc6734000 	C:\Program Files\Zulu\zulu-19\bin\api-ms-win-crt-heap-l1-1-0.dll
0x000001dcc6740000 - 0x000001dcc6744000 	C:\Program Files\Zulu\zulu-19\bin\api-ms-win-crt-locale-l1-1-0.dll
0x000001dcc6750000 - 0x000001dcc6756000 	C:\Program Files\Zulu\zulu-19\bin\api-ms-win-crt-math-l1-1-0.dll
0x000001dcc6760000 - 0x000001dcc6766000 	C:\Program Files\Zulu\zulu-19\bin\api-ms-win-crt-multibyte-l1-1-0.dll
0x000001dcc6770000 - 0x000001dcc6781000 	C:\Program Files\Zulu\zulu-19\bin\api-ms-win-crt-private-l1-1-0.dll
0x000001dcc6790000 - 0x000001dcc6794000 	C:\Program Files\Zulu\zulu-19\bin\api-ms-win-crt-process-l1-1-0.dll
0x000001dcc67a0000 - 0x000001dcc67a5000 	C:\Program Files\Zulu\zulu-19\bin\api-ms-win-crt-runtime-l1-1-0.dll
0x000001dcc67b0000 - 0x000001dcc67b5000 	C:\Program Files\Zulu\zulu-19\bin\api-ms-win-crt-stdio-l1-1-0.dll
0x000001dcc67c0000 - 0x000001dcc67c5000 	C:\Program Files\Zulu\zulu-19\bin\api-ms-win-crt-string-l1-1-0.dll
0x000001dcc67d0000 - 0x000001dcc67d4000 	C:\Program Files\Zulu\zulu-19\bin\api-ms-win-crt-time-l1-1-0.dll
0x000001dcc67e0000 - 0x000001dcc67e4000 	C:\Program Files\Zulu\zulu-19\bin\api-ms-win-crt-utility-l1-1-0.dll
0x00007ffa43c10000 - 0x00007ffa43d20000 	C:\Program Files\Zulu\zulu-19\bin\ucrtbase.dll
0x00007ffa8df80000 - 0x00007ffa8df89000 	C:\Program Files\Zulu\zulu-19\bin\msvcp140_1.dll
0x00007ffa67c00000 - 0x00007ffa67c2f000 	C:\Program Files\Zulu\zulu-19\bin\msvcp140_2.dll
0x00007ffa622c0000 - 0x00007ffa622ec000 	C:\Program Files\Zulu\zulu-19\bin\prism_d3d.dll
0x00007ffa85410000 - 0x00007ffa855b9000 	C:\WINDOWS\system32\d3d9.dll
0x00007ffa91cd0000 - 0x00007ffa91cfb000 	C:\WINDOWS\SYSTEM32\dwmapi.dll
0x00007ffa91a90000 - 0x00007ffa91ac6000 	C:\WINDOWS\SYSTEM32\dxcore.dll
0x00007ffa91990000 - 0x00007ffa91a3b000 	C:\WINDOWS\system32\uxtheme.dll
0x00007ffa83fa0000 - 0x00007ffa840b7000 	C:\WINDOWS\System32\DriverStore\FileRepository\nvlt.inf_amd64_7947c31fc944635c\nvldumdx.dll
0x00007ffa943d0000 - 0x00007ffa943e2000 	C:\WINDOWS\SYSTEM32\msasn1.dll
0x00007ffa8c0c0000 - 0x00007ffa8c0f2000 	C:\WINDOWS\SYSTEM32\cryptnet.dll
0x00007ffa94850000 - 0x00007ffa949b6000 	C:\WINDOWS\System32\CRYPT32.dll
0x00007ffa8bf20000 - 0x00007ffa8c078000 	C:\WINDOWS\SYSTEM32\drvstore.dll
0x00007ffa943f0000 - 0x00007ffa9441c000 	C:\WINDOWS\SYSTEM32\devobj.dll
0x00007ffa94420000 - 0x00007ffa9446e000 	C:\WINDOWS\SYSTEM32\cfgmgr32.dll
0x00007ffa93f70000 - 0x00007ffa93fb8000 	C:\WINDOWS\SYSTEM32\wldp.dll
0x00007ffa93ee0000 - 0x00007ffa93eec000 	C:\WINDOWS\SYSTEM32\cryptbase.dll
0x00007ffa95090000 - 0x00007ffa950fb000 	C:\WINDOWS\System32\WINTRUST.DLL
0x00007ffa95d40000 - 0x00007ffa95d5f000 	C:\WINDOWS\System32\imagehlp.dll
0x00007ffa93ec0000 - 0x00007ffa93edb000 	C:\WINDOWS\SYSTEM32\CRYPTSP.dll
0x00007ffa93700000 - 0x00007ffa93735000 	C:\WINDOWS\system32\rsaenh.dll
0x00007ffa94090000 - 0x00007ffa940b8000 	C:\WINDOWS\SYSTEM32\bcrypt.dll
0x00007ffa31710000 - 0x00007ffa32f1a000 	C:\WINDOWS\System32\DriverStore\FileRepository\nvlt.inf_amd64_7947c31fc944635c\nvd3dumx.dll
0x00007ffa8d750000 - 0x00007ffa8d798000 	C:\WINDOWS\SYSTEM32\directxdatabasehelper.dll
0x00007ffa5e6d0000 - 0x00007ffa5e712000 	C:\Program Files\Zulu\zulu-19\bin\glass.dll
0x00007ffa95b20000 - 0x00007ffa95c17000 	C:\WINDOWS\System32\COMDLG32.dll
0x00007ffa96890000 - 0x00007ffa96a2c000 	C:\WINDOWS\System32\ole32.dll
0x00007ffa95240000 - 0x00007ffa9535e000 	C:\WINDOWS\System32\MSCTF.dll
0x00007ffa4c6b0000 - 0x00007ffa4c967000 	C:\WINDOWS\system32\nvspcap64.dll
0x00007ffa937b0000 - 0x00007ffa937e4000 	C:\WINDOWS\SYSTEM32\ntmarta.dll
0x00007ffa93c90000 - 0x00007ffa93cb6000 	C:\WINDOWS\SYSTEM32\gpapi.dll
0x00007ffa6d510000 - 0x00007ffa6d524000 	C:\Program Files\Zulu\zulu-19\bin\javafx_font.dll
0x00007ffa902b0000 - 0x00007ffa90517000 	C:\WINDOWS\SYSTEM32\dwrite.dll
0x00007ffa96f90000 - 0x00007ffa97040000 	C:\WINDOWS\System32\clbcatq.dll
0x00007ffa8fd10000 - 0x00007ffa8fec0000 	C:\WINDOWS\SYSTEM32\WindowsCodecs.dll
0x00007ffa62ac0000 - 0x00007ffa62b1e000 	C:\WINDOWS\system32\dataexchange.dll
0x00007ffa84f80000 - 0x00007ffa851ea000 	C:\WINDOWS\system32\twinapi.appcore.dll
0x00007ffa4f850000 - 0x00007ffa4f882000 	C:\Program Files\Common Files\Microsoft Shared\Ink\rtscom.dll
0x00007ffa83e70000 - 0x00007ffa83f9e000 	C:\WINDOWS\SYSTEM32\textinputframework.dll
0x00007ffa913d0000 - 0x00007ffa91503000 	C:\WINDOWS\SYSTEM32\CoreMessaging.dll
0x00007ffa8c9f0000 - 0x00007ffa8cd5c000 	C:\WINDOWS\SYSTEM32\CoreUIComponents.dll
0x00007ffa90520000 - 0x00007ffa90ae1000 	C:\WINDOWS\SYSTEM32\d2d1.dll

dbghelp: loaded successfully - version: 4.0.5 - missing functions: none
symbol engine: initialized successfully - sym options: 0x614 - pdb path: .;C:\Program Files\Zulu\zulu-19\bin;C:\WINDOWS\SYSTEM32;C:\WINDOWS\WinSxS\amd64_microsoft.windows.common-controls_6595b64144ccf1df_6.0.22621.608_none_a9444ca7c10bb01d;C:\Program Files\Zulu\zulu-19\bin\server;C:\WINDOWS\System32\DriverStore\FileRepository\nvlt.inf_amd64_7947c31fc944635c;C:\Program Files\Common Files\Microsoft Shared\Ink

VM Arguments:
jvm_args: -Dfile.encoding=UTF-8 
java_command: GameMenuDemo
java_class_path (initial): C:\Users\ulise\Desktop\TEC\Algoritmos y estructura de datos I\BuscaMinas\ventana busca minas\lib\rxtx-2.1-7r2;C:\Users\ulise\Downloads\RXTXcomm.jar;C:\Users\ulise\Downloads\jSerialComm-2.9.3.zip;C:\Users\ulise\Downloads\jSerialComm-2.9.3.jar;C:\Users\ulise\Desktop\TEC\Algoritmos y estructura de datos I\BuscaMinas\ventana busca minas\build\classes
Launcher Type: SUN_STANDARD

[Global flags]
     intx CICompilerCount                          = 4                                         {product} {ergonomic}
     uint ConcGCThreads                            = 3                                         {product} {ergonomic}
     uint G1ConcRefinementThreads                  = 10                                        {product} {ergonomic}
   size_t G1HeapRegionSize                         = 1048576                                   {product} {ergonomic}
    uintx GCDrainStackTargetSize                   = 64                                        {product} {ergonomic}
   size_t InitialHeapSize                          = 134217728                                 {product} {ergonomic}
   size_t MarkStackSize                            = 4194304                                   {product} {ergonomic}
   size_t MaxHeapSize                              = 2124414976                                {product} {ergonomic}
   size_t MaxNewSize                               = 1274019840                                {product} {ergonomic}
   size_t MinHeapDeltaBytes                        = 1048576                                   {product} {ergonomic}
   size_t MinHeapSize                              = 8388608                                   {product} {ergonomic}
    uintx NonNMethodCodeHeapSize                   = 5839372                                {pd product} {ergonomic}
    uintx NonProfiledCodeHeapSize                  = 122909434                              {pd product} {ergonomic}
    uintx ProfiledCodeHeapSize                     = 122909434                              {pd product} {ergonomic}
    uintx ReservedCodeCacheSize                    = 251658240                              {pd product} {ergonomic}
     bool SegmentedCodeCache                       = true                                      {product} {ergonomic}
   size_t SoftMaxHeapSize                          = 2124414976                             {manageable} {ergonomic}
     bool UseCompressedClassPointers               = true                           {product lp64_product} {ergonomic}
     bool UseCompressedOops                        = true                           {product lp64_product} {ergonomic}
     bool UseG1GC                                  = true                                      {product} {ergonomic}
     bool UseLargePagesIndividualAllocation        = false                                  {pd product} {ergonomic}

Logging:
Log output configuration:
 #0: stdout all=warning uptime,level,tags foldmultilines=false
 #1: stderr all=off uptime,level,tags foldmultilines=false

Environment Variables:
PATH=C:\Program Files\Zulu\zulu-19\bin\;C:\Program Files\Common Files\Oracle\Java\javapath;C:\Program Files (x86)\Common Files\Oracle\Java\javapath;C:\Windows\system32;C:\Windows;C:\Windows\System32\Wbem;C:\Windows\System32\WindowsPowerShell\v1.0\;C:\Windows\System32\OpenSSH\;C:\Program Files (x86)\NVIDIA Corporation\PhysX\Common;C:\Program Files\NVIDIA Corporation\NVIDIA NvDLISR;C:\WINDOWS\system32;C:\WINDOWS;C:\WINDOWS\System32\Wbem;C:\WINDOWS\System32\WindowsPowerShell\v1.0\;C:\WINDOWS\System32\OpenSSH\;C:\Program Files\nodejs\;C:\Program Files\Git\cmd;C:\Users\ulise\AppData\Local\Microsoft\WindowsApps;C:\Users\ulise\AppData\Local\Programs\Microsoft VS Code\bin;C:\Users\ulise\AppData\Roaming\npm;C:\Users\ulise\AppData\Local\GitHubDesktop\bin
USERNAME=ulise
OS=Windows_NT
PROCESSOR_IDENTIFIER=Intel64 Family 6 Model 165 Stepping 2, GenuineIntel
TMP=C:\Users\ulise\AppData\Local\Temp
TEMP=C:\Users\ulise\AppData\Local\Temp



---------------  S Y S T E M  ---------------

OS:
 Windows 11 , 64 bit Build 22621 (10.0.22621.1485)
OS uptime: 0 days 11:22 hours

CPU: total 12 (initial active 12) (6 cores per cpu, 2 threads per core) family 6 model 165 stepping 2 microcode 0xe2, cx8, cmov, fxsr, ht, mmx, 3dnowpref, sse, sse2, sse3, ssse3, sse4.1, sse4.2, popcnt, lzcnt, tsc, tscinvbit, avx, avx2, aes, erms, clmul, bmi1, bmi2, adx, fma, vzeroupper, clflush, clflushopt, rdtscp

Memory: 4k page, system-wide physical 8099M (913M free)
TotalPageFile size 12195M (AvailPageFile size 4M)
current process WorkingSet (physical memory assigned to process): 99M, peak: 99M
current process commit charge ("private bytes"): 266M, peak: 266M

vm_info: OpenJDK 64-Bit Server VM (19.0.2+7) for windows-amd64 JRE (19.0.2+7) (Zulu19.32+15-CA), built on Dec 28 2022 19:25:40 by "zulu_re" with MS VC++ 16.10 / 16.11 (VS2019)

END.
